#
# A fatal error has been detected by the Java Runtime Environment:
#
#  EXCEPTION_ACCESS_VIOLATION (0xc0000005) at pc=0x000000005d95584a, pid=14452, tid=0x0000000000003b1c
#
# JRE version: Java(TM) SE Runtime Environment (8.0_121-b13) (build 1.8.0_121-b13)
# Java VM: Java HotSpot(TM) 64-Bit Server VM (25.121-b13 mixed mode windows-amd64 compressed oops)
# Problematic frame:
# C  [glass.dll+0x2584a]
#
# Failed to write core dump. Minidumps are not enabled by default on client versions of Windows
#
# If you would like to submit a bug report, please visit:
#   http://bugreport.java.com/bugreport/crash.jsp
#

---------------  T H R E A D  ---------------

Current thread (0x00000000170f6800):  VMThread [stack: 0x00000000181a0000,0x00000000182a0000] [id=15132]

siginfo: ExceptionCode=0xc0000005, reading address 0x0000000000000000

Registers:
RAX=0x0000000000000000, RBX=0x0000000019ab4cf0, RCX=0x00000000170f6800, RDX=0x0000000019ab4cf0
RSP=0x000000001829f3c0, RBP=0x00000000005d3460, RSI=0x0000000000000001, RDI=0x0000000000000000
R8 =0x0000000000010002, R9 =0x00000000005d3460, R10=0x0000000000000000, R11=0x0000000000000246
R12=0x00000000005d3490, R13=0x00000000005d3460, R14=0x00000000005d3470, R15=0x0000000000000000
RIP=0x000000005d95584a, EFLAGS=0x0000000000010206

Top of Stack: (sp=0x000000001829f3c0)
0x000000001829f3c0:   0000000000000000 000000005d955900
0x000000001829f3d0:   0000000000000000 00000000005d3460
0x000000001829f3e0:   000000005d955830 000000005d953224
0x000000001829f3f0:   000000005d9691b0 00007ffa922b43a1
0x000000001829f400:   0000000000000001 000000000068e3d0
0x000000001829f410:   000000005d953384 000000005d930000
0x000000001829f420:   00007ffa183c31b0 000000005d9534a6
0x000000001829f430:   0000000000000001 0000000017005500
0x000000001829f440:   0000000000000000 0000000000000000
0x000000001829f450:   c000000500000001 000000001829e550
0x000000001829f460:   000000005d953384 00007ffa1829a35f
0x000000001829f470:   0000000000000000 0000000000000001
0x000000001829f480:   000000005d930000 0000000000000000
0x000000001829f490:   0000499bbf10b8b0 00000000005b5670
0x000000001829f4a0:   00007ffa158c4200 0000000002396200
0x000000001829f4b0:   0000000002396200 00000000005b9640 

Instructions: (pc=0x000000005d95584a)
0x000000005d95582a:   83 c4 20 5d c3 cc 40 53 48 83 ec 20 48 8b 1d cb
0x000000005d95583a:   5b 01 00 48 85 db 74 1a e8 19 93 ff ff 48 8b d3
0x000000005d95584a:   4c 8b 00 48 8b c8 48 83 c4 20 5b 49 ff a0 b0 00
0x000000005d95585a:   00 00 48 83 c4 20 5b c3 cc cc cc cc cc cc cc cc 


Register to memory mapping:

RAX=0x0000000000000000 is an unknown value
RBX=0x0000000019ab4cf0 is a global jni handle
RCX=0x00000000170f6800 is an unknown value
RDX=0x0000000019ab4cf0 is a global jni handle
RSP=0x000000001829f3c0 is an unknown value
RBP=0x00000000005d3460 is an unknown value
RSI=0x0000000000000001 is an unknown value
RDI=0x0000000000000000 is an unknown value
R8 =0x0000000000010002 is an unknown value
R9 =0x00000000005d3460 is an unknown value
R10=0x0000000000000000 is an unknown value
R11=0x0000000000000246 is an unknown value
R12=0x00000000005d3490 is an unknown value
R13=0x00000000005d3460 is an unknown value
R14=0x00000000005d3470 is an unknown value
R15=0x0000000000000000 is an unknown value


Stack: [0x00000000181a0000,0x00000000182a0000],  sp=0x000000001829f3c0,  free space=1020k
Native frames: (J=compiled Java code, j=interpreted, Vv=VM code, C=native code)
C  [glass.dll+0x2584a]
C  [glass.dll+0x23224]
C  [glass.dll+0x234a6]
C  [ntdll.dll+0x2a35f]
C  [ntdll.dll+0x806b]
C  [ntdll.dll+0x7d94]
C  [KERNEL32.DLL+0x1ce6a]
C  [msvcr100.dll+0x20ccd]
V  [jvm.dll+0x212cb5]
V  [jvm.dll+0x24bd17]
V  [jvm.dll+0x24afb6]
V  [jvm.dll+0x24b451]
V  [jvm.dll+0x24b66e]
V  [jvm.dll+0x29c69a]
C  [msvcr100.dll+0x21d9f]
C  [msvcr100.dll+0x21e3b]
C  [KERNEL32.DLL+0x8364]
C  [ntdll.dll+0x670d1]

VM_Operation (0x000000001944ad60): Exit, mode: safepoint, requested by thread 0x0000000018d83000


---------------  P R O C E S S  ---------------

Java Threads: ( => current thread )
  0x0000000020713800 JavaThread "Glass/Prism Shutdown Hook" [_thread_blocked, id=6064, stack(0x000000002c0d0000,0x000000002c1d0000)]
  0x0000000020710000 JavaThread "Keep-Alive-Timer" daemon [_thread_blocked, id=15612, stack(0x0000000029270000,0x0000000029370000)]
  0x0000000020715000 JavaThread "SessionValidationThread-1" daemon [_thread_blocked, id=6856, stack(0x0000000029070000,0x0000000029170000)]
  0x0000000020711800 JavaThread "TubeSockWriter-2" [_thread_blocked, id=9948, stack(0x0000000023fc0000,0x00000000240c0000)]
  0x0000000020713000 JavaThread "TubeSockReader-2" [_thread_in_native, id=9048, stack(0x0000000023ac0000,0x0000000023bc0000)]
  0x000000002070e800 JavaThread "pool-6-thread-1" [_thread_blocked, id=16824, stack(0x00000000225f0000,0x00000000226f0000)]
  0x0000000020710800 JavaThread "Prism Font Disposer" daemon [_thread_blocked, id=6732, stack(0x0000000021af0000,0x0000000021bf0000)]
  0x000000001985b000 JavaThread "pool-5-thread-2" [_thread_blocked, id=7776, stack(0x000000001eae0000,0x000000001ebe0000)]
  0x0000000019960000 JavaThread "FirebaseDatabaseEventTarget" daemon [_thread_blocked, id=16396, stack(0x000000001e7e0000,0x000000001e8e0000)]
  0x00000000197f4800 JavaThread "pool-5-thread-1" [_thread_blocked, id=13320, stack(0x000000001e6e0000,0x000000001e7e0000)]
  0x0000000019618000 JavaThread "FirebaseDatabaseWorker" daemon [_thread_blocked, id=6416, stack(0x000000001e3e0000,0x000000001e4e0000)]
  0x00000000194bf000 JavaThread "JavaFX-Launcher" [_thread_blocked, id=14192, stack(0x000000001e2e0000,0x000000001e3e0000)]
  0x000000001945f800 JavaThread "Thread-2" daemon [_thread_in_native, id=12504, stack(0x000000001e1e0000,0x000000001e2e0000)]
  0x0000000018d83000 JavaThread "JavaFX Application Thread" [_thread_blocked, id=7428, stack(0x0000000019350000,0x0000000019450000)]
  0x0000000018d66000 JavaThread "Thread-1" daemon [_thread_blocked, id=14064, stack(0x0000000019250000,0x0000000019350000)]
  0x0000000018d58000 JavaThread "QuantumRenderer-0" daemon [_thread_blocked, id=924, stack(0x0000000018fa0000,0x00000000190a0000)]
  0x00000000189c8800 JavaThread "Service Thread" daemon [_thread_blocked, id=15428, stack(0x0000000018da0000,0x0000000018ea0000)]
  0x0000000017139000 JavaThread "C1 CompilerThread2" daemon [_thread_blocked, id=11672, stack(0x00000000188a0000,0x00000000189a0000)]
  0x0000000017134800 JavaThread "C2 CompilerThread1" daemon [_thread_blocked, id=2860, stack(0x00000000187a0000,0x00000000188a0000)]
  0x0000000017130000 JavaThread "C2 CompilerThread0" daemon [_thread_blocked, id=10268, stack(0x00000000186a0000,0x00000000187a0000)]
  0x000000001712e800 JavaThread "Attach Listener" daemon [_thread_blocked, id=11968, stack(0x00000000185a0000,0x00000000186a0000)]
  0x000000000259c000 JavaThread "Finalizer" daemon [_thread_blocked, id=2268, stack(0x00000000183a0000,0x00000000184a0000)]
  0x0000000002593000 JavaThread "Reference Handler" daemon [_thread_blocked, id=4500, stack(0x00000000182a0000,0x00000000183a0000)]
  0x00000000024a2800 JavaThread "main" [_thread_blocked, id=14240, stack(0x00000000023a0000,0x00000000024a0000)]

Other Threads:
=>0x00000000170f6800 VMThread [stack: 0x00000000181a0000,0x00000000182a0000] [id=15132]

VM state:at safepoint (shutting down)

VM Mutex/Monitor currently owned by a thread:  ([mutex/lock_event])
[0x000000000239eb20] Threads_lock - owner thread: 0x00000000170f6800

Heap:
 PSYoungGen      total 137728K, used 73683K [0x00000000d5b00000, 0x00000000dfe80000, 0x0000000100000000)
  eden space 132608K, 51% used [0x00000000d5b00000,0x00000000d9df6a58,0x00000000ddc80000)
  from space 5120K, 99% used [0x00000000ddc80000,0x00000000de17e280,0x00000000de180000)
  to   space 16384K, 0% used [0x00000000dee80000,0x00000000dee80000,0x00000000dfe80000)
 ParOldGen       total 77312K, used 22185K [0x0000000081000000, 0x0000000085b80000, 0x00000000d5b00000)
  object space 77312K, 28% used [0x0000000081000000,0x00000000825aa680,0x0000000085b80000)
 Metaspace       used 32320K, capacity 34360K, committed 34688K, reserved 1079296K
  class space    used 4562K, capacity 4898K, committed 4992K, reserved 1048576K

Card table byte_map: [0x0000000011960000,0x0000000011d60000] byte_map_base: 0x0000000011558000

Marking Bits: (ParMarkBitMap*) 0x000000005ebab6d0
 Begin Bits: [0x0000000012410000, 0x00000000143d0000)
 End Bits:   [0x00000000143d0000, 0x0000000016390000)

Polling page: 0x0000000000af0000

CodeCache: size=245760Kb used=16203Kb max_used=16203Kb free=229556Kb
 bounds [0x00000000025a0000, 0x0000000003590000, 0x00000000115a0000]
 total_blobs=5998 nmethods=5223 adapters=686
 compilation: enabled

Compilation events (10 events):
Event: 17.488 Thread 0x0000000017139000 5310       3       javafx.scene.Scene::pick (149 bytes)
Event: 17.489 Thread 0x0000000017139000 nmethod 5310 0x000000000357b910 code [0x000000000357bbc0, 0x000000000357cf88]
Event: 17.489 Thread 0x0000000017139000 5311       3       javafx.scene.ParallelCamera::computePickRay (24 bytes)
Event: 17.491 Thread 0x0000000017139000 nmethod 5311 0x000000000357dcd0 code [0x000000000357df60, 0x000000000357f308]
Event: 17.491 Thread 0x0000000017139000 5312       1       java.lang.ref.Reference::clear (6 bytes)
Event: 17.491 Thread 0x0000000017139000 nmethod 5312 0x000000000357ff90 code [0x00000000035800e0, 0x0000000003580210]
Event: 17.494 Thread 0x0000000017139000 5313       3       java.util.logging.LogManager::access$100 (4 bytes)
Event: 17.494 Thread 0x0000000017139000 nmethod 5313 0x0000000003580250 code [0x00000000035803a0, 0x00000000035804d0]
Event: 17.494 Thread 0x0000000017139000 5314       3       java.util.logging.LogManager$LoggerContext::requiresDefaultLoggers (29 bytes)
Event: 17.494 Thread 0x0000000017139000 nmethod 5314 0x0000000003580550 code [0x00000000035806c0, 0x0000000003580ae8]

GC Heap History (10 events):
Event: 1.302 GC heap before
{Heap before GC invocations=2 (full 0):
 PSYoungGen      total 38400K, used 38375K [0x00000000d5b00000, 0x00000000da600000, 0x0000000100000000)
  eden space 33280K, 100% used [0x00000000d5b00000,0x00000000d7b80000,0x00000000d7b80000)
  from space 5120K, 99% used [0x00000000d7b80000,0x00000000d8079c20,0x00000000d8080000)
  to   space 5120K, 0% used [0x00000000da100000,0x00000000da100000,0x00000000da600000)
 ParOldGen       total 87552K, used 756K [0x0000000081000000, 0x0000000086580000, 0x00000000d5b00000)
  object space 87552K, 0% used [0x0000000081000000,0x00000000810bd2f8,0x0000000086580000)
 Metaspace       used 17906K, capacity 18406K, committed 18688K, reserved 1064960K
  class space    used 2400K, capacity 2545K, committed 2560K, reserved 1048576K
Event: 1.311 GC heap after
Heap after GC invocations=2 (full 0):
 PSYoungGen      total 71680K, used 5104K [0x00000000d5b00000, 0x00000000da600000, 0x0000000100000000)
  eden space 66560K, 0% used [0x00000000d5b00000,0x00000000d5b00000,0x00000000d9c00000)
  from space 5120K, 99% used [0x00000000da100000,0x00000000da5fc0b0,0x00000000da600000)
  to   space 5120K, 0% used [0x00000000d9c00000,0x00000000d9c00000,0x00000000da100000)
 ParOldGen       total 87552K, used 9935K [0x0000000081000000, 0x0000000086580000, 0x00000000d5b00000)
  object space 87552K, 11% used [0x0000000081000000,0x00000000819b3d18,0x0000000086580000)
 Metaspace       used 17906K, capacity 18406K, committed 18688K, reserved 1064960K
  class space    used 2400K, capacity 2545K, committed 2560K, reserved 1048576K
}
Event: 1.531 GC heap before
{Heap before GC invocations=3 (full 0):
 PSYoungGen      total 71680K, used 21424K [0x00000000d5b00000, 0x00000000da600000, 0x0000000100000000)
  eden space 66560K, 24% used [0x00000000d5b00000,0x00000000d6aefff8,0x00000000d9c00000)
  from space 5120K, 99% used [0x00000000da100000,0x00000000da5fc0b0,0x00000000da600000)
  to   space 5120K, 0% used [0x00000000d9c00000,0x00000000d9c00000,0x00000000da100000)
 ParOldGen       total 87552K, used 9935K [0x0000000081000000, 0x0000000086580000, 0x00000000d5b00000)
  object space 87552K, 11% used [0x0000000081000000,0x00000000819b3d18,0x0000000086580000)
 Metaspace       used 20535K, capacity 21190K, committed 21296K, reserved 1067008K
  class space    used 2758K, capacity 2919K, committed 2944K, reserved 1048576K
Event: 1.542 GC heap after
Heap after GC invocations=3 (full 0):
 PSYoungGen      total 71680K, used 5106K [0x00000000d5b00000, 0x00000000de700000, 0x0000000100000000)
  eden space 66560K, 0% used [0x00000000d5b00000,0x00000000d5b00000,0x00000000d9c00000)
  from space 5120K, 99% used [0x00000000d9c00000,0x00000000da0fc970,0x00000000da100000)
  to   space 5120K, 0% used [0x00000000de200000,0x00000000de200000,0x00000000de700000)
 ParOldGen       total 87552K, used 12064K [0x0000000081000000, 0x0000000086580000, 0x00000000d5b00000)
  object space 87552K, 13% used [0x0000000081000000,0x0000000081bc8210,0x0000000086580000)
 Metaspace       used 20535K, capacity 21190K, committed 21296K, reserved 1067008K
  class space    used 2758K, capacity 2919K, committed 2944K, reserved 1048576K
}
Event: 1.542 GC heap before
{Heap before GC invocations=4 (full 1):
 PSYoungGen      total 71680K, used 5106K [0x00000000d5b00000, 0x00000000de700000, 0x0000000100000000)
  eden space 66560K, 0% used [0x00000000d5b00000,0x00000000d5b00000,0x00000000d9c00000)
  from space 5120K, 99% used [0x00000000d9c00000,0x00000000da0fc970,0x00000000da100000)
  to   space 5120K, 0% used [0x00000000de200000,0x00000000de200000,0x00000000de700000)
 ParOldGen       total 87552K, used 12064K [0x0000000081000000, 0x0000000086580000, 0x00000000d5b00000)
  object space 87552K, 13% used [0x0000000081000000,0x0000000081bc8210,0x0000000086580000)
 Metaspace       used 20535K, capacity 21190K, committed 21296K, reserved 1067008K
  class space    used 2758K, capacity 2919K, committed 2944K, reserved 1048576K
Event: 1.581 GC heap after
Heap after GC invocations=4 (full 1):
 PSYoungGen      total 71680K, used 0K [0x00000000d5b00000, 0x00000000de700000, 0x0000000100000000)
  eden space 66560K, 0% used [0x00000000d5b00000,0x00000000d5b00000,0x00000000d9c00000)
  from space 5120K, 0% used [0x00000000d9c00000,0x00000000d9c00000,0x00000000da100000)
  to   space 5120K, 0% used [0x00000000de200000,0x00000000de200000,0x00000000de700000)
 ParOldGen       total 77312K, used 15958K [0x0000000081000000, 0x0000000085b80000, 0x00000000d5b00000)
  object space 77312K, 20% used [0x0000000081000000,0x0000000081f958d8,0x0000000085b80000)
 Metaspace       used 20535K, capacity 21190K, committed 21296K, reserved 1067008K
  class space    used 2758K, capacity 2919K, committed 2944K, reserved 1048576K
}
Event: 2.101 GC heap before
{Heap before GC invocations=5 (full 1):
 PSYoungGen      total 71680K, used 66560K [0x00000000d5b00000, 0x00000000de700000, 0x0000000100000000)
  eden space 66560K, 100% used [0x00000000d5b00000,0x00000000d9c00000,0x00000000d9c00000)
  from space 5120K, 0% used [0x00000000d9c00000,0x00000000d9c00000,0x00000000da100000)
  to   space 5120K, 0% used [0x00000000de200000,0x00000000de200000,0x00000000de700000)
 ParOldGen       total 77312K, used 15958K [0x0000000081000000, 0x0000000085b80000, 0x00000000d5b00000)
  object space 77312K, 20% used [0x0000000081000000,0x0000000081f958d8,0x0000000085b80000)
 Metaspace       used 23977K, capacity 25046K, committed 25216K, reserved 1071104K
  class space    used 3377K, capacity 3597K, committed 3712K, reserved 1048576K
Event: 2.107 GC heap after
Heap after GC invocations=5 (full 1):
 PSYoungGen      total 99840K, used 4120K [0x00000000d5b00000, 0x00000000de680000, 0x0000000100000000)
  eden space 95232K, 0% used [0x00000000d5b00000,0x00000000d5b00000,0x00000000db800000)
  from space 4608K, 89% used [0x00000000de200000,0x00000000de606258,0x00000000de680000)
  to   space 5120K, 0% used [0x00000000ddc80000,0x00000000ddc80000,0x00000000de180000)
 ParOldGen       total 77312K, used 15958K [0x0000000081000000, 0x0000000085b80000, 0x00000000d5b00000)
  object space 77312K, 20% used [0x0000000081000000,0x0000000081f958d8,0x0000000085b80000)
 Metaspace       used 23977K, capacity 25046K, committed 25216K, reserved 1071104K
  class space    used 3377K, capacity 3597K, committed 3712K, reserved 1048576K
}
Event: 3.217 GC heap before
{Heap before GC invocations=6 (full 1):
 PSYoungGen      total 99840K, used 99352K [0x00000000d5b00000, 0x00000000de680000, 0x0000000100000000)
  eden space 95232K, 100% used [0x00000000d5b00000,0x00000000db800000,0x00000000db800000)
  from space 4608K, 89% used [0x00000000de200000,0x00000000de606258,0x00000000de680000)
  to   space 5120K, 0% used [0x00000000ddc80000,0x00000000ddc80000,0x00000000de180000)
 ParOldGen       total 77312K, used 15958K [0x0000000081000000, 0x0000000085b80000, 0x00000000d5b00000)
  object space 77312K, 20% used [0x0000000081000000,0x0000000081f958d8,0x0000000085b80000)
 Metaspace       used 27875K, capacity 29820K, committed 30080K, reserved 1075200K
  class space    used 4050K, capacity 4380K, committed 4480K, reserved 1048576K
Event: 3.233 GC heap after
Heap after GC invocations=6 (full 1):
 PSYoungGen      total 137728K, used 5112K [0x00000000d5b00000, 0x00000000dfe80000, 0x0000000100000000)
  eden space 132608K, 0% used [0x00000000d5b00000,0x00000000d5b00000,0x00000000ddc80000)
  from space 5120K, 99% used [0x00000000ddc80000,0x00000000de17e280,0x00000000de180000)
  to   space 16384K, 0% used [0x00000000dee80000,0x00000000dee80000,0x00000000dfe80000)
 ParOldGen       total 77312K, used 22185K [0x0000000081000000, 0x0000000085b80000, 0x00000000d5b00000)
  object space 77312K, 28% used [0x0000000081000000,0x00000000825aa680,0x0000000085b80000)
 Metaspace       used 27875K, capacity 29820K, committed 30080K, reserved 1075200K
  class space    used 4050K, capacity 4380K, committed 4480K, reserved 1048576K
}

Deoptimization events (10 events):
Event: 3.634 Thread 0x0000000018d58000 Uncommon trap: reason=unstable_if action=reinterpret pc=0x0000000002e76520 method=java.lang.Class.arrayContentsEq([Ljava/lang/Object;[Ljava/lang/Object;)Z @ 1
Event: 3.839 Thread 0x0000000018d83000 Uncommon trap: reason=class_check action=maybe_recompile pc=0x0000000002db9ca4 method=java.util.regex.Matcher.getTextLength()I @ 4
Event: 3.839 Thread 0x0000000018d83000 Uncommon trap: reason=class_check action=maybe_recompile pc=0x0000000002db9ca4 method=java.util.regex.Matcher.getTextLength()I @ 4
Event: 3.839 Thread 0x0000000018d83000 Uncommon trap: reason=class_check action=maybe_recompile pc=0x0000000002db9ca4 method=java.util.regex.Matcher.getTextLength()I @ 4
Event: 3.839 Thread 0x0000000018d83000 Uncommon trap: reason=class_check action=maybe_recompile pc=0x0000000002db9ca4 method=java.util.regex.Matcher.getTextLength()I @ 4
Event: 4.066 Thread 0x0000000018d83000 Uncommon trap: reason=unstable_if action=reinterpret pc=0x00000000031d962c method=java.lang.StrictMath.floorOrCeil(DDDD)D @ 24
Event: 4.093 Thread 0x0000000018d83000 Uncommon trap: reason=unstable_if action=reinterpret pc=0x0000000002dcd244 method=java.util.EnumMap.isValidKey(Ljava/lang/Object;)Z @ 16
Event: 4.097 Thread 0x0000000018d83000 Uncommon trap: reason=unstable_if action=reinterpret pc=0x00000000031ac914 method=javafx.scene.Node.markDirtyLayoutBranch()V @ 16
Event: 4.103 Thread 0x0000000018d83000 Uncommon trap: reason=unstable_if action=reinterpret pc=0x0000000002bc72e8 method=jdk.internal.org.objectweb.asm.Type.getArgumentsAndReturnSizes(Ljava/lang/String;)I @ 47
Event: 12.086 Thread 0x0000000018d83000 Uncommon trap: reason=unstable_if action=reinterpret pc=0x00000000027836c0 method=java.lang.CharacterData.of(I)Ljava/lang/CharacterData; @ 4

Internal exceptions (10 events):
Event: 3.976 Thread 0x0000000018d83000 Exception <a 'java/lang/ClassNotFoundException': java/lang/ObjectBeanInfo> (0x00000000d76bd618) thrown at [C:\re\workspace\8-2-build-windows-amd64-cygwin\jdk8u121\8372\hotspot\src\share\vm\classfile\systemDictionary.cpp, line 210]
Event: 3.977 Thread 0x0000000018d83000 Exception <a 'java/lang/ClassNotFoundException': java/lang/ObjectCustomizer> (0x00000000d76c0900) thrown at [C:\re\workspace\8-2-build-windows-amd64-cygwin\jdk8u121\8372\hotspot\src\share\vm\classfile\systemDictionary.cpp, line 210]
Event: 3.980 Thread 0x0000000018d83000 Exception <a 'java/lang/ClassNotFoundException': org/apache/shiro/realm/CachingRealmCustomizer> (0x00000000d76cf598) thrown at [C:\re\workspace\8-2-build-windows-amd64-cygwin\jdk8u121\8372\hotspot\src\share\vm\classfile\systemDictionary.cpp, line 210]
Event: 3.981 Thread 0x0000000018d83000 Exception <a 'java/lang/ClassNotFoundException': org/apache/shiro/realm/AuthenticatingRealmCustomizer> (0x00000000d76e1268) thrown at [C:\re\workspace\8-2-build-windows-amd64-cygwin\jdk8u121\8372\hotspot\src\share\vm\classfile\systemDictionary.cpp, line 2
Event: 3.982 Thread 0x0000000018d83000 Exception <a 'java/lang/ClassNotFoundException': org/apache/shiro/realm/AuthorizingRealmCustomizer> (0x00000000d77034e8) thrown at [C:\re\workspace\8-2-build-windows-amd64-cygwin\jdk8u121\8372\hotspot\src\share\vm\classfile\systemDictionary.cpp, line 210]
Event: 3.985 Thread 0x0000000018d83000 Exception <a 'java/lang/ClassNotFoundException': org/apache/shiro/realm/SimpleAccountRealmCustomizer> (0x00000000d773a810) thrown at [C:\re\workspace\8-2-build-windows-amd64-cygwin\jdk8u121\8372\hotspot\src\share\vm\classfile\systemDictionary.cpp, line 21
Event: 3.987 Thread 0x0000000018d83000 Exception <a 'java/lang/ClassNotFoundException': org/apache/shiro/realm/text/TextConfigurationRealmCustomizer> (0x00000000d7750640) thrown at [C:\re\workspace\8-2-build-windows-amd64-cygwin\jdk8u121\8372\hotspot\src\share\vm\classfile\systemDictionary.cpp
Event: 3.988 Thread 0x0000000018d83000 Exception <a 'java/lang/ClassNotFoundException': org/apache/shiro/realm/text/IniRealmCustomizer> (0x00000000d77679b0) thrown at [C:\re\workspace\8-2-build-windows-amd64-cygwin\jdk8u121\8372\hotspot\src\share\vm\classfile\systemDictionary.cpp, line 210]
Event: 16.917 Thread 0x00000000197f4800 Exception <a 'java/net/SocketTimeoutException': Read timed out> (0x00000000d9bbecd8) thrown at [C:\re\workspace\8-2-build-windows-amd64-cygwin\jdk8u121\8372\hotspot\src\share\vm\prims\jni.cpp, line 735]
Event: 17.495 Thread 0x0000000020713800 Exception <a 'java/lang/IllegalStateException'> (0x00000000d9d8e618) thrown at [C:\re\workspace\8-2-build-windows-amd64-cygwin\jdk8u121\8372\hotspot\src\share\vm\prims\jvm.cpp, line 1394]

Events (10 events):
Event: 17.492 loading class java/util/IdentityHashMap$KeyIterator done
Event: 17.492 Thread 0x0000000020712000 Thread added: 0x0000000020712000
Event: 17.492 Thread 0x0000000020713800 Thread added: 0x0000000020713800
Event: 17.494 Thread 0x0000000020712000 Thread exited: 0x0000000020712000
Event: 17.494 loading class com/sun/javafx/tk/quantum/QuantumRenderer
Event: 17.494 loading class com/sun/javafx/tk/quantum/QuantumRenderer done
Event: 17.495 loading class com/sun/javafx/tk/quantum/QuantumToolkit
Event: 17.495 loading class com/sun/javafx/tk/quantum/QuantumToolkit done
Event: 17.495 Thread 0x000000001712d000 Thread exited: 0x000000001712d000
Event: 17.495 Executing VM operation: Exit


Dynamic libraries:
0x00007ff74c050000 - 0x00007ff74c087000 	C:\Program Files\Java\jdk1.8.0_121\bin\javaw.exe
0x00007ffa18270000 - 0x00007ffa18441000 	C:\WINDOWS\SYSTEM32\ntdll.dll
0x00007ffa15ab0000 - 0x00007ffa15b5c000 	C:\WINDOWS\System32\KERNEL32.DLL
0x00007ffa14980000 - 0x00007ffa14b9d000 	C:\WINDOWS\System32\KERNELBASE.dll
0x00007ffa16b10000 - 0x00007ffa16bb2000 	C:\WINDOWS\System32\ADVAPI32.dll
0x00007ffa181d0000 - 0x00007ffa1826e000 	C:\WINDOWS\System32\msvcrt.dll
0x00007ffa169f0000 - 0x00007ffa16a49000 	C:\WINDOWS\System32\sechost.dll
0x00007ffa16090000 - 0x00007ffa161b1000 	C:\WINDOWS\System32\RPCRT4.dll
0x00007ffa15bc0000 - 0x00007ffa15d25000 	C:\WINDOWS\System32\USER32.dll
0x00007ffa14ba0000 - 0x00007ffa14bbe000 	C:\WINDOWS\System32\win32u.dll
0x00007ffa16000000 - 0x00007ffa16034000 	C:\WINDOWS\System32\GDI32.dll
0x00007ffa15670000 - 0x00007ffa157f2000 	C:\WINDOWS\System32\gdi32full.dll
0x00007ffa0da40000 - 0x00007ffa0dcba000 	C:\WINDOWS\WinSxS\amd64_microsoft.windows.common-controls_6595b64144ccf1df_6.0.14393.953_none_42151e83c686086b\COMCTL32.dll
0x00007ffa15d30000 - 0x00007ffa15ff8000 	C:\WINDOWS\System32\combase.dll
0x00007ffa14760000 - 0x00007ffa14855000 	C:\WINDOWS\System32\ucrtbase.dll
0x00007ffa14910000 - 0x00007ffa1497a000 	C:\WINDOWS\System32\bcryptPrimitives.dll
0x00007ffa16060000 - 0x00007ffa1608e000 	C:\WINDOWS\System32\IMM32.DLL
0x000000005d9b0000 - 0x000000005da82000 	C:\Program Files\Java\jdk1.8.0_121\jre\bin\msvcr100.dll
0x000000005e390000 - 0x000000005ec2b000 	C:\Program Files\Java\jdk1.8.0_121\jre\bin\server\jvm.dll
0x00007ffa16040000 - 0x00007ffa16048000 	C:\WINDOWS\System32\PSAPI.DLL
0x00007ffa128d0000 - 0x00007ffa128f3000 	C:\WINDOWS\SYSTEM32\WINMM.dll
0x00007ffa09a10000 - 0x00007ffa09a1a000 	C:\WINDOWS\SYSTEM32\VERSION.dll
0x00007ffa07c30000 - 0x00007ffa07c39000 	C:\WINDOWS\SYSTEM32\WSOCK32.dll
0x00007ffa16970000 - 0x00007ffa169da000 	C:\WINDOWS\System32\WS2_32.dll
0x0000000000ab0000 - 0x0000000000adb000 	C:\WINDOWS\SYSTEM32\WINMMBASE.dll
0x00007ffa14c60000 - 0x00007ffa14ca2000 	C:\WINDOWS\System32\cfgmgr32.dll
0x000000005e380000 - 0x000000005e38f000 	C:\Program Files\Java\jdk1.8.0_121\jre\bin\verify.dll
0x000000005e350000 - 0x000000005e379000 	C:\Program Files\Java\jdk1.8.0_121\jre\bin\java.dll
0x000000005e330000 - 0x000000005e346000 	C:\Program Files\Java\jdk1.8.0_121\jre\bin\zip.dll
0x00007ffa16cc0000 - 0x00007ffa181c8000 	C:\WINDOWS\System32\SHELL32.dll
0x00007ffa14f90000 - 0x00007ffa1566a000 	C:\WINDOWS\System32\windows.storage.dll
0x00007ffa146e0000 - 0x00007ffa1472c000 	C:\WINDOWS\System32\powrprof.dll
0x00007ffa15b60000 - 0x00007ffa15bb2000 	C:\WINDOWS\System32\shlwapi.dll
0x00007ffa14730000 - 0x00007ffa1473f000 	C:\WINDOWS\System32\kernel.appcore.dll
0x00007ffa14ee0000 - 0x00007ffa14f89000 	C:\WINDOWS\System32\shcore.dll
0x00007ffa14740000 - 0x00007ffa14754000 	C:\WINDOWS\System32\profapi.dll
0x00007ff9ef760000 - 0x00007ff9ef84f000 	C:\Program Files\Java\jdk1.8.0_121\jre\bin\msvcr120.dll
0x00007ff9df330000 - 0x00007ff9df3d6000 	C:\Program Files\Java\jdk1.8.0_121\jre\bin\msvcp120.dll
0x000000005d980000 - 0x000000005d9a2000 	C:\Program Files\Java\jdk1.8.0_121\jre\bin\prism_d3d.dll
0x00007ff9e4300000 - 0x00007ff9e448d000 	C:\WINDOWS\system32\d3d9.dll
0x00007ffa11d40000 - 0x00007ffa11d66000 	C:\WINDOWS\SYSTEM32\dwmapi.dll
0x00007ffa12e10000 - 0x00007ffa12ea5000 	C:\WINDOWS\system32\uxtheme.dll
0x00007ff9cb4f0000 - 0x00007ff9cda2d000 	C:\WINDOWS\SYSTEM32\igdumdim64.dll
0x00007ffa16a50000 - 0x00007ffa16b0f000 	C:\WINDOWS\System32\OLEAUT32.dll
0x00007ffa14bc0000 - 0x00007ffa14c5c000 	C:\WINDOWS\System32\msvcp_win.dll
0x00007ffa161c0000 - 0x00007ffa162f8000 	C:\WINDOWS\System32\ole32.dll
0x00007ffa164a0000 - 0x00007ffa168c9000 	C:\WINDOWS\System32\SETUPAPI.dll
0x000000005d930000 - 0x000000005d973000 	C:\Program Files\Java\jdk1.8.0_121\jre\bin\glass.dll
0x00007ffa16bc0000 - 0x00007ffa16cba000 	C:\WINDOWS\System32\COMDLG32.dll
0x00007ffa15880000 - 0x00007ffa159da000 	C:\WINDOWS\System32\MSCTF.dll
0x00007ffa0bf10000 - 0x00007ffa0c950000 	C:\WINDOWS\SYSTEM32\igdusc64.dll
0x00007ffa14140000 - 0x00007ffa14157000 	C:\WINDOWS\SYSTEM32\CRYPTSP.dll
0x00007ffa13ba0000 - 0x00007ffa13bd3000 	C:\WINDOWS\system32\rsaenh.dll
0x00007ffa14620000 - 0x00007ffa1464b000 	C:\WINDOWS\SYSTEM32\bcrypt.dll
0x00007ffa13e20000 - 0x00007ffa13e3f000 	C:\WINDOWS\SYSTEM32\USERENV.dll
0x00007ffa14160000 - 0x00007ffa1416b000 	C:\WINDOWS\SYSTEM32\CRYPTBASE.dll
0x000000005e310000 - 0x000000005e32a000 	C:\Program Files\Java\jdk1.8.0_121\jre\bin\net.dll
0x00007ffa13fa0000 - 0x00007ffa13ffc000 	C:\WINDOWS\system32\mswsock.dll
0x00007ffa13d20000 - 0x00007ffa13d58000 	C:\WINDOWS\SYSTEM32\IPHLPAPI.DLL
0x00007ffa16050000 - 0x00007ffa16058000 	C:\WINDOWS\System32\NSI.dll
0x00007ffa0f930000 - 0x00007ffa0f946000 	C:\WINDOWS\SYSTEM32\dhcpcsvc6.DLL
0x00007ffa0f910000 - 0x00007ffa0f92a000 	C:\WINDOWS\SYSTEM32\dhcpcsvc.DLL
0x000000005d910000 - 0x000000005d924000 	C:\Program Files\Java\jdk1.8.0_121\jre\bin\javafx_font.dll
0x00007ffa09210000 - 0x00007ffa09479000 	C:\WINDOWS\SYSTEM32\dwrite.dll
0x000000005e2f0000 - 0x000000005e301000 	C:\Program Files\Java\jdk1.8.0_121\jre\bin\nio.dll
0x000000005d5f0000 - 0x000000005d614000 	C:\Program Files\Java\jdk1.8.0_121\jre\bin\sunec.dll
0x000000005e2e0000 - 0x000000005e2eb000 	C:\Program Files\Java\jdk1.8.0_121\jre\bin\sunmscapi.dll
0x00007ffa14cb0000 - 0x00007ffa14e79000 	C:\WINDOWS\System32\CRYPT32.dll
0x00007ffa146d0000 - 0x00007ffa146e0000 	C:\WINDOWS\System32\MSASN1.dll
0x00007ffa13d60000 - 0x00007ffa13e01000 	C:\WINDOWS\SYSTEM32\DNSAPI.dll
0x000000005f500000 - 0x000000005f526000 	C:\Program Files\Bonjour\mdnsNSP.dll
0x00007ffa08800000 - 0x00007ffa0880a000 	C:\Windows\System32\rasadhlp.dll
0x00007ffa0de50000 - 0x00007ffa0deba000 	C:\WINDOWS\System32\fwpuclnt.dll
0x00007ffa168d0000 - 0x00007ffa1696f000 	C:\WINDOWS\System32\clbcatq.dll
0x00007ffa108c0000 - 0x00007ffa10a68000 	C:\WINDOWS\SYSTEM32\WindowsCodecs.dll
0x00007ff9fa290000 - 0x00007ff9fa2d9000 	C:\WINDOWS\system32\dataexchange.dll
0x00007ffa11d70000 - 0x00007ffa12026000 	C:\WINDOWS\system32\d3d11.dll
0x00007ffa12470000 - 0x00007ffa125c1000 	C:\WINDOWS\system32\dcomp.dll
0x00007ffa13650000 - 0x00007ffa136ef000 	C:\WINDOWS\system32\dxgi.dll
0x00007ffa130f0000 - 0x00007ffa1320c000 	C:\WINDOWS\system32\twinapi.appcore.dll
0x00007ff9f7630000 - 0x00007ff9f7662000 	C:\Program Files\Common Files\Microsoft Shared\Ink\rtscom.dll
0x000000005d8e0000 - 0x000000005d903000 	C:\Program Files\Java\jdk1.8.0_121\jre\bin\javafx_iio.dll
0x000000005d8c0000 - 0x000000005d8d1000 	C:\Program Files\Java\jdk1.8.0_121\jre\bin\prism_common.dll
0x00007ffa07cd0000 - 0x00007ffa07e62000 	C:\WINDOWS\SYSTEM32\dbghelp.dll

VM Arguments:
jvm_args: -Dfile.encoding=UTF-8 
java_command: com.jeeves.vpl.Main
java_class_path (initial): C:\Users\Daniel\workspace\JeevesMaven\target\classes;C:\Users\Daniel\workspace\JeevesMaven\poi-3.15.jar;C:\Users\Daniel\workspace\JeevesMaven\commons-lang3-3.5.jar;C:\Users\Daniel\workspace\JeevesMaven\controlsfx-8.40.12.jar;C:\Users\Daniel\.m2\repository\org\apache\shiro\shiro-core\1.3.2\shiro-core-1.3.2.jar;C:\Users\Daniel\.m2\repository\org\slf4j\slf4j-api\1.6.4\slf4j-api-1.6.4.jar;C:\Users\Daniel\.m2\repository\commons-beanutils\commons-beanutils\1.8.3\commons-beanutils-1.8.3.jar;C:\Users\Daniel\.m2\repository\com\google\firebase\firebase-admin\5.1.0\firebase-admin-5.1.0.jar;C:\Users\Daniel\.m2\repository\com\google\api-client\google-api-client\1.22.0\google-api-client-1.22.0.jar;C:\Users\Daniel\.m2\repository\com\google\oauth-client\google-oauth-client\1.22.0\google-oauth-client-1.22.0.jar;C:\Users\Daniel\.m2\repository\com\google\http-client\google-http-client-jackson2\1.22.0\google-http-client-jackson2-1.22.0.jar;C:\Users\Daniel\.m2\repository\com\fasterxml\jackson\core\jackson-core\2.1.3\jackson-core-2.1.3.jar;C:\Users\Daniel\.m2\repository\com\google\api-client\google-api-client-gson\1.22.0\google-api-client-gson-1.22.0.jar;C:\Users\Daniel\.m2\repository\com\google\http-client\google-http-client-gson\1.22.0\google-http-client-gson-1.22.0.jar;C:\Users\Daniel\.m2\repository\com\google\code\gson\gson\2.1\gson-2.1.jar;C:\Users\Daniel\.m2\repository\com\google\http-client\google-http-client\1.22.0\google-http-client-1.22.0.jar;C:\Users\Daniel\.m2\repository\com\google\code\findbugs\jsr305\1.3.9\jsr305-1.3.9.jar;C:\Users\Daniel\.m2\repository\org\apache\httpcomponents\httpclient\4.0.1\httpclient-4.0.1.jar;C:\Users\Daniel\.m2\repository\org\apache\httpcomponents\httpcore\4.0.1\httpcore-4.0.1.jar;C:\Users\Daniel\.m2\repository\commons-logging\commons-logging\1.1.1\commons-logging-1.1.1.jar;C:\Users\Daniel\.m2\repository\commons-codec\commons-codec\1.3\commons-codec-1.3.jar;C:\Users\Daniel\.m2\repository\org\json\json\20160810\json-20160
Launcher Type: SUN_STANDARD

Environment Variables:
JAVA_HOME=C:\Program Files\Java\jdk1.8.0_121
CLASSPATH=.
USERNAME=Daniel
OS=Windows_NT
PROCESSOR_IDENTIFIER=Intel64 Family 6 Model 69 Stepping 1, GenuineIntel



---------------  S Y S T E M  ---------------

OS: Windows 10.0 , 64 bit Build 14393 (10.0.14393.1198)

CPU:total 4 (2 cores per cpu, 2 threads per core) family 6 model 69 stepping 1, cmov, cx8, fxsr, mmx, sse, sse2, sse3, ssse3, sse4.1, sse4.2, popcnt, avx, avx2, aes, clmul, erms, lzcnt, ht, tsc, tscinvbit, bmi1, bmi2

Memory: 4k page, physical 8317080k(2161796k free), swap 15469568k(5449356k free)

vm_info: Java HotSpot(TM) 64-Bit Server VM (25.121-b13) for windows-amd64 JRE (1.8.0_121-b13), built on Dec 12 2016 18:21:36 by "java_re" with MS VC++ 10.0 (VS2010)

time: Fri Jun 09 15:55:43 2017
elapsed time: 17 seconds (0d 0h 0m 17s)

