#
# A fatal error has been detected by the Java Runtime Environment:
#
#  EXCEPTION_ACCESS_VIOLATION (0xc0000005) at pc=0x000000005ac5584a, pid=12144, tid=0x0000000000003f88
#
# JRE version: Java(TM) SE Runtime Environment (8.0_121-b13) (build 1.8.0_121-b13)
# Java VM: Java HotSpot(TM) 64-Bit Server VM (25.121-b13 mixed mode windows-amd64 compressed oops)
# Problematic frame:
# C  [glass.dll+0x2584a]
#
# Failed to write core dump. Minidumps are not enabled by default on client versions of Windows
#
# If you would like to submit a bug report, please visit:
#   http://bugreport.java.com/bugreport/crash.jsp
#

---------------  T H R E A D  ---------------

Current thread (0x00000000170e7000):  VMThread [stack: 0x0000000018190000,0x0000000018290000] [id=16264]

siginfo: ExceptionCode=0xc0000005, reading address 0x0000000000000000

Registers:
RAX=0x0000000000000000, RBX=0x00000000191063f0, RCX=0x00000000170e7000, RDX=0x00000000191063f0
RSP=0x000000001828f1c0, RBP=0x0000000000688320, RSI=0x0000000000000001, RDI=0x0000000000000000
R8 =0x0000000000010002, R9 =0x0000000000688320, R10=0x0000000000000000, R11=0x0000000000000246
R12=0x0000000000688350, R13=0x0000000000688320, R14=0x0000000000688330, R15=0x0000000000000000
RIP=0x000000005ac5584a, EFLAGS=0x0000000000010206

Top of Stack: (sp=0x000000001828f1c0)
0x000000001828f1c0:   0000000000000000 000000005ac55900
0x000000001828f1d0:   0000000000000000 0000000000688320
0x000000001828f1e0:   000000005ac55830 000000005ac53224
0x000000001828f1f0:   000000005ac691b0 00007ffca50ad953
0x000000001828f200:   0000000016ff5400 00007ffcc9325aa2
0x000000001828f210:   000000005ac53384 000000005ac30000
0x000000001828f220:   00007ffccc5d31b0 000000005ac534a6
0x000000001828f230:   0000000000000001 0000000016ff5400
0x000000001828f240:   0000000000000000 0000000000000000
0x000000001828f250:   c000000500000001 000000001828e350
0x000000001828f260:   000000005ac53384 00007ffccc4aa35f
0x000000001828f270:   0000000000000000 0000000000000001
0x000000001828f280:   000000005ac30000 0000000000000000
0x000000001828f290:   00001c54c0120541 00000000006463f0
0x000000001828f2a0:   00007ffccbd14200 0000000002582600
0x000000001828f2b0:   0000000002582600 000000000064aae0 

Instructions: (pc=0x000000005ac5584a)
0x000000005ac5582a:   83 c4 20 5d c3 cc 40 53 48 83 ec 20 48 8b 1d cb
0x000000005ac5583a:   5b 01 00 48 85 db 74 1a e8 19 93 ff ff 48 8b d3
0x000000005ac5584a:   4c 8b 00 48 8b c8 48 83 c4 20 5b 49 ff a0 b0 00
0x000000005ac5585a:   00 00 48 83 c4 20 5b c3 cc cc cc cc cc cc cc cc 


Register to memory mapping:

RAX=0x0000000000000000 is an unknown value
RBX=0x00000000191063f0 is a global jni handle
RCX=0x00000000170e7000 is an unknown value
RDX=0x00000000191063f0 is a global jni handle
RSP=0x000000001828f1c0 is an unknown value
RBP=0x0000000000688320 is an unknown value
RSI=0x0000000000000001 is an unknown value
RDI=0x0000000000000000 is an unknown value
R8 =0x0000000000010002 is an unknown value
R9 =0x0000000000688320 is an unknown value
R10=0x0000000000000000 is an unknown value
R11=0x0000000000000246 is an unknown value
R12=0x0000000000688350 is an unknown value
R13=0x0000000000688320 is an unknown value
R14=0x0000000000688330 is an unknown value
R15=0x0000000000000000 is an unknown value


Stack: [0x0000000018190000,0x0000000018290000],  sp=0x000000001828f1c0,  free space=1020k
Native frames: (J=compiled Java code, j=interpreted, Vv=VM code, C=native code)
C  [glass.dll+0x2584a]
C  [glass.dll+0x23224]
C  [glass.dll+0x234a6]
C  [ntdll.dll+0x2a35f]
C  [ntdll.dll+0x806b]
C  [ntdll.dll+0x7d94]
C  [KERNEL32.DLL+0x1ce6a]
C  [msvcr100.dll+0x20ccd]
V  [jvm.dll+0x212cb5]
V  [jvm.dll+0x24bd17]
V  [jvm.dll+0x24afb6]
V  [jvm.dll+0x24b451]
V  [jvm.dll+0x24b66e]
V  [jvm.dll+0x29c69a]
C  [msvcr100.dll+0x21d9f]
C  [msvcr100.dll+0x21e3b]
C  [KERNEL32.DLL+0x8364]
C  [ntdll.dll+0x670d1]

VM_Operation (0x0000000019c8acc0): Exit, mode: safepoint, requested by thread 0x0000000018e74000


---------------  P R O C E S S  ---------------

Java Threads: ( => current thread )
  0x000000001951a800 JavaThread "Prism Font Disposer" daemon [_thread_blocked, id=10120, stack(0x00000000215d0000,0x00000000216d0000)]
  0x00000000190f5800 JavaThread "JavaFX-Launcher" [_thread_blocked, id=15764, stack(0x000000001e790000,0x000000001e890000)]
  0x00000000190f8800 JavaThread "Thread-2" daemon [_thread_in_native, id=9256, stack(0x000000001e690000,0x000000001e790000)]
  0x0000000018e74000 JavaThread "JavaFX Application Thread" [_thread_blocked, id=5808, stack(0x0000000019b90000,0x0000000019c90000)]
  0x0000000018e65000 JavaThread "Thread-1" daemon [_thread_blocked, id=12696, stack(0x0000000019a90000,0x0000000019b90000)]
  0x0000000018e4f800 JavaThread "QuantumRenderer-0" daemon [_thread_blocked, id=3580, stack(0x0000000019880000,0x0000000019980000)]
  0x000000001717e800 JavaThread "Service Thread" daemon [_thread_blocked, id=14792, stack(0x0000000018e80000,0x0000000018f80000)]
  0x000000001712c000 JavaThread "C1 CompilerThread2" daemon [_thread_blocked, id=1544, stack(0x0000000018980000,0x0000000018a80000)]
  0x0000000017127000 JavaThread "C2 CompilerThread1" daemon [_thread_blocked, id=6964, stack(0x0000000018880000,0x0000000018980000)]
  0x0000000017120800 JavaThread "C2 CompilerThread0" daemon [_thread_blocked, id=4732, stack(0x0000000018780000,0x0000000018880000)]
  0x000000001711f000 JavaThread "Attach Listener" daemon [_thread_blocked, id=9284, stack(0x0000000018680000,0x0000000018780000)]
  0x00000000024fc000 JavaThread "Finalizer" daemon [_thread_blocked, id=6624, stack(0x0000000018390000,0x0000000018490000)]
  0x00000000024f3000 JavaThread "Reference Handler" daemon [_thread_blocked, id=15816, stack(0x0000000018290000,0x0000000018390000)]
  0x000000000258e800 JavaThread "main" [_thread_blocked, id=9780, stack(0x00000000022a0000,0x00000000023a0000)]

Other Threads:
=>0x00000000170e7000 VMThread [stack: 0x0000000018190000,0x0000000018290000] [id=16264]

VM state:at safepoint (shutting down)

VM Mutex/Monitor currently owned by a thread:  ([mutex/lock_event])
[0x0000000002400a50] Threads_lock - owner thread: 0x00000000170e7000

Heap:
 PSYoungGen      total 71680K, used 57031K [0x00000000d5b00000, 0x00000000dfa00000, 0x0000000100000000)
  eden space 66560K, 85% used [0x00000000d5b00000,0x00000000d92b1da0,0x00000000d9c00000)
  from space 5120K, 0% used [0x00000000d9c00000,0x00000000d9c00000,0x00000000da100000)
  to   space 14848K, 0% used [0x00000000deb80000,0x00000000deb80000,0x00000000dfa00000)
 ParOldGen       total 81408K, used 18474K [0x0000000081000000, 0x0000000085f80000, 0x00000000d5b00000)
  object space 81408K, 22% used [0x0000000081000000,0x000000008220a920,0x0000000085f80000)
 Metaspace       used 25496K, capacity 27448K, committed 27696K, reserved 1073152K
  class space    used 3705K, capacity 4028K, committed 4144K, reserved 1048576K

Card table byte_map: [0x0000000011950000,0x0000000011d50000] byte_map_base: 0x0000000011548000

Marking Bits: (ParMarkBitMap*) 0x000000005b57b6d0
 Begin Bits: [0x0000000012400000, 0x00000000143c0000)
 End Bits:   [0x00000000143c0000, 0x0000000016380000)

Polling page: 0x0000000000cb0000

CodeCache: size=245760Kb used=13325Kb max_used=13378Kb free=232434Kb
 bounds [0x0000000002590000, 0x00000000032b0000, 0x0000000011590000]
 total_blobs=5057 nmethods=4348 adapters=619
 compilation: enabled

Compilation events (10 events):
Event: 6.101 Thread 0x000000001712c000 4356       1       javafx.scene.input.MouseEvent::isAltDown (5 bytes)
Event: 6.102 Thread 0x000000001712c000 nmethod 4356 0x000000000327ead0 code [0x000000000327ec20, 0x000000000327ed30]
Event: 6.102 Thread 0x000000001712c000 4357       1       javafx.scene.input.MouseEvent::isMetaDown (5 bytes)
Event: 6.102 Thread 0x000000001712c000 nmethod 4357 0x000000000327e810 code [0x000000000327e960, 0x000000000327ea70]
Event: 6.102 Thread 0x000000001712c000 4358       1       javafx.scene.input.MouseEvent::isSynthesized (5 bytes)
Event: 6.102 Thread 0x000000001712c000 nmethod 4358 0x000000000327e550 code [0x000000000327e6a0, 0x000000000327e7b0]
Event: 6.102 Thread 0x000000001712c000 4359       1       javafx.scene.input.MouseEvent::isPopupTrigger (5 bytes)
Event: 6.102 Thread 0x000000001712c000 nmethod 4359 0x000000000327e290 code [0x000000000327e3e0, 0x000000000327e4f0]
Event: 6.109 Thread 0x000000001712c000 4360       1       java.util.logging.Logger::getName (5 bytes)
Event: 6.110 Thread 0x000000001712c000 nmethod 4360 0x000000000327dfd0 code [0x000000000327e120, 0x000000000327e230]

GC Heap History (10 events):
Event: 1.598 GC heap before
{Heap before GC invocations=2 (full 0):
 PSYoungGen      total 38400K, used 38380K [0x00000000d5b00000, 0x00000000d8580000, 0x0000000100000000)
  eden space 33280K, 100% used [0x00000000d5b00000,0x00000000d7b80000,0x00000000d7b80000)
  from space 5120K, 99% used [0x00000000d7b80000,0x00000000d807b3c0,0x00000000d8080000)
  to   space 5120K, 0% used [0x00000000d8080000,0x00000000d8080000,0x00000000d8580000)
 ParOldGen       total 87552K, used 372K [0x0000000081000000, 0x0000000086580000, 0x00000000d5b00000)
  object space 87552K, 0% used [0x0000000081000000,0x000000008105d240,0x0000000086580000)
 Metaspace       used 16670K, capacity 17288K, committed 17664K, reserved 1064960K
  class space    used 2294K, capacity 2440K, committed 2560K, reserved 1048576K
Event: 1.607 GC heap after
Heap after GC invocations=2 (full 0):
 PSYoungGen      total 38400K, used 5088K [0x00000000d5b00000, 0x00000000d8580000, 0x0000000100000000)
  eden space 33280K, 0% used [0x00000000d5b00000,0x00000000d5b00000,0x00000000d7b80000)
  from space 5120K, 99% used [0x00000000d8080000,0x00000000d85780a0,0x00000000d8580000)
  to   space 5120K, 0% used [0x00000000d7b80000,0x00000000d7b80000,0x00000000d8080000)
 ParOldGen       total 87552K, used 10659K [0x0000000081000000, 0x0000000086580000, 0x00000000d5b00000)
  object space 87552K, 12% used [0x0000000081000000,0x0000000081a68e18,0x0000000086580000)
 Metaspace       used 16670K, capacity 17288K, committed 17664K, reserved 1064960K
  class space    used 2294K, capacity 2440K, committed 2560K, reserved 1048576K
}
Event: 2.129 GC heap before
{Heap before GC invocations=3 (full 0):
 PSYoungGen      total 38400K, used 38368K [0x00000000d5b00000, 0x00000000d8580000, 0x0000000100000000)
  eden space 33280K, 100% used [0x00000000d5b00000,0x00000000d7b80000,0x00000000d7b80000)
  from space 5120K, 99% used [0x00000000d8080000,0x00000000d85780a0,0x00000000d8580000)
  to   space 5120K, 0% used [0x00000000d7b80000,0x00000000d7b80000,0x00000000d8080000)
 ParOldGen       total 87552K, used 10659K [0x0000000081000000, 0x0000000086580000, 0x00000000d5b00000)
  object space 87552K, 12% used [0x0000000081000000,0x0000000081a68e18,0x0000000086580000)
 Metaspace       used 19021K, capacity 20018K, committed 20096K, reserved 1067008K
  class space    used 2683K, capacity 2911K, committed 2944K, reserved 1048576K
Event: 2.136 GC heap after
Heap after GC invocations=3 (full 0):
 PSYoungGen      total 38400K, used 5088K [0x00000000d5b00000, 0x00000000da600000, 0x0000000100000000)
  eden space 33280K, 0% used [0x00000000d5b00000,0x00000000d5b00000,0x00000000d7b80000)
  from space 5120K, 99% used [0x00000000d7b80000,0x00000000d80780a0,0x00000000d8080000)
  to   space 5120K, 0% used [0x00000000da100000,0x00000000da100000,0x00000000da600000)
 ParOldGen       total 87552K, used 12224K [0x0000000081000000, 0x0000000086580000, 0x00000000d5b00000)
  object space 87552K, 13% used [0x0000000081000000,0x0000000081bf0070,0x0000000086580000)
 Metaspace       used 19021K, capacity 20018K, committed 20096K, reserved 1067008K
  class space    used 2683K, capacity 2911K, committed 2944K, reserved 1048576K
}
Event: 2.543 GC heap before
{Heap before GC invocations=4 (full 0):
 PSYoungGen      total 38400K, used 38368K [0x00000000d5b00000, 0x00000000da600000, 0x0000000100000000)
  eden space 33280K, 100% used [0x00000000d5b00000,0x00000000d7b80000,0x00000000d7b80000)
  from space 5120K, 99% used [0x00000000d7b80000,0x00000000d80780a0,0x00000000d8080000)
  to   space 5120K, 0% used [0x00000000da100000,0x00000000da100000,0x00000000da600000)
 ParOldGen       total 87552K, used 12224K [0x0000000081000000, 0x0000000086580000, 0x00000000d5b00000)
  object space 87552K, 13% used [0x0000000081000000,0x0000000081bf0070,0x0000000086580000)
 Metaspace       used 19720K, capacity 20766K, committed 20992K, reserved 1067008K
  class space    used 2818K, capacity 3041K, committed 3072K, reserved 1048576K
Event: 2.555 GC heap after
Heap after GC invocations=4 (full 0):
 PSYoungGen      total 71680K, used 5088K [0x00000000d5b00000, 0x00000000da600000, 0x0000000100000000)
  eden space 66560K, 0% used [0x00000000d5b00000,0x00000000d5b00000,0x00000000d9c00000)
  from space 5120K, 99% used [0x00000000da100000,0x00000000da5f8040,0x00000000da600000)
  to   space 5120K, 0% used [0x00000000d9c00000,0x00000000d9c00000,0x00000000da100000)
 ParOldGen       total 87552K, used 13565K [0x0000000081000000, 0x0000000086580000, 0x00000000d5b00000)
  object space 87552K, 15% used [0x0000000081000000,0x0000000081d3f520,0x0000000086580000)
 Metaspace       used 19720K, capacity 20766K, committed 20992K, reserved 1067008K
  class space    used 2818K, capacity 3041K, committed 3072K, reserved 1048576K
}
Event: 3.125 GC heap before
{Heap before GC invocations=5 (full 0):
 PSYoungGen      total 71680K, used 58398K [0x00000000d5b00000, 0x00000000da600000, 0x0000000100000000)
  eden space 66560K, 80% used [0x00000000d5b00000,0x00000000d8f0f7d0,0x00000000d9c00000)
  from space 5120K, 99% used [0x00000000da100000,0x00000000da5f8040,0x00000000da600000)
  to   space 5120K, 0% used [0x00000000d9c00000,0x00000000d9c00000,0x00000000da100000)
 ParOldGen       total 87552K, used 13565K [0x0000000081000000, 0x0000000086580000, 0x00000000d5b00000)
  object space 87552K, 15% used [0x0000000081000000,0x0000000081d3f520,0x0000000086580000)
 Metaspace       used 20180K, capacity 21264K, committed 21296K, reserved 1067008K
  class space    used 2870K, capacity 3096K, committed 3120K, reserved 1048576K
Event: 3.139 GC heap after
Heap after GC invocations=5 (full 0):
 PSYoungGen      total 71680K, used 5088K [0x00000000d5b00000, 0x00000000dfa00000, 0x0000000100000000)
  eden space 66560K, 0% used [0x00000000d5b00000,0x00000000d5b00000,0x00000000d9c00000)
  from space 5120K, 99% used [0x00000000d9c00000,0x00000000da0f8040,0x00000000da100000)
  to   space 14848K, 0% used [0x00000000deb80000,0x00000000deb80000,0x00000000dfa00000)
 ParOldGen       total 87552K, used 15315K [0x0000000081000000, 0x0000000086580000, 0x00000000d5b00000)
  object space 87552K, 17% used [0x0000000081000000,0x0000000081ef4f88,0x0000000086580000)
 Metaspace       used 20180K, capacity 21264K, committed 21296K, reserved 1067008K
  class space    used 2870K, capacity 3096K, committed 3120K, reserved 1048576K
}
Event: 3.139 GC heap before
{Heap before GC invocations=6 (full 1):
 PSYoungGen      total 71680K, used 5088K [0x00000000d5b00000, 0x00000000dfa00000, 0x0000000100000000)
  eden space 66560K, 0% used [0x00000000d5b00000,0x00000000d5b00000,0x00000000d9c00000)
  from space 5120K, 99% used [0x00000000d9c00000,0x00000000da0f8040,0x00000000da100000)
  to   space 14848K, 0% used [0x00000000deb80000,0x00000000deb80000,0x00000000dfa00000)
 ParOldGen       total 87552K, used 15315K [0x0000000081000000, 0x0000000086580000, 0x00000000d5b00000)
  object space 87552K, 17% used [0x0000000081000000,0x0000000081ef4f88,0x0000000086580000)
 Metaspace       used 20180K, capacity 21264K, committed 21296K, reserved 1067008K
  class space    used 2870K, capacity 3096K, committed 3120K, reserved 1048576K
Event: 3.215 GC heap after
Heap after GC invocations=6 (full 1):
 PSYoungGen      total 71680K, used 0K [0x00000000d5b00000, 0x00000000dfa00000, 0x0000000100000000)
  eden space 66560K, 0% used [0x00000000d5b00000,0x00000000d5b00000,0x00000000d9c00000)
  from space 5120K, 0% used [0x00000000d9c00000,0x00000000d9c00000,0x00000000da100000)
  to   space 14848K, 0% used [0x00000000deb80000,0x00000000deb80000,0x00000000dfa00000)
 ParOldGen       total 81408K, used 18474K [0x0000000081000000, 0x0000000085f80000, 0x00000000d5b00000)
  object space 81408K, 22% used [0x0000000081000000,0x000000008220a920,0x0000000085f80000)
 Metaspace       used 20180K, capacity 21264K, committed 21296K, reserved 1067008K
  class space    used 2870K, capacity 3096K, committed 3120K, reserved 1048576K
}

Deoptimization events (10 events):
Event: 4.752 Thread 0x0000000018e74000 Uncommon trap: reason=unstable_if action=reinterpret pc=0x0000000003138dd4 method=javafx.scene.CssStyleHelper.lookup(Ljavafx/css/Styleable;Ljavafx/css/CssMetaData;Lcom/sun/javafx/css/StyleMap;Ljava/util/Set;Ljavafx/css/Styleable;Lcom/sun/javafx/css/Calcul
Event: 4.765 Thread 0x0000000018e74000 Uncommon trap: reason=unstable_if action=reinterpret pc=0x000000000276db00 method=java.lang.CharacterData.of(I)Ljava/lang/CharacterData; @ 4
Event: 4.787 Thread 0x0000000018e74000 Uncommon trap: reason=array_check action=maybe_recompile pc=0x000000000310c214 method=com.sun.javafx.css.CompoundSelector.applies(Ljavafx/css/Styleable;[Ljava/util/Set;I)Z @ 128
Event: 4.787 Thread 0x0000000018e74000 Uncommon trap: reason=array_check action=maybe_recompile pc=0x000000000310c214 method=com.sun.javafx.css.CompoundSelector.applies(Ljavafx/css/Styleable;[Ljava/util/Set;I)Z @ 128
Event: 4.787 Thread 0x0000000018e74000 Uncommon trap: reason=array_check action=maybe_recompile pc=0x000000000310c214 method=com.sun.javafx.css.CompoundSelector.applies(Ljavafx/css/Styleable;[Ljava/util/Set;I)Z @ 128
Event: 4.787 Thread 0x0000000018e74000 Uncommon trap: reason=array_check action=maybe_recompile pc=0x000000000310c214 method=com.sun.javafx.css.CompoundSelector.applies(Ljavafx/css/Styleable;[Ljava/util/Set;I)Z @ 128
Event: 4.790 Thread 0x0000000018e74000 Uncommon trap: reason=unstable_if action=reinterpret pc=0x000000000314cdec method=java.lang.StrictMath.floorOrCeil(DDDD)D @ 24
Event: 4.806 Thread 0x0000000018e74000 Uncommon trap: reason=unstable_if action=reinterpret pc=0x0000000002ceddc4 method=java.util.EnumMap.isValidKey(Ljava/lang/Object;)Z @ 16
Event: 4.808 Thread 0x0000000018e74000 Uncommon trap: reason=unstable_if action=reinterpret pc=0x0000000002cee1dc method=java.util.EnumMap.isValidKey(Ljava/lang/Object;)Z @ 16
Event: 4.839 Thread 0x0000000018e74000 Uncommon trap: reason=unstable_if action=reinterpret pc=0x0000000002b58e28 method=jdk.internal.org.objectweb.asm.Type.getArgumentsAndReturnSizes(Ljava/lang/String;)I @ 47

Internal exceptions (10 events):
Event: 1.538 Thread 0x0000000018e74000 Implicit null exception at 0x000000000290c2db to 0x000000000290cca9
Event: 1.544 Thread 0x0000000018e74000 Implicit null exception at 0x000000000291749b to 0x0000000002917e69
Event: 1.703 Thread 0x0000000018e74000 Implicit null exception at 0x0000000002806656 to 0x00000000028069f9
Event: 2.007 Thread 0x0000000018e74000 Implicit null exception at 0x00000000028ae275 to 0x00000000028ae491
Event: 2.007 Thread 0x0000000018e74000 Implicit null exception at 0x00000000029b42d8 to 0x00000000029b4366
Event: 3.630 Thread 0x0000000018e74000 Implicit null exception at 0x0000000002f0119a to 0x0000000002f019a9
Event: 3.908 Thread 0x0000000018e74000 Implicit null exception at 0x0000000002ff2c15 to 0x0000000002ff683d
Event: 4.512 Thread 0x0000000018e4f800 Implicit null exception at 0x0000000002d814d1 to 0x0000000002d84669
Event: 4.556 Thread 0x0000000018e4f800 Implicit null exception at 0x0000000002d9f0a4 to 0x0000000002da2501
Event: 6.113 Thread 0x0000000027a74000 Exception <a 'java/lang/IllegalStateException'> (0x00000000d9211b18) thrown at [C:\re\workspace\8-2-build-windows-amd64-cygwin\jdk8u121\8372\hotspot\src\share\vm\prims\jvm.cpp, line 1394]

Events (10 events):
Event: 6.109 Thread 0x0000000022c45000 Thread added: 0x0000000022c45000
Event: 6.109 Thread 0x0000000027a74000 Thread added: 0x0000000027a74000
Event: 6.109 loading class com/sun/javafx/tk/quantum/QuantumRenderer
Event: 6.109 loading class com/sun/javafx/tk/quantum/QuantumRenderer done
Event: 6.110 Thread 0x0000000022c45000 Thread exited: 0x0000000022c45000
Event: 6.113 loading class com/sun/javafx/tk/quantum/QuantumToolkit
Event: 6.113 loading class com/sun/javafx/tk/quantum/QuantumToolkit done
Event: 6.113 Thread 0x0000000027a74000 Thread exited: 0x0000000027a74000
Event: 6.114 Thread 0x000000001711e000 Thread exited: 0x000000001711e000
Event: 6.114 Executing VM operation: Exit


Dynamic libraries:
0x00007ff666b80000 - 0x00007ff666bb7000 	C:\Program Files\Java\jdk1.8.0_121\bin\javaw.exe
0x00007ffccc480000 - 0x00007ffccc651000 	C:\WINDOWS\SYSTEM32\ntdll.dll
0x00007ffccba80000 - 0x00007ffccbb2c000 	C:\WINDOWS\System32\KERNEL32.DLL
0x00007ffcc9300000 - 0x00007ffcc951d000 	C:\WINDOWS\System32\KERNELBASE.dll
0x00007ffcc9a70000 - 0x00007ffcc9b12000 	C:\WINDOWS\System32\ADVAPI32.dll
0x00007ffccbb30000 - 0x00007ffccbbce000 	C:\WINDOWS\System32\msvcrt.dll
0x00007ffcc9b20000 - 0x00007ffcc9b79000 	C:\WINDOWS\System32\sechost.dll
0x00007ffccb210000 - 0x00007ffccb331000 	C:\WINDOWS\System32\RPCRT4.dll
0x00007ffcc9b90000 - 0x00007ffcc9cf5000 	C:\WINDOWS\System32\USER32.dll
0x00007ffcc8980000 - 0x00007ffcc899e000 	C:\WINDOWS\System32\win32u.dll
0x00007ffccb340000 - 0x00007ffccb374000 	C:\WINDOWS\System32\GDI32.dll
0x00007ffcc9890000 - 0x00007ffcc9a10000 	C:\WINDOWS\System32\gdi32full.dll
0x00007ffcc0b30000 - 0x00007ffcc0daa000 	C:\WINDOWS\WinSxS\amd64_microsoft.windows.common-controls_6595b64144ccf1df_6.0.14393.953_none_42151e83c686086b\COMCTL32.dll
0x00007ffccb380000 - 0x00007ffccb648000 	C:\WINDOWS\System32\combase.dll
0x00007ffcc9790000 - 0x00007ffcc9885000 	C:\WINDOWS\System32\ucrtbase.dll
0x00007ffcc8a50000 - 0x00007ffcc8aba000 	C:\WINDOWS\System32\bcryptPrimitives.dll
0x00007ffccc3c0000 - 0x00007ffccc3ee000 	C:\WINDOWS\System32\IMM32.DLL
0x000000005ac80000 - 0x000000005ad52000 	C:\Program Files\Java\jdk1.8.0_121\jre\bin\msvcr100.dll
0x000000005ad60000 - 0x000000005b5fb000 	C:\Program Files\Java\jdk1.8.0_121\jre\bin\server\jvm.dll
0x00007ffcc9b80000 - 0x00007ffcc9b88000 	C:\WINDOWS\System32\PSAPI.DLL
0x00007ffcc6e30000 - 0x00007ffcc6e53000 	C:\WINDOWS\SYSTEM32\WINMM.dll
0x00007ffcba860000 - 0x00007ffcba869000 	C:\WINDOWS\SYSTEM32\WSOCK32.dll
0x00007ffccc350000 - 0x00007ffccc3ba000 	C:\WINDOWS\System32\WS2_32.dll
0x0000000002270000 - 0x000000000229b000 	C:\WINDOWS\SYSTEM32\WINMMBASE.dll
0x00007ffcc92b0000 - 0x00007ffcc92f2000 	C:\WINDOWS\System32\cfgmgr32.dll
0x00007ffcbe290000 - 0x00007ffcbe29a000 	C:\WINDOWS\SYSTEM32\VERSION.dll
0x000000005b7e0000 - 0x000000005b7ef000 	C:\Program Files\Java\jdk1.8.0_121\jre\bin\verify.dll
0x000000005b7b0000 - 0x000000005b7d9000 	C:\Program Files\Java\jdk1.8.0_121\jre\bin\java.dll
0x000000005b790000 - 0x000000005b7a6000 	C:\Program Files\Java\jdk1.8.0_121\jre\bin\zip.dll
0x00007ffcc9d00000 - 0x00007ffccb208000 	C:\WINDOWS\System32\SHELL32.dll
0x00007ffcc8b70000 - 0x00007ffcc924a000 	C:\WINDOWS\System32\windows.storage.dll
0x00007ffcc8930000 - 0x00007ffcc897c000 	C:\WINDOWS\System32\powrprof.dll
0x00007ffccbf70000 - 0x00007ffccbfc2000 	C:\WINDOWS\System32\shlwapi.dll
0x00007ffcc8910000 - 0x00007ffcc891f000 	C:\WINDOWS\System32\kernel.appcore.dll
0x00007ffcc89a0000 - 0x00007ffcc8a49000 	C:\WINDOWS\System32\shcore.dll
0x00007ffcc88f0000 - 0x00007ffcc8904000 	C:\WINDOWS\System32\profapi.dll
0x00007ffca0d10000 - 0x00007ffca0dff000 	C:\Program Files\Java\jdk1.8.0_121\jre\bin\msvcr120.dll
0x00007ffca0ed0000 - 0x00007ffca0f76000 	C:\Program Files\Java\jdk1.8.0_121\jre\bin\msvcp120.dll
0x000000005b6e0000 - 0x000000005b702000 	C:\Program Files\Java\jdk1.8.0_121\jre\bin\prism_d3d.dll
0x00007ffc986b0000 - 0x00007ffc9883d000 	C:\WINDOWS\system32\d3d9.dll
0x00007ffcc6b70000 - 0x00007ffcc6b96000 	C:\WINDOWS\SYSTEM32\dwmapi.dll
0x00007ffcc7070000 - 0x00007ffcc7105000 	C:\WINDOWS\system32\uxtheme.dll
0x00007ffccc290000 - 0x00007ffccc34f000 	C:\WINDOWS\System32\OLEAUT32.dll
0x00007ffcc96f0000 - 0x00007ffcc978c000 	C:\WINDOWS\System32\msvcp_win.dll
0x00007ffccbe30000 - 0x00007ffccbf68000 	C:\WINDOWS\System32\ole32.dll
0x000000005ac30000 - 0x000000005ac73000 	C:\Program Files\Java\jdk1.8.0_121\jre\bin\glass.dll
0x00007ffccbbd0000 - 0x00007ffccbcca000 	C:\WINDOWS\System32\COMDLG32.dll
0x00007ffccbcd0000 - 0x00007ffccbe2a000 	C:\WINDOWS\System32\MSCTF.dll
0x00007ffc7c070000 - 0x00007ffc7cbb6000 	C:\WINDOWS\SYSTEM32\ig75icd64.dll
0x00007ffcc5790000 - 0x00007ffcc57a3000 	C:\WINDOWS\SYSTEM32\WTSAPI32.dll
0x00007ffc9e290000 - 0x00007ffc9e3b3000 	C:\WINDOWS\SYSTEM32\OPENGL32.dll
0x00007ffcbe5c0000 - 0x00007ffcbf000000 	C:\WINDOWS\SYSTEM32\igdusc64.dll
0x00007ffc9e220000 - 0x00007ffc9e24d000 	C:\WINDOWS\SYSTEM32\GLU32.dll
0x00007ffc9e0b0000 - 0x00007ffc9e1a7000 	C:\WINDOWS\SYSTEM32\DDRAW.dll
0x00007ffc9f6c0000 - 0x00007ffc9f6c8000 	C:\WINDOWS\SYSTEM32\DCIMAN32.dll
0x000000005ac10000 - 0x000000005ac24000 	C:\Program Files\Java\jdk1.8.0_121\jre\bin\javafx_font.dll
0x00007ffcbc710000 - 0x00007ffcbc979000 	C:\WINDOWS\SYSTEM32\dwrite.dll
0x000000005b720000 - 0x000000005b744000 	C:\Program Files\Java\jdk1.8.0_121\jre\bin\sunec.dll
0x000000005b770000 - 0x000000005b78a000 	C:\Program Files\Java\jdk1.8.0_121\jre\bin\net.dll
0x00007ffcc81c0000 - 0x00007ffcc821c000 	C:\WINDOWS\system32\mswsock.dll
0x00007ffcc7f40000 - 0x00007ffcc7f78000 	C:\WINDOWS\SYSTEM32\IPHLPAPI.DLL
0x00007ffccc470000 - 0x00007ffccc478000 	C:\WINDOWS\System32\NSI.dll
0x00007ffcc1c90000 - 0x00007ffcc1ca6000 	C:\WINDOWS\SYSTEM32\dhcpcsvc6.DLL
0x00007ffcc3120000 - 0x00007ffcc313a000 	C:\WINDOWS\SYSTEM32\dhcpcsvc.DLL
0x000000005b750000 - 0x000000005b761000 	C:\Program Files\Java\jdk1.8.0_121\jre\bin\nio.dll
0x00007ffccc030000 - 0x00007ffccc0cf000 	C:\WINDOWS\System32\clbcatq.dll
0x00007ffcc3830000 - 0x00007ffcc39d8000 	C:\WINDOWS\SYSTEM32\WindowsCodecs.dll
0x00007ffcab1d0000 - 0x00007ffcab219000 	C:\WINDOWS\system32\dataexchange.dll
0x00007ffcc5d70000 - 0x00007ffcc6026000 	C:\WINDOWS\system32\d3d11.dll
0x00007ffcc6710000 - 0x00007ffcc6861000 	C:\WINDOWS\system32\dcomp.dll
0x00007ffcc7870000 - 0x00007ffcc790f000 	C:\WINDOWS\system32\dxgi.dll
0x00007ffcc7310000 - 0x00007ffcc742c000 	C:\WINDOWS\system32\twinapi.appcore.dll
0x00007ffcc8840000 - 0x00007ffcc886b000 	C:\WINDOWS\system32\bcrypt.dll
0x00007ffca21a0000 - 0x00007ffca21d2000 	C:\Program Files\Common Files\Microsoft Shared\Ink\rtscom.dll
0x000000005abe0000 - 0x000000005ac03000 	C:\Program Files\Java\jdk1.8.0_121\jre\bin\javafx_iio.dll
0x000000005abc0000 - 0x000000005abd1000 	C:\Program Files\Java\jdk1.8.0_121\jre\bin\prism_common.dll
0x00007ffcbabb0000 - 0x00007ffcbad42000 	C:\WINDOWS\SYSTEM32\dbghelp.dll

VM Arguments:
jvm_args: -Dfile.encoding=UTF-8 
java_command: com.jeeves.vpl.Main
java_class_path (initial): C:\Users\Daniel\workspace\JeevesMaven\target\classes;C:\Users\Daniel\workspace\JeevesMaven\poi-3.15.jar;C:\Users\Daniel\workspace\JeevesMaven\commons-lang3-3.5.jar;C:\Users\Daniel\workspace\JeevesMaven\controlsfx-8.40.12.jar;C:\Users\Daniel\.m2\repository\commons-codec\commons-codec\1.9\commons-codec-1.9.jar;C:\Users\Daniel\.m2\repository\commons-validator\commons-validator\1.4.1\commons-validator-1.4.1.jar;C:\Users\Daniel\.m2\repository\commons-beanutils\commons-beanutils\1.8.3\commons-beanutils-1.8.3.jar;C:\Users\Daniel\.m2\repository\commons-digester\commons-digester\1.8.1\commons-digester-1.8.1.jar;C:\Users\Daniel\.m2\repository\commons-logging\commons-logging\1.2\commons-logging-1.2.jar;C:\Users\Daniel\.m2\repository\commons-collections\commons-collections\3.2.1\commons-collections-3.2.1.jar;C:\Users\Daniel\.m2\repository\org\apache\shiro\shiro-core\1.3.2\shiro-core-1.3.2.jar;C:\Users\Daniel\.m2\repository\org\slf4j\slf4j-api\1.6.4\slf4j-api-1.6.4.jar;C:\Users\Daniel\.m2\repository\com\google\firebase\firebase-admin\5.1.0\firebase-admin-5.1.0.jar;C:\Users\Daniel\.m2\repository\com\google\api-client\google-api-client\1.22.0\google-api-client-1.22.0.jar;C:\Users\Daniel\.m2\repository\com\google\oauth-client\google-oauth-client\1.22.0\google-oauth-client-1.22.0.jar;C:\Users\Daniel\.m2\repository\com\google\http-client\google-http-client-jackson2\1.22.0\google-http-client-jackson2-1.22.0.jar;C:\Users\Daniel\.m2\repository\com\fasterxml\jackson\core\jackson-core\2.1.3\jackson-core-2.1.3.jar;C:\Users\Daniel\.m2\repository\com\google\api-client\google-api-client-gson\1.22.0\google-api-client-gson-1.22.0.jar;C:\Users\Daniel\.m2\repository\com\google\http-client\google-http-client-gson\1.22.0\google-http-client-gson-1.22.0.jar;C:\Users\Daniel\.m2\repository\com\google\code\gson\gson\2.1\gson-2.1.jar;C:\Users\Daniel\.m2\repository\com\google\http-client\google-http-client\1.22.0\google-http-client-1.22.0.jar;C:\Users\Daniel\.m2\repository\com
Launcher Type: SUN_STANDARD

Environment Variables:
JAVA_HOME=C:\Program Files\Java\jdk1.8.0_121
CLASSPATH=.
USERNAME=Daniel
OS=Windows_NT
PROCESSOR_IDENTIFIER=Intel64 Family 6 Model 69 Stepping 1, GenuineIntel



---------------  S Y S T E M  ---------------

OS: Windows 10.0 , 64 bit Build 14393 (10.0.14393.1198)

CPU:total 4 (2 cores per cpu, 2 threads per core) family 6 model 69 stepping 1, cmov, cx8, fxsr, mmx, sse, sse2, sse3, ssse3, sse4.1, sse4.2, popcnt, avx, avx2, aes, clmul, erms, lzcnt, ht, tsc, tscinvbit, bmi1, bmi2

Memory: 4k page, physical 8317080k(1567892k free), swap 16105740k(3606332k free)

vm_info: Java HotSpot(TM) 64-Bit Server VM (25.121-b13) for windows-amd64 JRE (1.8.0_121-b13), built on Dec 12 2016 18:21:36 by "java_re" with MS VC++ 10.0 (VS2010)

time: Tue Jul 11 22:27:19 2017
elapsed time: 6 seconds (0d 0h 0m 6s)

