#
# A fatal error has been detected by the Java Runtime Environment:
#
#  EXCEPTION_ACCESS_VIOLATION (0xc0000005) at pc=0x000000005d4378b0, pid=16944, tid=0x00000000000045d4
#
# JRE version: Java(TM) SE Runtime Environment (8.0_161-b12) (build 1.8.0_161-b12)
# Java VM: Java HotSpot(TM) 64-Bit Server VM (25.161-b12 mixed mode windows-amd64 compressed oops)
# Problematic frame:
# C  [glass.dll+0x278b0]
#
# Failed to write core dump. Minidumps are not enabled by default on client versions of Windows
#
# If you would like to submit a bug report, please visit:
#   http://bugreport.java.com/bugreport/crash.jsp
#

---------------  T H R E A D  ---------------

Current thread (0x00000000170e7000):  VMThread [stack: 0x0000000018170000,0x0000000018270000] [id=17876]

siginfo: ExceptionCode=0xc0000005, reading address 0x0000000000000000

Registers:
RAX=0x0000000000000000, RBX=0x00000000026011f8, RCX=0x00000000170e7000, RDX=0x000000005dd3dc78
RSP=0x000000001826f440, RBP=0x00000000007463c8, RSI=0x00000000007463a0, RDI=0x00006073b7b14718
R8 =0x0000000000010002, R9 =0x0000000000000018, R10=0x00006073b7b14718, R11=0x000000001826f350
R12=0x0000000000000000, R13=0x0000000000000040, R14=0x000000001826f558, R15=0x00000000007463a0
RIP=0x000000005d4378b0, EFLAGS=0x0000000000010202

Top of Stack: (sp=0x000000001826f440)
0x000000001826f440:   0000000000000000 00007ffd6a2888db
0x000000001826f450:   00000000007463b0 00000000007463b0
0x000000001826f460:   fffffffffffffffe 000000005d44c1b0
0x000000001826f470:   00000000007463a8 00007ffd6a28fcb3
0x000000001826f480:   00000000007463c0 00007ffd00000000
0x000000001826f490:   0000eca22a521bed 0000000000000000
0x000000001826f4a0:   fffffffffffffffe 00007ffd6a28fb5d
0x000000001826f4b0:   0000000000000001 000000005d410000
0x000000001826f4c0:   0000000002421638 000000005d4348dc
0x000000001826f4d0:   000000001826f548 00007ffd6a28f967
0x000000001826f4e0:   0000000000000000 000000001826f558
0x000000001826f4f0:   0000000016ff59a0 00007ffd6a36a080
0x000000001826f500:   0000000000000000 00007ffd6a28f924
0x000000001826f510:   0000000000000000 0000000000000001
0x000000001826f520:   0000000021363940 000000001826f548
0x000000001826f530:   0000000000000000 000000005d434752 

Instructions: (pc=0x000000005d4378b0)
0x000000005d437890:   40 53 48 83 ec 30 48 c7 44 24 20 fe ff ff ff 48
0x000000005d4378a0:   8b 1d 7a 72 01 00 48 85 db 74 16 e8 00 81 ff ff
0x000000005d4378b0:   4c 8b 00 48 8b d3 48 8b c8 41 ff 90 b0 00 00 00
0x000000005d4378c0:   90 48 83 c4 30 5b c3 cc cc cc cc cc cc cc cc cc 


Register to memory mapping:

RAX=0x0000000000000000 is an unknown value
RBX=0x00000000026011f8 is a global jni handle
RCX=0x00000000170e7000 is an unknown value
RDX=0x000000005dd3dc78 is an unknown value
RSP=0x000000001826f440 is an unknown value
RBP=0x00000000007463c8 is an unknown value
RSI=0x00000000007463a0 is an unknown value
RDI=0x00006073b7b14718 is an unknown value
R8 =0x0000000000010002 is an unknown value
R9 =0x0000000000000018 is an unknown value
R10=0x00006073b7b14718 is an unknown value
R11=0x000000001826f350 is an unknown value
R12=0x0000000000000000 is an unknown value
R13=0x0000000000000040 is an unknown value
R14=0x000000001826f558 is an unknown value
R15=0x00000000007463a0 is an unknown value


Stack: [0x0000000018170000,0x0000000018270000],  sp=0x000000001826f440,  free space=1021k
Native frames: (J=compiled Java code, j=interpreted, Vv=VM code, C=native code)
C  [glass.dll+0x278b0]
C  [ucrtbase.dll+0xfcb3]
C  [ucrtbase.dll+0xf967]
C  [ucrtbase.dll+0xf924]
C  [glass.dll+0x24752]
C  [glass.dll+0x24850]
C  [ntdll.dll+0x3b583]
C  [ntdll.dll+0x47f85]
C  [ntdll.dll+0x47e48]
C  [KERNEL32.DLL+0x1ca7a]
C  [msvcr100.dll+0x20ccd]
V  [jvm.dll+0x212e95]
V  [jvm.dll+0x24c227]
V  [jvm.dll+0x24b4c6]
V  [jvm.dll+0x24b961]
V  [jvm.dll+0x24bb7e]
V  [jvm.dll+0x29cc4a]
C  [msvcr100.dll+0x21d9f]
C  [msvcr100.dll+0x21e3b]
C  [KERNEL32.DLL+0x14034]
C  [ntdll.dll+0x73691]

VM_Operation (0x000000001990ad20): Exit, mode: safepoint, requested by thread 0x0000000018bc9000


---------------  P R O C E S S  ---------------

Java Threads: ( => current thread )
  0x00000000206f4000 JavaThread "Prism Font Disposer" daemon [_thread_blocked, id=16388, stack(0x00000000240e0000,0x00000000241e0000)]
  0x00000000204e3000 JavaThread "JavaFX-Launcher" [_thread_blocked, id=10900, stack(0x0000000020dd0000,0x0000000020ed0000)]
  0x0000000018c00000 JavaThread "Thread-2" daemon [_thread_in_native, id=15456, stack(0x0000000020cd0000,0x0000000020dd0000)]
  0x0000000018bc9000 JavaThread "JavaFX Application Thread" [_thread_blocked, id=20300, stack(0x0000000019810000,0x0000000019910000)]
  0x0000000018bd6000 JavaThread "Thread-1" daemon [_thread_blocked, id=18776, stack(0x0000000019710000,0x0000000019810000)]
  0x0000000018bb6000 JavaThread "QuantumRenderer-0" daemon [_thread_blocked, id=14220, stack(0x0000000019230000,0x0000000019330000)]
  0x0000000018896000 JavaThread "Service Thread" daemon [_thread_blocked, id=12976, stack(0x0000000018e60000,0x0000000018f60000)]
  0x000000001886b800 JavaThread "C1 CompilerThread2" daemon [_thread_blocked, id=2588, stack(0x0000000018d60000,0x0000000018e60000)]
  0x000000001717c800 JavaThread "C2 CompilerThread1" daemon [_thread_blocked, id=23784, stack(0x0000000018c60000,0x0000000018d60000)]
  0x0000000017125800 JavaThread "C2 CompilerThread0" daemon [_thread_blocked, id=9952, stack(0x0000000018760000,0x0000000018860000)]
  0x0000000017124000 JavaThread "Attach Listener" daemon [_thread_blocked, id=8732, stack(0x0000000018660000,0x0000000018760000)]
  0x0000000017122800 JavaThread "Signal Dispatcher" daemon [_thread_blocked, id=7240, stack(0x0000000018560000,0x0000000018660000)]
  0x000000001710e800 JavaThread "Finalizer" daemon [_thread_blocked, id=17884, stack(0x0000000018370000,0x0000000018470000)]
  0x0000000002626000 JavaThread "Reference Handler" daemon [_thread_blocked, id=16748, stack(0x0000000018270000,0x0000000018370000)]
  0x0000000002536000 JavaThread "main" [_thread_blocked, id=15728, stack(0x0000000002430000,0x0000000002530000)]

Other Threads:
=>0x00000000170e7000 VMThread [stack: 0x0000000018170000,0x0000000018270000] [id=17876]

VM state:at safepoint (shutting down)

VM Mutex/Monitor currently owned by a thread:  ([mutex/lock_event])
[0x0000000002532b50] Threads_lock - owner thread: 0x00000000170e7000

Heap:
 PSYoungGen      total 61440K, used 50656K [0x00000000d6000000, 0x00000000daa80000, 0x0000000100000000)
  eden space 48128K, 85% used [0x00000000d6000000,0x00000000d881d960,0x00000000d8f00000)
  from space 13312K, 71% used [0x00000000d9c80000,0x00000000da5da940,0x00000000da980000)
  to   space 13824K, 0% used [0x00000000d8f00000,0x00000000d8f00000,0x00000000d9c80000)
 ParOldGen       total 57856K, used 23322K [0x0000000082000000, 0x0000000085880000, 0x00000000d6000000)
  object space 57856K, 40% used [0x0000000082000000,0x00000000836c6940,0x0000000085880000)
 Metaspace       used 28253K, capacity 30418K, committed 30592K, reserved 1075200K
  class space    used 4062K, capacity 4425K, committed 4480K, reserved 1048576K

Card table byte_map: [0x00000000119f0000,0x0000000011df0000] byte_map_base: 0x00000000115e0000

Marking Bits: (ParMarkBitMap*) 0x000000005df2f860
 Begin Bits: [0x0000000012490000, 0x0000000014410000)
 End Bits:   [0x0000000014410000, 0x0000000016390000)

Polling page: 0x0000000000a50000

CodeCache: size=245760Kb used=15461Kb max_used=15489Kb free=230298Kb
 bounds [0x0000000002630000, 0x0000000003560000, 0x0000000011630000]
 total_blobs=5389 nmethods=4656 adapters=644
 compilation: enabled

Compilation events (10 events):
Event: 245.733 Thread 0x000000001886b800 5056       3       com.sun.javafx.tk.quantum.WindowStage::setInAllowedEventHandler (6 bytes)
Event: 245.733 Thread 0x000000001886b800 nmethod 5056 0x000000000355ac50 code [0x000000000355ada0, 0x000000000355aef0]
Event: 245.797 Thread 0x000000001886b800 5057       1       javafx.scene.input.MouseEvent::getSceneX (5 bytes)
Event: 245.797 Thread 0x000000001886b800 nmethod 5057 0x000000000355af90 code [0x000000000355b0e0, 0x000000000355b1f0]
Event: 245.797 Thread 0x000000001886b800 5058       1       javafx.scene.input.MouseEvent::getSceneY (5 bytes)
Event: 245.798 Thread 0x000000001886b800 nmethod 5058 0x000000000355b250 code [0x000000000355b3a0, 0x000000000355b4b0]
Event: 245.952 Thread 0x0000000017125800 5059       4       javafx.scene.input.MouseEvent::getEventType (5 bytes)
Event: 245.952 Thread 0x0000000017125800 nmethod 5059 0x0000000002a23c50 code [0x0000000002a23d80, 0x0000000002a23dd8]
Event: 245.958 Thread 0x000000001886b800 5060       1       java.util.logging.LogManager::access$500 (5 bytes)
Event: 245.958 Thread 0x000000001886b800 nmethod 5060 0x000000000355de90 code [0x000000000355dfe0, 0x000000000355e0d0]

GC Heap History (10 events):
Event: 18.901 GC heap before
{Heap before GC invocations=7 (full 1):
 PSYoungGen      total 37376K, used 32999K [0x00000000d6000000, 0x00000000d9d80000, 0x0000000100000000)
  eden space 32256K, 100% used [0x00000000d6000000,0x00000000d7f80000,0x00000000d7f80000)
  from space 5120K, 14% used [0x00000000d8000000,0x00000000d80b9c50,0x00000000d8500000)
  to   space 15360K, 0% used [0x00000000d8e80000,0x00000000d8e80000,0x00000000d9d80000)
 ParOldGen       total 57856K, used 16317K [0x0000000082000000, 0x0000000085880000, 0x00000000d6000000)
  object space 57856K, 28% used [0x0000000082000000,0x0000000082fef598,0x0000000085880000)
 Metaspace       used 21338K, capacity 22640K, committed 22912K, reserved 1069056K
  class space    used 3088K, capacity 3342K, committed 3456K, reserved 1048576K
Event: 18.903 GC heap after
Heap after GC invocations=7 (full 1):
 PSYoungGen      total 45568K, used 2107K [0x00000000d6000000, 0x00000000d9c00000, 0x0000000100000000)
  eden space 31744K, 0% used [0x00000000d6000000,0x00000000d6000000,0x00000000d7f00000)
  from space 13824K, 15% used [0x00000000d8e80000,0x00000000d908eef0,0x00000000d9c00000)
  to   space 14848K, 0% used [0x00000000d7f00000,0x00000000d7f00000,0x00000000d8d80000)
 ParOldGen       total 57856K, used 16325K [0x0000000082000000, 0x0000000085880000, 0x00000000d6000000)
  object space 57856K, 28% used [0x0000000082000000,0x0000000082ff1598,0x0000000085880000)
 Metaspace       used 21338K, capacity 22640K, committed 22912K, reserved 1069056K
  class space    used 3088K, capacity 3342K, committed 3456K, reserved 1048576K
}
Event: 19.667 GC heap before
{Heap before GC invocations=8 (full 1):
 PSYoungGen      total 45568K, used 33851K [0x00000000d6000000, 0x00000000d9c00000, 0x0000000100000000)
  eden space 31744K, 100% used [0x00000000d6000000,0x00000000d7f00000,0x00000000d7f00000)
  from space 13824K, 15% used [0x00000000d8e80000,0x00000000d908eef0,0x00000000d9c00000)
  to   space 14848K, 0% used [0x00000000d7f00000,0x00000000d7f00000,0x00000000d8d80000)
 ParOldGen       total 57856K, used 16325K [0x0000000082000000, 0x0000000085880000, 0x00000000d6000000)
  object space 57856K, 28% used [0x0000000082000000,0x0000000082ff1598,0x0000000085880000)
 Metaspace       used 22604K, capacity 23936K, committed 24064K, reserved 1069056K
  class space    used 3251K, capacity 3510K, committed 3584K, reserved 1048576K
Event: 19.670 GC heap after
Heap after GC invocations=8 (full 1):
 PSYoungGen      total 39424K, used 7815K [0x00000000d6000000, 0x00000000d9b80000, 0x0000000100000000)
  eden space 31232K, 0% used [0x00000000d6000000,0x00000000d6000000,0x00000000d7e80000)
  from space 8192K, 95% used [0x00000000d7f00000,0x00000000d86a1c88,0x00000000d8700000)
  to   space 14848K, 0% used [0x00000000d8d00000,0x00000000d8d00000,0x00000000d9b80000)
 ParOldGen       total 57856K, used 16333K [0x0000000082000000, 0x0000000085880000, 0x00000000d6000000)
  object space 57856K, 28% used [0x0000000082000000,0x0000000082ff3598,0x0000000085880000)
 Metaspace       used 22604K, capacity 23936K, committed 24064K, reserved 1069056K
  class space    used 3251K, capacity 3510K, committed 3584K, reserved 1048576K
}
Event: 19.832 GC heap before
{Heap before GC invocations=9 (full 1):
 PSYoungGen      total 39424K, used 39047K [0x00000000d6000000, 0x00000000d9b80000, 0x0000000100000000)
  eden space 31232K, 100% used [0x00000000d6000000,0x00000000d7e80000,0x00000000d7e80000)
  from space 8192K, 95% used [0x00000000d7f00000,0x00000000d86a1c88,0x00000000d8700000)
  to   space 14848K, 0% used [0x00000000d8d00000,0x00000000d8d00000,0x00000000d9b80000)
 ParOldGen       total 57856K, used 16333K [0x0000000082000000, 0x0000000085880000, 0x00000000d6000000)
  object space 57856K, 28% used [0x0000000082000000,0x0000000082ff3598,0x0000000085880000)
 Metaspace       used 22651K, capacity 24032K, committed 24320K, reserved 1071104K
  class space    used 3253K, capacity 3514K, committed 3584K, reserved 1048576K
Event: 19.836 GC heap after
Heap after GC invocations=9 (full 1):
 PSYoungGen      total 46592K, used 7128K [0x00000000d6000000, 0x00000000db300000, 0x0000000100000000)
  eden space 31744K, 0% used [0x00000000d6000000,0x00000000d6000000,0x00000000d7f00000)
  from space 14848K, 48% used [0x00000000d8d00000,0x00000000d93f61e0,0x00000000d9b80000)
  to   space 14336K, 0% used [0x00000000d7f00000,0x00000000d7f00000,0x00000000d8d00000)
 ParOldGen       total 57856K, used 16333K [0x0000000082000000, 0x0000000085880000, 0x00000000d6000000)
  object space 57856K, 28% used [0x0000000082000000,0x0000000082ff3598,0x0000000085880000)
 Metaspace       used 22651K, capacity 24032K, committed 24320K, reserved 1071104K
  class space    used 3253K, capacity 3514K, committed 3584K, reserved 1048576K
}
Event: 19.993 GC heap before
{Heap before GC invocations=10 (full 1):
 PSYoungGen      total 46592K, used 38872K [0x00000000d6000000, 0x00000000db300000, 0x0000000100000000)
  eden space 31744K, 100% used [0x00000000d6000000,0x00000000d7f00000,0x00000000d7f00000)
  from space 14848K, 48% used [0x00000000d8d00000,0x00000000d93f61e0,0x00000000d9b80000)
  to   space 14336K, 0% used [0x00000000d7f00000,0x00000000d7f00000,0x00000000d8d00000)
 ParOldGen       total 57856K, used 16333K [0x0000000082000000, 0x0000000085880000, 0x00000000d6000000)
  object space 57856K, 28% used [0x0000000082000000,0x0000000082ff3598,0x0000000085880000)
 Metaspace       used 22736K, capacity 24086K, committed 24320K, reserved 1071104K
  class space    used 3258K, capacity 3523K, committed 3584K, reserved 1048576K
Event: 19.997 GC heap after
Heap after GC invocations=10 (full 1):
 PSYoungGen      total 46080K, used 6289K [0x00000000d6000000, 0x00000000da980000, 0x0000000100000000)
  eden space 31744K, 0% used [0x00000000d6000000,0x00000000d6000000,0x00000000d7f00000)
  from space 14336K, 43% used [0x00000000d7f00000,0x00000000d8524590,0x00000000d8d00000)
  to   space 13312K, 0% used [0x00000000d9c80000,0x00000000d9c80000,0x00000000da980000)
 ParOldGen       total 57856K, used 18269K [0x0000000082000000, 0x0000000085880000, 0x00000000d6000000)
  object space 57856K, 31% used [0x0000000082000000,0x00000000831d76c8,0x0000000085880000)
 Metaspace       used 22736K, capacity 24086K, committed 24320K, reserved 1071104K
  class space    used 3258K, capacity 3523K, committed 3584K, reserved 1048576K
}
Event: 21.205 GC heap before
{Heap before GC invocations=11 (full 1):
 PSYoungGen      total 46080K, used 38033K [0x00000000d6000000, 0x00000000da980000, 0x0000000100000000)
  eden space 31744K, 100% used [0x00000000d6000000,0x00000000d7f00000,0x00000000d7f00000)
  from space 14336K, 43% used [0x00000000d7f00000,0x00000000d8524590,0x00000000d8d00000)
  to   space 13312K, 0% used [0x00000000d9c80000,0x00000000d9c80000,0x00000000da980000)
 ParOldGen       total 57856K, used 18269K [0x0000000082000000, 0x0000000085880000, 0x00000000d6000000)
  object space 57856K, 31% used [0x0000000082000000,0x00000000831d76c8,0x0000000085880000)
 Metaspace       used 25956K, capacity 27936K, committed 28032K, reserved 1073152K
  class space    used 3851K, capacity 4184K, committed 4224K, reserved 1048576K
Event: 21.225 GC heap after
Heap after GC invocations=11 (full 1):
 PSYoungGen      total 61440K, used 9578K [0x00000000d6000000, 0x00000000daa80000, 0x0000000100000000)
  eden space 48128K, 0% used [0x00000000d6000000,0x00000000d6000000,0x00000000d8f00000)
  from space 13312K, 71% used [0x00000000d9c80000,0x00000000da5da940,0x00000000da980000)
  to   space 13824K, 0% used [0x00000000d8f00000,0x00000000d8f00000,0x00000000d9c80000)
 ParOldGen       total 57856K, used 23322K [0x0000000082000000, 0x0000000085880000, 0x00000000d6000000)
  object space 57856K, 40% used [0x0000000082000000,0x00000000836c6940,0x0000000085880000)
 Metaspace       used 25956K, capacity 27936K, committed 28032K, reserved 1073152K
  class space    used 3851K, capacity 4184K, committed 4224K, reserved 1048576K
}

Deoptimization events (10 events):
Event: 22.683 Thread 0x0000000018bc9000 Uncommon trap: reason=unstable_if action=reinterpret pc=0x0000000003316584 method=javafx.scene.Node.impl_markDirty(Lcom/sun/javafx/scene/DirtyBits;)V @ 4
Event: 22.683 Thread 0x0000000018bc9000 Uncommon trap: reason=unstable_if action=reinterpret pc=0x000000000325d2fc method=javafx.scene.Node.impl_isDirtyEmpty()Z @ 4
Event: 22.685 Thread 0x0000000018bc9000 Uncommon trap: reason=unstable_if action=reinterpret pc=0x000000000325e654 method=javafx.scene.Node.impl_isDirtyEmpty()Z @ 4
Event: 22.758 Thread 0x0000000018bc9000 Uncommon trap: reason=unstable_if action=reinterpret pc=0x0000000002a8dea8 method=jdk.internal.org.objectweb.asm.Type.getArgumentsAndReturnSizes(Ljava/lang/String;)I @ 47
Event: 73.351 Thread 0x0000000018bc9000 Uncommon trap: reason=unstable_if action=reinterpret pc=0x00000000029b1764 method=java.util.concurrent.locks.ReentrantLock$Sync.isHeldExclusively()Z @ 7
Event: 73.359 Thread 0x0000000018bc9000 Uncommon trap: reason=unstable_if action=reinterpret pc=0x0000000002e51744 method=java.util.EnumMap.isValidKey(Ljava/lang/Object;)Z @ 16
Event: 73.478 Thread 0x0000000018bc9000 Uncommon trap: reason=unstable_if action=reinterpret pc=0x000000000299a6f4 method=javafx.scene.Scene$MouseHandler.updateCursorFrame()V @ 4
Event: 73.896 Thread 0x0000000018bd6000 Uncommon trap: reason=unstable_if action=reinterpret pc=0x00000000029fd9c4 method=java.util.concurrent.LinkedBlockingDeque.unlinkFirst()Ljava/lang/Object; @ 37
Event: 245.959 Thread 0x0000000021f67000 Uncommon trap: reason=unstable_if action=reinterpret pc=0x0000000002a32a48 method=java.util.concurrent.locks.ReentrantLock$NonfairSync.lock()V @ 6
Event: 245.959 Thread 0x0000000021f67000 Uncommon trap: reason=unstable_if action=reinterpret pc=0x00000000034f30c0 method=java.util.concurrent.locks.ReentrantLock$Sync.tryRelease(I)Z @ 28

Classes redefined (0 events):
No events

Internal exceptions (10 events):
Event: 14.610 Thread 0x0000000018bc9000 Exception <a 'java/io/FileNotFoundException'> (0x00000000d7c072a0) thrown at [C:\re\workspace\8-2-build-windows-amd64-cygwin\jdk8u161\10277\hotspot\src\share\vm\prims\jni.cpp, line 709]
Event: 17.684 Thread 0x0000000018bc9000 Implicit null exception at 0x0000000002983c75 to 0x0000000002983e8d
Event: 17.684 Thread 0x0000000018bc9000 Implicit null exception at 0x0000000002b6877b to 0x0000000002b68c39
Event: 21.488 Thread 0x0000000018bc9000 Implicit null exception at 0x00000000030c58b5 to 0x00000000030c723d
Event: 21.488 Thread 0x0000000018bc9000 Implicit null exception at 0x000000000315d87d to 0x00000000031607dd
Event: 21.489 Thread 0x0000000018bc9000 Implicit null exception at 0x000000000304a58e to 0x000000000304bea1
Event: 22.157 Thread 0x0000000018bb6000 Implicit null exception at 0x0000000002e9cbc3 to 0x0000000002e9fe6d
Event: 22.224 Thread 0x0000000018bb6000 Implicit null exception at 0x0000000002e9183a to 0x0000000002e94d7d
Event: 22.631 Thread 0x0000000018bc9000 Implicit null exception at 0x000000000331b221 to 0x00000000033200f9
Event: 245.959 Thread 0x0000000021f67000 Exception <a 'java/lang/IllegalStateException'> (0x00000000d87d39d0) thrown at [C:\re\workspace\8-2-build-windows-amd64-cygwin\jdk8u161\10277\hotspot\src\share\vm\prims\jvm.cpp, line 1394]

Events (10 events):
Event: 245.959 Thread 0x0000000021f67000 DEOPT UNPACKING pc=0x000000000267583b sp=0x00000000284ae350 mode 2
Event: 245.959 Thread 0x000000001886b800 flushing nmethod 0x00000000027b4190
Event: 245.959 Thread 0x000000001886b800 flushing nmethod 0x00000000027b6350
Event: 245.959 Thread 0x0000000021f67000 Uncommon trap: trap_request=0xffffff65 fr.pc=0x00000000034f30c0
Event: 245.959 Thread 0x0000000021f67000 DEOPT PACKING pc=0x00000000034f30c0 sp=0x00000000284ae3a0
Event: 245.959 Thread 0x0000000021f67000 DEOPT UNPACKING pc=0x000000000267583b sp=0x00000000284ae328 mode 2
Event: 245.959 loading class com/sun/javafx/tk/quantum/QuantumToolkit
Event: 245.959 loading class com/sun/javafx/tk/quantum/QuantumToolkit done
Event: 245.959 Thread 0x0000000021f67000 Thread exited: 0x0000000021f67000
Event: 245.959 Executing VM operation: Exit


Dynamic libraries:
0x00007ff62f6f0000 - 0x00007ff62f727000 	C:\Program Files\Java\jdk1.8.0_161\bin\javaw.exe
0x00007ffd6cef0000 - 0x00007ffd6d0d1000 	C:\WINDOWS\SYSTEM32\ntdll.dll
0x00007ffd6b490000 - 0x00007ffd6b541000 	C:\WINDOWS\System32\KERNEL32.DLL
0x00007ffd69620000 - 0x00007ffd69893000 	C:\WINDOWS\System32\KERNELBASE.dll
0x00007ffd6aad0000 - 0x00007ffd6ab71000 	C:\WINDOWS\System32\ADVAPI32.dll
0x00007ffd6b5b0000 - 0x00007ffd6b64e000 	C:\WINDOWS\System32\msvcrt.dll
0x00007ffd6a590000 - 0x00007ffd6a5eb000 	C:\WINDOWS\System32\sechost.dll
0x00007ffd6ab90000 - 0x00007ffd6acb4000 	C:\WINDOWS\System32\RPCRT4.dll
0x00007ffd6ad30000 - 0x00007ffd6aec0000 	C:\WINDOWS\System32\USER32.dll
0x00007ffd69410000 - 0x00007ffd69430000 	C:\WINDOWS\System32\win32u.dll
0x00007ffd6a940000 - 0x00007ffd6a968000 	C:\WINDOWS\System32\GDI32.dll
0x00007ffd6a060000 - 0x00007ffd6a1f2000 	C:\WINDOWS\System32\gdi32full.dll
0x00007ffd69320000 - 0x00007ffd693bf000 	C:\WINDOWS\System32\msvcp_win.dll
0x00007ffd6a280000 - 0x00007ffd6a378000 	C:\WINDOWS\System32\ucrtbase.dll
0x00007ffd5d210000 - 0x00007ffd5d479000 	C:\WINDOWS\WinSxS\amd64_microsoft.windows.common-controls_6595b64144ccf1df_6.0.17134.706_none_fb43a2cb30647007\COMCTL32.dll
0x00007ffd6a610000 - 0x00007ffd6a932000 	C:\WINDOWS\System32\combase.dll
0x00007ffd6a200000 - 0x00007ffd6a27a000 	C:\WINDOWS\System32\bcryptPrimitives.dll
0x00007ffd6b700000 - 0x00007ffd6b72d000 	C:\WINDOWS\System32\IMM32.DLL
0x000000005d490000 - 0x000000005d562000 	C:\Program Files\Java\jdk1.8.0_161\jre\bin\msvcr100.dll
0x000000005d710000 - 0x000000005dfaf000 	C:\Program Files\Java\jdk1.8.0_161\jre\bin\server\jvm.dll
0x00007ffd6ab80000 - 0x00007ffd6ab88000 	C:\WINDOWS\System32\PSAPI.DLL
0x00007ffd5af30000 - 0x00007ffd5af39000 	C:\WINDOWS\SYSTEM32\WSOCK32.dll
0x00007ffd6acc0000 - 0x00007ffd6ad2c000 	C:\WINDOWS\System32\WS2_32.dll
0x00007ffd647c0000 - 0x00007ffd647e3000 	C:\WINDOWS\SYSTEM32\WINMM.dll
0x00007ffd63ac0000 - 0x00007ffd63aca000 	C:\WINDOWS\SYSTEM32\VERSION.dll
0x00007ffd64790000 - 0x00007ffd647ba000 	C:\WINDOWS\SYSTEM32\WINMMBASE.dll
0x00007ffd693c0000 - 0x00007ffd69409000 	C:\WINDOWS\System32\cfgmgr32.dll
0x000000005d700000 - 0x000000005d70f000 	C:\Program Files\Java\jdk1.8.0_161\jre\bin\verify.dll
0x000000005d620000 - 0x000000005d649000 	C:\Program Files\Java\jdk1.8.0_161\jre\bin\java.dll
0x000000005d600000 - 0x000000005d616000 	C:\Program Files\Java\jdk1.8.0_161\jre\bin\zip.dll
0x00007ffd6ba70000 - 0x00007ffd6ceb0000 	C:\WINDOWS\System32\SHELL32.dll
0x00007ffd6b650000 - 0x00007ffd6b6f9000 	C:\WINDOWS\System32\shcore.dll
0x00007ffd69950000 - 0x00007ffd6a05d000 	C:\WINDOWS\System32\windows.storage.dll
0x00007ffd6b550000 - 0x00007ffd6b5a1000 	C:\WINDOWS\System32\shlwapi.dll
0x00007ffd69280000 - 0x00007ffd69291000 	C:\WINDOWS\System32\kernel.appcore.dll
0x00007ffd692a0000 - 0x00007ffd692bf000 	C:\WINDOWS\System32\profapi.dll
0x00007ffd69210000 - 0x00007ffd6925c000 	C:\WINDOWS\System32\powrprof.dll
0x00007ffd69200000 - 0x00007ffd6920a000 	C:\WINDOWS\System32\FLTLIB.DLL
0x0000000000ac0000 - 0x0000000000ac3000 	C:\Program Files\Java\jdk1.8.0_161\jre\bin\api-ms-win-core-console-l1-1-0.dll
0x0000000002380000 - 0x0000000002383000 	C:\Program Files\Java\jdk1.8.0_161\jre\bin\api-ms-win-core-datetime-l1-1-0.dll
0x0000000002390000 - 0x0000000002393000 	C:\Program Files\Java\jdk1.8.0_161\jre\bin\api-ms-win-core-debug-l1-1-0.dll
0x00000000023a0000 - 0x00000000023a3000 	C:\Program Files\Java\jdk1.8.0_161\jre\bin\api-ms-win-core-errorhandling-l1-1-0.dll
0x00000000023b0000 - 0x00000000023b4000 	C:\Program Files\Java\jdk1.8.0_161\jre\bin\api-ms-win-core-file-l1-1-0.dll
0x00000000023c0000 - 0x00000000023c3000 	C:\Program Files\Java\jdk1.8.0_161\jre\bin\api-ms-win-core-file-l1-2-0.dll
0x00000000023d0000 - 0x00000000023d3000 	C:\Program Files\Java\jdk1.8.0_161\jre\bin\api-ms-win-core-file-l2-1-0.dll
0x00000000023e0000 - 0x00000000023e3000 	C:\Program Files\Java\jdk1.8.0_161\jre\bin\api-ms-win-core-handle-l1-1-0.dll
0x00000000023f0000 - 0x00000000023f3000 	C:\Program Files\Java\jdk1.8.0_161\jre\bin\api-ms-win-core-heap-l1-1-0.dll
0x0000000002400000 - 0x0000000002403000 	C:\Program Files\Java\jdk1.8.0_161\jre\bin\api-ms-win-core-interlocked-l1-1-0.dll
0x0000000002410000 - 0x0000000002413000 	C:\Program Files\Java\jdk1.8.0_161\jre\bin\api-ms-win-core-libraryloader-l1-1-0.dll
0x0000000019060000 - 0x0000000019063000 	C:\Program Files\Java\jdk1.8.0_161\jre\bin\api-ms-win-core-localization-l1-2-0.dll
0x0000000019070000 - 0x0000000019073000 	C:\Program Files\Java\jdk1.8.0_161\jre\bin\api-ms-win-core-memory-l1-1-0.dll
0x0000000019080000 - 0x0000000019083000 	C:\Program Files\Java\jdk1.8.0_161\jre\bin\api-ms-win-core-namedpipe-l1-1-0.dll
0x0000000019090000 - 0x0000000019093000 	C:\Program Files\Java\jdk1.8.0_161\jre\bin\api-ms-win-core-processenvironment-l1-1-0.dll
0x00000000190a0000 - 0x00000000190a3000 	C:\Program Files\Java\jdk1.8.0_161\jre\bin\api-ms-win-core-processthreads-l1-1-0.dll
0x00000000190b0000 - 0x00000000190b3000 	C:\Program Files\Java\jdk1.8.0_161\jre\bin\api-ms-win-core-processthreads-l1-1-1.dll
0x00000000190c0000 - 0x00000000190c3000 	C:\Program Files\Java\jdk1.8.0_161\jre\bin\api-ms-win-core-profile-l1-1-0.dll
0x00000000190d0000 - 0x00000000190d3000 	C:\Program Files\Java\jdk1.8.0_161\jre\bin\api-ms-win-core-rtlsupport-l1-1-0.dll
0x00000000190e0000 - 0x00000000190e3000 	C:\Program Files\Java\jdk1.8.0_161\jre\bin\api-ms-win-core-string-l1-1-0.dll
0x00000000190f0000 - 0x00000000190f3000 	C:\Program Files\Java\jdk1.8.0_161\jre\bin\api-ms-win-core-synch-l1-1-0.dll
0x0000000019100000 - 0x0000000019103000 	C:\Program Files\Java\jdk1.8.0_161\jre\bin\api-ms-win-core-synch-l1-2-0.dll
0x0000000019110000 - 0x0000000019113000 	C:\Program Files\Java\jdk1.8.0_161\jre\bin\api-ms-win-core-sysinfo-l1-1-0.dll
0x0000000019120000 - 0x0000000019123000 	C:\Program Files\Java\jdk1.8.0_161\jre\bin\api-ms-win-core-timezone-l1-1-0.dll
0x0000000019130000 - 0x0000000019133000 	C:\Program Files\Java\jdk1.8.0_161\jre\bin\api-ms-win-core-util-l1-1-0.dll
0x0000000019140000 - 0x0000000019143000 	C:\Program Files\Java\jdk1.8.0_161\jre\bin\api-ms-win-crt-conio-l1-1-0.dll
0x0000000019150000 - 0x0000000019154000 	C:\Program Files\Java\jdk1.8.0_161\jre\bin\api-ms-win-crt-convert-l1-1-0.dll
0x0000000019160000 - 0x0000000019163000 	C:\Program Files\Java\jdk1.8.0_161\jre\bin\api-ms-win-crt-environment-l1-1-0.dll
0x0000000019170000 - 0x0000000019173000 	C:\Program Files\Java\jdk1.8.0_161\jre\bin\api-ms-win-crt-filesystem-l1-1-0.dll
0x0000000019180000 - 0x0000000019183000 	C:\Program Files\Java\jdk1.8.0_161\jre\bin\api-ms-win-crt-heap-l1-1-0.dll
0x0000000019190000 - 0x0000000019193000 	C:\Program Files\Java\jdk1.8.0_161\jre\bin\api-ms-win-crt-locale-l1-1-0.dll
0x00000000191a0000 - 0x00000000191a5000 	C:\Program Files\Java\jdk1.8.0_161\jre\bin\api-ms-win-crt-math-l1-1-0.dll
0x00000000191b0000 - 0x00000000191b5000 	C:\Program Files\Java\jdk1.8.0_161\jre\bin\api-ms-win-crt-multibyte-l1-1-0.dll
0x00000000191c0000 - 0x00000000191d0000 	C:\Program Files\Java\jdk1.8.0_161\jre\bin\api-ms-win-crt-private-l1-1-0.dll
0x00000000191d0000 - 0x00000000191d3000 	C:\Program Files\Java\jdk1.8.0_161\jre\bin\api-ms-win-crt-process-l1-1-0.dll
0x00000000191e0000 - 0x00000000191e4000 	C:\Program Files\Java\jdk1.8.0_161\jre\bin\api-ms-win-crt-runtime-l1-1-0.dll
0x00000000191f0000 - 0x00000000191f4000 	C:\Program Files\Java\jdk1.8.0_161\jre\bin\api-ms-win-crt-stdio-l1-1-0.dll
0x0000000019200000 - 0x0000000019204000 	C:\Program Files\Java\jdk1.8.0_161\jre\bin\api-ms-win-crt-string-l1-1-0.dll
0x0000000019210000 - 0x0000000019213000 	C:\Program Files\Java\jdk1.8.0_161\jre\bin\api-ms-win-crt-time-l1-1-0.dll
0x0000000019220000 - 0x0000000019223000 	C:\Program Files\Java\jdk1.8.0_161\jre\bin\api-ms-win-crt-utility-l1-1-0.dll
0x00007ffd3bd70000 - 0x00007ffd3be66000 	C:\Program Files\Java\jdk1.8.0_161\jre\bin\ucrtbase.dll
0x00007ffd55360000 - 0x00007ffd553b1000 	C:\Program Files\Java\jdk1.8.0_161\jre\bin\concrt140.dll
0x00007ffd66e60000 - 0x00007ffd66efb000 	C:\WINDOWS\SYSTEM32\MSVCP140.dll
0x00007ffd66f00000 - 0x00007ffd66f15000 	C:\WINDOWS\SYSTEM32\VCRUNTIME140.dll
0x00007ffd64140000 - 0x00007ffd64156000 	C:\Program Files\Java\jdk1.8.0_161\jre\bin\vcruntime140.dll
0x00007ffd420f0000 - 0x00007ffd4218c000 	C:\Program Files\Java\jdk1.8.0_161\jre\bin\msvcp140.dll
0x000000005d460000 - 0x000000005d483000 	C:\Program Files\Java\jdk1.8.0_161\jre\bin\prism_d3d.dll
0x00007ffd613d0000 - 0x00007ffd61567000 	C:\WINDOWS\system32\d3d9.dll
0x00007ffd67580000 - 0x00007ffd675a9000 	C:\WINDOWS\SYSTEM32\dwmapi.dll
0x00007ffd66b40000 - 0x00007ffd66bd8000 	C:\WINDOWS\system32\uxtheme.dll
0x00007ffd6a970000 - 0x00007ffd6aac1000 	C:\WINDOWS\System32\ole32.dll
0x00007ffd6b730000 - 0x00007ffd6b7f2000 	C:\WINDOWS\System32\OLEAUT32.dll
0x000000005d410000 - 0x000000005d459000 	C:\Program Files\Java\jdk1.8.0_161\jre\bin\glass.dll
0x00007ffd6a4a0000 - 0x00007ffd6a58d000 	C:\WINDOWS\System32\COMDLG32.dll
0x00007ffd6aec0000 - 0x00007ffd6b033000 	C:\WINDOWS\System32\MSCTF.dll
0x000000005d3f0000 - 0x000000005d404000 	C:\Program Files\Java\jdk1.8.0_161\jre\bin\javafx_font.dll
0x00007ffd438e0000 - 0x00007ffd43bfc000 	C:\WINDOWS\SYSTEM32\dwrite.dll
0x000000005d590000 - 0x000000005d5b4000 	C:\Program Files\Java\jdk1.8.0_161\jre\bin\sunec.dll
0x000000005d5e0000 - 0x000000005d5fa000 	C:\Program Files\Java\jdk1.8.0_161\jre\bin\net.dll
0x00007ffd68a80000 - 0x00007ffd68ae6000 	C:\WINDOWS\system32\mswsock.dll
0x00007ffd68800000 - 0x00007ffd68838000 	C:\WINDOWS\SYSTEM32\IPHLPAPI.DLL
0x00007ffd6ceb0000 - 0x00007ffd6ceb8000 	C:\WINDOWS\System32\NSI.dll
0x00007ffd62df0000 - 0x00007ffd62e06000 	C:\WINDOWS\SYSTEM32\dhcpcsvc6.DLL
0x00007ffd62dd0000 - 0x00007ffd62dea000 	C:\WINDOWS\SYSTEM32\dhcpcsvc.DLL
0x000000005d5c0000 - 0x000000005d5d1000 	C:\Program Files\Java\jdk1.8.0_161\jre\bin\nio.dll
0x00007ffd6a380000 - 0x00007ffd6a420000 	C:\WINDOWS\System32\clbcatq.dll
0x00007ffd637c0000 - 0x00007ffd6396e000 	C:\WINDOWS\SYSTEM32\WindowsCodecs.dll
0x00007ffd41b00000 - 0x00007ffd41b58000 	C:\WINDOWS\system32\dataexchange.dll
0x00007ffd66380000 - 0x00007ffd6651c000 	C:\WINDOWS\system32\dcomp.dll
0x00007ffd66070000 - 0x00007ffd6637b000 	C:\WINDOWS\system32\d3d11.dll
0x00007ffd67fc0000 - 0x00007ffd6807b000 	C:\WINDOWS\system32\dxgi.dll
0x00007ffd67710000 - 0x00007ffd678c8000 	C:\WINDOWS\system32\twinapi.appcore.dll
0x00007ffd676b0000 - 0x00007ffd676d9000 	C:\WINDOWS\system32\RMCLIENT.dll
0x00007ffd554f0000 - 0x00007ffd55524000 	C:\Program Files\Common Files\Microsoft Shared\Ink\rtscom.dll
0x000000005d3c0000 - 0x000000005d3e3000 	C:\Program Files\Java\jdk1.8.0_161\jre\bin\javafx_iio.dll
0x000000005d3a0000 - 0x000000005d3b2000 	C:\Program Files\Java\jdk1.8.0_161\jre\bin\prism_common.dll
0x00007ffd45cb0000 - 0x00007ffd45d46000 	C:\WINDOWS\System32\TextInputFramework.dll
0x00007ffd63240000 - 0x00007ffd6355e000 	C:\WINDOWS\System32\CoreUIComponents.dll
0x00007ffd66860000 - 0x00007ffd6693a000 	C:\WINDOWS\System32\CoreMessaging.dll
0x00007ffd682f0000 - 0x00007ffd68321000 	C:\WINDOWS\SYSTEM32\ntmarta.dll
0x00007ffd64d80000 - 0x00007ffd64ecd000 	C:\WINDOWS\SYSTEM32\wintypes.dll
0x00007ffd67c50000 - 0x00007ffd67e19000 	C:\WINDOWS\SYSTEM32\dbghelp.dll

VM Arguments:
jvm_args: -Dfile.encoding=UTF-8 
java_command: com.jeeves.vpl.Main
java_class_path (initial): C:\Program Files\Java\jdk1.8.0_161\jre\lib\resources.jar;C:\Program Files\Java\jdk1.8.0_161\jre\lib\rt.jar;C:\Program Files\Java\jdk1.8.0_161\jre\lib\jsse.jar;C:\Program Files\Java\jdk1.8.0_161\jre\lib\jce.jar;C:\Program Files\Java\jdk1.8.0_161\jre\lib\charsets.jar;C:\Program Files\Java\jdk1.8.0_161\jre\lib\jfr.jar;C:\Program Files\Java\jdk1.8.0_161\jre\lib\ext\access-bridge-64.jar;C:\Program Files\Java\jdk1.8.0_161\jre\lib\ext\cldrdata.jar;C:\Program Files\Java\jdk1.8.0_161\jre\lib\ext\dnsns.jar;C:\Program Files\Java\jdk1.8.0_161\jre\lib\ext\jaccess.jar;C:\Program Files\Java\jdk1.8.0_161\jre\lib\ext\jfxrt.jar;C:\Program Files\Java\jdk1.8.0_161\jre\lib\ext\localedata.jar;C:\Program Files\Java\jdk1.8.0_161\jre\lib\ext\nashorn.jar;C:\Program Files\Java\jdk1.8.0_161\jre\lib\ext\sunec.jar;C:\Program Files\Java\jdk1.8.0_161\jre\lib\ext\sunjce_provider.jar;C:\Program Files\Java\jdk1.8.0_161\jre\lib\ext\sunmscapi.jar;C:\Program Files\Java\jdk1.8.0_161\jre\lib\ext\sunpkcs11.jar;C:\Program Files\Java\jdk1.8.0_161\jre\lib\ext\zipfs.jar;C:\Users\danie\eclipse-workspace\Jeeves\target\classes;C:\Users\danie\.m2\repository\commons-codec\commons-codec\1.11\commons-codec-1.11.jar;C:\Users\danie\.m2\repository\commons-validator\commons-validator\1.4.1\commons-validator-1.4.1.jar;C:\Users\danie\.m2\repository\commons-beanutils\commons-beanutils\1.8.3\commons-beanutils-1.8.3.jar;C:\Users\danie\.m2\repository\commons-digester\commons-digester\1.8.1\commons-digester-1.8.1.jar;C:\Users\danie\.m2\repository\commons-logging\commons-logging\1.2\commons-logging-1.2.jar;C:\Users\danie\.m2\repository\commons-collections\commons-collections\3.2.1\commons-collections-3.2.1.jar;C:\Users\danie\.m2\repository\org\apache\shiro\shiro-core\1.3.2\shiro-core-1.3.2.jar;C:\Users\danie\.m2\repository\com\google\firebase\firebase-admin\6.6.0\firebase-admin-6.6.0.jar;C:\Users\danie\.m2\repository\com\google\api-client\google-api-client\1.25.0\google-api-client-1.25.0.jar;C:\Users
Launcher Type: SUN_STANDARD

Environment Variables:
JAVA_HOME=c:\program files\java\jdk1.8.0_161
PATH=C:/Program Files/Java/jdk1.8.0_161/bin/../jre/bin/server;C:/Program Files/Java/jdk1.8.0_161/bin/../jre/bin;C:/Program Files/Java/jdk1.8.0_161/bin/../jre/lib/amd64;C:\Program Files (x86)\Common Files\Oracle\Java\javapath;C:\ProgramData\Oracle\Java\javapath;C:\Program Files (x86)\Intel\Intel(R) Management Engine Components\iCLS\;C:\Program Files\Intel\Intel(R) Management Engine Components\iCLS\;C:\Windows\system32;C:\Windows;C:\Windows\System32\Wbem;C:\Windows\System32\WindowsPowerShell\v1.0\;C:\Program Files (x86)\Intel\Intel(R) Management Engine Components\DAL;C:\Program Files\Intel\Intel(R) Management Engine Components\DAL;C:\Program Files (x86)\Intel\Intel(R) Management Engine Components\IPT;C:\Program Files\Intel\Intel(R) Management Engine Components\IPT;C:\Program Files (x86)\NVIDIA Corporation\PhysX\Common;C:\Python27;C:\Python27\Scripts;C:\Program Files\Git\cmd;C:\Program Files\Git\mingw64\bin;C:\Program Files\Git\usr\bin;C:\WINDOWS\system32;C:\WINDOWS;C:\WINDOWS\System32\Wbem;C:\WINDOWS\System32\WindowsPowerShell\v1.0\;C:\WINDOWS\System32\OpenSSH\;C:\Program Files\PuTTY\;C:\Program Files\Microsoft SQL Server\120\Tools\Binn\;C:\Program Files\Intel\WiFi\bin\;C:\Program Files\Common Files\Intel\WirelessCommon\;C:\Program Files\IBM\SPSS\Statistics\25\JRE\bin;C:\Program Files\nodejs\;C:\Program Files\MATLAB\R2019a\bin;C:\Users\danie\scoop\shims;c:\jruby-9.1.8.0\bin;C:\Ruby24-x64\bin;C:\Users\danie\AppData\Local\Microsoft\WindowsApps;C:\Program Files\Heroku\bin;C:\Users\danie\AppData\Roaming\npm;C:\Shortcuts;;C:\WINDOWS\system32;
USERNAME=danie
OS=Windows_NT
PROCESSOR_IDENTIFIER=Intel64 Family 6 Model 158 Stepping 9, GenuineIntel



---------------  S Y S T E M  ---------------

OS: Windows 10.0 , 64 bit Build 17134 (10.0.17134.706)

CPU:total 4 (initial active 4) (4 cores per cpu, 1 threads per core) family 6 model 158 stepping 9, cmov, cx8, fxsr, mmx, sse, sse2, sse3, ssse3, sse4.1, sse4.2, popcnt, avx, avx2, aes, clmul, erms, 3dnowpref, lzcnt, tsc, tscinvbit, bmi1, bmi2, adx

Memory: 4k page, physical 8250724k(1660600k free), swap 32914656k(86084k free)

vm_info: Java HotSpot(TM) 64-Bit Server VM (25.161-b12) for windows-amd64 JRE (1.8.0_161-b12), built on Dec 19 2017 17:52:25 by "java_re" with MS VC++ 10.0 (VS2010)

time: Wed Apr 24 23:31:36 2019
elapsed time: 246 seconds (0d 0h 4m 6s)

