#
# A fatal error has been detected by the Java Runtime Environment:
#
#  EXCEPTION_ACCESS_VIOLATION (0xc0000005) at pc=0x0000000056b178b0, pid=9120, tid=0x0000000000003c50
#
# JRE version: Java(TM) SE Runtime Environment (8.0_161-b12) (build 1.8.0_161-b12)
# Java VM: Java HotSpot(TM) 64-Bit Server VM (25.161-b12 mixed mode windows-amd64 compressed oops)
# Problematic frame:
# C  [glass.dll+0x278b0]
#
# Failed to write core dump. Minidumps are not enabled by default on client versions of Windows
#
# If you would like to submit a bug report, please visit:
#   http://bugreport.java.com/bugreport/crash.jsp
#

---------------  T H R E A D  ---------------

Current thread (0x0000000017487000):  VMThread [stack: 0x0000000018510000,0x0000000018610000] [id=15440]

siginfo: ExceptionCode=0xc0000005, reading address 0x0000000000000000

Registers:
RAX=0x0000000000000000, RBX=0x00000000195d71b8, RCX=0x0000000017487000, RDX=0x000000005736dc78
RSP=0x000000001860ed90, RBP=0x0000000000a55a68, RSI=0x0000000000a55a40, RDI=0x000016843897504d
R8 =0x0000000000010002, R9 =0x000000000000000d, R10=0x000016843897504d, R11=0x000000001860eca0
R12=0x0000000000000000, R13=0x0000000000000040, R14=0x000000001860eea8, R15=0x0000000000a55a40
RIP=0x0000000056b178b0, EFLAGS=0x0000000000010206

Top of Stack: (sp=0x000000001860ed90)
0x000000001860ed90:   0000000000000000 00007fff4b2de52b
0x000000001860eda0:   0000000000a55a50 0000000000a55a50
0x000000001860edb0:   fffffffffffffffe 0000000000a55a68
0x000000001860edc0:   0000000000a55a48 00007fff4b2d7013
0x000000001860edd0:   0000000056b2c1b0 00007fff00000000
0x000000001860ede0:   00006848a69daa6b 0000000000000000
0x000000001860edf0:   fffffffffffffffe 00007fff4b2d72ad
0x000000001860ee00:   0000000000000001 0000000056af0000
0x000000001860ee10:   00000000029c1638 0000000056b148dc
0x000000001860ee20:   000000001860ee98 00007fff4b2dda67
0x000000001860ee30:   0000000000000000 000000001860eea8
0x000000001860ee40:   0000000017395400 00007fff4b3bb090
0x000000001860ee50:   0000000000000000 00007fff4b2d7204
0x000000001860ee60:   0000000000000000 0000000000000001
0x000000001860ee70:   0000000019aa5a30 000000001860ee98
0x000000001860ee80:   0000000000000000 0000000056b14752 

Instructions: (pc=0x0000000056b178b0)
0x0000000056b17890:   40 53 48 83 ec 30 48 c7 44 24 20 fe ff ff ff 48
0x0000000056b178a0:   8b 1d 7a 72 01 00 48 85 db 74 16 e8 00 81 ff ff
0x0000000056b178b0:   4c 8b 00 48 8b d3 48 8b c8 41 ff 90 b0 00 00 00
0x0000000056b178c0:   90 48 83 c4 30 5b c3 cc cc cc cc cc cc cc cc cc 


Register to memory mapping:

RAX=0x0000000000000000 is an unknown value
RBX=0x00000000195d71b8 is a global jni handle
RCX=0x0000000017487000 is an unknown value
RDX=0x000000005736dc78 is an unknown value
RSP=0x000000001860ed90 is an unknown value
RBP=0x0000000000a55a68 is an unknown value
RSI=0x0000000000a55a40 is an unknown value
RDI=0x000016843897504d is an unknown value
R8 =0x0000000000010002 is an unknown value
R9 =0x000000000000000d is an unknown value
R10=0x000016843897504d is an unknown value
R11=0x000000001860eca0 is an unknown value
R12=0x0000000000000000 is an unknown value
R13=0x0000000000000040 is an unknown value
R14=0x000000001860eea8 is an unknown value
R15=0x0000000000a55a40 is an unknown value


Stack: [0x0000000018510000,0x0000000018610000],  sp=0x000000001860ed90,  free space=1019k
Native frames: (J=compiled Java code, j=interpreted, Vv=VM code, C=native code)
C  [glass.dll+0x278b0]
C  [ucrtbase.dll+0x7013]
C  [ucrtbase.dll+0xda67]
C  [ucrtbase.dll+0x7204]
C  [glass.dll+0x24752]
C  [glass.dll+0x24850]
C  [ntdll.dll+0x34023]
C  [ntdll.dll+0x409d5]
C  [ntdll.dll+0x40898]
C  [KERNEL32.DLL+0x1b19a]
C  [msvcr100.dll+0x20ccd]
V  [jvm.dll+0x212e95]
V  [jvm.dll+0x24c227]
V  [jvm.dll+0x24b4c6]
V  [jvm.dll+0x24b961]
V  [jvm.dll+0x24bb7e]
V  [jvm.dll+0x29cc4a]
C  [msvcr100.dll+0x21d9f]
C  [msvcr100.dll+0x21e3b]
C  [KERNEL32.DLL+0x13034]
C  [ntdll.dll+0x71431]

VM_Operation (0x000000001adbac80): Exit, mode: safepoint, requested by thread 0x00000000195d1800


---------------  P R O C E S S  ---------------

Java Threads: ( => current thread )
  0x000000002770c000 JavaThread "Glass/Prism Shutdown Hook" [_thread_blocked, id=3596, stack(0x0000000027120000,0x0000000027220000)]
  0x0000000019cd6800 JavaThread "Prism Font Disposer" daemon [_thread_blocked, id=13576, stack(0x0000000024220000,0x0000000024320000)]
  0x0000000019679800 JavaThread "JavaFX-Launcher" [_thread_blocked, id=7564, stack(0x0000000021890000,0x0000000021990000)]
  0x0000000019673800 JavaThread "Thread-2" daemon [_thread_in_native, id=16876, stack(0x0000000021790000,0x0000000021890000)]
  0x00000000195d1800 JavaThread "JavaFX Application Thread" [_thread_blocked, id=7872, stack(0x000000001acc0000,0x000000001adc0000)]
  0x00000000195d0000 JavaThread "Thread-1" daemon [_thread_blocked, id=8968, stack(0x000000001abc0000,0x000000001acc0000)]
  0x00000000191fc000 JavaThread "QuantumRenderer-0" daemon [_thread_blocked, id=9728, stack(0x0000000019dc0000,0x0000000019ec0000)]
  0x0000000018e30800 JavaThread "Service Thread" daemon [_thread_blocked, id=14664, stack(0x0000000019200000,0x0000000019300000)]
  0x00000000174d1800 JavaThread "C1 CompilerThread2" daemon [_thread_blocked, id=14728, stack(0x0000000018d00000,0x0000000018e00000)]
  0x00000000174c9800 JavaThread "C2 CompilerThread1" daemon [_thread_blocked, id=16184, stack(0x0000000018c00000,0x0000000018d00000)]
  0x00000000174c4000 JavaThread "C2 CompilerThread0" daemon [_thread_blocked, id=3148, stack(0x0000000018b00000,0x0000000018c00000)]
  0x00000000174c2800 JavaThread "Attach Listener" daemon [_thread_blocked, id=14708, stack(0x0000000018a00000,0x0000000018b00000)]
  0x00000000174c1000 JavaThread "Signal Dispatcher" daemon [_thread_blocked, id=14724, stack(0x0000000018900000,0x0000000018a00000)]
  0x00000000174b0000 JavaThread "Finalizer" daemon [_thread_blocked, id=16172, stack(0x0000000018710000,0x0000000018810000)]
  0x0000000002946000 JavaThread "Reference Handler" daemon [_thread_blocked, id=15444, stack(0x0000000018610000,0x0000000018710000)]
  0x0000000002855800 JavaThread "main" [_thread_blocked, id=12928, stack(0x00000000026f0000,0x00000000027f0000)]

Other Threads:
=>0x0000000017487000 VMThread [stack: 0x0000000018510000,0x0000000018610000] [id=15440]

VM state:at safepoint (shutting down)

VM Mutex/Monitor currently owned by a thread:  ([mutex/lock_event])
[0x0000000002852cd0] Threads_lock - owner thread: 0x0000000017487000

Heap:
 PSYoungGen      total 115200K, used 17988K [0x00000000d6000000, 0x00000000dfb00000, 0x0000000100000000)
  eden space 101376K, 4% used [0x00000000d6000000,0x00000000d6415708,0x00000000dc300000)
  from space 13824K, 99% used [0x00000000ded80000,0x00000000dfafb930,0x00000000dfb00000)
  to   space 17408K, 0% used [0x00000000dd900000,0x00000000dd900000,0x00000000dea00000)
 ParOldGen       total 73728K, used 19387K [0x0000000082000000, 0x0000000086800000, 0x00000000d6000000)
  object space 73728K, 26% used [0x0000000082000000,0x00000000832eee80,0x0000000086800000)
 Metaspace       used 25961K, capacity 27742K, committed 28080K, reserved 1073152K
  class space    used 3810K, capacity 4160K, committed 4272K, reserved 1048576K

Card table byte_map: [0x0000000011d90000,0x0000000012190000] byte_map_base: 0x0000000011980000

Marking Bits: (ParMarkBitMap*) 0x000000005755f860
 Begin Bits: [0x0000000012830000, 0x00000000147b0000)
 End Bits:   [0x00000000147b0000, 0x0000000016730000)

Polling page: 0x00000000009d0000

CodeCache: size=245760Kb used=12480Kb max_used=12488Kb free=233279Kb
 bounds [0x00000000029d0000, 0x0000000003610000, 0x00000000119d0000]
 total_blobs=4906 nmethods=4178 adapters=639
 compilation: enabled

Compilation events (10 events):
Event: 4.528 Thread 0x00000000174d1800 4211       3       com.sun.javafx.geom.transform.Translate2D::transform (48 bytes)
Event: 4.528 Thread 0x00000000174d1800 nmethod 4211 0x0000000003602890 code [0x0000000003602a00, 0x0000000003602cf0]
Event: 4.529 Thread 0x00000000174c9800 4212       4       java.util.ArrayList$Itr::next (66 bytes)
Event: 4.530 Thread 0x00000000174c9800 nmethod 4212 0x00000000036077d0 code [0x0000000003607920, 0x0000000003607a38]
Event: 4.531 Thread 0x00000000174d1800 4213       1       java.util.logging.Logger::getName (5 bytes)
Event: 4.531 Thread 0x00000000174d1800 nmethod 4213 0x0000000003602510 code [0x0000000003602660, 0x0000000003602770]
Event: 4.531 Thread 0x00000000174d1800 4214       3       java.util.concurrent.locks.AbstractQueuedSynchronizer::compareAndSetWaitStatus (13 bytes)
Event: 4.531 Thread 0x00000000174d1800 nmethod 4214 0x00000000036074d0 code [0x0000000003607620, 0x0000000003607770]
Event: 4.531 Thread 0x00000000174d1800 4215       3       java.util.concurrent.locks.ReentrantLock::unlock (10 bytes)
Event: 4.531 Thread 0x00000000174d1800 nmethod 4215 0x0000000003606e10 code [0x0000000003606fa0, 0x0000000003607398]

GC Heap History (10 events):
Event: 1.811 GC heap before
{Heap before GC invocations=3 (full 0):
 PSYoungGen      total 37888K, used 37856K [0x00000000d6000000, 0x00000000d8a00000, 0x0000000100000000)
  eden space 32768K, 100% used [0x00000000d6000000,0x00000000d8000000,0x00000000d8000000)
  from space 5120K, 99% used [0x00000000d8500000,0x00000000d89f80a0,0x00000000d8a00000)
  to   space 5120K, 0% used [0x00000000d8000000,0x00000000d8000000,0x00000000d8500000)
 ParOldGen       total 86016K, used 9122K [0x0000000082000000, 0x0000000087400000, 0x00000000d6000000)
  object space 86016K, 10% used [0x0000000082000000,0x00000000828e8878,0x0000000087400000)
 Metaspace       used 18254K, capacity 18838K, committed 19072K, reserved 1064960K
  class space    used 2487K, capacity 2644K, committed 2688K, reserved 1048576K
Event: 1.817 GC heap after
Heap after GC invocations=3 (full 0):
 PSYoungGen      total 37888K, used 5104K [0x00000000d6000000, 0x00000000daa00000, 0x0000000100000000)
  eden space 32768K, 0% used [0x00000000d6000000,0x00000000d6000000,0x00000000d8000000)
  from space 5120K, 99% used [0x00000000d8000000,0x00000000d84fc090,0x00000000d8500000)
  to   space 5120K, 0% used [0x00000000da500000,0x00000000da500000,0x00000000daa00000)
 ParOldGen       total 86016K, used 12670K [0x0000000082000000, 0x0000000087400000, 0x00000000d6000000)
  object space 86016K, 14% used [0x0000000082000000,0x0000000082c5faf0,0x0000000087400000)
 Metaspace       used 18254K, capacity 18838K, committed 19072K, reserved 1064960K
  class space    used 2487K, capacity 2644K, committed 2688K, reserved 1048576K
}
Event: 2.051 GC heap before
{Heap before GC invocations=4 (full 0):
 PSYoungGen      total 37888K, used 37872K [0x00000000d6000000, 0x00000000daa00000, 0x0000000100000000)
  eden space 32768K, 100% used [0x00000000d6000000,0x00000000d8000000,0x00000000d8000000)
  from space 5120K, 99% used [0x00000000d8000000,0x00000000d84fc090,0x00000000d8500000)
  to   space 5120K, 0% used [0x00000000da500000,0x00000000da500000,0x00000000daa00000)
 ParOldGen       total 86016K, used 12670K [0x0000000082000000, 0x0000000087400000, 0x00000000d6000000)
  object space 86016K, 14% used [0x0000000082000000,0x0000000082c5faf0,0x0000000087400000)
 Metaspace       used 20098K, capacity 20952K, committed 20992K, reserved 1067008K
  class space    used 2851K, capacity 3059K, committed 3072K, reserved 1048576K
Event: 2.056 GC heap after
Heap after GC invocations=4 (full 0):
 PSYoungGen      total 70656K, used 5095K [0x00000000d6000000, 0x00000000daa00000, 0x0000000100000000)
  eden space 65536K, 0% used [0x00000000d6000000,0x00000000d6000000,0x00000000da000000)
  from space 5120K, 99% used [0x00000000da500000,0x00000000da9f9ca0,0x00000000daa00000)
  to   space 5120K, 0% used [0x00000000da000000,0x00000000da000000,0x00000000da500000)
 ParOldGen       total 86016K, used 13646K [0x0000000082000000, 0x0000000087400000, 0x00000000d6000000)
  object space 86016K, 15% used [0x0000000082000000,0x0000000082d53838,0x0000000087400000)
 Metaspace       used 20098K, capacity 20952K, committed 20992K, reserved 1067008K
  class space    used 2851K, capacity 3059K, committed 3072K, reserved 1048576K
}
Event: 2.164 GC heap before
{Heap before GC invocations=5 (full 0):
 PSYoungGen      total 70656K, used 25250K [0x00000000d6000000, 0x00000000daa00000, 0x0000000100000000)
  eden space 65536K, 30% used [0x00000000d6000000,0x00000000d73aef00,0x00000000da000000)
  from space 5120K, 99% used [0x00000000da500000,0x00000000da9f9ca0,0x00000000daa00000)
  to   space 5120K, 0% used [0x00000000da000000,0x00000000da000000,0x00000000da500000)
 ParOldGen       total 86016K, used 13646K [0x0000000082000000, 0x0000000087400000, 0x00000000d6000000)
  object space 86016K, 15% used [0x0000000082000000,0x0000000082d53838,0x0000000087400000)
 Metaspace       used 20368K, capacity 21278K, committed 21296K, reserved 1067008K
  class space    used 2908K, capacity 3108K, committed 3120K, reserved 1048576K
Event: 2.169 GC heap after
Heap after GC invocations=5 (full 0):
 PSYoungGen      total 70656K, used 5095K [0x00000000d6000000, 0x00000000dfb00000, 0x0000000100000000)
  eden space 65536K, 0% used [0x00000000d6000000,0x00000000d6000000,0x00000000da000000)
  from space 5120K, 99% used [0x00000000da000000,0x00000000da4f9ca0,0x00000000da500000)
  to   space 13824K, 0% used [0x00000000ded80000,0x00000000ded80000,0x00000000dfb00000)
 ParOldGen       total 86016K, used 14126K [0x0000000082000000, 0x0000000087400000, 0x00000000d6000000)
  object space 86016K, 16% used [0x0000000082000000,0x0000000082dcb838,0x0000000087400000)
 Metaspace       used 20368K, capacity 21278K, committed 21296K, reserved 1067008K
  class space    used 2908K, capacity 3108K, committed 3120K, reserved 1048576K
}
Event: 2.169 GC heap before
{Heap before GC invocations=6 (full 1):
 PSYoungGen      total 70656K, used 5095K [0x00000000d6000000, 0x00000000dfb00000, 0x0000000100000000)
  eden space 65536K, 0% used [0x00000000d6000000,0x00000000d6000000,0x00000000da000000)
  from space 5120K, 99% used [0x00000000da000000,0x00000000da4f9ca0,0x00000000da500000)
  to   space 13824K, 0% used [0x00000000ded80000,0x00000000ded80000,0x00000000dfb00000)
 ParOldGen       total 86016K, used 14126K [0x0000000082000000, 0x0000000087400000, 0x00000000d6000000)
  object space 86016K, 16% used [0x0000000082000000,0x0000000082dcb838,0x0000000087400000)
 Metaspace       used 20368K, capacity 21278K, committed 21296K, reserved 1067008K
  class space    used 2908K, capacity 3108K, committed 3120K, reserved 1048576K
Event: 2.203 GC heap after
Heap after GC invocations=6 (full 1):
 PSYoungGen      total 70656K, used 0K [0x00000000d6000000, 0x00000000dfb00000, 0x0000000100000000)
  eden space 65536K, 0% used [0x00000000d6000000,0x00000000d6000000,0x00000000da000000)
  from space 5120K, 0% used [0x00000000da000000,0x00000000da000000,0x00000000da500000)
  to   space 13824K, 0% used [0x00000000ded80000,0x00000000ded80000,0x00000000dfb00000)
 ParOldGen       total 73728K, used 16871K [0x0000000082000000, 0x0000000086800000, 0x00000000d6000000)
  object space 73728K, 22% used [0x0000000082000000,0x0000000083079d08,0x0000000086800000)
 Metaspace       used 20368K, capacity 21278K, committed 21296K, reserved 1067008K
  class space    used 2908K, capacity 3108K, committed 3120K, reserved 1048576K
}
Event: 3.440 GC heap before
{Heap before GC invocations=7 (full 1):
 PSYoungGen      total 70656K, used 65536K [0x00000000d6000000, 0x00000000dfb00000, 0x0000000100000000)
  eden space 65536K, 100% used [0x00000000d6000000,0x00000000da000000,0x00000000da000000)
  from space 5120K, 0% used [0x00000000da000000,0x00000000da000000,0x00000000da500000)
  to   space 13824K, 0% used [0x00000000ded80000,0x00000000ded80000,0x00000000dfb00000)
 ParOldGen       total 73728K, used 16871K [0x0000000082000000, 0x0000000086800000, 0x00000000d6000000)
  object space 73728K, 22% used [0x0000000082000000,0x0000000083079d08,0x0000000086800000)
 Metaspace       used 25714K, capacity 27442K, committed 27696K, reserved 1073152K
  class space    used 3781K, capacity 4106K, committed 4144K, reserved 1048576K
Event: 3.464 GC heap after
Heap after GC invocations=7 (full 1):
 PSYoungGen      total 115200K, used 13806K [0x00000000d6000000, 0x00000000dfb00000, 0x0000000100000000)
  eden space 101376K, 0% used [0x00000000d6000000,0x00000000d6000000,0x00000000dc300000)
  from space 13824K, 99% used [0x00000000ded80000,0x00000000dfafb930,0x00000000dfb00000)
  to   space 17408K, 0% used [0x00000000dd900000,0x00000000dd900000,0x00000000dea00000)
 ParOldGen       total 73728K, used 19387K [0x0000000082000000, 0x0000000086800000, 0x00000000d6000000)
  object space 73728K, 26% used [0x0000000082000000,0x00000000832eee80,0x0000000086800000)
 Metaspace       used 25714K, capacity 27442K, committed 27696K, reserved 1073152K
  class space    used 3781K, capacity 4106K, committed 4144K, reserved 1048576K
}

Deoptimization events (10 events):
Event: 2.760 Thread 0x00000000195d1800 Uncommon trap: reason=class_check action=maybe_recompile pc=0x00000000032b18c4 method=java.util.WeakHashMap.eq(Ljava/lang/Object;Ljava/lang/Object;)Z @ 7
Event: 2.770 Thread 0x00000000195d1800 Uncommon trap: reason=class_check action=maybe_recompile pc=0x00000000032b18c4 method=java.util.WeakHashMap.eq(Ljava/lang/Object;Ljava/lang/Object;)Z @ 7
Event: 2.805 Thread 0x00000000195d1800 Uncommon trap: reason=unstable_if action=reinterpret pc=0x00000000033232a0 method=javafx.scene.CssStyleHelper.getStyleMap(Ljavafx/css/Styleable;)Lcom/sun/javafx/css/StyleMap; @ 4
Event: 2.966 Thread 0x00000000195d1800 Uncommon trap: reason=bimorphic action=maybe_recompile pc=0x000000000344841c method=com.sun.javafx.css.CompoundSelector.stateMatches(Ljavafx/css/Styleable;Ljava/util/Set;I)Z @ 160
Event: 2.966 Thread 0x00000000195d1800 Uncommon trap: reason=bimorphic action=maybe_recompile pc=0x000000000344841c method=com.sun.javafx.css.CompoundSelector.stateMatches(Ljavafx/css/Styleable;Ljava/util/Set;I)Z @ 160
Event: 2.966 Thread 0x00000000195d1800 Uncommon trap: reason=bimorphic action=maybe_recompile pc=0x000000000344841c method=com.sun.javafx.css.CompoundSelector.stateMatches(Ljavafx/css/Styleable;Ljava/util/Set;I)Z @ 160
Event: 2.968 Thread 0x00000000195d1800 Uncommon trap: reason=bimorphic action=maybe_recompile pc=0x000000000344841c method=com.sun.javafx.css.CompoundSelector.stateMatches(Ljavafx/css/Styleable;Ljava/util/Set;I)Z @ 160
Event: 3.098 Thread 0x00000000191fc000 Uncommon trap: reason=unstable_if action=reinterpret pc=0x00000000030011b0 method=java.lang.Class.arrayContentsEq([Ljava/lang/Object;[Ljava/lang/Object;)Z @ 1
Event: 3.390 Thread 0x00000000195d1800 Uncommon trap: reason=unstable_if action=reinterpret pc=0x000000000354e780 method=javafx.scene.CssStyleHelper.lookup(Ljavafx/css/Styleable;Ljavafx/css/CssMetaData;Lcom/sun/javafx/css/StyleMap;Ljava/util/Set;Ljavafx/css/Styleable;Lcom/sun/javafx/css/Calcul
Event: 3.486 Thread 0x00000000195d1800 Uncommon trap: reason=unstable_if action=reinterpret pc=0x00000000030506a8 method=jdk.internal.org.objectweb.asm.Type.getArgumentsAndReturnSizes(Ljava/lang/String;)I @ 47

Classes redefined (0 events):
No events

Internal exceptions (10 events):
Event: 1.244 Thread 0x00000000195d1800 Exception <a 'java/io/FileNotFoundException'> (0x00000000d78f4ef0) thrown at [C:\re\workspace\8-2-build-windows-amd64-cygwin\jdk8u161\10277\hotspot\src\share\vm\prims\jni.cpp, line 709]
Event: 1.351 Thread 0x00000000195d1800 Exception <a 'java/lang/NoClassDefFoundError': org/slf4j/impl/StaticLoggerBinder> (0x00000000d7dbb838) thrown at [C:\re\workspace\8-2-build-windows-amd64-cygwin\jdk8u161\10277\hotspot\src\share\vm\classfile\systemDictionary.cpp, line 199]
Event: 1.884 Thread 0x00000000195d1800 Exception <a 'java/lang/ArrayIndexOutOfBoundsException': 57> (0x00000000d63ee3d0) thrown at [C:\re\workspace\8-2-build-windows-amd64-cygwin\jdk8u161\10277\hotspot\src\share\vm\interpreter\interpreterRuntime.cpp, line 366]
Event: 2.067 Thread 0x00000000195d1800 Implicit null exception at 0x0000000002d0c635 to 0x0000000002d0c84d
Event: 2.067 Thread 0x00000000195d1800 Implicit null exception at 0x0000000002ef983b to 0x0000000002ef9d0d
Event: 2.272 Thread 0x00000000195d1800 Exception <a 'java/lang/NullPointerException'> (0x00000000d6902190) thrown at [C:\re\workspace\8-2-build-windows-amd64-cygwin\jdk8u161\10277\hotspot\src\share\vm\interpreter\linkResolver.cpp, line 1185]
Event: 2.272 Thread 0x00000000195d1800 Exception <a 'java/lang/reflect/InvocationTargetException'> (0x00000000d6902398) thrown at [C:\re\workspace\8-2-build-windows-amd64-cygwin\jdk8u161\10277\hotspot\src\share\vm\runtime\reflection.cpp, line 1092]
Event: 2.805 Thread 0x00000000195d1800 Implicit null exception at 0x000000000332162e to 0x0000000003323281
Event: 3.098 Thread 0x00000000191fc000 Implicit null exception at 0x0000000003000e61 to 0x000000000300117d
Event: 4.532 Thread 0x000000002770c000 Exception <a 'java/lang/IllegalStateException'> (0x00000000d62c9bc0) thrown at [C:\re\workspace\8-2-build-windows-amd64-cygwin\jdk8u161\10277\hotspot\src\share\vm\prims\jvm.cpp, line 1394]

Events (10 events):
Event: 4.530 loading class java/util/IdentityHashMap$KeyIterator
Event: 4.530 loading class java/util/IdentityHashMap$KeyIterator done
Event: 4.530 Thread 0x000000002770c000 Thread added: 0x000000002770c000
Event: 4.530 Thread 0x00000000276a6800 Thread added: 0x00000000276a6800
Event: 4.531 Thread 0x00000000276a6800 Thread exited: 0x00000000276a6800
Event: 4.531 loading class com/sun/javafx/tk/quantum/QuantumRenderer
Event: 4.531 loading class com/sun/javafx/tk/quantum/QuantumRenderer done
Event: 4.531 loading class com/sun/javafx/tk/quantum/QuantumToolkit
Event: 4.532 loading class com/sun/javafx/tk/quantum/QuantumToolkit done
Event: 4.532 Executing VM operation: Exit


Dynamic libraries:
0x00007ff7ddf60000 - 0x00007ff7ddf97000 	C:\Program Files\Java\jdk1.8.0_161\bin\javaw.exe
0x00007fff4e520000 - 0x00007fff4e701000 	C:\WINDOWS\SYSTEM32\ntdll.dll
0x00007fff4c040000 - 0x00007fff4c0f2000 	C:\WINDOWS\System32\KERNEL32.DLL
0x00007fff4b3d0000 - 0x00007fff4b643000 	C:\WINDOWS\System32\KERNELBASE.dll
0x00007fff4c420000 - 0x00007fff4c4c1000 	C:\WINDOWS\System32\ADVAPI32.dll
0x00007fff4bcd0000 - 0x00007fff4bd6e000 	C:\WINDOWS\System32\msvcrt.dll
0x00007fff4bfe0000 - 0x00007fff4c03b000 	C:\WINDOWS\System32\sechost.dll
0x00007fff4c2f0000 - 0x00007fff4c414000 	C:\WINDOWS\System32\RPCRT4.dll
0x00007fff4bb30000 - 0x00007fff4bcc0000 	C:\WINDOWS\System32\USER32.dll
0x00007fff4b060000 - 0x00007fff4b080000 	C:\WINDOWS\System32\win32u.dll
0x00007fff4bdf0000 - 0x00007fff4be18000 	C:\WINDOWS\System32\GDI32.dll
0x00007fff4b080000 - 0x00007fff4b212000 	C:\WINDOWS\System32\gdi32full.dll
0x00007fff4b650000 - 0x00007fff4b6ef000 	C:\WINDOWS\System32\msvcp_win.dll
0x00007fff4b2d0000 - 0x00007fff4b3ca000 	C:\WINDOWS\System32\ucrtbase.dll
0x00007fff40880000 - 0x00007fff40ae9000 	C:\WINDOWS\WinSxS\amd64_microsoft.windows.common-controls_6595b64144ccf1df_6.0.17134.112_none_fb3f961b30681c12\COMCTL32.dll
0x00007fff4e1c0000 - 0x00007fff4e4e3000 	C:\WINDOWS\System32\combase.dll
0x00007fff4b930000 - 0x00007fff4b9aa000 	C:\WINDOWS\System32\bcryptPrimitives.dll
0x00007fff4dc20000 - 0x00007fff4dc4d000 	C:\WINDOWS\System32\IMM32.DLL
0x0000000056b70000 - 0x0000000056c42000 	C:\Program Files\Java\jdk1.8.0_161\jre\bin\msvcr100.dll
0x0000000056d40000 - 0x00000000575df000 	C:\Program Files\Java\jdk1.8.0_161\jre\bin\server\jvm.dll
0x00007fff4bcc0000 - 0x00007fff4bcc8000 	C:\WINDOWS\System32\PSAPI.DLL
0x00007fff425e0000 - 0x00007fff42603000 	C:\WINDOWS\SYSTEM32\WINMM.dll
0x00007fff404d0000 - 0x00007fff404d9000 	C:\WINDOWS\SYSTEM32\WSOCK32.dll
0x00007fff40af0000 - 0x00007fff40afa000 	C:\WINDOWS\SYSTEM32\VERSION.dll
0x00007fff4be80000 - 0x00007fff4beec000 	C:\WINDOWS\System32\WS2_32.dll
0x00007fff425b0000 - 0x00007fff425da000 	C:\WINDOWS\SYSTEM32\winmmbase.dll
0x00007fff4b6f0000 - 0x00007fff4b739000 	C:\WINDOWS\System32\cfgmgr32.dll
0x0000000056d30000 - 0x0000000056d3f000 	C:\Program Files\Java\jdk1.8.0_161\jre\bin\verify.dll
0x0000000056d00000 - 0x0000000056d29000 	C:\Program Files\Java\jdk1.8.0_161\jre\bin\java.dll
0x0000000056ce0000 - 0x0000000056cf6000 	C:\Program Files\Java\jdk1.8.0_161\jre\bin\zip.dll
0x00007fff4c7e0000 - 0x00007fff4dc20000 	C:\WINDOWS\System32\SHELL32.dll
0x00007fff4b9b0000 - 0x00007fff4ba59000 	C:\WINDOWS\System32\shcore.dll
0x00007fff4a8f0000 - 0x00007fff4affd000 	C:\WINDOWS\System32\windows.storage.dll
0x00007fff4c290000 - 0x00007fff4c2e1000 	C:\WINDOWS\System32\shlwapi.dll
0x00007fff4a8d0000 - 0x00007fff4a8e1000 	C:\WINDOWS\System32\kernel.appcore.dll
0x00007fff4a840000 - 0x00007fff4a85f000 	C:\WINDOWS\System32\profapi.dll
0x00007fff4a880000 - 0x00007fff4a8cc000 	C:\WINDOWS\System32\powrprof.dll
0x00007fff4a830000 - 0x00007fff4a83a000 	C:\WINDOWS\System32\FLTLIB.DLL
0x0000000000a10000 - 0x0000000000a13000 	C:\Program Files\Java\jdk1.8.0_161\jre\bin\api-ms-win-core-console-l1-1-0.dll
0x0000000000f20000 - 0x0000000000f23000 	C:\Program Files\Java\jdk1.8.0_161\jre\bin\api-ms-win-core-datetime-l1-1-0.dll
0x0000000000f30000 - 0x0000000000f33000 	C:\Program Files\Java\jdk1.8.0_161\jre\bin\api-ms-win-core-debug-l1-1-0.dll
0x0000000002820000 - 0x0000000002823000 	C:\Program Files\Java\jdk1.8.0_161\jre\bin\api-ms-win-core-errorhandling-l1-1-0.dll
0x0000000002830000 - 0x0000000002834000 	C:\Program Files\Java\jdk1.8.0_161\jre\bin\api-ms-win-core-file-l1-1-0.dll
0x0000000002950000 - 0x0000000002953000 	C:\Program Files\Java\jdk1.8.0_161\jre\bin\api-ms-win-core-file-l1-2-0.dll
0x0000000002960000 - 0x0000000002963000 	C:\Program Files\Java\jdk1.8.0_161\jre\bin\api-ms-win-core-file-l2-1-0.dll
0x0000000002970000 - 0x0000000002973000 	C:\Program Files\Java\jdk1.8.0_161\jre\bin\api-ms-win-core-handle-l1-1-0.dll
0x0000000002980000 - 0x0000000002983000 	C:\Program Files\Java\jdk1.8.0_161\jre\bin\api-ms-win-core-heap-l1-1-0.dll
0x0000000002990000 - 0x0000000002993000 	C:\Program Files\Java\jdk1.8.0_161\jre\bin\api-ms-win-core-interlocked-l1-1-0.dll
0x00000000029a0000 - 0x00000000029a3000 	C:\Program Files\Java\jdk1.8.0_161\jre\bin\api-ms-win-core-libraryloader-l1-1-0.dll
0x00000000029b0000 - 0x00000000029b3000 	C:\Program Files\Java\jdk1.8.0_161\jre\bin\api-ms-win-core-localization-l1-2-0.dll
0x0000000019400000 - 0x0000000019403000 	C:\Program Files\Java\jdk1.8.0_161\jre\bin\api-ms-win-core-memory-l1-1-0.dll
0x0000000019410000 - 0x0000000019413000 	C:\Program Files\Java\jdk1.8.0_161\jre\bin\api-ms-win-core-namedpipe-l1-1-0.dll
0x0000000019420000 - 0x0000000019423000 	C:\Program Files\Java\jdk1.8.0_161\jre\bin\api-ms-win-core-processenvironment-l1-1-0.dll
0x0000000019430000 - 0x0000000019433000 	C:\Program Files\Java\jdk1.8.0_161\jre\bin\api-ms-win-core-processthreads-l1-1-0.dll
0x0000000019440000 - 0x0000000019443000 	C:\Program Files\Java\jdk1.8.0_161\jre\bin\api-ms-win-core-processthreads-l1-1-1.dll
0x0000000019450000 - 0x0000000019453000 	C:\Program Files\Java\jdk1.8.0_161\jre\bin\api-ms-win-core-profile-l1-1-0.dll
0x0000000019460000 - 0x0000000019463000 	C:\Program Files\Java\jdk1.8.0_161\jre\bin\api-ms-win-core-rtlsupport-l1-1-0.dll
0x0000000019470000 - 0x0000000019473000 	C:\Program Files\Java\jdk1.8.0_161\jre\bin\api-ms-win-core-string-l1-1-0.dll
0x0000000019480000 - 0x0000000019483000 	C:\Program Files\Java\jdk1.8.0_161\jre\bin\api-ms-win-core-synch-l1-1-0.dll
0x0000000019490000 - 0x0000000019493000 	C:\Program Files\Java\jdk1.8.0_161\jre\bin\api-ms-win-core-synch-l1-2-0.dll
0x00000000194a0000 - 0x00000000194a3000 	C:\Program Files\Java\jdk1.8.0_161\jre\bin\api-ms-win-core-sysinfo-l1-1-0.dll
0x00000000194b0000 - 0x00000000194b3000 	C:\Program Files\Java\jdk1.8.0_161\jre\bin\api-ms-win-core-timezone-l1-1-0.dll
0x00000000194c0000 - 0x00000000194c3000 	C:\Program Files\Java\jdk1.8.0_161\jre\bin\api-ms-win-core-util-l1-1-0.dll
0x00000000194d0000 - 0x00000000194d3000 	C:\Program Files\Java\jdk1.8.0_161\jre\bin\api-ms-win-crt-conio-l1-1-0.dll
0x00000000194e0000 - 0x00000000194e4000 	C:\Program Files\Java\jdk1.8.0_161\jre\bin\api-ms-win-crt-convert-l1-1-0.dll
0x00000000194f0000 - 0x00000000194f3000 	C:\Program Files\Java\jdk1.8.0_161\jre\bin\api-ms-win-crt-environment-l1-1-0.dll
0x0000000019500000 - 0x0000000019503000 	C:\Program Files\Java\jdk1.8.0_161\jre\bin\api-ms-win-crt-filesystem-l1-1-0.dll
0x0000000019510000 - 0x0000000019513000 	C:\Program Files\Java\jdk1.8.0_161\jre\bin\api-ms-win-crt-heap-l1-1-0.dll
0x0000000019520000 - 0x0000000019523000 	C:\Program Files\Java\jdk1.8.0_161\jre\bin\api-ms-win-crt-locale-l1-1-0.dll
0x0000000019530000 - 0x0000000019535000 	C:\Program Files\Java\jdk1.8.0_161\jre\bin\api-ms-win-crt-math-l1-1-0.dll
0x0000000019540000 - 0x0000000019545000 	C:\Program Files\Java\jdk1.8.0_161\jre\bin\api-ms-win-crt-multibyte-l1-1-0.dll
0x0000000019550000 - 0x0000000019560000 	C:\Program Files\Java\jdk1.8.0_161\jre\bin\api-ms-win-crt-private-l1-1-0.dll
0x0000000019560000 - 0x0000000019563000 	C:\Program Files\Java\jdk1.8.0_161\jre\bin\api-ms-win-crt-process-l1-1-0.dll
0x0000000019570000 - 0x0000000019574000 	C:\Program Files\Java\jdk1.8.0_161\jre\bin\api-ms-win-crt-runtime-l1-1-0.dll
0x0000000019580000 - 0x0000000019584000 	C:\Program Files\Java\jdk1.8.0_161\jre\bin\api-ms-win-crt-stdio-l1-1-0.dll
0x0000000019590000 - 0x0000000019594000 	C:\Program Files\Java\jdk1.8.0_161\jre\bin\api-ms-win-crt-string-l1-1-0.dll
0x00000000195a0000 - 0x00000000195a3000 	C:\Program Files\Java\jdk1.8.0_161\jre\bin\api-ms-win-crt-time-l1-1-0.dll
0x00000000195b0000 - 0x00000000195b3000 	C:\Program Files\Java\jdk1.8.0_161\jre\bin\api-ms-win-crt-utility-l1-1-0.dll
0x00007fff37b00000 - 0x00007fff37bf6000 	C:\Program Files\Java\jdk1.8.0_161\jre\bin\ucrtbase.dll
0x00007fff3ad40000 - 0x00007fff3ad91000 	C:\Program Files\Java\jdk1.8.0_161\jre\bin\concrt140.dll
0x00007fff48490000 - 0x00007fff4853a000 	C:\WINDOWS\SYSTEM32\MSVCP140.dll
0x00007fff48540000 - 0x00007fff48556000 	C:\WINDOWS\SYSTEM32\VCRUNTIME140.dll
0x00007fff44f20000 - 0x00007fff44f36000 	C:\Program Files\Java\jdk1.8.0_161\jre\bin\vcruntime140.dll
0x00007fff35830000 - 0x00007fff358cc000 	C:\Program Files\Java\jdk1.8.0_161\jre\bin\msvcp140.dll
0x0000000056b40000 - 0x0000000056b63000 	C:\Program Files\Java\jdk1.8.0_161\jre\bin\prism_d3d.dll
0x00007fff07e20000 - 0x00007fff07fb7000 	C:\WINDOWS\system32\d3d9.dll
0x00007fff48c30000 - 0x00007fff48c59000 	C:\WINDOWS\SYSTEM32\dwmapi.dll
0x00007fff481b0000 - 0x00007fff48248000 	C:\WINDOWS\system32\uxtheme.dll
0x00007fff4c4d0000 - 0x00007fff4c621000 	C:\WINDOWS\System32\ole32.dll
0x00007fff4ba60000 - 0x00007fff4bb22000 	C:\WINDOWS\System32\OLEAUT32.dll
0x0000000056af0000 - 0x0000000056b39000 	C:\Program Files\Java\jdk1.8.0_161\jre\bin\glass.dll
0x00007fff4bef0000 - 0x00007fff4bfdd000 	C:\WINDOWS\System32\COMDLG32.dll
0x00007fff4c100000 - 0x00007fff4c275000 	C:\WINDOWS\System32\MSCTF.dll
0x0000000056ad0000 - 0x0000000056ae4000 	C:\Program Files\Java\jdk1.8.0_161\jre\bin\javafx_font.dll
0x00007fff36300000 - 0x00007fff3661c000 	C:\WINDOWS\SYSTEM32\dwrite.dll
0x0000000056c70000 - 0x0000000056c94000 	C:\Program Files\Java\jdk1.8.0_161\jre\bin\sunec.dll
0x0000000056cc0000 - 0x0000000056cda000 	C:\Program Files\Java\jdk1.8.0_161\jre\bin\net.dll
0x00007fff4a0b0000 - 0x00007fff4a116000 	C:\WINDOWS\system32\mswsock.dll
0x00007fff49e30000 - 0x00007fff49e68000 	C:\WINDOWS\SYSTEM32\IPHLPAPI.DLL
0x00007fff4c630000 - 0x00007fff4c638000 	C:\WINDOWS\System32\NSI.dll
0x00007fff45260000 - 0x00007fff45276000 	C:\WINDOWS\SYSTEM32\dhcpcsvc6.DLL
0x00007fff45540000 - 0x00007fff4555a000 	C:\WINDOWS\SYSTEM32\dhcpcsvc.DLL
0x0000000056ca0000 - 0x0000000056cb1000 	C:\Program Files\Java\jdk1.8.0_161\jre\bin\nio.dll
0x00007fff4e0a0000 - 0x00007fff4e140000 	C:\WINDOWS\System32\clbcatq.dll
0x00007fff47f80000 - 0x00007fff4812e000 	C:\WINDOWS\SYSTEM32\WindowsCodecs.dll
0x00007fff1dfb0000 - 0x00007fff1e008000 	C:\WINDOWS\system32\dataexchange.dll
0x00007fff46730000 - 0x00007fff46a3b000 	C:\WINDOWS\system32\d3d11.dll
0x00007fff475e0000 - 0x00007fff4777c000 	C:\WINDOWS\system32\dcomp.dll
0x00007fff495f0000 - 0x00007fff496ab000 	C:\WINDOWS\system32\dxgi.dll
0x00007fff48cc0000 - 0x00007fff48e78000 	C:\WINDOWS\system32\twinapi.appcore.dll
0x00007fff48c60000 - 0x00007fff48c81000 	C:\WINDOWS\system32\RMCLIENT.dll
0x00007fff436b0000 - 0x00007fff436e4000 	C:\Program Files\Common Files\Microsoft Shared\Ink\rtscom.dll
0x00007fff3a8a0000 - 0x00007fff3a938000 	C:\WINDOWS\System32\TextInputFramework.dll
0x00007fff47b70000 - 0x00007fff47c4a000 	C:\WINDOWS\System32\CoreMessaging.dll
0x00007fff41f20000 - 0x00007fff4223e000 	C:\WINDOWS\System32\CoreUIComponents.dll
0x00007fff49920000 - 0x00007fff49951000 	C:\WINDOWS\SYSTEM32\ntmarta.dll
0x00007fff47440000 - 0x00007fff4758d000 	C:\WINDOWS\SYSTEM32\wintypes.dll
0x0000000056aa0000 - 0x0000000056ac3000 	C:\Program Files\Java\jdk1.8.0_161\jre\bin\javafx_iio.dll
0x0000000056a80000 - 0x0000000056a92000 	C:\Program Files\Java\jdk1.8.0_161\jre\bin\prism_common.dll
0x00007fff49140000 - 0x00007fff49309000 	C:\WINDOWS\SYSTEM32\dbghelp.dll

VM Arguments:
jvm_args: -Dfile.encoding=UTF-8 
java_command: com.jeeves.vpl.Main
java_class_path (initial): C:\Program Files\Java\jdk1.8.0_161\jre\lib\resources.jar;C:\Program Files\Java\jdk1.8.0_161\jre\lib\rt.jar;C:\Program Files\Java\jdk1.8.0_161\jre\lib\jsse.jar;C:\Program Files\Java\jdk1.8.0_161\jre\lib\jce.jar;C:\Program Files\Java\jdk1.8.0_161\jre\lib\charsets.jar;C:\Program Files\Java\jdk1.8.0_161\jre\lib\jfr.jar;C:\Program Files\Java\jdk1.8.0_161\jre\lib\ext\access-bridge-64.jar;C:\Program Files\Java\jdk1.8.0_161\jre\lib\ext\cldrdata.jar;C:\Program Files\Java\jdk1.8.0_161\jre\lib\ext\dnsns.jar;C:\Program Files\Java\jdk1.8.0_161\jre\lib\ext\jaccess.jar;C:\Program Files\Java\jdk1.8.0_161\jre\lib\ext\jfxrt.jar;C:\Program Files\Java\jdk1.8.0_161\jre\lib\ext\localedata.jar;C:\Program Files\Java\jdk1.8.0_161\jre\lib\ext\nashorn.jar;C:\Program Files\Java\jdk1.8.0_161\jre\lib\ext\sunec.jar;C:\Program Files\Java\jdk1.8.0_161\jre\lib\ext\sunjce_provider.jar;C:\Program Files\Java\jdk1.8.0_161\jre\lib\ext\sunmscapi.jar;C:\Program Files\Java\jdk1.8.0_161\jre\lib\ext\sunpkcs11.jar;C:\Program Files\Java\jdk1.8.0_161\jre\lib\ext\zipfs.jar;C:\Users\danie\eclipse-workspace\Jeeves\target\classes;C:\Users\danie\eclipse-workspace\Jeeves\poi-3.15.jar;C:\Users\danie\eclipse-workspace\Jeeves\commons-lang3-3.5.jar;C:\Users\danie\eclipse-workspace\Jeeves\controlsfx-8.40.12.jar;C:\Users\danie\.m2\repository\commons-codec\commons-codec\1.9\commons-codec-1.9.jar;C:\Users\danie\.m2\repository\commons-validator\commons-validator\1.4.1\commons-validator-1.4.1.jar;C:\Users\danie\.m2\repository\commons-beanutils\commons-beanutils\1.8.3\commons-beanutils-1.8.3.jar;C:\Users\danie\.m2\repository\commons-digester\commons-digester\1.8.1\commons-digester-1.8.1.jar;C:\Users\danie\.m2\repository\commons-logging\commons-logging\1.2\commons-logging-1.2.jar;C:\Users\danie\.m2\repository\commons-collections\commons-collections\3.2.1\commons-collections-3.2.1.jar;C:\Users\danie\.m2\repository\org\apache\shiro\shiro-core\1.3.2\shiro-core-1.3.2.jar;C:\Users\danie\.m2\repository\org\
Launcher Type: SUN_STANDARD

Environment Variables:
JAVA_HOME=c:\program files\java\jdk1.8.0_161
PATH=C:/Program Files/Java/jdk1.8.0_161/bin/../jre/bin/server;C:/Program Files/Java/jdk1.8.0_161/bin/../jre/bin;C:/Program Files/Java/jdk1.8.0_161/bin/../jre/lib/amd64;C:\Program Files (x86)\Common Files\Oracle\Java\javapath;C:\ProgramData\Oracle\Java\javapath;C:\Program Files (x86)\Intel\Intel(R) Management Engine Components\iCLS\;C:\Program Files\Intel\Intel(R) Management Engine Components\iCLS\;C:\Windows\system32;C:\Windows;C:\Windows\System32\Wbem;C:\Windows\System32\WindowsPowerShell\v1.0\;C:\Program Files (x86)\Intel\Intel(R) Management Engine Components\DAL;C:\Program Files\Intel\Intel(R) Management Engine Components\DAL;C:\Program Files (x86)\Intel\Intel(R) Management Engine Components\IPT;C:\Program Files\Intel\Intel(R) Management Engine Components\IPT;C:\Program Files\Intel\WiFi\bin\;C:\Program Files\Common Files\Intel\WirelessCommon\;C:\Program Files (x86)\NVIDIA Corporation\PhysX\Common;C:\Python27;C:\Python27\Scripts;C:\Program Files\Git\cmd;C:\Program Files\Git\mingw64\bin;C:\Program Files\Git\usr\bin;C:\WINDOWS\system32;C:\WINDOWS;C:\WINDOWS\System32\Wbem;C:\WINDOWS\System32\WindowsPowerShell\v1.0\;C:\WINDOWS\System32\OpenSSH\;c:\jruby-9.1.8.0\bin;C:\Ruby24-x64\bin;C:\Users\danie\AppData\Local\Microsoft\WindowsApps;C:\Program Files\Heroku\bin;;C:\Users\danie\OneDrive\Desktop;
USERNAME=danie
OS=Windows_NT
PROCESSOR_IDENTIFIER=Intel64 Family 6 Model 158 Stepping 9, GenuineIntel



---------------  S Y S T E M  ---------------

OS: Windows 10.0 , 64 bit Build 17134 (10.0.17134.1)

CPU:total 4 (initial active 4) (4 cores per cpu, 1 threads per core) family 6 model 158 stepping 9, cmov, cx8, fxsr, mmx, sse, sse2, sse3, ssse3, sse4.1, sse4.2, popcnt, avx, avx2, aes, clmul, erms, 3dnowpref, lzcnt, tsc, tscinvbit, bmi1, bmi2, adx

Memory: 4k page, physical 8250724k(2566456k free), swap 14804324k(6061256k free)

vm_info: Java HotSpot(TM) 64-Bit Server VM (25.161-b12) for windows-amd64 JRE (1.8.0_161-b12), built on Dec 19 2017 17:52:25 by "java_re" with MS VC++ 10.0 (VS2010)

time: Sun Jun 17 22:28:54 2018
elapsed time: 4 seconds (0d 0h 0m 4s)

