#
# A fatal error has been detected by the Java Runtime Environment:
#
#  EXCEPTION_ACCESS_VIOLATION (0xc0000005) at pc=0x000000005ab078b0, pid=13164, tid=0x000000000000305c
#
# JRE version: Java(TM) SE Runtime Environment (8.0_161-b12) (build 1.8.0_161-b12)
# Java VM: Java HotSpot(TM) 64-Bit Server VM (25.161-b12 mixed mode windows-amd64 compressed oops)
# Problematic frame:
# C  [glass.dll+0x278b0]
#
# Failed to write core dump. Minidumps are not enabled by default on client versions of Windows
#
# If you would like to submit a bug report, please visit:
#   http://bugreport.java.com/bugreport/crash.jsp
#

---------------  T H R E A D  ---------------

Current thread (0x0000000017ae7000):  VMThread [stack: 0x0000000018b90000,0x0000000018c90000] [id=12380]

siginfo: ExceptionCode=0xc0000005, reading address 0x0000000000000000

Registers:
RAX=0x0000000000000000, RBX=0x000000001983a088, RCX=0x0000000017ae7000, RDX=0x000000005b35dc78
RSP=0x0000000018c8f680, RBP=0x0000000000fc3838, RSI=0x0000000000fc3810, RDI=0x00002acea70c4cd4
R8 =0x0000000000010002, R9 =0x0000000000000014, R10=0x00002acea70c4cd4, R11=0x0000000018c8f590
R12=0x0000000000000000, R13=0x0000000000000040, R14=0x0000000018c8f798, R15=0x0000000000fc3810
RIP=0x000000005ab078b0, EFLAGS=0x0000000000010206

Top of Stack: (sp=0x0000000018c8f680)
0x0000000018c8f680:   0000000000000000 00007ffd9d49e52b
0x0000000018c8f690:   0000000000fc3820 0000000000fc3820
0x0000000018c8f6a0:   fffffffffffffffe 0000000000fc3838
0x0000000018c8f6b0:   0000000000fc3818 00007ffd9d497013
0x0000000018c8f6c0:   000000005ab1c1b0 00007ffd00000000
0x0000000018c8f6d0:   000004725b4c182b 00007ffd90035270
0x0000000018c8f6e0:   fffffffffffffffe 00007ffd9d4972ad
0x0000000018c8f6f0:   0000000000000001 000000005aae0000
0x0000000018c8f700:   0000000002d91638 000000005ab048dc
0x0000000018c8f710:   0000000018c8f788 00007ffd9d49da67
0x0000000018c8f720:   0000000000000000 0000000018c8f798
0x0000000018c8f730:   00000000179f5500 00007ffd9d57b090
0x0000000018c8f740:   0000000000000000 00007ffd9d497204
0x0000000018c8f750:   0000000000000000 0000000000000001
0x0000000018c8f760:   0000000000000000 0000000018c8f788
0x0000000018c8f770:   0000000000000000 000000005ab04752 

Instructions: (pc=0x000000005ab078b0)
0x000000005ab07890:   40 53 48 83 ec 30 48 c7 44 24 20 fe ff ff ff 48
0x000000005ab078a0:   8b 1d 7a 72 01 00 48 85 db 74 16 e8 00 81 ff ff
0x000000005ab078b0:   4c 8b 00 48 8b d3 48 8b c8 41 ff 90 b0 00 00 00
0x000000005ab078c0:   90 48 83 c4 30 5b c3 cc cc cc cc cc cc cc cc cc 


Register to memory mapping:

RAX=0x0000000000000000 is an unknown value
RBX=0x000000001983a088 is a global jni handle
RCX=0x0000000017ae7000 is an unknown value
RDX=0x000000005b35dc78 is an unknown value
RSP=0x0000000018c8f680 is an unknown value
RBP=0x0000000000fc3838 is an unknown value
RSI=0x0000000000fc3810 is an unknown value
RDI=0x00002acea70c4cd4 is an unknown value
R8 =0x0000000000010002 is an unknown value
R9 =0x0000000000000014 is an unknown value
R10=0x00002acea70c4cd4 is an unknown value
R11=0x0000000018c8f590 is an unknown value
R12=0x0000000000000000 is an unknown value
R13=0x0000000000000040 is an unknown value
R14=0x0000000018c8f798 is an unknown value
R15=0x0000000000fc3810 is an unknown value


Stack: [0x0000000018b90000,0x0000000018c90000],  sp=0x0000000018c8f680,  free space=1021k
Native frames: (J=compiled Java code, j=interpreted, Vv=VM code, C=native code)
C  [glass.dll+0x278b0]
C  [ucrtbase.dll+0x7013]
C  [ucrtbase.dll+0xda67]
C  [ucrtbase.dll+0x7204]
C  [glass.dll+0x24752]
C  [glass.dll+0x24850]
C  [ntdll.dll+0x34143]
C  [ntdll.dll+0x40af5]
C  [ntdll.dll+0x409b8]
C  [KERNEL32.DLL+0x1b19a]
C  [msvcr100.dll+0x20ccd]
V  [jvm.dll+0x212e95]
V  [jvm.dll+0x24c227]
V  [jvm.dll+0x24b4c6]
V  [jvm.dll+0x24b961]
V  [jvm.dll+0x24bb7e]
V  [jvm.dll+0x29cc4a]
C  [msvcr100.dll+0x21d9f]
C  [msvcr100.dll+0x21e3b]
C  [KERNEL32.DLL+0x13034]
C  [ntdll.dll+0x71551]

VM_Operation (0x000000001a28a390): Exit, mode: safepoint, requested by thread 0x000000001985b800


---------------  P R O C E S S  ---------------

Java Threads: ( => current thread )
  0x00000000276db000 JavaThread "Glass/Prism Shutdown Hook" [_thread_blocked, id=10900, stack(0x0000000028520000,0x0000000028620000)]
  0x0000000021c15000 JavaThread "Prism Font Disposer" daemon [_thread_blocked, id=16452, stack(0x0000000024020000,0x0000000024120000)]
  0x0000000019873000 JavaThread "JavaFX-Launcher" [_thread_blocked, id=1472, stack(0x0000000021710000,0x0000000021810000)]
  0x0000000019872000 JavaThread "Thread-2" daemon [_thread_in_native, id=16284, stack(0x0000000021610000,0x0000000021710000)]
  0x000000001985b800 JavaThread "JavaFX Application Thread" [_thread_blocked, id=4496, stack(0x000000001a190000,0x000000001a290000)]
  0x000000001983b000 JavaThread "Thread-1" daemon [_thread_blocked, id=9760, stack(0x000000001a090000,0x000000001a190000)]
  0x000000001982a800 JavaThread "QuantumRenderer-0" daemon [_thread_blocked, id=9100, stack(0x0000000019cc0000,0x0000000019dc0000)]
  0x00000000194b7000 JavaThread "Service Thread" daemon [_thread_blocked, id=10460, stack(0x0000000019880000,0x0000000019980000)]
  0x0000000017b33000 JavaThread "C1 CompilerThread2" daemon [_thread_blocked, id=17232, stack(0x0000000019380000,0x0000000019480000)]
  0x0000000017b27800 JavaThread "C2 CompilerThread1" daemon [_thread_blocked, id=17864, stack(0x0000000019280000,0x0000000019380000)]
  0x0000000017b23800 JavaThread "C2 CompilerThread0" daemon [_thread_blocked, id=7368, stack(0x0000000019180000,0x0000000019280000)]
  0x0000000017b22800 JavaThread "Attach Listener" daemon [_thread_blocked, id=2056, stack(0x0000000019080000,0x0000000019180000)]
  0x0000000017b10000 JavaThread "Finalizer" daemon [_thread_blocked, id=4980, stack(0x0000000018d90000,0x0000000018e90000)]
  0x0000000003026000 JavaThread "Reference Handler" daemon [_thread_blocked, id=12008, stack(0x0000000018c90000,0x0000000018d90000)]
  0x0000000002f35800 JavaThread "main" [_thread_blocked, id=12304, stack(0x0000000002e30000,0x0000000002f30000)]

Other Threads:
=>0x0000000017ae7000 VMThread [stack: 0x0000000018b90000,0x0000000018c90000] [id=12380]

VM state:at safepoint (shutting down)

VM Mutex/Monitor currently owned by a thread:  ([mutex/lock_event])
[0x0000000002f32550] Threads_lock - owner thread: 0x0000000017ae7000

Heap:
 PSYoungGen      total 115712K, used 18003K [0x00000000d6000000, 0x00000000dfb00000, 0x0000000100000000)
  eden space 101888K, 4% used [0x00000000d6000000,0x00000000d6419408,0x00000000dc380000)
  from space 13824K, 99% used [0x00000000ded80000,0x00000000dfafb930,0x00000000dfb00000)
  to   space 16896K, 0% used [0x00000000dda00000,0x00000000dda00000,0x00000000dea80000)
 ParOldGen       total 72192K, used 18109K [0x0000000082000000, 0x0000000086680000, 0x00000000d6000000)
  object space 72192K, 25% used [0x0000000082000000,0x00000000831af5b8,0x0000000086680000)
 Metaspace       used 25885K, capacity 27660K, committed 27696K, reserved 1073152K
  class space    used 3792K, capacity 4118K, committed 4144K, reserved 1048576K

Card table byte_map: [0x00000000123f0000,0x00000000127f0000] byte_map_base: 0x0000000011fe0000

Marking Bits: (ParMarkBitMap*) 0x000000005b54f860
 Begin Bits: [0x0000000012e90000, 0x0000000014e10000)
 End Bits:   [0x0000000014e10000, 0x0000000016d90000)

Polling page: 0x00000000014b0000

CodeCache: size=245760Kb used=12327Kb max_used=12339Kb free=233432Kb
 bounds [0x0000000003030000, 0x0000000003c50000, 0x0000000012030000]
 total_blobs=4851 nmethods=4124 adapters=639
 compilation: enabled

Compilation events (10 events):
Event: 4.613 Thread 0x0000000017b33000 nmethod 4142 0x0000000003c3d590 code [0x0000000003c3d700, 0x0000000003c3d9e8]
Event: 4.615 Thread 0x0000000017b33000 4143       3       javafx.scene.Node::updateLocalBounds (67 bytes)
Event: 4.616 Thread 0x0000000017b33000 nmethod 4143 0x0000000003c3db50 code [0x0000000003c3dd60, 0x0000000003c3eb08]
Event: 4.616 Thread 0x0000000017b33000 4144       3       com.sun.javafx.css.StyleManager$Cache::access$600 (10 bytes)
Event: 4.616 Thread 0x0000000017b33000 nmethod 4144 0x0000000003c3ef50 code [0x0000000003c3f0c0, 0x0000000003c3f228]
Event: 4.616 Thread 0x0000000017b27800 4145       4       java.util.concurrent.ConcurrentHashMap::get (162 bytes)
Event: 4.619 Thread 0x0000000017b33000 4148       1       java.util.logging.Logger::getName (5 bytes)
Event: 4.619 Thread 0x0000000017b33000 nmethod 4148 0x0000000003c3f310 code [0x0000000003c3f460, 0x0000000003c3f570]
Event: 4.620 Thread 0x0000000017b27800 nmethod 4145 0x0000000003c424d0 code [0x0000000003c42620, 0x0000000003c428d8]
Event: 4.620 Thread 0x0000000017b27800 4146       4       java.util.ArrayList$Itr::next (66 bytes)

GC Heap History (10 events):
Event: 1.783 GC heap before
{Heap before GC invocations=3 (full 0):
 PSYoungGen      total 37888K, used 37872K [0x00000000d6000000, 0x00000000d8a00000, 0x0000000100000000)
  eden space 32768K, 100% used [0x00000000d6000000,0x00000000d8000000,0x00000000d8000000)
  from space 5120K, 99% used [0x00000000d8500000,0x00000000d89fc090,0x00000000d8a00000)
  to   space 5120K, 0% used [0x00000000d8000000,0x00000000d8000000,0x00000000d8500000)
 ParOldGen       total 86016K, used 9107K [0x0000000082000000, 0x0000000087400000, 0x00000000d6000000)
  object space 86016K, 10% used [0x0000000082000000,0x00000000828e4d30,0x0000000087400000)
 Metaspace       used 18277K, capacity 18982K, committed 19072K, reserved 1064960K
  class space    used 2489K, capacity 2673K, committed 2688K, reserved 1048576K
Event: 1.792 GC heap after
Heap after GC invocations=3 (full 0):
 PSYoungGen      total 37888K, used 5104K [0x00000000d6000000, 0x00000000daa00000, 0x0000000100000000)
  eden space 32768K, 0% used [0x00000000d6000000,0x00000000d6000000,0x00000000d8000000)
  from space 5120K, 99% used [0x00000000d8000000,0x00000000d84fc090,0x00000000d8500000)
  to   space 5120K, 0% used [0x00000000da500000,0x00000000da500000,0x00000000daa00000)
 ParOldGen       total 86016K, used 12643K [0x0000000082000000, 0x0000000087400000, 0x00000000d6000000)
  object space 86016K, 14% used [0x0000000082000000,0x0000000082c58e40,0x0000000087400000)
 Metaspace       used 18277K, capacity 18982K, committed 19072K, reserved 1064960K
  class space    used 2489K, capacity 2673K, committed 2688K, reserved 1048576K
}
Event: 2.081 GC heap before
{Heap before GC invocations=4 (full 0):
 PSYoungGen      total 37888K, used 37872K [0x00000000d6000000, 0x00000000daa00000, 0x0000000100000000)
  eden space 32768K, 100% used [0x00000000d6000000,0x00000000d8000000,0x00000000d8000000)
  from space 5120K, 99% used [0x00000000d8000000,0x00000000d84fc090,0x00000000d8500000)
  to   space 5120K, 0% used [0x00000000da500000,0x00000000da500000,0x00000000daa00000)
 ParOldGen       total 86016K, used 12643K [0x0000000082000000, 0x0000000087400000, 0x00000000d6000000)
  object space 86016K, 14% used [0x0000000082000000,0x0000000082c58e40,0x0000000087400000)
 Metaspace       used 20123K, capacity 20942K, committed 20992K, reserved 1067008K
  class space    used 2857K, capacity 3057K, committed 3072K, reserved 1048576K
Event: 2.086 GC heap after
Heap after GC invocations=4 (full 0):
 PSYoungGen      total 70656K, used 5111K [0x00000000d6000000, 0x00000000daa00000, 0x0000000100000000)
  eden space 65536K, 0% used [0x00000000d6000000,0x00000000d6000000,0x00000000da000000)
  from space 5120K, 99% used [0x00000000da500000,0x00000000da9fdc90,0x00000000daa00000)
  to   space 5120K, 0% used [0x00000000da000000,0x00000000da000000,0x00000000da500000)
 ParOldGen       total 86016K, used 13672K [0x0000000082000000, 0x0000000087400000, 0x00000000d6000000)
  object space 86016K, 15% used [0x0000000082000000,0x0000000082d5a0f8,0x0000000087400000)
 Metaspace       used 20123K, capacity 20942K, committed 20992K, reserved 1067008K
  class space    used 2857K, capacity 3057K, committed 3072K, reserved 1048576K
}
Event: 2.165 GC heap before
{Heap before GC invocations=5 (full 0):
 PSYoungGen      total 70656K, used 20249K [0x00000000d6000000, 0x00000000daa00000, 0x0000000100000000)
  eden space 65536K, 23% used [0x00000000d6000000,0x00000000d6ec8a10,0x00000000da000000)
  from space 5120K, 99% used [0x00000000da500000,0x00000000da9fdc90,0x00000000daa00000)
  to   space 5120K, 0% used [0x00000000da000000,0x00000000da000000,0x00000000da500000)
 ParOldGen       total 86016K, used 13672K [0x0000000082000000, 0x0000000087400000, 0x00000000d6000000)
  object space 86016K, 15% used [0x0000000082000000,0x0000000082d5a0f8,0x0000000087400000)
 Metaspace       used 20353K, capacity 21262K, committed 21296K, reserved 1067008K
  class space    used 2906K, capacity 3105K, committed 3120K, reserved 1048576K
Event: 2.171 GC heap after
Heap after GC invocations=5 (full 0):
 PSYoungGen      total 70656K, used 5111K [0x00000000d6000000, 0x00000000dfb00000, 0x0000000100000000)
  eden space 65536K, 0% used [0x00000000d6000000,0x00000000d6000000,0x00000000da000000)
  from space 5120K, 99% used [0x00000000da000000,0x00000000da4fdc90,0x00000000da500000)
  to   space 13824K, 0% used [0x00000000ded80000,0x00000000ded80000,0x00000000dfb00000)
 ParOldGen       total 86016K, used 14040K [0x0000000082000000, 0x0000000087400000, 0x00000000d6000000)
  object space 86016K, 16% used [0x0000000082000000,0x0000000082db6108,0x0000000087400000)
 Metaspace       used 20353K, capacity 21262K, committed 21296K, reserved 1067008K
  class space    used 2906K, capacity 3105K, committed 3120K, reserved 1048576K
}
Event: 2.171 GC heap before
{Heap before GC invocations=6 (full 1):
 PSYoungGen      total 70656K, used 5111K [0x00000000d6000000, 0x00000000dfb00000, 0x0000000100000000)
  eden space 65536K, 0% used [0x00000000d6000000,0x00000000d6000000,0x00000000da000000)
  from space 5120K, 99% used [0x00000000da000000,0x00000000da4fdc90,0x00000000da500000)
  to   space 13824K, 0% used [0x00000000ded80000,0x00000000ded80000,0x00000000dfb00000)
 ParOldGen       total 86016K, used 14040K [0x0000000082000000, 0x0000000087400000, 0x00000000d6000000)
  object space 86016K, 16% used [0x0000000082000000,0x0000000082db6108,0x0000000087400000)
 Metaspace       used 20353K, capacity 21262K, committed 21296K, reserved 1067008K
  class space    used 2906K, capacity 3105K, committed 3120K, reserved 1048576K
Event: 2.210 GC heap after
Heap after GC invocations=6 (full 1):
 PSYoungGen      total 70656K, used 0K [0x00000000d6000000, 0x00000000dfb00000, 0x0000000100000000)
  eden space 65536K, 0% used [0x00000000d6000000,0x00000000d6000000,0x00000000da000000)
  from space 5120K, 0% used [0x00000000da000000,0x00000000da000000,0x00000000da500000)
  to   space 13824K, 0% used [0x00000000ded80000,0x00000000ded80000,0x00000000dfb00000)
 ParOldGen       total 72192K, used 16780K [0x0000000082000000, 0x0000000086680000, 0x00000000d6000000)
  object space 72192K, 23% used [0x0000000082000000,0x00000000830630b8,0x0000000086680000)
 Metaspace       used 20353K, capacity 21262K, committed 21296K, reserved 1067008K
  class space    used 2906K, capacity 3105K, committed 3120K, reserved 1048576K
}
Event: 3.586 GC heap before
{Heap before GC invocations=7 (full 1):
 PSYoungGen      total 70656K, used 65536K [0x00000000d6000000, 0x00000000dfb00000, 0x0000000100000000)
  eden space 65536K, 100% used [0x00000000d6000000,0x00000000da000000,0x00000000da000000)
  from space 5120K, 0% used [0x00000000da000000,0x00000000da000000,0x00000000da500000)
  to   space 13824K, 0% used [0x00000000ded80000,0x00000000ded80000,0x00000000dfb00000)
 ParOldGen       total 72192K, used 16780K [0x0000000082000000, 0x0000000086680000, 0x00000000d6000000)
  object space 72192K, 23% used [0x0000000082000000,0x00000000830630b8,0x0000000086680000)
 Metaspace       used 25581K, capacity 27278K, committed 27440K, reserved 1073152K
  class space    used 3756K, capacity 4061K, committed 4144K, reserved 1048576K
Event: 3.601 GC heap after
Heap after GC invocations=7 (full 1):
 PSYoungGen      total 115712K, used 13806K [0x00000000d6000000, 0x00000000dfb00000, 0x0000000100000000)
  eden space 101888K, 0% used [0x00000000d6000000,0x00000000d6000000,0x00000000dc380000)
  from space 13824K, 99% used [0x00000000ded80000,0x00000000dfafb930,0x00000000dfb00000)
  to   space 16896K, 0% used [0x00000000dda00000,0x00000000dda00000,0x00000000dea80000)
 ParOldGen       total 72192K, used 18109K [0x0000000082000000, 0x0000000086680000, 0x00000000d6000000)
  object space 72192K, 25% used [0x0000000082000000,0x00000000831af5b8,0x0000000086680000)
 Metaspace       used 25581K, capacity 27278K, committed 27440K, reserved 1073152K
  class space    used 3756K, capacity 4061K, committed 4144K, reserved 1048576K
}

Deoptimization events (10 events):
Event: 2.913 Thread 0x000000001985b800 Uncommon trap: reason=class_check action=maybe_recompile pc=0x00000000039c7fc8 method=java.util.WeakHashMap.eq(Ljava/lang/Object;Ljava/lang/Object;)Z @ 7
Event: 3.042 Thread 0x000000001985b800 Uncommon trap: reason=bimorphic action=maybe_recompile pc=0x0000000003ab2600 method=com.sun.javafx.css.CompoundSelector.stateMatches(Ljavafx/css/Styleable;Ljava/util/Set;I)Z @ 160
Event: 3.042 Thread 0x000000001985b800 Uncommon trap: reason=bimorphic action=maybe_recompile pc=0x0000000003ab2600 method=com.sun.javafx.css.CompoundSelector.stateMatches(Ljavafx/css/Styleable;Ljava/util/Set;I)Z @ 160
Event: 3.042 Thread 0x000000001985b800 Uncommon trap: reason=bimorphic action=maybe_recompile pc=0x0000000003ab2600 method=com.sun.javafx.css.CompoundSelector.stateMatches(Ljavafx/css/Styleable;Ljava/util/Set;I)Z @ 160
Event: 3.044 Thread 0x000000001985b800 Uncommon trap: reason=bimorphic action=maybe_recompile pc=0x0000000003ab2600 method=com.sun.javafx.css.CompoundSelector.stateMatches(Ljavafx/css/Styleable;Ljava/util/Set;I)Z @ 160
Event: 3.162 Thread 0x000000001982a800 Uncommon trap: reason=bimorphic action=maybe_recompile pc=0x00000000035c9428 method=java.io.BufferedInputStream.read1([BII)I @ 39
Event: 3.162 Thread 0x000000001982a800 Uncommon trap: reason=unstable_if action=reinterpret pc=0x00000000035c9258 method=java.io.BufferedInputStream.read1([BII)I @ 60
Event: 3.199 Thread 0x000000001982a800 Uncommon trap: reason=unstable_if action=reinterpret pc=0x0000000003712cf4 method=java.lang.Class.arrayContentsEq([Ljava/lang/Object;[Ljava/lang/Object;)Z @ 1
Event: 3.583 Thread 0x000000001985b800 Uncommon trap: reason=unstable_if action=reinterpret pc=0x0000000003a3f9e0 method=com.sun.javafx.css.BitSet.retainAll(Ljava/util/Collection;)Z @ 89
Event: 3.650 Thread 0x000000001985b800 Uncommon trap: reason=unstable_if action=reinterpret pc=0x00000000036e9568 method=jdk.internal.org.objectweb.asm.Type.getArgumentsAndReturnSizes(Ljava/lang/String;)I @ 47

Classes redefined (0 events):
No events

Internal exceptions (10 events):
Event: 1.274 Thread 0x000000001985b800 Exception <a 'java/lang/NoClassDefFoundError': org/slf4j/impl/StaticLoggerBinder> (0x00000000d7dbbb58) thrown at [C:\re\workspace\8-2-build-windows-amd64-cygwin\jdk8u161\10277\hotspot\src\share\vm\classfile\systemDictionary.cpp, line 199]
Event: 1.872 Thread 0x000000001985b800 Exception <a 'java/lang/ArrayIndexOutOfBoundsException': 57> (0x00000000d6425960) thrown at [C:\re\workspace\8-2-build-windows-amd64-cygwin\jdk8u161\10277\hotspot\src\share\vm\interpreter\interpreterRuntime.cpp, line 366]
Event: 2.098 Thread 0x000000001985b800 Implicit null exception at 0x0000000003363cb5 to 0x0000000003363ecd
Event: 2.098 Thread 0x000000001985b800 Implicit null exception at 0x000000000358931b to 0x00000000035897cd
Event: 2.291 Thread 0x000000001985b800 Exception <a 'java/lang/NullPointerException'> (0x00000000d6ccfb48) thrown at [C:\re\workspace\8-2-build-windows-amd64-cygwin\jdk8u161\10277\hotspot\src\share\vm\interpreter\linkResolver.cpp, line 1185]
Event: 2.291 Thread 0x000000001985b800 Exception <a 'java/lang/reflect/InvocationTargetException'> (0x00000000d6ccfd50) thrown at [C:\re\workspace\8-2-build-windows-amd64-cygwin\jdk8u161\10277\hotspot\src\share\vm\runtime\reflection.cpp, line 1092]
Event: 2.875 Thread 0x000000001985b800 Implicit null exception at 0x0000000003a24845 to 0x0000000003a261d1
Event: 2.877 Thread 0x000000001985b800 Implicit null exception at 0x00000000039b658e to 0x00000000039b7e9d
Event: 3.199 Thread 0x000000001982a800 Implicit null exception at 0x00000000037129a3 to 0x0000000003712cc1
Event: 4.620 Thread 0x00000000276db000 Exception <a 'java/lang/IllegalStateException'> (0x00000000d62cbd70) thrown at [C:\re\workspace\8-2-build-windows-amd64-cygwin\jdk8u161\10277\hotspot\src\share\vm\prims\jvm.cpp, line 1394]

Events (10 events):
Event: 4.619 loading class java/util/IdentityHashMap$KeyIterator done
Event: 4.619 Thread 0x00000000276db000 Thread added: 0x00000000276db000
Event: 4.619 Thread 0x00000000276db800 Thread added: 0x00000000276db800
Event: 4.619 Thread 0x00000000276db800 Thread exited: 0x00000000276db800
Event: 4.620 loading class com/sun/javafx/tk/quantum/QuantumRenderer
Event: 4.620 loading class com/sun/javafx/tk/quantum/QuantumRenderer done
Event: 4.620 loading class com/sun/javafx/tk/quantum/QuantumToolkit
Event: 4.620 loading class com/sun/javafx/tk/quantum/QuantumToolkit done
Event: 4.620 Thread 0x0000000017b21000 Thread exited: 0x0000000017b21000
Event: 4.620 Executing VM operation: Exit


Dynamic libraries:
0x00007ff602410000 - 0x00007ff602447000 	C:\Program Files\Java\jdk1.8.0_161\bin\javaw.exe
0x00007ffda02a0000 - 0x00007ffda0481000 	C:\WINDOWS\SYSTEM32\ntdll.dll
0x00007ffd9f8f0000 - 0x00007ffd9f9a2000 	C:\WINDOWS\System32\KERNEL32.DLL
0x00007ffd9c8b0000 - 0x00007ffd9cb23000 	C:\WINDOWS\System32\KERNELBASE.dll
0x00007ffd9fd10000 - 0x00007ffd9fdb1000 	C:\WINDOWS\System32\ADVAPI32.dll
0x00007ffd9ffe0000 - 0x00007ffda007e000 	C:\WINDOWS\System32\msvcrt.dll
0x00007ffd9ec10000 - 0x00007ffd9ec6b000 	C:\WINDOWS\System32\sechost.dll
0x00007ffda0140000 - 0x00007ffda0264000 	C:\WINDOWS\System32\RPCRT4.dll
0x00007ffd9fb80000 - 0x00007ffd9fd10000 	C:\WINDOWS\System32\USER32.dll
0x00007ffd9d390000 - 0x00007ffd9d3b0000 	C:\WINDOWS\System32\win32u.dll
0x00007ffd9fdc0000 - 0x00007ffd9fde8000 	C:\WINDOWS\System32\GDI32.dll
0x00007ffd9d590000 - 0x00007ffd9d722000 	C:\WINDOWS\System32\gdi32full.dll
0x00007ffd9cb30000 - 0x00007ffd9cbcf000 	C:\WINDOWS\System32\msvcp_win.dll
0x00007ffd9d490000 - 0x00007ffd9d58a000 	C:\WINDOWS\System32\ucrtbase.dll
0x00007ffd92800000 - 0x00007ffd92a69000 	C:\WINDOWS\WinSxS\amd64_microsoft.windows.common-controls_6595b64144ccf1df_6.0.17134.48_none_b4b2216a3cb4dd3e\COMCTL32.dll
0x00007ffd9ec70000 - 0x00007ffd9ef93000 	C:\WINDOWS\System32\combase.dll
0x00007ffd9d3b0000 - 0x00007ffd9d42a000 	C:\WINDOWS\System32\bcryptPrimitives.dll
0x00007ffd9f9b0000 - 0x00007ffd9f9dd000 	C:\WINDOWS\System32\IMM32.DLL
0x000000005ab60000 - 0x000000005ac32000 	C:\Program Files\Java\jdk1.8.0_161\jre\bin\msvcr100.dll
0x000000005ad30000 - 0x000000005b5cf000 	C:\Program Files\Java\jdk1.8.0_161\jre\bin\server\jvm.dll
0x00007ffd9efa0000 - 0x00007ffd9efa8000 	C:\WINDOWS\System32\PSAPI.DLL
0x00007ffd99620000 - 0x00007ffd99643000 	C:\WINDOWS\SYSTEM32\WINMM.dll
0x00007ffd8a250000 - 0x00007ffd8a259000 	C:\WINDOWS\SYSTEM32\WSOCK32.dll
0x00007ffd9ff70000 - 0x00007ffd9ffdc000 	C:\WINDOWS\System32\WS2_32.dll
0x00007ffd99cb0000 - 0x00007ffd99cba000 	C:\WINDOWS\SYSTEM32\VERSION.dll
0x00007ffd99590000 - 0x00007ffd995ba000 	C:\WINDOWS\SYSTEM32\WINMMBASE.dll
0x00007ffd9c860000 - 0x00007ffd9c8a9000 	C:\WINDOWS\System32\cfgmgr32.dll
0x000000005ad20000 - 0x000000005ad2f000 	C:\Program Files\Java\jdk1.8.0_161\jre\bin\verify.dll
0x000000005acf0000 - 0x000000005ad19000 	C:\Program Files\Java\jdk1.8.0_161\jre\bin\java.dll
0x000000005acd0000 - 0x000000005ace6000 	C:\Program Files\Java\jdk1.8.0_161\jre\bin\zip.dll
0x00007ffd9d7d0000 - 0x00007ffd9ec10000 	C:\WINDOWS\System32\SHELL32.dll
0x00007ffda0080000 - 0x00007ffda0129000 	C:\WINDOWS\System32\shcore.dll
0x00007ffd9cbd0000 - 0x00007ffd9d2dd000 	C:\WINDOWS\System32\windows.storage.dll
0x00007ffd9efb0000 - 0x00007ffd9f001000 	C:\WINDOWS\System32\shlwapi.dll
0x00007ffd9c610000 - 0x00007ffd9c621000 	C:\WINDOWS\System32\kernel.appcore.dll
0x00007ffd9c650000 - 0x00007ffd9c66f000 	C:\WINDOWS\System32\profapi.dll
0x00007ffd9c5c0000 - 0x00007ffd9c60c000 	C:\WINDOWS\System32\powrprof.dll
0x00007ffd9c5b0000 - 0x00007ffd9c5ba000 	C:\WINDOWS\System32\FLTLIB.DLL
0x0000000002de0000 - 0x0000000002de3000 	C:\Program Files\Java\jdk1.8.0_161\jre\bin\api-ms-win-core-console-l1-1-0.dll
0x0000000002df0000 - 0x0000000002df3000 	C:\Program Files\Java\jdk1.8.0_161\jre\bin\api-ms-win-core-datetime-l1-1-0.dll
0x0000000002e00000 - 0x0000000002e03000 	C:\Program Files\Java\jdk1.8.0_161\jre\bin\api-ms-win-core-debug-l1-1-0.dll
0x0000000002e10000 - 0x0000000002e13000 	C:\Program Files\Java\jdk1.8.0_161\jre\bin\api-ms-win-core-errorhandling-l1-1-0.dll
0x0000000019a80000 - 0x0000000019a84000 	C:\Program Files\Java\jdk1.8.0_161\jre\bin\api-ms-win-core-file-l1-1-0.dll
0x0000000019a90000 - 0x0000000019a93000 	C:\Program Files\Java\jdk1.8.0_161\jre\bin\api-ms-win-core-file-l1-2-0.dll
0x0000000019aa0000 - 0x0000000019aa3000 	C:\Program Files\Java\jdk1.8.0_161\jre\bin\api-ms-win-core-file-l2-1-0.dll
0x0000000019ab0000 - 0x0000000019ab3000 	C:\Program Files\Java\jdk1.8.0_161\jre\bin\api-ms-win-core-handle-l1-1-0.dll
0x0000000019ac0000 - 0x0000000019ac3000 	C:\Program Files\Java\jdk1.8.0_161\jre\bin\api-ms-win-core-heap-l1-1-0.dll
0x0000000019ad0000 - 0x0000000019ad3000 	C:\Program Files\Java\jdk1.8.0_161\jre\bin\api-ms-win-core-interlocked-l1-1-0.dll
0x0000000019ae0000 - 0x0000000019ae3000 	C:\Program Files\Java\jdk1.8.0_161\jre\bin\api-ms-win-core-libraryloader-l1-1-0.dll
0x0000000019af0000 - 0x0000000019af3000 	C:\Program Files\Java\jdk1.8.0_161\jre\bin\api-ms-win-core-localization-l1-2-0.dll
0x0000000019b00000 - 0x0000000019b03000 	C:\Program Files\Java\jdk1.8.0_161\jre\bin\api-ms-win-core-memory-l1-1-0.dll
0x0000000019b10000 - 0x0000000019b13000 	C:\Program Files\Java\jdk1.8.0_161\jre\bin\api-ms-win-core-namedpipe-l1-1-0.dll
0x0000000019b20000 - 0x0000000019b23000 	C:\Program Files\Java\jdk1.8.0_161\jre\bin\api-ms-win-core-processenvironment-l1-1-0.dll
0x0000000019b30000 - 0x0000000019b33000 	C:\Program Files\Java\jdk1.8.0_161\jre\bin\api-ms-win-core-processthreads-l1-1-0.dll
0x0000000019b40000 - 0x0000000019b43000 	C:\Program Files\Java\jdk1.8.0_161\jre\bin\api-ms-win-core-processthreads-l1-1-1.dll
0x0000000019b50000 - 0x0000000019b53000 	C:\Program Files\Java\jdk1.8.0_161\jre\bin\api-ms-win-core-profile-l1-1-0.dll
0x0000000019b60000 - 0x0000000019b63000 	C:\Program Files\Java\jdk1.8.0_161\jre\bin\api-ms-win-core-rtlsupport-l1-1-0.dll
0x0000000019b70000 - 0x0000000019b73000 	C:\Program Files\Java\jdk1.8.0_161\jre\bin\api-ms-win-core-string-l1-1-0.dll
0x0000000019b80000 - 0x0000000019b83000 	C:\Program Files\Java\jdk1.8.0_161\jre\bin\api-ms-win-core-synch-l1-1-0.dll
0x0000000019b90000 - 0x0000000019b93000 	C:\Program Files\Java\jdk1.8.0_161\jre\bin\api-ms-win-core-synch-l1-2-0.dll
0x0000000019ba0000 - 0x0000000019ba3000 	C:\Program Files\Java\jdk1.8.0_161\jre\bin\api-ms-win-core-sysinfo-l1-1-0.dll
0x0000000019bb0000 - 0x0000000019bb3000 	C:\Program Files\Java\jdk1.8.0_161\jre\bin\api-ms-win-core-timezone-l1-1-0.dll
0x0000000019bc0000 - 0x0000000019bc3000 	C:\Program Files\Java\jdk1.8.0_161\jre\bin\api-ms-win-core-util-l1-1-0.dll
0x0000000019bd0000 - 0x0000000019bd3000 	C:\Program Files\Java\jdk1.8.0_161\jre\bin\api-ms-win-crt-conio-l1-1-0.dll
0x0000000019be0000 - 0x0000000019be4000 	C:\Program Files\Java\jdk1.8.0_161\jre\bin\api-ms-win-crt-convert-l1-1-0.dll
0x0000000019bf0000 - 0x0000000019bf3000 	C:\Program Files\Java\jdk1.8.0_161\jre\bin\api-ms-win-crt-environment-l1-1-0.dll
0x0000000019c00000 - 0x0000000019c03000 	C:\Program Files\Java\jdk1.8.0_161\jre\bin\api-ms-win-crt-filesystem-l1-1-0.dll
0x0000000019c10000 - 0x0000000019c13000 	C:\Program Files\Java\jdk1.8.0_161\jre\bin\api-ms-win-crt-heap-l1-1-0.dll
0x0000000019c20000 - 0x0000000019c23000 	C:\Program Files\Java\jdk1.8.0_161\jre\bin\api-ms-win-crt-locale-l1-1-0.dll
0x0000000019c30000 - 0x0000000019c35000 	C:\Program Files\Java\jdk1.8.0_161\jre\bin\api-ms-win-crt-math-l1-1-0.dll
0x0000000019c40000 - 0x0000000019c45000 	C:\Program Files\Java\jdk1.8.0_161\jre\bin\api-ms-win-crt-multibyte-l1-1-0.dll
0x0000000019c50000 - 0x0000000019c60000 	C:\Program Files\Java\jdk1.8.0_161\jre\bin\api-ms-win-crt-private-l1-1-0.dll
0x0000000019c60000 - 0x0000000019c63000 	C:\Program Files\Java\jdk1.8.0_161\jre\bin\api-ms-win-crt-process-l1-1-0.dll
0x0000000019c70000 - 0x0000000019c74000 	C:\Program Files\Java\jdk1.8.0_161\jre\bin\api-ms-win-crt-runtime-l1-1-0.dll
0x0000000019c80000 - 0x0000000019c84000 	C:\Program Files\Java\jdk1.8.0_161\jre\bin\api-ms-win-crt-stdio-l1-1-0.dll
0x0000000019c90000 - 0x0000000019c94000 	C:\Program Files\Java\jdk1.8.0_161\jre\bin\api-ms-win-crt-string-l1-1-0.dll
0x0000000019ca0000 - 0x0000000019ca3000 	C:\Program Files\Java\jdk1.8.0_161\jre\bin\api-ms-win-crt-time-l1-1-0.dll
0x0000000019cb0000 - 0x0000000019cb3000 	C:\Program Files\Java\jdk1.8.0_161\jre\bin\api-ms-win-crt-utility-l1-1-0.dll
0x00007ffd841a0000 - 0x00007ffd84296000 	C:\Program Files\Java\jdk1.8.0_161\jre\bin\ucrtbase.dll
0x00007ffd84d10000 - 0x00007ffd84d61000 	C:\Program Files\Java\jdk1.8.0_161\jre\bin\concrt140.dll
0x00007ffd99a50000 - 0x00007ffd99afa000 	C:\WINDOWS\SYSTEM32\MSVCP140.dll
0x00007ffd99b00000 - 0x00007ffd99b16000 	C:\WINDOWS\SYSTEM32\VCRUNTIME140.dll
0x00007ffd937f0000 - 0x00007ffd93806000 	C:\Program Files\Java\jdk1.8.0_161\jre\bin\vcruntime140.dll
0x00007ffd6fec0000 - 0x00007ffd6ff5c000 	C:\Program Files\Java\jdk1.8.0_161\jre\bin\msvcp140.dll
0x000000005ab30000 - 0x000000005ab53000 	C:\Program Files\Java\jdk1.8.0_161\jre\bin\prism_d3d.dll
0x00007ffd463b0000 - 0x00007ffd46547000 	C:\WINDOWS\system32\d3d9.dll
0x00007ffd9a9e0000 - 0x00007ffd9aa09000 	C:\WINDOWS\SYSTEM32\dwmapi.dll
0x00007ffd998d0000 - 0x00007ffd99968000 	C:\WINDOWS\system32\uxtheme.dll
0x00007ffd42680000 - 0x00007ffd4638b000 	C:\WINDOWS\System32\DriverStore\FileRepository\ki125173.inf_amd64_6f141e257f4fffee\igdumdim64.dll
0x00007ffd9f2a0000 - 0x00007ffd9f6eb000 	C:\WINDOWS\System32\SETUPAPI.dll
0x00007ffd9f070000 - 0x00007ffd9f1c1000 	C:\WINDOWS\System32\ole32.dll
0x00007ffd9f1d0000 - 0x00007ffd9f292000 	C:\WINDOWS\System32\OLEAUT32.dll
0x000000005aae0000 - 0x000000005ab29000 	C:\Program Files\Java\jdk1.8.0_161\jre\bin\glass.dll
0x00007ffd9fe70000 - 0x00007ffd9ff5d000 	C:\WINDOWS\System32\COMDLG32.dll
0x00007ffd9f9e0000 - 0x00007ffd9fb55000 	C:\WINDOWS\System32\MSCTF.dll
0x00007ffd8f450000 - 0x00007ffd90a5c000 	C:\WINDOWS\System32\DriverStore\FileRepository\ki125173.inf_amd64_6f141e257f4fffee\igc64.dll
0x000000005aac0000 - 0x000000005aad4000 	C:\Program Files\Java\jdk1.8.0_161\jre\bin\javafx_font.dll
0x00007ffd8b010000 - 0x00007ffd8b32c000 	C:\WINDOWS\SYSTEM32\dwrite.dll
0x000000005ac60000 - 0x000000005ac84000 	C:\Program Files\Java\jdk1.8.0_161\jre\bin\sunec.dll
0x000000005acb0000 - 0x000000005acca000 	C:\Program Files\Java\jdk1.8.0_161\jre\bin\net.dll
0x00007ffd9bad0000 - 0x00007ffd9bb36000 	C:\WINDOWS\system32\mswsock.dll
0x00007ffd9b850000 - 0x00007ffd9b888000 	C:\WINDOWS\SYSTEM32\IPHLPAPI.DLL
0x00007ffda0130000 - 0x00007ffda0138000 	C:\WINDOWS\System32\NSI.dll
0x00007ffd94fc0000 - 0x00007ffd94fd6000 	C:\WINDOWS\SYSTEM32\dhcpcsvc6.DLL
0x00007ffd959b0000 - 0x00007ffd959ca000 	C:\WINDOWS\SYSTEM32\dhcpcsvc.DLL
0x000000005ac90000 - 0x000000005aca1000 	C:\Program Files\Java\jdk1.8.0_161\jre\bin\nio.dll
0x00007ffd9d730000 - 0x00007ffd9d7d0000 	C:\WINDOWS\System32\clbcatq.dll
0x00007ffd964f0000 - 0x00007ffd9669e000 	C:\WINDOWS\SYSTEM32\WindowsCodecs.dll
0x00007ffd614f0000 - 0x00007ffd61548000 	C:\WINDOWS\system32\dataexchange.dll
0x00007ffd98460000 - 0x00007ffd9876b000 	C:\WINDOWS\system32\d3d11.dll
0x00007ffd98d40000 - 0x00007ffd98edc000 	C:\WINDOWS\system32\dcomp.dll
0x00007ffd9afe0000 - 0x00007ffd9b09b000 	C:\WINDOWS\system32\dxgi.dll
0x00007ffd9a820000 - 0x00007ffd9a9d8000 	C:\WINDOWS\system32\twinapi.appcore.dll
0x00007ffd9a770000 - 0x00007ffd9a791000 	C:\WINDOWS\system32\RMCLIENT.dll
0x00007ffd83810000 - 0x00007ffd83844000 	C:\Program Files\Common Files\Microsoft Shared\Ink\rtscom.dll
0x00007ffd8ca60000 - 0x00007ffd8caf8000 	C:\WINDOWS\System32\TextInputFramework.dll
0x00007ffd95ef0000 - 0x00007ffd9620e000 	C:\WINDOWS\System32\CoreUIComponents.dll
0x00007ffd99220000 - 0x00007ffd992fa000 	C:\WINDOWS\System32\CoreMessaging.dll
0x00007ffd9b370000 - 0x00007ffd9b3a1000 	C:\WINDOWS\SYSTEM32\ntmarta.dll
0x00007ffd97720000 - 0x00007ffd9786d000 	C:\WINDOWS\SYSTEM32\wintypes.dll
0x000000005aa90000 - 0x000000005aab3000 	C:\Program Files\Java\jdk1.8.0_161\jre\bin\javafx_iio.dll
0x000000005aa70000 - 0x000000005aa82000 	C:\Program Files\Java\jdk1.8.0_161\jre\bin\prism_common.dll
0x00007ffd9c100000 - 0x00007ffd9c2c9000 	C:\WINDOWS\SYSTEM32\dbghelp.dll

VM Arguments:
jvm_args: -Dfile.encoding=UTF-8 
java_command: com.jeeves.vpl.Main
java_class_path (initial): C:\Program Files\Java\jdk1.8.0_161\jre\lib\resources.jar;C:\Program Files\Java\jdk1.8.0_161\jre\lib\rt.jar;C:\Program Files\Java\jdk1.8.0_161\jre\lib\jsse.jar;C:\Program Files\Java\jdk1.8.0_161\jre\lib\jce.jar;C:\Program Files\Java\jdk1.8.0_161\jre\lib\charsets.jar;C:\Program Files\Java\jdk1.8.0_161\jre\lib\jfr.jar;C:\Program Files\Java\jdk1.8.0_161\jre\lib\ext\access-bridge-64.jar;C:\Program Files\Java\jdk1.8.0_161\jre\lib\ext\cldrdata.jar;C:\Program Files\Java\jdk1.8.0_161\jre\lib\ext\dnsns.jar;C:\Program Files\Java\jdk1.8.0_161\jre\lib\ext\jaccess.jar;C:\Program Files\Java\jdk1.8.0_161\jre\lib\ext\jfxrt.jar;C:\Program Files\Java\jdk1.8.0_161\jre\lib\ext\localedata.jar;C:\Program Files\Java\jdk1.8.0_161\jre\lib\ext\nashorn.jar;C:\Program Files\Java\jdk1.8.0_161\jre\lib\ext\sunec.jar;C:\Program Files\Java\jdk1.8.0_161\jre\lib\ext\sunjce_provider.jar;C:\Program Files\Java\jdk1.8.0_161\jre\lib\ext\sunmscapi.jar;C:\Program Files\Java\jdk1.8.0_161\jre\lib\ext\sunpkcs11.jar;C:\Program Files\Java\jdk1.8.0_161\jre\lib\ext\zipfs.jar;C:\Users\danie\eclipse-workspace\Jeeves\target\classes;C:\Users\danie\eclipse-workspace\Jeeves\poi-3.15.jar;C:\Users\danie\eclipse-workspace\Jeeves\commons-lang3-3.5.jar;C:\Users\danie\eclipse-workspace\Jeeves\controlsfx-8.40.12.jar;C:\Users\danie\.m2\repository\commons-codec\commons-codec\1.9\commons-codec-1.9.jar;C:\Users\danie\.m2\repository\commons-validator\commons-validator\1.4.1\commons-validator-1.4.1.jar;C:\Users\danie\.m2\repository\commons-beanutils\commons-beanutils\1.8.3\commons-beanutils-1.8.3.jar;C:\Users\danie\.m2\repository\commons-digester\commons-digester\1.8.1\commons-digester-1.8.1.jar;C:\Users\danie\.m2\repository\commons-logging\commons-logging\1.2\commons-logging-1.2.jar;C:\Users\danie\.m2\repository\commons-collections\commons-collections\3.2.1\commons-collections-3.2.1.jar;C:\Users\danie\.m2\repository\org\apache\shiro\shiro-core\1.3.2\shiro-core-1.3.2.jar;C:\Users\danie\.m2\repository\org\
Launcher Type: SUN_STANDARD

Environment Variables:
JAVA_HOME=c:\program files\java\jdk1.8.0_161
PATH=C:/Program Files/Java/jdk1.8.0_161/bin/../jre/bin/server;C:/Program Files/Java/jdk1.8.0_161/bin/../jre/bin;C:/Program Files/Java/jdk1.8.0_161/bin/../jre/lib/amd64;C:\Program Files (x86)\Common Files\Oracle\Java\javapath;C:\ProgramData\Oracle\Java\javapath;C:\Program Files (x86)\Intel\Intel(R) Management Engine Components\iCLS\;C:\Program Files\Intel\Intel(R) Management Engine Components\iCLS\;C:\Windows\system32;C:\Windows;C:\Windows\System32\Wbem;C:\Windows\System32\WindowsPowerShell\v1.0\;C:\Program Files (x86)\Intel\Intel(R) Management Engine Components\DAL;C:\Program Files\Intel\Intel(R) Management Engine Components\DAL;C:\Program Files (x86)\Intel\Intel(R) Management Engine Components\IPT;C:\Program Files\Intel\Intel(R) Management Engine Components\IPT;C:\Program Files\Intel\WiFi\bin\;C:\Program Files\Common Files\Intel\WirelessCommon\;C:\Program Files (x86)\NVIDIA Corporation\PhysX\Common;C:\Python27;C:\Python27\Scripts;C:\Program Files\Git\cmd;C:\Program Files\Git\mingw64\bin;C:\Program Files\Git\usr\bin;C:\WINDOWS\system32;C:\WINDOWS;C:\WINDOWS\System32\Wbem;C:\WINDOWS\System32\WindowsPowerShell\v1.0\;C:\WINDOWS\System32\OpenSSH\;c:\jruby-9.1.8.0\bin;C:\Ruby24-x64\bin;C:\Users\danie\AppData\Local\Microsoft\WindowsApps;C:\Program Files\Heroku\bin;;C:\Users\danie\OneDrive\Desktop;
USERNAME=danie
OS=Windows_NT
PROCESSOR_IDENTIFIER=Intel64 Family 6 Model 158 Stepping 9, GenuineIntel



---------------  S Y S T E M  ---------------

OS: Windows 10.0 , 64 bit Build 17134 (10.0.17134.1)

CPU:total 4 (initial active 4) (4 cores per cpu, 1 threads per core) family 6 model 158 stepping 9, cmov, cx8, fxsr, mmx, sse, sse2, sse3, ssse3, sse4.1, sse4.2, popcnt, avx, avx2, aes, clmul, erms, 3dnowpref, lzcnt, tsc, tscinvbit, bmi1, bmi2, adx

Memory: 4k page, physical 8250724k(1963316k free), swap 15328612k(4308776k free)

vm_info: Java HotSpot(TM) 64-Bit Server VM (25.161-b12) for windows-amd64 JRE (1.8.0_161-b12), built on Dec 19 2017 17:52:25 by "java_re" with MS VC++ 10.0 (VS2010)

time: Fri Jun 15 00:39:00 2018
elapsed time: 5 seconds (0d 0h 0m 5s)

