#
# A fatal error has been detected by the Java Runtime Environment:
#
#  EXCEPTION_ACCESS_VIOLATION (0xc0000005) at pc=0x000000005ab178b0, pid=7972, tid=0x000000000000096c
#
# JRE version: Java(TM) SE Runtime Environment (8.0_161-b12) (build 1.8.0_161-b12)
# Java VM: Java HotSpot(TM) 64-Bit Server VM (25.161-b12 mixed mode windows-amd64 compressed oops)
# Problematic frame:
# C  [glass.dll+0x278b0]
#
# Failed to write core dump. Minidumps are not enabled by default on client versions of Windows
#
# If you would like to submit a bug report, please visit:
#   http://bugreport.java.com/bugreport/crash.jsp
#

---------------  T H R E A D  ---------------

Current thread (0x0000000017436800):  VMThread [stack: 0x00000000184e0000,0x00000000185e0000] [id=2412]

siginfo: ExceptionCode=0xc0000005, reading address 0x0000000000000000

Registers:
RAX=0x0000000000000000, RBX=0x000000002073df20, RCX=0x0000000017436800, RDX=0x000000005b35dc78
RSP=0x00000000185df5c0, RBP=0x00000000008626e8, RSI=0x00000000008626c0, RDI=0x00000eec7289c47f
R8 =0x0000000000010002, R9 =0x000000000000003f, R10=0x00000eec7289c47f, R11=0x00000000185df4d0
R12=0x0000000000000000, R13=0x0000000000000040, R14=0x00000000185df6d8, R15=0x00000000008626c0
RIP=0x000000005ab178b0, EFLAGS=0x0000000000010206

Top of Stack: (sp=0x00000000185df5c0)
0x00000000185df5c0:   0000000000000000 00007ffd9d49e52b
0x00000000185df5d0:   00000000008626d0 00000000008626d0
0x00000000185df5e0:   fffffffffffffffe 00000000008626e8
0x00000000185df5f0:   00000000008626c8 00007ffd9d497013
0x00000000185df600:   000000005ab2c1b0 00007ffd00000000
0x00000000185df610:   000003e182a4ceea 0000000000000000
0x00000000185df620:   fffffffffffffffe 00007ffd9d4972ad
0x00000000185df630:   0000000000000001 000000005aaf0000
0x00000000185df640:   0000000002841638 000000005ab148dc
0x00000000185df650:   00000000185df6c8 00007ffd9d49da67
0x00000000185df660:   0000000000000000 00000000185df6d8
0x00000000185df670:   0000000017345400 00007ffd9d57b090
0x00000000185df680:   0000000000000000 00007ffd9d497204
0x00000000185df690:   0000000000000000 0000000000000001
0x00000000185df6a0:   0000000021422200 00000000185df6c8
0x00000000185df6b0:   0000000000000000 000000005ab14752 

Instructions: (pc=0x000000005ab178b0)
0x000000005ab17890:   40 53 48 83 ec 30 48 c7 44 24 20 fe ff ff ff 48
0x000000005ab178a0:   8b 1d 7a 72 01 00 48 85 db 74 16 e8 00 81 ff ff
0x000000005ab178b0:   4c 8b 00 48 8b d3 48 8b c8 41 ff 90 b0 00 00 00
0x000000005ab178c0:   90 48 83 c4 30 5b c3 cc cc cc cc cc cc cc cc cc 


Register to memory mapping:

RAX=0x0000000000000000 is an unknown value
RBX=0x000000002073df20 is a global jni handle
RCX=0x0000000017436800 is an unknown value
RDX=0x000000005b35dc78 is an unknown value
RSP=0x00000000185df5c0 is an unknown value
RBP=0x00000000008626e8 is an unknown value
RSI=0x00000000008626c0 is an unknown value
RDI=0x00000eec7289c47f is an unknown value
R8 =0x0000000000010002 is an unknown value
R9 =0x000000000000003f is an unknown value
R10=0x00000eec7289c47f is an unknown value
R11=0x00000000185df4d0 is an unknown value
R12=0x0000000000000000 is an unknown value
R13=0x0000000000000040 is an unknown value
R14=0x00000000185df6d8 is an unknown value
R15=0x00000000008626c0 is an unknown value


Stack: [0x00000000184e0000,0x00000000185e0000],  sp=0x00000000185df5c0,  free space=1021k
Native frames: (J=compiled Java code, j=interpreted, Vv=VM code, C=native code)
C  [glass.dll+0x278b0]
C  [ucrtbase.dll+0x7013]
C  [ucrtbase.dll+0xda67]
C  [ucrtbase.dll+0x7204]
C  [glass.dll+0x24752]
C  [glass.dll+0x24850]
C  [ntdll.dll+0x34143]
C  [ntdll.dll+0x40af5]
C  [ntdll.dll+0x409b8]
C  [KERNEL32.DLL+0x1b19a]
C  [msvcr100.dll+0x20ccd]
V  [jvm.dll+0x212e95]
V  [jvm.dll+0x24c227]
V  [jvm.dll+0x24b4c6]
V  [jvm.dll+0x24b961]
V  [jvm.dll+0x24bb7e]
V  [jvm.dll+0x29cc4a]
C  [msvcr100.dll+0x21d9f]
C  [msvcr100.dll+0x21e3b]
C  [KERNEL32.DLL+0x13034]
C  [ntdll.dll+0x71551]

VM_Operation (0x0000000019aca630): Exit, mode: safepoint, requested by thread 0x0000000019172800


---------------  P R O C E S S  ---------------

Java Threads: ( => current thread )
  0x0000000021d85800 JavaThread "Glass/Prism Shutdown Hook" [_thread_blocked, id=9100, stack(0x0000000026bf0000,0x0000000026cf0000)]
  0x0000000020870000 JavaThread "Prism Font Disposer" daemon [_thread_blocked, id=2168, stack(0x00000000238d0000,0x00000000239d0000)]
  0x0000000020752000 JavaThread "JavaFX-Launcher" [_thread_blocked, id=1472, stack(0x0000000020fc0000,0x00000000210c0000)]
  0x0000000020750800 JavaThread "Thread-2" daemon [_thread_in_native, id=224, stack(0x0000000020ec0000,0x0000000020fc0000)]
  0x0000000019172800 JavaThread "JavaFX Application Thread" [_thread_blocked, id=9268, stack(0x00000000199d0000,0x0000000019ad0000)]
  0x0000000019152800 JavaThread "Thread-1" daemon [_thread_blocked, id=10668, stack(0x00000000198d0000,0x00000000199d0000)]
  0x000000001912c800 JavaThread "QuantumRenderer-0" daemon [_thread_blocked, id=6780, stack(0x00000000195a0000,0x00000000196a0000)]
  0x00000000174ce000 JavaThread "Service Thread" daemon [_thread_blocked, id=14944, stack(0x00000000191d0000,0x00000000192d0000)]
  0x0000000017481000 JavaThread "C1 CompilerThread2" daemon [_thread_blocked, id=10300, stack(0x0000000018cd0000,0x0000000018dd0000)]
  0x0000000017477800 JavaThread "C2 CompilerThread1" daemon [_thread_blocked, id=9092, stack(0x0000000018bd0000,0x0000000018cd0000)]
  0x0000000017473800 JavaThread "C2 CompilerThread0" daemon [_thread_blocked, id=9048, stack(0x0000000018ad0000,0x0000000018bd0000)]
  0x0000000017472800 JavaThread "Attach Listener" daemon [_thread_blocked, id=13584, stack(0x00000000189d0000,0x0000000018ad0000)]
  0x0000000017471800 JavaThread "Signal Dispatcher" daemon [_thread_blocked, id=15440, stack(0x00000000188d0000,0x00000000189d0000)]
  0x0000000017460000 JavaThread "Finalizer" daemon [_thread_blocked, id=7892, stack(0x00000000186e0000,0x00000000187e0000)]
  0x0000000002976000 JavaThread "Reference Handler" daemon [_thread_blocked, id=7252, stack(0x00000000185e0000,0x00000000186e0000)]
  0x0000000002885800 JavaThread "main" [_thread_blocked, id=200, stack(0x00000000026d0000,0x00000000027d0000)]

Other Threads:
=>0x0000000017436800 VMThread [stack: 0x00000000184e0000,0x00000000185e0000] [id=2412]

VM state:at safepoint (shutting down)

VM Mutex/Monitor currently owned by a thread:  ([mutex/lock_event])
[0x0000000002882350] Threads_lock - owner thread: 0x0000000017436800

Heap:
 PSYoungGen      total 138752K, used 17930K [0x00000000d6000000, 0x00000000e2e00000, 0x0000000100000000)
  eden space 125952K, 4% used [0x00000000d6000000,0x00000000d6503670,0x00000000ddb00000)
  from space 12800K, 99% used [0x00000000ddb00000,0x00000000de77f4d0,0x00000000de780000)
  to   space 22016K, 0% used [0x00000000e1880000,0x00000000e1880000,0x00000000e2e00000)
 ParOldGen       total 71680K, used 31864K [0x0000000082000000, 0x0000000086600000, 0x00000000d6000000)
  object space 71680K, 44% used [0x0000000082000000,0x0000000083f1e010,0x0000000086600000)
 Metaspace       used 27383K, capacity 29256K, committed 29488K, reserved 1075200K
  class space    used 3997K, capacity 4322K, committed 4400K, reserved 1048576K

Card table byte_map: [0x0000000011d40000,0x0000000012140000] byte_map_base: 0x0000000011930000

Marking Bits: (ParMarkBitMap*) 0x000000005b54f860
 Begin Bits: [0x00000000127e0000, 0x0000000014760000)
 End Bits:   [0x0000000014760000, 0x00000000166e0000)

Polling page: 0x0000000000d90000

CodeCache: size=245760Kb used=13870Kb max_used=13898Kb free=231889Kb
 bounds [0x0000000002980000, 0x0000000003720000, 0x0000000011980000]
 total_blobs=5264 nmethods=4531 adapters=644
 compilation: enabled

Compilation events (10 events):
Event: 5.858 Thread 0x0000000017481000 4554       1       javafx.animation.Animation::access$100 (5 bytes)
Event: 5.858 Thread 0x0000000017481000 nmethod 4554 0x0000000003718250 code [0x00000000037183a0, 0x0000000003718490]
Event: 5.889 Thread 0x0000000017481000 4555       3       java.util.concurrent.locks.AbstractQueuedSynchronizer::compareAndSetWaitStatus (13 bytes)
Event: 5.890 Thread 0x0000000017481000 nmethod 4555 0x0000000002a80490 code [0x0000000002a805e0, 0x0000000002a80730]
Event: 5.969 Thread 0x0000000017481000 4556       3       java.util.concurrent.locks.ReentrantLock::unlock (10 bytes)
Event: 5.970 Thread 0x0000000017481000 nmethod 4556 0x0000000002a9e910 code [0x0000000002a9eaa0, 0x0000000002a9ee98]
Event: 5.979 Thread 0x0000000017481000 4557       3       java.util.concurrent.locks.ReentrantLock::lock (8 bytes)
Event: 5.980 Thread 0x0000000017481000 nmethod 4557 0x0000000002a80d50 code [0x0000000002a80ec0, 0x0000000002a810e8]
Event: 5.981 Thread 0x0000000017481000 4558       3       java.util.concurrent.locks.ReentrantLock$NonfairSync::lock (25 bytes)
Event: 5.982 Thread 0x0000000017481000 nmethod 4558 0x0000000002a8e810 code [0x0000000002a8e9e0, 0x0000000002a8f238]

GC Heap History (10 events):
Event: 2.480 GC heap before
{Heap before GC invocations=4 (full 0):
 PSYoungGen      total 37888K, used 37881K [0x00000000d6000000, 0x00000000daa00000, 0x0000000100000000)
  eden space 32768K, 100% used [0x00000000d6000000,0x00000000d8000000,0x00000000d8000000)
  from space 5120K, 99% used [0x00000000d8000000,0x00000000d84fe590,0x00000000d8500000)
  to   space 5120K, 0% used [0x00000000da500000,0x00000000da500000,0x00000000daa00000)
 ParOldGen       total 86016K, used 12660K [0x0000000082000000, 0x0000000087400000, 0x00000000d6000000)
  object space 86016K, 14% used [0x0000000082000000,0x0000000082c5d2c0,0x0000000087400000)
 Metaspace       used 20121K, capacity 20954K, committed 20992K, reserved 1067008K
  class space    used 2861K, capacity 3057K, committed 3072K, reserved 1048576K
Event: 2.485 GC heap after
Heap after GC invocations=4 (full 0):
 PSYoungGen      total 70656K, used 5113K [0x00000000d6000000, 0x00000000daa00000, 0x0000000100000000)
  eden space 65536K, 0% used [0x00000000d6000000,0x00000000d6000000,0x00000000da000000)
  from space 5120K, 99% used [0x00000000da500000,0x00000000da9fe590,0x00000000daa00000)
  to   space 5120K, 0% used [0x00000000da000000,0x00000000da000000,0x00000000da500000)
 ParOldGen       total 86016K, used 13718K [0x0000000082000000, 0x0000000087400000, 0x00000000d6000000)
  object space 86016K, 15% used [0x0000000082000000,0x0000000082d659a0,0x0000000087400000)
 Metaspace       used 20121K, capacity 20954K, committed 20992K, reserved 1067008K
  class space    used 2861K, capacity 3057K, committed 3072K, reserved 1048576K
}
Event: 2.585 GC heap before
{Heap before GC invocations=5 (full 0):
 PSYoungGen      total 70656K, used 25200K [0x00000000d6000000, 0x00000000daa00000, 0x0000000100000000)
  eden space 65536K, 30% used [0x00000000d6000000,0x00000000d739dde8,0x00000000da000000)
  from space 5120K, 99% used [0x00000000da500000,0x00000000da9fe590,0x00000000daa00000)
  to   space 5120K, 0% used [0x00000000da000000,0x00000000da000000,0x00000000da500000)
 ParOldGen       total 86016K, used 13718K [0x0000000082000000, 0x0000000087400000, 0x00000000d6000000)
  object space 86016K, 15% used [0x0000000082000000,0x0000000082d659a0,0x0000000087400000)
 Metaspace       used 20390K, capacity 21280K, committed 21296K, reserved 1067008K
  class space    used 2917K, capacity 3106K, committed 3120K, reserved 1048576K
Event: 2.591 GC heap after
Heap after GC invocations=5 (full 0):
 PSYoungGen      total 70656K, used 5113K [0x00000000d6000000, 0x00000000dfa00000, 0x0000000100000000)
  eden space 65536K, 0% used [0x00000000d6000000,0x00000000d6000000,0x00000000da000000)
  from space 5120K, 99% used [0x00000000da000000,0x00000000da4fe590,0x00000000da500000)
  to   space 13312K, 0% used [0x00000000ded00000,0x00000000ded00000,0x00000000dfa00000)
 ParOldGen       total 86016K, used 14182K [0x0000000082000000, 0x0000000087400000, 0x00000000d6000000)
  object space 86016K, 16% used [0x0000000082000000,0x0000000082dd99c0,0x0000000087400000)
 Metaspace       used 20390K, capacity 21280K, committed 21296K, reserved 1067008K
  class space    used 2917K, capacity 3106K, committed 3120K, reserved 1048576K
}
Event: 2.591 GC heap before
{Heap before GC invocations=6 (full 1):
 PSYoungGen      total 70656K, used 5113K [0x00000000d6000000, 0x00000000dfa00000, 0x0000000100000000)
  eden space 65536K, 0% used [0x00000000d6000000,0x00000000d6000000,0x00000000da000000)
  from space 5120K, 99% used [0x00000000da000000,0x00000000da4fe590,0x00000000da500000)
  to   space 13312K, 0% used [0x00000000ded00000,0x00000000ded00000,0x00000000dfa00000)
 ParOldGen       total 86016K, used 14182K [0x0000000082000000, 0x0000000087400000, 0x00000000d6000000)
  object space 86016K, 16% used [0x0000000082000000,0x0000000082dd99c0,0x0000000087400000)
 Metaspace       used 20390K, capacity 21280K, committed 21296K, reserved 1067008K
  class space    used 2917K, capacity 3106K, committed 3120K, reserved 1048576K
Event: 2.626 GC heap after
Heap after GC invocations=6 (full 1):
 PSYoungGen      total 70656K, used 0K [0x00000000d6000000, 0x00000000dfa00000, 0x0000000100000000)
  eden space 65536K, 0% used [0x00000000d6000000,0x00000000d6000000,0x00000000da000000)
  from space 5120K, 0% used [0x00000000da000000,0x00000000da000000,0x00000000da500000)
  to   space 13312K, 0% used [0x00000000ded00000,0x00000000ded00000,0x00000000dfa00000)
 ParOldGen       total 71680K, used 16912K [0x0000000082000000, 0x0000000086600000, 0x00000000d6000000)
  object space 71680K, 23% used [0x0000000082000000,0x0000000083084150,0x0000000086600000)
 Metaspace       used 20390K, capacity 21280K, committed 21296K, reserved 1067008K
  class space    used 2917K, capacity 3106K, committed 3120K, reserved 1048576K
}
Event: 3.029 GC heap before
{Heap before GC invocations=7 (full 1):
 PSYoungGen      total 70656K, used 65536K [0x00000000d6000000, 0x00000000dfa00000, 0x0000000100000000)
  eden space 65536K, 100% used [0x00000000d6000000,0x00000000da000000,0x00000000da000000)
  from space 5120K, 0% used [0x00000000da000000,0x00000000da000000,0x00000000da500000)
  to   space 13312K, 0% used [0x00000000ded00000,0x00000000ded00000,0x00000000dfa00000)
 ParOldGen       total 71680K, used 16912K [0x0000000082000000, 0x0000000086600000, 0x00000000d6000000)
  object space 71680K, 23% used [0x0000000082000000,0x0000000083084150,0x0000000086600000)
 Metaspace       used 22157K, capacity 23278K, committed 23472K, reserved 1069056K
  class space    used 3218K, capacity 3445K, committed 3504K, reserved 1048576K
Event: 3.034 GC heap after
Heap after GC invocations=7 (full 1):
 PSYoungGen      total 111616K, used 7028K [0x00000000d6000000, 0x00000000df400000, 0x0000000100000000)
  eden space 104448K, 0% used [0x00000000d6000000,0x00000000d6000000,0x00000000dc600000)
  from space 7168K, 98% used [0x00000000ded00000,0x00000000df3dd0e8,0x00000000df400000)
  to   space 12800K, 0% used [0x00000000ddb00000,0x00000000ddb00000,0x00000000de780000)
 ParOldGen       total 71680K, used 16920K [0x0000000082000000, 0x0000000086600000, 0x00000000d6000000)
  object space 71680K, 23% used [0x0000000082000000,0x0000000083086150,0x0000000086600000)
 Metaspace       used 22157K, capacity 23278K, committed 23472K, reserved 1069056K
  class space    used 3218K, capacity 3445K, committed 3504K, reserved 1048576K
}
Event: 4.695 GC heap before
{Heap before GC invocations=8 (full 1):
 PSYoungGen      total 111616K, used 111476K [0x00000000d6000000, 0x00000000df400000, 0x0000000100000000)
  eden space 104448K, 100% used [0x00000000d6000000,0x00000000dc600000,0x00000000dc600000)
  from space 7168K, 98% used [0x00000000ded00000,0x00000000df3dd0e8,0x00000000df400000)
  to   space 12800K, 0% used [0x00000000ddb00000,0x00000000ddb00000,0x00000000de780000)
 ParOldGen       total 71680K, used 16920K [0x0000000082000000, 0x0000000086600000, 0x00000000d6000000)
  object space 71680K, 23% used [0x0000000082000000,0x0000000083086150,0x0000000086600000)
 Metaspace       used 27081K, capacity 28934K, committed 29104K, reserved 1075200K
  class space    used 3961K, capacity 4265K, committed 4272K, reserved 1048576K
Event: 4.732 GC heap after
Heap after GC invocations=8 (full 1):
 PSYoungGen      total 138752K, used 12797K [0x00000000d6000000, 0x00000000e2e00000, 0x0000000100000000)
  eden space 125952K, 0% used [0x00000000d6000000,0x00000000d6000000,0x00000000ddb00000)
  from space 12800K, 99% used [0x00000000ddb00000,0x00000000de77f4d0,0x00000000de780000)
  to   space 22016K, 0% used [0x00000000e1880000,0x00000000e1880000,0x00000000e2e00000)
 ParOldGen       total 71680K, used 31864K [0x0000000082000000, 0x0000000086600000, 0x00000000d6000000)
  object space 71680K, 44% used [0x0000000082000000,0x0000000083f1e010,0x0000000086600000)
 Metaspace       used 27081K, capacity 28934K, committed 29104K, reserved 1075200K
  class space    used 3961K, capacity 4265K, committed 4272K, reserved 1048576K
}

Deoptimization events (10 events):
Event: 4.431 Thread 0x000000001912c800 Uncommon trap: reason=bimorphic action=maybe_recompile pc=0x00000000035891d8 method=java.util.WeakHashMap.eq(Ljava/lang/Object;Ljava/lang/Object;)Z @ 7
Event: 4.432 Thread 0x000000001912c800 Uncommon trap: reason=bimorphic action=maybe_recompile pc=0x00000000035891d8 method=java.util.WeakHashMap.eq(Ljava/lang/Object;Ljava/lang/Object;)Z @ 7
Event: 4.432 Thread 0x000000001912c800 Uncommon trap: reason=bimorphic action=maybe_recompile pc=0x00000000035891d8 method=java.util.WeakHashMap.eq(Ljava/lang/Object;Ljava/lang/Object;)Z @ 7
Event: 4.628 Thread 0x0000000019172800 Uncommon trap: reason=unstable_if action=reinterpret pc=0x00000000032a11f4 method=javafx.fxml.FXMLLoader$ControllerAccessor.addAccessibleMethods(Ljava/lang/Class;I)V @ 80
Event: 4.652 Thread 0x0000000019172800 Uncommon trap: reason=unstable_if action=reinterpret pc=0x0000000003591db8 method=javafx.scene.CssStyleHelper.canReuseStyleHelper(Ljavafx/scene/Node;Lcom/sun/javafx/css/StyleMap;)Z @ 57
Event: 4.685 Thread 0x0000000019172800 Uncommon trap: reason=unstable_if action=reinterpret pc=0x00000000035283c4 method=javafx.scene.CssStyleHelper.getStyle(Ljavafx/css/Styleable;Ljava/lang/String;Lcom/sun/javafx/css/StyleMap;Ljava/util/Set;)Lcom/sun/javafx/css/CascadingStyle; @ 1
Event: 4.688 Thread 0x0000000019172800 Uncommon trap: reason=unstable_if action=reinterpret pc=0x0000000003627ba8 method=java.lang.StrictMath.floorOrCeil(DDDD)D @ 24
Event: 4.739 Thread 0x0000000019172800 Uncommon trap: reason=unstable_if action=reinterpret pc=0x0000000003159d04 method=java.util.EnumMap.isValidKey(Ljava/lang/Object;)Z @ 16
Event: 4.742 Thread 0x0000000019172800 Uncommon trap: reason=unstable_if action=reinterpret pc=0x00000000035da078 method=javafx.scene.Node.impl_markDirty(Lcom/sun/javafx/scene/DirtyBits;)V @ 4
Event: 4.773 Thread 0x0000000019172800 Uncommon trap: reason=unstable_if action=reinterpret pc=0x0000000002ffbe28 method=jdk.internal.org.objectweb.asm.Type.getArgumentsAndReturnSizes(Ljava/lang/String;)I @ 47

Classes redefined (0 events):
No events

Internal exceptions (10 events):
Event: 1.649 Thread 0x0000000019172800 Exception <a 'java/io/FileNotFoundException'> (0x00000000d78f6eb0) thrown at [C:\re\workspace\8-2-build-windows-amd64-cygwin\jdk8u161\10277\hotspot\src\share\vm\prims\jni.cpp, line 709]
Event: 1.755 Thread 0x0000000019172800 Exception <a 'java/lang/NoClassDefFoundError': org/slf4j/impl/StaticLoggerBinder> (0x00000000d7dbdc20) thrown at [C:\re\workspace\8-2-build-windows-amd64-cygwin\jdk8u161\10277\hotspot\src\share\vm\classfile\systemDictionary.cpp, line 199]
Event: 2.311 Thread 0x0000000019172800 Exception <a 'java/lang/ArrayIndexOutOfBoundsException': 57> (0x00000000d641e780) thrown at [C:\re\workspace\8-2-build-windows-amd64-cygwin\jdk8u161\10277\hotspot\src\share\vm\interpreter\interpreterRuntime.cpp, line 366]
Event: 2.504 Thread 0x0000000019172800 Implicit null exception at 0x0000000002cb1a35 to 0x0000000002cb1c49
Event: 2.504 Thread 0x0000000019172800 Implicit null exception at 0x0000000002ee527b to 0x0000000002ee5739
Event: 3.820 Thread 0x0000000019172800 Implicit null exception at 0x000000000342a36e to 0x000000000342bc99
Event: 4.246 Thread 0x000000001912c800 Implicit null exception at 0x00000000031d984c to 0x00000000031dc9e1
Event: 4.302 Thread 0x000000001912c800 Implicit null exception at 0x00000000031c854c to 0x00000000031cb96d
Event: 4.685 Thread 0x0000000019172800 Implicit null exception at 0x000000000352543d to 0x00000000035283ad
Event: 5.988 Thread 0x0000000021d85800 Exception <a 'java/lang/IllegalStateException'> (0x00000000d6365c68) thrown at [C:\re\workspace\8-2-build-windows-amd64-cygwin\jdk8u161\10277\hotspot\src\share\vm\prims\jvm.cpp, line 1394]

Events (10 events):
Event: 5.985 loading class java/util/IdentityHashMap$KeyIterator
Event: 5.985 loading class java/util/IdentityHashMap$KeyIterator done
Event: 5.985 Thread 0x0000000021d85800 Thread added: 0x0000000021d85800
Event: 5.985 Thread 0x0000000025233000 Thread added: 0x0000000025233000
Event: 5.986 loading class com/sun/javafx/tk/quantum/QuantumRenderer
Event: 5.986 loading class com/sun/javafx/tk/quantum/QuantumRenderer done
Event: 5.986 Thread 0x0000000025233000 Thread exited: 0x0000000025233000
Event: 5.987 loading class com/sun/javafx/tk/quantum/QuantumToolkit
Event: 5.987 loading class com/sun/javafx/tk/quantum/QuantumToolkit done
Event: 5.989 Executing VM operation: Exit


Dynamic libraries:
0x00007ff70d550000 - 0x00007ff70d587000 	C:\Program Files\Java\jdk1.8.0_161\bin\javaw.exe
0x00007ffda02a0000 - 0x00007ffda0481000 	C:\WINDOWS\SYSTEM32\ntdll.dll
0x00007ffd9f8f0000 - 0x00007ffd9f9a2000 	C:\WINDOWS\System32\KERNEL32.DLL
0x00007ffd9c8b0000 - 0x00007ffd9cb23000 	C:\WINDOWS\System32\KERNELBASE.dll
0x00007ffd9fd10000 - 0x00007ffd9fdb1000 	C:\WINDOWS\System32\ADVAPI32.dll
0x00007ffd9ffe0000 - 0x00007ffda007e000 	C:\WINDOWS\System32\msvcrt.dll
0x00007ffd9ec10000 - 0x00007ffd9ec6b000 	C:\WINDOWS\System32\sechost.dll
0x00007ffda0140000 - 0x00007ffda0264000 	C:\WINDOWS\System32\RPCRT4.dll
0x00007ffd9fb80000 - 0x00007ffd9fd10000 	C:\WINDOWS\System32\USER32.dll
0x00007ffd9d390000 - 0x00007ffd9d3b0000 	C:\WINDOWS\System32\win32u.dll
0x00007ffd9fdc0000 - 0x00007ffd9fde8000 	C:\WINDOWS\System32\GDI32.dll
0x00007ffd9d590000 - 0x00007ffd9d722000 	C:\WINDOWS\System32\gdi32full.dll
0x00007ffd9cb30000 - 0x00007ffd9cbcf000 	C:\WINDOWS\System32\msvcp_win.dll
0x00007ffd9d490000 - 0x00007ffd9d58a000 	C:\WINDOWS\System32\ucrtbase.dll
0x00007ffd92800000 - 0x00007ffd92a69000 	C:\WINDOWS\WinSxS\amd64_microsoft.windows.common-controls_6595b64144ccf1df_6.0.17134.48_none_b4b2216a3cb4dd3e\COMCTL32.dll
0x00007ffd9ec70000 - 0x00007ffd9ef93000 	C:\WINDOWS\System32\combase.dll
0x00007ffd9d3b0000 - 0x00007ffd9d42a000 	C:\WINDOWS\System32\bcryptPrimitives.dll
0x00007ffd9f9b0000 - 0x00007ffd9f9dd000 	C:\WINDOWS\System32\IMM32.DLL
0x000000005ab70000 - 0x000000005ac42000 	C:\Program Files\Java\jdk1.8.0_161\jre\bin\msvcr100.dll
0x000000005ad30000 - 0x000000005b5cf000 	C:\Program Files\Java\jdk1.8.0_161\jre\bin\server\jvm.dll
0x00007ffd9efa0000 - 0x00007ffd9efa8000 	C:\WINDOWS\System32\PSAPI.DLL
0x00007ffd8a250000 - 0x00007ffd8a259000 	C:\WINDOWS\SYSTEM32\WSOCK32.dll
0x00007ffd9ff70000 - 0x00007ffd9ffdc000 	C:\WINDOWS\System32\WS2_32.dll
0x00007ffd99620000 - 0x00007ffd99643000 	C:\WINDOWS\SYSTEM32\WINMM.dll
0x00007ffd99cb0000 - 0x00007ffd99cba000 	C:\WINDOWS\SYSTEM32\VERSION.dll
0x00007ffd99590000 - 0x00007ffd995ba000 	C:\WINDOWS\SYSTEM32\winmmbase.dll
0x00007ffd9c860000 - 0x00007ffd9c8a9000 	C:\WINDOWS\System32\cfgmgr32.dll
0x000000005ad20000 - 0x000000005ad2f000 	C:\Program Files\Java\jdk1.8.0_161\jre\bin\verify.dll
0x000000005acf0000 - 0x000000005ad19000 	C:\Program Files\Java\jdk1.8.0_161\jre\bin\java.dll
0x000000005acd0000 - 0x000000005ace6000 	C:\Program Files\Java\jdk1.8.0_161\jre\bin\zip.dll
0x00007ffd9d7d0000 - 0x00007ffd9ec10000 	C:\WINDOWS\System32\SHELL32.dll
0x00007ffda0080000 - 0x00007ffda0129000 	C:\WINDOWS\System32\shcore.dll
0x00007ffd9cbd0000 - 0x00007ffd9d2dd000 	C:\WINDOWS\System32\windows.storage.dll
0x00007ffd9efb0000 - 0x00007ffd9f001000 	C:\WINDOWS\System32\shlwapi.dll
0x00007ffd9c610000 - 0x00007ffd9c621000 	C:\WINDOWS\System32\kernel.appcore.dll
0x00007ffd9c650000 - 0x00007ffd9c66f000 	C:\WINDOWS\System32\profapi.dll
0x00007ffd9c5c0000 - 0x00007ffd9c60c000 	C:\WINDOWS\System32\powrprof.dll
0x00007ffd9c5b0000 - 0x00007ffd9c5ba000 	C:\WINDOWS\System32\FLTLIB.DLL
0x0000000000e00000 - 0x0000000000e03000 	C:\Program Files\Java\jdk1.8.0_161\jre\bin\api-ms-win-core-console-l1-1-0.dll
0x0000000000e10000 - 0x0000000000e13000 	C:\Program Files\Java\jdk1.8.0_161\jre\bin\api-ms-win-core-datetime-l1-1-0.dll
0x00000000027d0000 - 0x00000000027d3000 	C:\Program Files\Java\jdk1.8.0_161\jre\bin\api-ms-win-core-debug-l1-1-0.dll
0x00000000027e0000 - 0x00000000027e3000 	C:\Program Files\Java\jdk1.8.0_161\jre\bin\api-ms-win-core-errorhandling-l1-1-0.dll
0x00000000027f0000 - 0x00000000027f4000 	C:\Program Files\Java\jdk1.8.0_161\jre\bin\api-ms-win-core-file-l1-1-0.dll
0x0000000002800000 - 0x0000000002803000 	C:\Program Files\Java\jdk1.8.0_161\jre\bin\api-ms-win-core-file-l1-2-0.dll
0x0000000002810000 - 0x0000000002813000 	C:\Program Files\Java\jdk1.8.0_161\jre\bin\api-ms-win-core-file-l2-1-0.dll
0x0000000002820000 - 0x0000000002823000 	C:\Program Files\Java\jdk1.8.0_161\jre\bin\api-ms-win-core-handle-l1-1-0.dll
0x0000000002830000 - 0x0000000002833000 	C:\Program Files\Java\jdk1.8.0_161\jre\bin\api-ms-win-core-heap-l1-1-0.dll
0x0000000002850000 - 0x0000000002853000 	C:\Program Files\Java\jdk1.8.0_161\jre\bin\api-ms-win-core-interlocked-l1-1-0.dll
0x0000000002860000 - 0x0000000002863000 	C:\Program Files\Java\jdk1.8.0_161\jre\bin\api-ms-win-core-libraryloader-l1-1-0.dll
0x00000000193d0000 - 0x00000000193d3000 	C:\Program Files\Java\jdk1.8.0_161\jre\bin\api-ms-win-core-localization-l1-2-0.dll
0x00000000193e0000 - 0x00000000193e3000 	C:\Program Files\Java\jdk1.8.0_161\jre\bin\api-ms-win-core-memory-l1-1-0.dll
0x00000000193f0000 - 0x00000000193f3000 	C:\Program Files\Java\jdk1.8.0_161\jre\bin\api-ms-win-core-namedpipe-l1-1-0.dll
0x0000000019400000 - 0x0000000019403000 	C:\Program Files\Java\jdk1.8.0_161\jre\bin\api-ms-win-core-processenvironment-l1-1-0.dll
0x0000000019410000 - 0x0000000019413000 	C:\Program Files\Java\jdk1.8.0_161\jre\bin\api-ms-win-core-processthreads-l1-1-0.dll
0x0000000019420000 - 0x0000000019423000 	C:\Program Files\Java\jdk1.8.0_161\jre\bin\api-ms-win-core-processthreads-l1-1-1.dll
0x0000000019430000 - 0x0000000019433000 	C:\Program Files\Java\jdk1.8.0_161\jre\bin\api-ms-win-core-profile-l1-1-0.dll
0x0000000019440000 - 0x0000000019443000 	C:\Program Files\Java\jdk1.8.0_161\jre\bin\api-ms-win-core-rtlsupport-l1-1-0.dll
0x0000000019450000 - 0x0000000019453000 	C:\Program Files\Java\jdk1.8.0_161\jre\bin\api-ms-win-core-string-l1-1-0.dll
0x0000000019460000 - 0x0000000019463000 	C:\Program Files\Java\jdk1.8.0_161\jre\bin\api-ms-win-core-synch-l1-1-0.dll
0x0000000019470000 - 0x0000000019473000 	C:\Program Files\Java\jdk1.8.0_161\jre\bin\api-ms-win-core-synch-l1-2-0.dll
0x0000000019480000 - 0x0000000019483000 	C:\Program Files\Java\jdk1.8.0_161\jre\bin\api-ms-win-core-sysinfo-l1-1-0.dll
0x0000000019490000 - 0x0000000019493000 	C:\Program Files\Java\jdk1.8.0_161\jre\bin\api-ms-win-core-timezone-l1-1-0.dll
0x00000000194a0000 - 0x00000000194a3000 	C:\Program Files\Java\jdk1.8.0_161\jre\bin\api-ms-win-core-util-l1-1-0.dll
0x00000000194b0000 - 0x00000000194b3000 	C:\Program Files\Java\jdk1.8.0_161\jre\bin\api-ms-win-crt-conio-l1-1-0.dll
0x00000000194c0000 - 0x00000000194c4000 	C:\Program Files\Java\jdk1.8.0_161\jre\bin\api-ms-win-crt-convert-l1-1-0.dll
0x00000000194d0000 - 0x00000000194d3000 	C:\Program Files\Java\jdk1.8.0_161\jre\bin\api-ms-win-crt-environment-l1-1-0.dll
0x00000000194e0000 - 0x00000000194e3000 	C:\Program Files\Java\jdk1.8.0_161\jre\bin\api-ms-win-crt-filesystem-l1-1-0.dll
0x00000000194f0000 - 0x00000000194f3000 	C:\Program Files\Java\jdk1.8.0_161\jre\bin\api-ms-win-crt-heap-l1-1-0.dll
0x0000000019500000 - 0x0000000019503000 	C:\Program Files\Java\jdk1.8.0_161\jre\bin\api-ms-win-crt-locale-l1-1-0.dll
0x0000000019510000 - 0x0000000019515000 	C:\Program Files\Java\jdk1.8.0_161\jre\bin\api-ms-win-crt-math-l1-1-0.dll
0x0000000019520000 - 0x0000000019525000 	C:\Program Files\Java\jdk1.8.0_161\jre\bin\api-ms-win-crt-multibyte-l1-1-0.dll
0x0000000019530000 - 0x0000000019540000 	C:\Program Files\Java\jdk1.8.0_161\jre\bin\api-ms-win-crt-private-l1-1-0.dll
0x0000000019540000 - 0x0000000019543000 	C:\Program Files\Java\jdk1.8.0_161\jre\bin\api-ms-win-crt-process-l1-1-0.dll
0x0000000019550000 - 0x0000000019554000 	C:\Program Files\Java\jdk1.8.0_161\jre\bin\api-ms-win-crt-runtime-l1-1-0.dll
0x0000000019560000 - 0x0000000019564000 	C:\Program Files\Java\jdk1.8.0_161\jre\bin\api-ms-win-crt-stdio-l1-1-0.dll
0x0000000019570000 - 0x0000000019574000 	C:\Program Files\Java\jdk1.8.0_161\jre\bin\api-ms-win-crt-string-l1-1-0.dll
0x0000000019580000 - 0x0000000019583000 	C:\Program Files\Java\jdk1.8.0_161\jre\bin\api-ms-win-crt-time-l1-1-0.dll
0x0000000019590000 - 0x0000000019593000 	C:\Program Files\Java\jdk1.8.0_161\jre\bin\api-ms-win-crt-utility-l1-1-0.dll
0x00007ffd6fc20000 - 0x00007ffd6fd16000 	C:\Program Files\Java\jdk1.8.0_161\jre\bin\ucrtbase.dll
0x00007ffd84d10000 - 0x00007ffd84d61000 	C:\Program Files\Java\jdk1.8.0_161\jre\bin\concrt140.dll
0x00007ffd99a50000 - 0x00007ffd99afa000 	C:\WINDOWS\SYSTEM32\MSVCP140.dll
0x00007ffd99b00000 - 0x00007ffd99b16000 	C:\WINDOWS\SYSTEM32\VCRUNTIME140.dll
0x00007ffd858d0000 - 0x00007ffd858e6000 	C:\Program Files\Java\jdk1.8.0_161\jre\bin\vcruntime140.dll
0x00007ffd6fec0000 - 0x00007ffd6ff5c000 	C:\Program Files\Java\jdk1.8.0_161\jre\bin\msvcp140.dll
0x000000005ab40000 - 0x000000005ab63000 	C:\Program Files\Java\jdk1.8.0_161\jre\bin\prism_d3d.dll
0x00007ffd463b0000 - 0x00007ffd46547000 	C:\WINDOWS\system32\d3d9.dll
0x00007ffd9a9e0000 - 0x00007ffd9aa09000 	C:\WINDOWS\SYSTEM32\dwmapi.dll
0x00007ffd998d0000 - 0x00007ffd99968000 	C:\WINDOWS\system32\uxtheme.dll
0x00007ffd9f070000 - 0x00007ffd9f1c1000 	C:\WINDOWS\System32\ole32.dll
0x00007ffd9f1d0000 - 0x00007ffd9f292000 	C:\WINDOWS\System32\OLEAUT32.dll
0x000000005aaf0000 - 0x000000005ab39000 	C:\Program Files\Java\jdk1.8.0_161\jre\bin\glass.dll
0x00007ffd9fe70000 - 0x00007ffd9ff5d000 	C:\WINDOWS\System32\COMDLG32.dll
0x00007ffd9f9e0000 - 0x00007ffd9fb55000 	C:\WINDOWS\System32\MSCTF.dll
0x000000005aad0000 - 0x000000005aae4000 	C:\Program Files\Java\jdk1.8.0_161\jre\bin\javafx_font.dll
0x00007ffd8b010000 - 0x00007ffd8b32c000 	C:\WINDOWS\SYSTEM32\dwrite.dll
0x000000005ac60000 - 0x000000005ac84000 	C:\Program Files\Java\jdk1.8.0_161\jre\bin\sunec.dll
0x000000005acb0000 - 0x000000005acca000 	C:\Program Files\Java\jdk1.8.0_161\jre\bin\net.dll
0x00007ffd9bad0000 - 0x00007ffd9bb36000 	C:\WINDOWS\system32\mswsock.dll
0x00007ffd9b850000 - 0x00007ffd9b888000 	C:\WINDOWS\SYSTEM32\IPHLPAPI.DLL
0x00007ffda0130000 - 0x00007ffda0138000 	C:\WINDOWS\System32\NSI.dll
0x00007ffd94fc0000 - 0x00007ffd94fd6000 	C:\WINDOWS\SYSTEM32\dhcpcsvc6.DLL
0x00007ffd959b0000 - 0x00007ffd959ca000 	C:\WINDOWS\SYSTEM32\dhcpcsvc.DLL
0x000000005ac90000 - 0x000000005aca1000 	C:\Program Files\Java\jdk1.8.0_161\jre\bin\nio.dll
0x00007ffd9d730000 - 0x00007ffd9d7d0000 	C:\WINDOWS\System32\clbcatq.dll
0x00007ffd964f0000 - 0x00007ffd9669e000 	C:\WINDOWS\SYSTEM32\WindowsCodecs.dll
0x00007ffd614f0000 - 0x00007ffd61548000 	C:\WINDOWS\system32\dataexchange.dll
0x00007ffd98d40000 - 0x00007ffd98edc000 	C:\WINDOWS\system32\dcomp.dll
0x00007ffd98460000 - 0x00007ffd9876b000 	C:\WINDOWS\system32\d3d11.dll
0x00007ffd9afe0000 - 0x00007ffd9b09b000 	C:\WINDOWS\system32\dxgi.dll
0x00007ffd9a820000 - 0x00007ffd9a9d8000 	C:\WINDOWS\system32\twinapi.appcore.dll
0x00007ffd9a770000 - 0x00007ffd9a791000 	C:\WINDOWS\system32\RMCLIENT.dll
0x00007ffd84f20000 - 0x00007ffd84f54000 	C:\Program Files\Common Files\Microsoft Shared\Ink\rtscom.dll
0x00007ffd8ca60000 - 0x00007ffd8caf8000 	C:\WINDOWS\System32\TextInputFramework.dll
0x00007ffd95ef0000 - 0x00007ffd9620e000 	C:\WINDOWS\System32\CoreUIComponents.dll
0x00007ffd99220000 - 0x00007ffd992fa000 	C:\WINDOWS\System32\CoreMessaging.dll
0x00007ffd9b370000 - 0x00007ffd9b3a1000 	C:\WINDOWS\SYSTEM32\ntmarta.dll
0x00007ffd97720000 - 0x00007ffd9786d000 	C:\WINDOWS\SYSTEM32\wintypes.dll
0x000000005aaa0000 - 0x000000005aac3000 	C:\Program Files\Java\jdk1.8.0_161\jre\bin\javafx_iio.dll
0x000000005aa80000 - 0x000000005aa92000 	C:\Program Files\Java\jdk1.8.0_161\jre\bin\prism_common.dll
0x00007ffd9c100000 - 0x00007ffd9c2c9000 	C:\WINDOWS\SYSTEM32\dbghelp.dll

VM Arguments:
jvm_args: -Dfile.encoding=UTF-8 
java_command: com.jeeves.vpl.Main
java_class_path (initial): C:\Program Files\Java\jdk1.8.0_161\jre\lib\resources.jar;C:\Program Files\Java\jdk1.8.0_161\jre\lib\rt.jar;C:\Program Files\Java\jdk1.8.0_161\jre\lib\jsse.jar;C:\Program Files\Java\jdk1.8.0_161\jre\lib\jce.jar;C:\Program Files\Java\jdk1.8.0_161\jre\lib\charsets.jar;C:\Program Files\Java\jdk1.8.0_161\jre\lib\jfr.jar;C:\Program Files\Java\jdk1.8.0_161\jre\lib\ext\access-bridge-64.jar;C:\Program Files\Java\jdk1.8.0_161\jre\lib\ext\cldrdata.jar;C:\Program Files\Java\jdk1.8.0_161\jre\lib\ext\dnsns.jar;C:\Program Files\Java\jdk1.8.0_161\jre\lib\ext\jaccess.jar;C:\Program Files\Java\jdk1.8.0_161\jre\lib\ext\jfxrt.jar;C:\Program Files\Java\jdk1.8.0_161\jre\lib\ext\localedata.jar;C:\Program Files\Java\jdk1.8.0_161\jre\lib\ext\nashorn.jar;C:\Program Files\Java\jdk1.8.0_161\jre\lib\ext\sunec.jar;C:\Program Files\Java\jdk1.8.0_161\jre\lib\ext\sunjce_provider.jar;C:\Program Files\Java\jdk1.8.0_161\jre\lib\ext\sunmscapi.jar;C:\Program Files\Java\jdk1.8.0_161\jre\lib\ext\sunpkcs11.jar;C:\Program Files\Java\jdk1.8.0_161\jre\lib\ext\zipfs.jar;C:\Users\danie\eclipse-workspace\Jeeves\target\classes;C:\Users\danie\eclipse-workspace\Jeeves\poi-3.15.jar;C:\Users\danie\eclipse-workspace\Jeeves\commons-lang3-3.5.jar;C:\Users\danie\eclipse-workspace\Jeeves\controlsfx-8.40.12.jar;C:\Users\danie\.m2\repository\commons-codec\commons-codec\1.9\commons-codec-1.9.jar;C:\Users\danie\.m2\repository\commons-validator\commons-validator\1.4.1\commons-validator-1.4.1.jar;C:\Users\danie\.m2\repository\commons-beanutils\commons-beanutils\1.8.3\commons-beanutils-1.8.3.jar;C:\Users\danie\.m2\repository\commons-digester\commons-digester\1.8.1\commons-digester-1.8.1.jar;C:\Users\danie\.m2\repository\commons-logging\commons-logging\1.2\commons-logging-1.2.jar;C:\Users\danie\.m2\repository\commons-collections\commons-collections\3.2.1\commons-collections-3.2.1.jar;C:\Users\danie\.m2\repository\org\apache\shiro\shiro-core\1.3.2\shiro-core-1.3.2.jar;C:\Users\danie\.m2\repository\org\
Launcher Type: SUN_STANDARD

Environment Variables:
JAVA_HOME=c:\program files\java\jdk1.8.0_161
PATH=C:/Program Files/Java/jdk1.8.0_161/bin/../jre/bin/server;C:/Program Files/Java/jdk1.8.0_161/bin/../jre/bin;C:/Program Files/Java/jdk1.8.0_161/bin/../jre/lib/amd64;C:\Program Files (x86)\Common Files\Oracle\Java\javapath;C:\ProgramData\Oracle\Java\javapath;C:\Program Files (x86)\Intel\Intel(R) Management Engine Components\iCLS\;C:\Program Files\Intel\Intel(R) Management Engine Components\iCLS\;C:\Windows\system32;C:\Windows;C:\Windows\System32\Wbem;C:\Windows\System32\WindowsPowerShell\v1.0\;C:\Program Files (x86)\Intel\Intel(R) Management Engine Components\DAL;C:\Program Files\Intel\Intel(R) Management Engine Components\DAL;C:\Program Files (x86)\Intel\Intel(R) Management Engine Components\IPT;C:\Program Files\Intel\Intel(R) Management Engine Components\IPT;C:\Program Files\Intel\WiFi\bin\;C:\Program Files\Common Files\Intel\WirelessCommon\;C:\Program Files (x86)\NVIDIA Corporation\PhysX\Common;C:\Python27;C:\Python27\Scripts;C:\Program Files\Git\cmd;C:\Program Files\Git\mingw64\bin;C:\Program Files\Git\usr\bin;C:\WINDOWS\system32;C:\WINDOWS;C:\WINDOWS\System32\Wbem;C:\WINDOWS\System32\WindowsPowerShell\v1.0\;C:\WINDOWS\System32\OpenSSH\;c:\jruby-9.1.8.0\bin;C:\Ruby24-x64\bin;C:\Users\danie\AppData\Local\Microsoft\WindowsApps;C:\Program Files\Heroku\bin;;C:\WINDOWS\system32;
USERNAME=danie
OS=Windows_NT
PROCESSOR_IDENTIFIER=Intel64 Family 6 Model 158 Stepping 9, GenuineIntel



---------------  S Y S T E M  ---------------

OS: Windows 10.0 , 64 bit Build 17134 (10.0.17134.1)

CPU:total 4 (initial active 4) (4 cores per cpu, 1 threads per core) family 6 model 158 stepping 9, cmov, cx8, fxsr, mmx, sse, sse2, sse3, ssse3, sse4.1, sse4.2, popcnt, avx, avx2, aes, clmul, erms, 3dnowpref, lzcnt, tsc, tscinvbit, bmi1, bmi2, adx

Memory: 4k page, physical 8250724k(2000272k free), swap 15328612k(5552712k free)

vm_info: Java HotSpot(TM) 64-Bit Server VM (25.161-b12) for windows-amd64 JRE (1.8.0_161-b12), built on Dec 19 2017 17:52:25 by "java_re" with MS VC++ 10.0 (VS2010)

time: Tue Jun 12 23:10:47 2018
elapsed time: 6 seconds (0d 0h 0m 6s)

