#
# A fatal error has been detected by the Java Runtime Environment:
#
#  EXCEPTION_ACCESS_VIOLATION (0xc0000005) at pc=0x0000000060eb78b0, pid=15220, tid=0x0000000000003458
#
# JRE version: Java(TM) SE Runtime Environment (8.0_151-b12) (build 1.8.0_151-b12)
# Java VM: Java HotSpot(TM) 64-Bit Server VM (25.151-b12 mixed mode windows-amd64 compressed oops)
# Problematic frame:
# C  [glass.dll+0x278b0]
#
# Failed to write core dump. Minidumps are not enabled by default on client versions of Windows
#
# If you would like to submit a bug report, please visit:
#   http://bugreport.java.com/bugreport/crash.jsp
#

---------------  T H R E A D  ---------------

Current thread (0x0000000019657800):  VMThread [stack: 0x000000001a6e0000,0x000000001a7e0000] [id=13400]

siginfo: ExceptionCode=0xc0000005, reading address 0x0000000000000000

Registers:
RAX=0x0000000000000000, RBX=0x000000001b935888, RCX=0x0000000019657800, RDX=0x00000000617ec658
RSP=0x000000001a7df130, RBP=0x0000000002c42d98, RSI=0x0000000002c42d70, RDI=0x0000a9f2a7ac75e4
R8 =0x0000000000010002, R9 =0x0000000000000024, R10=0x0000a9f2a7ac75e4, R11=0x000000001a7df030
R12=0x0000000000000000, R13=0x0000000000000040, R14=0x000000001a7df248, R15=0x0000000002c42d70
RIP=0x0000000060eb78b0, EFLAGS=0x0000000000010206

Top of Stack: (sp=0x000000001a7df130)
0x000000001a7df130:   0000000000000000 00007ffe6ce0d00b
0x000000001a7df140:   0000000002c42d80 0000000002c42d80
0x000000001a7df150:   fffffffffffffffe 0000000002c42d98
0x000000001a7df160:   0000000002c42d78 00007ffe6ce185f3
0x000000001a7df170:   0000000060ecc1b0 00007ffe00000000
0x000000001a7df180:   0000000000000000 0000000000000000
0x000000001a7df190:   fffffffffffffffe 0000000000000000
0x000000001a7df1a0:   0000000000000001 0000000060e90000
0x000000001a7df1b0:   00000000049f1638 0000000060eb48dc
0x000000001a7df1c0:   000000001a7df238 00007ffe6ce0d157
0x000000001a7df1d0:   0000000000000000 000000001a7df248
0x000000001a7df1e0:   0000000019565400 00007ffe6cee70e0
0x000000001a7df1f0:   0000000000000000 00007ffe6ce116ee
0x000000001a7df200:   0000000000000000 0000000000000001
0x000000001a7df210:   0000000000000001 000000001a7df238
0x000000001a7df220:   0000000000000000 0000000060eb4752 

Instructions: (pc=0x0000000060eb78b0)
0x0000000060eb7890:   40 53 48 83 ec 30 48 c7 44 24 20 fe ff ff ff 48
0x0000000060eb78a0:   8b 1d 7a 72 01 00 48 85 db 74 16 e8 00 81 ff ff
0x0000000060eb78b0:   4c 8b 00 48 8b d3 48 8b c8 41 ff 90 b0 00 00 00
0x0000000060eb78c0:   90 48 83 c4 30 5b c3 cc cc cc cc cc cc cc cc cc 


Register to memory mapping:

RAX=0x0000000000000000 is an unknown value
RBX=0x000000001b935888 is a global jni handle
RCX=0x0000000019657800 is an unknown value
RDX=0x00000000617ec658 is an unknown value
RSP=0x000000001a7df130 is an unknown value
RBP=0x0000000002c42d98 is an unknown value
RSI=0x0000000002c42d70 is an unknown value
RDI=0x0000a9f2a7ac75e4 is an unknown value
R8 =0x0000000000010002 is an unknown value
R9 =0x0000000000000024 is an unknown value
R10=0x0000a9f2a7ac75e4 is an unknown value
R11=0x000000001a7df030 is an unknown value
R12=0x0000000000000000 is an unknown value
R13=0x0000000000000040 is an unknown value
R14=0x000000001a7df248 is an unknown value
R15=0x0000000002c42d70 is an unknown value


Stack: [0x000000001a6e0000,0x000000001a7e0000],  sp=0x000000001a7df130,  free space=1020k
Native frames: (J=compiled Java code, j=interpreted, Vv=VM code, C=native code)
C  [glass.dll+0x278b0]
C  [ucrtbase.dll+0x185f3]
C  [ucrtbase.dll+0xd157]
C  [ucrtbase.dll+0x116ee]
C  [glass.dll+0x24752]
C  [glass.dll+0x24850]
C  [ntdll.dll+0x11493]
C  [ntdll.dll+0x406b5]
C  [ntdll.dll+0x40574]
C  [KERNEL32.DLL+0xf06a]
C  [msvcr100.dll+0x20ccd]
V  [jvm.dll+0x212a95]
V  [jvm.dll+0x24b9a7]
V  [jvm.dll+0x24ac46]
V  [jvm.dll+0x24b0e1]
V  [jvm.dll+0x24b2fe]
V  [jvm.dll+0x29c3ea]
C  [msvcr100.dll+0x21d9f]
C  [msvcr100.dll+0x21e3b]
C  [KERNEL32.DLL+0x11fe4]
C  [ntdll.dll+0x6efb1]

VM_Operation (0x000000001c47a9c0): Exit, mode: safepoint, requested by thread 0x000000001b865000


---------------  P R O C E S S  ---------------

Java Threads: ( => current thread )
  0x0000000021006800 JavaThread "Prism Font Disposer" daemon [_thread_blocked, id=11756, stack(0x0000000023a40000,0x0000000023b40000)]
  0x000000001b925000 JavaThread "JavaFX-Launcher" [_thread_blocked, id=10072, stack(0x0000000020b30000,0x0000000020c30000)]
  0x000000001b926800 JavaThread "Thread-2" daemon [_thread_in_native, id=12692, stack(0x0000000020a30000,0x0000000020b30000)]
  0x000000001b865000 JavaThread "JavaFX Application Thread" [_thread_blocked, id=17228, stack(0x000000001c380000,0x000000001c480000)]
  0x000000001b863000 JavaThread "Thread-1" daemon [_thread_blocked, id=16760, stack(0x000000001c280000,0x000000001c380000)]
  0x000000001b49f000 JavaThread "QuantumRenderer-0" daemon [_thread_blocked, id=13852, stack(0x000000001c060000,0x000000001c160000)]
  0x00000000196ea000 JavaThread "Service Thread" daemon [_thread_blocked, id=17116, stack(0x000000001b4d0000,0x000000001b5d0000)]
  0x00000000196e2800 JavaThread "C1 CompilerThread2" daemon [_thread_blocked, id=18040, stack(0x000000001afd0000,0x000000001b0d0000)]
  0x00000000196b1800 JavaThread "C2 CompilerThread1" daemon [_thread_blocked, id=13352, stack(0x000000001aed0000,0x000000001afd0000)]
  0x0000000019692800 JavaThread "C2 CompilerThread0" daemon [_thread_blocked, id=9884, stack(0x000000001add0000,0x000000001aed0000)]
  0x0000000019691800 JavaThread "Attach Listener" daemon [_thread_blocked, id=15880, stack(0x000000001acd0000,0x000000001add0000)]
  0x0000000019680000 JavaThread "Finalizer" daemon [_thread_blocked, id=9088, stack(0x000000001a8e0000,0x000000001a9e0000)]
  0x0000000019659000 JavaThread "Reference Handler" daemon [_thread_blocked, id=2828, stack(0x000000001a7e0000,0x000000001a8e0000)]
  0x0000000004a04000 JavaThread "main" [_thread_blocked, id=12740, stack(0x0000000004860000,0x0000000004960000)]

Other Threads:
=>0x0000000019657800 VMThread [stack: 0x000000001a6e0000,0x000000001a7e0000] [id=13400]

VM state:at safepoint (shutting down)

VM Mutex/Monitor currently owned by a thread:  ([mutex/lock_event])
[0x0000000004a00e50] Threads_lock - owner thread: 0x0000000019657800

Heap:
 PSYoungGen      total 65536K, used 22740K [0x00000000d5b00000, 0x00000000dc880000, 0x0000000100000000)
  eden space 52736K, 18% used [0x00000000d5b00000,0x00000000d64bb4c8,0x00000000d8e80000)
  from space 12800K, 99% used [0x00000000d8e80000,0x00000000d9af9e60,0x00000000d9b00000)
  to   space 17920K, 0% used [0x00000000db700000,0x00000000db700000,0x00000000dc880000)
 ParOldGen       total 76288K, used 25005K [0x0000000081000000, 0x0000000085a80000, 0x00000000d5b00000)
  object space 76288K, 32% used [0x0000000081000000,0x000000008286b420,0x0000000085a80000)
 Metaspace       used 27043K, capacity 28992K, committed 29184K, reserved 1075200K
  class space    used 3982K, capacity 4321K, committed 4352K, reserved 1048576K

Card table byte_map: [0x0000000013ec0000,0x00000000142c0000] byte_map_base: 0x0000000013ab8000

Marking Bits: (ParMarkBitMap*) 0x00000000619dd850
 Begin Bits: [0x0000000014970000, 0x0000000016930000)
 End Bits:   [0x0000000016930000, 0x00000000188f0000)

Polling page: 0x00000000007f0000

CodeCache: size=245760Kb used=13045Kb max_used=13057Kb free=232714Kb
 bounds [0x0000000004b00000, 0x00000000057d0000, 0x0000000013b00000]
 total_blobs=5028 nmethods=4295 adapters=644
 compilation: enabled

Compilation events (10 events):
Event: 13.106 Thread 0x00000000196e2800 4648       3       com.sun.javafx.tk.Toolkit::lambda$runPulse$29 (8 bytes)
Event: 13.106 Thread 0x00000000196e2800 nmethod 4648 0x00000000057c78d0 code [0x00000000057c7a40, 0x00000000057c7c48]
Event: 13.121 Thread 0x00000000196e2800 4649       3       com.sun.javafx.PlatformUtil::isMac (4 bytes)
Event: 13.121 Thread 0x00000000196e2800 nmethod 4649 0x00000000057c7d10 code [0x00000000057c7e60, 0x00000000057c7f90]
Event: 13.122 Thread 0x00000000196e2800 4650       3       java.util.concurrent.locks.LockSupport::setBlocker (12 bytes)
Event: 13.122 Thread 0x00000000196e2800 nmethod 4650 0x00000000057c8010 code [0x00000000057c8160, 0x00000000057c82b0]
Event: 13.222 Thread 0x0000000019692800 4651       4       java.util.HashMap::clear (50 bytes)
Event: 13.222 Thread 0x00000000196e2800 4652       3       java.util.ArrayList::remove (77 bytes)
Event: 13.223 Thread 0x00000000196e2800 nmethod 4652 0x00000000057c8310 code [0x00000000057c84c0, 0x00000000057c8a08]
Event: 13.225 Thread 0x0000000019692800 nmethod 4651 0x00000000057cb950 code [0x00000000057cba80, 0x00000000057cbb78]

GC Heap History (10 events):
Event: 7.695 GC heap before
{Heap before GC invocations=6 (full 1):
 PSYoungGen      total 37888K, used 5104K [0x00000000d5b00000, 0x00000000d9500000, 0x0000000100000000)
  eden space 32768K, 0% used [0x00000000d5b00000,0x00000000d5b00000,0x00000000d7b00000)
  from space 5120K, 99% used [0x00000000d7b80000,0x00000000d807c1e0,0x00000000d8080000)
  to   space 13312K, 0% used [0x00000000d8800000,0x00000000d8800000,0x00000000d9500000)
 ParOldGen       total 87552K, used 14135K [0x0000000081000000, 0x0000000086580000, 0x00000000d5b00000)
  object space 87552K, 16% used [0x0000000081000000,0x0000000081dcdd38,0x0000000086580000)
 Metaspace       used 20296K, capacity 21224K, committed 21296K, reserved 1067008K
  class space    used 2957K, capacity 3171K, committed 3200K, reserved 1048576K
Event: 7.741 GC heap after
Heap after GC invocations=6 (full 1):
 PSYoungGen      total 37888K, used 0K [0x00000000d5b00000, 0x00000000d9500000, 0x0000000100000000)
  eden space 32768K, 0% used [0x00000000d5b00000,0x00000000d5b00000,0x00000000d7b00000)
  from space 5120K, 0% used [0x00000000d7b80000,0x00000000d7b80000,0x00000000d8080000)
  to   space 13312K, 0% used [0x00000000d8800000,0x00000000d8800000,0x00000000d9500000)
 ParOldGen       total 76288K, used 16876K [0x0000000081000000, 0x0000000085a80000, 0x00000000d5b00000)
  object space 76288K, 22% used [0x0000000081000000,0x000000008207b108,0x0000000085a80000)
 Metaspace       used 20296K, capacity 21224K, committed 21296K, reserved 1067008K
  class space    used 2957K, capacity 3171K, committed 3200K, reserved 1048576K
}
Event: 8.996 GC heap before
{Heap before GC invocations=7 (full 1):
 PSYoungGen      total 37888K, used 32768K [0x00000000d5b00000, 0x00000000d9500000, 0x0000000100000000)
  eden space 32768K, 100% used [0x00000000d5b00000,0x00000000d7b00000,0x00000000d7b00000)
  from space 5120K, 0% used [0x00000000d7b80000,0x00000000d7b80000,0x00000000d8080000)
  to   space 13312K, 0% used [0x00000000d8800000,0x00000000d8800000,0x00000000d9500000)
 ParOldGen       total 76288K, used 16876K [0x0000000081000000, 0x0000000085a80000, 0x00000000d5b00000)
  object space 76288K, 22% used [0x0000000081000000,0x000000008207b108,0x0000000085a80000)
 Metaspace       used 21767K, capacity 22852K, committed 22912K, reserved 1069056K
  class space    used 3198K, capacity 3439K, committed 3456K, reserved 1048576K
Event: 9.000 GC heap after
Heap after GC invocations=7 (full 1):
 PSYoungGen      total 46080K, used 4314K [0x00000000d5b00000, 0x00000000da380000, 0x0000000100000000)
  eden space 32768K, 0% used [0x00000000d5b00000,0x00000000d5b00000,0x00000000d7b00000)
  from space 13312K, 32% used [0x00000000d8800000,0x00000000d8c36a50,0x00000000d9500000)
  to   space 13312K, 0% used [0x00000000d7b00000,0x00000000d7b00000,0x00000000d8800000)
 ParOldGen       total 76288K, used 16884K [0x0000000081000000, 0x0000000085a80000, 0x00000000d5b00000)
  object space 76288K, 22% used [0x0000000081000000,0x000000008207d108,0x0000000085a80000)
 Metaspace       used 21767K, capacity 22852K, committed 22912K, reserved 1069056K
  class space    used 3198K, capacity 3439K, committed 3456K, reserved 1048576K
}
Event: 9.133 GC heap before
{Heap before GC invocations=8 (full 1):
 PSYoungGen      total 46080K, used 37082K [0x00000000d5b00000, 0x00000000da380000, 0x0000000100000000)
  eden space 32768K, 100% used [0x00000000d5b00000,0x00000000d7b00000,0x00000000d7b00000)
  from space 13312K, 32% used [0x00000000d8800000,0x00000000d8c36a50,0x00000000d9500000)
  to   space 13312K, 0% used [0x00000000d7b00000,0x00000000d7b00000,0x00000000d8800000)
 ParOldGen       total 76288K, used 16884K [0x0000000081000000, 0x0000000085a80000, 0x00000000d5b00000)
  object space 76288K, 22% used [0x0000000081000000,0x000000008207d108,0x0000000085a80000)
 Metaspace       used 21815K, capacity 22874K, committed 22912K, reserved 1069056K
  class space    used 3200K, capacity 3442K, committed 3456K, reserved 1048576K
Event: 9.135 GC heap after
Heap after GC invocations=8 (full 1):
 PSYoungGen      total 46080K, used 3875K [0x00000000d5b00000, 0x00000000da800000, 0x0000000100000000)
  eden space 32768K, 0% used [0x00000000d5b00000,0x00000000d5b00000,0x00000000d7b00000)
  from space 13312K, 29% used [0x00000000d7b00000,0x00000000d7ec8f10,0x00000000d8800000)
  to   space 13312K, 0% used [0x00000000d9b00000,0x00000000d9b00000,0x00000000da800000)
 ParOldGen       total 76288K, used 16884K [0x0000000081000000, 0x0000000085a80000, 0x00000000d5b00000)
  object space 76288K, 22% used [0x0000000081000000,0x000000008207d108,0x0000000085a80000)
 Metaspace       used 21815K, capacity 22874K, committed 22912K, reserved 1069056K
  class space    used 3200K, capacity 3442K, committed 3456K, reserved 1048576K
}
Event: 9.303 GC heap before
{Heap before GC invocations=9 (full 1):
 PSYoungGen      total 46080K, used 36643K [0x00000000d5b00000, 0x00000000da800000, 0x0000000100000000)
  eden space 32768K, 100% used [0x00000000d5b00000,0x00000000d7b00000,0x00000000d7b00000)
  from space 13312K, 29% used [0x00000000d7b00000,0x00000000d7ec8f10,0x00000000d8800000)
  to   space 13312K, 0% used [0x00000000d9b00000,0x00000000d9b00000,0x00000000da800000)
 ParOldGen       total 76288K, used 16884K [0x0000000081000000, 0x0000000085a80000, 0x00000000d5b00000)
  object space 76288K, 22% used [0x0000000081000000,0x000000008207d108,0x0000000085a80000)
 Metaspace       used 21931K, capacity 23096K, committed 23296K, reserved 1069056K
  class space    used 3208K, capacity 3457K, committed 3584K, reserved 1048576K
Event: 9.310 GC heap after
Heap after GC invocations=9 (full 1):
 PSYoungGen      total 66048K, used 5112K [0x00000000d5b00000, 0x00000000dac00000, 0x0000000100000000)
  eden space 52736K, 0% used [0x00000000d5b00000,0x00000000d5b00000,0x00000000d8e80000)
  from space 13312K, 38% used [0x00000000d9b00000,0x00000000d9ffe1c0,0x00000000da800000)
  to   space 12800K, 0% used [0x00000000d8e80000,0x00000000d8e80000,0x00000000d9b00000)
 ParOldGen       total 76288K, used 16892K [0x0000000081000000, 0x0000000085a80000, 0x00000000d5b00000)
  object space 76288K, 22% used [0x0000000081000000,0x000000008207f108,0x0000000085a80000)
 Metaspace       used 21931K, capacity 23096K, committed 23296K, reserved 1069056K
  class space    used 3208K, capacity 3457K, committed 3584K, reserved 1048576K
}
Event: 11.094 GC heap before
{Heap before GC invocations=10 (full 1):
 PSYoungGen      total 66048K, used 57848K [0x00000000d5b00000, 0x00000000dac00000, 0x0000000100000000)
  eden space 52736K, 100% used [0x00000000d5b00000,0x00000000d8e80000,0x00000000d8e80000)
  from space 13312K, 38% used [0x00000000d9b00000,0x00000000d9ffe1c0,0x00000000da800000)
  to   space 12800K, 0% used [0x00000000d8e80000,0x00000000d8e80000,0x00000000d9b00000)
 ParOldGen       total 76288K, used 16892K [0x0000000081000000, 0x0000000085a80000, 0x00000000d5b00000)
  object space 76288K, 22% used [0x0000000081000000,0x000000008207f108,0x0000000085a80000)
 Metaspace       used 26385K, capacity 28330K, committed 28672K, reserved 1073152K
  class space    used 3926K, capacity 4260K, committed 4352K, reserved 1048576K
Event: 11.123 GC heap after
Heap after GC invocations=10 (full 1):
 PSYoungGen      total 65536K, used 12775K [0x00000000d5b00000, 0x00000000dc880000, 0x0000000100000000)
  eden space 52736K, 0% used [0x00000000d5b00000,0x00000000d5b00000,0x00000000d8e80000)
  from space 12800K, 99% used [0x00000000d8e80000,0x00000000d9af9e60,0x00000000d9b00000)
  to   space 17920K, 0% used [0x00000000db700000,0x00000000db700000,0x00000000dc880000)
 ParOldGen       total 76288K, used 25005K [0x0000000081000000, 0x0000000085a80000, 0x00000000d5b00000)
  object space 76288K, 32% used [0x0000000081000000,0x000000008286b420,0x0000000085a80000)
 Metaspace       used 26385K, capacity 28330K, committed 28672K, reserved 1073152K
  class space    used 3926K, capacity 4260K, committed 4352K, reserved 1048576K
}

Deoptimization events (10 events):
Event: 11.240 Thread 0x000000001b49f000 Uncommon trap: reason=bimorphic action=maybe_recompile pc=0x000000000559dd1c method=java.util.WeakHashMap.eq(Ljava/lang/Object;Ljava/lang/Object;)Z @ 7
Event: 11.241 Thread 0x000000001b49f000 Uncommon trap: reason=bimorphic action=maybe_recompile pc=0x000000000559dd1c method=java.util.WeakHashMap.eq(Ljava/lang/Object;Ljava/lang/Object;)Z @ 7
Event: 11.242 Thread 0x000000001b49f000 Uncommon trap: reason=bimorphic action=maybe_recompile pc=0x000000000559dd1c method=java.util.WeakHashMap.eq(Ljava/lang/Object;Ljava/lang/Object;)Z @ 7
Event: 11.242 Thread 0x000000001b49f000 Uncommon trap: reason=bimorphic action=maybe_recompile pc=0x000000000559dd1c method=java.util.WeakHashMap.eq(Ljava/lang/Object;Ljava/lang/Object;)Z @ 7
Event: 11.438 Thread 0x000000001b865000 Uncommon trap: reason=unstable_if action=reinterpret pc=0x0000000004e690c8 method=java.lang.StrictMath.floorOrCeil(DDDD)D @ 24
Event: 11.450 Thread 0x000000001b865000 Uncommon trap: reason=unstable_if action=reinterpret pc=0x000000000564c7d4 method=javafx.scene.Node.markDirtyLayoutBranch()V @ 16
Event: 11.455 Thread 0x000000001b865000 Uncommon trap: reason=unstable_if action=reinterpret pc=0x00000000056465a4 method=javafx.scene.Node.impl_isDirtyEmpty()Z @ 4
Event: 11.511 Thread 0x000000001b865000 Uncommon trap: reason=unstable_if action=reinterpret pc=0x0000000004f32628 method=jdk.internal.org.objectweb.asm.Type.getArgumentsAndReturnSizes(Ljava/lang/String;)I @ 47
Event: 12.513 Thread 0x000000001b865000 Uncommon trap: reason=unstable_if action=reinterpret pc=0x00000000052e9fc4 method=java.util.EnumMap.isValidKey(Ljava/lang/Object;)Z @ 16
Event: 12.514 Thread 0x000000001b865000 Uncommon trap: reason=unstable_if action=reinterpret pc=0x00000000052ebc5c method=java.util.EnumMap.isValidKey(Ljava/lang/Object;)Z @ 16

Internal exceptions (10 events):
Event: 3.877 Thread 0x000000001b865000 Exception <a 'java/io/FileNotFoundException'> (0x00000000d749c8e8) thrown at [C:\re\workspace\8-2-build-windows-amd64-cygwin\jdk8u151\9699\hotspot\src\share\vm\prims\jni.cpp, line 709]
Event: 4.210 Thread 0x000000001b865000 Exception <a 'java/lang/NoClassDefFoundError': org/slf4j/impl/StaticLoggerBinder> (0x00000000d797cac0) thrown at [C:\re\workspace\8-2-build-windows-amd64-cygwin\jdk8u151\9699\hotspot\src\share\vm\classfile\systemDictionary.cpp, line 199]
Event: 7.037 Thread 0x000000001b865000 Implicit null exception at 0x0000000004e330b5 to 0x0000000004e332cd
Event: 7.037 Thread 0x000000001b865000 Implicit null exception at 0x000000000511bbfb to 0x000000000511c0b9
Event: 10.443 Thread 0x000000001b865000 Implicit null exception at 0x0000000005557ca5 to 0x0000000005559629
Event: 10.444 Thread 0x000000001b865000 Implicit null exception at 0x000000000558733d to 0x0000000005589799
Event: 10.444 Thread 0x000000001b865000 Implicit null exception at 0x00000000054ea18e to 0x00000000054eba99
Event: 11.024 Thread 0x000000001b49f000 Implicit null exception at 0x0000000005347fd4 to 0x000000000534b15d
Event: 11.141 Thread 0x000000001b49f000 Implicit null exception at 0x0000000005360a64 to 0x0000000005363ead
Event: 13.254 Thread 0x000000001b37e800 Exception <a 'java/lang/IllegalStateException'> (0x00000000d6411ba0) thrown at [C:\re\workspace\8-2-build-windows-amd64-cygwin\jdk8u151\9699\hotspot\src\share\vm\prims\jvm.cpp, line 1394]

Events (10 events):
Event: 13.252 Thread 0x000000001b37e800 Thread added: 0x000000001b37e800
Event: 13.252 Thread 0x00000000269ae800 Thread added: 0x00000000269ae800
Event: 13.252 Thread 0x00000000269ae800 Thread exited: 0x00000000269ae800
Event: 13.252 loading class com/sun/javafx/tk/quantum/QuantumRenderer
Event: 13.252 loading class com/sun/javafx/tk/quantum/QuantumRenderer done
Event: 13.253 loading class com/sun/javafx/tk/quantum/QuantumToolkit
Event: 13.253 loading class com/sun/javafx/tk/quantum/QuantumToolkit done
Event: 13.254 Thread 0x000000001b37e800 Thread exited: 0x000000001b37e800
Event: 13.254 Thread 0x0000000019690000 Thread exited: 0x0000000019690000
Event: 13.254 Executing VM operation: Exit


Dynamic libraries:
0x00007ff6e9c60000 - 0x00007ff6e9c97000 	C:\Program Files\Java\jre1.8.0_151\bin\javaw.exe
0x00007ffe6fee0000 - 0x00007ffe700c0000 	C:\WINDOWS\SYSTEM32\ntdll.dll
0x00007ffe6d940000 - 0x00007ffe6d9ee000 	C:\WINDOWS\System32\KERNEL32.DLL
0x00007ffe6d120000 - 0x00007ffe6d386000 	C:\WINDOWS\System32\KERNELBASE.dll
0x00007ffe6d760000 - 0x00007ffe6d801000 	C:\WINDOWS\System32\ADVAPI32.dll
0x00007ffe6d8a0000 - 0x00007ffe6d93d000 	C:\WINDOWS\System32\msvcrt.dll
0x00007ffe6d700000 - 0x00007ffe6d75b000 	C:\WINDOWS\System32\sechost.dll
0x00007ffe6fb90000 - 0x00007ffe6fcaf000 	C:\WINDOWS\System32\RPCRT4.dll
0x00007ffe6f820000 - 0x00007ffe6f9af000 	C:\WINDOWS\System32\USER32.dll
0x00007ffe6d390000 - 0x00007ffe6d3b0000 	C:\WINDOWS\System32\win32u.dll
0x00007ffe6d3c0000 - 0x00007ffe6d3e8000 	C:\WINDOWS\System32\GDI32.dll
0x00007ffe6cc60000 - 0x00007ffe6cdf3000 	C:\WINDOWS\System32\gdi32full.dll
0x00007ffe6cf50000 - 0x00007ffe6cfeb000 	C:\WINDOWS\System32\msvcp_win.dll
0x00007ffe6ce00000 - 0x00007ffe6cef6000 	C:\WINDOWS\System32\ucrtbase.dll
0x00007ffe64c70000 - 0x00007ffe64ed9000 	C:\WINDOWS\WinSxS\amd64_microsoft.windows.common-controls_6595b64144ccf1df_6.0.16299.192_none_15c8cdae9364c23b\COMCTL32.dll
0x00007ffe6d3f0000 - 0x00007ffe6d6f8000 	C:\WINDOWS\System32\combase.dll
0x00007ffe6cff0000 - 0x00007ffe6d062000 	C:\WINDOWS\System32\bcryptPrimitives.dll
0x00007ffe6d870000 - 0x00007ffe6d89d000 	C:\WINDOWS\System32\IMM32.DLL
0x0000000060f10000 - 0x0000000060fe2000 	C:\Program Files\Java\jre1.8.0_151\bin\msvcr100.dll
0x00000000611c0000 - 0x0000000061a5d000 	C:\Program Files\Java\jre1.8.0_151\bin\server\jvm.dll
0x00007ffe6e1e0000 - 0x00007ffe6e1e8000 	C:\WINDOWS\System32\PSAPI.DLL
0x00007ffe69ea0000 - 0x00007ffe69ec3000 	C:\WINDOWS\SYSTEM32\WINMM.dll
0x00007ffe65f10000 - 0x00007ffe65f1a000 	C:\WINDOWS\SYSTEM32\VERSION.dll
0x00007ffe69e40000 - 0x00007ffe69e6a000 	C:\WINDOWS\SYSTEM32\WINMMBASE.dll
0x00007ffe6cf00000 - 0x00007ffe6cf4a000 	C:\WINDOWS\System32\cfgmgr32.dll
0x00007ffe5d510000 - 0x00007ffe5d519000 	C:\WINDOWS\SYSTEM32\WSOCK32.dll
0x00007ffe6e1f0000 - 0x00007ffe6e25c000 	C:\WINDOWS\System32\WS2_32.dll
0x00000000611b0000 - 0x00000000611bf000 	C:\Program Files\Java\jre1.8.0_151\bin\verify.dll
0x0000000061180000 - 0x00000000611a9000 	C:\Program Files\Java\jre1.8.0_151\bin\java.dll
0x0000000061160000 - 0x0000000061176000 	C:\Program Files\Java\jre1.8.0_151\bin\zip.dll
0x00007ffe6e3e0000 - 0x00007ffe6f816000 	C:\WINDOWS\System32\SHELL32.dll
0x00007ffe6db90000 - 0x00007ffe6dc36000 	C:\WINDOWS\System32\shcore.dll
0x00007ffe6c510000 - 0x00007ffe6cc57000 	C:\WINDOWS\System32\windows.storage.dll
0x00007ffe6fdb0000 - 0x00007ffe6fe01000 	C:\WINDOWS\System32\shlwapi.dll
0x00007ffe6c2c0000 - 0x00007ffe6c2d1000 	C:\WINDOWS\System32\kernel.appcore.dll
0x00007ffe6c270000 - 0x00007ffe6c2bc000 	C:\WINDOWS\System32\powrprof.dll
0x00007ffe6c230000 - 0x00007ffe6c24b000 	C:\WINDOWS\System32\profapi.dll
0x0000000003040000 - 0x0000000003043000 	C:\Program Files\Java\jre1.8.0_151\bin\api-ms-win-core-console-l1-1-0.dll
0x0000000003050000 - 0x0000000003053000 	C:\Program Files\Java\jre1.8.0_151\bin\api-ms-win-core-datetime-l1-1-0.dll
0x0000000003060000 - 0x0000000003063000 	C:\Program Files\Java\jre1.8.0_151\bin\api-ms-win-core-debug-l1-1-0.dll
0x0000000003070000 - 0x0000000003073000 	C:\Program Files\Java\jre1.8.0_151\bin\api-ms-win-core-errorhandling-l1-1-0.dll
0x0000000003080000 - 0x0000000003084000 	C:\Program Files\Java\jre1.8.0_151\bin\api-ms-win-core-file-l1-1-0.dll
0x00000000030a0000 - 0x00000000030a3000 	C:\Program Files\Java\jre1.8.0_151\bin\api-ms-win-core-file-l1-2-0.dll
0x0000000004960000 - 0x0000000004963000 	C:\Program Files\Java\jre1.8.0_151\bin\api-ms-win-core-file-l2-1-0.dll
0x0000000004970000 - 0x0000000004973000 	C:\Program Files\Java\jre1.8.0_151\bin\api-ms-win-core-handle-l1-1-0.dll
0x0000000004980000 - 0x0000000004983000 	C:\Program Files\Java\jre1.8.0_151\bin\api-ms-win-core-heap-l1-1-0.dll
0x0000000004990000 - 0x0000000004993000 	C:\Program Files\Java\jre1.8.0_151\bin\api-ms-win-core-interlocked-l1-1-0.dll
0x00000000049a0000 - 0x00000000049a3000 	C:\Program Files\Java\jre1.8.0_151\bin\api-ms-win-core-libraryloader-l1-1-0.dll
0x00000000049b0000 - 0x00000000049b3000 	C:\Program Files\Java\jre1.8.0_151\bin\api-ms-win-core-localization-l1-2-0.dll
0x00000000049c0000 - 0x00000000049c3000 	C:\Program Files\Java\jre1.8.0_151\bin\api-ms-win-core-memory-l1-1-0.dll
0x00000000049d0000 - 0x00000000049d3000 	C:\Program Files\Java\jre1.8.0_151\bin\api-ms-win-core-namedpipe-l1-1-0.dll
0x00000000049e0000 - 0x00000000049e3000 	C:\Program Files\Java\jre1.8.0_151\bin\api-ms-win-core-processenvironment-l1-1-0.dll
0x000000001b6d0000 - 0x000000001b6d3000 	C:\Program Files\Java\jre1.8.0_151\bin\api-ms-win-core-processthreads-l1-1-0.dll
0x000000001b6e0000 - 0x000000001b6e3000 	C:\Program Files\Java\jre1.8.0_151\bin\api-ms-win-core-processthreads-l1-1-1.dll
0x000000001b6f0000 - 0x000000001b6f3000 	C:\Program Files\Java\jre1.8.0_151\bin\api-ms-win-core-profile-l1-1-0.dll
0x000000001b700000 - 0x000000001b703000 	C:\Program Files\Java\jre1.8.0_151\bin\api-ms-win-core-rtlsupport-l1-1-0.dll
0x000000001b710000 - 0x000000001b713000 	C:\Program Files\Java\jre1.8.0_151\bin\api-ms-win-core-string-l1-1-0.dll
0x000000001b720000 - 0x000000001b723000 	C:\Program Files\Java\jre1.8.0_151\bin\api-ms-win-core-synch-l1-1-0.dll
0x000000001b730000 - 0x000000001b733000 	C:\Program Files\Java\jre1.8.0_151\bin\api-ms-win-core-synch-l1-2-0.dll
0x000000001b740000 - 0x000000001b743000 	C:\Program Files\Java\jre1.8.0_151\bin\api-ms-win-core-sysinfo-l1-1-0.dll
0x000000001b750000 - 0x000000001b753000 	C:\Program Files\Java\jre1.8.0_151\bin\api-ms-win-core-timezone-l1-1-0.dll
0x000000001b760000 - 0x000000001b763000 	C:\Program Files\Java\jre1.8.0_151\bin\api-ms-win-core-util-l1-1-0.dll
0x000000001b770000 - 0x000000001b773000 	C:\Program Files\Java\jre1.8.0_151\bin\api-ms-win-crt-conio-l1-1-0.dll
0x000000001b780000 - 0x000000001b784000 	C:\Program Files\Java\jre1.8.0_151\bin\api-ms-win-crt-convert-l1-1-0.dll
0x000000001b790000 - 0x000000001b793000 	C:\Program Files\Java\jre1.8.0_151\bin\api-ms-win-crt-environment-l1-1-0.dll
0x000000001b7a0000 - 0x000000001b7a3000 	C:\Program Files\Java\jre1.8.0_151\bin\api-ms-win-crt-filesystem-l1-1-0.dll
0x000000001b7b0000 - 0x000000001b7b3000 	C:\Program Files\Java\jre1.8.0_151\bin\api-ms-win-crt-heap-l1-1-0.dll
0x000000001b7c0000 - 0x000000001b7c3000 	C:\Program Files\Java\jre1.8.0_151\bin\api-ms-win-crt-locale-l1-1-0.dll
0x000000001b7d0000 - 0x000000001b7d5000 	C:\Program Files\Java\jre1.8.0_151\bin\api-ms-win-crt-math-l1-1-0.dll
0x000000001b7e0000 - 0x000000001b7e5000 	C:\Program Files\Java\jre1.8.0_151\bin\api-ms-win-crt-multibyte-l1-1-0.dll
0x000000001b7f0000 - 0x000000001b800000 	C:\Program Files\Java\jre1.8.0_151\bin\api-ms-win-crt-private-l1-1-0.dll
0x000000001b800000 - 0x000000001b803000 	C:\Program Files\Java\jre1.8.0_151\bin\api-ms-win-crt-process-l1-1-0.dll
0x000000001b810000 - 0x000000001b814000 	C:\Program Files\Java\jre1.8.0_151\bin\api-ms-win-crt-runtime-l1-1-0.dll
0x000000001b820000 - 0x000000001b824000 	C:\Program Files\Java\jre1.8.0_151\bin\api-ms-win-crt-stdio-l1-1-0.dll
0x000000001b830000 - 0x000000001b834000 	C:\Program Files\Java\jre1.8.0_151\bin\api-ms-win-crt-string-l1-1-0.dll
0x000000001b840000 - 0x000000001b843000 	C:\Program Files\Java\jre1.8.0_151\bin\api-ms-win-crt-time-l1-1-0.dll
0x000000001b850000 - 0x000000001b853000 	C:\Program Files\Java\jre1.8.0_151\bin\api-ms-win-crt-utility-l1-1-0.dll
0x00007ffe31b90000 - 0x00007ffe31c86000 	C:\Program Files\Java\jre1.8.0_151\bin\ucrtbase.dll
0x00007ffe411e0000 - 0x00007ffe41231000 	C:\Program Files\Java\jre1.8.0_151\bin\concrt140.dll
0x00007ffe69440000 - 0x00007ffe69456000 	C:\Program Files\Java\jre1.8.0_151\bin\VCRUNTIME140.dll
0x00007ffe33ae0000 - 0x00007ffe33b7c000 	C:\Program Files\Java\jre1.8.0_151\bin\MSVCP140.dll
0x0000000060ee0000 - 0x0000000060f03000 	C:\Program Files\Java\jre1.8.0_151\bin\prism_d3d.dll
0x00007ffe28c80000 - 0x00007ffe28e15000 	C:\WINDOWS\system32\d3d9.dll
0x00007ffe6a200000 - 0x00007ffe6a22a000 	C:\WINDOWS\SYSTEM32\dwmapi.dll
0x00007ffe6a130000 - 0x00007ffe6a1c5000 	C:\WINDOWS\system32\uxtheme.dll
0x00007ffe6fac0000 - 0x00007ffe6fb85000 	C:\WINDOWS\System32\OLEAUT32.dll
0x00007ffe6e090000 - 0x00007ffe6e1d9000 	C:\WINDOWS\System32\ole32.dll
0x0000000060e90000 - 0x0000000060ed9000 	C:\Program Files\Java\jre1.8.0_151\bin\glass.dll
0x00007ffe6f9b0000 - 0x00007ffe6faba000 	C:\WINDOWS\System32\COMDLG32.dll
0x00007ffe6e260000 - 0x00007ffe6e3c7000 	C:\WINDOWS\System32\MSCTF.dll
0x0000000060e70000 - 0x0000000060e84000 	C:\Program Files\Java\jre1.8.0_151\bin\javafx_font.dll
0x00007ffe4fed0000 - 0x00007ffe501df000 	C:\WINDOWS\SYSTEM32\dwrite.dll
0x00000000610f0000 - 0x0000000061114000 	C:\Program Files\Java\jre1.8.0_151\bin\sunec.dll
0x0000000061140000 - 0x000000006115a000 	C:\Program Files\Java\jre1.8.0_151\bin\net.dll
0x00007ffe6b710000 - 0x00007ffe6b776000 	C:\WINDOWS\system32\mswsock.dll
0x00007ffe6b4a0000 - 0x00007ffe6b4d9000 	C:\WINDOWS\SYSTEM32\IPHLPAPI.DLL
0x00007ffe6e3d0000 - 0x00007ffe6e3d8000 	C:\WINDOWS\System32\NSI.dll
0x00007ffe655a0000 - 0x00007ffe655b6000 	C:\WINDOWS\SYSTEM32\dhcpcsvc6.DLL
0x00007ffe65ef0000 - 0x00007ffe65f0a000 	C:\WINDOWS\SYSTEM32\dhcpcsvc.DLL
0x0000000061120000 - 0x0000000061131000 	C:\Program Files\Java\jre1.8.0_151\bin\nio.dll
0x00007ffe6fcb0000 - 0x00007ffe6fd4e000 	C:\WINDOWS\System32\clbcatq.dll
0x00007ffe63820000 - 0x00007ffe639cb000 	C:\WINDOWS\SYSTEM32\WindowsCodecs.dll
0x00007ffe63e10000 - 0x00007ffe63e5f000 	C:\WINDOWS\system32\dataexchange.dll
0x00007ffe67c10000 - 0x00007ffe67ef1000 	C:\WINDOWS\system32\d3d11.dll
0x00007ffe69740000 - 0x00007ffe69882000 	C:\WINDOWS\system32\dcomp.dll
0x00007ffe6a660000 - 0x00007ffe6a70f000 	C:\WINDOWS\system32\dxgi.dll
0x00007ffe69fb0000 - 0x00007ffe6a12b000 	C:\WINDOWS\system32\twinapi.appcore.dll
0x00007ffe6a320000 - 0x00007ffe6a340000 	C:\WINDOWS\system32\RMCLIENT.dll
0x00007ffe6bcf0000 - 0x00007ffe6bd15000 	C:\WINDOWS\system32\bcrypt.dll
0x00007ffe56900000 - 0x00007ffe56934000 	C:\Program Files\Common Files\Microsoft Shared\Ink\rtscom.dll
0x0000000060e40000 - 0x0000000060e63000 	C:\Program Files\Java\jre1.8.0_151\bin\javafx_iio.dll
0x0000000060e20000 - 0x0000000060e32000 	C:\Program Files\Java\jre1.8.0_151\bin\prism_common.dll
0x00007ffe62c30000 - 0x00007ffe62cc8000 	C:\WINDOWS\System32\TextInputFramework.dll
0x00007ffe62940000 - 0x00007ffe62c2e000 	C:\WINDOWS\System32\CoreUIComponents.dll
0x00007ffe68b20000 - 0x00007ffe68bfc000 	C:\WINDOWS\System32\CoreMessaging.dll
0x00007ffe6a930000 - 0x00007ffe6a961000 	C:\WINDOWS\SYSTEM32\ntmarta.dll
0x00007ffe68310000 - 0x00007ffe68446000 	C:\WINDOWS\SYSTEM32\wintypes.dll
0x00007ffe6bd90000 - 0x00007ffe6bf58000 	C:\WINDOWS\SYSTEM32\dbghelp.dll

VM Arguments:
jvm_args: -Dfile.encoding=UTF-8 
java_command: com.jeeves.vpl.Main
java_class_path (initial): C:\Program Files\Java\jre1.8.0_151\lib\resources.jar;C:\Program Files\Java\jre1.8.0_151\lib\rt.jar;C:\Program Files\Java\jre1.8.0_151\lib\jsse.jar;C:\Program Files\Java\jre1.8.0_151\lib\jce.jar;C:\Program Files\Java\jre1.8.0_151\lib\charsets.jar;C:\Program Files\Java\jre1.8.0_151\lib\jfr.jar;C:\Program Files\Java\jre1.8.0_151\lib\ext\access-bridge-64.jar;C:\Program Files\Java\jre1.8.0_151\lib\ext\cldrdata.jar;C:\Program Files\Java\jre1.8.0_151\lib\ext\dnsns.jar;C:\Program Files\Java\jre1.8.0_151\lib\ext\dns_sd.jar;C:\Program Files\Java\jre1.8.0_151\lib\ext\jaccess.jar;C:\Program Files\Java\jre1.8.0_151\lib\ext\jfxrt.jar;C:\Program Files\Java\jre1.8.0_151\lib\ext\localedata.jar;C:\Program Files\Java\jre1.8.0_151\lib\ext\nashorn.jar;C:\Program Files\Java\jre1.8.0_151\lib\ext\sunec.jar;C:\Program Files\Java\jre1.8.0_151\lib\ext\sunjce_provider.jar;C:\Program Files\Java\jre1.8.0_151\lib\ext\sunmscapi.jar;C:\Program Files\Java\jre1.8.0_151\lib\ext\sunpkcs11.jar;C:\Program Files\Java\jre1.8.0_151\lib\ext\zipfs.jar;C:\Users\Cath\Documents\workspace\Jeeves\target\classes;C:\Users\Cath\Documents\workspace\Jeeves\poi-3.15.jar;C:\Users\Cath\Documents\workspace\Jeeves\commons-lang3-3.5.jar;C:\Users\Cath\Documents\workspace\Jeeves\controlsfx-8.40.12.jar;C:\Users\Cath\.m2\repository\commons-codec\commons-codec\1.9\commons-codec-1.9.jar;C:\Users\Cath\.m2\repository\commons-validator\commons-validator\1.4.1\commons-validator-1.4.1.jar;C:\Users\Cath\.m2\repository\commons-beanutils\commons-beanutils\1.8.3\commons-beanutils-1.8.3.jar;C:\Users\Cath\.m2\repository\commons-digester\commons-digester\1.8.1\commons-digester-1.8.1.jar;C:\Users\Cath\.m2\repository\commons-logging\commons-logging\1.2\commons-logging-1.2.jar;C:\Users\Cath\.m2\repository\commons-collections\commons-collections\3.2.1\commons-collections-3.2.1.jar;C:\Users\Cath\.m2\repository\org\apache\shiro\shiro-core\1.3.2\shiro-core-1.3.2.jar;C:\Users\Cath\.m2\repository\org\slf4j\slf4j-api\1.6.4\
Launcher Type: SUN_STANDARD

Environment Variables:
JAVA_HOME=C:\Program Files\Java\jdk1.8.0_151
PATH=C:/Program Files/Java/jre1.8.0_151/bin/server;C:/Program Files/Java/jre1.8.0_151/bin;C:/Program Files/Java/jre1.8.0_151/lib/amd64;C:\ProgramData\Oracle\Java\javapath;C:\WINDOWS\system32;C:\WINDOWS;C:\WINDOWS\System32\Wbem;C:\WINDOWS\System32\WindowsPowerShell\v1.0\;C:\Program Files\Git\cmd;C:\Program Files\Java\jdk1.8.0_151\bin;C:\Program Files\IBM\SPSS\Statistics\24\JRE\bin;C:\Users\Cath\AppData\Local\Microsoft\WindowsApps;C:\MinGW\bin;C:\MinGW\msys\1.0\bin;;C:\Users\Cath\Desktop;
USERNAME=Cath
OS=Windows_NT
PROCESSOR_IDENTIFIER=Intel64 Family 6 Model 69 Stepping 1, GenuineIntel



---------------  S Y S T E M  ---------------

OS: Windows 10.0 , 64 bit Build 16299 (10.0.16299.15)

CPU:total 4 (initial active 4) (2 cores per cpu, 2 threads per core) family 6 model 69 stepping 1, cmov, cx8, fxsr, mmx, sse, sse2, sse3, ssse3, sse4.1, sse4.2, popcnt, avx, avx2, aes, clmul, erms, lzcnt, ht, tsc, tscinvbit, bmi1, bmi2

Memory: 4k page, physical 8317080k(1464924k free), swap 14167100k(2494660k free)

vm_info: Java HotSpot(TM) 64-Bit Server VM (25.151-b12) for windows-amd64 JRE (1.8.0_151-b12), built on Sep  5 2017 19:33:46 by "java_re" with MS VC++ 10.0 (VS2010)

time: Sat Jan 27 17:42:30 2018
elapsed time: 13 seconds (0d 0h 0m 13s)

