#
# A fatal error has been detected by the Java Runtime Environment:
#
#  EXCEPTION_ACCESS_VIOLATION (0xc0000005) at pc=0x00000000667c78b0, pid=9428, tid=0x00000000000030dc
#
# JRE version: Java(TM) SE Runtime Environment (8.0_151-b12) (build 1.8.0_151-b12)
# Java VM: Java HotSpot(TM) 64-Bit Server VM (25.151-b12 mixed mode windows-amd64 compressed oops)
# Problematic frame:
# C  [glass.dll+0x278b0]
#
# Failed to write core dump. Minidumps are not enabled by default on client versions of Windows
#
# If you would like to submit a bug report, please visit:
#   http://bugreport.java.com/bugreport/crash.jsp
#

---------------  T H R E A D  ---------------

Current thread (0x0000000019e18000):  VMThread [stack: 0x000000001aeb0000,0x000000001afb0000] [id=12508]

siginfo: ExceptionCode=0xc0000005, reading address 0x0000000000000000

Registers:
RAX=0x0000000000000000, RBX=0x0000000021569870, RCX=0x0000000019e18000, RDX=0x0000000067edc658
RSP=0x000000001afaf6b0, RBP=0x00000000031e39a8, RSI=0x00000000031e3980, RDI=0x0000630323cac44b
R8 =0x0000000000010002, R9 =0x000000000000000b, R10=0x0000630323cac44b, R11=0x000000001afaf5b0
R12=0x0000000000000000, R13=0x0000000000000040, R14=0x000000001afaf7c8, R15=0x00000000031e3980
RIP=0x00000000667c78b0, EFLAGS=0x0000000000010202

Top of Stack: (sp=0x000000001afaf6b0)
0x000000001afaf6b0:   0000000000000000 00007ff86f3ed00b
0x000000001afaf6c0:   00000000031e3990 00000000031e3990
0x000000001afaf6d0:   fffffffffffffffe 00000000031e39a8
0x000000001afaf6e0:   00000000031e3988 00007ff86f3f85f3
0x000000001afaf6f0:   00000000667dc1b0 00007ff800000000
0x000000001afaf700:   0000000000000001 00007ff85c3c0000
0x000000001afaf710:   fffffffffffffffe 00000000032416d0
0x000000001afaf720:   0000000000000001 00000000667a0000
0x000000001afaf730:   0000000004f21638 00000000667c48dc
0x000000001afaf740:   000000001afaf7b8 00007ff86f3ed157
0x000000001afaf750:   0000000000000000 000000001afaf7c8
0x000000001afaf760:   0000000019d25400 00007ff86f4c70e0
0x000000001afaf770:   0000000000000000 00007ff86f3f16ee
0x000000001afaf780:   0000000000000000 0000000000000001
0x000000001afaf790:   0000000000000001 000000001afaf7b8
0x000000001afaf7a0:   0000000000000001 00000000667c4752 

Instructions: (pc=0x00000000667c78b0)
0x00000000667c7890:   40 53 48 83 ec 30 48 c7 44 24 20 fe ff ff ff 48
0x00000000667c78a0:   8b 1d 7a 72 01 00 48 85 db 74 16 e8 00 81 ff ff
0x00000000667c78b0:   4c 8b 00 48 8b d3 48 8b c8 41 ff 90 b0 00 00 00
0x00000000667c78c0:   90 48 83 c4 30 5b c3 cc cc cc cc cc cc cc cc cc 


Register to memory mapping:

RAX=0x0000000000000000 is an unknown value
RBX=0x0000000021569870 is a global jni handle
RCX=0x0000000019e18000 is an unknown value
RDX=0x0000000067edc658 is an unknown value
RSP=0x000000001afaf6b0 is an unknown value
RBP=0x00000000031e39a8 is an unknown value
RSI=0x00000000031e3980 is an unknown value
RDI=0x0000630323cac44b is an unknown value
R8 =0x0000000000010002 is an unknown value
R9 =0x000000000000000b is an unknown value
R10=0x0000630323cac44b is an unknown value
R11=0x000000001afaf5b0 is an unknown value
R12=0x0000000000000000 is an unknown value
R13=0x0000000000000040 is an unknown value
R14=0x000000001afaf7c8 is an unknown value
R15=0x00000000031e3980 is an unknown value


Stack: [0x000000001aeb0000,0x000000001afb0000],  sp=0x000000001afaf6b0,  free space=1021k
Native frames: (J=compiled Java code, j=interpreted, Vv=VM code, C=native code)
C  [glass.dll+0x278b0]
C  [ucrtbase.dll+0x185f3]
C  [ucrtbase.dll+0xd157]
C  [ucrtbase.dll+0x116ee]
C  [glass.dll+0x24752]
C  [glass.dll+0x24850]
C  [ntdll.dll+0x11493]
C  [ntdll.dll+0x406b5]
C  [ntdll.dll+0x40574]
C  [KERNEL32.DLL+0xf06a]
C  [msvcr100.dll+0x20ccd]
V  [jvm.dll+0x212a95]
V  [jvm.dll+0x24b9a7]
V  [jvm.dll+0x24ac46]
V  [jvm.dll+0x24b0e1]
V  [jvm.dll+0x24b2fe]
V  [jvm.dll+0x29c3ea]
C  [msvcr100.dll+0x21d9f]
C  [msvcr100.dll+0x21e3b]
C  [KERNEL32.DLL+0x11fe4]
C  [ntdll.dll+0x6efb1]

VM_Operation (0x000000001cb2a5b0): Exit, mode: safepoint, requested by thread 0x000000001be0b800


---------------  P R O C E S S  ---------------

Java Threads: ( => current thread )
  0x0000000021849000 JavaThread "Prism Font Disposer" daemon [_thread_blocked, id=7200, stack(0x0000000024110000,0x0000000024210000)]
  0x000000001bee0800 JavaThread "JavaFX-Launcher" [_thread_blocked, id=11552, stack(0x00000000211f0000,0x00000000212f0000)]
  0x000000001be98800 JavaThread "Thread-2" daemon [_thread_in_native, id=10064, stack(0x00000000210f0000,0x00000000211f0000)]
  0x000000001be0b800 JavaThread "JavaFX Application Thread" [_thread_blocked, id=8852, stack(0x000000001ca30000,0x000000001cb30000)]
  0x000000001be0b000 JavaThread "Thread-1" daemon [_thread_blocked, id=15324, stack(0x000000001c930000,0x000000001ca30000)]
  0x000000001bb95000 JavaThread "QuantumRenderer-0" daemon [_thread_blocked, id=6784, stack(0x000000001c720000,0x000000001c820000)]
  0x000000001b7d8800 JavaThread "Service Thread" daemon [_thread_blocked, id=8440, stack(0x000000001bba0000,0x000000001bca0000)]
  0x0000000019e59800 JavaThread "C1 CompilerThread2" daemon [_thread_blocked, id=12764, stack(0x000000001b6a0000,0x000000001b7a0000)]
  0x0000000019e54800 JavaThread "C2 CompilerThread1" daemon [_thread_blocked, id=1324, stack(0x000000001b5a0000,0x000000001b6a0000)]
  0x0000000019e52000 JavaThread "C2 CompilerThread0" daemon [_thread_blocked, id=10912, stack(0x000000001b4a0000,0x000000001b5a0000)]
  0x0000000019e50800 JavaThread "Attach Listener" daemon [_thread_blocked, id=9272, stack(0x000000001b3a0000,0x000000001b4a0000)]
  0x0000000019e4f800 JavaThread "Signal Dispatcher" daemon [_thread_blocked, id=2676, stack(0x000000001b2a0000,0x000000001b3a0000)]
  0x0000000019e40000 JavaThread "Finalizer" daemon [_thread_blocked, id=15276, stack(0x000000001b0b0000,0x000000001b1b0000)]
  0x00000000052b5000 JavaThread "Reference Handler" daemon [_thread_blocked, id=6328, stack(0x000000001afb0000,0x000000001b0b0000)]
  0x00000000051c3800 JavaThread "main" [_thread_blocked, id=12696, stack(0x00000000050c0000,0x00000000051c0000)]

Other Threads:
=>0x0000000019e18000 VMThread [stack: 0x000000001aeb0000,0x000000001afb0000] [id=12508]

VM state:at safepoint (shutting down)

VM Mutex/Monitor currently owned by a thread:  ([mutex/lock_event])
[0x00000000051c0950] Threads_lock - owner thread: 0x0000000019e18000

Heap:
 PSYoungGen      total 104960K, used 101375K [0x00000000d5b00000, 0x00000000def00000, 0x0000000100000000)
  eden space 99840K, 96% used [0x00000000d5b00000,0x00000000db9512d0,0x00000000dbc80000)
  from space 5120K, 93% used [0x00000000dea00000,0x00000000deeaecb8,0x00000000def00000)
  to   space 13312K, 0% used [0x00000000dd500000,0x00000000dd500000,0x00000000de200000)
 ParOldGen       total 74752K, used 16674K [0x0000000081000000, 0x0000000085900000, 0x00000000d5b00000)
  object space 74752K, 22% used [0x0000000081000000,0x00000000820489d8,0x0000000085900000)
 Metaspace       used 27011K, capacity 28962K, committed 29184K, reserved 1075200K
  class space    used 3976K, capacity 4315K, committed 4352K, reserved 1048576K

Card table byte_map: [0x0000000014680000,0x0000000014a80000] byte_map_base: 0x0000000014278000

Marking Bits: (ParMarkBitMap*) 0x00000000680cd850
 Begin Bits: [0x0000000015130000, 0x00000000170f0000)
 End Bits:   [0x00000000170f0000, 0x00000000190b0000)

Polling page: 0x0000000004e30000

CodeCache: size=245760Kb used=13374Kb max_used=13384Kb free=232385Kb
 bounds [0x00000000052c0000, 0x0000000005fe0000, 0x00000000142c0000]
 total_blobs=5222 nmethods=4489 adapters=644
 compilation: enabled

Compilation events (10 events):
Event: 6.030 Thread 0x0000000019e54800 nmethod 3143 0x0000000005f84710 code [0x0000000005f84860, 0x0000000005f84998]
Event: 6.030 Thread 0x0000000019e54800 3089       4       java.util.Collections$UnmodifiableCollection::size (10 bytes)
Event: 6.031 Thread 0x0000000019e54800 nmethod 3089 0x0000000005fd8510 code [0x0000000005fd8660, 0x0000000005fd86f8]
Event: 6.031 Thread 0x0000000019e54800 3820       4       com.sun.javafx.css.PseudoClassState::size (5 bytes)
Event: 6.033 Thread 0x0000000019e54800 nmethod 3820 0x0000000005fb36d0 code [0x0000000005fb3800, 0x0000000005fb38d8]
Event: 6.033 Thread 0x0000000019e54800 3852       4       com.sun.javafx.css.ParsedValueImpl::convert (24 bytes)
Event: 6.033 Thread 0x0000000019e54800 nmethod 3852 0x0000000005fb3450 code [0x0000000005fb3580, 0x0000000005fb3618]
Event: 6.033 Thread 0x0000000019e54800 4333       4       com.sun.javafx.css.PseudoClassState::equals (6 bytes)
Event: 6.034 Thread 0x0000000019e59800 4514       3       java.util.concurrent.locks.ReentrantLock::unlock (10 bytes)
Event: 6.035 Thread 0x0000000019e59800 nmethod 4514 0x0000000005fb2d90 code [0x0000000005fb2f20, 0x0000000005fb3318]

GC Heap History (10 events):
Event: 1.871 GC heap before
{Heap before GC invocations=3 (full 0):
 PSYoungGen      total 38400K, used 38393K [0x00000000d5b00000, 0x00000000d8580000, 0x0000000100000000)
  eden space 33280K, 100% used [0x00000000d5b00000,0x00000000d7b80000,0x00000000d7b80000)
  from space 5120K, 99% used [0x00000000d8080000,0x00000000d857e5d0,0x00000000d8580000)
  to   space 5120K, 0% used [0x00000000d7b80000,0x00000000d7b80000,0x00000000d8080000)
 ParOldGen       total 87552K, used 8896K [0x0000000081000000, 0x0000000086580000, 0x00000000d5b00000)
  object space 87552K, 10% used [0x0000000081000000,0x00000000818b02b8,0x0000000086580000)
 Metaspace       used 17989K, capacity 18650K, committed 18816K, reserved 1064960K
  class space    used 2483K, capacity 2641K, committed 2688K, reserved 1048576K
Event: 1.881 GC heap after
Heap after GC invocations=3 (full 0):
 PSYoungGen      total 38400K, used 5113K [0x00000000d5b00000, 0x00000000da600000, 0x0000000100000000)
  eden space 33280K, 0% used [0x00000000d5b00000,0x00000000d5b00000,0x00000000d7b80000)
  from space 5120K, 99% used [0x00000000d7b80000,0x00000000d807e5b0,0x00000000d8080000)
  to   space 5120K, 0% used [0x00000000da100000,0x00000000da100000,0x00000000da600000)
 ParOldGen       total 87552K, used 12502K [0x0000000081000000, 0x0000000086580000, 0x00000000d5b00000)
  object space 87552K, 14% used [0x0000000081000000,0x0000000081c35928,0x0000000086580000)
 Metaspace       used 17989K, capacity 18650K, committed 18816K, reserved 1064960K
  class space    used 2483K, capacity 2641K, committed 2688K, reserved 1048576K
}
Event: 2.243 GC heap before
{Heap before GC invocations=4 (full 0):
 PSYoungGen      total 38400K, used 38393K [0x00000000d5b00000, 0x00000000da600000, 0x0000000100000000)
  eden space 33280K, 100% used [0x00000000d5b00000,0x00000000d7b80000,0x00000000d7b80000)
  from space 5120K, 99% used [0x00000000d7b80000,0x00000000d807e5b0,0x00000000d8080000)
  to   space 5120K, 0% used [0x00000000da100000,0x00000000da100000,0x00000000da600000)
 ParOldGen       total 87552K, used 12502K [0x0000000081000000, 0x0000000086580000, 0x00000000d5b00000)
  object space 87552K, 14% used [0x0000000081000000,0x0000000081c35928,0x0000000086580000)
 Metaspace       used 19892K, capacity 20794K, committed 20992K, reserved 1067008K
  class space    used 2867K, capacity 3061K, committed 3072K, reserved 1048576K
Event: 2.252 GC heap after
Heap after GC invocations=4 (full 0):
 PSYoungGen      total 71680K, used 5097K [0x00000000d5b00000, 0x00000000da600000, 0x0000000100000000)
  eden space 66560K, 0% used [0x00000000d5b00000,0x00000000d5b00000,0x00000000d9c00000)
  from space 5120K, 99% used [0x00000000da100000,0x00000000da5fa5a0,0x00000000da600000)
  to   space 5120K, 0% used [0x00000000d9c00000,0x00000000d9c00000,0x00000000da100000)
 ParOldGen       total 87552K, used 13592K [0x0000000081000000, 0x0000000086580000, 0x00000000d5b00000)
  object space 87552K, 15% used [0x0000000081000000,0x0000000081d46018,0x0000000086580000)
 Metaspace       used 19892K, capacity 20794K, committed 20992K, reserved 1067008K
  class space    used 2867K, capacity 3061K, committed 3072K, reserved 1048576K
}
Event: 2.373 GC heap before
{Heap before GC invocations=5 (full 0):
 PSYoungGen      total 71680K, used 28067K [0x00000000d5b00000, 0x00000000da600000, 0x0000000100000000)
  eden space 66560K, 34% used [0x00000000d5b00000,0x00000000d716e920,0x00000000d9c00000)
  from space 5120K, 99% used [0x00000000da100000,0x00000000da5fa5a0,0x00000000da600000)
  to   space 5120K, 0% used [0x00000000d9c00000,0x00000000d9c00000,0x00000000da100000)
 ParOldGen       total 87552K, used 13592K [0x0000000081000000, 0x0000000086580000, 0x00000000d5b00000)
  object space 87552K, 15% used [0x0000000081000000,0x0000000081d46018,0x0000000086580000)
 Metaspace       used 20285K, capacity 21262K, committed 21296K, reserved 1067008K
  class space    used 2958K, capacity 3167K, committed 3200K, reserved 1048576K
Event: 2.379 GC heap after
Heap after GC invocations=5 (full 0):
 PSYoungGen      total 71680K, used 5113K [0x00000000d5b00000, 0x00000000df700000, 0x0000000100000000)
  eden space 66560K, 0% used [0x00000000d5b00000,0x00000000d5b00000,0x00000000d9c00000)
  from space 5120K, 99% used [0x00000000d9c00000,0x00000000da0fe5b0,0x00000000da100000)
  to   space 13312K, 0% used [0x00000000dea00000,0x00000000dea00000,0x00000000df700000)
 ParOldGen       total 87552K, used 13888K [0x0000000081000000, 0x0000000086580000, 0x00000000d5b00000)
  object space 87552K, 15% used [0x0000000081000000,0x0000000081d90018,0x0000000086580000)
 Metaspace       used 20285K, capacity 21262K, committed 21296K, reserved 1067008K
  class space    used 2958K, capacity 3167K, committed 3200K, reserved 1048576K
}
Event: 2.379 GC heap before
{Heap before GC invocations=6 (full 1):
 PSYoungGen      total 71680K, used 5113K [0x00000000d5b00000, 0x00000000df700000, 0x0000000100000000)
  eden space 66560K, 0% used [0x00000000d5b00000,0x00000000d5b00000,0x00000000d9c00000)
  from space 5120K, 99% used [0x00000000d9c00000,0x00000000da0fe5b0,0x00000000da100000)
  to   space 13312K, 0% used [0x00000000dea00000,0x00000000dea00000,0x00000000df700000)
 ParOldGen       total 87552K, used 13888K [0x0000000081000000, 0x0000000086580000, 0x00000000d5b00000)
  object space 87552K, 15% used [0x0000000081000000,0x0000000081d90018,0x0000000086580000)
 Metaspace       used 20285K, capacity 21262K, committed 21296K, reserved 1067008K
  class space    used 2958K, capacity 3167K, committed 3200K, reserved 1048576K
Event: 2.427 GC heap after
Heap after GC invocations=6 (full 1):
 PSYoungGen      total 71680K, used 0K [0x00000000d5b00000, 0x00000000df700000, 0x0000000100000000)
  eden space 66560K, 0% used [0x00000000d5b00000,0x00000000d5b00000,0x00000000d9c00000)
  from space 5120K, 0% used [0x00000000d9c00000,0x00000000d9c00000,0x00000000da100000)
  to   space 13312K, 0% used [0x00000000dea00000,0x00000000dea00000,0x00000000df700000)
 ParOldGen       total 74752K, used 16666K [0x0000000081000000, 0x0000000085900000, 0x00000000d5b00000)
  object space 74752K, 22% used [0x0000000081000000,0x00000000820469d8,0x0000000085900000)
 Metaspace       used 20285K, capacity 21262K, committed 21296K, reserved 1067008K
  class space    used 2958K, capacity 3167K, committed 3200K, reserved 1048576K
}
Event: 2.941 GC heap before
{Heap before GC invocations=7 (full 1):
 PSYoungGen      total 71680K, used 66560K [0x00000000d5b00000, 0x00000000df700000, 0x0000000100000000)
  eden space 66560K, 100% used [0x00000000d5b00000,0x00000000d9c00000,0x00000000d9c00000)
  from space 5120K, 0% used [0x00000000d9c00000,0x00000000d9c00000,0x00000000da100000)
  to   space 13312K, 0% used [0x00000000dea00000,0x00000000dea00000,0x00000000df700000)
 ParOldGen       total 74752K, used 16666K [0x0000000081000000, 0x0000000085900000, 0x00000000d5b00000)
  object space 74752K, 22% used [0x0000000081000000,0x00000000820469d8,0x0000000085900000)
 Metaspace       used 21775K, capacity 22850K, committed 22912K, reserved 1069056K
  class space    used 3195K, capacity 3437K, committed 3456K, reserved 1048576K
Event: 2.947 GC heap after
Heap after GC invocations=7 (full 1):
 PSYoungGen      total 104960K, used 4795K [0x00000000d5b00000, 0x00000000def00000, 0x0000000100000000)
  eden space 99840K, 0% used [0x00000000d5b00000,0x00000000d5b00000,0x00000000dbc80000)
  from space 5120K, 93% used [0x00000000dea00000,0x00000000deeaecb8,0x00000000def00000)
  to   space 13312K, 0% used [0x00000000dd500000,0x00000000dd500000,0x00000000de200000)
 ParOldGen       total 74752K, used 16674K [0x0000000081000000, 0x0000000085900000, 0x00000000d5b00000)
  object space 74752K, 22% used [0x0000000081000000,0x00000000820489d8,0x0000000085900000)
 Metaspace       used 21775K, capacity 22850K, committed 22912K, reserved 1069056K
  class space    used 3195K, capacity 3437K, committed 3456K, reserved 1048576K
}

Deoptimization events (10 events):
Event: 4.322 Thread 0x000000001be0b800 Uncommon trap: reason=unstable_if action=reinterpret pc=0x0000000005e5b554 method=javafx.scene.CssStyleHelper.lookup(Ljavafx/css/Styleable;Ljavafx/css/CssMetaData;Lcom/sun/javafx/css/StyleMap;Ljava/util/Set;Ljavafx/css/Styleable;Lcom/sun/javafx/css/Calcul
Event: 4.496 Thread 0x000000001be0b800 Uncommon trap: reason=array_check action=maybe_recompile pc=0x0000000005e8482c method=com.sun.javafx.css.CompoundSelector.applies(Ljavafx/css/Styleable;[Ljava/util/Set;I)Z @ 128
Event: 4.503 Thread 0x000000001be0b800 Uncommon trap: reason=array_check action=maybe_recompile pc=0x0000000005e8482c method=com.sun.javafx.css.CompoundSelector.applies(Ljavafx/css/Styleable;[Ljava/util/Set;I)Z @ 128
Event: 4.686 Thread 0x000000001bb95000 Uncommon trap: reason=unstable_if action=reinterpret pc=0x0000000005b0f130 method=java.lang.Class.arrayContentsEq([Ljava/lang/Object;[Ljava/lang/Object;)Z @ 1
Event: 4.736 Thread 0x000000001bb95000 Uncommon trap: reason=unstable_if action=reinterpret pc=0x0000000005afe128 method=java.lang.Class.arrayContentsEq([Ljava/lang/Object;[Ljava/lang/Object;)Z @ 1
Event: 5.056 Thread 0x000000001be0b800 Uncommon trap: reason=array_check action=maybe_recompile pc=0x0000000005e8482c method=com.sun.javafx.css.CompoundSelector.applies(Ljavafx/css/Styleable;[Ljava/util/Set;I)Z @ 128
Event: 5.056 Thread 0x000000001be0b800 Uncommon trap: reason=array_check action=maybe_recompile pc=0x0000000005e8482c method=com.sun.javafx.css.CompoundSelector.applies(Ljavafx/css/Styleable;[Ljava/util/Set;I)Z @ 128
Event: 5.067 Thread 0x000000001be0b800 Uncommon trap: reason=unstable_if action=reinterpret pc=0x0000000005a90404 method=java.util.EnumMap.isValidKey(Ljava/lang/Object;)Z @ 16
Event: 5.070 Thread 0x000000001be0b800 Uncommon trap: reason=unstable_if action=reinterpret pc=0x0000000005a8775c method=java.util.EnumMap.isValidKey(Ljava/lang/Object;)Z @ 16
Event: 5.142 Thread 0x000000001be0b800 Uncommon trap: reason=unstable_if action=reinterpret pc=0x00000000056e6d68 method=jdk.internal.org.objectweb.asm.Type.getArgumentsAndReturnSizes(Ljava/lang/String;)I @ 47

Internal exceptions (10 events):
Event: 0.826 Thread 0x000000001be0b800 Exception <a 'java/lang/ArrayIndexOutOfBoundsException'> (0x00000000d5c23880) thrown at [C:\re\workspace\8-2-build-windows-amd64-cygwin\jdk8u151\9699\hotspot\src\share\vm\runtime\sharedRuntime.cpp, line 605]
Event: 0.855 Thread 0x000000001be0b800 Exception <a 'java/lang/ArrayIndexOutOfBoundsException'> (0x00000000d5eff580) thrown at [C:\re\workspace\8-2-build-windows-amd64-cygwin\jdk8u151\9699\hotspot\src\share\vm\runtime\sharedRuntime.cpp, line 605]
Event: 0.905 Thread 0x000000001be0b800 Exception <a 'java/lang/ArrayIndexOutOfBoundsException': 58> (0x00000000d6138230) thrown at [C:\re\workspace\8-2-build-windows-amd64-cygwin\jdk8u151\9699\hotspot\src\share\vm\interpreter\interpreterRuntime.cpp, line 366]
Event: 1.172 Thread 0x000000001be0b800 Exception <a 'java/io/FileNotFoundException'> (0x00000000d746b160) thrown at [C:\re\workspace\8-2-build-windows-amd64-cygwin\jdk8u151\9699\hotspot\src\share\vm\prims\jni.cpp, line 709]
Event: 1.352 Thread 0x000000001be0b800 Exception <a 'java/lang/NoClassDefFoundError': org/slf4j/impl/StaticLoggerBinder> (0x00000000d794bc60) thrown at [C:\re\workspace\8-2-build-windows-amd64-cygwin\jdk8u151\9699\hotspot\src\share\vm\classfile\systemDictionary.cpp, line 199]
Event: 2.237 Thread 0x000000001be0b800 Implicit null exception at 0x000000000560e235 to 0x000000000560e44d
Event: 2.237 Thread 0x000000001be0b800 Implicit null exception at 0x0000000005670218 to 0x00000000056702a6
Event: 4.686 Thread 0x000000001bb95000 Implicit null exception at 0x0000000005b0be5e to 0x0000000005b0f0c1
Event: 4.736 Thread 0x000000001bb95000 Implicit null exception at 0x0000000005afab64 to 0x0000000005afe0b5
Event: 6.035 Thread 0x0000000025f7c000 Exception <a 'java/lang/IllegalStateException'> (0x00000000db764338) thrown at [C:\re\workspace\8-2-build-windows-amd64-cygwin\jdk8u151\9699\hotspot\src\share\vm\prims\jvm.cpp, line 1394]

Events (10 events):
Event: 6.018 loading class java/util/IdentityHashMap$KeyIterator done
Event: 6.018 Thread 0x0000000025f7c000 Thread added: 0x0000000025f7c000
Event: 6.018 Thread 0x0000000021c81000 Thread added: 0x0000000021c81000
Event: 6.034 Thread 0x0000000021c81000 Thread exited: 0x0000000021c81000
Event: 6.034 loading class com/sun/javafx/tk/quantum/QuantumRenderer
Event: 6.034 loading class com/sun/javafx/tk/quantum/QuantumRenderer done
Event: 6.035 loading class com/sun/javafx/tk/quantum/QuantumToolkit
Event: 6.035 loading class com/sun/javafx/tk/quantum/QuantumToolkit done
Event: 6.035 Thread 0x0000000025f7c000 Thread exited: 0x0000000025f7c000
Event: 6.035 Executing VM operation: Exit


Dynamic libraries:
0x00007ff71cf40000 - 0x00007ff71cf77000 	C:\Program Files\Java\jre1.8.0_151\bin\javaw.exe
0x00007ff872f70000 - 0x00007ff873150000 	C:\WINDOWS\SYSTEM32\ntdll.dll
0x00007ff8706d0000 - 0x00007ff87077e000 	C:\WINDOWS\System32\KERNEL32.DLL
0x00007ff86f4e0000 - 0x00007ff86f746000 	C:\WINDOWS\System32\KERNELBASE.dll
0x00007ff872ad0000 - 0x00007ff872b71000 	C:\WINDOWS\System32\ADVAPI32.dll
0x00007ff872e50000 - 0x00007ff872eed000 	C:\WINDOWS\System32\msvcrt.dll
0x00007ff870810000 - 0x00007ff87086b000 	C:\WINDOWS\System32\sechost.dll
0x00007ff870e60000 - 0x00007ff870f7f000 	C:\WINDOWS\System32\RPCRT4.dll
0x00007ff8710d0000 - 0x00007ff87125f000 	C:\WINDOWS\System32\USER32.dll
0x00007ff86f3c0000 - 0x00007ff86f3e0000 	C:\WINDOWS\System32\win32u.dll
0x00007ff8712d0000 - 0x00007ff8712f8000 	C:\WINDOWS\System32\GDI32.dll
0x00007ff86f8e0000 - 0x00007ff86fa73000 	C:\WINDOWS\System32\gdi32full.dll
0x00007ff8703a0000 - 0x00007ff87043b000 	C:\WINDOWS\System32\msvcp_win.dll
0x00007ff86f3e0000 - 0x00007ff86f4d6000 	C:\WINDOWS\System32\ucrtbase.dll
0x00007ff8685a0000 - 0x00007ff868809000 	C:\WINDOWS\WinSxS\amd64_microsoft.windows.common-controls_6595b64144ccf1df_6.0.16299.192_none_15c8cdae9364c23b\COMCTL32.dll
0x00007ff871300000 - 0x00007ff871608000 	C:\WINDOWS\System32\combase.dll
0x00007ff86f800000 - 0x00007ff86f872000 	C:\WINDOWS\System32\bcryptPrimitives.dll
0x00007ff872f00000 - 0x00007ff872f2d000 	C:\WINDOWS\System32\IMM32.DLL
0x0000000067140000 - 0x0000000067212000 	C:\Program Files\Java\jre1.8.0_151\bin\msvcr100.dll
0x00000000678b0000 - 0x000000006814d000 	C:\Program Files\Java\jre1.8.0_151\bin\server\jvm.dll
0x00007ff872f30000 - 0x00007ff872f38000 	C:\WINDOWS\System32\PSAPI.DLL
0x00007ff868fb0000 - 0x00007ff868fd3000 	C:\WINDOWS\SYSTEM32\WINMM.dll
0x00007ff864f90000 - 0x00007ff864f99000 	C:\WINDOWS\SYSTEM32\WSOCK32.dll
0x00007ff867670000 - 0x00007ff86767a000 	C:\WINDOWS\SYSTEM32\VERSION.dll
0x00007ff871260000 - 0x00007ff8712cc000 	C:\WINDOWS\System32\WS2_32.dll
0x00007ff868f80000 - 0x00007ff868faa000 	C:\WINDOWS\SYSTEM32\WINMMBASE.dll
0x00007ff86f370000 - 0x00007ff86f3ba000 	C:\WINDOWS\System32\cfgmgr32.dll
0x00000000678a0000 - 0x00000000678af000 	C:\Program Files\Java\jre1.8.0_151\bin\verify.dll
0x0000000067870000 - 0x0000000067899000 	C:\Program Files\Java\jre1.8.0_151\bin\java.dll
0x0000000067850000 - 0x0000000067866000 	C:\Program Files\Java\jre1.8.0_151\bin\zip.dll
0x00007ff871630000 - 0x00007ff872a66000 	C:\WINDOWS\System32\SHELL32.dll
0x00007ff870440000 - 0x00007ff8704e6000 	C:\WINDOWS\System32\shcore.dll
0x00007ff86fc50000 - 0x00007ff870397000 	C:\WINDOWS\System32\windows.storage.dll
0x00007ff872a70000 - 0x00007ff872ac1000 	C:\WINDOWS\System32\shlwapi.dll
0x00007ff86f300000 - 0x00007ff86f311000 	C:\WINDOWS\System32\kernel.appcore.dll
0x00007ff86f320000 - 0x00007ff86f36c000 	C:\WINDOWS\System32\powrprof.dll
0x00007ff86f2e0000 - 0x00007ff86f2fb000 	C:\WINDOWS\System32\profapi.dll
0x0000000004ea0000 - 0x0000000004ea3000 	C:\Program Files\Java\jre1.8.0_151\bin\api-ms-win-core-console-l1-1-0.dll
0x0000000004eb0000 - 0x0000000004eb3000 	C:\Program Files\Java\jre1.8.0_151\bin\api-ms-win-core-datetime-l1-1-0.dll
0x0000000004ec0000 - 0x0000000004ec3000 	C:\Program Files\Java\jre1.8.0_151\bin\api-ms-win-core-debug-l1-1-0.dll
0x0000000004ed0000 - 0x0000000004ed3000 	C:\Program Files\Java\jre1.8.0_151\bin\api-ms-win-core-errorhandling-l1-1-0.dll
0x0000000004ee0000 - 0x0000000004ee4000 	C:\Program Files\Java\jre1.8.0_151\bin\api-ms-win-core-file-l1-1-0.dll
0x0000000004ef0000 - 0x0000000004ef3000 	C:\Program Files\Java\jre1.8.0_151\bin\api-ms-win-core-file-l1-2-0.dll
0x0000000004f00000 - 0x0000000004f03000 	C:\Program Files\Java\jre1.8.0_151\bin\api-ms-win-core-file-l2-1-0.dll
0x0000000004f10000 - 0x0000000004f13000 	C:\Program Files\Java\jre1.8.0_151\bin\api-ms-win-core-handle-l1-1-0.dll
0x0000000004f30000 - 0x0000000004f33000 	C:\Program Files\Java\jre1.8.0_151\bin\api-ms-win-core-heap-l1-1-0.dll
0x0000000004f40000 - 0x0000000004f43000 	C:\Program Files\Java\jre1.8.0_151\bin\api-ms-win-core-interlocked-l1-1-0.dll
0x0000000004f50000 - 0x0000000004f53000 	C:\Program Files\Java\jre1.8.0_151\bin\api-ms-win-core-libraryloader-l1-1-0.dll
0x0000000004f60000 - 0x0000000004f63000 	C:\Program Files\Java\jre1.8.0_151\bin\api-ms-win-core-localization-l1-2-0.dll
0x0000000004f70000 - 0x0000000004f73000 	C:\Program Files\Java\jre1.8.0_151\bin\api-ms-win-core-memory-l1-1-0.dll
0x0000000004f80000 - 0x0000000004f83000 	C:\Program Files\Java\jre1.8.0_151\bin\api-ms-win-core-namedpipe-l1-1-0.dll
0x0000000004f90000 - 0x0000000004f93000 	C:\Program Files\Java\jre1.8.0_151\bin\api-ms-win-core-processenvironment-l1-1-0.dll
0x0000000004fa0000 - 0x0000000004fa3000 	C:\Program Files\Java\jre1.8.0_151\bin\api-ms-win-core-processthreads-l1-1-0.dll
0x000000001bda0000 - 0x000000001bda3000 	C:\Program Files\Java\jre1.8.0_151\bin\api-ms-win-core-processthreads-l1-1-1.dll
0x000000001c5b0000 - 0x000000001c5b3000 	C:\Program Files\Java\jre1.8.0_151\bin\api-ms-win-core-profile-l1-1-0.dll
0x000000001c5c0000 - 0x000000001c5c3000 	C:\Program Files\Java\jre1.8.0_151\bin\api-ms-win-core-rtlsupport-l1-1-0.dll
0x000000001c5d0000 - 0x000000001c5d3000 	C:\Program Files\Java\jre1.8.0_151\bin\api-ms-win-core-string-l1-1-0.dll
0x000000001c5e0000 - 0x000000001c5e3000 	C:\Program Files\Java\jre1.8.0_151\bin\api-ms-win-core-synch-l1-1-0.dll
0x000000001c5f0000 - 0x000000001c5f3000 	C:\Program Files\Java\jre1.8.0_151\bin\api-ms-win-core-synch-l1-2-0.dll
0x000000001c600000 - 0x000000001c603000 	C:\Program Files\Java\jre1.8.0_151\bin\api-ms-win-core-sysinfo-l1-1-0.dll
0x000000001c610000 - 0x000000001c613000 	C:\Program Files\Java\jre1.8.0_151\bin\api-ms-win-core-timezone-l1-1-0.dll
0x000000001c620000 - 0x000000001c623000 	C:\Program Files\Java\jre1.8.0_151\bin\api-ms-win-core-util-l1-1-0.dll
0x000000001c630000 - 0x000000001c633000 	C:\Program Files\Java\jre1.8.0_151\bin\api-ms-win-crt-conio-l1-1-0.dll
0x000000001c640000 - 0x000000001c644000 	C:\Program Files\Java\jre1.8.0_151\bin\api-ms-win-crt-convert-l1-1-0.dll
0x000000001c650000 - 0x000000001c653000 	C:\Program Files\Java\jre1.8.0_151\bin\api-ms-win-crt-environment-l1-1-0.dll
0x000000001c660000 - 0x000000001c663000 	C:\Program Files\Java\jre1.8.0_151\bin\api-ms-win-crt-filesystem-l1-1-0.dll
0x000000001c670000 - 0x000000001c673000 	C:\Program Files\Java\jre1.8.0_151\bin\api-ms-win-crt-heap-l1-1-0.dll
0x000000001c680000 - 0x000000001c683000 	C:\Program Files\Java\jre1.8.0_151\bin\api-ms-win-crt-locale-l1-1-0.dll
0x000000001c690000 - 0x000000001c695000 	C:\Program Files\Java\jre1.8.0_151\bin\api-ms-win-crt-math-l1-1-0.dll
0x000000001c6a0000 - 0x000000001c6a5000 	C:\Program Files\Java\jre1.8.0_151\bin\api-ms-win-crt-multibyte-l1-1-0.dll
0x000000001c6b0000 - 0x000000001c6c0000 	C:\Program Files\Java\jre1.8.0_151\bin\api-ms-win-crt-private-l1-1-0.dll
0x000000001c6c0000 - 0x000000001c6c3000 	C:\Program Files\Java\jre1.8.0_151\bin\api-ms-win-crt-process-l1-1-0.dll
0x000000001c6d0000 - 0x000000001c6d4000 	C:\Program Files\Java\jre1.8.0_151\bin\api-ms-win-crt-runtime-l1-1-0.dll
0x000000001c6e0000 - 0x000000001c6e4000 	C:\Program Files\Java\jre1.8.0_151\bin\api-ms-win-crt-stdio-l1-1-0.dll
0x000000001c6f0000 - 0x000000001c6f4000 	C:\Program Files\Java\jre1.8.0_151\bin\api-ms-win-crt-string-l1-1-0.dll
0x000000001c700000 - 0x000000001c703000 	C:\Program Files\Java\jre1.8.0_151\bin\api-ms-win-crt-time-l1-1-0.dll
0x000000001c710000 - 0x000000001c713000 	C:\Program Files\Java\jre1.8.0_151\bin\api-ms-win-crt-utility-l1-1-0.dll
0x00007ff862de0000 - 0x00007ff862ed6000 	C:\Program Files\Java\jre1.8.0_151\bin\ucrtbase.dll
0x00007ff85c030000 - 0x00007ff85c081000 	C:\Program Files\Java\jre1.8.0_151\bin\concrt140.dll
0x00007ff865510000 - 0x00007ff865526000 	C:\Program Files\Java\jre1.8.0_151\bin\VCRUNTIME140.dll
0x00007ff859680000 - 0x00007ff85971c000 	C:\Program Files\Java\jre1.8.0_151\bin\MSVCP140.dll
0x00000000667f0000 - 0x0000000066813000 	C:\Program Files\Java\jre1.8.0_151\bin\prism_d3d.dll
0x00007ff848dc0000 - 0x00007ff848f55000 	C:\WINDOWS\system32\d3d9.dll
0x00007ff86de30000 - 0x00007ff86de5a000 	C:\WINDOWS\SYSTEM32\dwmapi.dll
0x00007ff86dd60000 - 0x00007ff86ddf5000 	C:\WINDOWS\system32\uxtheme.dll
0x00007ff803630000 - 0x00007ff805b6d000 	C:\WINDOWS\SYSTEM32\igdumdim64.dll
0x00007ff8704f0000 - 0x00007ff8705b5000 	C:\WINDOWS\System32\OLEAUT32.dll
0x00007ff870f80000 - 0x00007ff8710c9000 	C:\WINDOWS\System32\ole32.dll
0x00007ff870870000 - 0x00007ff870cbe000 	C:\WINDOWS\System32\SETUPAPI.dll
0x00000000667a0000 - 0x00000000667e9000 	C:\Program Files\Java\jre1.8.0_151\bin\glass.dll
0x00007ff8705c0000 - 0x00007ff8706ca000 	C:\WINDOWS\System32\COMDLG32.dll
0x00007ff872b80000 - 0x00007ff872ce7000 	C:\WINDOWS\System32\MSCTF.dll
0x00007ff85c3c0000 - 0x00007ff85cdff000 	C:\WINDOWS\SYSTEM32\igdusc64.dll
0x0000000066780000 - 0x0000000066794000 	C:\Program Files\Java\jre1.8.0_151\bin\javafx_font.dll
0x00007ff84e800000 - 0x00007ff84eb0f000 	C:\WINDOWS\SYSTEM32\dwrite.dll
0x00000000677e0000 - 0x0000000067804000 	C:\Program Files\Java\jre1.8.0_151\bin\sunec.dll
0x0000000067830000 - 0x000000006784a000 	C:\Program Files\Java\jre1.8.0_151\bin\net.dll
0x00007ff86eaf0000 - 0x00007ff86eb56000 	C:\WINDOWS\system32\mswsock.dll
0x00007ff86e880000 - 0x00007ff86e8b9000 	C:\WINDOWS\SYSTEM32\IPHLPAPI.DLL
0x00007ff872ef0000 - 0x00007ff872ef8000 	C:\WINDOWS\System32\NSI.dll
0x00007ff869370000 - 0x00007ff869386000 	C:\WINDOWS\SYSTEM32\dhcpcsvc6.DLL
0x00007ff869550000 - 0x00007ff86956a000 	C:\WINDOWS\SYSTEM32\dhcpcsvc.DLL
0x0000000067810000 - 0x0000000067821000 	C:\Program Files\Java\jre1.8.0_151\bin\nio.dll
0x00007ff872db0000 - 0x00007ff872e4e000 	C:\WINDOWS\System32\clbcatq.dll
0x00007ff861340000 - 0x00007ff8614eb000 	C:\WINDOWS\SYSTEM32\WindowsCodecs.dll
0x00007ff85df20000 - 0x00007ff85df6f000 	C:\WINDOWS\system32\dataexchange.dll
0x00007ff86d770000 - 0x00007ff86d8b2000 	C:\WINDOWS\system32\dcomp.dll
0x00007ff86c7c0000 - 0x00007ff86caa1000 	C:\WINDOWS\system32\d3d11.dll
0x00007ff86e0e0000 - 0x00007ff86e18f000 	C:\WINDOWS\system32\dxgi.dll
0x00007ff86da60000 - 0x00007ff86dbdb000 	C:\WINDOWS\system32\twinapi.appcore.dll
0x00007ff86dbe0000 - 0x00007ff86dc00000 	C:\WINDOWS\system32\RMCLIENT.dll
0x00007ff86edc0000 - 0x00007ff86ede5000 	C:\WINDOWS\system32\bcrypt.dll
0x00007ff859640000 - 0x00007ff859674000 	C:\Program Files\Common Files\Microsoft Shared\Ink\rtscom.dll
0x00007ff860310000 - 0x00007ff8603a8000 	C:\WINDOWS\System32\TextInputFramework.dll
0x00007ff860020000 - 0x00007ff86030e000 	C:\WINDOWS\System32\CoreUIComponents.dll
0x00007ff86c6e0000 - 0x00007ff86c7bc000 	C:\WINDOWS\System32\CoreMessaging.dll
0x00007ff86e3d0000 - 0x00007ff86e401000 	C:\WINDOWS\SYSTEM32\ntmarta.dll
0x00007ff86bc80000 - 0x00007ff86bdb6000 	C:\WINDOWS\SYSTEM32\wintypes.dll
0x0000000068200000 - 0x0000000068223000 	C:\Program Files\Java\jre1.8.0_151\bin\javafx_iio.dll
0x00000000681e0000 - 0x00000000681f2000 	C:\Program Files\Java\jre1.8.0_151\bin\prism_common.dll
0x00007ff868cf0000 - 0x00007ff868eb8000 	C:\WINDOWS\SYSTEM32\dbghelp.dll

VM Arguments:
jvm_args: -Dfile.encoding=UTF-8 
java_command: com.jeeves.vpl.Main
java_class_path (initial): C:\Program Files\Java\jre1.8.0_151\lib\resources.jar;C:\Program Files\Java\jre1.8.0_151\lib\rt.jar;C:\Program Files\Java\jre1.8.0_151\lib\jsse.jar;C:\Program Files\Java\jre1.8.0_151\lib\jce.jar;C:\Program Files\Java\jre1.8.0_151\lib\charsets.jar;C:\Program Files\Java\jre1.8.0_151\lib\jfr.jar;C:\Program Files\Java\jre1.8.0_151\lib\ext\access-bridge-64.jar;C:\Program Files\Java\jre1.8.0_151\lib\ext\cldrdata.jar;C:\Program Files\Java\jre1.8.0_151\lib\ext\dnsns.jar;C:\Program Files\Java\jre1.8.0_151\lib\ext\dns_sd.jar;C:\Program Files\Java\jre1.8.0_151\lib\ext\jaccess.jar;C:\Program Files\Java\jre1.8.0_151\lib\ext\jfxrt.jar;C:\Program Files\Java\jre1.8.0_151\lib\ext\localedata.jar;C:\Program Files\Java\jre1.8.0_151\lib\ext\nashorn.jar;C:\Program Files\Java\jre1.8.0_151\lib\ext\sunec.jar;C:\Program Files\Java\jre1.8.0_151\lib\ext\sunjce_provider.jar;C:\Program Files\Java\jre1.8.0_151\lib\ext\sunmscapi.jar;C:\Program Files\Java\jre1.8.0_151\lib\ext\sunpkcs11.jar;C:\Program Files\Java\jre1.8.0_151\lib\ext\zipfs.jar;C:\Users\Cath\Documents\workspace\Jeeves\target\classes;C:\Users\Cath\Documents\workspace\Jeeves\poi-3.15.jar;C:\Users\Cath\Documents\workspace\Jeeves\commons-lang3-3.5.jar;C:\Users\Cath\Documents\workspace\Jeeves\controlsfx-8.40.12.jar;C:\Users\Cath\.m2\repository\commons-codec\commons-codec\1.9\commons-codec-1.9.jar;C:\Users\Cath\.m2\repository\commons-validator\commons-validator\1.4.1\commons-validator-1.4.1.jar;C:\Users\Cath\.m2\repository\commons-beanutils\commons-beanutils\1.8.3\commons-beanutils-1.8.3.jar;C:\Users\Cath\.m2\repository\commons-digester\commons-digester\1.8.1\commons-digester-1.8.1.jar;C:\Users\Cath\.m2\repository\commons-logging\commons-logging\1.2\commons-logging-1.2.jar;C:\Users\Cath\.m2\repository\commons-collections\commons-collections\3.2.1\commons-collections-3.2.1.jar;C:\Users\Cath\.m2\repository\org\apache\shiro\shiro-core\1.3.2\shiro-core-1.3.2.jar;C:\Users\Cath\.m2\repository\org\slf4j\slf4j-api\1.6.4\
Launcher Type: SUN_STANDARD

Environment Variables:
JAVA_HOME=C:\Program Files\Java\jdk1.8.0_151
PATH=C:/Program Files/Java/jre1.8.0_151/bin/server;C:/Program Files/Java/jre1.8.0_151/bin;C:/Program Files/Java/jre1.8.0_151/lib/amd64;C:\ProgramData\Oracle\Java\javapath;C:\WINDOWS\system32;C:\WINDOWS;C:\WINDOWS\System32\Wbem;C:\WINDOWS\System32\WindowsPowerShell\v1.0\;C:\Program Files\Git\cmd;C:\Program Files\Java\jdk1.8.0_151\bin;C:\Users\Cath\AppData\Local\Microsoft\WindowsApps;C:\MinGW\bin;C:\MinGW\msys\1.0\bin;;C:\Users\Cath\Desktop;
USERNAME=Cath
OS=Windows_NT
PROCESSOR_IDENTIFIER=Intel64 Family 6 Model 69 Stepping 1, GenuineIntel



---------------  S Y S T E M  ---------------

OS: Windows 10.0 , 64 bit Build 16299 (10.0.16299.15)

CPU:total 4 (initial active 4) (2 cores per cpu, 2 threads per core) family 6 model 69 stepping 1, cmov, cx8, fxsr, mmx, sse, sse2, sse3, ssse3, sse4.1, sse4.2, popcnt, avx, avx2, aes, clmul, erms, lzcnt, ht, tsc, tscinvbit, bmi1, bmi2

Memory: 4k page, physical 8317080k(1647456k free), swap 15691020k(2582936k free)

vm_info: Java HotSpot(TM) 64-Bit Server VM (25.151-b12) for windows-amd64 JRE (1.8.0_151-b12), built on Sep  5 2017 19:33:46 by "java_re" with MS VC++ 10.0 (VS2010)

time: Thu Jan 11 18:50:13 2018
elapsed time: 6 seconds (0d 0h 0m 6s)

