#
# A fatal error has been detected by the Java Runtime Environment:
#
#  EXCEPTION_ACCESS_VIOLATION (0xc0000005) at pc=0x00000000726c584a, pid=11916, tid=0x0000000000002888
#
# JRE version: Java(TM) SE Runtime Environment (8.0_121-b13) (build 1.8.0_121-b13)
# Java VM: Java HotSpot(TM) 64-Bit Server VM (25.121-b13 mixed mode windows-amd64 compressed oops)
# Problematic frame:
# C  [glass.dll+0x2584a]
#
# Failed to write core dump. Minidumps are not enabled by default on client versions of Windows
#
# If you would like to submit a bug report, please visit:
#   http://bugreport.java.com/bugreport/crash.jsp
#

---------------  T H R E A D  ---------------

Current thread (0x0000000017738000):  VMThread [stack: 0x00000000187d0000,0x00000000188d0000] [id=10376]

siginfo: ExceptionCode=0xc0000005, reading address 0x0000000000000000

Registers:
RAX=0x0000000000000000, RBX=0x00000000199bbd50, RCX=0x0000000017738000, RDX=0x00000000199bbd50
RSP=0x00000000188cf310, RBP=0x0000000000c94490, RSI=0x0000000000000001, RDI=0x0000000000000000
R8 =0x0000000000010002, R9 =0x0000000000c94490, R10=0x0000000000000000, R11=0x0000000000000246
R12=0x0000000000c944c0, R13=0x0000000000c94490, R14=0x0000000000c944a0, R15=0x0000000000000000
RIP=0x00000000726c584a, EFLAGS=0x0000000000010202

Top of Stack: (sp=0x00000000188cf310)
0x00000000188cf310:   0000000000000000 00000000726c5900
0x00000000188cf320:   0000000000000000 0000000000c94490
0x00000000188cf330:   00000000726c5830 00000000726c3224
0x00000000188cf340:   00000000726d91b0 00000000c869d2a4
0x00000000188cf350:   0000000017645400 00007ffbee1c5aa2
0x00000000188cf360:   00000000726c3384 00000000726a0000
0x00000000188cf370:   00007ffbf1c031b0 00000000726c34a6
0x00000000188cf380:   0000000000000001 0000000017645400
0x00000000188cf390:   0000000000000000 0000000000000000
0x00000000188cf3a0:   c000000500000001 00000000188ce490
0x00000000188cf3b0:   00000000726c3384 00007ffbf1ada35f
0x00000000188cf3c0:   0000000000000000 0000000000000001
0x00000000188cf3d0:   00000000726a0000 0000000000000000
0x00000000188cf3e0:   00009a4169ebf664 0000000000c771b0
0x00000000188cf3f0:   00007ffbf0f64200 0000000001132600
0x00000000188cf400:   0000000001132600 0000000000c7b3e0 

Instructions: (pc=0x00000000726c584a)
0x00000000726c582a:   83 c4 20 5d c3 cc 40 53 48 83 ec 20 48 8b 1d cb
0x00000000726c583a:   5b 01 00 48 85 db 74 1a e8 19 93 ff ff 48 8b d3
0x00000000726c584a:   4c 8b 00 48 8b c8 48 83 c4 20 5b 49 ff a0 b0 00
0x00000000726c585a:   00 00 48 83 c4 20 5b c3 cc cc cc cc cc cc cc cc 


Register to memory mapping:

RAX=0x0000000000000000 is an unknown value
RBX=0x00000000199bbd50 is a global jni handle
RCX=0x0000000017738000 is an unknown value
RDX=0x00000000199bbd50 is a global jni handle
RSP=0x00000000188cf310 is an unknown value
RBP=0x0000000000c94490 is an unknown value
RSI=0x0000000000000001 is an unknown value
RDI=0x0000000000000000 is an unknown value
R8 =0x0000000000010002 is an unknown value
R9 =0x0000000000c94490 is an unknown value
R10=0x0000000000000000 is an unknown value
R11=0x0000000000000246 is an unknown value
R12=0x0000000000c944c0 is an unknown value
R13=0x0000000000c94490 is an unknown value
R14=0x0000000000c944a0 is an unknown value
R15=0x0000000000000000 is an unknown value


Stack: [0x00000000187d0000,0x00000000188d0000],  sp=0x00000000188cf310,  free space=1020k
Native frames: (J=compiled Java code, j=interpreted, Vv=VM code, C=native code)
C  [glass.dll+0x2584a]
C  [glass.dll+0x23224]
C  [glass.dll+0x234a6]
C  [ntdll.dll+0x2a35f]
C  [ntdll.dll+0x806b]
C  [ntdll.dll+0x7d94]
C  [KERNEL32.DLL+0x1ce6a]
C  [msvcr100.dll+0x20ccd]
V  [jvm.dll+0x212cb5]
V  [jvm.dll+0x24bd17]
V  [jvm.dll+0x24afb6]
V  [jvm.dll+0x24b451]
V  [jvm.dll+0x24b66e]
V  [jvm.dll+0x29c69a]
C  [msvcr100.dll+0x21d9f]
C  [msvcr100.dll+0x21e3b]
C  [KERNEL32.DLL+0x8364]
C  [ntdll.dll+0x670d1]

VM_Operation (0x000000001a27a870): Exit, mode: safepoint, requested by thread 0x00000000196d1000


---------------  P R O C E S S  ---------------

Java Threads: ( => current thread )
  0x0000000019c14000 JavaThread "Prism Font Disposer" daemon [_thread_blocked, id=15012, stack(0x0000000020580000,0x0000000020680000)]
  0x00000000197bc800 JavaThread "JavaFX-Launcher" [_thread_blocked, id=12228, stack(0x000000001e910000,0x000000001ea10000)]
  0x00000000197b6000 JavaThread "Thread-2" daemon [_thread_in_native, id=12916, stack(0x000000001e810000,0x000000001e910000)]
  0x00000000196d1000 JavaThread "JavaFX Application Thread" [_thread_blocked, id=7704, stack(0x000000001a180000,0x000000001a280000)]
  0x00000000194b6000 JavaThread "Thread-1" daemon [_thread_blocked, id=2592, stack(0x000000001a080000,0x000000001a180000)]
  0x000000001949b800 JavaThread "QuantumRenderer-0" daemon [_thread_blocked, id=11160, stack(0x0000000019ec0000,0x0000000019fc0000)]
  0x00000000177cd800 JavaThread "Service Thread" daemon [_thread_blocked, id=3544, stack(0x00000000194c0000,0x00000000195c0000)]
  0x0000000017778800 JavaThread "C1 CompilerThread2" daemon [_thread_blocked, id=13444, stack(0x0000000018fc0000,0x00000000190c0000)]
  0x0000000017773000 JavaThread "C2 CompilerThread1" daemon [_thread_blocked, id=3284, stack(0x0000000018ec0000,0x0000000018fc0000)]
  0x0000000017770800 JavaThread "C2 CompilerThread0" daemon [_thread_blocked, id=14256, stack(0x0000000018dc0000,0x0000000018ec0000)]
  0x000000001776f000 JavaThread "Attach Listener" daemon [_thread_blocked, id=7928, stack(0x0000000018cc0000,0x0000000018dc0000)]
  0x000000001775a800 JavaThread "Finalizer" daemon [_thread_blocked, id=6352, stack(0x00000000189d0000,0x0000000018ad0000)]
  0x0000000002bd1800 JavaThread "Reference Handler" daemon [_thread_blocked, id=12196, stack(0x00000000188d0000,0x00000000189d0000)]
  0x000000000113e800 JavaThread "main" [_thread_blocked, id=12924, stack(0x0000000002900000,0x0000000002a00000)]

Other Threads:
=>0x0000000017738000 VMThread [stack: 0x00000000187d0000,0x00000000188d0000] [id=10376]

VM state:at safepoint (shutting down)

VM Mutex/Monitor currently owned by a thread:  ([mutex/lock_event])
[0x0000000002ae0fd0] Threads_lock - owner thread: 0x0000000017738000

Heap:
 PSYoungGen      total 80384K, used 55635K [0x00000000d5b00000, 0x00000000db800000, 0x0000000100000000)
  eden space 66560K, 83% used [0x00000000d5b00000,0x00000000d9154d78,0x00000000d9c00000)
  from space 13824K, 0% used [0x00000000daa80000,0x00000000daa80000,0x00000000db800000)
  to   space 14336K, 0% used [0x00000000d9c00000,0x00000000d9c00000,0x00000000daa00000)
 ParOldGen       total 73216K, used 18325K [0x0000000081000000, 0x0000000085780000, 0x00000000d5b00000)
  object space 73216K, 25% used [0x0000000081000000,0x00000000821e5628,0x0000000085780000)
 Metaspace       used 25517K, capacity 27490K, committed 27648K, reserved 1073152K
  class space    used 3698K, capacity 4024K, committed 4096K, reserved 1048576K

Card table byte_map: [0x0000000011fa0000,0x00000000123a0000] byte_map_base: 0x0000000011b98000

Marking Bits: (ParMarkBitMap*) 0x00000000730eb6d0
 Begin Bits: [0x0000000012a50000, 0x0000000014a10000)
 End Bits:   [0x0000000014a10000, 0x00000000169d0000)

Polling page: 0x00000000010f0000

CodeCache: size=245760Kb used=12420Kb max_used=12624Kb free=233339Kb
 bounds [0x0000000002be0000, 0x0000000003850000, 0x0000000011be0000]
 total_blobs=4892 nmethods=4184 adapters=619
 compilation: enabled

Compilation events (10 events):
Event: 15.641 Thread 0x0000000017778800 4461       3       com.sun.javafx.event.CompositeEventDispatcher::dispatchBubblingEvent (35 bytes)
Event: 15.642 Thread 0x0000000017778800 nmethod 4461 0x0000000002e52bd0 code [0x0000000002e52d60, 0x0000000002e53278]
Event: 15.642 Thread 0x0000000017778800 4462       3       com.sun.javafx.event.EventHandlerManager::dispatchBubblingEvent (23 bytes)
Event: 15.644 Thread 0x0000000017778800 nmethod 4462 0x0000000002e51cd0 code [0x0000000002e51ea0, 0x0000000002e52828]
Event: 15.644 Thread 0x0000000017773000 4463       4       java.util.ArrayList$Itr::next (66 bytes)
Event: 15.645 Thread 0x0000000017770800 4464       4       java.util.ArrayList::rangeCheck (22 bytes)
Event: 15.646 Thread 0x0000000017770800 nmethod 4464 0x0000000002e0e7d0 code [0x0000000002e0e900, 0x0000000002e0e978]
Event: 15.649 Thread 0x0000000017773000 nmethod 4463 0x0000000002e51910 code [0x0000000002e51a60, 0x0000000002e51b78]
Event: 15.652 Thread 0x0000000017778800 4465       1       java.util.logging.Logger::getName (5 bytes)
Event: 15.652 Thread 0x0000000017778800 nmethod 4465 0x0000000002cf17d0 code [0x0000000002cf1920, 0x0000000002cf1a30]

GC Heap History (10 events):
Event: 3.565 GC heap before
{Heap before GC invocations=3 (full 0):
 PSYoungGen      total 38400K, used 38384K [0x00000000d5b00000, 0x00000000d8580000, 0x0000000100000000)
  eden space 33280K, 100% used [0x00000000d5b00000,0x00000000d7b80000,0x00000000d7b80000)
  from space 5120K, 99% used [0x00000000d8080000,0x00000000d857c0b0,0x00000000d8580000)
  to   space 5120K, 0% used [0x00000000d7b80000,0x00000000d7b80000,0x00000000d8080000)
 ParOldGen       total 87552K, used 10645K [0x0000000081000000, 0x0000000086580000, 0x00000000d5b00000)
  object space 87552K, 12% used [0x0000000081000000,0x0000000081a65690,0x0000000086580000)
 Metaspace       used 19021K, capacity 19976K, committed 20096K, reserved 1067008K
  class space    used 2683K, capacity 2877K, committed 2944K, reserved 1048576K
Event: 3.571 GC heap after
Heap after GC invocations=3 (full 0):
 PSYoungGen      total 38400K, used 5104K [0x00000000d5b00000, 0x00000000d8580000, 0x0000000100000000)
  eden space 33280K, 0% used [0x00000000d5b00000,0x00000000d5b00000,0x00000000d7b80000)
  from space 5120K, 99% used [0x00000000d7b80000,0x00000000d807c040,0x00000000d8080000)
  to   space 5120K, 0% used [0x00000000d8080000,0x00000000d8080000,0x00000000d8580000)
 ParOldGen       total 87552K, used 12208K [0x0000000081000000, 0x0000000086580000, 0x00000000d5b00000)
  object space 87552K, 13% used [0x0000000081000000,0x0000000081bec388,0x0000000086580000)
 Metaspace       used 19021K, capacity 19976K, committed 20096K, reserved 1067008K
  class space    used 2683K, capacity 2877K, committed 2944K, reserved 1048576K
}
Event: 4.032 GC heap before
{Heap before GC invocations=4 (full 0):
 PSYoungGen      total 38400K, used 38384K [0x00000000d5b00000, 0x00000000d8580000, 0x0000000100000000)
  eden space 33280K, 100% used [0x00000000d5b00000,0x00000000d7b80000,0x00000000d7b80000)
  from space 5120K, 99% used [0x00000000d7b80000,0x00000000d807c040,0x00000000d8080000)
  to   space 5120K, 0% used [0x00000000d8080000,0x00000000d8080000,0x00000000d8580000)
 ParOldGen       total 87552K, used 12208K [0x0000000081000000, 0x0000000086580000, 0x00000000d5b00000)
  object space 87552K, 13% used [0x0000000081000000,0x0000000081bec388,0x0000000086580000)
 Metaspace       used 19670K, capacity 20686K, committed 20736K, reserved 1067008K
  class space    used 2812K, capacity 3038K, committed 3072K, reserved 1048576K
Event: 4.046 GC heap after
Heap after GC invocations=4 (full 0):
 PSYoungGen      total 38400K, used 5088K [0x00000000d5b00000, 0x00000000da600000, 0x0000000100000000)
  eden space 33280K, 0% used [0x00000000d5b00000,0x00000000d5b00000,0x00000000d7b80000)
  from space 5120K, 99% used [0x00000000d8080000,0x00000000d8578050,0x00000000d8580000)
  to   space 5120K, 0% used [0x00000000d7b80000,0x00000000d7b80000,0x00000000d8080000)
 ParOldGen       total 87552K, used 13541K [0x0000000081000000, 0x0000000086580000, 0x00000000d5b00000)
  object space 87552K, 15% used [0x0000000081000000,0x0000000081d397e8,0x0000000086580000)
 Metaspace       used 19670K, capacity 20686K, committed 20736K, reserved 1067008K
  class space    used 2812K, capacity 3038K, committed 3072K, reserved 1048576K
}
Event: 4.240 GC heap before
{Heap before GC invocations=5 (full 0):
 PSYoungGen      total 38400K, used 38368K [0x00000000d5b00000, 0x00000000da600000, 0x0000000100000000)
  eden space 33280K, 100% used [0x00000000d5b00000,0x00000000d7b80000,0x00000000d7b80000)
  from space 5120K, 99% used [0x00000000d8080000,0x00000000d8578050,0x00000000d8580000)
  to   space 5120K, 0% used [0x00000000d7b80000,0x00000000d7b80000,0x00000000d8080000)
 ParOldGen       total 87552K, used 13541K [0x0000000081000000, 0x0000000086580000, 0x00000000d5b00000)
  object space 87552K, 15% used [0x0000000081000000,0x0000000081d397e8,0x0000000086580000)
 Metaspace       used 19811K, capacity 20890K, committed 20992K, reserved 1067008K
  class space    used 2818K, capacity 3048K, committed 3072K, reserved 1048576K
Event: 4.250 GC heap after
Heap after GC invocations=5 (full 0):
 PSYoungGen      total 38400K, used 5088K [0x00000000d5b00000, 0x00000000db900000, 0x0000000100000000)
  eden space 33280K, 0% used [0x00000000d5b00000,0x00000000d5b00000,0x00000000d7b80000)
  from space 5120K, 99% used [0x00000000d7b80000,0x00000000d8078050,0x00000000d8080000)
  to   space 14848K, 0% used [0x00000000daa80000,0x00000000daa80000,0x00000000db900000)
 ParOldGen       total 87552K, used 14762K [0x0000000081000000, 0x0000000086580000, 0x00000000d5b00000)
  object space 87552K, 16% used [0x0000000081000000,0x0000000081e6aad8,0x0000000086580000)
 Metaspace       used 19811K, capacity 20890K, committed 20992K, reserved 1067008K
  class space    used 2818K, capacity 3048K, committed 3072K, reserved 1048576K
}
Event: 4.529 GC heap before
{Heap before GC invocations=6 (full 0):
 PSYoungGen      total 38400K, used 18663K [0x00000000d5b00000, 0x00000000db900000, 0x0000000100000000)
  eden space 33280K, 40% used [0x00000000d5b00000,0x00000000d6841ee8,0x00000000d7b80000)
  from space 5120K, 99% used [0x00000000d7b80000,0x00000000d8078050,0x00000000d8080000)
  to   space 14848K, 0% used [0x00000000daa80000,0x00000000daa80000,0x00000000db900000)
 ParOldGen       total 87552K, used 14762K [0x0000000081000000, 0x0000000086580000, 0x00000000d5b00000)
  object space 87552K, 16% used [0x0000000081000000,0x0000000081e6aad8,0x0000000086580000)
 Metaspace       used 20136K, capacity 21208K, committed 21296K, reserved 1067008K
  class space    used 2867K, capacity 3125K, committed 3200K, reserved 1048576K
Event: 4.537 GC heap after
Heap after GC invocations=6 (full 0):
 PSYoungGen      total 80384K, used 5680K [0x00000000d5b00000, 0x00000000db800000, 0x0000000100000000)
  eden space 66560K, 0% used [0x00000000d5b00000,0x00000000d5b00000,0x00000000d9c00000)
  from space 13824K, 41% used [0x00000000daa80000,0x00000000db00c040,0x00000000db800000)
  to   space 14336K, 0% used [0x00000000d9c00000,0x00000000d9c00000,0x00000000daa00000)
 ParOldGen       total 87552K, used 14762K [0x0000000081000000, 0x0000000086580000, 0x00000000d5b00000)
  object space 87552K, 16% used [0x0000000081000000,0x0000000081e6aad8,0x0000000086580000)
 Metaspace       used 20136K, capacity 21208K, committed 21296K, reserved 1067008K
  class space    used 2867K, capacity 3125K, committed 3200K, reserved 1048576K
}
Event: 4.537 GC heap before
{Heap before GC invocations=7 (full 1):
 PSYoungGen      total 80384K, used 5680K [0x00000000d5b00000, 0x00000000db800000, 0x0000000100000000)
  eden space 66560K, 0% used [0x00000000d5b00000,0x00000000d5b00000,0x00000000d9c00000)
  from space 13824K, 41% used [0x00000000daa80000,0x00000000db00c040,0x00000000db800000)
  to   space 14336K, 0% used [0x00000000d9c00000,0x00000000d9c00000,0x00000000daa00000)
 ParOldGen       total 87552K, used 14762K [0x0000000081000000, 0x0000000086580000, 0x00000000d5b00000)
  object space 87552K, 16% used [0x0000000081000000,0x0000000081e6aad8,0x0000000086580000)
 Metaspace       used 20136K, capacity 21208K, committed 21296K, reserved 1067008K
  class space    used 2867K, capacity 3125K, committed 3200K, reserved 1048576K
Event: 4.591 GC heap after
Heap after GC invocations=7 (full 1):
 PSYoungGen      total 80384K, used 0K [0x00000000d5b00000, 0x00000000db800000, 0x0000000100000000)
  eden space 66560K, 0% used [0x00000000d5b00000,0x00000000d5b00000,0x00000000d9c00000)
  from space 13824K, 0% used [0x00000000daa80000,0x00000000daa80000,0x00000000db800000)
  to   space 14336K, 0% used [0x00000000d9c00000,0x00000000d9c00000,0x00000000daa00000)
 ParOldGen       total 73216K, used 18325K [0x0000000081000000, 0x0000000085780000, 0x00000000d5b00000)
  object space 73216K, 25% used [0x0000000081000000,0x00000000821e5628,0x0000000085780000)
 Metaspace       used 20136K, capacity 21208K, committed 21296K, reserved 1067008K
  class space    used 2867K, capacity 3125K, committed 3200K, reserved 1048576K
}

Deoptimization events (10 events):
Event: 5.591 Thread 0x000000001949b800 Uncommon trap: reason=unstable_if action=reinterpret pc=0x00000000033ea108 method=java.lang.Class.arrayContentsEq([Ljava/lang/Object;[Ljava/lang/Object;)Z @ 1
Event: 5.628 Thread 0x000000001949b800 Uncommon trap: reason=unstable_if action=reinterpret pc=0x00000000033b8ba0 method=java.lang.Class.arrayContentsEq([Ljava/lang/Object;[Ljava/lang/Object;)Z @ 1
Event: 5.696 Thread 0x000000001949b800 Uncommon trap: reason=class_check action=maybe_recompile pc=0x000000000375d228 method=java.util.WeakHashMap.eq(Ljava/lang/Object;Ljava/lang/Object;)Z @ 7
Event: 5.696 Thread 0x000000001949b800 Uncommon trap: reason=class_check action=maybe_recompile pc=0x000000000375d228 method=java.util.WeakHashMap.eq(Ljava/lang/Object;Ljava/lang/Object;)Z @ 7
Event: 5.707 Thread 0x000000001949b800 Uncommon trap: reason=class_check action=maybe_recompile pc=0x000000000375d228 method=java.util.WeakHashMap.eq(Ljava/lang/Object;Ljava/lang/Object;)Z @ 7
Event: 5.708 Thread 0x000000001949b800 Uncommon trap: reason=class_check action=maybe_recompile pc=0x000000000375d228 method=java.util.WeakHashMap.eq(Ljava/lang/Object;Ljava/lang/Object;)Z @ 7
Event: 5.831 Thread 0x00000000196d1000 Uncommon trap: reason=unstable_if action=reinterpret pc=0x00000000037164fc method=javafx.scene.CssStyleHelper.lookup(Ljavafx/css/Styleable;Ljavafx/css/CssMetaData;Lcom/sun/javafx/css/StyleMap;Ljava/util/Set;Ljavafx/css/Styleable;Lcom/sun/javafx/css/Calcul
Event: 5.839 Thread 0x00000000196d1000 Uncommon trap: reason=unstable_if action=reinterpret pc=0x0000000002dd29c0 method=java.lang.CharacterData.of(I)Ljava/lang/CharacterData; @ 4
Event: 5.870 Thread 0x00000000196d1000 Uncommon trap: reason=unstable_if action=reinterpret pc=0x0000000003343044 method=java.util.EnumMap.isValidKey(Ljava/lang/Object;)Z @ 16
Event: 5.899 Thread 0x00000000196d1000 Uncommon trap: reason=unstable_if action=reinterpret pc=0x0000000002fd02e8 method=jdk.internal.org.objectweb.asm.Type.getArgumentsAndReturnSizes(Ljava/lang/String;)I @ 47

Internal exceptions (10 events):
Event: 1.969 Thread 0x00000000196d1000 Exception <a 'java/io/FileNotFoundException'> (0x00000000d69bc6f8) thrown at [C:\re\workspace\8-2-build-windows-amd64-cygwin\jdk8u121\8372\hotspot\src\share\vm\prims\jni.cpp, line 709]
Event: 2.494 Thread 0x00000000196d1000 Implicit null exception at 0x0000000002f50877 to 0x0000000002f51359
Event: 2.779 Thread 0x00000000196d1000 Implicit null exception at 0x0000000002f55b9b to 0x0000000002f56569
Event: 2.784 Thread 0x00000000196d1000 Implicit null exception at 0x0000000002f5f19b to 0x0000000002f5fb69
Event: 2.950 Thread 0x00000000196d1000 Implicit null exception at 0x0000000002e4bad7 to 0x0000000002e4bebd
Event: 3.391 Thread 0x00000000196d1000 Implicit null exception at 0x0000000002ef02f5 to 0x0000000002ef0511
Event: 3.391 Thread 0x00000000196d1000 Implicit null exception at 0x0000000002ff5758 to 0x0000000002ff57e6
Event: 5.591 Thread 0x000000001949b800 Implicit null exception at 0x00000000033e6f11 to 0x00000000033ea099
Event: 5.628 Thread 0x000000001949b800 Implicit null exception at 0x00000000033b56e4 to 0x00000000033b8b2d
Event: 15.654 Thread 0x0000000022e96800 Exception <a 'java/lang/IllegalStateException'> (0x00000000d900e420) thrown at [C:\re\workspace\8-2-build-windows-amd64-cygwin\jdk8u121\8372\hotspot\src\share\vm\prims\jvm.cpp, line 1394]

Events (10 events):
Event: 15.651 Thread 0x0000000022e96800 Thread added: 0x0000000022e96800
Event: 15.651 Thread 0x000000001995b800 Thread added: 0x000000001995b800
Event: 15.652 loading class com/sun/javafx/tk/quantum/QuantumRenderer
Event: 15.652 loading class com/sun/javafx/tk/quantum/QuantumRenderer done
Event: 15.652 Thread 0x000000001995b800 Thread exited: 0x000000001995b800
Event: 15.653 loading class com/sun/javafx/tk/quantum/QuantumToolkit
Event: 15.653 loading class com/sun/javafx/tk/quantum/QuantumToolkit done
Event: 15.654 Thread 0x0000000022e96800 Thread exited: 0x0000000022e96800
Event: 15.654 Executing VM operation: Exit
Event: 15.654 Thread 0x000000001776e000 Thread exited: 0x000000001776e000


Dynamic libraries:
0x00007ff7f91c0000 - 0x00007ff7f91f7000 	C:\Program Files\Java\jdk1.8.0_121\bin\javaw.exe
0x00007ffbf1ab0000 - 0x00007ffbf1c81000 	C:\WINDOWS\SYSTEM32\ntdll.dll
0x00007ffbf1320000 - 0x00007ffbf13cc000 	C:\WINDOWS\System32\KERNEL32.DLL
0x00007ffbee1a0000 - 0x00007ffbee3bd000 	C:\WINDOWS\System32\KERNELBASE.dll
0x00007ffbf1270000 - 0x00007ffbf1312000 	C:\WINDOWS\System32\ADVAPI32.dll
0x00007ffbf1090000 - 0x00007ffbf112e000 	C:\WINDOWS\System32\msvcrt.dll
0x00007ffbf0750000 - 0x00007ffbf07a9000 	C:\WINDOWS\System32\sechost.dll
0x00007ffbf17f0000 - 0x00007ffbf1911000 	C:\WINDOWS\System32\RPCRT4.dll
0x00007ffbf0d70000 - 0x00007ffbf0ed5000 	C:\WINDOWS\System32\USER32.dll
0x00007ffbeef10000 - 0x00007ffbeef2e000 	C:\WINDOWS\System32\win32u.dll
0x00007ffbf0ee0000 - 0x00007ffbf0f14000 	C:\WINDOWS\System32\GDI32.dll
0x00007ffbee470000 - 0x00007ffbee5f0000 	C:\WINDOWS\System32\gdi32full.dll
0x00007ffbe8b90000 - 0x00007ffbe8e0a000 	C:\WINDOWS\WinSxS\amd64_microsoft.windows.common-controls_6595b64144ccf1df_6.0.14393.953_none_42151e83c686086b\COMCTL32.dll
0x00007ffbf14c0000 - 0x00007ffbf1788000 	C:\WINDOWS\System32\combase.dll
0x00007ffbedfb0000 - 0x00007ffbee0a5000 	C:\WINDOWS\System32\ucrtbase.dll
0x00007ffbee5f0000 - 0x00007ffbee65a000 	C:\WINDOWS\System32\bcryptPrimitives.dll
0x00007ffbf1490000 - 0x00007ffbf14be000 	C:\WINDOWS\System32\IMM32.DLL
0x0000000072720000 - 0x00000000727f2000 	C:\Program Files\Java\jdk1.8.0_121\jre\bin\msvcr100.dll
0x00000000728d0000 - 0x000000007316b000 	C:\Program Files\Java\jdk1.8.0_121\jre\bin\server\jvm.dll
0x00007ffbf0920000 - 0x00007ffbf0928000 	C:\WINDOWS\System32\PSAPI.DLL
0x00007ffbeac40000 - 0x00007ffbeac4a000 	C:\WINDOWS\SYSTEM32\VERSION.dll
0x00007ffbdf560000 - 0x00007ffbdf569000 	C:\WINDOWS\SYSTEM32\WSOCK32.dll
0x00007ffbec3d0000 - 0x00007ffbec3f3000 	C:\WINDOWS\SYSTEM32\WINMM.dll
0x00007ffbec370000 - 0x00007ffbec39b000 	C:\WINDOWS\SYSTEM32\WINMMBASE.dll
0x00007ffbee150000 - 0x00007ffbee192000 	C:\WINDOWS\System32\cfgmgr32.dll
0x00007ffbf07b0000 - 0x00007ffbf081a000 	C:\WINDOWS\System32\WS2_32.dll
0x00000000728c0000 - 0x00000000728cf000 	C:\Program Files\Java\jdk1.8.0_121\jre\bin\verify.dll
0x0000000072890000 - 0x00000000728b9000 	C:\Program Files\Java\jdk1.8.0_121\jre\bin\java.dll
0x0000000072870000 - 0x0000000072886000 	C:\Program Files\Java\jdk1.8.0_121\jre\bin\zip.dll
0x00007ffbef040000 - 0x00007ffbf0548000 	C:\WINDOWS\System32\SHELL32.dll
0x00007ffbee830000 - 0x00007ffbeef0a000 	C:\WINDOWS\System32\windows.storage.dll
0x00007ffbedf20000 - 0x00007ffbedf6c000 	C:\WINDOWS\System32\powrprof.dll
0x00007ffbf1a50000 - 0x00007ffbf1aa2000 	C:\WINDOWS\System32\shlwapi.dll
0x00007ffbedfa0000 - 0x00007ffbedfaf000 	C:\WINDOWS\System32\kernel.appcore.dll
0x00007ffbee3c0000 - 0x00007ffbee469000 	C:\WINDOWS\System32\shcore.dll
0x00007ffbedf70000 - 0x00007ffbedf84000 	C:\WINDOWS\System32\profapi.dll
0x00007ffbdc070000 - 0x00007ffbdc15f000 	C:\Program Files\Java\jdk1.8.0_121\jre\bin\msvcr120.dll
0x00007ffbc7d50000 - 0x00007ffbc7df6000 	C:\Program Files\Java\jdk1.8.0_121\jre\bin\msvcp120.dll
0x00000000726f0000 - 0x0000000072712000 	C:\Program Files\Java\jdk1.8.0_121\jre\bin\prism_d3d.dll
0x00007ffbbf0f0000 - 0x00007ffbbf27d000 	C:\WINDOWS\system32\d3d9.dll
0x00007ffbebbf0000 - 0x00007ffbebc16000 	C:\WINDOWS\SYSTEM32\dwmapi.dll
0x00007ffbec6a0000 - 0x00007ffbec735000 	C:\WINDOWS\system32\uxtheme.dll
0x00007ffbf13d0000 - 0x00007ffbf148f000 	C:\WINDOWS\System32\OLEAUT32.dll
0x00007ffbee0b0000 - 0x00007ffbee14c000 	C:\WINDOWS\System32\msvcp_win.dll
0x00007ffbf1130000 - 0x00007ffbf1268000 	C:\WINDOWS\System32\ole32.dll
0x00000000726a0000 - 0x00000000726e3000 	C:\Program Files\Java\jdk1.8.0_121\jre\bin\glass.dll
0x00007ffbf0820000 - 0x00007ffbf091a000 	C:\WINDOWS\System32\COMDLG32.dll
0x00007ffbf0f20000 - 0x00007ffbf107a000 	C:\WINDOWS\System32\MSCTF.dll
0x0000000072680000 - 0x0000000072694000 	C:\Program Files\Java\jdk1.8.0_121\jre\bin\javafx_font.dll
0x00007ffbce2e0000 - 0x00007ffbce549000 	C:\WINDOWS\SYSTEM32\dwrite.dll
0x0000000072800000 - 0x0000000072824000 	C:\Program Files\Java\jdk1.8.0_121\jre\bin\sunec.dll
0x0000000072850000 - 0x000000007286a000 	C:\Program Files\Java\jdk1.8.0_121\jre\bin\net.dll
0x00007ffbed7f0000 - 0x00007ffbed84c000 	C:\WINDOWS\system32\mswsock.dll
0x00007ffbed570000 - 0x00007ffbed5a8000 	C:\WINDOWS\SYSTEM32\IPHLPAPI.DLL
0x00007ffbf0d60000 - 0x00007ffbf0d68000 	C:\WINDOWS\System32\NSI.dll
0x00007ffbe9da0000 - 0x00007ffbe9db6000 	C:\WINDOWS\SYSTEM32\dhcpcsvc6.DLL
0x00007ffbe9d40000 - 0x00007ffbe9d5a000 	C:\WINDOWS\SYSTEM32\dhcpcsvc.DLL
0x0000000072830000 - 0x0000000072841000 	C:\Program Files\Java\jdk1.8.0_121\jre\bin\nio.dll
0x00007ffbf1920000 - 0x00007ffbf19bf000 	C:\WINDOWS\System32\clbcatq.dll
0x00007ffbe8060000 - 0x00007ffbe8208000 	C:\WINDOWS\SYSTEM32\WindowsCodecs.dll
0x00007ffbe1f30000 - 0x00007ffbe1f79000 	C:\WINDOWS\system32\dataexchange.dll
0x00007ffbeb520000 - 0x00007ffbeb7d6000 	C:\WINDOWS\system32\d3d11.dll
0x00007ffbebe20000 - 0x00007ffbebf71000 	C:\WINDOWS\system32\dcomp.dll
0x00007ffbecea0000 - 0x00007ffbecf3f000 	C:\WINDOWS\system32\dxgi.dll
0x00007ffbec8a0000 - 0x00007ffbec9bc000 	C:\WINDOWS\system32\twinapi.appcore.dll
0x00007ffbede60000 - 0x00007ffbede8b000 	C:\WINDOWS\system32\bcrypt.dll
0x00007ffbdc030000 - 0x00007ffbdc062000 	C:\Program Files\Common Files\Microsoft Shared\Ink\rtscom.dll
0x0000000072650000 - 0x0000000072673000 	C:\Program Files\Java\jdk1.8.0_121\jre\bin\javafx_iio.dll
0x0000000072630000 - 0x0000000072641000 	C:\Program Files\Java\jdk1.8.0_121\jre\bin\prism_common.dll
0x00007ffbe9e20000 - 0x00007ffbe9fb2000 	C:\WINDOWS\SYSTEM32\dbghelp.dll

VM Arguments:
jvm_args: -Dfile.encoding=UTF-8 
java_command: com.jeeves.vpl.Main
java_class_path (initial): C:\Users\Daniel\workspace\JeevesMaven\target\classes;C:\Users\Daniel\workspace\JeevesMaven\poi-3.15.jar;C:\Users\Daniel\workspace\JeevesMaven\commons-lang3-3.5.jar;C:\Users\Daniel\workspace\JeevesMaven\controlsfx-8.40.12.jar;C:\Users\Daniel\.m2\repository\commons-codec\commons-codec\1.9\commons-codec-1.9.jar;C:\Users\Daniel\.m2\repository\commons-validator\commons-validator\1.4.1\commons-validator-1.4.1.jar;C:\Users\Daniel\.m2\repository\commons-beanutils\commons-beanutils\1.8.3\commons-beanutils-1.8.3.jar;C:\Users\Daniel\.m2\repository\commons-digester\commons-digester\1.8.1\commons-digester-1.8.1.jar;C:\Users\Daniel\.m2\repository\commons-logging\commons-logging\1.2\commons-logging-1.2.jar;C:\Users\Daniel\.m2\repository\commons-collections\commons-collections\3.2.1\commons-collections-3.2.1.jar;C:\Users\Daniel\.m2\repository\org\apache\shiro\shiro-core\1.3.2\shiro-core-1.3.2.jar;C:\Users\Daniel\.m2\repository\org\slf4j\slf4j-api\1.6.4\slf4j-api-1.6.4.jar;C:\Users\Daniel\.m2\repository\com\google\firebase\firebase-admin\5.1.0\firebase-admin-5.1.0.jar;C:\Users\Daniel\.m2\repository\com\google\api-client\google-api-client\1.22.0\google-api-client-1.22.0.jar;C:\Users\Daniel\.m2\repository\com\google\oauth-client\google-oauth-client\1.22.0\google-oauth-client-1.22.0.jar;C:\Users\Daniel\.m2\repository\com\google\http-client\google-http-client-jackson2\1.22.0\google-http-client-jackson2-1.22.0.jar;C:\Users\Daniel\.m2\repository\com\fasterxml\jackson\core\jackson-core\2.1.3\jackson-core-2.1.3.jar;C:\Users\Daniel\.m2\repository\com\google\api-client\google-api-client-gson\1.22.0\google-api-client-gson-1.22.0.jar;C:\Users\Daniel\.m2\repository\com\google\http-client\google-http-client-gson\1.22.0\google-http-client-gson-1.22.0.jar;C:\Users\Daniel\.m2\repository\com\google\code\gson\gson\2.1\gson-2.1.jar;C:\Users\Daniel\.m2\repository\com\google\http-client\google-http-client\1.22.0\google-http-client-1.22.0.jar;C:\Users\Daniel\.m2\repository\com
Launcher Type: SUN_STANDARD

Environment Variables:
JAVA_HOME=C:\Program Files\Java\jdk1.8.0_121
CLASSPATH=.
USERNAME=Daniel
OS=Windows_NT
PROCESSOR_IDENTIFIER=Intel64 Family 6 Model 69 Stepping 1, GenuineIntel



---------------  S Y S T E M  ---------------

OS: Windows 10.0 , 64 bit Build 14393 (10.0.14393.1198)

CPU:total 4 (2 cores per cpu, 2 threads per core) family 6 model 69 stepping 1, cmov, cx8, fxsr, mmx, sse, sse2, sse3, ssse3, sse4.1, sse4.2, popcnt, avx, avx2, aes, clmul, erms, lzcnt, ht, tsc, tscinvbit, bmi1, bmi2

Memory: 4k page, physical 8317080k(3020752k free), swap 15132824k(7287600k free)

vm_info: Java HotSpot(TM) 64-Bit Server VM (25.121-b13) for windows-amd64 JRE (1.8.0_121-b13), built on Dec 12 2016 18:21:36 by "java_re" with MS VC++ 10.0 (VS2010)

time: Mon Jun 19 14:38:54 2017
elapsed time: 16 seconds (0d 0h 0m 16s)

