#
# A fatal error has been detected by the Java Runtime Environment:
#
#  EXCEPTION_ACCESS_VIOLATION (0xc0000005) at pc=0x000000005d95584a, pid=17024, tid=0x00000000000034d8
#
# JRE version: Java(TM) SE Runtime Environment (8.0_121-b13) (build 1.8.0_121-b13)
# Java VM: Java HotSpot(TM) 64-Bit Server VM (25.121-b13 mixed mode windows-amd64 compressed oops)
# Problematic frame:
# C  [glass.dll+0x2584a]
#
# Failed to write core dump. Minidumps are not enabled by default on client versions of Windows
#
# If you would like to submit a bug report, please visit:
#   http://bugreport.java.com/bugreport/crash.jsp
#

---------------  T H R E A D  ---------------

Current thread (0x0000000017046800):  VMThread [stack: 0x00000000180d0000,0x00000000181d0000] [id=13528]

siginfo: ExceptionCode=0xc0000005, reading address 0x0000000000000000

Registers:
RAX=0x0000000000000000, RBX=0x00000000193291e8, RCX=0x0000000017046800, RDX=0x00000000193291e8
RSP=0x00000000181cf510, RBP=0x00000000007089a0, RSI=0x0000000000000001, RDI=0x0000000000000000
R8 =0x0000000000010002, R9 =0x00000000007089a0, R10=0x0000000000000000, R11=0x0000000000000246
R12=0x00000000007089d0, R13=0x00000000007089a0, R14=0x00000000007089b0, R15=0x0000000000000000
RIP=0x000000005d95584a, EFLAGS=0x0000000000010202

Top of Stack: (sp=0x00000000181cf510)
0x00000000181cf510:   0000000000000000 000000005d955900
0x00000000181cf520:   0000000000000000 00000000007089a0
0x00000000181cf530:   000000005d955830 000000005d953224
0x00000000181cf540:   000000005d9691b0 00007ffac1fd602b
0x00000000181cf550:   0000000000000001 000000000072a380
0x00000000181cf560:   000000005d953384 000000005d930000
0x00000000181cf570:   00007ffa183c31b0 000000005d9534a6
0x00000000181cf580:   0000000000000001 0000000016f55500
0x00000000181cf590:   0000000000000000 0000000000000000
0x00000000181cf5a0:   c000000500000001 00000000181ce690
0x00000000181cf5b0:   000000005d953384 00007ffa1829a35f
0x00000000181cf5c0:   0000000000000000 0000000000000001
0x00000000181cf5d0:   000000005d930000 0000000000000000
0x00000000181cf5e0:   0000a3bf83d5749e 00000000006e8c40
0x00000000181cf5f0:   00007ffa158c4200 0000000000616200
0x00000000181cf600:   0000000000616200 00000000006ec660 

Instructions: (pc=0x000000005d95584a)
0x000000005d95582a:   83 c4 20 5d c3 cc 40 53 48 83 ec 20 48 8b 1d cb
0x000000005d95583a:   5b 01 00 48 85 db 74 1a e8 19 93 ff ff 48 8b d3
0x000000005d95584a:   4c 8b 00 48 8b c8 48 83 c4 20 5b 49 ff a0 b0 00
0x000000005d95585a:   00 00 48 83 c4 20 5b c3 cc cc cc cc cc cc cc cc 


Register to memory mapping:

RAX=0x0000000000000000 is an unknown value
RBX=0x00000000193291e8 is a global jni handle
RCX=0x0000000017046800 is an unknown value
RDX=0x00000000193291e8 is a global jni handle
RSP=0x00000000181cf510 is an unknown value
RBP=0x00000000007089a0 is an unknown value
RSI=0x0000000000000001 is an unknown value
RDI=0x0000000000000000 is an unknown value
R8 =0x0000000000010002 is an unknown value
R9 =0x00000000007089a0 is an unknown value
R10=0x0000000000000000 is an unknown value
R11=0x0000000000000246 is an unknown value
R12=0x00000000007089d0 is an unknown value
R13=0x00000000007089a0 is an unknown value
R14=0x00000000007089b0 is an unknown value
R15=0x0000000000000000 is an unknown value


Stack: [0x00000000180d0000,0x00000000181d0000],  sp=0x00000000181cf510,  free space=1021k
Native frames: (J=compiled Java code, j=interpreted, Vv=VM code, C=native code)
C  [glass.dll+0x2584a]
C  [glass.dll+0x23224]
C  [glass.dll+0x234a6]
C  [ntdll.dll+0x2a35f]
C  [ntdll.dll+0x806b]
C  [ntdll.dll+0x7d94]
C  [KERNEL32.DLL+0x1ce6a]
C  [msvcr100.dll+0x20ccd]
V  [jvm.dll+0x212cb5]
V  [jvm.dll+0x24bd17]
V  [jvm.dll+0x24afb6]
V  [jvm.dll+0x24b451]
V  [jvm.dll+0x24b66e]
V  [jvm.dll+0x29c69a]
C  [msvcr100.dll+0x21d9f]
C  [msvcr100.dll+0x21e3b]
C  [KERNEL32.DLL+0x8364]
C  [ntdll.dll+0x670d1]

VM_Operation (0x0000000019a8a8d0): Exit, mode: safepoint, requested by thread 0x0000000018bc5000


---------------  P R O C E S S  ---------------

Java Threads: ( => current thread )
  0x0000000020671000 JavaThread "Keep-Alive-Timer" daemon [_thread_blocked, id=8736, stack(0x00000000295c0000,0x00000000296c0000)]
  0x0000000020884000 JavaThread "SessionValidationThread-1" daemon [_thread_blocked, id=16216, stack(0x0000000028ff0000,0x00000000290f0000)]
  0x0000000020882800 JavaThread "TubeSockWriter-2" [_thread_blocked, id=11288, stack(0x0000000024410000,0x0000000024510000)]
  0x0000000020883800 JavaThread "TubeSockReader-2" [_thread_in_native, id=12100, stack(0x0000000023f10000,0x0000000024010000)]
  0x0000000020882000 JavaThread "pool-6-thread-1" [_thread_blocked, id=9484, stack(0x0000000022620000,0x0000000022720000)]
  0x0000000020706000 JavaThread "Prism Font Disposer" daemon [_thread_blocked, id=2684, stack(0x00000000217e0000,0x00000000218e0000)]
  0x00000000192ff800 JavaThread "pool-5-thread-2" [_thread_blocked, id=16440, stack(0x000000001e920000,0x000000001ea20000)]
  0x0000000019212800 JavaThread "FirebaseDatabaseEventTarget" daemon [_thread_blocked, id=17288, stack(0x000000001e620000,0x000000001e720000)]
  0x0000000019284800 JavaThread "pool-5-thread-1" [_thread_blocked, id=11364, stack(0x000000001e520000,0x000000001e620000)]
  0x00000000191ce000 JavaThread "FirebaseDatabaseWorker" daemon [_thread_blocked, id=8944, stack(0x000000001e220000,0x000000001e320000)]
  0x0000000018f61800 JavaThread "JavaFX-Launcher" [_thread_blocked, id=6832, stack(0x000000001e120000,0x000000001e220000)]
  0x0000000018f65000 JavaThread "Thread-2" daemon [_thread_in_native, id=17252, stack(0x000000001e020000,0x000000001e120000)]
  0x0000000018bc5000 JavaThread "JavaFX Application Thread" [_thread_blocked, id=9940, stack(0x0000000019990000,0x0000000019a90000)]
  0x0000000018bc4000 JavaThread "Thread-1" daemon [_thread_blocked, id=14036, stack(0x0000000019890000,0x0000000019990000)]
  0x0000000018b98800 JavaThread "QuantumRenderer-0" daemon [_thread_blocked, id=10828, stack(0x00000000196d0000,0x00000000197d0000)]
  0x00000000170de000 JavaThread "Service Thread" daemon [_thread_blocked, id=9944, stack(0x0000000018cd0000,0x0000000018dd0000)]
  0x00000000187d8800 JavaThread "C1 CompilerThread2" daemon [_thread_blocked, id=9240, stack(0x0000000018bd0000,0x0000000018cd0000)]
  0x00000000170d4000 JavaThread "C2 CompilerThread1" daemon [_thread_blocked, id=2356, stack(0x00000000186d0000,0x00000000187d0000)]
  0x0000000017080000 JavaThread "C2 CompilerThread0" daemon [_thread_blocked, id=9348, stack(0x00000000185d0000,0x00000000186d0000)]
  0x000000001707e800 JavaThread "Attach Listener" daemon [_thread_blocked, id=12528, stack(0x00000000184d0000,0x00000000185d0000)]
  0x000000001707d800 JavaThread "Signal Dispatcher" daemon [_thread_blocked, id=8756, stack(0x00000000183d0000,0x00000000184d0000)]
  0x00000000024ec000 JavaThread "Finalizer" daemon [_thread_blocked, id=12176, stack(0x00000000182d0000,0x00000000183d0000)]
  0x00000000024e3000 JavaThread "Reference Handler" daemon [_thread_blocked, id=6948, stack(0x00000000181d0000,0x00000000182d0000)]
  0x00000000023f2800 JavaThread "main" [_thread_blocked, id=5084, stack(0x00000000022f0000,0x00000000023f0000)]

Other Threads:
=>0x0000000017046800 VMThread [stack: 0x00000000180d0000,0x00000000181d0000] [id=13528]

VM state:at safepoint (shutting down)

VM Mutex/Monitor currently owned by a thread:  ([mutex/lock_event])
[0x000000000061e6a0] Threads_lock - owner thread: 0x0000000017046800

Heap:
 PSYoungGen      total 121856K, used 72265K [0x00000000d5b00000, 0x00000000dee00000, 0x0000000100000000)
  eden space 116736K, 57% used [0x00000000d5b00000,0x00000000d9c98358,0x00000000dcd00000)
  from space 5120K, 99% used [0x00000000ddc80000,0x00000000de17a290,0x00000000de180000)
  to   space 12800K, 0% used [0x00000000de180000,0x00000000de180000,0x00000000dee00000)
 ParOldGen       total 81408K, used 23194K [0x0000000081000000, 0x0000000085f80000, 0x00000000d5b00000)
  object space 81408K, 28% used [0x0000000081000000,0x00000000826a6b30,0x0000000085f80000)
 Metaspace       used 32940K, capacity 35114K, committed 35328K, reserved 1079296K
  class space    used 4658K, capacity 5023K, committed 5120K, reserved 1048576K

Card table byte_map: [0x00000000118b0000,0x0000000011cb0000] byte_map_base: 0x00000000114a8000

Marking Bits: (ParMarkBitMap*) 0x000000005ebab6d0
 Begin Bits: [0x0000000012360000, 0x0000000014320000)
 End Bits:   [0x0000000014320000, 0x00000000162e0000)

Polling page: 0x00000000005d0000

CodeCache: size=245760Kb used=16118Kb max_used=17551Kb free=229641Kb
 bounds [0x00000000024f0000, 0x0000000003660000, 0x00000000114f0000]
 total_blobs=5802 nmethods=5018 adapters=693
 compilation: enabled

Compilation events (10 events):
Event: 25.978 Thread 0x00000000187d8800 5660       3       com.sun.javafx.util.Logging::getInputLogger (18 bytes)
Event: 25.979 Thread 0x00000000187d8800 nmethod 5660 0x0000000002dc29d0 code [0x0000000002dc2b40, 0x0000000002dc2d28]
Event: 26.141 Thread 0x00000000187d8800 5661       3       com.sun.javafx.geom.RectBounds::intersectWith (82 bytes)
Event: 26.143 Thread 0x00000000187d8800 nmethod 5661 0x00000000026633d0 code [0x00000000026635c0, 0x0000000002663f48]
Event: 26.144 Thread 0x00000000187d8800 5662       3       com.sun.scenario.effect.impl.state.BoxRenderState::validateWeights (477 bytes)
Event: 26.149 Thread 0x00000000187d8800 nmethod 5662 0x0000000002b1c0d0 code [0x0000000002b1c420, 0x0000000002b1da48]
Event: 26.326 Thread 0x00000000187d8800 5663       3       java.util.logging.LogManager::access$100 (4 bytes)
Event: 26.327 Thread 0x00000000187d8800 nmethod 5663 0x0000000002b1bd90 code [0x0000000002b1bee0, 0x0000000002b1c010]
Event: 26.327 Thread 0x00000000187d8800 5664       3       java.util.logging.LogManager$LoggerContext::requiresDefaultLoggers (29 bytes)
Event: 26.327 Thread 0x00000000187d8800 nmethod 5664 0x00000000027d7ad0 code [0x00000000027d7c40, 0x00000000027d8068]

GC Heap History (10 events):
Event: 1.242 GC heap before
{Heap before GC invocations=2 (full 0):
 PSYoungGen      total 38400K, used 38394K [0x00000000d5b00000, 0x00000000da600000, 0x0000000100000000)
  eden space 33280K, 100% used [0x00000000d5b00000,0x00000000d7b80000,0x00000000d7b80000)
  from space 5120K, 99% used [0x00000000d7b80000,0x00000000d807e880,0x00000000d8080000)
  to   space 5120K, 0% used [0x00000000da100000,0x00000000da100000,0x00000000da600000)
 ParOldGen       total 87552K, used 649K [0x0000000081000000, 0x0000000086580000, 0x00000000d5b00000)
  object space 87552K, 0% used [0x0000000081000000,0x00000000810a2530,0x0000000086580000)
 Metaspace       used 17761K, capacity 18270K, committed 18432K, reserved 1064960K
  class space    used 2390K, capacity 2543K, committed 2560K, reserved 1048576K
Event: 1.251 GC heap after
Heap after GC invocations=2 (full 0):
 PSYoungGen      total 71680K, used 5113K [0x00000000d5b00000, 0x00000000da600000, 0x0000000100000000)
  eden space 66560K, 0% used [0x00000000d5b00000,0x00000000d5b00000,0x00000000d9c00000)
  from space 5120K, 99% used [0x00000000da100000,0x00000000da5fe590,0x00000000da600000)
  to   space 5120K, 0% used [0x00000000d9c00000,0x00000000d9c00000,0x00000000da100000)
 ParOldGen       total 87552K, used 9625K [0x0000000081000000, 0x0000000086580000, 0x00000000d5b00000)
  object space 87552K, 10% used [0x0000000081000000,0x00000000819667f8,0x0000000086580000)
 Metaspace       used 17761K, capacity 18270K, committed 18432K, reserved 1064960K
  class space    used 2390K, capacity 2543K, committed 2560K, reserved 1048576K
}
Event: 1.456 GC heap before
{Heap before GC invocations=3 (full 0):
 PSYoungGen      total 71680K, used 20811K [0x00000000d5b00000, 0x00000000da600000, 0x0000000100000000)
  eden space 66560K, 23% used [0x00000000d5b00000,0x00000000d6a548a0,0x00000000d9c00000)
  from space 5120K, 99% used [0x00000000da100000,0x00000000da5fe590,0x00000000da600000)
  to   space 5120K, 0% used [0x00000000d9c00000,0x00000000d9c00000,0x00000000da100000)
 ParOldGen       total 87552K, used 9625K [0x0000000081000000, 0x0000000086580000, 0x00000000d5b00000)
  object space 87552K, 10% used [0x0000000081000000,0x00000000819667f8,0x0000000086580000)
 Metaspace       used 20462K, capacity 21082K, committed 21248K, reserved 1067008K
  class space    used 2801K, capacity 2949K, committed 3072K, reserved 1048576K
Event: 1.462 GC heap after
Heap after GC invocations=3 (full 0):
 PSYoungGen      total 71680K, used 5097K [0x00000000d5b00000, 0x00000000de700000, 0x0000000100000000)
  eden space 66560K, 0% used [0x00000000d5b00000,0x00000000d5b00000,0x00000000d9c00000)
  from space 5120K, 99% used [0x00000000d9c00000,0x00000000da0fa5a0,0x00000000da100000)
  to   space 5120K, 0% used [0x00000000de200000,0x00000000de200000,0x00000000de700000)
 ParOldGen       total 87552K, used 11730K [0x0000000081000000, 0x0000000086580000, 0x00000000d5b00000)
  object space 87552K, 13% used [0x0000000081000000,0x0000000081b74a70,0x0000000086580000)
 Metaspace       used 20462K, capacity 21082K, committed 21248K, reserved 1067008K
  class space    used 2801K, capacity 2949K, committed 3072K, reserved 1048576K
}
Event: 1.462 GC heap before
{Heap before GC invocations=4 (full 1):
 PSYoungGen      total 71680K, used 5097K [0x00000000d5b00000, 0x00000000de700000, 0x0000000100000000)
  eden space 66560K, 0% used [0x00000000d5b00000,0x00000000d5b00000,0x00000000d9c00000)
  from space 5120K, 99% used [0x00000000d9c00000,0x00000000da0fa5a0,0x00000000da100000)
  to   space 5120K, 0% used [0x00000000de200000,0x00000000de200000,0x00000000de700000)
 ParOldGen       total 87552K, used 11730K [0x0000000081000000, 0x0000000086580000, 0x00000000d5b00000)
  object space 87552K, 13% used [0x0000000081000000,0x0000000081b74a70,0x0000000086580000)
 Metaspace       used 20462K, capacity 21082K, committed 21248K, reserved 1067008K
  class space    used 2801K, capacity 2949K, committed 3072K, reserved 1048576K
Event: 1.513 GC heap after
Heap after GC invocations=4 (full 1):
 PSYoungGen      total 71680K, used 0K [0x00000000d5b00000, 0x00000000de700000, 0x0000000100000000)
  eden space 66560K, 0% used [0x00000000d5b00000,0x00000000d5b00000,0x00000000d9c00000)
  from space 5120K, 0% used [0x00000000d9c00000,0x00000000d9c00000,0x00000000da100000)
  to   space 5120K, 0% used [0x00000000de200000,0x00000000de200000,0x00000000de700000)
 ParOldGen       total 81408K, used 15842K [0x0000000081000000, 0x0000000085f80000, 0x00000000d5b00000)
  object space 81408K, 19% used [0x0000000081000000,0x0000000081f78800,0x0000000085f80000)
 Metaspace       used 20462K, capacity 21082K, committed 21248K, reserved 1067008K
  class space    used 2801K, capacity 2949K, committed 3072K, reserved 1048576K
}
Event: 2.096 GC heap before
{Heap before GC invocations=5 (full 1):
 PSYoungGen      total 71680K, used 66560K [0x00000000d5b00000, 0x00000000de700000, 0x0000000100000000)
  eden space 66560K, 100% used [0x00000000d5b00000,0x00000000d9c00000,0x00000000d9c00000)
  from space 5120K, 0% used [0x00000000d9c00000,0x00000000d9c00000,0x00000000da100000)
  to   space 5120K, 0% used [0x00000000de200000,0x00000000de200000,0x00000000de700000)
 ParOldGen       total 81408K, used 15842K [0x0000000081000000, 0x0000000085f80000, 0x00000000d5b00000)
  object space 81408K, 19% used [0x0000000081000000,0x0000000081f78800,0x0000000085f80000)
 Metaspace       used 24005K, capacity 25052K, committed 25216K, reserved 1071104K
  class space    used 3390K, capacity 3598K, committed 3712K, reserved 1048576K
Event: 2.103 GC heap after
Heap after GC invocations=5 (full 1):
 PSYoungGen      total 93184K, used 4319K [0x00000000d5b00000, 0x00000000de680000, 0x0000000100000000)
  eden space 88576K, 0% used [0x00000000d5b00000,0x00000000d5b00000,0x00000000db180000)
  from space 4608K, 93% used [0x00000000de200000,0x00000000de637d80,0x00000000de680000)
  to   space 5120K, 0% used [0x00000000ddc80000,0x00000000ddc80000,0x00000000de180000)
 ParOldGen       total 81408K, used 15842K [0x0000000081000000, 0x0000000085f80000, 0x00000000d5b00000)
  object space 81408K, 19% used [0x0000000081000000,0x0000000081f78800,0x0000000085f80000)
 Metaspace       used 24005K, capacity 25052K, committed 25216K, reserved 1071104K
  class space    used 3390K, capacity 3598K, committed 3712K, reserved 1048576K
}
Event: 3.290 GC heap before
{Heap before GC invocations=6 (full 1):
 PSYoungGen      total 93184K, used 92895K [0x00000000d5b00000, 0x00000000de680000, 0x0000000100000000)
  eden space 88576K, 100% used [0x00000000d5b00000,0x00000000db180000,0x00000000db180000)
  from space 4608K, 93% used [0x00000000de200000,0x00000000de637d80,0x00000000de680000)
  to   space 5120K, 0% used [0x00000000ddc80000,0x00000000ddc80000,0x00000000de180000)
 ParOldGen       total 81408K, used 15842K [0x0000000081000000, 0x0000000085f80000, 0x00000000d5b00000)
  object space 81408K, 19% used [0x0000000081000000,0x0000000081f78800,0x0000000085f80000)
 Metaspace       used 28235K, capacity 30176K, committed 30336K, reserved 1075200K
  class space    used 4093K, capacity 4400K, committed 4480K, reserved 1048576K
Event: 3.304 GC heap after
Heap after GC invocations=6 (full 1):
 PSYoungGen      total 121856K, used 5096K [0x00000000d5b00000, 0x00000000dee00000, 0x0000000100000000)
  eden space 116736K, 0% used [0x00000000d5b00000,0x00000000d5b00000,0x00000000dcd00000)
  from space 5120K, 99% used [0x00000000ddc80000,0x00000000de17a290,0x00000000de180000)
  to   space 12800K, 0% used [0x00000000de180000,0x00000000de180000,0x00000000dee00000)
 ParOldGen       total 81408K, used 23194K [0x0000000081000000, 0x0000000085f80000, 0x00000000d5b00000)
  object space 81408K, 28% used [0x0000000081000000,0x00000000826a6b30,0x0000000085f80000)
 Metaspace       used 28235K, capacity 30176K, committed 30336K, reserved 1075200K
  class space    used 4093K, capacity 4400K, committed 4480K, reserved 1048576K
}

Deoptimization events (10 events):
Event: 16.924 Thread 0x0000000018bc5000 Uncommon trap: reason=bimorphic action=maybe_recompile pc=0x0000000002e6a66c method=java.io.FilterInputStream.read()I @ 4
Event: 16.924 Thread 0x0000000018bc5000 Uncommon trap: reason=bimorphic action=maybe_recompile pc=0x0000000002e6a66c method=java.io.FilterInputStream.read()I @ 4
Event: 16.956 Thread 0x0000000018bc5000 Uncommon trap: reason=class_check action=maybe_recompile pc=0x0000000003315e08 method=javafx.scene.Node.updateLocalToParentTransform()V @ 11
Event: 16.956 Thread 0x0000000018bc5000 Uncommon trap: reason=class_check action=maybe_recompile pc=0x0000000003315e08 method=javafx.scene.Node.updateLocalToParentTransform()V @ 11
Event: 24.444 Thread 0x0000000018bc5000 Uncommon trap: reason=null_check action=make_not_entrant pc=0x0000000002680068 method=javafx.scene.Node$MiscProperties.getClip()Ljavafx/scene/Node; @ 20
Event: 24.444 Thread 0x0000000018bc5000 Uncommon trap: reason=class_check action=maybe_recompile pc=0x0000000003315e08 method=javafx.scene.Node.updateLocalToParentTransform()V @ 11
Event: 24.444 Thread 0x0000000018bc5000 Uncommon trap: reason=null_check action=make_not_entrant pc=0x0000000003545504 method=javafx.scene.Node$MiscProperties.getClip()Ljavafx/scene/Node; @ 20
Event: 24.956 Thread 0x0000000018bc5000 Uncommon trap: reason=null_check action=make_not_entrant pc=0x0000000002606f5c method=javafx.scene.Node$MiscProperties.getClip()Ljavafx/scene/Node; @ 20
Event: 24.978 Thread 0x0000000018bc5000 Uncommon trap: reason=null_check action=make_not_entrant pc=0x00000000029246b8 method=javafx.scene.Node$MiscProperties.getClip()Ljavafx/scene/Node; @ 20
Event: 25.042 Thread 0x0000000018bc5000 Uncommon trap: reason=unstable_if action=reinterpret pc=0x0000000002f4167c method=javafx.scene.Node$MiscProperties.isMouseTransparent()Z @ 4

Internal exceptions (10 events):
Event: 3.860 Thread 0x0000000018bc5000 Exception <a 'java/lang/ClassNotFoundException': org/apache/shiro/realm/SimpleAccountRealmCustomizer> (0x00000000d703a2b0) thrown at [C:\re\workspace\8-2-build-windows-amd64-cygwin\jdk8u121\8372\hotspot\src\share\vm\classfile\systemDictionary.cpp, line 21
Event: 3.861 Thread 0x0000000018bc5000 Exception <a 'java/lang/ClassNotFoundException': org/apache/shiro/realm/text/TextConfigurationRealmCustomizer> (0x00000000d70500e0) thrown at [C:\re\workspace\8-2-build-windows-amd64-cygwin\jdk8u121\8372\hotspot\src\share\vm\classfile\systemDictionary.cpp
Event: 3.862 Thread 0x0000000018bc5000 Exception <a 'java/lang/ClassNotFoundException': org/apache/shiro/realm/text/IniRealmCustomizer> (0x00000000d70673b0) thrown at [C:\re\workspace\8-2-build-windows-amd64-cygwin\jdk8u121\8372\hotspot\src\share\vm\classfile\systemDictionary.cpp, line 210]
Event: 3.925 Thread 0x0000000018bc5000 Implicit null exception at 0x000000000313c5bd to 0x000000000313f535
Event: 16.701 Thread 0x0000000019284800 Exception <a 'java/net/SocketTimeoutException': Read timed out> (0x00000000d9569510) thrown at [C:\re\workspace\8-2-build-windows-amd64-cygwin\jdk8u121\8372\hotspot\src\share\vm\prims\jni.cpp, line 735]
Event: 24.444 Thread 0x0000000018bc5000 Implicit null exception at 0x000000000267f8b8 to 0x0000000002680059
Event: 24.444 Thread 0x0000000018bc5000 Implicit null exception at 0x0000000003544e63 to 0x00000000035454ed
Event: 24.956 Thread 0x0000000018bc5000 Implicit null exception at 0x0000000002606f07 to 0x0000000002606f51
Event: 24.978 Thread 0x0000000018bc5000 Implicit null exception at 0x0000000002923efe to 0x0000000002924681
Event: 26.328 Thread 0x0000000020678000 Exception <a 'java/lang/IllegalStateException'> (0x00000000d9c3d2b8) thrown at [C:\re\workspace\8-2-build-windows-amd64-cygwin\jdk8u121\8372\hotspot\src\share\vm\prims\jvm.cpp, line 1394]

Events (10 events):
Event: 26.325 loading class java/util/IdentityHashMap$KeyIterator done
Event: 26.326 Thread 0x0000000020675800 Thread added: 0x0000000020675800
Event: 26.326 Thread 0x0000000020678000 Thread added: 0x0000000020678000
Event: 26.326 loading class com/sun/javafx/tk/quantum/QuantumRenderer
Event: 26.326 loading class com/sun/javafx/tk/quantum/QuantumRenderer done
Event: 26.327 Thread 0x0000000020675800 Thread exited: 0x0000000020675800
Event: 26.327 loading class com/sun/javafx/tk/quantum/QuantumToolkit
Event: 26.327 loading class com/sun/javafx/tk/quantum/QuantumToolkit done
Event: 26.328 Thread 0x0000000020678000 Thread exited: 0x0000000020678000
Event: 26.329 Executing VM operation: Exit


Dynamic libraries:
0x00007ff74c050000 - 0x00007ff74c087000 	C:\Program Files\Java\jdk1.8.0_121\bin\javaw.exe
0x00007ffa18270000 - 0x00007ffa18441000 	C:\WINDOWS\SYSTEM32\ntdll.dll
0x00007ffa15ab0000 - 0x00007ffa15b5c000 	C:\WINDOWS\System32\KERNEL32.DLL
0x00007ffa14980000 - 0x00007ffa14b9d000 	C:\WINDOWS\System32\KERNELBASE.dll
0x00007ffa16b10000 - 0x00007ffa16bb2000 	C:\WINDOWS\System32\ADVAPI32.dll
0x00007ffa181d0000 - 0x00007ffa1826e000 	C:\WINDOWS\System32\msvcrt.dll
0x00007ffa169f0000 - 0x00007ffa16a49000 	C:\WINDOWS\System32\sechost.dll
0x00007ffa16090000 - 0x00007ffa161b1000 	C:\WINDOWS\System32\RPCRT4.dll
0x00007ffa15bc0000 - 0x00007ffa15d25000 	C:\WINDOWS\System32\USER32.dll
0x00007ffa14ba0000 - 0x00007ffa14bbe000 	C:\WINDOWS\System32\win32u.dll
0x00007ffa16000000 - 0x00007ffa16034000 	C:\WINDOWS\System32\GDI32.dll
0x00007ffa15670000 - 0x00007ffa157f2000 	C:\WINDOWS\System32\gdi32full.dll
0x00007ffa0da40000 - 0x00007ffa0dcba000 	C:\WINDOWS\WinSxS\amd64_microsoft.windows.common-controls_6595b64144ccf1df_6.0.14393.953_none_42151e83c686086b\COMCTL32.dll
0x00007ffa15d30000 - 0x00007ffa15ff8000 	C:\WINDOWS\System32\combase.dll
0x00007ffa14760000 - 0x00007ffa14855000 	C:\WINDOWS\System32\ucrtbase.dll
0x00007ffa14910000 - 0x00007ffa1497a000 	C:\WINDOWS\System32\bcryptPrimitives.dll
0x00007ffa16060000 - 0x00007ffa1608e000 	C:\WINDOWS\System32\IMM32.DLL
0x000000005d9b0000 - 0x000000005da82000 	C:\Program Files\Java\jdk1.8.0_121\jre\bin\msvcr100.dll
0x000000005e390000 - 0x000000005ec2b000 	C:\Program Files\Java\jdk1.8.0_121\jre\bin\server\jvm.dll
0x00007ffa16040000 - 0x00007ffa16048000 	C:\WINDOWS\System32\PSAPI.DLL
0x00007ffa07c30000 - 0x00007ffa07c39000 	C:\WINDOWS\SYSTEM32\WSOCK32.dll
0x00007ffa128d0000 - 0x00007ffa128f3000 	C:\WINDOWS\SYSTEM32\WINMM.dll
0x00007ffa09a10000 - 0x00007ffa09a1a000 	C:\WINDOWS\SYSTEM32\VERSION.dll
0x00007ffa12870000 - 0x00007ffa1289b000 	C:\WINDOWS\SYSTEM32\WINMMBASE.dll
0x00007ffa14c60000 - 0x00007ffa14ca2000 	C:\WINDOWS\System32\cfgmgr32.dll
0x00007ffa16970000 - 0x00007ffa169da000 	C:\WINDOWS\System32\WS2_32.dll
0x000000005e380000 - 0x000000005e38f000 	C:\Program Files\Java\jdk1.8.0_121\jre\bin\verify.dll
0x000000005e350000 - 0x000000005e379000 	C:\Program Files\Java\jdk1.8.0_121\jre\bin\java.dll
0x000000005e330000 - 0x000000005e346000 	C:\Program Files\Java\jdk1.8.0_121\jre\bin\zip.dll
0x00007ffa16cc0000 - 0x00007ffa181c8000 	C:\WINDOWS\System32\SHELL32.dll
0x00007ffa14f90000 - 0x00007ffa1566a000 	C:\WINDOWS\System32\windows.storage.dll
0x00007ffa146e0000 - 0x00007ffa1472c000 	C:\WINDOWS\System32\powrprof.dll
0x00007ffa15b60000 - 0x00007ffa15bb2000 	C:\WINDOWS\System32\shlwapi.dll
0x00007ffa14730000 - 0x00007ffa1473f000 	C:\WINDOWS\System32\kernel.appcore.dll
0x00007ffa14ee0000 - 0x00007ffa14f89000 	C:\WINDOWS\System32\shcore.dll
0x00007ffa14740000 - 0x00007ffa14754000 	C:\WINDOWS\System32\profapi.dll
0x00007ff9ef760000 - 0x00007ff9ef84f000 	C:\Program Files\Java\jdk1.8.0_121\jre\bin\msvcr120.dll
0x00007ff9df330000 - 0x00007ff9df3d6000 	C:\Program Files\Java\jdk1.8.0_121\jre\bin\msvcp120.dll
0x000000005d980000 - 0x000000005d9a2000 	C:\Program Files\Java\jdk1.8.0_121\jre\bin\prism_d3d.dll
0x00007ff9e4300000 - 0x00007ff9e448d000 	C:\WINDOWS\system32\d3d9.dll
0x00007ffa11d40000 - 0x00007ffa11d66000 	C:\WINDOWS\SYSTEM32\dwmapi.dll
0x00007ffa12e10000 - 0x00007ffa12ea5000 	C:\WINDOWS\system32\uxtheme.dll
0x00007ffa16a50000 - 0x00007ffa16b0f000 	C:\WINDOWS\System32\OLEAUT32.dll
0x00007ffa14bc0000 - 0x00007ffa14c5c000 	C:\WINDOWS\System32\msvcp_win.dll
0x00007ffa161c0000 - 0x00007ffa162f8000 	C:\WINDOWS\System32\ole32.dll
0x000000005d930000 - 0x000000005d973000 	C:\Program Files\Java\jdk1.8.0_121\jre\bin\glass.dll
0x00007ffa16bc0000 - 0x00007ffa16cba000 	C:\WINDOWS\System32\COMDLG32.dll
0x00007ffa15880000 - 0x00007ffa159da000 	C:\WINDOWS\System32\MSCTF.dll
0x00007ffa14140000 - 0x00007ffa14157000 	C:\WINDOWS\SYSTEM32\CRYPTSP.dll
0x00007ffa13ba0000 - 0x00007ffa13bd3000 	C:\WINDOWS\system32\rsaenh.dll
0x00007ffa14620000 - 0x00007ffa1464b000 	C:\WINDOWS\SYSTEM32\bcrypt.dll
0x00007ffa13e20000 - 0x00007ffa13e3f000 	C:\WINDOWS\SYSTEM32\USERENV.dll
0x00007ffa14160000 - 0x00007ffa1416b000 	C:\WINDOWS\SYSTEM32\CRYPTBASE.dll
0x000000005e310000 - 0x000000005e32a000 	C:\Program Files\Java\jdk1.8.0_121\jre\bin\net.dll
0x00007ffa13fa0000 - 0x00007ffa13ffc000 	C:\WINDOWS\system32\mswsock.dll
0x00007ffa13d20000 - 0x00007ffa13d58000 	C:\WINDOWS\SYSTEM32\IPHLPAPI.DLL
0x00007ffa16050000 - 0x00007ffa16058000 	C:\WINDOWS\System32\NSI.dll
0x00007ffa0f930000 - 0x00007ffa0f946000 	C:\WINDOWS\SYSTEM32\dhcpcsvc6.DLL
0x00007ffa0f910000 - 0x00007ffa0f92a000 	C:\WINDOWS\SYSTEM32\dhcpcsvc.DLL
0x000000005d910000 - 0x000000005d924000 	C:\Program Files\Java\jdk1.8.0_121\jre\bin\javafx_font.dll
0x00007ffa09210000 - 0x00007ffa09479000 	C:\WINDOWS\SYSTEM32\dwrite.dll
0x000000005e2f0000 - 0x000000005e301000 	C:\Program Files\Java\jdk1.8.0_121\jre\bin\nio.dll
0x000000005d5f0000 - 0x000000005d614000 	C:\Program Files\Java\jdk1.8.0_121\jre\bin\sunec.dll
0x000000005e2e0000 - 0x000000005e2eb000 	C:\Program Files\Java\jdk1.8.0_121\jre\bin\sunmscapi.dll
0x00007ffa14cb0000 - 0x00007ffa14e79000 	C:\WINDOWS\System32\CRYPT32.dll
0x00007ffa146d0000 - 0x00007ffa146e0000 	C:\WINDOWS\System32\MSASN1.dll
0x00007ffa13d60000 - 0x00007ffa13e01000 	C:\WINDOWS\SYSTEM32\DNSAPI.dll
0x000000005f500000 - 0x000000005f526000 	C:\Program Files\Bonjour\mdnsNSP.dll
0x00007ffa08800000 - 0x00007ffa0880a000 	C:\Windows\System32\rasadhlp.dll
0x00007ffa0de50000 - 0x00007ffa0deba000 	C:\WINDOWS\System32\fwpuclnt.dll
0x00007ffa168d0000 - 0x00007ffa1696f000 	C:\WINDOWS\System32\clbcatq.dll
0x00007ffa108c0000 - 0x00007ffa10a68000 	C:\WINDOWS\SYSTEM32\WindowsCodecs.dll
0x00007ff9fa290000 - 0x00007ff9fa2d9000 	C:\WINDOWS\system32\dataexchange.dll
0x00007ffa12470000 - 0x00007ffa125c1000 	C:\WINDOWS\system32\dcomp.dll
0x00007ffa11d70000 - 0x00007ffa12026000 	C:\WINDOWS\system32\d3d11.dll
0x00007ffa13650000 - 0x00007ffa136ef000 	C:\WINDOWS\system32\dxgi.dll
0x00007ffa130f0000 - 0x00007ffa1320c000 	C:\WINDOWS\system32\twinapi.appcore.dll
0x00007ff9fc840000 - 0x00007ff9fc872000 	C:\Program Files\Common Files\Microsoft Shared\Ink\rtscom.dll
0x000000005d8e0000 - 0x000000005d903000 	C:\Program Files\Java\jdk1.8.0_121\jre\bin\javafx_iio.dll
0x000000005d8c0000 - 0x000000005d8d1000 	C:\Program Files\Java\jdk1.8.0_121\jre\bin\prism_common.dll
0x00007ffa07cd0000 - 0x00007ffa07e62000 	C:\WINDOWS\SYSTEM32\dbghelp.dll

VM Arguments:
jvm_args: -Dfile.encoding=UTF-8 
java_command: com.jeeves.vpl.Main
java_class_path (initial): C:\Users\Daniel\workspace\JeevesMaven\target\classes;C:\Users\Daniel\workspace\JeevesMaven\poi-3.15.jar;C:\Users\Daniel\workspace\JeevesMaven\commons-lang3-3.5.jar;C:\Users\Daniel\workspace\JeevesMaven\controlsfx-8.40.12.jar;C:\Users\Daniel\.m2\repository\org\apache\shiro\shiro-core\1.3.2\shiro-core-1.3.2.jar;C:\Users\Daniel\.m2\repository\org\slf4j\slf4j-api\1.6.4\slf4j-api-1.6.4.jar;C:\Users\Daniel\.m2\repository\commons-beanutils\commons-beanutils\1.8.3\commons-beanutils-1.8.3.jar;C:\Users\Daniel\.m2\repository\com\google\firebase\firebase-admin\5.1.0\firebase-admin-5.1.0.jar;C:\Users\Daniel\.m2\repository\com\google\api-client\google-api-client\1.22.0\google-api-client-1.22.0.jar;C:\Users\Daniel\.m2\repository\com\google\oauth-client\google-oauth-client\1.22.0\google-oauth-client-1.22.0.jar;C:\Users\Daniel\.m2\repository\com\google\http-client\google-http-client-jackson2\1.22.0\google-http-client-jackson2-1.22.0.jar;C:\Users\Daniel\.m2\repository\com\fasterxml\jackson\core\jackson-core\2.1.3\jackson-core-2.1.3.jar;C:\Users\Daniel\.m2\repository\com\google\api-client\google-api-client-gson\1.22.0\google-api-client-gson-1.22.0.jar;C:\Users\Daniel\.m2\repository\com\google\http-client\google-http-client-gson\1.22.0\google-http-client-gson-1.22.0.jar;C:\Users\Daniel\.m2\repository\com\google\code\gson\gson\2.1\gson-2.1.jar;C:\Users\Daniel\.m2\repository\com\google\http-client\google-http-client\1.22.0\google-http-client-1.22.0.jar;C:\Users\Daniel\.m2\repository\com\google\code\findbugs\jsr305\1.3.9\jsr305-1.3.9.jar;C:\Users\Daniel\.m2\repository\org\apache\httpcomponents\httpclient\4.0.1\httpclient-4.0.1.jar;C:\Users\Daniel\.m2\repository\org\apache\httpcomponents\httpcore\4.0.1\httpcore-4.0.1.jar;C:\Users\Daniel\.m2\repository\commons-logging\commons-logging\1.1.1\commons-logging-1.1.1.jar;C:\Users\Daniel\.m2\repository\commons-codec\commons-codec\1.3\commons-codec-1.3.jar;C:\Users\Daniel\.m2\repository\org\json\json\20160810\json-20160
Launcher Type: SUN_STANDARD

Environment Variables:
JAVA_HOME=C:\Program Files\Java\jdk1.8.0_121
CLASSPATH=.
USERNAME=Daniel
OS=Windows_NT
PROCESSOR_IDENTIFIER=Intel64 Family 6 Model 69 Stepping 1, GenuineIntel



---------------  S Y S T E M  ---------------

OS: Windows 10.0 , 64 bit Build 14393 (10.0.14393.1198)

CPU:total 4 (2 cores per cpu, 2 threads per core) family 6 model 69 stepping 1, cmov, cx8, fxsr, mmx, sse, sse2, sse3, ssse3, sse4.1, sse4.2, popcnt, avx, avx2, aes, clmul, erms, lzcnt, ht, tsc, tscinvbit, bmi1, bmi2

Memory: 4k page, physical 8317080k(2145604k free), swap 15469568k(5477224k free)

vm_info: Java HotSpot(TM) 64-Bit Server VM (25.121-b13) for windows-amd64 JRE (1.8.0_121-b13), built on Dec 12 2016 18:21:36 by "java_re" with MS VC++ 10.0 (VS2010)

time: Fri Jun 09 16:19:23 2017
elapsed time: 26 seconds (0d 0h 0m 26s)

