#
# A fatal error has been detected by the Java Runtime Environment:
#
#  EXCEPTION_ACCESS_VIOLATION (0xc0000005) at pc=0x00000000545e78b0, pid=13728, tid=0x0000000000003514
#
# JRE version: Java(TM) SE Runtime Environment (8.0_161-b12) (build 1.8.0_161-b12)
# Java VM: Java HotSpot(TM) 64-Bit Server VM (25.161-b12 mixed mode windows-amd64 compressed oops)
# Problematic frame:
# C  [glass.dll+0x278b0]
#
# Failed to write core dump. Minidumps are not enabled by default on client versions of Windows
#
# If you would like to submit a bug report, please visit:
#   http://bugreport.java.com/bugreport/crash.jsp
#

---------------  T H R E A D  ---------------

Current thread (0x0000000017ff7000):  VMThread [stack: 0x0000000019090000,0x0000000019190000] [id=13588]

siginfo: ExceptionCode=0xc0000005, reading address 0x0000000000000000

Registers:
RAX=0x0000000000000000, RBX=0x0000000019c5a1e8, RCX=0x0000000017ff7000, RDX=0x0000000054e3dc78
RSP=0x000000001918ef20, RBP=0x0000000001465d88, RSI=0x0000000001465d60, RDI=0x00001ff307dddc7a
R8 =0x0000000000010002, R9 =0x000000000000003a, R10=0x00001ff307dddc7a, R11=0x000000001918ee30
R12=0x0000000000000000, R13=0x0000000000000040, R14=0x000000001918f038, R15=0x0000000001465d60
RIP=0x00000000545e78b0, EFLAGS=0x0000000000010206

Top of Stack: (sp=0x000000001918ef20)
0x000000001918ef20:   0000000000000000 00007ffa759488db
0x000000001918ef30:   0000000001465d70 0000000001465d70
0x000000001918ef40:   fffffffffffffffe 00000000545fc1b0
0x000000001918ef50:   0000000001465d68 00007ffa7594fcb3
0x000000001918ef60:   0000000001465d80 00007ffa00000000
0x000000001918ef70:   0000293e74729989 0000000000000000
0x000000001918ef80:   fffffffffffffffe 00007ffa7594fb5d
0x000000001918ef90:   0000000000000001 00000000545c0000
0x000000001918efa0:   0000000003131638 00000000545e48dc
0x000000001918efb0:   000000001918f028 00007ffa7594f967
0x000000001918efc0:   0000000000000000 000000001918f038
0x000000001918efd0:   0000000017f05500 00007ffa75a2a080
0x000000001918efe0:   0000000000000000 00007ffa7594f924
0x000000001918eff0:   0000000000000000 0000000000000001
0x000000001918f000:   0000000021ea4cb0 000000001918f028
0x000000001918f010:   0000000000000000 00000000545e4752 

Instructions: (pc=0x00000000545e78b0)
0x00000000545e7890:   40 53 48 83 ec 30 48 c7 44 24 20 fe ff ff ff 48
0x00000000545e78a0:   8b 1d 7a 72 01 00 48 85 db 74 16 e8 00 81 ff ff
0x00000000545e78b0:   4c 8b 00 48 8b d3 48 8b c8 41 ff 90 b0 00 00 00
0x00000000545e78c0:   90 48 83 c4 30 5b c3 cc cc cc cc cc cc cc cc cc 


Register to memory mapping:

RAX=0x0000000000000000 is an unknown value
RBX=0x0000000019c5a1e8 is a global jni handle
RCX=0x0000000017ff7000 is an unknown value
RDX=0x0000000054e3dc78 is an unknown value
RSP=0x000000001918ef20 is an unknown value
RBP=0x0000000001465d88 is an unknown value
RSI=0x0000000001465d60 is an unknown value
RDI=0x00001ff307dddc7a is an unknown value
R8 =0x0000000000010002 is an unknown value
R9 =0x000000000000003a is an unknown value
R10=0x00001ff307dddc7a is an unknown value
R11=0x000000001918ee30 is an unknown value
R12=0x0000000000000000 is an unknown value
R13=0x0000000000000040 is an unknown value
R14=0x000000001918f038 is an unknown value
R15=0x0000000001465d60 is an unknown value


Stack: [0x0000000019090000,0x0000000019190000],  sp=0x000000001918ef20,  free space=1019k
Native frames: (J=compiled Java code, j=interpreted, Vv=VM code, C=native code)
C  [glass.dll+0x278b0]
C  [ucrtbase.dll+0xfcb3]
C  [ucrtbase.dll+0xf967]
C  [ucrtbase.dll+0xf924]
C  [glass.dll+0x24752]
C  [glass.dll+0x24850]
C  [ntdll.dll+0x3b583]
C  [ntdll.dll+0x47f85]
C  [ntdll.dll+0x47e48]
C  [KERNEL32.DLL+0x1ca7a]
C  [msvcr100.dll+0x20ccd]
V  [jvm.dll+0x212e95]
V  [jvm.dll+0x24c227]
V  [jvm.dll+0x24b4c6]
V  [jvm.dll+0x24b961]
V  [jvm.dll+0x24bb7e]
V  [jvm.dll+0x29cc4a]
C  [msvcr100.dll+0x21d9f]
C  [msvcr100.dll+0x21e3b]
C  [KERNEL32.DLL+0x14034]
C  [ntdll.dll+0x73691]

VM_Operation (0x000000001af4ad10): Exit, mode: safepoint, requested by thread 0x0000000019c60800


---------------  P R O C E S S  ---------------

Java Threads: ( => current thread )
  0x000000001a1dc000 JavaThread "Prism Font Disposer" daemon [_thread_blocked, id=17252, stack(0x0000000024d40000,0x0000000024e40000)]
  0x000000001a1e2000 JavaThread "JavaFX-Launcher" [_thread_blocked, id=17036, stack(0x0000000021b20000,0x0000000021c20000)]
  0x000000001a21d000 JavaThread "Thread-2" daemon [_thread_in_native, id=17132, stack(0x0000000021a20000,0x0000000021b20000)]
  0x0000000019c60800 JavaThread "JavaFX Application Thread" [_thread_blocked, id=16852, stack(0x000000001ae50000,0x000000001af50000)]
  0x0000000019c54800 JavaThread "Thread-1" daemon [_thread_blocked, id=2560, stack(0x000000001ad50000,0x000000001ae50000)]
  0x0000000019c33000 JavaThread "QuantumRenderer-0" daemon [_thread_blocked, id=12024, stack(0x000000001a960000,0x000000001aa60000)]
  0x00000000198bd000 JavaThread "Service Thread" daemon [_thread_blocked, id=4768, stack(0x0000000019d80000,0x0000000019e80000)]
  0x000000001808e800 JavaThread "C1 CompilerThread2" daemon [_thread_blocked, id=12044, stack(0x0000000019c80000,0x0000000019d80000)]
  0x000000001808b800 JavaThread "C2 CompilerThread1" daemon [_thread_blocked, id=12048, stack(0x0000000019780000,0x0000000019880000)]
  0x0000000018033800 JavaThread "C2 CompilerThread0" daemon [_thread_blocked, id=3716, stack(0x0000000019680000,0x0000000019780000)]
  0x0000000018032000 JavaThread "Attach Listener" daemon [_thread_blocked, id=12028, stack(0x0000000019580000,0x0000000019680000)]
  0x0000000018030800 JavaThread "Signal Dispatcher" daemon [_thread_blocked, id=7704, stack(0x0000000019480000,0x0000000019580000)]
  0x000000001801e800 JavaThread "Finalizer" daemon [_thread_blocked, id=14912, stack(0x0000000019290000,0x0000000019390000)]
  0x0000000003536000 JavaThread "Reference Handler" daemon [_thread_blocked, id=15392, stack(0x0000000019190000,0x0000000019290000)]
  0x0000000003446000 JavaThread "main" [_thread_blocked, id=5932, stack(0x0000000003240000,0x0000000003340000)]

Other Threads:
=>0x0000000017ff7000 VMThread [stack: 0x0000000019090000,0x0000000019190000] [id=13588]

VM state:at safepoint (shutting down)

VM Mutex/Monitor currently owned by a thread:  ([mutex/lock_event])
[0x00000000034431d0] Threads_lock - owner thread: 0x0000000017ff7000

Heap:
 PSYoungGen      total 133632K, used 102833K [0x00000000d6000000, 0x00000000e2400000, 0x0000000100000000)
  eden space 109056K, 85% used [0x00000000d6000000,0x00000000dbb350c8,0x00000000dca80000)
  from space 24576K, 38% used [0x00000000dca80000,0x00000000dd3b7658,0x00000000de280000)
  to   space 22528K, 0% used [0x00000000e0e00000,0x00000000e0e00000,0x00000000e2400000)
 ParOldGen       total 98816K, used 32818K [0x0000000082000000, 0x0000000088080000, 0x00000000d6000000)
  object space 98816K, 33% used [0x0000000082000000,0x000000008400c940,0x0000000088080000)
 Metaspace       used 28327K, capacity 30486K, committed 30592K, reserved 1075200K
  class space    used 4103K, capacity 4465K, committed 4480K, reserved 1048576K

Card table byte_map: [0x0000000012900000,0x0000000012d00000] byte_map_base: 0x00000000124f0000

Marking Bits: (ParMarkBitMap*) 0x000000005502f860
 Begin Bits: [0x00000000133a0000, 0x0000000015320000)
 End Bits:   [0x0000000015320000, 0x00000000172a0000)

Polling page: 0x0000000001670000

CodeCache: size=245760Kb used=14013Kb max_used=15168Kb free=231746Kb
 bounds [0x0000000003540000, 0x0000000004420000, 0x0000000012540000]
 total_blobs=5167 nmethods=4431 adapters=647
 compilation: enabled

Compilation events (10 events):
Event: 35.902 Thread 0x000000001808e800 4889       3       com.sun.javafx.geom.Rectangle::<init> (21 bytes)
Event: 35.902 Thread 0x000000001808e800 nmethod 4889 0x00000000036d3610 code [0x00000000036d3780, 0x00000000036d39b0]
Event: 35.902 Thread 0x000000001808e800 4890       3       com.sun.javafx.sg.prism.NGNode::needsBlending (22 bytes)
Event: 35.902 Thread 0x000000001808e800 nmethod 4890 0x000000000371c350 code [0x000000000371c4c0, 0x000000000371c750]
Event: 35.925 Thread 0x000000001808b800 4891       4       java.lang.invoke.MethodType::hashCode (53 bytes)
Event: 35.927 Thread 0x000000001808b800 nmethod 4891 0x000000000371be50 code [0x000000000371bfa0, 0x000000000371c138]
Event: 35.929 Thread 0x0000000018033800 4892  s!   4       com.sun.javafx.tk.Toolkit::getToolkit (225 bytes)
Event: 35.930 Thread 0x0000000018033800 nmethod 4892 0x00000000037a82d0 code [0x00000000037a8420, 0x00000000037a8658]
Event: 35.933 Thread 0x000000001808e800 4893       1       java.util.logging.LogManager::access$500 (5 bytes)
Event: 35.933 Thread 0x000000001808e800 nmethod 4893 0x000000000366b450 code [0x000000000366b5a0, 0x000000000366b690]

GC Heap History (10 events):
Event: 3.182 GC heap before
{Heap before GC invocations=4 (full 0):
 PSYoungGen      total 37888K, used 37857K [0x00000000d6000000, 0x00000000daa00000, 0x0000000100000000)
  eden space 32768K, 100% used [0x00000000d6000000,0x00000000d8000000,0x00000000d8000000)
  from space 5120K, 99% used [0x00000000d8000000,0x00000000d84f84c0,0x00000000d8500000)
  to   space 5120K, 0% used [0x00000000da500000,0x00000000da500000,0x00000000daa00000)
 ParOldGen       total 86016K, used 26050K [0x0000000082000000, 0x0000000087400000, 0x00000000d6000000)
  object space 86016K, 30% used [0x0000000082000000,0x0000000083970968,0x0000000087400000)
 Metaspace       used 19562K, capacity 20336K, committed 20608K, reserved 1067008K
  class space    used 2688K, capacity 2880K, committed 2944K, reserved 1048576K
Event: 3.188 GC heap after
Heap after GC invocations=4 (full 0):
 PSYoungGen      total 70656K, used 5089K [0x00000000d6000000, 0x00000000daa00000, 0x0000000100000000)
  eden space 65536K, 0% used [0x00000000d6000000,0x00000000d6000000,0x00000000da000000)
  from space 5120K, 99% used [0x00000000da500000,0x00000000da9f84c0,0x00000000daa00000)
  to   space 5120K, 0% used [0x00000000da000000,0x00000000da000000,0x00000000da500000)
 ParOldGen       total 86016K, used 29752K [0x0000000082000000, 0x0000000087400000, 0x00000000d6000000)
  object space 86016K, 34% used [0x0000000082000000,0x0000000083d0e0f8,0x0000000087400000)
 Metaspace       used 19562K, capacity 20336K, committed 20608K, reserved 1067008K
  class space    used 2688K, capacity 2880K, committed 2944K, reserved 1048576K
}
Event: 3.287 GC heap before
{Heap before GC invocations=5 (full 0):
 PSYoungGen      total 70656K, used 16506K [0x00000000d6000000, 0x00000000daa00000, 0x0000000100000000)
  eden space 65536K, 17% used [0x00000000d6000000,0x00000000d6b26558,0x00000000da000000)
  from space 5120K, 99% used [0x00000000da500000,0x00000000da9f84c0,0x00000000daa00000)
  to   space 5120K, 0% used [0x00000000da000000,0x00000000da000000,0x00000000da500000)
 ParOldGen       total 86016K, used 29752K [0x0000000082000000, 0x0000000087400000, 0x00000000d6000000)
  object space 86016K, 34% used [0x0000000082000000,0x0000000083d0e0f8,0x0000000087400000)
 Metaspace       used 20395K, capacity 21236K, committed 21248K, reserved 1067008K
  class space    used 2872K, capacity 3072K, committed 3072K, reserved 1048576K
Event: 3.294 GC heap after
Heap after GC invocations=5 (full 0):
 PSYoungGen      total 70656K, used 5105K [0x00000000d6000000, 0x00000000e1100000, 0x0000000100000000)
  eden space 65536K, 0% used [0x00000000d6000000,0x00000000d6000000,0x00000000da000000)
  from space 5120K, 99% used [0x00000000da000000,0x00000000da4fc4d0,0x00000000da500000)
  to   space 25088K, 0% used [0x00000000df880000,0x00000000df880000,0x00000000e1100000)
 ParOldGen       total 86016K, used 30074K [0x0000000082000000, 0x0000000087400000, 0x00000000d6000000)
  object space 86016K, 34% used [0x0000000082000000,0x0000000083d5eb98,0x0000000087400000)
 Metaspace       used 20395K, capacity 21236K, committed 21248K, reserved 1067008K
  class space    used 2872K, capacity 3072K, committed 3072K, reserved 1048576K
}
Event: 3.294 GC heap before
{Heap before GC invocations=6 (full 1):
 PSYoungGen      total 70656K, used 5105K [0x00000000d6000000, 0x00000000e1100000, 0x0000000100000000)
  eden space 65536K, 0% used [0x00000000d6000000,0x00000000d6000000,0x00000000da000000)
  from space 5120K, 99% used [0x00000000da000000,0x00000000da4fc4d0,0x00000000da500000)
  to   space 25088K, 0% used [0x00000000df880000,0x00000000df880000,0x00000000e1100000)
 ParOldGen       total 86016K, used 30074K [0x0000000082000000, 0x0000000087400000, 0x00000000d6000000)
  object space 86016K, 34% used [0x0000000082000000,0x0000000083d5eb98,0x0000000087400000)
 Metaspace       used 20395K, capacity 21236K, committed 21248K, reserved 1067008K
  class space    used 2872K, capacity 3072K, committed 3072K, reserved 1048576K
Event: 3.350 GC heap after
Heap after GC invocations=6 (full 1):
 PSYoungGen      total 70656K, used 0K [0x00000000d6000000, 0x00000000e1100000, 0x0000000100000000)
  eden space 65536K, 0% used [0x00000000d6000000,0x00000000d6000000,0x00000000da000000)
  from space 5120K, 0% used [0x00000000da000000,0x00000000da000000,0x00000000da500000)
  to   space 25088K, 0% used [0x00000000df880000,0x00000000df880000,0x00000000e1100000)
 ParOldGen       total 98816K, used 32802K [0x0000000082000000, 0x0000000088080000, 0x00000000d6000000)
  object space 98816K, 33% used [0x0000000082000000,0x0000000084008940,0x0000000088080000)
 Metaspace       used 20395K, capacity 21236K, committed 21248K, reserved 1067008K
  class space    used 2872K, capacity 3072K, committed 3072K, reserved 1048576K
}
Event: 3.714 GC heap before
{Heap before GC invocations=7 (full 1):
 PSYoungGen      total 70656K, used 65536K [0x00000000d6000000, 0x00000000e1100000, 0x0000000100000000)
  eden space 65536K, 100% used [0x00000000d6000000,0x00000000da000000,0x00000000da000000)
  from space 5120K, 0% used [0x00000000da000000,0x00000000da000000,0x00000000da500000)
  to   space 25088K, 0% used [0x00000000df880000,0x00000000df880000,0x00000000e1100000)
 ParOldGen       total 98816K, used 32802K [0x0000000082000000, 0x0000000088080000, 0x00000000d6000000)
  object space 98816K, 33% used [0x0000000082000000,0x0000000084008940,0x0000000088080000)
 Metaspace       used 21406K, capacity 22708K, committed 22912K, reserved 1069056K
  class space    used 3095K, capacity 3346K, committed 3456K, reserved 1048576K
Event: 3.718 GC heap after
Heap after GC invocations=7 (full 1):
 PSYoungGen      total 104448K, used 1979K [0x00000000d6000000, 0x00000000dfa80000, 0x0000000100000000)
  eden space 102400K, 0% used [0x00000000d6000000,0x00000000d6000000,0x00000000dc400000)
  from space 2048K, 96% used [0x00000000df880000,0x00000000dfa6eef0,0x00000000dfa80000)
  to   space 24576K, 0% used [0x00000000dca80000,0x00000000dca80000,0x00000000de280000)
 ParOldGen       total 98816K, used 32810K [0x0000000082000000, 0x0000000088080000, 0x00000000d6000000)
  object space 98816K, 33% used [0x0000000082000000,0x000000008400a940,0x0000000088080000)
 Metaspace       used 21406K, capacity 22708K, committed 22912K, reserved 1069056K
  class space    used 3095K, capacity 3346K, committed 3456K, reserved 1048576K
}
Event: 4.357 GC heap before
{Heap before GC invocations=8 (full 1):
 PSYoungGen      total 104448K, used 104379K [0x00000000d6000000, 0x00000000dfa80000, 0x0000000100000000)
  eden space 102400K, 100% used [0x00000000d6000000,0x00000000dc400000,0x00000000dc400000)
  from space 2048K, 96% used [0x00000000df880000,0x00000000dfa6eef0,0x00000000dfa80000)
  to   space 24576K, 0% used [0x00000000dca80000,0x00000000dca80000,0x00000000de280000)
 ParOldGen       total 98816K, used 32810K [0x0000000082000000, 0x0000000088080000, 0x00000000d6000000)
  object space 98816K, 33% used [0x0000000082000000,0x000000008400a940,0x0000000088080000)
 Metaspace       used 22886K, capacity 24296K, committed 24320K, reserved 1071104K
  class space    used 3284K, capacity 3566K, committed 3584K, reserved 1048576K
Event: 4.362 GC heap after
Heap after GC invocations=8 (full 1):
 PSYoungGen      total 133632K, used 9437K [0x00000000d6000000, 0x00000000e2400000, 0x0000000100000000)
  eden space 109056K, 0% used [0x00000000d6000000,0x00000000d6000000,0x00000000dca80000)
  from space 24576K, 38% used [0x00000000dca80000,0x00000000dd3b7658,0x00000000de280000)
  to   space 22528K, 0% used [0x00000000e0e00000,0x00000000e0e00000,0x00000000e2400000)
 ParOldGen       total 98816K, used 32818K [0x0000000082000000, 0x0000000088080000, 0x00000000d6000000)
  object space 98816K, 33% used [0x0000000082000000,0x000000008400c940,0x0000000088080000)
 Metaspace       used 22886K, capacity 24296K, committed 24320K, reserved 1071104K
  class space    used 3284K, capacity 3566K, committed 3584K, reserved 1048576K
}

Deoptimization events (10 events):
Event: 6.729 Thread 0x0000000019c33000 Uncommon trap: reason=bimorphic action=maybe_recompile pc=0x00000000040ac5dc method=java.util.WeakHashMap.eq(Ljava/lang/Object;Ljava/lang/Object;)Z @ 7
Event: 6.730 Thread 0x0000000019c33000 Uncommon trap: reason=bimorphic action=maybe_recompile pc=0x00000000040ac5dc method=java.util.WeakHashMap.eq(Ljava/lang/Object;Ljava/lang/Object;)Z @ 7
Event: 6.731 Thread 0x0000000019c33000 Uncommon trap: reason=bimorphic action=maybe_recompile pc=0x00000000040ac5dc method=java.util.WeakHashMap.eq(Ljava/lang/Object;Ljava/lang/Object;)Z @ 7
Event: 6.731 Thread 0x0000000019c33000 Uncommon trap: reason=bimorphic action=maybe_recompile pc=0x00000000040ac5dc method=java.util.WeakHashMap.eq(Ljava/lang/Object;Ljava/lang/Object;)Z @ 7
Event: 7.216 Thread 0x0000000019c60800 Uncommon trap: reason=null_check action=make_not_entrant pc=0x00000000042c4248 method=com.sun.javafx.css.StyleManager$CacheContainer.getCacheMap(Ljava/util/List;Ljava/lang/String;)Ljava/util/Map; @ 218
Event: 7.267 Thread 0x0000000019c60800 Uncommon trap: reason=unstable_if action=reinterpret pc=0x00000000039853a8 method=jdk.internal.org.objectweb.asm.Type.getArgumentsAndReturnSizes(Ljava/lang/String;)I @ 47
Event: 7.278 Thread 0x0000000019c60800 Uncommon trap: reason=unstable_if action=reinterpret pc=0x00000000042007e0 method=javafx.scene.Node.impl_isDirtyEmpty()Z @ 4
Event: 7.305 Thread 0x0000000019c60800 Uncommon trap: reason=unstable_if action=reinterpret pc=0x0000000004226f10 method=com.sun.javafx.sg.prism.NGNode.markDirty()V @ 7
Event: 35.675 Thread 0x0000000019c60800 Uncommon trap: reason=unstable_if action=reinterpret pc=0x0000000004383edc method=javafx.scene.Node.impl_markDirty(Lcom/sun/javafx/scene/DirtyBits;)V @ 4
Event: 35.933 Thread 0x000000001a1e1000 Uncommon trap: reason=unstable_if action=reinterpret pc=0x0000000003810f80 method=java.util.concurrent.locks.ReentrantLock$Sync.tryRelease(I)Z @ 28

Classes redefined (0 events):
No events

Internal exceptions (10 events):
Event: 1.259 Thread 0x0000000019c60800 Exception <a 'java/lang/ArrayIndexOutOfBoundsException': 58> (0x00000000d669e0f8) thrown at [C:\re\workspace\8-2-build-windows-amd64-cygwin\jdk8u161\10277\hotspot\src\share\vm\interpreter\interpreterRuntime.cpp, line 366]
Event: 1.717 Thread 0x0000000019c60800 Exception <a 'java/io/FileNotFoundException'> (0x00000000d6c984d0) thrown at [C:\re\workspace\8-2-build-windows-amd64-cygwin\jdk8u161\10277\hotspot\src\share\vm\prims\jni.cpp, line 709]
Event: 3.537 Thread 0x0000000019c60800 Implicit null exception at 0x0000000003886475 to 0x000000000388668d
Event: 3.537 Thread 0x0000000019c60800 Implicit null exception at 0x0000000003ac86db to 0x0000000003ac8e1d
Event: 5.165 Thread 0x0000000019c60800 Implicit null exception at 0x00000000040e20f5 to 0x00000000040e3a75
Event: 5.166 Thread 0x0000000019c60800 Implicit null exception at 0x0000000004033fee to 0x0000000004035901
Event: 5.517 Thread 0x0000000019c33000 Implicit null exception at 0x0000000003dfcd06 to 0x0000000003dfff65
Event: 5.586 Thread 0x0000000019c33000 Implicit null exception at 0x0000000003deba4c to 0x0000000003deef89
Event: 7.216 Thread 0x0000000019c60800 Implicit null exception at 0x00000000042bf4b6 to 0x00000000042c4219
Event: 35.933 Thread 0x000000001a1e1000 Exception <a 'java/lang/IllegalStateException'> (0x00000000db919fc0) thrown at [C:\re\workspace\8-2-build-windows-amd64-cygwin\jdk8u161\10277\hotspot\src\share\vm\prims\jvm.cpp, line 1394]

Events (10 events):
Event: 35.933 Thread 0x000000001a1de000 Thread exited: 0x000000001a1de000
Event: 35.933 loading class com/sun/javafx/tk/quantum/QuantumRenderer
Event: 35.933 loading class com/sun/javafx/tk/quantum/QuantumRenderer done
Event: 35.933 Thread 0x000000001a1e1000 Uncommon trap: trap_request=0xffffff65 fr.pc=0x0000000003810f80
Event: 35.933 Thread 0x000000001a1e1000 DEOPT PACKING pc=0x0000000003810f80 sp=0x0000000028b9e1f0
Event: 35.933 Thread 0x000000001a1e1000 DEOPT UNPACKING pc=0x000000000358583b sp=0x0000000028b9e178 mode 2
Event: 35.933 loading class com/sun/javafx/tk/quantum/QuantumToolkit
Event: 35.933 loading class com/sun/javafx/tk/quantum/QuantumToolkit done
Event: 35.933 Thread 0x000000001a1e1000 Thread exited: 0x000000001a1e1000
Event: 35.933 Executing VM operation: Exit


Dynamic libraries:
0x00007ff65b900000 - 0x00007ff65b937000 	C:\Program Files\Java\jdk1.8.0_161\bin\javaw.exe
0x00007ffa79570000 - 0x00007ffa79751000 	C:\WINDOWS\SYSTEM32\ntdll.dll
0x00007ffa78940000 - 0x00007ffa789f1000 	C:\WINDOWS\System32\KERNEL32.DLL
0x00007ffa75af0000 - 0x00007ffa75d63000 	C:\WINDOWS\System32\KERNELBASE.dll
0x00007ffa78890000 - 0x00007ffa78931000 	C:\WINDOWS\System32\ADVAPI32.dll
0x00007ffa78190000 - 0x00007ffa7822e000 	C:\WINDOWS\System32\msvcrt.dll
0x00007ffa791a0000 - 0x00007ffa791fb000 	C:\WINDOWS\System32\sechost.dll
0x00007ffa79410000 - 0x00007ffa79534000 	C:\WINDOWS\System32\RPCRT4.dll
0x00007ffa78230000 - 0x00007ffa783c0000 	C:\WINDOWS\System32\USER32.dll
0x00007ffa76280000 - 0x00007ffa762a0000 	C:\WINDOWS\System32\win32u.dll
0x00007ffa79200000 - 0x00007ffa79228000 	C:\WINDOWS\System32\GDI32.dll
0x00007ffa75ef0000 - 0x00007ffa76082000 	C:\WINDOWS\System32\gdi32full.dll
0x00007ffa75df0000 - 0x00007ffa75e8f000 	C:\WINDOWS\System32\msvcp_win.dll
0x00007ffa75940000 - 0x00007ffa75a38000 	C:\WINDOWS\System32\ucrtbase.dll
0x00007ffa6cc80000 - 0x00007ffa6cee9000 	C:\WINDOWS\WinSxS\amd64_microsoft.windows.common-controls_6595b64144ccf1df_6.0.17134.766_none_fb43a1f3306471ed\COMCTL32.dll
0x00007ffa78e70000 - 0x00007ffa79192000 	C:\WINDOWS\System32\combase.dll
0x00007ffa75d70000 - 0x00007ffa75dea000 	C:\WINDOWS\System32\bcryptPrimitives.dll
0x00007ffa77fe0000 - 0x00007ffa7800d000 	C:\WINDOWS\System32\IMM32.DLL
0x0000000054640000 - 0x0000000054712000 	C:\Program Files\Java\jdk1.8.0_161\jre\bin\msvcr100.dll
0x0000000054810000 - 0x00000000550af000 	C:\Program Files\Java\jdk1.8.0_161\jre\bin\server\jvm.dll
0x00007ffa78880000 - 0x00007ffa78888000 	C:\WINDOWS\System32\PSAPI.DLL
0x00007ffa61660000 - 0x00007ffa61669000 	C:\WINDOWS\SYSTEM32\WSOCK32.dll
0x00007ffa78810000 - 0x00007ffa7887c000 	C:\WINDOWS\System32\WS2_32.dll
0x00007ffa6f650000 - 0x00007ffa6f65a000 	C:\WINDOWS\SYSTEM32\VERSION.dll
0x00007ffa70e90000 - 0x00007ffa70eb3000 	C:\WINDOWS\SYSTEM32\WINMM.dll
0x00007ffa70e60000 - 0x00007ffa70e8a000 	C:\WINDOWS\SYSTEM32\WINMMBASE.dll
0x00007ffa762a0000 - 0x00007ffa762e9000 	C:\WINDOWS\System32\cfgmgr32.dll
0x0000000054800000 - 0x000000005480f000 	C:\Program Files\Java\jdk1.8.0_161\jre\bin\verify.dll
0x00000000547d0000 - 0x00000000547f9000 	C:\Program Files\Java\jdk1.8.0_161\jre\bin\java.dll
0x00000000547b0000 - 0x00000000547c6000 	C:\Program Files\Java\jdk1.8.0_161\jre\bin\zip.dll
0x00007ffa76a00000 - 0x00007ffa77e40000 	C:\WINDOWS\System32\SHELL32.dll
0x00007ffa79360000 - 0x00007ffa79409000 	C:\WINDOWS\System32\shcore.dll
0x00007ffa762f0000 - 0x00007ffa769fd000 	C:\WINDOWS\System32\windows.storage.dll
0x00007ffa78110000 - 0x00007ffa78161000 	C:\WINDOWS\System32\shlwapi.dll
0x00007ffa75880000 - 0x00007ffa75891000 	C:\WINDOWS\System32\kernel.appcore.dll
0x00007ffa758c0000 - 0x00007ffa758df000 	C:\WINDOWS\System32\profapi.dll
0x00007ffa758f0000 - 0x00007ffa7593c000 	C:\WINDOWS\System32\powrprof.dll
0x00007ffa758e0000 - 0x00007ffa758ea000 	C:\WINDOWS\System32\FLTLIB.DLL
0x0000000003090000 - 0x0000000003093000 	C:\Program Files\Java\jdk1.8.0_161\jre\bin\api-ms-win-core-console-l1-1-0.dll
0x00000000030a0000 - 0x00000000030a3000 	C:\Program Files\Java\jdk1.8.0_161\jre\bin\api-ms-win-core-datetime-l1-1-0.dll
0x00000000030b0000 - 0x00000000030b3000 	C:\Program Files\Java\jdk1.8.0_161\jre\bin\api-ms-win-core-debug-l1-1-0.dll
0x00000000030c0000 - 0x00000000030c3000 	C:\Program Files\Java\jdk1.8.0_161\jre\bin\api-ms-win-core-errorhandling-l1-1-0.dll
0x00000000030d0000 - 0x00000000030d4000 	C:\Program Files\Java\jdk1.8.0_161\jre\bin\api-ms-win-core-file-l1-1-0.dll
0x00000000030e0000 - 0x00000000030e3000 	C:\Program Files\Java\jdk1.8.0_161\jre\bin\api-ms-win-core-file-l1-2-0.dll
0x00000000030f0000 - 0x00000000030f3000 	C:\Program Files\Java\jdk1.8.0_161\jre\bin\api-ms-win-core-file-l2-1-0.dll
0x0000000003100000 - 0x0000000003103000 	C:\Program Files\Java\jdk1.8.0_161\jre\bin\api-ms-win-core-handle-l1-1-0.dll
0x0000000003110000 - 0x0000000003113000 	C:\Program Files\Java\jdk1.8.0_161\jre\bin\api-ms-win-core-heap-l1-1-0.dll
0x0000000003120000 - 0x0000000003123000 	C:\Program Files\Java\jdk1.8.0_161\jre\bin\api-ms-win-core-interlocked-l1-1-0.dll
0x0000000019f80000 - 0x0000000019f83000 	C:\Program Files\Java\jdk1.8.0_161\jre\bin\api-ms-win-core-libraryloader-l1-1-0.dll
0x0000000019f90000 - 0x0000000019f93000 	C:\Program Files\Java\jdk1.8.0_161\jre\bin\api-ms-win-core-localization-l1-2-0.dll
0x0000000019fa0000 - 0x0000000019fa3000 	C:\Program Files\Java\jdk1.8.0_161\jre\bin\api-ms-win-core-memory-l1-1-0.dll
0x0000000019fb0000 - 0x0000000019fb3000 	C:\Program Files\Java\jdk1.8.0_161\jre\bin\api-ms-win-core-namedpipe-l1-1-0.dll
0x0000000019fc0000 - 0x0000000019fc3000 	C:\Program Files\Java\jdk1.8.0_161\jre\bin\api-ms-win-core-processenvironment-l1-1-0.dll
0x0000000019fd0000 - 0x0000000019fd3000 	C:\Program Files\Java\jdk1.8.0_161\jre\bin\api-ms-win-core-processthreads-l1-1-0.dll
0x0000000019fe0000 - 0x0000000019fe3000 	C:\Program Files\Java\jdk1.8.0_161\jre\bin\api-ms-win-core-processthreads-l1-1-1.dll
0x0000000019ff0000 - 0x0000000019ff3000 	C:\Program Files\Java\jdk1.8.0_161\jre\bin\api-ms-win-core-profile-l1-1-0.dll
0x000000001a000000 - 0x000000001a003000 	C:\Program Files\Java\jdk1.8.0_161\jre\bin\api-ms-win-core-rtlsupport-l1-1-0.dll
0x000000001a010000 - 0x000000001a013000 	C:\Program Files\Java\jdk1.8.0_161\jre\bin\api-ms-win-core-string-l1-1-0.dll
0x000000001a020000 - 0x000000001a023000 	C:\Program Files\Java\jdk1.8.0_161\jre\bin\api-ms-win-core-synch-l1-1-0.dll
0x000000001a030000 - 0x000000001a033000 	C:\Program Files\Java\jdk1.8.0_161\jre\bin\api-ms-win-core-synch-l1-2-0.dll
0x000000001a040000 - 0x000000001a043000 	C:\Program Files\Java\jdk1.8.0_161\jre\bin\api-ms-win-core-sysinfo-l1-1-0.dll
0x000000001a050000 - 0x000000001a053000 	C:\Program Files\Java\jdk1.8.0_161\jre\bin\api-ms-win-core-timezone-l1-1-0.dll
0x000000001a060000 - 0x000000001a063000 	C:\Program Files\Java\jdk1.8.0_161\jre\bin\api-ms-win-core-util-l1-1-0.dll
0x000000001a070000 - 0x000000001a073000 	C:\Program Files\Java\jdk1.8.0_161\jre\bin\api-ms-win-crt-conio-l1-1-0.dll
0x000000001a080000 - 0x000000001a084000 	C:\Program Files\Java\jdk1.8.0_161\jre\bin\api-ms-win-crt-convert-l1-1-0.dll
0x000000001a090000 - 0x000000001a093000 	C:\Program Files\Java\jdk1.8.0_161\jre\bin\api-ms-win-crt-environment-l1-1-0.dll
0x000000001a0a0000 - 0x000000001a0a3000 	C:\Program Files\Java\jdk1.8.0_161\jre\bin\api-ms-win-crt-filesystem-l1-1-0.dll
0x000000001a0b0000 - 0x000000001a0b3000 	C:\Program Files\Java\jdk1.8.0_161\jre\bin\api-ms-win-crt-heap-l1-1-0.dll
0x000000001a0c0000 - 0x000000001a0c3000 	C:\Program Files\Java\jdk1.8.0_161\jre\bin\api-ms-win-crt-locale-l1-1-0.dll
0x000000001a0d0000 - 0x000000001a0d5000 	C:\Program Files\Java\jdk1.8.0_161\jre\bin\api-ms-win-crt-math-l1-1-0.dll
0x000000001a0e0000 - 0x000000001a0e5000 	C:\Program Files\Java\jdk1.8.0_161\jre\bin\api-ms-win-crt-multibyte-l1-1-0.dll
0x000000001a0f0000 - 0x000000001a100000 	C:\Program Files\Java\jdk1.8.0_161\jre\bin\api-ms-win-crt-private-l1-1-0.dll
0x000000001a100000 - 0x000000001a103000 	C:\Program Files\Java\jdk1.8.0_161\jre\bin\api-ms-win-crt-process-l1-1-0.dll
0x000000001a110000 - 0x000000001a114000 	C:\Program Files\Java\jdk1.8.0_161\jre\bin\api-ms-win-crt-runtime-l1-1-0.dll
0x000000001a120000 - 0x000000001a124000 	C:\Program Files\Java\jdk1.8.0_161\jre\bin\api-ms-win-crt-stdio-l1-1-0.dll
0x000000001a130000 - 0x000000001a134000 	C:\Program Files\Java\jdk1.8.0_161\jre\bin\api-ms-win-crt-string-l1-1-0.dll
0x000000001a140000 - 0x000000001a143000 	C:\Program Files\Java\jdk1.8.0_161\jre\bin\api-ms-win-crt-time-l1-1-0.dll
0x000000001a150000 - 0x000000001a153000 	C:\Program Files\Java\jdk1.8.0_161\jre\bin\api-ms-win-crt-utility-l1-1-0.dll
0x00007ffa25730000 - 0x00007ffa25826000 	C:\Program Files\Java\jdk1.8.0_161\jre\bin\ucrtbase.dll
0x00007ffa3a6b0000 - 0x00007ffa3a701000 	C:\Program Files\Java\jdk1.8.0_161\jre\bin\concrt140.dll
0x00007ffa73520000 - 0x00007ffa735bb000 	C:\WINDOWS\SYSTEM32\MSVCP140.dll
0x00007ffa73500000 - 0x00007ffa73515000 	C:\WINDOWS\SYSTEM32\VCRUNTIME140.dll
0x00007ffa64450000 - 0x00007ffa64466000 	C:\Program Files\Java\jdk1.8.0_161\jre\bin\vcruntime140.dll
0x00007ffa38ab0000 - 0x00007ffa38b4c000 	C:\Program Files\Java\jdk1.8.0_161\jre\bin\msvcp140.dll
0x0000000054610000 - 0x0000000054633000 	C:\Program Files\Java\jdk1.8.0_161\jre\bin\prism_d3d.dll
0x00007ffa6f1d0000 - 0x00007ffa6f367000 	C:\WINDOWS\system32\d3d9.dll
0x00007ffa73f60000 - 0x00007ffa73f89000 	C:\WINDOWS\SYSTEM32\dwmapi.dll
0x00007ffa73220000 - 0x00007ffa732b8000 	C:\WINDOWS\system32\uxtheme.dll
0x00007ffa78d10000 - 0x00007ffa78e61000 	C:\WINDOWS\System32\ole32.dll
0x00007ffa79290000 - 0x00007ffa79352000 	C:\WINDOWS\System32\OLEAUT32.dll
0x00000000545c0000 - 0x0000000054609000 	C:\Program Files\Java\jdk1.8.0_161\jre\bin\glass.dll
0x00007ffa78020000 - 0x00007ffa7810d000 	C:\WINDOWS\System32\COMDLG32.dll
0x00007ffa78b10000 - 0x00007ffa78c83000 	C:\WINDOWS\System32\MSCTF.dll
0x00000000545a0000 - 0x00000000545b4000 	C:\Program Files\Java\jdk1.8.0_161\jre\bin\javafx_font.dll
0x00007ffa66c40000 - 0x00007ffa66f5c000 	C:\WINDOWS\SYSTEM32\dwrite.dll
0x0000000054740000 - 0x0000000054764000 	C:\Program Files\Java\jdk1.8.0_161\jre\bin\sunec.dll
0x0000000054790000 - 0x00000000547aa000 	C:\Program Files\Java\jdk1.8.0_161\jre\bin\net.dll
0x00007ffa75100000 - 0x00007ffa75166000 	C:\WINDOWS\system32\mswsock.dll
0x00007ffa74e80000 - 0x00007ffa74eb8000 	C:\WINDOWS\SYSTEM32\IPHLPAPI.DLL
0x00007ffa78010000 - 0x00007ffa78018000 	C:\WINDOWS\System32\NSI.dll
0x00007ffa6f620000 - 0x00007ffa6f636000 	C:\WINDOWS\SYSTEM32\dhcpcsvc6.DLL
0x00007ffa6f370000 - 0x00007ffa6f38a000 	C:\WINDOWS\SYSTEM32\dhcpcsvc.DLL
0x0000000054770000 - 0x0000000054781000 	C:\Program Files\Java\jdk1.8.0_161\jre\bin\nio.dll
0x00007ffa78a70000 - 0x00007ffa78b10000 	C:\WINDOWS\System32\clbcatq.dll
0x00007ffa6fe30000 - 0x00007ffa6ffde000 	C:\WINDOWS\SYSTEM32\WindowsCodecs.dll
0x00007ffa4d3d0000 - 0x00007ffa4d428000 	C:\WINDOWS\system32\dataexchange.dll
0x00007ffa72700000 - 0x00007ffa72a0b000 	C:\WINDOWS\system32\d3d11.dll
0x00007ffa72a10000 - 0x00007ffa72bac000 	C:\WINDOWS\system32\dcomp.dll
0x00007ffa74640000 - 0x00007ffa746fb000 	C:\WINDOWS\system32\dxgi.dll
0x00007ffa73cc0000 - 0x00007ffa73e78000 	C:\WINDOWS\system32\twinapi.appcore.dll
0x00007ffa73c10000 - 0x00007ffa73c39000 	C:\WINDOWS\system32\RMCLIENT.dll
0x00007ffa629f0000 - 0x00007ffa62a24000 	C:\Program Files\Common Files\Microsoft Shared\Ink\rtscom.dll
0x00007ffa692e0000 - 0x00007ffa69376000 	C:\WINDOWS\System32\TextInputFramework.dll
0x00007ffa6f730000 - 0x00007ffa6fa4e000 	C:\WINDOWS\System32\CoreUIComponents.dll
0x00007ffa72ef0000 - 0x00007ffa72fca000 	C:\WINDOWS\System32\CoreMessaging.dll
0x00007ffa74970000 - 0x00007ffa749a1000 	C:\WINDOWS\SYSTEM32\ntmarta.dll
0x00007ffa71420000 - 0x00007ffa7156d000 	C:\WINDOWS\SYSTEM32\wintypes.dll
0x0000000054570000 - 0x0000000054593000 	C:\Program Files\Java\jdk1.8.0_161\jre\bin\javafx_iio.dll
0x0000000054550000 - 0x0000000054562000 	C:\Program Files\Java\jdk1.8.0_161\jre\bin\prism_common.dll
0x00007ffa742d0000 - 0x00007ffa74499000 	C:\WINDOWS\SYSTEM32\dbghelp.dll

VM Arguments:
jvm_args: -Dfile.encoding=UTF-8 
java_command: com.jeeves.vpl.Main
java_class_path (initial): C:\Program Files\Java\jdk1.8.0_161\jre\lib\resources.jar;C:\Program Files\Java\jdk1.8.0_161\jre\lib\rt.jar;C:\Program Files\Java\jdk1.8.0_161\jre\lib\jsse.jar;C:\Program Files\Java\jdk1.8.0_161\jre\lib\jce.jar;C:\Program Files\Java\jdk1.8.0_161\jre\lib\charsets.jar;C:\Program Files\Java\jdk1.8.0_161\jre\lib\jfr.jar;C:\Program Files\Java\jdk1.8.0_161\jre\lib\ext\access-bridge-64.jar;C:\Program Files\Java\jdk1.8.0_161\jre\lib\ext\cldrdata.jar;C:\Program Files\Java\jdk1.8.0_161\jre\lib\ext\dnsns.jar;C:\Program Files\Java\jdk1.8.0_161\jre\lib\ext\jaccess.jar;C:\Program Files\Java\jdk1.8.0_161\jre\lib\ext\jfxrt.jar;C:\Program Files\Java\jdk1.8.0_161\jre\lib\ext\localedata.jar;C:\Program Files\Java\jdk1.8.0_161\jre\lib\ext\nashorn.jar;C:\Program Files\Java\jdk1.8.0_161\jre\lib\ext\sunec.jar;C:\Program Files\Java\jdk1.8.0_161\jre\lib\ext\sunjce_provider.jar;C:\Program Files\Java\jdk1.8.0_161\jre\lib\ext\sunmscapi.jar;C:\Program Files\Java\jdk1.8.0_161\jre\lib\ext\sunpkcs11.jar;C:\Program Files\Java\jdk1.8.0_161\jre\lib\ext\zipfs.jar;C:\Users\danie\eclipse-workspace\Jeeves\target\classes;C:\Users\danie\.m2\repository\commons-codec\commons-codec\1.11\commons-codec-1.11.jar;C:\Users\danie\.m2\repository\commons-validator\commons-validator\1.4.1\commons-validator-1.4.1.jar;C:\Users\danie\.m2\repository\commons-beanutils\commons-beanutils\1.8.3\commons-beanutils-1.8.3.jar;C:\Users\danie\.m2\repository\commons-digester\commons-digester\1.8.1\commons-digester-1.8.1.jar;C:\Users\danie\.m2\repository\commons-logging\commons-logging\1.2\commons-logging-1.2.jar;C:\Users\danie\.m2\repository\commons-collections\commons-collections\3.2.1\commons-collections-3.2.1.jar;C:\Users\danie\.m2\repository\org\apache\shiro\shiro-core\1.3.2\shiro-core-1.3.2.jar;C:\Users\danie\.m2\repository\com\google\firebase\firebase-admin\6.6.0\firebase-admin-6.6.0.jar;C:\Users\danie\.m2\repository\com\google\api-client\google-api-client\1.25.0\google-api-client-1.25.0.jar;C:\Users
Launcher Type: SUN_STANDARD

Environment Variables:
JAVA_HOME=c:\program files\java\jdk1.8.0_161
PATH=C:/Program Files/Java/jdk1.8.0_161/bin/../jre/bin/server;C:/Program Files/Java/jdk1.8.0_161/bin/../jre/bin;C:/Program Files/Java/jdk1.8.0_161/bin/../jre/lib/amd64;C:\Program Files (x86)\Common Files\Oracle\Java\javapath;C:\ProgramData\Oracle\Java\javapath;C:\Program Files (x86)\Intel\Intel(R) Management Engine Components\iCLS\;C:\Program Files\Intel\Intel(R) Management Engine Components\iCLS\;C:\Windows\system32;C:\Windows;C:\Windows\System32\Wbem;C:\Windows\System32\WindowsPowerShell\v1.0\;C:\Program Files (x86)\Intel\Intel(R) Management Engine Components\DAL;C:\Program Files\Intel\Intel(R) Management Engine Components\DAL;C:\Program Files (x86)\Intel\Intel(R) Management Engine Components\IPT;C:\Program Files\Intel\Intel(R) Management Engine Components\IPT;C:\Program Files (x86)\NVIDIA Corporation\PhysX\Common;C:\Program Files\Git\cmd;C:\Program Files\Git\mingw64\bin;C:\Program Files\Git\usr\bin;C:\WINDOWS\system32;C:\WINDOWS;C:\WINDOWS\System32\Wbem;C:\WINDOWS\System32\WindowsPowerShell\v1.0\;C:\WINDOWS\System32\OpenSSH\;C:\Program Files\PuTTY\;C:\Program Files\Microsoft SQL Server\120\Tools\Binn\;C:\Program Files\Intel\WiFi\bin\;C:\Program Files\Common Files\Intel\WirelessCommon\;C:\Program Files\IBM\SPSS\Statistics\25\JRE\bin;C:\Program Files\nodejs\;C:\Users\danie\AppData\Local\Programs\Python\Python37-32\Scripts\;C:\Users\danie\AppData\Local\Programs\Python\Python37-32\;C:\Users\danie\scoop\shims;c:\jruby-9.1.8.0\bin;C:\Ruby24-x64\bin;C:\Users\danie\AppData\Local\Microsoft\WindowsApps;C:\Program Files\Heroku\bin;C:\Users\danie\AppData\Roaming\npm;C:\Shortcuts;C:\Users\danie\AppData\Local\Android\Sdk\platform-tools;C:\Users\danie\AppData\Local\Box\Box Edit\;C:\WINDOWS\system32;
USERNAME=danie
OS=Windows_NT
PROCESSOR_IDENTIFIER=Intel64 Family 6 Model 158 Stepping 9, GenuineIntel



---------------  S Y S T E M  ---------------

OS: Windows 10.0 , 64 bit Build 17134 (10.0.17134.753)

CPU:total 4 (initial active 4) (4 cores per cpu, 1 threads per core) family 6 model 158 stepping 9, cmov, cx8, fxsr, mmx, sse, sse2, sse3, ssse3, sse4.1, sse4.2, popcnt, avx, avx2, aes, clmul, erms, 3dnowpref, lzcnt, tsc, tscinvbit, bmi1, bmi2, adx

Memory: 4k page, physical 8250724k(1725788k free), swap 17220464k(7484980k free)

vm_info: Java HotSpot(TM) 64-Bit Server VM (25.161-b12) for windows-amd64 JRE (1.8.0_161-b12), built on Dec 19 2017 17:52:25 by "java_re" with MS VC++ 10.0 (VS2010)

time: Sat Jun 01 21:03:42 2019
elapsed time: 36 seconds (0d 0h 0m 36s)

