#
# A fatal error has been detected by the Java Runtime Environment:
#
#  EXCEPTION_ACCESS_VIOLATION (0xc0000005) at pc=0x000000005ac5584a, pid=13088, tid=0x0000000000002994
#
# JRE version: Java(TM) SE Runtime Environment (8.0_121-b13) (build 1.8.0_121-b13)
# Java VM: Java HotSpot(TM) 64-Bit Server VM (25.121-b13 mixed mode windows-amd64 compressed oops)
# Problematic frame:
# C  [glass.dll+0x2584a]
#
# Failed to write core dump. Minidumps are not enabled by default on client versions of Windows
#
# If you would like to submit a bug report, please visit:
#   http://bugreport.java.com/bugreport/crash.jsp
#

---------------  T H R E A D  ---------------

Current thread (0x0000000017608000):  VMThread [stack: 0x00000000186a0000,0x00000000187a0000] [id=10644]

siginfo: ExceptionCode=0xc0000005, reading address 0x0000000000000000

Registers:
RAX=0x0000000000000000, RBX=0x000000001913ffd8, RCX=0x0000000017608000, RDX=0x000000001913ffd8
RSP=0x000000001879f590, RBP=0x0000000000b56df0, RSI=0x0000000000000001, RDI=0x0000000000000000
R8 =0x0000000000010002, R9 =0x0000000000b56df0, R10=0x0000000000000000, R11=0x0000000000000246
R12=0x0000000000b56e20, R13=0x0000000000b56df0, R14=0x0000000000b56e00, R15=0x0000000000000000
RIP=0x000000005ac5584a, EFLAGS=0x0000000000010206

Top of Stack: (sp=0x000000001879f590)
0x000000001879f590:   0000000000000000 000000005ac55900
0x000000001879f5a0:   0000000000000000 0000000000b56df0
0x000000001879f5b0:   000000005ac55830 000000005ac53224
0x000000001879f5c0:   000000005ac691b0 00000000cbd96518
0x000000001879f5d0:   0000000017515400 00007ffcc9325aa2
0x000000001879f5e0:   000000005ac53384 000000005ac30000
0x000000001879f5f0:   00007ffccc5d31b0 000000005ac534a6
0x000000001879f600:   0000000000000001 0000000017515400
0x000000001879f610:   0000000000000000 0000000000000000
0x000000001879f620:   c000000500000001 000000001879e710
0x000000001879f630:   000000005ac53384 00007ffccc4aa35f
0x000000001879f640:   0000000000000000 0000000000000001
0x000000001879f650:   000000005ac30000 0000000000000000
0x000000001879f660:   0000a3c7deec31c7 0000000000b39280
0x000000001879f670:   00007ffccbd14200 0000000000fb2600
0x000000001879f680:   0000000000fb2600 0000000000b3c7e0 

Instructions: (pc=0x000000005ac5584a)
0x000000005ac5582a:   83 c4 20 5d c3 cc 40 53 48 83 ec 20 48 8b 1d cb
0x000000005ac5583a:   5b 01 00 48 85 db 74 1a e8 19 93 ff ff 48 8b d3
0x000000005ac5584a:   4c 8b 00 48 8b c8 48 83 c4 20 5b 49 ff a0 b0 00
0x000000005ac5585a:   00 00 48 83 c4 20 5b c3 cc cc cc cc cc cc cc cc 


Register to memory mapping:

RAX=0x0000000000000000 is an unknown value
RBX=0x000000001913ffd8 is a global jni handle
RCX=0x0000000017608000 is an unknown value
RDX=0x000000001913ffd8 is a global jni handle
RSP=0x000000001879f590 is an unknown value
RBP=0x0000000000b56df0 is an unknown value
RSI=0x0000000000000001 is an unknown value
RDI=0x0000000000000000 is an unknown value
R8 =0x0000000000010002 is an unknown value
R9 =0x0000000000b56df0 is an unknown value
R10=0x0000000000000000 is an unknown value
R11=0x0000000000000246 is an unknown value
R12=0x0000000000b56e20 is an unknown value
R13=0x0000000000b56df0 is an unknown value
R14=0x0000000000b56e00 is an unknown value
R15=0x0000000000000000 is an unknown value


Stack: [0x00000000186a0000,0x00000000187a0000],  sp=0x000000001879f590,  free space=1021k
Native frames: (J=compiled Java code, j=interpreted, Vv=VM code, C=native code)
C  [glass.dll+0x2584a]
C  [glass.dll+0x23224]
C  [glass.dll+0x234a6]
C  [ntdll.dll+0x2a35f]
C  [ntdll.dll+0x806b]
C  [ntdll.dll+0x7d94]
C  [KERNEL32.DLL+0x1ce6a]
C  [msvcr100.dll+0x20ccd]
V  [jvm.dll+0x212cb5]
V  [jvm.dll+0x24bd17]
V  [jvm.dll+0x24afb6]
V  [jvm.dll+0x24b451]
V  [jvm.dll+0x24b66e]
V  [jvm.dll+0x29c69a]
C  [msvcr100.dll+0x21d9f]
C  [msvcr100.dll+0x21e3b]
C  [KERNEL32.DLL+0x8364]
C  [ntdll.dll+0x670d1]

VM_Operation (0x000000001a11aae0): Exit, mode: safepoint, requested by thread 0x00000000194b2000


---------------  P R O C E S S  ---------------

Java Threads: ( => current thread )
  0x000000001985e800 JavaThread "Prism Font Disposer" daemon [_thread_blocked, id=12776, stack(0x0000000021400000,0x0000000021500000)]
  0x0000000019582800 JavaThread "JavaFX-Launcher" [_thread_blocked, id=1108, stack(0x000000001e7c0000,0x000000001e8c0000)]
  0x0000000019580800 JavaThread "Thread-2" daemon [_thread_in_native, id=3792, stack(0x000000001e6c0000,0x000000001e7c0000)]
  0x00000000194b2000 JavaThread "JavaFX Application Thread" [_thread_blocked, id=11460, stack(0x000000001a020000,0x000000001a120000)]
  0x00000000194ad000 JavaThread "Thread-1" daemon [_thread_blocked, id=9380, stack(0x0000000019f20000,0x000000001a020000)]
  0x0000000019186000 JavaThread "QuantumRenderer-0" daemon [_thread_blocked, id=11552, stack(0x0000000019ca0000,0x0000000019da0000)]
  0x000000001769e800 JavaThread "Service Thread" daemon [_thread_blocked, id=4172, stack(0x00000000192a0000,0x00000000193a0000)]
  0x0000000018da8800 JavaThread "C1 CompilerThread2" daemon [_thread_blocked, id=3240, stack(0x00000000191a0000,0x00000000192a0000)]
  0x0000000017694800 JavaThread "C2 CompilerThread1" daemon [_thread_blocked, id=15032, stack(0x0000000018ca0000,0x0000000018da0000)]
  0x0000000017640800 JavaThread "C2 CompilerThread0" daemon [_thread_blocked, id=12736, stack(0x0000000018ba0000,0x0000000018ca0000)]
  0x000000001763f000 JavaThread "Attach Listener" daemon [_thread_blocked, id=7100, stack(0x0000000018aa0000,0x0000000018ba0000)]
  0x000000001763e000 JavaThread "Signal Dispatcher" daemon [_thread_blocked, id=9764, stack(0x00000000189a0000,0x0000000018aa0000)]
  0x000000001762a800 JavaThread "Finalizer" daemon [_thread_blocked, id=9424, stack(0x00000000188a0000,0x00000000189a0000)]
  0x0000000002aa1800 JavaThread "Reference Handler" daemon [_thread_blocked, id=14612, stack(0x00000000187a0000,0x00000000188a0000)]
  0x0000000000fbe800 JavaThread "main" [_thread_blocked, id=14348, stack(0x00000000027b0000,0x00000000028b0000)]

Other Threads:
=>0x0000000017608000 VMThread [stack: 0x00000000186a0000,0x00000000187a0000] [id=10644]

VM state:at safepoint (shutting down)

VM Mutex/Monitor currently owned by a thread:  ([mutex/lock_event])
[0x00000000029b0350] Threads_lock - owner thread: 0x0000000017608000

Heap:
 PSYoungGen      total 71680K, used 57058K [0x00000000d5b00000, 0x00000000dfa00000, 0x0000000100000000)
  eden space 66560K, 85% used [0x00000000d5b00000,0x00000000d92b8a48,0x00000000d9c00000)
  from space 5120K, 0% used [0x00000000d9c00000,0x00000000d9c00000,0x00000000da100000)
  to   space 14848K, 0% used [0x00000000deb80000,0x00000000deb80000,0x00000000dfa00000)
 ParOldGen       total 77824K, used 18767K [0x0000000081000000, 0x0000000085c00000, 0x00000000d5b00000)
  object space 77824K, 24% used [0x0000000081000000,0x0000000082253e78,0x0000000085c00000)
 Metaspace       used 25512K, capacity 27530K, committed 27648K, reserved 1073152K
  class space    used 3708K, capacity 4058K, committed 4096K, reserved 1048576K

Card table byte_map: [0x0000000011e70000,0x0000000012270000] byte_map_base: 0x0000000011a68000

Marking Bits: (ParMarkBitMap*) 0x000000005b57b6d0
 Begin Bits: [0x0000000012920000, 0x00000000148e0000)
 End Bits:   [0x00000000148e0000, 0x00000000168a0000)

Polling page: 0x0000000000b00000

CodeCache: size=245760Kb used=12842Kb max_used=12847Kb free=232917Kb
 bounds [0x0000000002ab0000, 0x0000000003750000, 0x0000000011ab0000]
 total_blobs=5097 nmethods=4388 adapters=619
 compilation: enabled

Compilation events (10 events):
Event: 6.914 Thread 0x0000000018da8800 4399       3       java.util.concurrent.locks.ReentrantLock$NonfairSync::tryAcquire (6 bytes)
Event: 6.914 Thread 0x0000000018da8800 nmethod 4399 0x0000000003734950 code [0x0000000003734ac0, 0x0000000003734cc8]
Event: 6.992 Thread 0x0000000018da8800 4400       3       java.lang.invoke.MethodHandles$Lookup::restrictReceiver (123 bytes)
Event: 6.993 Thread 0x0000000018da8800 nmethod 4400 0x0000000003733d90 code [0x0000000003733f40, 0x0000000003734698]
Event: 6.993 Thread 0x0000000017694800 4401       4       java.util.ArrayList$Itr::next (66 bytes)
Event: 6.995 Thread 0x0000000017694800 nmethod 4401 0x0000000003743390 code [0x00000000037434e0, 0x00000000037435f8]
Event: 6.996 Thread 0x0000000018da8800 4402       1       java.util.logging.Logger::getName (5 bytes)
Event: 6.996 Thread 0x0000000018da8800 nmethod 4402 0x00000000037430d0 code [0x0000000003743220, 0x0000000003743330]
Event: 6.996 Thread 0x0000000018da8800 4403   !   3       java.util.concurrent.locks.AbstractQueuedSynchronizer::acquireQueued (93 bytes)
Event: 6.999 Thread 0x0000000018da8800 nmethod 4403 0x0000000003741d10 code [0x0000000003741f40, 0x0000000003742a58]

GC Heap History (10 events):
Event: 1.379 GC heap before
{Heap before GC invocations=2 (full 0):
 PSYoungGen      total 38400K, used 38396K [0x00000000d5b00000, 0x00000000d8580000, 0x0000000100000000)
  eden space 33280K, 100% used [0x00000000d5b00000,0x00000000d7b80000,0x00000000d7b80000)
  from space 5120K, 99% used [0x00000000d7b80000,0x00000000d807f3d0,0x00000000d8080000)
  to   space 5120K, 0% used [0x00000000d8080000,0x00000000d8080000,0x00000000d8580000)
 ParOldGen       total 87552K, used 344K [0x0000000081000000, 0x0000000086580000, 0x00000000d5b00000)
  object space 87552K, 0% used [0x0000000081000000,0x0000000081056230,0x0000000086580000)
 Metaspace       used 16644K, capacity 17138K, committed 17408K, reserved 1064960K
  class space    used 2288K, capacity 2438K, committed 2560K, reserved 1048576K
Event: 1.389 GC heap after
Heap after GC invocations=2 (full 0):
 PSYoungGen      total 38400K, used 5088K [0x00000000d5b00000, 0x00000000da600000, 0x0000000100000000)
  eden space 33280K, 0% used [0x00000000d5b00000,0x00000000d5b00000,0x00000000d7b80000)
  from space 5120K, 99% used [0x00000000d8080000,0x00000000d8578080,0x00000000d8580000)
  to   space 5120K, 0% used [0x00000000d7b80000,0x00000000d7b80000,0x00000000d8080000)
 ParOldGen       total 87552K, used 10629K [0x0000000081000000, 0x0000000086580000, 0x00000000d5b00000)
  object space 87552K, 12% used [0x0000000081000000,0x0000000081a616c0,0x0000000086580000)
 Metaspace       used 16644K, capacity 17138K, committed 17408K, reserved 1064960K
  class space    used 2288K, capacity 2438K, committed 2560K, reserved 1048576K
}
Event: 1.719 GC heap before
{Heap before GC invocations=3 (full 0):
 PSYoungGen      total 38400K, used 38368K [0x00000000d5b00000, 0x00000000da600000, 0x0000000100000000)
  eden space 33280K, 100% used [0x00000000d5b00000,0x00000000d7b80000,0x00000000d7b80000)
  from space 5120K, 99% used [0x00000000d8080000,0x00000000d8578080,0x00000000d8580000)
  to   space 5120K, 0% used [0x00000000d7b80000,0x00000000d7b80000,0x00000000d8080000)
 ParOldGen       total 87552K, used 10629K [0x0000000081000000, 0x0000000086580000, 0x00000000d5b00000)
  object space 87552K, 12% used [0x0000000081000000,0x0000000081a616c0,0x0000000086580000)
 Metaspace       used 19032K, capacity 20004K, committed 20096K, reserved 1067008K
  class space    used 2684K, capacity 2909K, committed 2944K, reserved 1048576K
Event: 1.726 GC heap after
Heap after GC invocations=3 (full 0):
 PSYoungGen      total 38400K, used 5088K [0x00000000d5b00000, 0x00000000da600000, 0x0000000100000000)
  eden space 33280K, 0% used [0x00000000d5b00000,0x00000000d5b00000,0x00000000d7b80000)
  from space 5120K, 99% used [0x00000000d7b80000,0x00000000d8078090,0x00000000d8080000)
  to   space 5120K, 0% used [0x00000000da100000,0x00000000da100000,0x00000000da600000)
 ParOldGen       total 87552K, used 12233K [0x0000000081000000, 0x0000000086580000, 0x00000000d5b00000)
  object space 87552K, 13% used [0x0000000081000000,0x0000000081bf25d8,0x0000000086580000)
 Metaspace       used 19032K, capacity 20004K, committed 20096K, reserved 1067008K
  class space    used 2684K, capacity 2909K, committed 2944K, reserved 1048576K
}
Event: 2.019 GC heap before
{Heap before GC invocations=4 (full 0):
 PSYoungGen      total 38400K, used 38368K [0x00000000d5b00000, 0x00000000da600000, 0x0000000100000000)
  eden space 33280K, 100% used [0x00000000d5b00000,0x00000000d7b80000,0x00000000d7b80000)
  from space 5120K, 99% used [0x00000000d7b80000,0x00000000d8078090,0x00000000d8080000)
  to   space 5120K, 0% used [0x00000000da100000,0x00000000da100000,0x00000000da600000)
 ParOldGen       total 87552K, used 12233K [0x0000000081000000, 0x0000000086580000, 0x00000000d5b00000)
  object space 87552K, 13% used [0x0000000081000000,0x0000000081bf25d8,0x0000000086580000)
 Metaspace       used 19705K, capacity 20682K, committed 20736K, reserved 1067008K
  class space    used 2820K, capacity 3038K, committed 3072K, reserved 1048576K
Event: 2.036 GC heap after
Heap after GC invocations=4 (full 0):
 PSYoungGen      total 71680K, used 5092K [0x00000000d5b00000, 0x00000000da600000, 0x0000000100000000)
  eden space 66560K, 0% used [0x00000000d5b00000,0x00000000d5b00000,0x00000000d9c00000)
  from space 5120K, 99% used [0x00000000da100000,0x00000000da5f92e0,0x00000000da600000)
  to   space 5120K, 0% used [0x00000000d9c00000,0x00000000d9c00000,0x00000000da100000)
 ParOldGen       total 87552K, used 13516K [0x0000000081000000, 0x0000000086580000, 0x00000000d5b00000)
  object space 87552K, 15% used [0x0000000081000000,0x0000000081d33020,0x0000000086580000)
 Metaspace       used 19705K, capacity 20682K, committed 20736K, reserved 1067008K
  class space    used 2820K, capacity 3038K, committed 3072K, reserved 1048576K
}
Event: 2.409 GC heap before
{Heap before GC invocations=5 (full 0):
 PSYoungGen      total 71680K, used 59593K [0x00000000d5b00000, 0x00000000da600000, 0x0000000100000000)
  eden space 66560K, 81% used [0x00000000d5b00000,0x00000000d9039390,0x00000000d9c00000)
  from space 5120K, 99% used [0x00000000da100000,0x00000000da5f92e0,0x00000000da600000)
  to   space 5120K, 0% used [0x00000000d9c00000,0x00000000d9c00000,0x00000000da100000)
 ParOldGen       total 87552K, used 13516K [0x0000000081000000, 0x0000000086580000, 0x00000000d5b00000)
  object space 87552K, 15% used [0x0000000081000000,0x0000000081d33020,0x0000000086580000)
 Metaspace       used 20094K, capacity 21184K, committed 21296K, reserved 1067008K
  class space    used 2867K, capacity 3093K, committed 3200K, reserved 1048576K
Event: 2.419 GC heap after
Heap after GC invocations=5 (full 0):
 PSYoungGen      total 71680K, used 5104K [0x00000000d5b00000, 0x00000000dfa00000, 0x0000000100000000)
  eden space 66560K, 0% used [0x00000000d5b00000,0x00000000d5b00000,0x00000000d9c00000)
  from space 5120K, 99% used [0x00000000d9c00000,0x00000000da0fc010,0x00000000da100000)
  to   space 14848K, 0% used [0x00000000deb80000,0x00000000deb80000,0x00000000dfa00000)
 ParOldGen       total 87552K, used 15569K [0x0000000081000000, 0x0000000086580000, 0x00000000d5b00000)
  object space 87552K, 17% used [0x0000000081000000,0x0000000081f34430,0x0000000086580000)
 Metaspace       used 20094K, capacity 21184K, committed 21296K, reserved 1067008K
  class space    used 2867K, capacity 3093K, committed 3200K, reserved 1048576K
}
Event: 2.419 GC heap before
{Heap before GC invocations=6 (full 1):
 PSYoungGen      total 71680K, used 5104K [0x00000000d5b00000, 0x00000000dfa00000, 0x0000000100000000)
  eden space 66560K, 0% used [0x00000000d5b00000,0x00000000d5b00000,0x00000000d9c00000)
  from space 5120K, 99% used [0x00000000d9c00000,0x00000000da0fc010,0x00000000da100000)
  to   space 14848K, 0% used [0x00000000deb80000,0x00000000deb80000,0x00000000dfa00000)
 ParOldGen       total 87552K, used 15569K [0x0000000081000000, 0x0000000086580000, 0x00000000d5b00000)
  object space 87552K, 17% used [0x0000000081000000,0x0000000081f34430,0x0000000086580000)
 Metaspace       used 20094K, capacity 21184K, committed 21296K, reserved 1067008K
  class space    used 2867K, capacity 3093K, committed 3200K, reserved 1048576K
Event: 2.472 GC heap after
Heap after GC invocations=6 (full 1):
 PSYoungGen      total 71680K, used 0K [0x00000000d5b00000, 0x00000000dfa00000, 0x0000000100000000)
  eden space 66560K, 0% used [0x00000000d5b00000,0x00000000d5b00000,0x00000000d9c00000)
  from space 5120K, 0% used [0x00000000d9c00000,0x00000000d9c00000,0x00000000da100000)
  to   space 14848K, 0% used [0x00000000deb80000,0x00000000deb80000,0x00000000dfa00000)
 ParOldGen       total 77824K, used 18767K [0x0000000081000000, 0x0000000085c00000, 0x00000000d5b00000)
  object space 77824K, 24% used [0x0000000081000000,0x0000000082253e78,0x0000000085c00000)
 Metaspace       used 20094K, capacity 21184K, committed 21296K, reserved 1067008K
  class space    used 2867K, capacity 3093K, committed 3200K, reserved 1048576K
}

Deoptimization events (10 events):
Event: 3.600 Thread 0x0000000019186000 Uncommon trap: reason=unstable_if action=reinterpret pc=0x0000000003293790 method=java.lang.Class.arrayContentsEq([Ljava/lang/Object;[Ljava/lang/Object;)Z @ 1
Event: 3.644 Thread 0x0000000019186000 Uncommon trap: reason=unstable_if action=reinterpret pc=0x0000000003276f08 method=java.lang.Class.arrayContentsEq([Ljava/lang/Object;[Ljava/lang/Object;)Z @ 1
Event: 3.719 Thread 0x0000000019186000 Uncommon trap: reason=class_check action=maybe_recompile pc=0x000000000352244c method=java.util.WeakHashMap.eq(Ljava/lang/Object;Ljava/lang/Object;)Z @ 7
Event: 3.719 Thread 0x0000000019186000 Uncommon trap: reason=class_check action=maybe_recompile pc=0x000000000352244c method=java.util.WeakHashMap.eq(Ljava/lang/Object;Ljava/lang/Object;)Z @ 7
Event: 3.729 Thread 0x0000000019186000 Uncommon trap: reason=class_check action=maybe_recompile pc=0x000000000352244c method=java.util.WeakHashMap.eq(Ljava/lang/Object;Ljava/lang/Object;)Z @ 7
Event: 3.730 Thread 0x0000000019186000 Uncommon trap: reason=class_check action=maybe_recompile pc=0x000000000352244c method=java.util.WeakHashMap.eq(Ljava/lang/Object;Ljava/lang/Object;)Z @ 7
Event: 3.850 Thread 0x00000000194b2000 Uncommon trap: reason=unstable_if action=reinterpret pc=0x00000000035e8908 method=javafx.scene.CssStyleHelper.lookup(Ljavafx/css/Styleable;Ljavafx/css/CssMetaData;Lcom/sun/javafx/css/StyleMap;Ljava/util/Set;Ljavafx/css/Styleable;Lcom/sun/javafx/css/Calcul
Event: 3.858 Thread 0x00000000194b2000 Uncommon trap: reason=unstable_if action=reinterpret pc=0x0000000002c95680 method=java.lang.CharacterData.of(I)Ljava/lang/CharacterData; @ 4
Event: 3.898 Thread 0x00000000194b2000 Uncommon trap: reason=unstable_if action=reinterpret pc=0x0000000003202804 method=java.util.EnumMap.isValidKey(Ljava/lang/Object;)Z @ 16
Event: 3.933 Thread 0x00000000194b2000 Uncommon trap: reason=unstable_if action=reinterpret pc=0x0000000002ea9728 method=jdk.internal.org.objectweb.asm.Type.getArgumentsAndReturnSizes(Ljava/lang/String;)I @ 47

Internal exceptions (10 events):
Event: 0.915 Thread 0x00000000194b2000 Exception <a 'java/io/FileNotFoundException'> (0x00000000d6a622b0) thrown at [C:\re\workspace\8-2-build-windows-amd64-cygwin\jdk8u121\8372\hotspot\src\share\vm\prims\jni.cpp, line 709]
Event: 1.169 Thread 0x00000000194b2000 Implicit null exception at 0x0000000002e3f637 to 0x0000000002e40119
Event: 1.324 Thread 0x00000000194b2000 Implicit null exception at 0x0000000002e45e5b to 0x0000000002e46829
Event: 1.329 Thread 0x00000000194b2000 Implicit null exception at 0x0000000002e5ce9b to 0x0000000002e5d869
Event: 1.455 Thread 0x00000000194b2000 Implicit null exception at 0x0000000002d2aed6 to 0x0000000002d2b279
Event: 1.657 Thread 0x00000000194b2000 Implicit null exception at 0x0000000002ddfa75 to 0x0000000002ddfc91
Event: 1.657 Thread 0x00000000194b2000 Implicit null exception at 0x0000000002ed1b98 to 0x0000000002ed1c26
Event: 3.600 Thread 0x0000000019186000 Implicit null exception at 0x00000000032904de to 0x0000000003293721
Event: 3.644 Thread 0x0000000019186000 Implicit null exception at 0x0000000003273964 to 0x0000000003276e95
Event: 6.999 Thread 0x000000001ed52000 Exception <a 'java/lang/IllegalStateException'> (0x00000000d92187c0) thrown at [C:\re\workspace\8-2-build-windows-amd64-cygwin\jdk8u121\8372\hotspot\src\share\vm\prims\jvm.cpp, line 1394]

Events (10 events):
Event: 6.995 loading class java/util/IdentityHashMap$KeyIterator done
Event: 6.996 Thread 0x0000000024685000 Thread added: 0x0000000024685000
Event: 6.996 Thread 0x000000001ed52000 Thread added: 0x000000001ed52000
Event: 6.996 loading class com/sun/javafx/tk/quantum/QuantumRenderer
Event: 6.996 loading class com/sun/javafx/tk/quantum/QuantumRenderer done
Event: 6.996 Thread 0x0000000024685000 Thread exited: 0x0000000024685000
Event: 6.998 loading class com/sun/javafx/tk/quantum/QuantumToolkit
Event: 6.998 loading class com/sun/javafx/tk/quantum/QuantumToolkit done
Event: 6.999 Thread 0x000000001ed52000 Thread exited: 0x000000001ed52000
Event: 6.999 Executing VM operation: Exit


Dynamic libraries:
0x00007ff6c27d0000 - 0x00007ff6c2807000 	C:\Program Files\Java\jdk1.8.0_121\bin\javaw.exe
0x00007ffccc480000 - 0x00007ffccc651000 	C:\WINDOWS\SYSTEM32\ntdll.dll
0x00007ffccba80000 - 0x00007ffccbb2c000 	C:\WINDOWS\System32\KERNEL32.DLL
0x00007ffcc9300000 - 0x00007ffcc951d000 	C:\WINDOWS\System32\KERNELBASE.dll
0x00007ffcc9a70000 - 0x00007ffcc9b12000 	C:\WINDOWS\System32\ADVAPI32.dll
0x00007ffccbb30000 - 0x00007ffccbbce000 	C:\WINDOWS\System32\msvcrt.dll
0x00007ffcc9b20000 - 0x00007ffcc9b79000 	C:\WINDOWS\System32\sechost.dll
0x00007ffccb210000 - 0x00007ffccb331000 	C:\WINDOWS\System32\RPCRT4.dll
0x00007ffcc9b90000 - 0x00007ffcc9cf5000 	C:\WINDOWS\System32\USER32.dll
0x00007ffcc8980000 - 0x00007ffcc899e000 	C:\WINDOWS\System32\win32u.dll
0x00007ffccb340000 - 0x00007ffccb374000 	C:\WINDOWS\System32\GDI32.dll
0x00007ffcc9890000 - 0x00007ffcc9a10000 	C:\WINDOWS\System32\gdi32full.dll
0x00007ffcc0b30000 - 0x00007ffcc0daa000 	C:\WINDOWS\WinSxS\amd64_microsoft.windows.common-controls_6595b64144ccf1df_6.0.14393.953_none_42151e83c686086b\COMCTL32.dll
0x00007ffccb380000 - 0x00007ffccb648000 	C:\WINDOWS\System32\combase.dll
0x00007ffcc9790000 - 0x00007ffcc9885000 	C:\WINDOWS\System32\ucrtbase.dll
0x00007ffcc8a50000 - 0x00007ffcc8aba000 	C:\WINDOWS\System32\bcryptPrimitives.dll
0x00007ffccc3c0000 - 0x00007ffccc3ee000 	C:\WINDOWS\System32\IMM32.DLL
0x000000005ac80000 - 0x000000005ad52000 	C:\Program Files\Java\jdk1.8.0_121\jre\bin\msvcr100.dll
0x000000005ad60000 - 0x000000005b5fb000 	C:\Program Files\Java\jdk1.8.0_121\jre\bin\server\jvm.dll
0x00007ffcc9b80000 - 0x00007ffcc9b88000 	C:\WINDOWS\System32\PSAPI.DLL
0x00007ffcc6e30000 - 0x00007ffcc6e53000 	C:\WINDOWS\SYSTEM32\WINMM.dll
0x00007ffcbe290000 - 0x00007ffcbe29a000 	C:\WINDOWS\SYSTEM32\VERSION.dll
0x0000000000f30000 - 0x0000000000f5b000 	C:\WINDOWS\SYSTEM32\WINMMBASE.dll
0x00007ffcc92b0000 - 0x00007ffcc92f2000 	C:\WINDOWS\System32\cfgmgr32.dll
0x00007ffcba860000 - 0x00007ffcba869000 	C:\WINDOWS\SYSTEM32\WSOCK32.dll
0x00007ffccc350000 - 0x00007ffccc3ba000 	C:\WINDOWS\System32\WS2_32.dll
0x000000005b7e0000 - 0x000000005b7ef000 	C:\Program Files\Java\jdk1.8.0_121\jre\bin\verify.dll
0x000000005b7b0000 - 0x000000005b7d9000 	C:\Program Files\Java\jdk1.8.0_121\jre\bin\java.dll
0x000000005b790000 - 0x000000005b7a6000 	C:\Program Files\Java\jdk1.8.0_121\jre\bin\zip.dll
0x00007ffcc9d00000 - 0x00007ffccb208000 	C:\WINDOWS\System32\SHELL32.dll
0x00007ffcc8b70000 - 0x00007ffcc924a000 	C:\WINDOWS\System32\windows.storage.dll
0x00007ffcc8930000 - 0x00007ffcc897c000 	C:\WINDOWS\System32\powrprof.dll
0x00007ffccbf70000 - 0x00007ffccbfc2000 	C:\WINDOWS\System32\shlwapi.dll
0x00007ffcc8910000 - 0x00007ffcc891f000 	C:\WINDOWS\System32\kernel.appcore.dll
0x00007ffcc89a0000 - 0x00007ffcc8a49000 	C:\WINDOWS\System32\shcore.dll
0x00007ffcc88f0000 - 0x00007ffcc8904000 	C:\WINDOWS\System32\profapi.dll
0x00007ffc91de0000 - 0x00007ffc91ecf000 	C:\Program Files\Java\jdk1.8.0_121\jre\bin\msvcr120.dll
0x00007ffc91d30000 - 0x00007ffc91dd6000 	C:\Program Files\Java\jdk1.8.0_121\jre\bin\msvcp120.dll
0x000000005b6e0000 - 0x000000005b702000 	C:\Program Files\Java\jdk1.8.0_121\jre\bin\prism_d3d.dll
0x00007ffc986b0000 - 0x00007ffc9883d000 	C:\WINDOWS\system32\d3d9.dll
0x00007ffcc6b70000 - 0x00007ffcc6b96000 	C:\WINDOWS\SYSTEM32\dwmapi.dll
0x00007ffcc7070000 - 0x00007ffcc7105000 	C:\WINDOWS\system32\uxtheme.dll
0x00007ffccc290000 - 0x00007ffccc34f000 	C:\WINDOWS\System32\OLEAUT32.dll
0x00007ffcc96f0000 - 0x00007ffcc978c000 	C:\WINDOWS\System32\msvcp_win.dll
0x00007ffccbe30000 - 0x00007ffccbf68000 	C:\WINDOWS\System32\ole32.dll
0x000000005ac30000 - 0x000000005ac73000 	C:\Program Files\Java\jdk1.8.0_121\jre\bin\glass.dll
0x00007ffccbbd0000 - 0x00007ffccbcca000 	C:\WINDOWS\System32\COMDLG32.dll
0x00007ffccbcd0000 - 0x00007ffccbe2a000 	C:\WINDOWS\System32\MSCTF.dll
0x000000005ac10000 - 0x000000005ac24000 	C:\Program Files\Java\jdk1.8.0_121\jre\bin\javafx_font.dll
0x00007ffcbc710000 - 0x00007ffcbc979000 	C:\WINDOWS\SYSTEM32\dwrite.dll
0x000000005b720000 - 0x000000005b744000 	C:\Program Files\Java\jdk1.8.0_121\jre\bin\sunec.dll
0x000000005b770000 - 0x000000005b78a000 	C:\Program Files\Java\jdk1.8.0_121\jre\bin\net.dll
0x00007ffcc81c0000 - 0x00007ffcc821c000 	C:\WINDOWS\system32\mswsock.dll
0x00007ffcc7f40000 - 0x00007ffcc7f78000 	C:\WINDOWS\SYSTEM32\IPHLPAPI.DLL
0x00007ffccc470000 - 0x00007ffccc478000 	C:\WINDOWS\System32\NSI.dll
0x00007ffcc1c90000 - 0x00007ffcc1ca6000 	C:\WINDOWS\SYSTEM32\dhcpcsvc6.DLL
0x00007ffcc3120000 - 0x00007ffcc313a000 	C:\WINDOWS\SYSTEM32\dhcpcsvc.DLL
0x000000005b750000 - 0x000000005b761000 	C:\Program Files\Java\jdk1.8.0_121\jre\bin\nio.dll
0x00007ffccc030000 - 0x00007ffccc0cf000 	C:\WINDOWS\System32\clbcatq.dll
0x00007ffcc3830000 - 0x00007ffcc39d8000 	C:\WINDOWS\SYSTEM32\WindowsCodecs.dll
0x00007ffcab1d0000 - 0x00007ffcab219000 	C:\WINDOWS\system32\dataexchange.dll
0x00007ffcc6710000 - 0x00007ffcc6861000 	C:\WINDOWS\system32\dcomp.dll
0x00007ffcc5d70000 - 0x00007ffcc6026000 	C:\WINDOWS\system32\d3d11.dll
0x00007ffcc7870000 - 0x00007ffcc790f000 	C:\WINDOWS\system32\dxgi.dll
0x00007ffcc7310000 - 0x00007ffcc742c000 	C:\WINDOWS\system32\twinapi.appcore.dll
0x00007ffcc8840000 - 0x00007ffcc886b000 	C:\WINDOWS\system32\bcrypt.dll
0x00007ffc9c110000 - 0x00007ffc9c142000 	C:\Program Files\Common Files\Microsoft Shared\Ink\rtscom.dll
0x000000005abe0000 - 0x000000005ac03000 	C:\Program Files\Java\jdk1.8.0_121\jre\bin\javafx_iio.dll
0x000000005abc0000 - 0x000000005abd1000 	C:\Program Files\Java\jdk1.8.0_121\jre\bin\prism_common.dll
0x00007ffcbabb0000 - 0x00007ffcbad42000 	C:\WINDOWS\SYSTEM32\dbghelp.dll

VM Arguments:
jvm_args: -Dfile.encoding=UTF-8 
java_command: com.jeeves.vpl.Main
java_class_path (initial): C:\Users\Daniel\workspace\JeevesMaven\target\classes;C:\Users\Daniel\workspace\JeevesMaven\poi-3.15.jar;C:\Users\Daniel\workspace\JeevesMaven\commons-lang3-3.5.jar;C:\Users\Daniel\workspace\JeevesMaven\controlsfx-8.40.12.jar;C:\Users\Daniel\.m2\repository\commons-codec\commons-codec\1.9\commons-codec-1.9.jar;C:\Users\Daniel\.m2\repository\commons-validator\commons-validator\1.4.1\commons-validator-1.4.1.jar;C:\Users\Daniel\.m2\repository\commons-beanutils\commons-beanutils\1.8.3\commons-beanutils-1.8.3.jar;C:\Users\Daniel\.m2\repository\commons-digester\commons-digester\1.8.1\commons-digester-1.8.1.jar;C:\Users\Daniel\.m2\repository\commons-logging\commons-logging\1.2\commons-logging-1.2.jar;C:\Users\Daniel\.m2\repository\commons-collections\commons-collections\3.2.1\commons-collections-3.2.1.jar;C:\Users\Daniel\.m2\repository\org\apache\shiro\shiro-core\1.3.2\shiro-core-1.3.2.jar;C:\Users\Daniel\.m2\repository\org\slf4j\slf4j-api\1.6.4\slf4j-api-1.6.4.jar;C:\Users\Daniel\.m2\repository\com\google\firebase\firebase-admin\5.1.0\firebase-admin-5.1.0.jar;C:\Users\Daniel\.m2\repository\com\google\api-client\google-api-client\1.22.0\google-api-client-1.22.0.jar;C:\Users\Daniel\.m2\repository\com\google\oauth-client\google-oauth-client\1.22.0\google-oauth-client-1.22.0.jar;C:\Users\Daniel\.m2\repository\com\google\http-client\google-http-client-jackson2\1.22.0\google-http-client-jackson2-1.22.0.jar;C:\Users\Daniel\.m2\repository\com\fasterxml\jackson\core\jackson-core\2.1.3\jackson-core-2.1.3.jar;C:\Users\Daniel\.m2\repository\com\google\api-client\google-api-client-gson\1.22.0\google-api-client-gson-1.22.0.jar;C:\Users\Daniel\.m2\repository\com\google\http-client\google-http-client-gson\1.22.0\google-http-client-gson-1.22.0.jar;C:\Users\Daniel\.m2\repository\com\google\code\gson\gson\2.1\gson-2.1.jar;C:\Users\Daniel\.m2\repository\com\google\http-client\google-http-client\1.22.0\google-http-client-1.22.0.jar;C:\Users\Daniel\.m2\repository\com
Launcher Type: SUN_STANDARD

Environment Variables:
JAVA_HOME=C:\Program Files\Java\jdk1.8.0_121
CLASSPATH=.
USERNAME=Daniel
OS=Windows_NT
PROCESSOR_IDENTIFIER=Intel64 Family 6 Model 69 Stepping 1, GenuineIntel



---------------  S Y S T E M  ---------------

OS: Windows 10.0 , 64 bit Build 14393 (10.0.14393.1198)

CPU:total 4 (2 cores per cpu, 2 threads per core) family 6 model 69 stepping 1, cmov, cx8, fxsr, mmx, sse, sse2, sse3, ssse3, sse4.1, sse4.2, popcnt, avx, avx2, aes, clmul, erms, lzcnt, ht, tsc, tscinvbit, bmi1, bmi2

Memory: 4k page, physical 8317080k(2708720k free), swap 13297816k(5270360k free)

vm_info: Java HotSpot(TM) 64-Bit Server VM (25.121-b13) for windows-amd64 JRE (1.8.0_121-b13), built on Dec 12 2016 18:21:36 by "java_re" with MS VC++ 10.0 (VS2010)

time: Fri Jul 07 19:36:12 2017
elapsed time: 7 seconds (0d 0h 0m 7s)

