#
# A fatal error has been detected by the Java Runtime Environment:
#
#  EXCEPTION_ACCESS_VIOLATION (0xc0000005) at pc=0x000000005d95584a, pid=5072, tid=0x0000000000003c5c
#
# JRE version: Java(TM) SE Runtime Environment (8.0_121-b13) (build 1.8.0_121-b13)
# Java VM: Java HotSpot(TM) 64-Bit Server VM (25.121-b13 mixed mode windows-amd64 compressed oops)
# Problematic frame:
# C  [glass.dll+0x2584a]
#
# Failed to write core dump. Minidumps are not enabled by default on client versions of Windows
#
# If you would like to submit a bug report, please visit:
#   http://bugreport.java.com/bugreport/crash.jsp
#

---------------  T H R E A D  ---------------

Current thread (0x0000000017b26800):  VMThread [stack: 0x0000000018bc0000,0x0000000018cc0000] [id=15452]

siginfo: ExceptionCode=0xc0000005, reading address 0x0000000000000000

Registers:
RAX=0x0000000000000000, RBX=0x000000001a10e6b0, RCX=0x0000000017b26800, RDX=0x000000001a10e6b0
RSP=0x0000000018cbf5f0, RBP=0x0000000001197740, RSI=0x0000000000000001, RDI=0x0000000000000000
R8 =0x0000000000010002, R9 =0x0000000001197740, R10=0x0000000000000000, R11=0x0000000000000246
R12=0x0000000001197770, R13=0x0000000001197740, R14=0x0000000001197750, R15=0x0000000000000000
RIP=0x000000005d95584a, EFLAGS=0x0000000000010206

Top of Stack: (sp=0x0000000018cbf5f0)
0x0000000018cbf5f0:   0000000000000000 000000005d955900
0x0000000018cbf600:   0000000000000000 0000000001197740
0x0000000018cbf610:   000000005d955830 000000005d953224
0x0000000018cbf620:   000000005d9691b0 00007ffa1046ac79
0x0000000018cbf630:   0000000000000001 00000000011bac90
0x0000000018cbf640:   000000005d953384 000000005d930000
0x0000000018cbf650:   00007ffa183c31b0 000000005d9534a6
0x0000000018cbf660:   0000000000000001 0000000017a35400
0x0000000018cbf670:   0000000000000000 0000000000000000
0x0000000018cbf680:   c000000500000001 0000000018cbe750
0x0000000018cbf690:   000000005d953384 00007ffa1829a35f
0x0000000018cbf6a0:   0000000000000000 0000000000000001
0x0000000018cbf6b0:   000000005d930000 0000000000000000
0x0000000018cbf6c0:   0000ea2e1dd651b5 0000000001177db0
0x0000000018cbf6d0:   00007ffa158c4200 00000000015a6200
0x0000000018cbf6e0:   00000000015a6200 000000000117c150 

Instructions: (pc=0x000000005d95584a)
0x000000005d95582a:   83 c4 20 5d c3 cc 40 53 48 83 ec 20 48 8b 1d cb
0x000000005d95583a:   5b 01 00 48 85 db 74 1a e8 19 93 ff ff 48 8b d3
0x000000005d95584a:   4c 8b 00 48 8b c8 48 83 c4 20 5b 49 ff a0 b0 00
0x000000005d95585a:   00 00 48 83 c4 20 5b c3 cc cc cc cc cc cc cc cc 


Register to memory mapping:

RAX=0x0000000000000000 is an unknown value
RBX=0x000000001a10e6b0 is a global jni handle
RCX=0x0000000017b26800 is an unknown value
RDX=0x000000001a10e6b0 is a global jni handle
RSP=0x0000000018cbf5f0 is an unknown value
RBP=0x0000000001197740 is an unknown value
RSI=0x0000000000000001 is an unknown value
RDI=0x0000000000000000 is an unknown value
R8 =0x0000000000010002 is an unknown value
R9 =0x0000000001197740 is an unknown value
R10=0x0000000000000000 is an unknown value
R11=0x0000000000000246 is an unknown value
R12=0x0000000001197770 is an unknown value
R13=0x0000000001197740 is an unknown value
R14=0x0000000001197750 is an unknown value
R15=0x0000000000000000 is an unknown value


Stack: [0x0000000018bc0000,0x0000000018cc0000],  sp=0x0000000018cbf5f0,  free space=1021k
Native frames: (J=compiled Java code, j=interpreted, Vv=VM code, C=native code)
C  [glass.dll+0x2584a]
C  [glass.dll+0x23224]
C  [glass.dll+0x234a6]
C  [ntdll.dll+0x2a35f]
C  [ntdll.dll+0x806b]
C  [ntdll.dll+0x7d94]
C  [KERNEL32.DLL+0x1ce6a]
C  [msvcr100.dll+0x20ccd]
V  [jvm.dll+0x212cb5]
V  [jvm.dll+0x24bd17]
V  [jvm.dll+0x24afb6]
V  [jvm.dll+0x24b451]
V  [jvm.dll+0x24b66e]
V  [jvm.dll+0x29c69a]
C  [msvcr100.dll+0x21d9f]
C  [msvcr100.dll+0x21e3b]
C  [KERNEL32.DLL+0x8364]
C  [ntdll.dll+0x670d1]

VM_Operation (0x000000001a75ac70): Exit, mode: safepoint, requested by thread 0x0000000019abf800


---------------  P R O C E S S  ---------------

Java Threads: ( => current thread )
  0x0000000019e62800 JavaThread "Keep-Alive-Timer" daemon [_thread_blocked, id=12012, stack(0x000000002a5a0000,0x000000002a6a0000)]
  0x0000000019e61000 JavaThread "SessionValidationThread-1" daemon [_thread_blocked, id=16708, stack(0x0000000027370000,0x0000000027470000)]
  0x0000000019e65800 JavaThread "TubeSockWriter-2" [_thread_blocked, id=14508, stack(0x00000000250a0000,0x00000000251a0000)]
  0x0000000019e60800 JavaThread "TubeSockReader-2" [_thread_in_native, id=8480, stack(0x0000000024a90000,0x0000000024b90000)]
  0x0000000019e66800 JavaThread "pool-6-thread-1" [_thread_blocked, id=17152, stack(0x0000000023040000,0x0000000023140000)]
  0x0000000021586800 JavaThread "Prism Font Disposer" daemon [_thread_blocked, id=8704, stack(0x0000000022540000,0x0000000022640000)]
  0x0000000019f2f800 JavaThread "pool-5-thread-2" [_thread_blocked, id=4548, stack(0x000000001f5f0000,0x000000001f6f0000)]
  0x0000000019fbd800 JavaThread "FirebaseDatabaseEventTarget" daemon [_thread_blocked, id=1152, stack(0x000000001f2f0000,0x000000001f3f0000)]
  0x0000000019d8b000 JavaThread "pool-5-thread-1" [_thread_blocked, id=10968, stack(0x000000001f1f0000,0x000000001f2f0000)]
  0x0000000019c76000 JavaThread "FirebaseDatabaseWorker" daemon [_thread_blocked, id=3140, stack(0x000000001eef0000,0x000000001eff0000)]
  0x0000000019b31000 JavaThread "JavaFX-Launcher" [_thread_blocked, id=9260, stack(0x000000001edf0000,0x000000001eef0000)]
  0x0000000019b2f800 JavaThread "Thread-2" daemon [_thread_in_native, id=10636, stack(0x000000001ecf0000,0x000000001edf0000)]
  0x0000000019abf800 JavaThread "JavaFX Application Thread" [_thread_blocked, id=17300, stack(0x000000001a660000,0x000000001a760000)]
  0x0000000019abe800 JavaThread "Thread-1" daemon [_thread_blocked, id=6384, stack(0x000000001a560000,0x000000001a660000)]
  0x000000001986f800 JavaThread "QuantumRenderer-0" daemon [_thread_blocked, id=6320, stack(0x000000001a2b0000,0x000000001a3b0000)]
  0x0000000017bbd800 JavaThread "Service Thread" daemon [_thread_blocked, id=14132, stack(0x00000000198b0000,0x00000000199b0000)]
  0x0000000017b8c000 JavaThread "C1 CompilerThread2" daemon [_thread_blocked, id=7272, stack(0x00000000193b0000,0x00000000194b0000)]
  0x0000000017b66800 JavaThread "C2 CompilerThread1" daemon [_thread_blocked, id=17036, stack(0x00000000192b0000,0x00000000193b0000)]
  0x0000000017b60000 JavaThread "C2 CompilerThread0" daemon [_thread_blocked, id=15140, stack(0x00000000191b0000,0x00000000192b0000)]
  0x0000000017b5e800 JavaThread "Attach Listener" daemon [_thread_blocked, id=13348, stack(0x00000000190b0000,0x00000000191b0000)]
  0x0000000002fcc000 JavaThread "Finalizer" daemon [_thread_blocked, id=9388, stack(0x0000000018dc0000,0x0000000018ec0000)]
  0x0000000002fc3000 JavaThread "Reference Handler" daemon [_thread_blocked, id=6300, stack(0x0000000018cc0000,0x0000000018dc0000)]
  0x0000000002ed2800 JavaThread "main" [_thread_blocked, id=1184, stack(0x0000000002dd0000,0x0000000002ed0000)]

Other Threads:
=>0x0000000017b26800 VMThread [stack: 0x0000000018bc0000,0x0000000018cc0000] [id=15452]

VM state:at safepoint (shutting down)

VM Mutex/Monitor currently owned by a thread:  ([mutex/lock_event])
[0x00000000015adea0] Threads_lock - owner thread: 0x0000000017b26800

Heap:
 PSYoungGen      total 86528K, used 20260K [0x00000000d5b00000, 0x00000000de600000, 0x0000000100000000)
  eden space 72192K, 8% used [0x00000000d5b00000,0x00000000d60ca500,0x00000000da180000)
  from space 14336K, 99% used [0x00000000da180000,0x00000000daf7eb10,0x00000000daf80000)
  to   space 21504K, 0% used [0x00000000dd100000,0x00000000dd100000,0x00000000de600000)
 ParOldGen       total 77312K, used 25209K [0x0000000081000000, 0x0000000085b80000, 0x00000000d5b00000)
  object space 77312K, 32% used [0x0000000081000000,0x000000008289e5c8,0x0000000085b80000)
 Metaspace       used 32333K, capacity 34388K, committed 34688K, reserved 1079296K
  class space    used 4563K, capacity 4908K, committed 4992K, reserved 1048576K

Card table byte_map: [0x0000000012390000,0x0000000012790000] byte_map_base: 0x0000000011f88000

Marking Bits: (ParMarkBitMap*) 0x000000005ebab6d0
 Begin Bits: [0x0000000012e40000, 0x0000000014e00000)
 End Bits:   [0x0000000014e00000, 0x0000000016dc0000)

Polling page: 0x0000000001120000

CodeCache: size=245760Kb used=16245Kb max_used=16770Kb free=229514Kb
 bounds [0x0000000002fd0000, 0x0000000004050000, 0x0000000011fd0000]
 total_blobs=5941 nmethods=5168 adapters=682
 compilation: enabled

Compilation events (10 events):
Event: 20.577 Thread 0x0000000017b60000 nmethod 5374 0x0000000003fefe50 code [0x0000000003feffa0, 0x0000000003ff0118]
Event: 20.596 Thread 0x0000000017b8c000 5375   !   3       com.sun.javafx.event.EventUtil::fireEvent (81 bytes)
Event: 20.599 Thread 0x0000000017b8c000 nmethod 5375 0x0000000003ff1810 code [0x0000000003ff1a80, 0x0000000003ff2908]
Event: 21.521 Thread 0x0000000017b66800 5376       4       javafx.scene.Node::impl_reapplyCSS (75 bytes)
Event: 21.570 Thread 0x0000000017b8c000 5377       3       java.lang.invoke.MethodHandles$Lookup::findBoundCallerClass (36 bytes)
Event: 21.572 Thread 0x0000000017b8c000 nmethod 5377 0x0000000003ff0910 code [0x0000000003ff0b00, 0x0000000003ff1478]
Event: 21.575 Thread 0x0000000017b8c000 5378       3       java.util.logging.LogManager::access$100 (4 bytes)
Event: 21.576 Thread 0x0000000017b8c000 nmethod 5378 0x0000000003179210 code [0x0000000003179360, 0x0000000003179490]
Event: 21.577 Thread 0x0000000017b8c000 5379       3       java.util.logging.LogManager$LoggerContext::requiresDefaultLoggers (29 bytes)
Event: 21.578 Thread 0x0000000017b8c000 nmethod 5379 0x00000000031798d0 code [0x0000000003179a40, 0x0000000003179e68]

GC Heap History (10 events):
Event: 1.627 GC heap before
{Heap before GC invocations=4 (full 1):
 PSYoungGen      total 38400K, used 5105K [0x00000000d5b00000, 0x00000000da600000, 0x0000000100000000)
  eden space 33280K, 0% used [0x00000000d5b00000,0x00000000d5b00000,0x00000000d7b80000)
  from space 5120K, 99% used [0x00000000d7b80000,0x00000000d807c510,0x00000000d8080000)
  to   space 5120K, 0% used [0x00000000da100000,0x00000000da100000,0x00000000da600000)
 ParOldGen       total 87552K, used 11978K [0x0000000081000000, 0x0000000086580000, 0x00000000d5b00000)
  object space 87552K, 13% used [0x0000000081000000,0x0000000081bb2a50,0x0000000086580000)
 Metaspace       used 20467K, capacity 21114K, committed 21296K, reserved 1067008K
  class space    used 2760K, capacity 2917K, committed 2944K, reserved 1048576K
Event: 1.669 GC heap after
Heap after GC invocations=4 (full 1):
 PSYoungGen      total 38400K, used 0K [0x00000000d5b00000, 0x00000000da600000, 0x0000000100000000)
  eden space 33280K, 0% used [0x00000000d5b00000,0x00000000d5b00000,0x00000000d7b80000)
  from space 5120K, 0% used [0x00000000d7b80000,0x00000000d7b80000,0x00000000d8080000)
  to   space 5120K, 0% used [0x00000000da100000,0x00000000da100000,0x00000000da600000)
 ParOldGen       total 77312K, used 15961K [0x0000000081000000, 0x0000000085b80000, 0x00000000d5b00000)
  object space 77312K, 20% used [0x0000000081000000,0x0000000081f964b8,0x0000000085b80000)
 Metaspace       used 20467K, capacity 21114K, committed 21296K, reserved 1067008K
  class space    used 2760K, capacity 2917K, committed 2944K, reserved 1048576K
}
Event: 1.952 GC heap before
{Heap before GC invocations=5 (full 1):
 PSYoungGen      total 38400K, used 33280K [0x00000000d5b00000, 0x00000000da600000, 0x0000000100000000)
  eden space 33280K, 100% used [0x00000000d5b00000,0x00000000d7b80000,0x00000000d7b80000)
  from space 5120K, 0% used [0x00000000d7b80000,0x00000000d7b80000,0x00000000d8080000)
  to   space 5120K, 0% used [0x00000000da100000,0x00000000da100000,0x00000000da600000)
 ParOldGen       total 77312K, used 15961K [0x0000000081000000, 0x0000000085b80000, 0x00000000d5b00000)
  object space 77312K, 20% used [0x0000000081000000,0x0000000081f964b8,0x0000000085b80000)
 Metaspace       used 23185K, capacity 24158K, committed 24448K, reserved 1071104K
  class space    used 3215K, capacity 3403K, committed 3456K, reserved 1048576K
Event: 1.958 GC heap after
Heap after GC invocations=5 (full 1):
 PSYoungGen      total 51712K, used 2670K [0x00000000d5b00000, 0x00000000da400000, 0x0000000100000000)
  eden space 48640K, 0% used [0x00000000d5b00000,0x00000000d5b00000,0x00000000d8a80000)
  from space 3072K, 86% used [0x00000000da100000,0x00000000da39b980,0x00000000da400000)
  to   space 5120K, 0% used [0x00000000d9a00000,0x00000000d9a00000,0x00000000d9f00000)
 ParOldGen       total 77312K, used 15969K [0x0000000081000000, 0x0000000085b80000, 0x00000000d5b00000)
  object space 77312K, 20% used [0x0000000081000000,0x0000000081f984b8,0x0000000085b80000)
 Metaspace       used 23185K, capacity 24158K, committed 24448K, reserved 1071104K
  class space    used 3215K, capacity 3403K, committed 3456K, reserved 1048576K
}
Event: 2.307 GC heap before
{Heap before GC invocations=6 (full 1):
 PSYoungGen      total 51712K, used 51310K [0x00000000d5b00000, 0x00000000da400000, 0x0000000100000000)
  eden space 48640K, 100% used [0x00000000d5b00000,0x00000000d8a80000,0x00000000d8a80000)
  from space 3072K, 86% used [0x00000000da100000,0x00000000da39b980,0x00000000da400000)
  to   space 5120K, 0% used [0x00000000d9a00000,0x00000000d9a00000,0x00000000d9f00000)
 ParOldGen       total 77312K, used 15969K [0x0000000081000000, 0x0000000085b80000, 0x00000000d5b00000)
  object space 77312K, 20% used [0x0000000081000000,0x0000000081f984b8,0x0000000085b80000)
 Metaspace       used 24058K, capacity 25170K, committed 25472K, reserved 1071104K
  class space    used 3396K, capacity 3633K, committed 3712K, reserved 1048576K
Event: 2.315 GC heap after
Heap after GC invocations=6 (full 1):
 PSYoungGen      total 69632K, used 3208K [0x00000000d5b00000, 0x00000000dbe80000, 0x0000000100000000)
  eden space 64512K, 0% used [0x00000000d5b00000,0x00000000d5b00000,0x00000000d9a00000)
  from space 5120K, 62% used [0x00000000d9a00000,0x00000000d9d223c0,0x00000000d9f00000)
  to   space 15360K, 0% used [0x00000000daf80000,0x00000000daf80000,0x00000000dbe80000)
 ParOldGen       total 77312K, used 15969K [0x0000000081000000, 0x0000000085b80000, 0x00000000d5b00000)
  object space 77312K, 20% used [0x0000000081000000,0x0000000081f984b8,0x0000000085b80000)
 Metaspace       used 24058K, capacity 25170K, committed 25472K, reserved 1071104K
  class space    used 3396K, capacity 3633K, committed 3712K, reserved 1048576K
}
Event: 3.110 GC heap before
{Heap before GC invocations=7 (full 1):
 PSYoungGen      total 69632K, used 67720K [0x00000000d5b00000, 0x00000000dbe80000, 0x0000000100000000)
  eden space 64512K, 100% used [0x00000000d5b00000,0x00000000d9a00000,0x00000000d9a00000)
  from space 5120K, 62% used [0x00000000d9a00000,0x00000000d9d223c0,0x00000000d9f00000)
  to   space 15360K, 0% used [0x00000000daf80000,0x00000000daf80000,0x00000000dbe80000)
 ParOldGen       total 77312K, used 15969K [0x0000000081000000, 0x0000000085b80000, 0x00000000d5b00000)
  object space 77312K, 20% used [0x0000000081000000,0x0000000081f984b8,0x0000000085b80000)
 Metaspace       used 27506K, capacity 29252K, committed 29440K, reserved 1075200K
  class space    used 4020K, capacity 4322K, committed 4352K, reserved 1048576K
Event: 3.122 GC heap after
Heap after GC invocations=7 (full 1):
 PSYoungGen      total 87552K, used 6987K [0x00000000d5b00000, 0x00000000dd180000, 0x0000000100000000)
  eden space 72192K, 0% used [0x00000000d5b00000,0x00000000d5b00000,0x00000000da180000)
  from space 15360K, 45% used [0x00000000daf80000,0x00000000db652e10,0x00000000dbe80000)
  to   space 14336K, 0% used [0x00000000da180000,0x00000000da180000,0x00000000daf80000)
 ParOldGen       total 77312K, used 15977K [0x0000000081000000, 0x0000000085b80000, 0x00000000d5b00000)
  object space 77312K, 20% used [0x0000000081000000,0x0000000081f9a4b8,0x0000000085b80000)
 Metaspace       used 27506K, capacity 29252K, committed 29440K, reserved 1075200K
  class space    used 4020K, capacity 4322K, committed 4352K, reserved 1048576K
}
Event: 19.583 GC heap before
{Heap before GC invocations=8 (full 1):
 PSYoungGen      total 87552K, used 79179K [0x00000000d5b00000, 0x00000000dd180000, 0x0000000100000000)
  eden space 72192K, 100% used [0x00000000d5b00000,0x00000000da180000,0x00000000da180000)
  from space 15360K, 45% used [0x00000000daf80000,0x00000000db652e10,0x00000000dbe80000)
  to   space 14336K, 0% used [0x00000000da180000,0x00000000da180000,0x00000000daf80000)
 ParOldGen       total 77312K, used 15977K [0x0000000081000000, 0x0000000085b80000, 0x00000000d5b00000)
  object space 77312K, 20% used [0x0000000081000000,0x0000000081f9a4b8,0x0000000085b80000)
 Metaspace       used 31910K, capacity 33992K, committed 34176K, reserved 1079296K
  class space    used 4512K, capacity 4868K, committed 4992K, reserved 1048576K
Event: 19.608 GC heap after
Heap after GC invocations=8 (full 1):
 PSYoungGen      total 86528K, used 14330K [0x00000000d5b00000, 0x00000000de600000, 0x0000000100000000)
  eden space 72192K, 0% used [0x00000000d5b00000,0x00000000d5b00000,0x00000000da180000)
  from space 14336K, 99% used [0x00000000da180000,0x00000000daf7eb10,0x00000000daf80000)
  to   space 21504K, 0% used [0x00000000dd100000,0x00000000dd100000,0x00000000de600000)
 ParOldGen       total 77312K, used 25209K [0x0000000081000000, 0x0000000085b80000, 0x00000000d5b00000)
  object space 77312K, 32% used [0x0000000081000000,0x000000008289e5c8,0x0000000085b80000)
 Metaspace       used 31910K, capacity 33992K, committed 34176K, reserved 1079296K
  class space    used 4512K, capacity 4868K, committed 4992K, reserved 1048576K
}

Deoptimization events (10 events):
Event: 3.975 Thread 0x0000000019abf800 Uncommon trap: reason=unstable_if action=reinterpret pc=0x00000000033a45f8 method=com.sun.javafx.iio.png.PNGImageLoader2.decodePalette([BLcom/sun/javafx/iio/ImageMetadata;)Lcom/sun/javafx/iio/ImageFrame; @ 56
Event: 3.989 Thread 0x0000000019abf800 Uncommon trap: reason=class_check action=maybe_recompile pc=0x00000000037f6f64 method=java.util.regex.Matcher.getTextLength()I @ 4
Event: 3.989 Thread 0x0000000019abf800 Uncommon trap: reason=class_check action=maybe_recompile pc=0x00000000037f6f64 method=java.util.regex.Matcher.getTextLength()I @ 4
Event: 3.989 Thread 0x0000000019abf800 Uncommon trap: reason=class_check action=maybe_recompile pc=0x00000000037f6f64 method=java.util.regex.Matcher.getTextLength()I @ 4
Event: 3.989 Thread 0x0000000019abf800 Uncommon trap: reason=class_check action=maybe_recompile pc=0x00000000037f6f64 method=java.util.regex.Matcher.getTextLength()I @ 4
Event: 4.194 Thread 0x0000000019abf800 Uncommon trap: reason=unstable_if action=reinterpret pc=0x0000000003c8a35c method=javafx.scene.Node.impl_markDirty(Lcom/sun/javafx/scene/DirtyBits;)V @ 4
Event: 4.220 Thread 0x0000000019abf800 Uncommon trap: reason=unstable_if action=reinterpret pc=0x00000000037eecc4 method=java.util.EnumMap.isValidKey(Ljava/lang/Object;)Z @ 16
Event: 4.226 Thread 0x0000000019abf800 Uncommon trap: reason=unstable_if action=reinterpret pc=0x0000000003bfb5d4 method=javafx.scene.Node.markDirtyLayoutBranch()V @ 16
Event: 4.232 Thread 0x0000000019abf800 Uncommon trap: reason=unstable_if action=reinterpret pc=0x00000000035d60a8 method=jdk.internal.org.objectweb.asm.Type.getArgumentsAndReturnSizes(Ljava/lang/String;)I @ 47
Event: 13.881 Thread 0x0000000019abf800 Uncommon trap: reason=unstable_if action=reinterpret pc=0x00000000031b5180 method=java.lang.CharacterData.of(I)Ljava/lang/CharacterData; @ 4

Internal exceptions (10 events):
Event: 4.114 Thread 0x0000000019abf800 Exception <a 'java/lang/ClassNotFoundException': org/apache/shiro/realm/AuthenticatingRealmBeanInfo> (0x00000000d7fcf350) thrown at [C:\re\workspace\8-2-build-windows-amd64-cygwin\jdk8u121\8372\hotspot\src\share\vm\classfile\systemDictionary.cpp, line 210
Event: 4.115 Thread 0x0000000019abf800 Exception <a 'java/lang/ClassNotFoundException': org/apache/shiro/realm/CachingRealmBeanInfo> (0x00000000d7fd6c70) thrown at [C:\re\workspace\8-2-build-windows-amd64-cygwin\jdk8u121\8372\hotspot\src\share\vm\classfile\systemDictionary.cpp, line 210]
Event: 4.115 Thread 0x0000000019abf800 Exception <a 'java/lang/ClassNotFoundException': org/apache/shiro/realm/CachingRealmCustomizer> (0x00000000d7fde748) thrown at [C:\re\workspace\8-2-build-windows-amd64-cygwin\jdk8u121\8372\hotspot\src\share\vm\classfile\systemDictionary.cpp, line 210]
Event: 4.116 Thread 0x0000000019abf800 Exception <a 'java/lang/ClassNotFoundException': org/apache/shiro/realm/AuthenticatingRealmCustomizer> (0x00000000d7ff0398) thrown at [C:\re\workspace\8-2-build-windows-amd64-cygwin\jdk8u121\8372\hotspot\src\share\vm\classfile\systemDictionary.cpp, line 2
Event: 4.118 Thread 0x0000000019abf800 Exception <a 'java/lang/ClassNotFoundException': org/apache/shiro/realm/AuthorizingRealmCustomizer> (0x00000000d8012518) thrown at [C:\re\workspace\8-2-build-windows-amd64-cygwin\jdk8u121\8372\hotspot\src\share\vm\classfile\systemDictionary.cpp, line 210]
Event: 4.123 Thread 0x0000000019abf800 Exception <a 'java/lang/ClassNotFoundException': org/apache/shiro/realm/SimpleAccountRealmCustomizer> (0x00000000d8049838) thrown at [C:\re\workspace\8-2-build-windows-amd64-cygwin\jdk8u121\8372\hotspot\src\share\vm\classfile\systemDictionary.cpp, line 21
Event: 4.124 Thread 0x0000000019abf800 Exception <a 'java/lang/ClassNotFoundException': org/apache/shiro/realm/text/TextConfigurationRealmCustomizer> (0x00000000d805f550) thrown at [C:\re\workspace\8-2-build-windows-amd64-cygwin\jdk8u121\8372\hotspot\src\share\vm\classfile\systemDictionary.cpp
Event: 4.125 Thread 0x0000000019abf800 Exception <a 'java/lang/ClassNotFoundException': org/apache/shiro/realm/text/IniRealmCustomizer> (0x00000000d8076708) thrown at [C:\re\workspace\8-2-build-windows-amd64-cygwin\jdk8u121\8372\hotspot\src\share\vm\classfile\systemDictionary.cpp, line 210]
Event: 20.141 Thread 0x0000000019d8b000 Exception <a 'java/net/SocketTimeoutException': Read timed out> (0x00000000d5f8a368) thrown at [C:\re\workspace\8-2-build-windows-amd64-cygwin\jdk8u121\8372\hotspot\src\share\vm\prims\jni.cpp, line 735]
Event: 21.578 Thread 0x0000000019d12800 Exception <a 'java/lang/IllegalStateException'> (0x00000000d6094650) thrown at [C:\re\workspace\8-2-build-windows-amd64-cygwin\jdk8u121\8372\hotspot\src\share\vm\prims\jvm.cpp, line 1394]

Events (10 events):
Event: 21.578 Thread 0x0000000017b5d000 Thread exited: 0x0000000017b5d000
Event: 21.578 Thread 0x0000000017b8c000 flushing nmethod 0x00000000032cd1d0
Event: 21.578 Thread 0x0000000017b8c000 flushing nmethod 0x00000000032d1890
Event: 21.578 Thread 0x0000000017b8c000 flushing nmethod 0x00000000032d4910
Event: 21.578 Thread 0x0000000017b8c000 flushing nmethod 0x00000000032d5290
Event: 21.578 Thread 0x0000000017b8c000 flushing nmethod 0x00000000032d6010
Event: 21.578 Thread 0x0000000017b8c000 flushing nmethod 0x00000000032d8990
Event: 21.578 Thread 0x0000000017b8c000 flushing nmethod 0x00000000032e4b50
Event: 21.578 Thread 0x0000000017b8c000 flushing nmethod 0x00000000032e5fd0
Event: 21.578 Executing VM operation: Exit


Dynamic libraries:
0x00007ff74c050000 - 0x00007ff74c087000 	C:\Program Files\Java\jdk1.8.0_121\bin\javaw.exe
0x00007ffa18270000 - 0x00007ffa18441000 	C:\WINDOWS\SYSTEM32\ntdll.dll
0x00007ffa15ab0000 - 0x00007ffa15b5c000 	C:\WINDOWS\System32\KERNEL32.DLL
0x00007ffa14980000 - 0x00007ffa14b9d000 	C:\WINDOWS\System32\KERNELBASE.dll
0x00007ffa16b10000 - 0x00007ffa16bb2000 	C:\WINDOWS\System32\ADVAPI32.dll
0x00007ffa181d0000 - 0x00007ffa1826e000 	C:\WINDOWS\System32\msvcrt.dll
0x00007ffa169f0000 - 0x00007ffa16a49000 	C:\WINDOWS\System32\sechost.dll
0x00007ffa16090000 - 0x00007ffa161b1000 	C:\WINDOWS\System32\RPCRT4.dll
0x00007ffa15bc0000 - 0x00007ffa15d25000 	C:\WINDOWS\System32\USER32.dll
0x00007ffa14ba0000 - 0x00007ffa14bbe000 	C:\WINDOWS\System32\win32u.dll
0x00007ffa16000000 - 0x00007ffa16034000 	C:\WINDOWS\System32\GDI32.dll
0x00007ffa15670000 - 0x00007ffa157f2000 	C:\WINDOWS\System32\gdi32full.dll
0x00007ffa0da40000 - 0x00007ffa0dcba000 	C:\WINDOWS\WinSxS\amd64_microsoft.windows.common-controls_6595b64144ccf1df_6.0.14393.953_none_42151e83c686086b\COMCTL32.dll
0x00007ffa15d30000 - 0x00007ffa15ff8000 	C:\WINDOWS\System32\combase.dll
0x00007ffa14760000 - 0x00007ffa14855000 	C:\WINDOWS\System32\ucrtbase.dll
0x00007ffa14910000 - 0x00007ffa1497a000 	C:\WINDOWS\System32\bcryptPrimitives.dll
0x00007ffa16060000 - 0x00007ffa1608e000 	C:\WINDOWS\System32\IMM32.DLL
0x000000005d9b0000 - 0x000000005da82000 	C:\Program Files\Java\jdk1.8.0_121\jre\bin\msvcr100.dll
0x000000005e390000 - 0x000000005ec2b000 	C:\Program Files\Java\jdk1.8.0_121\jre\bin\server\jvm.dll
0x00007ffa16040000 - 0x00007ffa16048000 	C:\WINDOWS\System32\PSAPI.DLL
0x00007ffa07c30000 - 0x00007ffa07c39000 	C:\WINDOWS\SYSTEM32\WSOCK32.dll
0x00007ffa128d0000 - 0x00007ffa128f3000 	C:\WINDOWS\SYSTEM32\WINMM.dll
0x00007ffa09a10000 - 0x00007ffa09a1a000 	C:\WINDOWS\SYSTEM32\VERSION.dll
0x00007ffa12870000 - 0x00007ffa1289b000 	C:\WINDOWS\SYSTEM32\WINMMBASE.dll
0x00007ffa16970000 - 0x00007ffa169da000 	C:\WINDOWS\System32\WS2_32.dll
0x00007ffa14c60000 - 0x00007ffa14ca2000 	C:\WINDOWS\System32\cfgmgr32.dll
0x000000005e380000 - 0x000000005e38f000 	C:\Program Files\Java\jdk1.8.0_121\jre\bin\verify.dll
0x000000005e350000 - 0x000000005e379000 	C:\Program Files\Java\jdk1.8.0_121\jre\bin\java.dll
0x000000005e330000 - 0x000000005e346000 	C:\Program Files\Java\jdk1.8.0_121\jre\bin\zip.dll
0x00007ffa16cc0000 - 0x00007ffa181c8000 	C:\WINDOWS\System32\SHELL32.dll
0x00007ffa14f90000 - 0x00007ffa1566a000 	C:\WINDOWS\System32\windows.storage.dll
0x00007ffa146e0000 - 0x00007ffa1472c000 	C:\WINDOWS\System32\powrprof.dll
0x00007ffa15b60000 - 0x00007ffa15bb2000 	C:\WINDOWS\System32\shlwapi.dll
0x00007ffa14730000 - 0x00007ffa1473f000 	C:\WINDOWS\System32\kernel.appcore.dll
0x00007ffa14ee0000 - 0x00007ffa14f89000 	C:\WINDOWS\System32\shcore.dll
0x00007ffa14740000 - 0x00007ffa14754000 	C:\WINDOWS\System32\profapi.dll
0x00007ff9ef760000 - 0x00007ff9ef84f000 	C:\Program Files\Java\jdk1.8.0_121\jre\bin\msvcr120.dll
0x00007ff9df330000 - 0x00007ff9df3d6000 	C:\Program Files\Java\jdk1.8.0_121\jre\bin\msvcp120.dll
0x000000005d980000 - 0x000000005d9a2000 	C:\Program Files\Java\jdk1.8.0_121\jre\bin\prism_d3d.dll
0x00007ff9e4300000 - 0x00007ff9e448d000 	C:\WINDOWS\system32\d3d9.dll
0x00007ffa11d40000 - 0x00007ffa11d66000 	C:\WINDOWS\SYSTEM32\dwmapi.dll
0x00007ffa12e10000 - 0x00007ffa12ea5000 	C:\WINDOWS\system32\uxtheme.dll
0x00007ffa16a50000 - 0x00007ffa16b0f000 	C:\WINDOWS\System32\OLEAUT32.dll
0x00007ffa14bc0000 - 0x00007ffa14c5c000 	C:\WINDOWS\System32\msvcp_win.dll
0x00007ffa161c0000 - 0x00007ffa162f8000 	C:\WINDOWS\System32\ole32.dll
0x000000005d930000 - 0x000000005d973000 	C:\Program Files\Java\jdk1.8.0_121\jre\bin\glass.dll
0x00007ffa16bc0000 - 0x00007ffa16cba000 	C:\WINDOWS\System32\COMDLG32.dll
0x00007ffa15880000 - 0x00007ffa159da000 	C:\WINDOWS\System32\MSCTF.dll
0x00007ffa14140000 - 0x00007ffa14157000 	C:\WINDOWS\SYSTEM32\CRYPTSP.dll
0x00007ffa13ba0000 - 0x00007ffa13bd3000 	C:\WINDOWS\system32\rsaenh.dll
0x00007ffa14620000 - 0x00007ffa1464b000 	C:\WINDOWS\SYSTEM32\bcrypt.dll
0x00007ffa13e20000 - 0x00007ffa13e3f000 	C:\WINDOWS\SYSTEM32\USERENV.dll
0x00007ffa14160000 - 0x00007ffa1416b000 	C:\WINDOWS\SYSTEM32\CRYPTBASE.dll
0x000000005e310000 - 0x000000005e32a000 	C:\Program Files\Java\jdk1.8.0_121\jre\bin\net.dll
0x00007ffa13fa0000 - 0x00007ffa13ffc000 	C:\WINDOWS\system32\mswsock.dll
0x00007ffa13d20000 - 0x00007ffa13d58000 	C:\WINDOWS\SYSTEM32\IPHLPAPI.DLL
0x00007ffa16050000 - 0x00007ffa16058000 	C:\WINDOWS\System32\NSI.dll
0x00007ffa0f930000 - 0x00007ffa0f946000 	C:\WINDOWS\SYSTEM32\dhcpcsvc6.DLL
0x00007ffa0f910000 - 0x00007ffa0f92a000 	C:\WINDOWS\SYSTEM32\dhcpcsvc.DLL
0x000000005d910000 - 0x000000005d924000 	C:\Program Files\Java\jdk1.8.0_121\jre\bin\javafx_font.dll
0x00007ffa09210000 - 0x00007ffa09479000 	C:\WINDOWS\SYSTEM32\dwrite.dll
0x000000005e2f0000 - 0x000000005e301000 	C:\Program Files\Java\jdk1.8.0_121\jre\bin\nio.dll
0x000000005d5f0000 - 0x000000005d614000 	C:\Program Files\Java\jdk1.8.0_121\jre\bin\sunec.dll
0x000000005e2e0000 - 0x000000005e2eb000 	C:\Program Files\Java\jdk1.8.0_121\jre\bin\sunmscapi.dll
0x00007ffa14cb0000 - 0x00007ffa14e79000 	C:\WINDOWS\System32\CRYPT32.dll
0x00007ffa146d0000 - 0x00007ffa146e0000 	C:\WINDOWS\System32\MSASN1.dll
0x00007ffa13d60000 - 0x00007ffa13e01000 	C:\WINDOWS\SYSTEM32\DNSAPI.dll
0x000000005f500000 - 0x000000005f526000 	C:\Program Files\Bonjour\mdnsNSP.dll
0x00007ffa08800000 - 0x00007ffa0880a000 	C:\Windows\System32\rasadhlp.dll
0x00007ffa0de50000 - 0x00007ffa0deba000 	C:\WINDOWS\System32\fwpuclnt.dll
0x00007ffa168d0000 - 0x00007ffa1696f000 	C:\WINDOWS\System32\clbcatq.dll
0x00007ffa108c0000 - 0x00007ffa10a68000 	C:\WINDOWS\SYSTEM32\WindowsCodecs.dll
0x00007ff9fa290000 - 0x00007ff9fa2d9000 	C:\WINDOWS\system32\dataexchange.dll
0x00007ffa11d70000 - 0x00007ffa12026000 	C:\WINDOWS\system32\d3d11.dll
0x00007ffa12470000 - 0x00007ffa125c1000 	C:\WINDOWS\system32\dcomp.dll
0x00007ffa13650000 - 0x00007ffa136ef000 	C:\WINDOWS\system32\dxgi.dll
0x00007ffa130f0000 - 0x00007ffa1320c000 	C:\WINDOWS\system32\twinapi.appcore.dll
0x00007ff9fc840000 - 0x00007ff9fc872000 	C:\Program Files\Common Files\Microsoft Shared\Ink\rtscom.dll
0x000000005d8e0000 - 0x000000005d903000 	C:\Program Files\Java\jdk1.8.0_121\jre\bin\javafx_iio.dll
0x000000005d8c0000 - 0x000000005d8d1000 	C:\Program Files\Java\jdk1.8.0_121\jre\bin\prism_common.dll
0x00007ffa07cd0000 - 0x00007ffa07e62000 	C:\WINDOWS\SYSTEM32\dbghelp.dll

VM Arguments:
jvm_args: -Dfile.encoding=UTF-8 
java_command: com.jeeves.vpl.Main
java_class_path (initial): C:\Users\Daniel\workspace\JeevesMaven\target\classes;C:\Users\Daniel\workspace\JeevesMaven\poi-3.15.jar;C:\Users\Daniel\workspace\JeevesMaven\commons-lang3-3.5.jar;C:\Users\Daniel\workspace\JeevesMaven\controlsfx-8.40.12.jar;C:\Users\Daniel\.m2\repository\org\apache\shiro\shiro-core\1.3.2\shiro-core-1.3.2.jar;C:\Users\Daniel\.m2\repository\org\slf4j\slf4j-api\1.6.4\slf4j-api-1.6.4.jar;C:\Users\Daniel\.m2\repository\commons-beanutils\commons-beanutils\1.8.3\commons-beanutils-1.8.3.jar;C:\Users\Daniel\.m2\repository\com\google\firebase\firebase-admin\5.1.0\firebase-admin-5.1.0.jar;C:\Users\Daniel\.m2\repository\com\google\api-client\google-api-client\1.22.0\google-api-client-1.22.0.jar;C:\Users\Daniel\.m2\repository\com\google\oauth-client\google-oauth-client\1.22.0\google-oauth-client-1.22.0.jar;C:\Users\Daniel\.m2\repository\com\google\http-client\google-http-client-jackson2\1.22.0\google-http-client-jackson2-1.22.0.jar;C:\Users\Daniel\.m2\repository\com\fasterxml\jackson\core\jackson-core\2.1.3\jackson-core-2.1.3.jar;C:\Users\Daniel\.m2\repository\com\google\api-client\google-api-client-gson\1.22.0\google-api-client-gson-1.22.0.jar;C:\Users\Daniel\.m2\repository\com\google\http-client\google-http-client-gson\1.22.0\google-http-client-gson-1.22.0.jar;C:\Users\Daniel\.m2\repository\com\google\code\gson\gson\2.1\gson-2.1.jar;C:\Users\Daniel\.m2\repository\com\google\http-client\google-http-client\1.22.0\google-http-client-1.22.0.jar;C:\Users\Daniel\.m2\repository\com\google\code\findbugs\jsr305\1.3.9\jsr305-1.3.9.jar;C:\Users\Daniel\.m2\repository\org\apache\httpcomponents\httpclient\4.0.1\httpclient-4.0.1.jar;C:\Users\Daniel\.m2\repository\org\apache\httpcomponents\httpcore\4.0.1\httpcore-4.0.1.jar;C:\Users\Daniel\.m2\repository\commons-logging\commons-logging\1.1.1\commons-logging-1.1.1.jar;C:\Users\Daniel\.m2\repository\commons-codec\commons-codec\1.3\commons-codec-1.3.jar;C:\Users\Daniel\.m2\repository\org\json\json\20160810\json-20160
Launcher Type: SUN_STANDARD

Environment Variables:
JAVA_HOME=C:\Program Files\Java\jdk1.8.0_121
CLASSPATH=.
USERNAME=Daniel
OS=Windows_NT
PROCESSOR_IDENTIFIER=Intel64 Family 6 Model 69 Stepping 1, GenuineIntel



---------------  S Y S T E M  ---------------

OS: Windows 10.0 , 64 bit Build 14393 (10.0.14393.1198)

CPU:total 4 (2 cores per cpu, 2 threads per core) family 6 model 69 stepping 1, cmov, cx8, fxsr, mmx, sse, sse2, sse3, ssse3, sse4.1, sse4.2, popcnt, avx, avx2, aes, clmul, erms, lzcnt, ht, tsc, tscinvbit, bmi1, bmi2

Memory: 4k page, physical 8317080k(2520424k free), swap 15469568k(5742924k free)

vm_info: Java HotSpot(TM) 64-Bit Server VM (25.121-b13) for windows-amd64 JRE (1.8.0_121-b13), built on Dec 12 2016 18:21:36 by "java_re" with MS VC++ 10.0 (VS2010)

time: Fri Jun 09 15:48:59 2017
elapsed time: 21 seconds (0d 0h 0m 21s)

