#
# A fatal error has been detected by the Java Runtime Environment:
#
#  EXCEPTION_ACCESS_VIOLATION (0xc0000005) at pc=0x00000000678478b0, pid=10992, tid=0x0000000000003d80
#
# JRE version: Java(TM) SE Runtime Environment (8.0_151-b12) (build 1.8.0_151-b12)
# Java VM: Java HotSpot(TM) 64-Bit Server VM (25.151-b12 mixed mode windows-amd64 compressed oops)
# Problematic frame:
# C  [glass.dll+0x278b0]
#
# Failed to write core dump. Minidumps are not enabled by default on client versions of Windows
#
# If you would like to submit a bug report, please visit:
#   http://bugreport.java.com/bugreport/crash.jsp
#

---------------  T H R E A D  ---------------

Current thread (0x0000000019c47800):  VMThread [stack: 0x000000001acd0000,0x000000001add0000] [id=15744]

siginfo: ExceptionCode=0xc0000005, reading address 0x0000000000000000

Registers:
RAX=0x0000000000000000, RBX=0x0000000019ba4a18, RCX=0x0000000019c47800, RDX=0x0000000067fbc658
RSP=0x000000001adceee0, RBP=0x0000000003112ee8, RSI=0x0000000003112ec0, RDI=0x0000a4ddcaa6181c
R8 =0x0000000000010002, R9 =0x000000000000001c, R10=0x0000a4ddcaa6181c, R11=0x000000001adcede0
R12=0x0000000000000000, R13=0x0000000000000040, R14=0x000000001adceff8, R15=0x0000000003112ec0
RIP=0x00000000678478b0, EFLAGS=0x0000000000010206

Top of Stack: (sp=0x000000001adceee0)
0x000000001adceee0:   0000000000000000 00007ff86f3ed00b
0x000000001adceef0:   0000000003112ed0 0000000003112ed0
0x000000001adcef00:   fffffffffffffffe 0000000003112ee8
0x000000001adcef10:   0000000003112ec8 00007ff86f3f85f3
0x000000001adcef20:   000000006785c1b0 00007ff800000000
0x000000001adcef30:   0000000000000000 0000000000000000
0x000000001adcef40:   fffffffffffffffe 0000000000000000
0x000000001adcef50:   0000000000000001 0000000067820000
0x000000001adcef60:   0000000004de1638 00000000678448dc
0x000000001adcef70:   000000001adcefe8 00007ff86f3ed157
0x000000001adcef80:   0000000000000000 000000001adceff8
0x000000001adcef90:   0000000019b55400 00007ff86f4c70e0
0x000000001adcefa0:   0000000000000000 00007ff86f3f16ee
0x000000001adcefb0:   0000000000000000 0000000000000001
0x000000001adcefc0:   0000000000000001 000000001adcefe8
0x000000001adcefd0:   0000000000000000 0000000067844752 

Instructions: (pc=0x00000000678478b0)
0x0000000067847890:   40 53 48 83 ec 30 48 c7 44 24 20 fe ff ff ff 48
0x00000000678478a0:   8b 1d 7a 72 01 00 48 85 db 74 16 e8 00 81 ff ff
0x00000000678478b0:   4c 8b 00 48 8b d3 48 8b c8 41 ff 90 b0 00 00 00
0x00000000678478c0:   90 48 83 c4 30 5b c3 cc cc cc cc cc cc cc cc cc 


Register to memory mapping:

RAX=0x0000000000000000 is an unknown value
RBX=0x0000000019ba4a18 is a global jni handle
RCX=0x0000000019c47800 is an unknown value
RDX=0x0000000067fbc658 is an unknown value
RSP=0x000000001adceee0 is an unknown value
RBP=0x0000000003112ee8 is an unknown value
RSI=0x0000000003112ec0 is an unknown value
RDI=0x0000a4ddcaa6181c is an unknown value
R8 =0x0000000000010002 is an unknown value
R9 =0x000000000000001c is an unknown value
R10=0x0000a4ddcaa6181c is an unknown value
R11=0x000000001adcede0 is an unknown value
R12=0x0000000000000000 is an unknown value
R13=0x0000000000000040 is an unknown value
R14=0x000000001adceff8 is an unknown value
R15=0x0000000003112ec0 is an unknown value


Stack: [0x000000001acd0000,0x000000001add0000],  sp=0x000000001adceee0,  free space=1019k
Native frames: (J=compiled Java code, j=interpreted, Vv=VM code, C=native code)
C  [glass.dll+0x278b0]
C  [ucrtbase.dll+0x185f3]
C  [ucrtbase.dll+0xd157]
C  [ucrtbase.dll+0x116ee]
C  [glass.dll+0x24752]
C  [glass.dll+0x24850]
C  [ntdll.dll+0x11493]
C  [ntdll.dll+0x406b5]
C  [ntdll.dll+0x40574]
C  [KERNEL32.DLL+0xf06a]
C  [msvcr100.dll+0x20ccd]
V  [jvm.dll+0x212a95]
V  [jvm.dll+0x24b9a7]
V  [jvm.dll+0x24ac46]
V  [jvm.dll+0x24b0e1]
V  [jvm.dll+0x24b2fe]
V  [jvm.dll+0x29c3ea]
C  [msvcr100.dll+0x21d9f]
C  [msvcr100.dll+0x21e3b]
C  [KERNEL32.DLL+0x11fe4]
C  [ntdll.dll+0x6efb1]

VM_Operation (0x000000001ca7a960): Exit, mode: safepoint, requested by thread 0x000000001be23000


---------------  P R O C E S S  ---------------

Java Threads: ( => current thread )
  0x0000000021907800 JavaThread "Prism Font Disposer" daemon [_thread_blocked, id=9936, stack(0x0000000023fe0000,0x00000000240e0000)]
  0x000000001beaa800 JavaThread "JavaFX-Launcher" [_thread_blocked, id=11508, stack(0x0000000021110000,0x0000000021210000)]
  0x000000001bea8800 JavaThread "Thread-2" daemon [_thread_in_native, id=15748, stack(0x0000000021010000,0x0000000021110000)]
  0x000000001be23000 JavaThread "JavaFX Application Thread" [_thread_blocked, id=15940, stack(0x000000001c980000,0x000000001ca80000)]
  0x000000001be29000 JavaThread "Thread-1" daemon [_thread_blocked, id=7776, stack(0x000000001c880000,0x000000001c980000)]
  0x000000001be04000 JavaThread "QuantumRenderer-0" daemon [_thread_blocked, id=13684, stack(0x000000001c5e0000,0x000000001c6e0000)]
  0x000000001b602800 JavaThread "Service Thread" daemon [_thread_blocked, id=14700, stack(0x000000001b9c0000,0x000000001bac0000)]
  0x0000000019c94800 JavaThread "C1 CompilerThread2" daemon [_thread_blocked, id=10076, stack(0x000000001b4c0000,0x000000001b5c0000)]
  0x0000000019c84800 JavaThread "C2 CompilerThread1" daemon [_thread_blocked, id=11300, stack(0x000000001b3c0000,0x000000001b4c0000)]
  0x0000000019c81800 JavaThread "C2 CompilerThread0" daemon [_thread_blocked, id=14948, stack(0x000000001b2c0000,0x000000001b3c0000)]
  0x0000000019c80000 JavaThread "Attach Listener" daemon [_thread_blocked, id=5440, stack(0x000000001b1c0000,0x000000001b2c0000)]
  0x0000000019c7f000 JavaThread "Signal Dispatcher" daemon [_thread_blocked, id=13420, stack(0x000000001b0c0000,0x000000001b1c0000)]
  0x00000000050ed800 JavaThread "Finalizer" daemon [_thread_blocked, id=14828, stack(0x000000001aed0000,0x000000001afd0000)]
  0x00000000050e3000 JavaThread "Reference Handler" daemon [_thread_blocked, id=552, stack(0x000000001add0000,0x000000001aed0000)]
  0x0000000004ff3800 JavaThread "main" [_thread_blocked, id=12184, stack(0x0000000004ef0000,0x0000000004ff0000)]

Other Threads:
=>0x0000000019c47800 VMThread [stack: 0x000000001acd0000,0x000000001add0000] [id=15744]

VM state:at safepoint (shutting down)

VM Mutex/Monitor currently owned by a thread:  ([mutex/lock_event])
[0x0000000004ff11d0] Threads_lock - owner thread: 0x0000000019c47800

Heap:
 PSYoungGen      total 106496K, used 101598K [0x00000000d5b00000, 0x00000000df000000, 0x0000000100000000)
  eden space 101376K, 95% used [0x00000000d5b00000,0x00000000db982fc0,0x00000000dbe00000)
  from space 5120K, 94% used [0x00000000deb00000,0x00000000defb4868,0x00000000df000000)
  to   space 13824K, 0% used [0x00000000dd500000,0x00000000dd500000,0x00000000de280000)
 ParOldGen       total 73728K, used 16677K [0x0000000081000000, 0x0000000085800000, 0x00000000d5b00000)
  object space 73728K, 22% used [0x0000000081000000,0x0000000082049570,0x0000000085800000)
 Metaspace       used 27069K, capacity 28960K, committed 29184K, reserved 1075200K
  class space    used 3984K, capacity 4317K, committed 4352K, reserved 1048576K

Card table byte_map: [0x00000000144b0000,0x00000000148b0000] byte_map_base: 0x00000000140a8000

Marking Bits: (ParMarkBitMap*) 0x00000000681ad850
 Begin Bits: [0x0000000014f60000, 0x0000000016f20000)
 End Bits:   [0x0000000016f20000, 0x0000000018ee0000)

Polling page: 0x0000000003450000

CodeCache: size=245760Kb used=13999Kb max_used=14005Kb free=231761Kb
 bounds [0x00000000050f0000, 0x0000000005eb0000, 0x00000000140f0000]
 total_blobs=5300 nmethods=4560 adapters=651
 compilation: enabled

Compilation events (10 events):
Event: 6.726 Thread 0x0000000019c81800 4574       4       java.util.Collections$UnmodifiableCollection::<init> (22 bytes)
Event: 6.726 Thread 0x0000000019c94800 4573       3       jdk.internal.org.objectweb.asm.FieldWriter::visitEnd (1 bytes)
Event: 6.726 Thread 0x0000000019c94800 nmethod 4573 0x0000000005ea3950 code [0x0000000005ea3aa0, 0x0000000005ea3bf0]
Event: 6.727 Thread 0x0000000019c81800 nmethod 4574 0x0000000005ea68d0 code [0x0000000005ea6a00, 0x0000000005ea6a98]
Event: 6.733 Thread 0x0000000019c94800 4575       3       com.sun.javafx.PlatformUtil::isMac (4 bytes)
Event: 6.733 Thread 0x0000000019c94800 nmethod 4575 0x0000000005ea65d0 code [0x0000000005ea6720, 0x0000000005ea6850]
Event: 6.738 Thread 0x0000000019c94800 4576       3       jdk.internal.org.objectweb.asm.FieldVisitor::<init> (35 bytes)
Event: 6.739 Thread 0x0000000019c94800 nmethod 4576 0x0000000005ea6050 code [0x0000000005ea61c0, 0x0000000005ea64c8]
Event: 6.741 Thread 0x0000000019c94800 4577       3       java.util.ArrayList::remove (77 bytes)
Event: 6.743 Thread 0x0000000019c94800 nmethod 4577 0x0000000005ea5710 code [0x0000000005ea58c0, 0x0000000005ea5e08]

GC Heap History (10 events):
Event: 1.954 GC heap before
{Heap before GC invocations=3 (full 0):
 PSYoungGen      total 38400K, used 38393K [0x00000000d5b00000, 0x00000000da600000, 0x0000000100000000)
  eden space 33280K, 100% used [0x00000000d5b00000,0x00000000d7b80000,0x00000000d7b80000)
  from space 5120K, 99% used [0x00000000d8080000,0x00000000d857e5b0,0x00000000d8580000)
  to   space 5120K, 0% used [0x00000000d7b80000,0x00000000d7b80000,0x00000000d8080000)
 ParOldGen       total 87552K, used 9166K [0x0000000081000000, 0x0000000086580000, 0x00000000d5b00000)
  object space 87552K, 10% used [0x0000000081000000,0x00000000818f3a30,0x0000000086580000)
 Metaspace       used 18195K, capacity 18784K, committed 18944K, reserved 1064960K
  class space    used 2528K, capacity 2707K, committed 2816K, reserved 1048576K
Event: 1.962 GC heap after
Heap after GC invocations=3 (full 0):
 PSYoungGen      total 38400K, used 5113K [0x00000000d5b00000, 0x00000000da600000, 0x0000000100000000)
  eden space 33280K, 0% used [0x00000000d5b00000,0x00000000d5b00000,0x00000000d7b80000)
  from space 5120K, 99% used [0x00000000d7b80000,0x00000000d807e590,0x00000000d8080000)
  to   space 5120K, 0% used [0x00000000da100000,0x00000000da100000,0x00000000da600000)
 ParOldGen       total 87552K, used 12555K [0x0000000081000000, 0x0000000086580000, 0x00000000d5b00000)
  object space 87552K, 14% used [0x0000000081000000,0x0000000081c42d30,0x0000000086580000)
 Metaspace       used 18195K, capacity 18784K, committed 18944K, reserved 1064960K
  class space    used 2528K, capacity 2707K, committed 2816K, reserved 1048576K
}
Event: 2.258 GC heap before
{Heap before GC invocations=4 (full 0):
 PSYoungGen      total 38400K, used 38393K [0x00000000d5b00000, 0x00000000da600000, 0x0000000100000000)
  eden space 33280K, 100% used [0x00000000d5b00000,0x00000000d7b80000,0x00000000d7b80000)
  from space 5120K, 99% used [0x00000000d7b80000,0x00000000d807e590,0x00000000d8080000)
  to   space 5120K, 0% used [0x00000000da100000,0x00000000da100000,0x00000000da600000)
 ParOldGen       total 87552K, used 12555K [0x0000000081000000, 0x0000000086580000, 0x00000000d5b00000)
  object space 87552K, 14% used [0x0000000081000000,0x0000000081c42d30,0x0000000086580000)
 Metaspace       used 19828K, capacity 20636K, committed 20736K, reserved 1067008K
  class space    used 2854K, capacity 3057K, committed 3072K, reserved 1048576K
Event: 2.266 GC heap after
Heap after GC invocations=4 (full 0):
 PSYoungGen      total 71680K, used 5104K [0x00000000d5b00000, 0x00000000da600000, 0x0000000100000000)
  eden space 66560K, 0% used [0x00000000d5b00000,0x00000000d5b00000,0x00000000d9c00000)
  from space 5120K, 99% used [0x00000000da100000,0x00000000da5fc1b0,0x00000000da600000)
  to   space 5120K, 0% used [0x00000000d9c00000,0x00000000d9c00000,0x00000000da100000)
 ParOldGen       total 87552K, used 13558K [0x0000000081000000, 0x0000000086580000, 0x00000000d5b00000)
  object space 87552K, 15% used [0x0000000081000000,0x0000000081d3d840,0x0000000086580000)
 Metaspace       used 19828K, capacity 20636K, committed 20736K, reserved 1067008K
  class space    used 2854K, capacity 3057K, committed 3072K, reserved 1048576K
}
Event: 2.390 GC heap before
{Heap before GC invocations=5 (full 0):
 PSYoungGen      total 71680K, used 29430K [0x00000000d5b00000, 0x00000000da600000, 0x0000000100000000)
  eden space 66560K, 36% used [0x00000000d5b00000,0x00000000d72c1900,0x00000000d9c00000)
  from space 5120K, 99% used [0x00000000da100000,0x00000000da5fc1b0,0x00000000da600000)
  to   space 5120K, 0% used [0x00000000d9c00000,0x00000000d9c00000,0x00000000da100000)
 ParOldGen       total 87552K, used 13558K [0x0000000081000000, 0x0000000086580000, 0x00000000d5b00000)
  object space 87552K, 15% used [0x0000000081000000,0x0000000081d3d840,0x0000000086580000)
 Metaspace       used 20294K, capacity 21262K, committed 21296K, reserved 1067008K
  class space    used 2961K, capacity 3168K, committed 3200K, reserved 1048576K
Event: 2.396 GC heap after
Heap after GC invocations=5 (full 0):
 PSYoungGen      total 71680K, used 3815K [0x00000000d5b00000, 0x00000000df900000, 0x0000000100000000)
  eden space 66560K, 0% used [0x00000000d5b00000,0x00000000d5b00000,0x00000000d9c00000)
  from space 5120K, 74% used [0x00000000d9c00000,0x00000000d9fb9c90,0x00000000da100000)
  to   space 14336K, 0% used [0x00000000deb00000,0x00000000deb00000,0x00000000df900000)
 ParOldGen       total 87552K, used 15287K [0x0000000081000000, 0x0000000086580000, 0x00000000d5b00000)
  object space 87552K, 17% used [0x0000000081000000,0x0000000081eedd50,0x0000000086580000)
 Metaspace       used 20294K, capacity 21262K, committed 21296K, reserved 1067008K
  class space    used 2961K, capacity 3168K, committed 3200K, reserved 1048576K
}
Event: 2.396 GC heap before
{Heap before GC invocations=6 (full 1):
 PSYoungGen      total 71680K, used 3815K [0x00000000d5b00000, 0x00000000df900000, 0x0000000100000000)
  eden space 66560K, 0% used [0x00000000d5b00000,0x00000000d5b00000,0x00000000d9c00000)
  from space 5120K, 74% used [0x00000000d9c00000,0x00000000d9fb9c90,0x00000000da100000)
  to   space 14336K, 0% used [0x00000000deb00000,0x00000000deb00000,0x00000000df900000)
 ParOldGen       total 87552K, used 15287K [0x0000000081000000, 0x0000000086580000, 0x00000000d5b00000)
  object space 87552K, 17% used [0x0000000081000000,0x0000000081eedd50,0x0000000086580000)
 Metaspace       used 20294K, capacity 21262K, committed 21296K, reserved 1067008K
  class space    used 2961K, capacity 3168K, committed 3200K, reserved 1048576K
Event: 2.438 GC heap after
Heap after GC invocations=6 (full 1):
 PSYoungGen      total 71680K, used 0K [0x00000000d5b00000, 0x00000000df900000, 0x0000000100000000)
  eden space 66560K, 0% used [0x00000000d5b00000,0x00000000d5b00000,0x00000000d9c00000)
  from space 5120K, 0% used [0x00000000d9c00000,0x00000000d9c00000,0x00000000da100000)
  to   space 14336K, 0% used [0x00000000deb00000,0x00000000deb00000,0x00000000df900000)
 ParOldGen       total 73728K, used 16669K [0x0000000081000000, 0x0000000085800000, 0x00000000d5b00000)
  object space 73728K, 22% used [0x0000000081000000,0x0000000082047570,0x0000000085800000)
 Metaspace       used 20294K, capacity 21262K, committed 21296K, reserved 1067008K
  class space    used 2961K, capacity 3168K, committed 3200K, reserved 1048576K
}
Event: 2.956 GC heap before
{Heap before GC invocations=7 (full 1):
 PSYoungGen      total 71680K, used 66560K [0x00000000d5b00000, 0x00000000df900000, 0x0000000100000000)
  eden space 66560K, 100% used [0x00000000d5b00000,0x00000000d9c00000,0x00000000d9c00000)
  from space 5120K, 0% used [0x00000000d9c00000,0x00000000d9c00000,0x00000000da100000)
  to   space 14336K, 0% used [0x00000000deb00000,0x00000000deb00000,0x00000000df900000)
 ParOldGen       total 73728K, used 16669K [0x0000000081000000, 0x0000000085800000, 0x00000000d5b00000)
  object space 73728K, 22% used [0x0000000081000000,0x0000000082047570,0x0000000085800000)
 Metaspace       used 21797K, capacity 22856K, committed 22912K, reserved 1069056K
  class space    used 3200K, capacity 3439K, committed 3456K, reserved 1048576K
Event: 2.961 GC heap after
Heap after GC invocations=7 (full 1):
 PSYoungGen      total 106496K, used 4818K [0x00000000d5b00000, 0x00000000df000000, 0x0000000100000000)
  eden space 101376K, 0% used [0x00000000d5b00000,0x00000000d5b00000,0x00000000dbe00000)
  from space 5120K, 94% used [0x00000000deb00000,0x00000000defb4868,0x00000000df000000)
  to   space 13824K, 0% used [0x00000000dd500000,0x00000000dd500000,0x00000000de280000)
 ParOldGen       total 73728K, used 16677K [0x0000000081000000, 0x0000000085800000, 0x00000000d5b00000)
  object space 73728K, 22% used [0x0000000081000000,0x0000000082049570,0x0000000085800000)
 Metaspace       used 21797K, capacity 22856K, committed 22912K, reserved 1069056K
  class space    used 3200K, capacity 3439K, committed 3456K, reserved 1048576K
}

Deoptimization events (10 events):
Event: 3.926 Thread 0x000000001be23000 Uncommon trap: reason=class_check action=maybe_recompile pc=0x0000000005c9f390 method=javafx.scene.Node.transformedBoundsChanged()V @ 28
Event: 3.926 Thread 0x000000001be23000 Uncommon trap: reason=bimorphic action=maybe_recompile pc=0x0000000005ca5290 method=javafx.scene.Node.impl_geomChanged()V @ 33
Event: 3.926 Thread 0x000000001be23000 Uncommon trap: reason=class_check action=maybe_recompile pc=0x0000000005c9f390 method=javafx.scene.Node.transformedBoundsChanged()V @ 28
Event: 4.356 Thread 0x000000001be04000 Uncommon trap: reason=unstable_if action=reinterpret pc=0x000000000593bda4 method=java.lang.Class.arrayContentsEq([Ljava/lang/Object;[Ljava/lang/Object;)Z @ 1
Event: 4.407 Thread 0x000000001be04000 Uncommon trap: reason=unstable_if action=reinterpret pc=0x0000000005925de8 method=java.lang.Class.arrayContentsEq([Ljava/lang/Object;[Ljava/lang/Object;)Z @ 1
Event: 4.710 Thread 0x000000001be23000 Uncommon trap: reason=unstable_if action=reinterpret pc=0x0000000005d35b24 method=javafx.scene.Node.impl_isDirtyEmpty()Z @ 4
Event: 4.710 Thread 0x000000001be23000 Uncommon trap: reason=unstable_if action=reinterpret pc=0x0000000005d32990 method=javafx.scene.Node.impl_isDirtyEmpty()Z @ 4
Event: 4.740 Thread 0x000000001be23000 Uncommon trap: reason=unstable_if action=reinterpret pc=0x000000000559e5e8 method=jdk.internal.org.objectweb.asm.Type.getArgumentsAndReturnSizes(Ljava/lang/String;)I @ 47
Event: 5.886 Thread 0x000000001be23000 Uncommon trap: reason=unstable_if action=reinterpret pc=0x00000000058c9344 method=java.util.EnumMap.isValidKey(Ljava/lang/Object;)Z @ 16
Event: 5.886 Thread 0x000000001be23000 Uncommon trap: reason=unstable_if action=reinterpret pc=0x00000000058c975c method=java.util.EnumMap.isValidKey(Ljava/lang/Object;)Z @ 16

Internal exceptions (10 events):
Event: 1.410 Thread 0x000000001be23000 Exception <a 'java/lang/NoClassDefFoundError': org/slf4j/impl/StaticLoggerBinder> (0x00000000d78a26d0) thrown at [C:\re\workspace\8-2-build-windows-amd64-cygwin\jdk8u151\9699\hotspot\src\share\vm\classfile\systemDictionary.cpp, line 199]
Event: 2.023 Thread 0x000000001be23000 Exception <a 'java/lang/ArrayIndexOutOfBoundsException': 57> (0x00000000d5eac710) thrown at [C:\re\workspace\8-2-build-windows-amd64-cygwin\jdk8u151\9699\hotspot\src\share\vm\interpreter\interpreterRuntime.cpp, line 366]
Event: 2.282 Thread 0x000000001be23000 Implicit null exception at 0x00000000054203f5 to 0x000000000542060d
Event: 2.282 Thread 0x000000001be23000 Implicit null exception at 0x000000000548bed8 to 0x000000000548bf66
Event: 3.887 Thread 0x000000001be23000 Implicit null exception at 0x0000000005beb477 to 0x0000000005bec6a5
Event: 3.888 Thread 0x000000001be23000 Implicit null exception at 0x0000000005c4a6fd to 0x0000000005c4cff1
Event: 3.888 Thread 0x000000001be23000 Implicit null exception at 0x0000000005b9cece to 0x0000000005b9e7dd
Event: 4.356 Thread 0x000000001be04000 Implicit null exception at 0x0000000005938bd4 to 0x000000000593bd35
Event: 4.406 Thread 0x000000001be04000 Implicit null exception at 0x0000000005922924 to 0x0000000005925d75
Event: 6.749 Thread 0x000000002569f000 Exception <a 'java/lang/IllegalStateException'> (0x00000000db78e518) thrown at [C:\re\workspace\8-2-build-windows-amd64-cygwin\jdk8u151\9699\hotspot\src\share\vm\prims\jvm.cpp, line 1394]

Events (10 events):
Event: 6.745 loading class java/util/IdentityHashMap$KeyIterator done
Event: 6.745 Thread 0x000000002569f000 Thread added: 0x000000002569f000
Event: 6.745 Thread 0x0000000024f10800 Thread added: 0x0000000024f10800
Event: 6.746 loading class com/sun/javafx/tk/quantum/QuantumRenderer
Event: 6.746 Thread 0x0000000024f10800 Thread exited: 0x0000000024f10800
Event: 6.746 loading class com/sun/javafx/tk/quantum/QuantumRenderer done
Event: 6.747 loading class com/sun/javafx/tk/quantum/QuantumToolkit
Event: 6.748 loading class com/sun/javafx/tk/quantum/QuantumToolkit done
Event: 6.749 Thread 0x000000002569f000 Thread exited: 0x000000002569f000
Event: 6.749 Executing VM operation: Exit


Dynamic libraries:
0x00007ff71cf40000 - 0x00007ff71cf77000 	C:\Program Files\Java\jre1.8.0_151\bin\javaw.exe
0x00007ff872f70000 - 0x00007ff873150000 	C:\WINDOWS\SYSTEM32\ntdll.dll
0x00007ff8706d0000 - 0x00007ff87077e000 	C:\WINDOWS\System32\KERNEL32.DLL
0x00007ff86f4e0000 - 0x00007ff86f746000 	C:\WINDOWS\System32\KERNELBASE.dll
0x00007ff872ad0000 - 0x00007ff872b71000 	C:\WINDOWS\System32\ADVAPI32.dll
0x00007ff872e50000 - 0x00007ff872eed000 	C:\WINDOWS\System32\msvcrt.dll
0x00007ff870810000 - 0x00007ff87086b000 	C:\WINDOWS\System32\sechost.dll
0x00007ff870e60000 - 0x00007ff870f7f000 	C:\WINDOWS\System32\RPCRT4.dll
0x00007ff8710d0000 - 0x00007ff87125f000 	C:\WINDOWS\System32\USER32.dll
0x00007ff86f3c0000 - 0x00007ff86f3e0000 	C:\WINDOWS\System32\win32u.dll
0x00007ff8712d0000 - 0x00007ff8712f8000 	C:\WINDOWS\System32\GDI32.dll
0x00007ff86f8e0000 - 0x00007ff86fa73000 	C:\WINDOWS\System32\gdi32full.dll
0x00007ff8703a0000 - 0x00007ff87043b000 	C:\WINDOWS\System32\msvcp_win.dll
0x00007ff86f3e0000 - 0x00007ff86f4d6000 	C:\WINDOWS\System32\ucrtbase.dll
0x00007ff8685a0000 - 0x00007ff868809000 	C:\WINDOWS\WinSxS\amd64_microsoft.windows.common-controls_6595b64144ccf1df_6.0.16299.192_none_15c8cdae9364c23b\COMCTL32.dll
0x00007ff871300000 - 0x00007ff871608000 	C:\WINDOWS\System32\combase.dll
0x00007ff86f800000 - 0x00007ff86f872000 	C:\WINDOWS\System32\bcryptPrimitives.dll
0x00007ff872f00000 - 0x00007ff872f2d000 	C:\WINDOWS\System32\IMM32.DLL
0x00000000676d0000 - 0x00000000677a2000 	C:\Program Files\Java\jre1.8.0_151\bin\msvcr100.dll
0x0000000067990000 - 0x000000006822d000 	C:\Program Files\Java\jre1.8.0_151\bin\server\jvm.dll
0x00007ff872f30000 - 0x00007ff872f38000 	C:\WINDOWS\System32\PSAPI.DLL
0x00007ff868fb0000 - 0x00007ff868fd3000 	C:\WINDOWS\SYSTEM32\WINMM.dll
0x00007ff867670000 - 0x00007ff86767a000 	C:\WINDOWS\SYSTEM32\VERSION.dll
0x00007ff868f80000 - 0x00007ff868faa000 	C:\WINDOWS\SYSTEM32\WINMMBASE.dll
0x00007ff86f370000 - 0x00007ff86f3ba000 	C:\WINDOWS\System32\cfgmgr32.dll
0x00007ff864f90000 - 0x00007ff864f99000 	C:\WINDOWS\SYSTEM32\WSOCK32.dll
0x00007ff871260000 - 0x00007ff8712cc000 	C:\WINDOWS\System32\WS2_32.dll
0x0000000067980000 - 0x000000006798f000 	C:\Program Files\Java\jre1.8.0_151\bin\verify.dll
0x0000000067950000 - 0x0000000067979000 	C:\Program Files\Java\jre1.8.0_151\bin\java.dll
0x0000000067930000 - 0x0000000067946000 	C:\Program Files\Java\jre1.8.0_151\bin\zip.dll
0x00007ff871630000 - 0x00007ff872a66000 	C:\WINDOWS\System32\SHELL32.dll
0x00007ff870440000 - 0x00007ff8704e6000 	C:\WINDOWS\System32\shcore.dll
0x00007ff86fc50000 - 0x00007ff870397000 	C:\WINDOWS\System32\windows.storage.dll
0x00007ff872a70000 - 0x00007ff872ac1000 	C:\WINDOWS\System32\shlwapi.dll
0x00007ff86f300000 - 0x00007ff86f311000 	C:\WINDOWS\System32\kernel.appcore.dll
0x00007ff86f320000 - 0x00007ff86f36c000 	C:\WINDOWS\System32\powrprof.dll
0x00007ff86f2e0000 - 0x00007ff86f2fb000 	C:\WINDOWS\System32\profapi.dll
0x00000000034a0000 - 0x00000000034a3000 	C:\Program Files\Java\jre1.8.0_151\bin\api-ms-win-core-console-l1-1-0.dll
0x0000000004d90000 - 0x0000000004d93000 	C:\Program Files\Java\jre1.8.0_151\bin\api-ms-win-core-datetime-l1-1-0.dll
0x0000000004da0000 - 0x0000000004da3000 	C:\Program Files\Java\jre1.8.0_151\bin\api-ms-win-core-debug-l1-1-0.dll
0x0000000004db0000 - 0x0000000004db3000 	C:\Program Files\Java\jre1.8.0_151\bin\api-ms-win-core-errorhandling-l1-1-0.dll
0x0000000004dc0000 - 0x0000000004dc4000 	C:\Program Files\Java\jre1.8.0_151\bin\api-ms-win-core-file-l1-1-0.dll
0x0000000004dd0000 - 0x0000000004dd3000 	C:\Program Files\Java\jre1.8.0_151\bin\api-ms-win-core-file-l1-2-0.dll
0x000000001bbc0000 - 0x000000001bbc3000 	C:\Program Files\Java\jre1.8.0_151\bin\api-ms-win-core-file-l2-1-0.dll
0x000000001bbd0000 - 0x000000001bbd3000 	C:\Program Files\Java\jre1.8.0_151\bin\api-ms-win-core-handle-l1-1-0.dll
0x000000001bbe0000 - 0x000000001bbe3000 	C:\Program Files\Java\jre1.8.0_151\bin\api-ms-win-core-heap-l1-1-0.dll
0x000000001bbf0000 - 0x000000001bbf3000 	C:\Program Files\Java\jre1.8.0_151\bin\api-ms-win-core-interlocked-l1-1-0.dll
0x000000001bc00000 - 0x000000001bc03000 	C:\Program Files\Java\jre1.8.0_151\bin\api-ms-win-core-libraryloader-l1-1-0.dll
0x000000001bc10000 - 0x000000001bc13000 	C:\Program Files\Java\jre1.8.0_151\bin\api-ms-win-core-localization-l1-2-0.dll
0x000000001bc20000 - 0x000000001bc23000 	C:\Program Files\Java\jre1.8.0_151\bin\api-ms-win-core-memory-l1-1-0.dll
0x000000001bc30000 - 0x000000001bc33000 	C:\Program Files\Java\jre1.8.0_151\bin\api-ms-win-core-namedpipe-l1-1-0.dll
0x000000001bc40000 - 0x000000001bc43000 	C:\Program Files\Java\jre1.8.0_151\bin\api-ms-win-core-processenvironment-l1-1-0.dll
0x000000001bc50000 - 0x000000001bc53000 	C:\Program Files\Java\jre1.8.0_151\bin\api-ms-win-core-processthreads-l1-1-0.dll
0x000000001bc60000 - 0x000000001bc63000 	C:\Program Files\Java\jre1.8.0_151\bin\api-ms-win-core-processthreads-l1-1-1.dll
0x000000001bc70000 - 0x000000001bc73000 	C:\Program Files\Java\jre1.8.0_151\bin\api-ms-win-core-profile-l1-1-0.dll
0x000000001bc80000 - 0x000000001bc83000 	C:\Program Files\Java\jre1.8.0_151\bin\api-ms-win-core-rtlsupport-l1-1-0.dll
0x000000001bc90000 - 0x000000001bc93000 	C:\Program Files\Java\jre1.8.0_151\bin\api-ms-win-core-string-l1-1-0.dll
0x000000001bca0000 - 0x000000001bca3000 	C:\Program Files\Java\jre1.8.0_151\bin\api-ms-win-core-synch-l1-1-0.dll
0x000000001bcb0000 - 0x000000001bcb3000 	C:\Program Files\Java\jre1.8.0_151\bin\api-ms-win-core-synch-l1-2-0.dll
0x000000001bcc0000 - 0x000000001bcc3000 	C:\Program Files\Java\jre1.8.0_151\bin\api-ms-win-core-sysinfo-l1-1-0.dll
0x000000001bcd0000 - 0x000000001bcd3000 	C:\Program Files\Java\jre1.8.0_151\bin\api-ms-win-core-timezone-l1-1-0.dll
0x000000001bce0000 - 0x000000001bce3000 	C:\Program Files\Java\jre1.8.0_151\bin\api-ms-win-core-util-l1-1-0.dll
0x000000001bcf0000 - 0x000000001bcf3000 	C:\Program Files\Java\jre1.8.0_151\bin\api-ms-win-crt-conio-l1-1-0.dll
0x000000001bd00000 - 0x000000001bd04000 	C:\Program Files\Java\jre1.8.0_151\bin\api-ms-win-crt-convert-l1-1-0.dll
0x000000001bd10000 - 0x000000001bd13000 	C:\Program Files\Java\jre1.8.0_151\bin\api-ms-win-crt-environment-l1-1-0.dll
0x000000001bd20000 - 0x000000001bd23000 	C:\Program Files\Java\jre1.8.0_151\bin\api-ms-win-crt-filesystem-l1-1-0.dll
0x000000001bd30000 - 0x000000001bd33000 	C:\Program Files\Java\jre1.8.0_151\bin\api-ms-win-crt-heap-l1-1-0.dll
0x000000001bd40000 - 0x000000001bd43000 	C:\Program Files\Java\jre1.8.0_151\bin\api-ms-win-crt-locale-l1-1-0.dll
0x000000001bd50000 - 0x000000001bd55000 	C:\Program Files\Java\jre1.8.0_151\bin\api-ms-win-crt-math-l1-1-0.dll
0x000000001bd60000 - 0x000000001bd65000 	C:\Program Files\Java\jre1.8.0_151\bin\api-ms-win-crt-multibyte-l1-1-0.dll
0x000000001bd70000 - 0x000000001bd80000 	C:\Program Files\Java\jre1.8.0_151\bin\api-ms-win-crt-private-l1-1-0.dll
0x000000001bd80000 - 0x000000001bd83000 	C:\Program Files\Java\jre1.8.0_151\bin\api-ms-win-crt-process-l1-1-0.dll
0x000000001bd90000 - 0x000000001bd94000 	C:\Program Files\Java\jre1.8.0_151\bin\api-ms-win-crt-runtime-l1-1-0.dll
0x000000001bda0000 - 0x000000001bda4000 	C:\Program Files\Java\jre1.8.0_151\bin\api-ms-win-crt-stdio-l1-1-0.dll
0x000000001bdb0000 - 0x000000001bdb4000 	C:\Program Files\Java\jre1.8.0_151\bin\api-ms-win-crt-string-l1-1-0.dll
0x000000001bdc0000 - 0x000000001bdc3000 	C:\Program Files\Java\jre1.8.0_151\bin\api-ms-win-crt-time-l1-1-0.dll
0x000000001bdd0000 - 0x000000001bdd3000 	C:\Program Files\Java\jre1.8.0_151\bin\api-ms-win-crt-utility-l1-1-0.dll
0x00007ff848a90000 - 0x00007ff848b86000 	C:\Program Files\Java\jre1.8.0_151\bin\ucrtbase.dll
0x00007ff84fbf0000 - 0x00007ff84fc41000 	C:\Program Files\Java\jre1.8.0_151\bin\concrt140.dll
0x00007ff867ad0000 - 0x00007ff867ae6000 	C:\Program Files\Java\jre1.8.0_151\bin\VCRUNTIME140.dll
0x00007ff8427b0000 - 0x00007ff84284c000 	C:\Program Files\Java\jre1.8.0_151\bin\MSVCP140.dll
0x0000000067870000 - 0x0000000067893000 	C:\Program Files\Java\jre1.8.0_151\bin\prism_d3d.dll
0x00007ff848dc0000 - 0x00007ff848f55000 	C:\WINDOWS\system32\d3d9.dll
0x00007ff86de30000 - 0x00007ff86de5a000 	C:\WINDOWS\SYSTEM32\dwmapi.dll
0x00007ff86dd60000 - 0x00007ff86ddf5000 	C:\WINDOWS\system32\uxtheme.dll
0x00007ff8704f0000 - 0x00007ff8705b5000 	C:\WINDOWS\System32\OLEAUT32.dll
0x00007ff870f80000 - 0x00007ff8710c9000 	C:\WINDOWS\System32\ole32.dll
0x0000000067820000 - 0x0000000067869000 	C:\Program Files\Java\jre1.8.0_151\bin\glass.dll
0x00007ff8705c0000 - 0x00007ff8706ca000 	C:\WINDOWS\System32\COMDLG32.dll
0x00007ff872b80000 - 0x00007ff872ce7000 	C:\WINDOWS\System32\MSCTF.dll
0x0000000067800000 - 0x0000000067814000 	C:\Program Files\Java\jre1.8.0_151\bin\javafx_font.dll
0x00007ff84e800000 - 0x00007ff84eb0f000 	C:\WINDOWS\SYSTEM32\dwrite.dll
0x00000000678c0000 - 0x00000000678e4000 	C:\Program Files\Java\jre1.8.0_151\bin\sunec.dll
0x0000000067910000 - 0x000000006792a000 	C:\Program Files\Java\jre1.8.0_151\bin\net.dll
0x00007ff86eaf0000 - 0x00007ff86eb56000 	C:\WINDOWS\system32\mswsock.dll
0x00007ff86e880000 - 0x00007ff86e8b9000 	C:\WINDOWS\SYSTEM32\IPHLPAPI.DLL
0x00007ff872ef0000 - 0x00007ff872ef8000 	C:\WINDOWS\System32\NSI.dll
0x00007ff869370000 - 0x00007ff869386000 	C:\WINDOWS\SYSTEM32\dhcpcsvc6.DLL
0x00007ff869550000 - 0x00007ff86956a000 	C:\WINDOWS\SYSTEM32\dhcpcsvc.DLL
0x00000000678f0000 - 0x0000000067901000 	C:\Program Files\Java\jre1.8.0_151\bin\nio.dll
0x00007ff872db0000 - 0x00007ff872e4e000 	C:\WINDOWS\System32\clbcatq.dll
0x00007ff861340000 - 0x00007ff8614eb000 	C:\WINDOWS\SYSTEM32\WindowsCodecs.dll
0x00007ff85df20000 - 0x00007ff85df6f000 	C:\WINDOWS\system32\dataexchange.dll
0x00007ff86c7c0000 - 0x00007ff86caa1000 	C:\WINDOWS\system32\d3d11.dll
0x00007ff86d770000 - 0x00007ff86d8b2000 	C:\WINDOWS\system32\dcomp.dll
0x00007ff86e0e0000 - 0x00007ff86e18f000 	C:\WINDOWS\system32\dxgi.dll
0x00007ff86da60000 - 0x00007ff86dbdb000 	C:\WINDOWS\system32\twinapi.appcore.dll
0x00007ff86dbe0000 - 0x00007ff86dc00000 	C:\WINDOWS\system32\RMCLIENT.dll
0x00007ff86edc0000 - 0x00007ff86ede5000 	C:\WINDOWS\system32\bcrypt.dll
0x00007ff867a30000 - 0x00007ff867a64000 	C:\Program Files\Common Files\Microsoft Shared\Ink\rtscom.dll
0x00000000677d0000 - 0x00000000677f3000 	C:\Program Files\Java\jre1.8.0_151\bin\javafx_iio.dll
0x00000000676b0000 - 0x00000000676c2000 	C:\Program Files\Java\jre1.8.0_151\bin\prism_common.dll
0x00007ff860310000 - 0x00007ff8603a8000 	C:\WINDOWS\System32\TextInputFramework.dll
0x00007ff860020000 - 0x00007ff86030e000 	C:\WINDOWS\System32\CoreUIComponents.dll
0x00007ff86c6e0000 - 0x00007ff86c7bc000 	C:\WINDOWS\System32\CoreMessaging.dll
0x00007ff86e3d0000 - 0x00007ff86e401000 	C:\WINDOWS\SYSTEM32\ntmarta.dll
0x00007ff86bc80000 - 0x00007ff86bdb6000 	C:\WINDOWS\SYSTEM32\wintypes.dll
0x00007ff868cf0000 - 0x00007ff868eb8000 	C:\WINDOWS\SYSTEM32\dbghelp.dll

VM Arguments:
jvm_args: -Dfile.encoding=UTF-8 
java_command: com.jeeves.vpl.Main
java_class_path (initial): C:\Program Files\Java\jre1.8.0_151\lib\resources.jar;C:\Program Files\Java\jre1.8.0_151\lib\rt.jar;C:\Program Files\Java\jre1.8.0_151\lib\jsse.jar;C:\Program Files\Java\jre1.8.0_151\lib\jce.jar;C:\Program Files\Java\jre1.8.0_151\lib\charsets.jar;C:\Program Files\Java\jre1.8.0_151\lib\jfr.jar;C:\Program Files\Java\jre1.8.0_151\lib\ext\access-bridge-64.jar;C:\Program Files\Java\jre1.8.0_151\lib\ext\cldrdata.jar;C:\Program Files\Java\jre1.8.0_151\lib\ext\dnsns.jar;C:\Program Files\Java\jre1.8.0_151\lib\ext\dns_sd.jar;C:\Program Files\Java\jre1.8.0_151\lib\ext\jaccess.jar;C:\Program Files\Java\jre1.8.0_151\lib\ext\jfxrt.jar;C:\Program Files\Java\jre1.8.0_151\lib\ext\localedata.jar;C:\Program Files\Java\jre1.8.0_151\lib\ext\nashorn.jar;C:\Program Files\Java\jre1.8.0_151\lib\ext\sunec.jar;C:\Program Files\Java\jre1.8.0_151\lib\ext\sunjce_provider.jar;C:\Program Files\Java\jre1.8.0_151\lib\ext\sunmscapi.jar;C:\Program Files\Java\jre1.8.0_151\lib\ext\sunpkcs11.jar;C:\Program Files\Java\jre1.8.0_151\lib\ext\zipfs.jar;C:\Users\Cath\Documents\workspace\Jeeves\target\classes;C:\Users\Cath\Documents\workspace\Jeeves\poi-3.15.jar;C:\Users\Cath\Documents\workspace\Jeeves\commons-lang3-3.5.jar;C:\Users\Cath\Documents\workspace\Jeeves\controlsfx-8.40.12.jar;C:\Users\Cath\.m2\repository\commons-codec\commons-codec\1.9\commons-codec-1.9.jar;C:\Users\Cath\.m2\repository\commons-validator\commons-validator\1.4.1\commons-validator-1.4.1.jar;C:\Users\Cath\.m2\repository\commons-beanutils\commons-beanutils\1.8.3\commons-beanutils-1.8.3.jar;C:\Users\Cath\.m2\repository\commons-digester\commons-digester\1.8.1\commons-digester-1.8.1.jar;C:\Users\Cath\.m2\repository\commons-logging\commons-logging\1.2\commons-logging-1.2.jar;C:\Users\Cath\.m2\repository\commons-collections\commons-collections\3.2.1\commons-collections-3.2.1.jar;C:\Users\Cath\.m2\repository\org\apache\shiro\shiro-core\1.3.2\shiro-core-1.3.2.jar;C:\Users\Cath\.m2\repository\org\slf4j\slf4j-api\1.6.4\
Launcher Type: SUN_STANDARD

Environment Variables:
JAVA_HOME=C:\Program Files\Java\jdk1.8.0_151
PATH=C:/Program Files/Java/jre1.8.0_151/bin/server;C:/Program Files/Java/jre1.8.0_151/bin;C:/Program Files/Java/jre1.8.0_151/lib/amd64;C:\ProgramData\Oracle\Java\javapath;C:\WINDOWS\system32;C:\WINDOWS;C:\WINDOWS\System32\Wbem;C:\WINDOWS\System32\WindowsPowerShell\v1.0\;C:\Program Files\Git\cmd;C:\Program Files\Java\jdk1.8.0_151\bin;C:\Users\Cath\AppData\Local\Microsoft\WindowsApps;C:\MinGW\bin;C:\MinGW\msys\1.0\bin;;C:\WINDOWS\system32;
USERNAME=Cath
OS=Windows_NT
PROCESSOR_IDENTIFIER=Intel64 Family 6 Model 69 Stepping 1, GenuineIntel



---------------  S Y S T E M  ---------------

OS: Windows 10.0 , 64 bit Build 16299 (10.0.16299.15)

CPU:total 4 (initial active 4) (2 cores per cpu, 2 threads per core) family 6 model 69 stepping 1, cmov, cx8, fxsr, mmx, sse, sse2, sse3, ssse3, sse4.1, sse4.2, popcnt, avx, avx2, aes, clmul, erms, lzcnt, ht, tsc, tscinvbit, bmi1, bmi2

Memory: 4k page, physical 8317080k(2191448k free), swap 15690016k(3932168k free)

vm_info: Java HotSpot(TM) 64-Bit Server VM (25.151-b12) for windows-amd64 JRE (1.8.0_151-b12), built on Sep  5 2017 19:33:46 by "java_re" with MS VC++ 10.0 (VS2010)

time: Fri Jan 12 16:45:29 2018
elapsed time: 7 seconds (0d 0h 0m 7s)

