#
# A fatal error has been detected by the Java Runtime Environment:
#
#  EXCEPTION_ACCESS_VIOLATION (0xc0000005) at pc=0x0000000056b178b0, pid=9172, tid=0x0000000000000acc
#
# JRE version: Java(TM) SE Runtime Environment (8.0_161-b12) (build 1.8.0_161-b12)
# Java VM: Java HotSpot(TM) 64-Bit Server VM (25.161-b12 mixed mode windows-amd64 compressed oops)
# Problematic frame:
# C  [glass.dll+0x278b0]
#
# Failed to write core dump. Minidumps are not enabled by default on client versions of Windows
#
# If you would like to submit a bug report, please visit:
#   http://bugreport.java.com/bugreport/crash.jsp
#

---------------  T H R E A D  ---------------

Current thread (0x0000000017c17000):  VMThread [stack: 0x0000000018cc0000,0x0000000018dc0000] [id=2764]

siginfo: ExceptionCode=0xc0000005, reading address 0x0000000000000000

Registers:
RAX=0x0000000000000000, RBX=0x0000000017b74b28, RCX=0x0000000017c17000, RDX=0x000000005736dc78
RSP=0x0000000018dbf680, RBP=0x00000000010c68e8, RSI=0x00000000010c68c0, RDI=0x000019efbfb1b9f4
R8 =0x0000000000010002, R9 =0x0000000000000034, R10=0x000019efbfb1b9f4, R11=0x0000000018dbf590
R12=0x0000000000000000, R13=0x0000000000000040, R14=0x0000000018dbf798, R15=0x00000000010c68c0
RIP=0x0000000056b178b0, EFLAGS=0x0000000000010206

Top of Stack: (sp=0x0000000018dbf680)
0x0000000018dbf680:   0000000000000000 00007fff4b2de52b
0x0000000018dbf690:   00000000010c68d0 00000000010c68d0
0x0000000018dbf6a0:   fffffffffffffffe 00000000010c68e8
0x0000000018dbf6b0:   00000000010c68c8 00007fff4b2d7013
0x0000000018dbf6c0:   0000000056b2c1b0 00007fff00000000
0x0000000018dbf6d0:   000065a65b941942 00007fff3d655270
0x0000000018dbf6e0:   fffffffffffffffe 00007fff4b2d72ad
0x0000000018dbf6f0:   0000000000000001 0000000056af0000
0x0000000018dbf700:   0000000002fc1638 0000000056b148dc
0x0000000018dbf710:   0000000018dbf788 00007fff4b2dda67
0x0000000018dbf720:   0000000000000000 0000000018dbf798
0x0000000018dbf730:   0000000017b25400 00007fff4b3bb090
0x0000000018dbf740:   0000000000000000 00007fff4b2d7204
0x0000000018dbf750:   0000000000000000 0000000000000001
0x0000000018dbf760:   0000000000000000 0000000018dbf788
0x0000000018dbf770:   0000000000000000 0000000056b14752 

Instructions: (pc=0x0000000056b178b0)
0x0000000056b17890:   40 53 48 83 ec 30 48 c7 44 24 20 fe ff ff ff 48
0x0000000056b178a0:   8b 1d 7a 72 01 00 48 85 db 74 16 e8 00 81 ff ff
0x0000000056b178b0:   4c 8b 00 48 8b d3 48 8b c8 41 ff 90 b0 00 00 00
0x0000000056b178c0:   90 48 83 c4 30 5b c3 cc cc cc cc cc cc cc cc cc 


Register to memory mapping:

RAX=0x0000000000000000 is an unknown value
RBX=0x0000000017b74b28 is a global jni handle
RCX=0x0000000017c17000 is an unknown value
RDX=0x000000005736dc78 is an unknown value
RSP=0x0000000018dbf680 is an unknown value
RBP=0x00000000010c68e8 is an unknown value
RSI=0x00000000010c68c0 is an unknown value
RDI=0x000019efbfb1b9f4 is an unknown value
R8 =0x0000000000010002 is an unknown value
R9 =0x0000000000000034 is an unknown value
R10=0x000019efbfb1b9f4 is an unknown value
R11=0x0000000018dbf590 is an unknown value
R12=0x0000000000000000 is an unknown value
R13=0x0000000000000040 is an unknown value
R14=0x0000000018dbf798 is an unknown value
R15=0x00000000010c68c0 is an unknown value


Stack: [0x0000000018cc0000,0x0000000018dc0000],  sp=0x0000000018dbf680,  free space=1021k
Native frames: (J=compiled Java code, j=interpreted, Vv=VM code, C=native code)
C  [glass.dll+0x278b0]
C  [ucrtbase.dll+0x7013]
C  [ucrtbase.dll+0xda67]
C  [ucrtbase.dll+0x7204]
C  [glass.dll+0x24752]
C  [glass.dll+0x24850]
C  [ntdll.dll+0x34023]
C  [ntdll.dll+0x409d5]
C  [ntdll.dll+0x40898]
C  [KERNEL32.DLL+0x1b19a]
C  [msvcr100.dll+0x20ccd]
V  [jvm.dll+0x212e95]
V  [jvm.dll+0x24c227]
V  [jvm.dll+0x24b4c6]
V  [jvm.dll+0x24b961]
V  [jvm.dll+0x24bb7e]
V  [jvm.dll+0x29cc4a]
C  [msvcr100.dll+0x21d9f]
C  [msvcr100.dll+0x21e3b]
C  [KERNEL32.DLL+0x13034]
C  [ntdll.dll+0x71431]

VM_Operation (0x000000001b3fa360): Exit, mode: safepoint, requested by thread 0x0000000019d9f800


---------------  P R O C E S S  ---------------

Java Threads: ( => current thread )
  0x0000000028d9d000 JavaThread "Glass/Prism Shutdown Hook" [_thread_blocked, id=12812, stack(0x0000000027f20000,0x0000000028020000)]
  0x000000001a174000 JavaThread "Prism Font Disposer" daemon [_thread_blocked, id=3500, stack(0x0000000024e00000,0x0000000024f00000)]
  0x0000000019e7e800 JavaThread "JavaFX-Launcher" [_thread_blocked, id=14836, stack(0x0000000022070000,0x0000000022170000)]
  0x0000000019e7d800 JavaThread "Thread-2" daemon [_thread_in_native, id=552, stack(0x0000000021f70000,0x0000000022070000)]
  0x0000000019d9f800 JavaThread "JavaFX Application Thread" [_thread_blocked, id=3616, stack(0x000000001b300000,0x000000001b400000)]
  0x0000000019d8c000 JavaThread "Thread-1" daemon [_thread_blocked, id=7904, stack(0x000000001b200000,0x000000001b300000)]
  0x0000000019d7d000 JavaThread "QuantumRenderer-0" daemon [_thread_blocked, id=8184, stack(0x000000001a570000,0x000000001a670000)]
  0x00000000195ed000 JavaThread "Service Thread" daemon [_thread_blocked, id=3012, stack(0x00000000199b0000,0x0000000019ab0000)]
  0x0000000017c68000 JavaThread "C1 CompilerThread2" daemon [_thread_blocked, id=11492, stack(0x00000000194b0000,0x00000000195b0000)]
  0x0000000017c56800 JavaThread "C2 CompilerThread1" daemon [_thread_blocked, id=5384, stack(0x00000000193b0000,0x00000000194b0000)]
  0x0000000017c53000 JavaThread "C2 CompilerThread0" daemon [_thread_blocked, id=4636, stack(0x00000000192b0000,0x00000000193b0000)]
  0x0000000017c51800 JavaThread "Attach Listener" daemon [_thread_blocked, id=4360, stack(0x00000000191b0000,0x00000000192b0000)]
  0x0000000017c50000 JavaThread "Signal Dispatcher" daemon [_thread_blocked, id=1856, stack(0x00000000190b0000,0x00000000191b0000)]
  0x0000000017c40000 JavaThread "Finalizer" daemon [_thread_blocked, id=8576, stack(0x0000000018ec0000,0x0000000018fc0000)]
  0x0000000003156000 JavaThread "Reference Handler" daemon [_thread_blocked, id=1332, stack(0x0000000018dc0000,0x0000000018ec0000)]
  0x0000000003065800 JavaThread "main" [_thread_blocked, id=6548, stack(0x0000000002e60000,0x0000000002f60000)]

Other Threads:
=>0x0000000017c17000 VMThread [stack: 0x0000000018cc0000,0x0000000018dc0000] [id=2764]

VM state:at safepoint (shutting down)

VM Mutex/Monitor currently owned by a thread:  ([mutex/lock_event])
[0x0000000003062ed0] Threads_lock - owner thread: 0x0000000017c17000

Heap:
 PSYoungGen      total 54784K, used 39333K [0x00000000d6000000, 0x00000000db200000, 0x0000000100000000)
  eden space 49664K, 69% used [0x00000000d6000000,0x00000000d8179458,0x00000000d9080000)
  from space 5120K, 98% used [0x00000000dad00000,0x00000000db1f0000,0x00000000db200000)
  to   space 13312K, 0% used [0x00000000d9800000,0x00000000d9800000,0x00000000da500000)
 ParOldGen       total 75776K, used 16912K [0x0000000082000000, 0x0000000086a00000, 0x00000000d6000000)
  object space 75776K, 22% used [0x0000000082000000,0x0000000083084280,0x0000000086a00000)
 Metaspace       used 25977K, capacity 27864K, committed 28080K, reserved 1073152K
  class space    used 3808K, capacity 4158K, committed 4272K, reserved 1048576K

Card table byte_map: [0x0000000012520000,0x0000000012920000] byte_map_base: 0x0000000012110000

Marking Bits: (ParMarkBitMap*) 0x000000005755f860
 Begin Bits: [0x0000000012fc0000, 0x0000000014f40000)
 End Bits:   [0x0000000014f40000, 0x0000000016ec0000)

Polling page: 0x00000000016f0000

CodeCache: size=245760Kb used=12417Kb max_used=12442Kb free=233342Kb
 bounds [0x0000000003160000, 0x0000000003d90000, 0x0000000012160000]
 total_blobs=4877 nmethods=4149 adapters=639
 compilation: enabled

Compilation events (10 events):
Event: 5.847 Thread 0x0000000017c68000 4181       2       com.sun.javafx.event.CompositeEventDispatcher::dispatchCapturingEvent (35 bytes)
Event: 5.848 Thread 0x0000000017c68000 nmethod 4181 0x0000000003d6b6d0 code [0x0000000003d6b840, 0x0000000003d6ba78]
Event: 5.848 Thread 0x0000000017c68000 4180       2       com.sun.javafx.event.BasicEventDispatcher::dispatchEvent (44 bytes)
Event: 5.848 Thread 0x0000000017c68000 nmethod 4180 0x0000000003d68550 code [0x0000000003d686e0, 0x0000000003d68968]
Event: 5.848 Thread 0x0000000017c68000 4182       2       java.util.concurrent.locks.ReentrantLock::lock (8 bytes)
Event: 5.848 Thread 0x0000000017c68000 nmethod 4182 0x0000000003d6b350 code [0x0000000003d6b4c0, 0x0000000003d6b648]
Event: 5.848 Thread 0x0000000017c68000 4183       2       java.util.concurrent.locks.ReentrantLock$NonfairSync::lock (25 bytes)
Event: 5.849 Thread 0x0000000017c68000 nmethod 4183 0x0000000003d67fd0 code [0x0000000003d68160, 0x0000000003d683d8]
Event: 5.851 Thread 0x0000000017c68000 4184       1       java.util.logging.Logger::getName (5 bytes)
Event: 5.851 Thread 0x0000000017c68000 nmethod 4184 0x0000000003d67d10 code [0x0000000003d67e60, 0x0000000003d67f70]

GC Heap History (10 events):
Event: 2.472 GC heap before
{Heap before GC invocations=3 (full 0):
 PSYoungGen      total 37888K, used 37865K [0x00000000d6000000, 0x00000000d8a00000, 0x0000000100000000)
  eden space 32768K, 100% used [0x00000000d6000000,0x00000000d8000000,0x00000000d8000000)
  from space 5120K, 99% used [0x00000000d8500000,0x00000000d89fa5c0,0x00000000d8a00000)
  to   space 5120K, 0% used [0x00000000d8000000,0x00000000d8000000,0x00000000d8500000)
 ParOldGen       total 86016K, used 9092K [0x0000000082000000, 0x0000000087400000, 0x00000000d6000000)
  object space 86016K, 10% used [0x0000000082000000,0x00000000828e1048,0x0000000087400000)
 Metaspace       used 18263K, capacity 18928K, committed 19072K, reserved 1064960K
  class space    used 2491K, capacity 2674K, committed 2688K, reserved 1048576K
Event: 2.478 GC heap after
Heap after GC invocations=3 (full 0):
 PSYoungGen      total 37888K, used 5113K [0x00000000d6000000, 0x00000000d8a00000, 0x0000000100000000)
  eden space 32768K, 0% used [0x00000000d6000000,0x00000000d6000000,0x00000000d8000000)
  from space 5120K, 99% used [0x00000000d8000000,0x00000000d84fe590,0x00000000d8500000)
  to   space 5120K, 0% used [0x00000000d8500000,0x00000000d8500000,0x00000000d8a00000)
 ParOldGen       total 86016K, used 12670K [0x0000000082000000, 0x0000000087400000, 0x00000000d6000000)
  object space 86016K, 14% used [0x0000000082000000,0x0000000082c5f9f0,0x0000000087400000)
 Metaspace       used 18263K, capacity 18928K, committed 19072K, reserved 1064960K
  class space    used 2491K, capacity 2674K, committed 2688K, reserved 1048576K
}
Event: 2.945 GC heap before
{Heap before GC invocations=4 (full 0):
 PSYoungGen      total 37888K, used 37881K [0x00000000d6000000, 0x00000000d8a00000, 0x0000000100000000)
  eden space 32768K, 100% used [0x00000000d6000000,0x00000000d8000000,0x00000000d8000000)
  from space 5120K, 99% used [0x00000000d8000000,0x00000000d84fe590,0x00000000d8500000)
  to   space 5120K, 0% used [0x00000000d8500000,0x00000000d8500000,0x00000000d8a00000)
 ParOldGen       total 86016K, used 12670K [0x0000000082000000, 0x0000000087400000, 0x00000000d6000000)
  object space 86016K, 14% used [0x0000000082000000,0x0000000082c5f9f0,0x0000000087400000)
 Metaspace       used 20126K, capacity 21010K, committed 21248K, reserved 1067008K
  class space    used 2857K, capacity 3057K, committed 3072K, reserved 1048576K
Event: 2.949 GC heap after
Heap after GC invocations=4 (full 0):
 PSYoungGen      total 37888K, used 5104K [0x00000000d6000000, 0x00000000d8a00000, 0x0000000100000000)
  eden space 32768K, 0% used [0x00000000d6000000,0x00000000d6000000,0x00000000d8000000)
  from space 5120K, 99% used [0x00000000d8500000,0x00000000d89fc190,0x00000000d8a00000)
  to   space 5120K, 0% used [0x00000000d8000000,0x00000000d8000000,0x00000000d8500000)
 ParOldGen       total 86016K, used 13707K [0x0000000082000000, 0x0000000087400000, 0x00000000d6000000)
  object space 86016K, 15% used [0x0000000082000000,0x0000000082d62f70,0x0000000087400000)
 Metaspace       used 20126K, capacity 21010K, committed 21248K, reserved 1067008K
  class space    used 2857K, capacity 3057K, committed 3072K, reserved 1048576K
}
Event: 3.228 GC heap before
{Heap before GC invocations=5 (full 0):
 PSYoungGen      total 37888K, used 24516K [0x00000000d6000000, 0x00000000d8a00000, 0x0000000100000000)
  eden space 32768K, 59% used [0x00000000d6000000,0x00000000d72f5160,0x00000000d8000000)
  from space 5120K, 99% used [0x00000000d8500000,0x00000000d89fc190,0x00000000d8a00000)
  to   space 5120K, 0% used [0x00000000d8000000,0x00000000d8000000,0x00000000d8500000)
 ParOldGen       total 86016K, used 13707K [0x0000000082000000, 0x0000000087400000, 0x00000000d6000000)
  object space 86016K, 15% used [0x0000000082000000,0x0000000082d62f70,0x0000000087400000)
 Metaspace       used 20382K, capacity 21272K, committed 21296K, reserved 1067008K
  class space    used 2914K, capacity 3106K, committed 3120K, reserved 1048576K
Event: 3.233 GC heap after
Heap after GC invocations=5 (full 0):
 PSYoungGen      total 37888K, used 5088K [0x00000000d6000000, 0x00000000dba00000, 0x0000000100000000)
  eden space 32768K, 0% used [0x00000000d6000000,0x00000000d6000000,0x00000000d8000000)
  from space 5120K, 99% used [0x00000000d8000000,0x00000000d84f8170,0x00000000d8500000)
  to   space 13312K, 0% used [0x00000000dad00000,0x00000000dad00000,0x00000000dba00000)
 ParOldGen       total 86016K, used 14203K [0x0000000082000000, 0x0000000087400000, 0x00000000d6000000)
  object space 86016K, 16% used [0x0000000082000000,0x0000000082ddef80,0x0000000087400000)
 Metaspace       used 20382K, capacity 21272K, committed 21296K, reserved 1067008K
  class space    used 2914K, capacity 3106K, committed 3120K, reserved 1048576K
}
Event: 3.233 GC heap before
{Heap before GC invocations=6 (full 1):
 PSYoungGen      total 37888K, used 5088K [0x00000000d6000000, 0x00000000dba00000, 0x0000000100000000)
  eden space 32768K, 0% used [0x00000000d6000000,0x00000000d6000000,0x00000000d8000000)
  from space 5120K, 99% used [0x00000000d8000000,0x00000000d84f8170,0x00000000d8500000)
  to   space 13312K, 0% used [0x00000000dad00000,0x00000000dad00000,0x00000000dba00000)
 ParOldGen       total 86016K, used 14203K [0x0000000082000000, 0x0000000087400000, 0x00000000d6000000)
  object space 86016K, 16% used [0x0000000082000000,0x0000000082ddef80,0x0000000087400000)
 Metaspace       used 20382K, capacity 21272K, committed 21296K, reserved 1067008K
  class space    used 2914K, capacity 3106K, committed 3120K, reserved 1048576K
Event: 3.266 GC heap after
Heap after GC invocations=6 (full 1):
 PSYoungGen      total 37888K, used 0K [0x00000000d6000000, 0x00000000dba00000, 0x0000000100000000)
  eden space 32768K, 0% used [0x00000000d6000000,0x00000000d6000000,0x00000000d8000000)
  from space 5120K, 0% used [0x00000000d8000000,0x00000000d8000000,0x00000000d8500000)
  to   space 13312K, 0% used [0x00000000dad00000,0x00000000dad00000,0x00000000dba00000)
 ParOldGen       total 75776K, used 16904K [0x0000000082000000, 0x0000000086a00000, 0x00000000d6000000)
  object space 75776K, 22% used [0x0000000082000000,0x0000000083082280,0x0000000086a00000)
 Metaspace       used 20382K, capacity 21272K, committed 21296K, reserved 1067008K
  class space    used 2914K, capacity 3106K, committed 3120K, reserved 1048576K
}
Event: 3.931 GC heap before
{Heap before GC invocations=7 (full 1):
 PSYoungGen      total 37888K, used 32768K [0x00000000d6000000, 0x00000000dba00000, 0x0000000100000000)
  eden space 32768K, 100% used [0x00000000d6000000,0x00000000d8000000,0x00000000d8000000)
  from space 5120K, 0% used [0x00000000d8000000,0x00000000d8000000,0x00000000d8500000)
  to   space 13312K, 0% used [0x00000000dad00000,0x00000000dad00000,0x00000000dba00000)
 ParOldGen       total 75776K, used 16904K [0x0000000082000000, 0x0000000086a00000, 0x00000000d6000000)
  object space 75776K, 22% used [0x0000000082000000,0x0000000083082280,0x0000000086a00000)
 Metaspace       used 23972K, capacity 25540K, committed 25648K, reserved 1071104K
  class space    used 3598K, capacity 3884K, committed 3888K, reserved 1048576K
Event: 3.940 GC heap after
Heap after GC invocations=7 (full 1):
 PSYoungGen      total 54784K, used 5056K [0x00000000d6000000, 0x00000000db200000, 0x0000000100000000)
  eden space 49664K, 0% used [0x00000000d6000000,0x00000000d6000000,0x00000000d9080000)
  from space 5120K, 98% used [0x00000000dad00000,0x00000000db1f0000,0x00000000db200000)
  to   space 13312K, 0% used [0x00000000d9800000,0x00000000d9800000,0x00000000da500000)
 ParOldGen       total 75776K, used 16912K [0x0000000082000000, 0x0000000086a00000, 0x00000000d6000000)
  object space 75776K, 22% used [0x0000000082000000,0x0000000083084280,0x0000000086a00000)
 Metaspace       used 23972K, capacity 25540K, committed 25648K, reserved 1071104K
  class space    used 3598K, capacity 3884K, committed 3888K, reserved 1048576K
}

Deoptimization events (10 events):
Event: 4.233 Thread 0x0000000019d9f800 Uncommon trap: reason=unstable_if action=reinterpret pc=0x0000000003bf23c8 method=com.sun.javafx.css.SimpleSelector.stateMatches(Ljavafx/css/Styleable;Ljava/util/Set;)Z @ 1
Event: 4.312 Thread 0x0000000019d7d000 Uncommon trap: reason=bimorphic action=maybe_recompile pc=0x00000000036e3338 method=java.io.BufferedInputStream.read1([BII)I @ 39
Event: 4.312 Thread 0x0000000019d7d000 Uncommon trap: reason=unstable_if action=reinterpret pc=0x00000000036e3158 method=java.io.BufferedInputStream.read1([BII)I @ 60
Event: 4.356 Thread 0x0000000019d7d000 Uncommon trap: reason=unstable_if action=reinterpret pc=0x00000000038075f4 method=java.lang.Class.arrayContentsEq([Ljava/lang/Object;[Ljava/lang/Object;)Z @ 1
Event: 4.522 Thread 0x0000000019d7d000 Uncommon trap: reason=bimorphic action=maybe_recompile pc=0x0000000003cafaa0 method=java.util.WeakHashMap.eq(Ljava/lang/Object;Ljava/lang/Object;)Z @ 7
Event: 4.523 Thread 0x0000000019d7d000 Uncommon trap: reason=bimorphic action=maybe_recompile pc=0x0000000003cafaa0 method=java.util.WeakHashMap.eq(Ljava/lang/Object;Ljava/lang/Object;)Z @ 7
Event: 4.524 Thread 0x0000000019d7d000 Uncommon trap: reason=bimorphic action=maybe_recompile pc=0x0000000003cafaa0 method=java.util.WeakHashMap.eq(Ljava/lang/Object;Ljava/lang/Object;)Z @ 7
Event: 4.524 Thread 0x0000000019d7d000 Uncommon trap: reason=bimorphic action=maybe_recompile pc=0x0000000003cafaa0 method=java.util.WeakHashMap.eq(Ljava/lang/Object;Ljava/lang/Object;)Z @ 7
Event: 4.646 Thread 0x0000000019d9f800 Uncommon trap: reason=unstable_if action=reinterpret pc=0x0000000003c37ae8 method=javafx.scene.CssStyleHelper.canReuseStyleHelper(Ljavafx/scene/Node;Lcom/sun/javafx/css/StyleMap;)Z @ 57
Event: 4.728 Thread 0x0000000019d9f800 Uncommon trap: reason=unstable_if action=reinterpret pc=0x00000000037fc8a8 method=jdk.internal.org.objectweb.asm.Type.getArgumentsAndReturnSizes(Ljava/lang/String;)I @ 47

Classes redefined (0 events):
No events

Internal exceptions (10 events):
Event: 1.923 Thread 0x0000000019d9f800 Exception <a 'java/lang/NoClassDefFoundError': org/slf4j/impl/StaticLoggerBinder> (0x00000000d7dbb9f0) thrown at [C:\re\workspace\8-2-build-windows-amd64-cygwin\jdk8u161\10277\hotspot\src\share\vm\classfile\systemDictionary.cpp, line 199]
Event: 2.632 Thread 0x0000000019d9f800 Exception <a 'java/lang/ArrayIndexOutOfBoundsException': 57> (0x00000000d63ec898) thrown at [C:\re\workspace\8-2-build-windows-amd64-cygwin\jdk8u161\10277\hotspot\src\share\vm\interpreter\interpreterRuntime.cpp, line 366]
Event: 2.966 Thread 0x0000000019d9f800 Implicit null exception at 0x00000000034a24f5 to 0x00000000034a270d
Event: 2.966 Thread 0x0000000019d9f800 Implicit null exception at 0x000000000369f2fb to 0x000000000369f7d1
Event: 3.444 Thread 0x0000000019d9f800 Exception <a 'java/lang/NullPointerException'> (0x00000000d68ada98) thrown at [C:\re\workspace\8-2-build-windows-amd64-cygwin\jdk8u161\10277\hotspot\src\share\vm\interpreter\linkResolver.cpp, line 1185]
Event: 3.444 Thread 0x0000000019d9f800 Exception <a 'java/lang/reflect/InvocationTargetException'> (0x00000000d68adca0) thrown at [C:\re\workspace\8-2-build-windows-amd64-cygwin\jdk8u161\10277\hotspot\src\share\vm\runtime\reflection.cpp, line 1092]
Event: 4.039 Thread 0x0000000019d9f800 Implicit null exception at 0x0000000003ad4b4e to 0x0000000003ad6479
Event: 4.233 Thread 0x0000000019d9f800 Implicit null exception at 0x0000000003bef84c to 0x0000000003bf2381
Event: 4.356 Thread 0x0000000019d7d000 Implicit null exception at 0x00000000038072a3 to 0x00000000038075c1
Event: 5.852 Thread 0x0000000028d9d000 Exception <a 'java/lang/IllegalStateException'> (0x00000000d812cbd8) thrown at [C:\re\workspace\8-2-build-windows-amd64-cygwin\jdk8u161\10277\hotspot\src\share\vm\prims\jvm.cpp, line 1394]

Events (10 events):
Event: 5.850 loading class java/util/IdentityHashMap$KeyIterator
Event: 5.850 loading class java/util/IdentityHashMap$KeyIterator done
Event: 5.851 Thread 0x0000000028d9d000 Thread added: 0x0000000028d9d000
Event: 5.851 Thread 0x0000000027777000 Thread added: 0x0000000027777000
Event: 5.851 Thread 0x0000000027777000 Thread exited: 0x0000000027777000
Event: 5.851 loading class com/sun/javafx/tk/quantum/QuantumRenderer
Event: 5.851 loading class com/sun/javafx/tk/quantum/QuantumRenderer done
Event: 5.852 loading class com/sun/javafx/tk/quantum/QuantumToolkit
Event: 5.852 loading class com/sun/javafx/tk/quantum/QuantumToolkit done
Event: 5.852 Executing VM operation: Exit


Dynamic libraries:
0x00007ff7ddf60000 - 0x00007ff7ddf97000 	C:\Program Files\Java\jdk1.8.0_161\bin\javaw.exe
0x00007fff4e520000 - 0x00007fff4e701000 	C:\WINDOWS\SYSTEM32\ntdll.dll
0x00007fff4c040000 - 0x00007fff4c0f2000 	C:\WINDOWS\System32\KERNEL32.DLL
0x00007fff4b3d0000 - 0x00007fff4b643000 	C:\WINDOWS\System32\KERNELBASE.dll
0x00007fff4c420000 - 0x00007fff4c4c1000 	C:\WINDOWS\System32\ADVAPI32.dll
0x00007fff4bcd0000 - 0x00007fff4bd6e000 	C:\WINDOWS\System32\msvcrt.dll
0x00007fff4bfe0000 - 0x00007fff4c03b000 	C:\WINDOWS\System32\sechost.dll
0x00007fff4c2f0000 - 0x00007fff4c414000 	C:\WINDOWS\System32\RPCRT4.dll
0x00007fff4bb30000 - 0x00007fff4bcc0000 	C:\WINDOWS\System32\USER32.dll
0x00007fff4b060000 - 0x00007fff4b080000 	C:\WINDOWS\System32\win32u.dll
0x00007fff4bdf0000 - 0x00007fff4be18000 	C:\WINDOWS\System32\GDI32.dll
0x00007fff4b080000 - 0x00007fff4b212000 	C:\WINDOWS\System32\gdi32full.dll
0x00007fff4b650000 - 0x00007fff4b6ef000 	C:\WINDOWS\System32\msvcp_win.dll
0x00007fff4b2d0000 - 0x00007fff4b3ca000 	C:\WINDOWS\System32\ucrtbase.dll
0x00007fff40880000 - 0x00007fff40ae9000 	C:\WINDOWS\WinSxS\amd64_microsoft.windows.common-controls_6595b64144ccf1df_6.0.17134.112_none_fb3f961b30681c12\COMCTL32.dll
0x00007fff4e1c0000 - 0x00007fff4e4e3000 	C:\WINDOWS\System32\combase.dll
0x00007fff4b930000 - 0x00007fff4b9aa000 	C:\WINDOWS\System32\bcryptPrimitives.dll
0x00007fff4dc20000 - 0x00007fff4dc4d000 	C:\WINDOWS\System32\IMM32.DLL
0x0000000056b70000 - 0x0000000056c42000 	C:\Program Files\Java\jdk1.8.0_161\jre\bin\msvcr100.dll
0x0000000056d40000 - 0x00000000575df000 	C:\Program Files\Java\jdk1.8.0_161\jre\bin\server\jvm.dll
0x00007fff4bcc0000 - 0x00007fff4bcc8000 	C:\WINDOWS\System32\PSAPI.DLL
0x00007fff425e0000 - 0x00007fff42603000 	C:\WINDOWS\SYSTEM32\WINMM.dll
0x00007fff40af0000 - 0x00007fff40afa000 	C:\WINDOWS\SYSTEM32\VERSION.dll
0x00007fff425b0000 - 0x00007fff425da000 	C:\WINDOWS\SYSTEM32\winmmbase.dll
0x00007fff4b6f0000 - 0x00007fff4b739000 	C:\WINDOWS\System32\cfgmgr32.dll
0x00007fff404d0000 - 0x00007fff404d9000 	C:\WINDOWS\SYSTEM32\WSOCK32.dll
0x00007fff4be80000 - 0x00007fff4beec000 	C:\WINDOWS\System32\ws2_32.DLL
0x0000000056d30000 - 0x0000000056d3f000 	C:\Program Files\Java\jdk1.8.0_161\jre\bin\verify.dll
0x0000000056d00000 - 0x0000000056d29000 	C:\Program Files\Java\jdk1.8.0_161\jre\bin\java.dll
0x0000000056ce0000 - 0x0000000056cf6000 	C:\Program Files\Java\jdk1.8.0_161\jre\bin\zip.dll
0x00007fff4c7e0000 - 0x00007fff4dc20000 	C:\WINDOWS\System32\SHELL32.dll
0x00007fff4b9b0000 - 0x00007fff4ba59000 	C:\WINDOWS\System32\shcore.dll
0x00007fff4a8f0000 - 0x00007fff4affd000 	C:\WINDOWS\System32\windows.storage.dll
0x00007fff4c290000 - 0x00007fff4c2e1000 	C:\WINDOWS\System32\shlwapi.dll
0x00007fff4a8d0000 - 0x00007fff4a8e1000 	C:\WINDOWS\System32\kernel.appcore.dll
0x00007fff4a840000 - 0x00007fff4a85f000 	C:\WINDOWS\System32\profapi.dll
0x00007fff4a880000 - 0x00007fff4a8cc000 	C:\WINDOWS\System32\powrprof.dll
0x00007fff4a830000 - 0x00007fff4a83a000 	C:\WINDOWS\System32\FLTLIB.DLL
0x0000000001730000 - 0x0000000001733000 	C:\Program Files\Java\jdk1.8.0_161\jre\bin\api-ms-win-core-console-l1-1-0.dll
0x0000000002f90000 - 0x0000000002f93000 	C:\Program Files\Java\jdk1.8.0_161\jre\bin\api-ms-win-core-datetime-l1-1-0.dll
0x0000000002fa0000 - 0x0000000002fa3000 	C:\Program Files\Java\jdk1.8.0_161\jre\bin\api-ms-win-core-debug-l1-1-0.dll
0x0000000002fb0000 - 0x0000000002fb3000 	C:\Program Files\Java\jdk1.8.0_161\jre\bin\api-ms-win-core-errorhandling-l1-1-0.dll
0x0000000002fd0000 - 0x0000000002fd4000 	C:\Program Files\Java\jdk1.8.0_161\jre\bin\api-ms-win-core-file-l1-1-0.dll
0x0000000002fe0000 - 0x0000000002fe3000 	C:\Program Files\Java\jdk1.8.0_161\jre\bin\api-ms-win-core-file-l1-2-0.dll
0x0000000002ff0000 - 0x0000000002ff3000 	C:\Program Files\Java\jdk1.8.0_161\jre\bin\api-ms-win-core-file-l2-1-0.dll
0x0000000003000000 - 0x0000000003003000 	C:\Program Files\Java\jdk1.8.0_161\jre\bin\api-ms-win-core-handle-l1-1-0.dll
0x0000000003010000 - 0x0000000003013000 	C:\Program Files\Java\jdk1.8.0_161\jre\bin\api-ms-win-core-heap-l1-1-0.dll
0x0000000003020000 - 0x0000000003023000 	C:\Program Files\Java\jdk1.8.0_161\jre\bin\api-ms-win-core-interlocked-l1-1-0.dll
0x0000000003030000 - 0x0000000003033000 	C:\Program Files\Java\jdk1.8.0_161\jre\bin\api-ms-win-core-libraryloader-l1-1-0.dll
0x0000000003040000 - 0x0000000003043000 	C:\Program Files\Java\jdk1.8.0_161\jre\bin\api-ms-win-core-localization-l1-2-0.dll
0x0000000019bb0000 - 0x0000000019bb3000 	C:\Program Files\Java\jdk1.8.0_161\jre\bin\api-ms-win-core-memory-l1-1-0.dll
0x0000000019bc0000 - 0x0000000019bc3000 	C:\Program Files\Java\jdk1.8.0_161\jre\bin\api-ms-win-core-namedpipe-l1-1-0.dll
0x0000000019bd0000 - 0x0000000019bd3000 	C:\Program Files\Java\jdk1.8.0_161\jre\bin\api-ms-win-core-processenvironment-l1-1-0.dll
0x0000000019be0000 - 0x0000000019be3000 	C:\Program Files\Java\jdk1.8.0_161\jre\bin\api-ms-win-core-processthreads-l1-1-0.dll
0x0000000019bf0000 - 0x0000000019bf3000 	C:\Program Files\Java\jdk1.8.0_161\jre\bin\api-ms-win-core-processthreads-l1-1-1.dll
0x0000000019c00000 - 0x0000000019c03000 	C:\Program Files\Java\jdk1.8.0_161\jre\bin\api-ms-win-core-profile-l1-1-0.dll
0x0000000019c10000 - 0x0000000019c13000 	C:\Program Files\Java\jdk1.8.0_161\jre\bin\api-ms-win-core-rtlsupport-l1-1-0.dll
0x0000000019c20000 - 0x0000000019c23000 	C:\Program Files\Java\jdk1.8.0_161\jre\bin\api-ms-win-core-string-l1-1-0.dll
0x0000000019c30000 - 0x0000000019c33000 	C:\Program Files\Java\jdk1.8.0_161\jre\bin\api-ms-win-core-synch-l1-1-0.dll
0x0000000019c40000 - 0x0000000019c43000 	C:\Program Files\Java\jdk1.8.0_161\jre\bin\api-ms-win-core-synch-l1-2-0.dll
0x0000000019c50000 - 0x0000000019c53000 	C:\Program Files\Java\jdk1.8.0_161\jre\bin\api-ms-win-core-sysinfo-l1-1-0.dll
0x0000000019c60000 - 0x0000000019c63000 	C:\Program Files\Java\jdk1.8.0_161\jre\bin\api-ms-win-core-timezone-l1-1-0.dll
0x0000000019c70000 - 0x0000000019c73000 	C:\Program Files\Java\jdk1.8.0_161\jre\bin\api-ms-win-core-util-l1-1-0.dll
0x0000000019c80000 - 0x0000000019c83000 	C:\Program Files\Java\jdk1.8.0_161\jre\bin\api-ms-win-crt-conio-l1-1-0.dll
0x0000000019c90000 - 0x0000000019c94000 	C:\Program Files\Java\jdk1.8.0_161\jre\bin\api-ms-win-crt-convert-l1-1-0.dll
0x0000000019ca0000 - 0x0000000019ca3000 	C:\Program Files\Java\jdk1.8.0_161\jre\bin\api-ms-win-crt-environment-l1-1-0.dll
0x0000000019cb0000 - 0x0000000019cb3000 	C:\Program Files\Java\jdk1.8.0_161\jre\bin\api-ms-win-crt-filesystem-l1-1-0.dll
0x0000000019cc0000 - 0x0000000019cc3000 	C:\Program Files\Java\jdk1.8.0_161\jre\bin\api-ms-win-crt-heap-l1-1-0.dll
0x0000000019cd0000 - 0x0000000019cd3000 	C:\Program Files\Java\jdk1.8.0_161\jre\bin\api-ms-win-crt-locale-l1-1-0.dll
0x0000000019ce0000 - 0x0000000019ce5000 	C:\Program Files\Java\jdk1.8.0_161\jre\bin\api-ms-win-crt-math-l1-1-0.dll
0x0000000019cf0000 - 0x0000000019cf5000 	C:\Program Files\Java\jdk1.8.0_161\jre\bin\api-ms-win-crt-multibyte-l1-1-0.dll
0x0000000019d00000 - 0x0000000019d10000 	C:\Program Files\Java\jdk1.8.0_161\jre\bin\api-ms-win-crt-private-l1-1-0.dll
0x0000000019d10000 - 0x0000000019d13000 	C:\Program Files\Java\jdk1.8.0_161\jre\bin\api-ms-win-crt-process-l1-1-0.dll
0x0000000019d20000 - 0x0000000019d24000 	C:\Program Files\Java\jdk1.8.0_161\jre\bin\api-ms-win-crt-runtime-l1-1-0.dll
0x0000000019d30000 - 0x0000000019d34000 	C:\Program Files\Java\jdk1.8.0_161\jre\bin\api-ms-win-crt-stdio-l1-1-0.dll
0x0000000019d40000 - 0x0000000019d44000 	C:\Program Files\Java\jdk1.8.0_161\jre\bin\api-ms-win-crt-string-l1-1-0.dll
0x0000000019d50000 - 0x0000000019d53000 	C:\Program Files\Java\jdk1.8.0_161\jre\bin\api-ms-win-crt-time-l1-1-0.dll
0x0000000019d60000 - 0x0000000019d63000 	C:\Program Files\Java\jdk1.8.0_161\jre\bin\api-ms-win-crt-utility-l1-1-0.dll
0x00007fff37b00000 - 0x00007fff37bf6000 	C:\Program Files\Java\jdk1.8.0_161\jre\bin\ucrtbase.dll
0x00007fff3ad40000 - 0x00007fff3ad91000 	C:\Program Files\Java\jdk1.8.0_161\jre\bin\concrt140.dll
0x00007fff48490000 - 0x00007fff4853a000 	C:\WINDOWS\SYSTEM32\MSVCP140.dll
0x00007fff48540000 - 0x00007fff48556000 	C:\WINDOWS\SYSTEM32\VCRUNTIME140.dll
0x00007fff44b90000 - 0x00007fff44ba6000 	C:\Program Files\Java\jdk1.8.0_161\jre\bin\vcruntime140.dll
0x00007fff35830000 - 0x00007fff358cc000 	C:\Program Files\Java\jdk1.8.0_161\jre\bin\msvcp140.dll
0x0000000056b40000 - 0x0000000056b63000 	C:\Program Files\Java\jdk1.8.0_161\jre\bin\prism_d3d.dll
0x00007fff07e20000 - 0x00007fff07fb7000 	C:\WINDOWS\system32\d3d9.dll
0x00007fff48c30000 - 0x00007fff48c59000 	C:\WINDOWS\SYSTEM32\dwmapi.dll
0x00007fff481b0000 - 0x00007fff48248000 	C:\WINDOWS\system32\uxtheme.dll
0x00007fff04110000 - 0x00007fff07e1b000 	C:\WINDOWS\System32\DriverStore\FileRepository\ki125173.inf_amd64_6f141e257f4fffee\igdumdim64.dll
0x00007fff4dc50000 - 0x00007fff4e09b000 	C:\WINDOWS\System32\SETUPAPI.dll
0x00007fff4c4d0000 - 0x00007fff4c621000 	C:\WINDOWS\System32\ole32.dll
0x00007fff4ba60000 - 0x00007fff4bb22000 	C:\WINDOWS\System32\OLEAUT32.dll
0x0000000056af0000 - 0x0000000056b39000 	C:\Program Files\Java\jdk1.8.0_161\jre\bin\glass.dll
0x00007fff4bef0000 - 0x00007fff4bfdd000 	C:\WINDOWS\System32\COMDLG32.dll
0x00007fff4c100000 - 0x00007fff4c275000 	C:\WINDOWS\System32\MSCTF.dll
0x00007fff3ca70000 - 0x00007fff3e07c000 	C:\WINDOWS\System32\DriverStore\FileRepository\ki125173.inf_amd64_6f141e257f4fffee\igc64.dll
0x0000000056ad0000 - 0x0000000056ae4000 	C:\Program Files\Java\jdk1.8.0_161\jre\bin\javafx_font.dll
0x00007fff36300000 - 0x00007fff3661c000 	C:\WINDOWS\SYSTEM32\dwrite.dll
0x0000000056c70000 - 0x0000000056c94000 	C:\Program Files\Java\jdk1.8.0_161\jre\bin\sunec.dll
0x0000000056cc0000 - 0x0000000056cda000 	C:\Program Files\Java\jdk1.8.0_161\jre\bin\net.dll
0x00007fff4a0b0000 - 0x00007fff4a116000 	C:\WINDOWS\system32\mswsock.dll
0x00007fff49e30000 - 0x00007fff49e68000 	C:\WINDOWS\SYSTEM32\IPHLPAPI.DLL
0x00007fff4c630000 - 0x00007fff4c638000 	C:\WINDOWS\System32\NSI.dll
0x00007fff45260000 - 0x00007fff45276000 	C:\WINDOWS\SYSTEM32\dhcpcsvc6.DLL
0x00007fff45540000 - 0x00007fff4555a000 	C:\WINDOWS\SYSTEM32\dhcpcsvc.DLL
0x0000000056ca0000 - 0x0000000056cb1000 	C:\Program Files\Java\jdk1.8.0_161\jre\bin\nio.dll
0x00007fff4e0a0000 - 0x00007fff4e140000 	C:\WINDOWS\System32\clbcatq.dll
0x00007fff47f80000 - 0x00007fff4812e000 	C:\WINDOWS\SYSTEM32\WindowsCodecs.dll
0x00007fff1dfb0000 - 0x00007fff1e008000 	C:\WINDOWS\system32\dataexchange.dll
0x00007fff46730000 - 0x00007fff46a3b000 	C:\WINDOWS\system32\d3d11.dll
0x00007fff475e0000 - 0x00007fff4777c000 	C:\WINDOWS\system32\dcomp.dll
0x00007fff495f0000 - 0x00007fff496ab000 	C:\WINDOWS\system32\dxgi.dll
0x00007fff48cc0000 - 0x00007fff48e78000 	C:\WINDOWS\system32\twinapi.appcore.dll
0x00007fff48c60000 - 0x00007fff48c81000 	C:\WINDOWS\system32\RMCLIENT.dll
0x00007fff436b0000 - 0x00007fff436e4000 	C:\Program Files\Common Files\Microsoft Shared\Ink\rtscom.dll
0x00007fff3a8a0000 - 0x00007fff3a938000 	C:\WINDOWS\System32\TextInputFramework.dll
0x00007fff41f20000 - 0x00007fff4223e000 	C:\WINDOWS\System32\CoreUIComponents.dll
0x00007fff47b70000 - 0x00007fff47c4a000 	C:\WINDOWS\System32\CoreMessaging.dll
0x00007fff49920000 - 0x00007fff49951000 	C:\WINDOWS\SYSTEM32\ntmarta.dll
0x00007fff47440000 - 0x00007fff4758d000 	C:\WINDOWS\SYSTEM32\wintypes.dll
0x0000000056aa0000 - 0x0000000056ac3000 	C:\Program Files\Java\jdk1.8.0_161\jre\bin\javafx_iio.dll
0x0000000056a80000 - 0x0000000056a92000 	C:\Program Files\Java\jdk1.8.0_161\jre\bin\prism_common.dll
0x00007fff49140000 - 0x00007fff49309000 	C:\WINDOWS\SYSTEM32\dbghelp.dll

VM Arguments:
jvm_args: -Dfile.encoding=UTF-8 
java_command: com.jeeves.vpl.Main
java_class_path (initial): C:\Program Files\Java\jdk1.8.0_161\jre\lib\resources.jar;C:\Program Files\Java\jdk1.8.0_161\jre\lib\rt.jar;C:\Program Files\Java\jdk1.8.0_161\jre\lib\jsse.jar;C:\Program Files\Java\jdk1.8.0_161\jre\lib\jce.jar;C:\Program Files\Java\jdk1.8.0_161\jre\lib\charsets.jar;C:\Program Files\Java\jdk1.8.0_161\jre\lib\jfr.jar;C:\Program Files\Java\jdk1.8.0_161\jre\lib\ext\access-bridge-64.jar;C:\Program Files\Java\jdk1.8.0_161\jre\lib\ext\cldrdata.jar;C:\Program Files\Java\jdk1.8.0_161\jre\lib\ext\dnsns.jar;C:\Program Files\Java\jdk1.8.0_161\jre\lib\ext\jaccess.jar;C:\Program Files\Java\jdk1.8.0_161\jre\lib\ext\jfxrt.jar;C:\Program Files\Java\jdk1.8.0_161\jre\lib\ext\localedata.jar;C:\Program Files\Java\jdk1.8.0_161\jre\lib\ext\nashorn.jar;C:\Program Files\Java\jdk1.8.0_161\jre\lib\ext\sunec.jar;C:\Program Files\Java\jdk1.8.0_161\jre\lib\ext\sunjce_provider.jar;C:\Program Files\Java\jdk1.8.0_161\jre\lib\ext\sunmscapi.jar;C:\Program Files\Java\jdk1.8.0_161\jre\lib\ext\sunpkcs11.jar;C:\Program Files\Java\jdk1.8.0_161\jre\lib\ext\zipfs.jar;C:\Users\danie\eclipse-workspace\Jeeves\target\classes;C:\Users\danie\eclipse-workspace\Jeeves\poi-3.15.jar;C:\Users\danie\eclipse-workspace\Jeeves\commons-lang3-3.5.jar;C:\Users\danie\eclipse-workspace\Jeeves\controlsfx-8.40.12.jar;C:\Users\danie\.m2\repository\commons-codec\commons-codec\1.9\commons-codec-1.9.jar;C:\Users\danie\.m2\repository\commons-validator\commons-validator\1.4.1\commons-validator-1.4.1.jar;C:\Users\danie\.m2\repository\commons-beanutils\commons-beanutils\1.8.3\commons-beanutils-1.8.3.jar;C:\Users\danie\.m2\repository\commons-digester\commons-digester\1.8.1\commons-digester-1.8.1.jar;C:\Users\danie\.m2\repository\commons-logging\commons-logging\1.2\commons-logging-1.2.jar;C:\Users\danie\.m2\repository\commons-collections\commons-collections\3.2.1\commons-collections-3.2.1.jar;C:\Users\danie\.m2\repository\org\apache\shiro\shiro-core\1.3.2\shiro-core-1.3.2.jar;C:\Users\danie\.m2\repository\org\
Launcher Type: SUN_STANDARD

Environment Variables:
JAVA_HOME=c:\program files\java\jdk1.8.0_161
PATH=C:/Program Files/Java/jdk1.8.0_161/bin/../jre/bin/server;C:/Program Files/Java/jdk1.8.0_161/bin/../jre/bin;C:/Program Files/Java/jdk1.8.0_161/bin/../jre/lib/amd64;C:\Program Files (x86)\Common Files\Oracle\Java\javapath;C:\ProgramData\Oracle\Java\javapath;C:\Program Files (x86)\Intel\Intel(R) Management Engine Components\iCLS\;C:\Program Files\Intel\Intel(R) Management Engine Components\iCLS\;C:\Windows\system32;C:\Windows;C:\Windows\System32\Wbem;C:\Windows\System32\WindowsPowerShell\v1.0\;C:\Program Files (x86)\Intel\Intel(R) Management Engine Components\DAL;C:\Program Files\Intel\Intel(R) Management Engine Components\DAL;C:\Program Files (x86)\Intel\Intel(R) Management Engine Components\IPT;C:\Program Files\Intel\Intel(R) Management Engine Components\IPT;C:\Program Files\Intel\WiFi\bin\;C:\Program Files\Common Files\Intel\WirelessCommon\;C:\Program Files (x86)\NVIDIA Corporation\PhysX\Common;C:\Python27;C:\Python27\Scripts;C:\Program Files\Git\cmd;C:\Program Files\Git\mingw64\bin;C:\Program Files\Git\usr\bin;C:\WINDOWS\system32;C:\WINDOWS;C:\WINDOWS\System32\Wbem;C:\WINDOWS\System32\WindowsPowerShell\v1.0\;C:\WINDOWS\System32\OpenSSH\;c:\jruby-9.1.8.0\bin;C:\Ruby24-x64\bin;C:\Users\danie\AppData\Local\Microsoft\WindowsApps;C:\Program Files\Heroku\bin;;C:\Users\danie\OneDrive\Desktop;
USERNAME=danie
OS=Windows_NT
PROCESSOR_IDENTIFIER=Intel64 Family 6 Model 158 Stepping 9, GenuineIntel



---------------  S Y S T E M  ---------------

OS: Windows 10.0 , 64 bit Build 17134 (10.0.17134.1)

CPU:total 4 (initial active 4) (4 cores per cpu, 1 threads per core) family 6 model 158 stepping 9, cmov, cx8, fxsr, mmx, sse, sse2, sse3, ssse3, sse4.1, sse4.2, popcnt, avx, avx2, aes, clmul, erms, 3dnowpref, lzcnt, tsc, tscinvbit, bmi1, bmi2, adx

Memory: 4k page, physical 8250724k(2399996k free), swap 14804324k(6120252k free)

vm_info: Java HotSpot(TM) 64-Bit Server VM (25.161-b12) for windows-amd64 JRE (1.8.0_161-b12), built on Dec 19 2017 17:52:25 by "java_re" with MS VC++ 10.0 (VS2010)

time: Sun Jun 17 22:27:56 2018
elapsed time: 6 seconds (0d 0h 0m 6s)

