#
# A fatal error has been detected by the Java Runtime Environment:
#
#  EXCEPTION_ACCESS_VIOLATION (0xc0000005) at pc=0x0000000071bc78b0, pid=1764, tid=0x00000000000033a4
#
# JRE version: Java(TM) SE Runtime Environment (8.0_161-b12) (build 1.8.0_161-b12)
# Java VM: Java HotSpot(TM) 64-Bit Server VM (25.161-b12 mixed mode windows-amd64 compressed oops)
# Problematic frame:
# C  [glass.dll+0x278b0]
#
# Failed to write core dump. Minidumps are not enabled by default on client versions of Windows
#
# If you would like to submit a bug report, please visit:
#   http://bugreport.java.com/bugreport/crash.jsp
#

---------------  T H R E A D  ---------------

Current thread (0x0000000016fb7000):  VMThread [stack: 0x0000000018050000,0x0000000018150000] [id=13220]

siginfo: ExceptionCode=0xc0000005, reading address 0x0000000000000000

Registers:
RAX=0x0000000000000000, RBX=0x0000000019189bf8, RCX=0x0000000016fb7000, RDX=0x00000000723cdc78
RSP=0x000000001814f290, RBP=0x0000000000546ad8, RSI=0x0000000000546ab0, RDI=0x00009094e46c7950
R8 =0x0000000000010002, R9 =0x0000000000000010, R10=0x00009094e46c7950, R11=0x000000001814f1a0
R12=0x0000000000000000, R13=0x0000000000000040, R14=0x000000001814f3a8, R15=0x0000000000546ab0
RIP=0x0000000071bc78b0, EFLAGS=0x0000000000010206

Top of Stack: (sp=0x000000001814f290)
0x000000001814f290:   0000000000000000 00007ffcc26bd92b
0x000000001814f2a0:   0000000000546ac0 0000000000546ac0
0x000000001814f2b0:   fffffffffffffffe 0000000000546ad8
0x000000001814f2c0:   0000000000546ab8 00007ffcc26c1243
0x000000001814f2d0:   0000000071bdc1b0 00007ffc00000000
0x000000001814f2e0:   0000fc910923ffd0 00007ffcb2435270
0x000000001814f2f0:   fffffffffffffffe 00007ffcc26c0f0d
0x000000001814f300:   0000000000000001 0000000071ba0000
0x000000001814f310:   00000000024f1638 0000000071bc48dc
0x000000001814f320:   000000001814f398 00007ffcc26c1017
0x000000001814f330:   0000000000000000 000000001814f3a8
0x000000001814f340:   0000000016ec5500 00007ffcc279b080
0x000000001814f350:   0000000000000000 00007ffcc26c0fd4
0x000000001814f360:   0000000000000000 0000000000000001
0x000000001814f370:   0000000000000000 000000001814f398
0x000000001814f380:   0000000000000000 0000000071bc4752 

Instructions: (pc=0x0000000071bc78b0)
0x0000000071bc7890:   40 53 48 83 ec 30 48 c7 44 24 20 fe ff ff ff 48
0x0000000071bc78a0:   8b 1d 7a 72 01 00 48 85 db 74 16 e8 00 81 ff ff
0x0000000071bc78b0:   4c 8b 00 48 8b d3 48 8b c8 41 ff 90 b0 00 00 00
0x0000000071bc78c0:   90 48 83 c4 30 5b c3 cc cc cc cc cc cc cc cc cc 


Register to memory mapping:

RAX=0x0000000000000000 is an unknown value
RBX=0x0000000019189bf8 is a global jni handle
RCX=0x0000000016fb7000 is an unknown value
RDX=0x00000000723cdc78 is an unknown value
RSP=0x000000001814f290 is an unknown value
RBP=0x0000000000546ad8 is an unknown value
RSI=0x0000000000546ab0 is an unknown value
RDI=0x00009094e46c7950 is an unknown value
R8 =0x0000000000010002 is an unknown value
R9 =0x0000000000000010 is an unknown value
R10=0x00009094e46c7950 is an unknown value
R11=0x000000001814f1a0 is an unknown value
R12=0x0000000000000000 is an unknown value
R13=0x0000000000000040 is an unknown value
R14=0x000000001814f3a8 is an unknown value
R15=0x0000000000546ab0 is an unknown value


Stack: [0x0000000018050000,0x0000000018150000],  sp=0x000000001814f290,  free space=1020k
Native frames: (J=compiled Java code, j=interpreted, Vv=VM code, C=native code)
C  [glass.dll+0x278b0]
C  [ucrtbase.dll+0x11243]
C  [ucrtbase.dll+0x11017]
C  [ucrtbase.dll+0x10fd4]
C  [glass.dll+0x24752]
C  [glass.dll+0x24850]
C  [ntdll.dll+0x3b583]
C  [ntdll.dll+0x47f85]
C  [ntdll.dll+0x47e48]
C  [KERNEL32.DLL+0x1b19a]
C  [msvcr100.dll+0x20ccd]
V  [jvm.dll+0x212e95]
V  [jvm.dll+0x24c227]
V  [jvm.dll+0x24b4c6]
V  [jvm.dll+0x24b961]
V  [jvm.dll+0x24bb7e]
V  [jvm.dll+0x29cc4a]
C  [msvcr100.dll+0x21d9f]
C  [msvcr100.dll+0x21e3b]
C  [KERNEL32.DLL+0x13034]
C  [ntdll.dll+0x73691]

VM_Operation (0x0000000019dca4f0): Exit, mode: safepoint, requested by thread 0x00000000191a7800


---------------  P R O C E S S  ---------------

Java Threads: ( => current thread )
  0x000000002125c000 JavaThread "Prism Font Disposer" daemon [_thread_blocked, id=2800, stack(0x00000000238d0000,0x00000000239d0000)]
  0x0000000019225800 JavaThread "JavaFX-Launcher" [_thread_blocked, id=18296, stack(0x0000000020b40000,0x0000000020c40000)]
  0x0000000019224800 JavaThread "Thread-2" daemon [_thread_in_native, id=11712, stack(0x0000000020a40000,0x0000000020b40000)]
  0x00000000191a7800 JavaThread "JavaFX Application Thread" [_thread_blocked, id=14936, stack(0x0000000019cd0000,0x0000000019dd0000)]
  0x000000001919b000 JavaThread "Thread-1" daemon [_thread_blocked, id=2548, stack(0x0000000019bd0000,0x0000000019cd0000)]
  0x0000000018d2f800 JavaThread "QuantumRenderer-0" daemon [_thread_blocked, id=17372, stack(0x0000000019980000,0x0000000019a80000)]
  0x0000000018973000 JavaThread "Service Thread" daemon [_thread_blocked, id=6268, stack(0x0000000018d40000,0x0000000018e40000)]
  0x0000000017002000 JavaThread "C1 CompilerThread2" daemon [_thread_blocked, id=17932, stack(0x0000000018840000,0x0000000018940000)]
  0x0000000016ff8800 JavaThread "C2 CompilerThread1" daemon [_thread_blocked, id=7464, stack(0x0000000018740000,0x0000000018840000)]
  0x0000000016ff5000 JavaThread "C2 CompilerThread0" daemon [_thread_blocked, id=11532, stack(0x0000000018640000,0x0000000018740000)]
  0x0000000016ff3800 JavaThread "Attach Listener" daemon [_thread_blocked, id=17128, stack(0x0000000018540000,0x0000000018640000)]
  0x0000000016ff2000 JavaThread "Signal Dispatcher" daemon [_thread_blocked, id=17216, stack(0x0000000018440000,0x0000000018540000)]
  0x0000000016fe0000 JavaThread "Finalizer" daemon [_thread_blocked, id=6116, stack(0x0000000018250000,0x0000000018350000)]
  0x00000000024c6000 JavaThread "Reference Handler" daemon [_thread_blocked, id=14424, stack(0x0000000018150000,0x0000000018250000)]
  0x00000000023d5800 JavaThread "main" [_thread_blocked, id=9764, stack(0x00000000022b0000,0x00000000023b0000)]

Other Threads:
=>0x0000000016fb7000 VMThread [stack: 0x0000000018050000,0x0000000018150000] [id=13220]

VM state:at safepoint (shutting down)

VM Mutex/Monitor currently owned by a thread:  ([mutex/lock_event])
[0x00000000023d28d0] Threads_lock - owner thread: 0x0000000016fb7000

Heap:
 PSYoungGen      total 107008K, used 90355K [0x00000000d6000000, 0x00000000dd500000, 0x0000000100000000)
  eden space 93696K, 88% used [0x00000000d6000000,0x00000000db100998,0x00000000dbb80000)
  from space 13312K, 55% used [0x00000000dc800000,0x00000000dcf3c590,0x00000000dd500000)
  to   space 12800K, 0% used [0x00000000dbb80000,0x00000000dbb80000,0x00000000dc800000)
 ParOldGen       total 76288K, used 16615K [0x0000000082000000, 0x0000000086a80000, 0x00000000d6000000)
  object space 76288K, 21% used [0x0000000082000000,0x0000000083039cf8,0x0000000086a80000)
 Metaspace       used 27441K, capacity 29340K, committed 29440K, reserved 1075200K
  class space    used 4015K, capacity 4335K, committed 4352K, reserved 1048576K

Card table byte_map: [0x00000000118c0000,0x0000000011cc0000] byte_map_base: 0x00000000114b0000

Marking Bits: (ParMarkBitMap*) 0x00000000725bf860
 Begin Bits: [0x0000000012360000, 0x00000000142e0000)
 End Bits:   [0x00000000142e0000, 0x0000000016260000)

Polling page: 0x0000000000980000

CodeCache: size=245760Kb used=14354Kb max_used=14359Kb free=231405Kb
 bounds [0x0000000002500000, 0x0000000003310000, 0x0000000011500000]
 total_blobs=5383 nmethods=4650 adapters=644
 compilation: enabled

Compilation events (10 events):
Event: 5.774 Thread 0x0000000016ff8800 4657       4       com.sun.prism.d3d.D3DContext::validate (58 bytes)
Event: 5.775 Thread 0x0000000016ff8800 nmethod 4657 0x000000000271a810 code [0x000000000271a940, 0x000000000271a978]
Event: 5.806 Thread 0x0000000017002000 4658       3       com.sun.javafx.event.EventDispatchChainImpl::insertFirst (42 bytes)
Event: 5.806 Thread 0x0000000017002000 nmethod 4658 0x000000000330e690 code [0x000000000330e800, 0x000000000330eab0]
Event: 5.820 Thread 0x0000000017002000 4659       3       javafx.application.Platform::isSupported (5 bytes)
Event: 5.820 Thread 0x0000000017002000 nmethod 4659 0x000000000330e310 code [0x000000000330e480, 0x000000000330e5e8]
Event: 6.202 Thread 0x0000000017002000 4660       3       java.lang.invoke.MethodHandles$Lookup::restrictReceiver (123 bytes)
Event: 6.202 Thread 0x0000000017002000 nmethod 4660 0x000000000330d750 code [0x000000000330d900, 0x000000000330e058]
Event: 6.202 Thread 0x0000000017002000 4661       3       com.sun.prism.paint.Color::isOpaque (15 bytes)
Event: 6.202 Thread 0x0000000017002000 nmethod 4661 0x000000000330d350 code [0x000000000330d4c0, 0x000000000330d6b0]

GC Heap History (10 events):
Event: 1.499 GC heap before
{Heap before GC invocations=3 (full 0):
 PSYoungGen      total 37888K, used 37881K [0x00000000d6000000, 0x00000000daa00000, 0x0000000100000000)
  eden space 32768K, 100% used [0x00000000d6000000,0x00000000d8000000,0x00000000d8000000)
  from space 5120K, 99% used [0x00000000d8500000,0x00000000d89fe5b0,0x00000000d8a00000)
  to   space 5120K, 0% used [0x00000000d8000000,0x00000000d8000000,0x00000000d8500000)
 ParOldGen       total 86016K, used 8749K [0x0000000082000000, 0x0000000087400000, 0x00000000d6000000)
  object space 86016K, 10% used [0x0000000082000000,0x000000008288b6d8,0x0000000087400000)
 Metaspace       used 18738K, capacity 19384K, committed 19456K, reserved 1067008K
  class space    used 2606K, capacity 2805K, committed 2816K, reserved 1048576K
Event: 1.504 GC heap after
Heap after GC invocations=3 (full 0):
 PSYoungGen      total 37888K, used 5113K [0x00000000d6000000, 0x00000000daa00000, 0x0000000100000000)
  eden space 32768K, 0% used [0x00000000d6000000,0x00000000d6000000,0x00000000d8000000)
  from space 5120K, 99% used [0x00000000d8000000,0x00000000d84fe590,0x00000000d8500000)
  to   space 5120K, 0% used [0x00000000da500000,0x00000000da500000,0x00000000daa00000)
 ParOldGen       total 86016K, used 12784K [0x0000000082000000, 0x0000000087400000, 0x00000000d6000000)
  object space 86016K, 14% used [0x0000000082000000,0x0000000082c7c250,0x0000000087400000)
 Metaspace       used 18738K, capacity 19384K, committed 19456K, reserved 1067008K
  class space    used 2606K, capacity 2805K, committed 2816K, reserved 1048576K
}
Event: 1.697 GC heap before
{Heap before GC invocations=4 (full 0):
 PSYoungGen      total 37888K, used 34572K [0x00000000d6000000, 0x00000000daa00000, 0x0000000100000000)
  eden space 32768K, 89% used [0x00000000d6000000,0x00000000d7cc4d80,0x00000000d8000000)
  from space 5120K, 99% used [0x00000000d8000000,0x00000000d84fe590,0x00000000d8500000)
  to   space 5120K, 0% used [0x00000000da500000,0x00000000da500000,0x00000000daa00000)
 ParOldGen       total 86016K, used 12784K [0x0000000082000000, 0x0000000087400000, 0x00000000d6000000)
  object space 86016K, 14% used [0x0000000082000000,0x0000000082c7c250,0x0000000087400000)
 Metaspace       used 20285K, capacity 21184K, committed 21296K, reserved 1067008K
  class space    used 2900K, capacity 3137K, committed 3200K, reserved 1048576K
Event: 1.703 GC heap after
Heap after GC invocations=4 (full 0):
 PSYoungGen      total 70656K, used 4295K [0x00000000d6000000, 0x00000000daa00000, 0x0000000100000000)
  eden space 65536K, 0% used [0x00000000d6000000,0x00000000d6000000,0x00000000da000000)
  from space 5120K, 83% used [0x00000000da500000,0x00000000da931cd0,0x00000000daa00000)
  to   space 5120K, 0% used [0x00000000da000000,0x00000000da000000,0x00000000da500000)
 ParOldGen       total 86016K, used 14513K [0x0000000082000000, 0x0000000087400000, 0x00000000d6000000)
  object space 86016K, 16% used [0x0000000082000000,0x0000000082e2c760,0x0000000087400000)
 Metaspace       used 20285K, capacity 21184K, committed 21296K, reserved 1067008K
  class space    used 2900K, capacity 3137K, committed 3200K, reserved 1048576K
}
Event: 1.703 GC heap before
{Heap before GC invocations=5 (full 1):
 PSYoungGen      total 70656K, used 4295K [0x00000000d6000000, 0x00000000daa00000, 0x0000000100000000)
  eden space 65536K, 0% used [0x00000000d6000000,0x00000000d6000000,0x00000000da000000)
  from space 5120K, 83% used [0x00000000da500000,0x00000000da931cd0,0x00000000daa00000)
  to   space 5120K, 0% used [0x00000000da000000,0x00000000da000000,0x00000000da500000)
 ParOldGen       total 86016K, used 14513K [0x0000000082000000, 0x0000000087400000, 0x00000000d6000000)
  object space 86016K, 16% used [0x0000000082000000,0x0000000082e2c760,0x0000000087400000)
 Metaspace       used 20285K, capacity 21184K, committed 21296K, reserved 1067008K
  class space    used 2900K, capacity 3137K, committed 3200K, reserved 1048576K
Event: 1.737 GC heap after
Heap after GC invocations=5 (full 1):
 PSYoungGen      total 70656K, used 0K [0x00000000d6000000, 0x00000000daa00000, 0x0000000100000000)
  eden space 65536K, 0% used [0x00000000d6000000,0x00000000d6000000,0x00000000da000000)
  from space 5120K, 0% used [0x00000000da500000,0x00000000da500000,0x00000000daa00000)
  to   space 5120K, 0% used [0x00000000da000000,0x00000000da000000,0x00000000da500000)
 ParOldGen       total 76288K, used 16483K [0x0000000082000000, 0x0000000086a80000, 0x00000000d6000000)
  object space 76288K, 21% used [0x0000000082000000,0x0000000083018c08,0x0000000086a80000)
 Metaspace       used 20285K, capacity 21184K, committed 21296K, reserved 1067008K
  class space    used 2900K, capacity 3137K, committed 3200K, reserved 1048576K
}
Event: 2.131 GC heap before
{Heap before GC invocations=6 (full 1):
 PSYoungGen      total 70656K, used 65536K [0x00000000d6000000, 0x00000000daa00000, 0x0000000100000000)
  eden space 65536K, 100% used [0x00000000d6000000,0x00000000da000000,0x00000000da000000)
  from space 5120K, 0% used [0x00000000da500000,0x00000000da500000,0x00000000daa00000)
  to   space 5120K, 0% used [0x00000000da000000,0x00000000da000000,0x00000000da500000)
 ParOldGen       total 76288K, used 16483K [0x0000000082000000, 0x0000000086a80000, 0x00000000d6000000)
  object space 76288K, 21% used [0x0000000082000000,0x0000000083018c08,0x0000000086a80000)
 Metaspace       used 22141K, capacity 23298K, committed 23552K, reserved 1069056K
  class space    used 3251K, capacity 3486K, committed 3584K, reserved 1048576K
Event: 2.134 GC heap after
Heap after GC invocations=6 (full 1):
 PSYoungGen      total 70656K, used 5094K [0x00000000d6000000, 0x00000000dd580000, 0x0000000100000000)
  eden space 65536K, 0% used [0x00000000d6000000,0x00000000d6000000,0x00000000da000000)
  from space 5120K, 99% used [0x00000000da000000,0x00000000da4f99b8,0x00000000da500000)
  to   space 13824K, 0% used [0x00000000dc800000,0x00000000dc800000,0x00000000dd580000)
 ParOldGen       total 76288K, used 16607K [0x0000000082000000, 0x0000000086a80000, 0x00000000d6000000)
  object space 76288K, 21% used [0x0000000082000000,0x0000000083037cf8,0x0000000086a80000)
 Metaspace       used 22141K, capacity 23298K, committed 23552K, reserved 1069056K
  class space    used 3251K, capacity 3486K, committed 3584K, reserved 1048576K
}
Event: 2.366 GC heap before
{Heap before GC invocations=7 (full 1):
 PSYoungGen      total 70656K, used 70630K [0x00000000d6000000, 0x00000000dd580000, 0x0000000100000000)
  eden space 65536K, 100% used [0x00000000d6000000,0x00000000da000000,0x00000000da000000)
  from space 5120K, 99% used [0x00000000da000000,0x00000000da4f99b8,0x00000000da500000)
  to   space 13824K, 0% used [0x00000000dc800000,0x00000000dc800000,0x00000000dd580000)
 ParOldGen       total 76288K, used 16607K [0x0000000082000000, 0x0000000086a80000, 0x00000000d6000000)
  object space 76288K, 21% used [0x0000000082000000,0x0000000083037cf8,0x0000000086a80000)
 Metaspace       used 22254K, capacity 23430K, committed 23552K, reserved 1069056K
  class space    used 3256K, capacity 3496K, committed 3584K, reserved 1048576K
Event: 2.371 GC heap after
Heap after GC invocations=7 (full 1):
 PSYoungGen      total 107008K, used 7409K [0x00000000d6000000, 0x00000000dd500000, 0x0000000100000000)
  eden space 93696K, 0% used [0x00000000d6000000,0x00000000d6000000,0x00000000dbb80000)
  from space 13312K, 55% used [0x00000000dc800000,0x00000000dcf3c590,0x00000000dd500000)
  to   space 12800K, 0% used [0x00000000dbb80000,0x00000000dbb80000,0x00000000dc800000)
 ParOldGen       total 76288K, used 16615K [0x0000000082000000, 0x0000000086a80000, 0x00000000d6000000)
  object space 76288K, 21% used [0x0000000082000000,0x0000000083039cf8,0x0000000086a80000)
 Metaspace       used 22254K, capacity 23430K, committed 23552K, reserved 1069056K
  class space    used 3256K, capacity 3496K, committed 3584K, reserved 1048576K
}

Deoptimization events (10 events):
Event: 3.406 Thread 0x0000000018d2f800 Uncommon trap: reason=bimorphic action=maybe_recompile pc=0x00000000030d1ba0 method=java.util.WeakHashMap.eq(Ljava/lang/Object;Ljava/lang/Object;)Z @ 7
Event: 3.406 Thread 0x0000000018d2f800 Uncommon trap: reason=bimorphic action=maybe_recompile pc=0x00000000030d1ba0 method=java.util.WeakHashMap.eq(Ljava/lang/Object;Ljava/lang/Object;)Z @ 7
Event: 3.474 Thread 0x00000000191a7800 Uncommon trap: reason=unstable_if action=reinterpret pc=0x0000000002e34b98 method=javafx.fxml.FXMLLoader$ControllerAccessor.addAccessibleMethods(Ljava/lang/Class;I)V @ 80
Event: 3.489 Thread 0x00000000191a7800 Uncommon trap: reason=unstable_if action=reinterpret pc=0x0000000003133d74 method=javafx.scene.CssStyleHelper.canReuseStyleHelper(Ljavafx/scene/Node;Lcom/sun/javafx/css/StyleMap;)Z @ 57
Event: 3.506 Thread 0x00000000191a7800 Uncommon trap: reason=unstable_if action=reinterpret pc=0x00000000031236b0 method=javafx.scene.CssStyleHelper.getStyle(Ljavafx/css/Styleable;Ljava/lang/String;Lcom/sun/javafx/css/StyleMap;Ljava/util/Set;)Lcom/sun/javafx/css/CascadingStyle; @ 1
Event: 3.507 Thread 0x00000000191a7800 Uncommon trap: reason=unstable_if action=reinterpret pc=0x0000000003201428 method=java.lang.StrictMath.floorOrCeil(DDDD)D @ 24
Event: 3.512 Thread 0x00000000191a7800 Uncommon trap: reason=unstable_if action=reinterpret pc=0x000000000320c5d4 method=javafx.scene.Node.markDirtyLayoutBranch()V @ 16
Event: 3.518 Thread 0x00000000191a7800 Uncommon trap: reason=unstable_if action=reinterpret pc=0x00000000031746b8 method=javafx.scene.Node.impl_markDirty(Lcom/sun/javafx/scene/DirtyBits;)V @ 4
Event: 3.533 Thread 0x00000000191a7800 Uncommon trap: reason=unstable_if action=reinterpret pc=0x0000000002b64b28 method=jdk.internal.org.objectweb.asm.Type.getArgumentsAndReturnSizes(Ljava/lang/String;)I @ 47
Event: 4.075 Thread 0x00000000191a7800 Uncommon trap: reason=unstable_if action=reinterpret pc=0x0000000002cdab04 method=java.util.EnumMap.isValidKey(Ljava/lang/Object;)Z @ 16

Classes redefined (0 events):
No events

Internal exceptions (10 events):
Event: 0.754 Thread 0x00000000191a7800 Exception <a 'java/lang/ArrayIndexOutOfBoundsException': 58> (0x00000000d66812c0) thrown at [C:\re\workspace\8-2-build-windows-amd64-cygwin\jdk8u161\10277\hotspot\src\share\vm\interpreter\interpreterRuntime.cpp, line 366]
Event: 0.949 Thread 0x00000000191a7800 Exception <a 'java/io/FileNotFoundException'> (0x00000000d7ac5a28) thrown at [C:\re\workspace\8-2-build-windows-amd64-cygwin\jdk8u161\10277\hotspot\src\share\vm\prims\jni.cpp, line 709]
Event: 1.050 Thread 0x00000000191a7800 Exception <a 'java/lang/NoClassDefFoundError': org/slf4j/impl/StaticLoggerBinder> (0x00000000d7f8bb58) thrown at [C:\re\workspace\8-2-build-windows-amd64-cygwin\jdk8u161\10277\hotspot\src\share\vm\classfile\systemDictionary.cpp, line 199]
Event: 1.778 Thread 0x00000000191a7800 Implicit null exception at 0x000000000282e675 to 0x000000000282e88d
Event: 1.778 Thread 0x00000000191a7800 Implicit null exception at 0x00000000029e437b to 0x00000000029e4851
Event: 2.983 Thread 0x00000000191a7800 Implicit null exception at 0x000000000301f1f8 to 0x0000000003022015
Event: 3.224 Thread 0x0000000018d2f800 Implicit null exception at 0x0000000002d4dc66 to 0x0000000002d50ebd
Event: 3.257 Thread 0x0000000018d2f800 Implicit null exception at 0x0000000002d3b4cc to 0x0000000002d3ea09
Event: 3.506 Thread 0x00000000191a7800 Implicit null exception at 0x000000000311dc3e to 0x0000000003123699
Event: 6.206 Thread 0x0000000018cdf000 Exception <a 'java/lang/IllegalStateException'> (0x00000000dafce7f0) thrown at [C:\re\workspace\8-2-build-windows-amd64-cygwin\jdk8u161\10277\hotspot\src\share\vm\prims\jvm.cpp, line 1394]

Events (10 events):
Event: 6.205 loading class java/util/IdentityHashMap$KeyIterator done
Event: 6.205 Thread 0x00000000218ec800 Thread added: 0x00000000218ec800
Event: 6.205 Thread 0x0000000018cdf000 Thread added: 0x0000000018cdf000
Event: 6.206 loading class com/sun/javafx/tk/quantum/QuantumRenderer
Event: 6.206 loading class com/sun/javafx/tk/quantum/QuantumRenderer done
Event: 6.206 Thread 0x00000000218ec800 Thread exited: 0x00000000218ec800
Event: 6.206 loading class com/sun/javafx/tk/quantum/QuantumToolkit
Event: 6.206 loading class com/sun/javafx/tk/quantum/QuantumToolkit done
Event: 6.206 Thread 0x0000000018cdf000 Thread exited: 0x0000000018cdf000
Event: 6.206 Executing VM operation: Exit


Dynamic libraries:
0x00007ff6a34f0000 - 0x00007ff6a3527000 	C:\Program Files\Java\jdk1.8.0_161\bin\javaw.exe
0x00007ffcc62e0000 - 0x00007ffcc64c1000 	C:\WINDOWS\SYSTEM32\ntdll.dll
0x00007ffcc4a00000 - 0x00007ffcc4ab2000 	C:\WINDOWS\System32\KERNEL32.DLL
0x00007ffcc2f70000 - 0x00007ffcc31e3000 	C:\WINDOWS\System32\KERNELBASE.dll
0x00007ffcc4950000 - 0x00007ffcc49f1000 	C:\WINDOWS\System32\ADVAPI32.dll
0x00007ffcc4ac0000 - 0x00007ffcc4b5e000 	C:\WINDOWS\System32\msvcrt.dll
0x00007ffcc6250000 - 0x00007ffcc62ab000 	C:\WINDOWS\System32\sechost.dll
0x00007ffcc3820000 - 0x00007ffcc3944000 	C:\WINDOWS\System32\RPCRT4.dll
0x00007ffcc5fd0000 - 0x00007ffcc6160000 	C:\WINDOWS\System32\USER32.dll
0x00007ffcc36d0000 - 0x00007ffcc36f0000 	C:\WINDOWS\System32\win32u.dll
0x00007ffcc5fa0000 - 0x00007ffcc5fc8000 	C:\WINDOWS\System32\GDI32.dll
0x00007ffcc3240000 - 0x00007ffcc33d2000 	C:\WINDOWS\System32\gdi32full.dll
0x00007ffcc33e0000 - 0x00007ffcc347f000 	C:\WINDOWS\System32\msvcp_win.dll
0x00007ffcc26b0000 - 0x00007ffcc27aa000 	C:\WINDOWS\System32\ucrtbase.dll
0x00007ffcb3010000 - 0x00007ffcb3279000 	C:\WINDOWS\WinSxS\amd64_microsoft.windows.common-controls_6595b64144ccf1df_6.0.17134.472_none_fb3f9af53068156d\COMCTL32.dll
0x00007ffcc4090000 - 0x00007ffcc43b2000 	C:\WINDOWS\System32\combase.dll
0x00007ffcc36f0000 - 0x00007ffcc376a000 	C:\WINDOWS\System32\bcryptPrimitives.dll
0x00007ffcc3ff0000 - 0x00007ffcc401d000 	C:\WINDOWS\System32\IMM32.DLL
0x0000000071c20000 - 0x0000000071cf2000 	C:\Program Files\Java\jdk1.8.0_161\jre\bin\msvcr100.dll
0x0000000071da0000 - 0x000000007263f000 	C:\Program Files\Java\jdk1.8.0_161\jre\bin\server\jvm.dll
0x00007ffcc3b30000 - 0x00007ffcc3b38000 	C:\WINDOWS\System32\PSAPI.DLL
0x00007ffcbcc60000 - 0x00007ffcbcc6a000 	C:\WINDOWS\SYSTEM32\VERSION.dll
0x00007ffcb14e0000 - 0x00007ffcb14e9000 	C:\WINDOWS\SYSTEM32\WSOCK32.dll
0x00007ffcb9c20000 - 0x00007ffcb9c43000 	C:\WINDOWS\SYSTEM32\WINMM.dll
0x00007ffcc4020000 - 0x00007ffcc408c000 	C:\WINDOWS\System32\WS2_32.dll
0x00007ffcb9bf0000 - 0x00007ffcb9c1a000 	C:\WINDOWS\SYSTEM32\WINMMBASE.dll
0x00007ffcc31f0000 - 0x00007ffcc3239000 	C:\WINDOWS\System32\cfgmgr32.dll
0x0000000072cb0000 - 0x0000000072cbf000 	C:\Program Files\Java\jdk1.8.0_161\jre\bin\verify.dll
0x0000000072c80000 - 0x0000000072ca9000 	C:\Program Files\Java\jdk1.8.0_161\jre\bin\java.dll
0x0000000071d80000 - 0x0000000071d96000 	C:\Program Files\Java\jdk1.8.0_161\jre\bin\zip.dll
0x00007ffcc4b60000 - 0x00007ffcc5fa0000 	C:\WINDOWS\System32\SHELL32.dll
0x00007ffcc3770000 - 0x00007ffcc3819000 	C:\WINDOWS\System32\shcore.dll
0x00007ffcc27b0000 - 0x00007ffcc2ebd000 	C:\WINDOWS\System32\windows.storage.dll
0x00007ffcc3970000 - 0x00007ffcc39c1000 	C:\WINDOWS\System32\shlwapi.dll
0x00007ffcc2620000 - 0x00007ffcc2631000 	C:\WINDOWS\System32\kernel.appcore.dll
0x00007ffcc2600000 - 0x00007ffcc261f000 	C:\WINDOWS\System32\profapi.dll
0x00007ffcc2640000 - 0x00007ffcc268c000 	C:\WINDOWS\System32\powrprof.dll
0x00007ffcc25f0000 - 0x00007ffcc25fa000 	C:\WINDOWS\System32\FLTLIB.DLL
0x00000000009f0000 - 0x00000000009f3000 	C:\Program Files\Java\jdk1.8.0_161\jre\bin\api-ms-win-core-console-l1-1-0.dll
0x00000000023b0000 - 0x00000000023b3000 	C:\Program Files\Java\jdk1.8.0_161\jre\bin\api-ms-win-core-datetime-l1-1-0.dll
0x00000000024d0000 - 0x00000000024d3000 	C:\Program Files\Java\jdk1.8.0_161\jre\bin\api-ms-win-core-debug-l1-1-0.dll
0x00000000024e0000 - 0x00000000024e3000 	C:\Program Files\Java\jdk1.8.0_161\jre\bin\api-ms-win-core-errorhandling-l1-1-0.dll
0x0000000018f40000 - 0x0000000018f44000 	C:\Program Files\Java\jdk1.8.0_161\jre\bin\api-ms-win-core-file-l1-1-0.dll
0x0000000018f50000 - 0x0000000018f53000 	C:\Program Files\Java\jdk1.8.0_161\jre\bin\api-ms-win-core-file-l1-2-0.dll
0x0000000018f60000 - 0x0000000018f63000 	C:\Program Files\Java\jdk1.8.0_161\jre\bin\api-ms-win-core-file-l2-1-0.dll
0x0000000018f70000 - 0x0000000018f73000 	C:\Program Files\Java\jdk1.8.0_161\jre\bin\api-ms-win-core-handle-l1-1-0.dll
0x0000000018f80000 - 0x0000000018f83000 	C:\Program Files\Java\jdk1.8.0_161\jre\bin\api-ms-win-core-heap-l1-1-0.dll
0x0000000018f90000 - 0x0000000018f93000 	C:\Program Files\Java\jdk1.8.0_161\jre\bin\api-ms-win-core-interlocked-l1-1-0.dll
0x0000000018fa0000 - 0x0000000018fa3000 	C:\Program Files\Java\jdk1.8.0_161\jre\bin\api-ms-win-core-libraryloader-l1-1-0.dll
0x0000000018fb0000 - 0x0000000018fb3000 	C:\Program Files\Java\jdk1.8.0_161\jre\bin\api-ms-win-core-localization-l1-2-0.dll
0x0000000018fc0000 - 0x0000000018fc3000 	C:\Program Files\Java\jdk1.8.0_161\jre\bin\api-ms-win-core-memory-l1-1-0.dll
0x0000000018fd0000 - 0x0000000018fd3000 	C:\Program Files\Java\jdk1.8.0_161\jre\bin\api-ms-win-core-namedpipe-l1-1-0.dll
0x0000000018fe0000 - 0x0000000018fe3000 	C:\Program Files\Java\jdk1.8.0_161\jre\bin\api-ms-win-core-processenvironment-l1-1-0.dll
0x0000000018ff0000 - 0x0000000018ff3000 	C:\Program Files\Java\jdk1.8.0_161\jre\bin\api-ms-win-core-processthreads-l1-1-0.dll
0x0000000019000000 - 0x0000000019003000 	C:\Program Files\Java\jdk1.8.0_161\jre\bin\api-ms-win-core-processthreads-l1-1-1.dll
0x0000000019010000 - 0x0000000019013000 	C:\Program Files\Java\jdk1.8.0_161\jre\bin\api-ms-win-core-profile-l1-1-0.dll
0x0000000019020000 - 0x0000000019023000 	C:\Program Files\Java\jdk1.8.0_161\jre\bin\api-ms-win-core-rtlsupport-l1-1-0.dll
0x0000000019030000 - 0x0000000019033000 	C:\Program Files\Java\jdk1.8.0_161\jre\bin\api-ms-win-core-string-l1-1-0.dll
0x0000000019040000 - 0x0000000019043000 	C:\Program Files\Java\jdk1.8.0_161\jre\bin\api-ms-win-core-synch-l1-1-0.dll
0x0000000019050000 - 0x0000000019053000 	C:\Program Files\Java\jdk1.8.0_161\jre\bin\api-ms-win-core-synch-l1-2-0.dll
0x0000000019060000 - 0x0000000019063000 	C:\Program Files\Java\jdk1.8.0_161\jre\bin\api-ms-win-core-sysinfo-l1-1-0.dll
0x0000000019070000 - 0x0000000019073000 	C:\Program Files\Java\jdk1.8.0_161\jre\bin\api-ms-win-core-timezone-l1-1-0.dll
0x0000000019080000 - 0x0000000019083000 	C:\Program Files\Java\jdk1.8.0_161\jre\bin\api-ms-win-core-util-l1-1-0.dll
0x0000000019090000 - 0x0000000019093000 	C:\Program Files\Java\jdk1.8.0_161\jre\bin\api-ms-win-crt-conio-l1-1-0.dll
0x00000000190a0000 - 0x00000000190a4000 	C:\Program Files\Java\jdk1.8.0_161\jre\bin\api-ms-win-crt-convert-l1-1-0.dll
0x00000000190b0000 - 0x00000000190b3000 	C:\Program Files\Java\jdk1.8.0_161\jre\bin\api-ms-win-crt-environment-l1-1-0.dll
0x00000000190c0000 - 0x00000000190c3000 	C:\Program Files\Java\jdk1.8.0_161\jre\bin\api-ms-win-crt-filesystem-l1-1-0.dll
0x00000000190d0000 - 0x00000000190d3000 	C:\Program Files\Java\jdk1.8.0_161\jre\bin\api-ms-win-crt-heap-l1-1-0.dll
0x00000000190e0000 - 0x00000000190e3000 	C:\Program Files\Java\jdk1.8.0_161\jre\bin\api-ms-win-crt-locale-l1-1-0.dll
0x00000000190f0000 - 0x00000000190f5000 	C:\Program Files\Java\jdk1.8.0_161\jre\bin\api-ms-win-crt-math-l1-1-0.dll
0x0000000019100000 - 0x0000000019105000 	C:\Program Files\Java\jdk1.8.0_161\jre\bin\api-ms-win-crt-multibyte-l1-1-0.dll
0x0000000019110000 - 0x0000000019120000 	C:\Program Files\Java\jdk1.8.0_161\jre\bin\api-ms-win-crt-private-l1-1-0.dll
0x0000000019120000 - 0x0000000019123000 	C:\Program Files\Java\jdk1.8.0_161\jre\bin\api-ms-win-crt-process-l1-1-0.dll
0x0000000019130000 - 0x0000000019134000 	C:\Program Files\Java\jdk1.8.0_161\jre\bin\api-ms-win-crt-runtime-l1-1-0.dll
0x0000000019140000 - 0x0000000019144000 	C:\Program Files\Java\jdk1.8.0_161\jre\bin\api-ms-win-crt-stdio-l1-1-0.dll
0x0000000019150000 - 0x0000000019154000 	C:\Program Files\Java\jdk1.8.0_161\jre\bin\api-ms-win-crt-string-l1-1-0.dll
0x0000000019160000 - 0x0000000019163000 	C:\Program Files\Java\jdk1.8.0_161\jre\bin\api-ms-win-crt-time-l1-1-0.dll
0x0000000019170000 - 0x0000000019173000 	C:\Program Files\Java\jdk1.8.0_161\jre\bin\api-ms-win-crt-utility-l1-1-0.dll
0x00007ffcbbce0000 - 0x00007ffcbbdd6000 	C:\Program Files\Java\jdk1.8.0_161\jre\bin\ucrtbase.dll
0x00007ffcbbc40000 - 0x00007ffcbbc91000 	C:\Program Files\Java\jdk1.8.0_161\jre\bin\concrt140.dll
0x00007ffcc0250000 - 0x00007ffcc02f7000 	C:\WINDOWS\SYSTEM32\MSVCP140.dll
0x00007ffcc0300000 - 0x00007ffcc0316000 	C:\WINDOWS\SYSTEM32\VCRUNTIME140.dll
0x00007ffcbd6b0000 - 0x00007ffcbd6c6000 	C:\Program Files\Java\jdk1.8.0_161\jre\bin\vcruntime140.dll
0x00007ffcbbba0000 - 0x00007ffcbbc3c000 	C:\Program Files\Java\jdk1.8.0_161\jre\bin\msvcp140.dll
0x0000000071bf0000 - 0x0000000071c13000 	C:\Program Files\Java\jdk1.8.0_161\jre\bin\prism_d3d.dll
0x00007ffcb9590000 - 0x00007ffcb9727000 	C:\WINDOWS\system32\d3d9.dll
0x00007ffcc09f0000 - 0x00007ffcc0a19000 	C:\WINDOWS\SYSTEM32\dwmapi.dll
0x00007ffcbffc0000 - 0x00007ffcc0058000 	C:\WINDOWS\system32\uxtheme.dll
0x00007ffc579d0000 - 0x00007ffc5b6db000 	C:\WINDOWS\System32\DriverStore\FileRepository\ki125173.inf_amd64_6f141e257f4fffee\igdumdim64.dll
0x00007ffcc3b40000 - 0x00007ffcc3f8b000 	C:\WINDOWS\System32\SETUPAPI.dll
0x00007ffcc39d0000 - 0x00007ffcc3b21000 	C:\WINDOWS\System32\ole32.dll
0x00007ffcc4880000 - 0x00007ffcc4942000 	C:\WINDOWS\System32\OLEAUT32.dll
0x0000000071ba0000 - 0x0000000071be9000 	C:\Program Files\Java\jdk1.8.0_161\jre\bin\glass.dll
0x00007ffcc4790000 - 0x00007ffcc487d000 	C:\WINDOWS\System32\COMDLG32.dll
0x00007ffcc4470000 - 0x00007ffcc45e3000 	C:\WINDOWS\System32\MSCTF.dll
0x00007ffcb1850000 - 0x00007ffcb2e5c000 	C:\WINDOWS\System32\DriverStore\FileRepository\ki125173.inf_amd64_6f141e257f4fffee\igc64.dll
0x0000000071b80000 - 0x0000000071b94000 	C:\Program Files\Java\jdk1.8.0_161\jre\bin\javafx_font.dll
0x00007ffcb11c0000 - 0x00007ffcb14dc000 	C:\WINDOWS\SYSTEM32\dwrite.dll
0x0000000071d10000 - 0x0000000071d34000 	C:\Program Files\Java\jdk1.8.0_161\jre\bin\sunec.dll
0x0000000071d60000 - 0x0000000071d7a000 	C:\Program Files\Java\jdk1.8.0_161\jre\bin\net.dll
0x00007ffcc1e70000 - 0x00007ffcc1ed6000 	C:\WINDOWS\system32\mswsock.dll
0x00007ffcc1bf0000 - 0x00007ffcc1c28000 	C:\WINDOWS\SYSTEM32\IPHLPAPI.DLL
0x00007ffcc61e0000 - 0x00007ffcc61e8000 	C:\WINDOWS\System32\NSI.dll
0x00007ffcbcbf0000 - 0x00007ffcbcc06000 	C:\WINDOWS\SYSTEM32\dhcpcsvc6.DLL
0x00007ffcbda00000 - 0x00007ffcbda1a000 	C:\WINDOWS\SYSTEM32\dhcpcsvc.DLL
0x0000000071d40000 - 0x0000000071d51000 	C:\Program Files\Java\jdk1.8.0_161\jre\bin\nio.dll
0x00007ffcc43d0000 - 0x00007ffcc4470000 	C:\WINDOWS\System32\clbcatq.dll
0x00007ffcb81e0000 - 0x00007ffcb838e000 	C:\WINDOWS\SYSTEM32\WindowsCodecs.dll
0x00007ffc968d0000 - 0x00007ffc96928000 	C:\WINDOWS\system32\dataexchange.dll
0x00007ffcbee80000 - 0x00007ffcbf18b000 	C:\WINDOWS\system32\d3d11.dll
0x00007ffcbf760000 - 0x00007ffcbf8fc000 	C:\WINDOWS\system32\dcomp.dll
0x00007ffcc13b0000 - 0x00007ffcc146b000 	C:\WINDOWS\system32\dxgi.dll
0x00007ffcc0a80000 - 0x00007ffcc0c38000 	C:\WINDOWS\system32\twinapi.appcore.dll
0x00007ffcc0a50000 - 0x00007ffcc0a71000 	C:\WINDOWS\system32\RMCLIENT.dll
0x00007ffcbbb60000 - 0x00007ffcbbb94000 	C:\Program Files\Common Files\Microsoft Shared\Ink\rtscom.dll
0x00007ffcb86c0000 - 0x00007ffcb8756000 	C:\WINDOWS\System32\TextInputFramework.dll
0x00007ffcb83a0000 - 0x00007ffcb86be000 	C:\WINDOWS\System32\CoreUIComponents.dll
0x00007ffcbfc40000 - 0x00007ffcbfd1a000 	C:\WINDOWS\System32\CoreMessaging.dll
0x00007ffcc16e0000 - 0x00007ffcc1711000 	C:\WINDOWS\SYSTEM32\ntmarta.dll
0x00007ffcbdd70000 - 0x00007ffcbdebd000 	C:\WINDOWS\SYSTEM32\wintypes.dll
0x0000000071b50000 - 0x0000000071b73000 	C:\Program Files\Java\jdk1.8.0_161\jre\bin\javafx_iio.dll
0x0000000071b30000 - 0x0000000071b42000 	C:\Program Files\Java\jdk1.8.0_161\jre\bin\prism_common.dll
0x00007ffcc1030000 - 0x00007ffcc11f9000 	C:\WINDOWS\SYSTEM32\dbghelp.dll

VM Arguments:
jvm_args: -Dfile.encoding=UTF-8 
java_command: com.jeeves.vpl.Main
java_class_path (initial): C:\Program Files\Java\jdk1.8.0_161\jre\lib\resources.jar;C:\Program Files\Java\jdk1.8.0_161\jre\lib\rt.jar;C:\Program Files\Java\jdk1.8.0_161\jre\lib\jsse.jar;C:\Program Files\Java\jdk1.8.0_161\jre\lib\jce.jar;C:\Program Files\Java\jdk1.8.0_161\jre\lib\charsets.jar;C:\Program Files\Java\jdk1.8.0_161\jre\lib\jfr.jar;C:\Program Files\Java\jdk1.8.0_161\jre\lib\ext\access-bridge-64.jar;C:\Program Files\Java\jdk1.8.0_161\jre\lib\ext\cldrdata.jar;C:\Program Files\Java\jdk1.8.0_161\jre\lib\ext\dnsns.jar;C:\Program Files\Java\jdk1.8.0_161\jre\lib\ext\jaccess.jar;C:\Program Files\Java\jdk1.8.0_161\jre\lib\ext\jfxrt.jar;C:\Program Files\Java\jdk1.8.0_161\jre\lib\ext\localedata.jar;C:\Program Files\Java\jdk1.8.0_161\jre\lib\ext\nashorn.jar;C:\Program Files\Java\jdk1.8.0_161\jre\lib\ext\sunec.jar;C:\Program Files\Java\jdk1.8.0_161\jre\lib\ext\sunjce_provider.jar;C:\Program Files\Java\jdk1.8.0_161\jre\lib\ext\sunmscapi.jar;C:\Program Files\Java\jdk1.8.0_161\jre\lib\ext\sunpkcs11.jar;C:\Program Files\Java\jdk1.8.0_161\jre\lib\ext\zipfs.jar;C:\Users\danie\eclipse-workspace\Jeeves\target\classes;C:\Users\danie\eclipse-workspace\Jeeves\poi-3.15.jar;C:\Users\danie\eclipse-workspace\Jeeves\commons-lang3-3.5.jar;C:\Users\danie\eclipse-workspace\Jeeves\controlsfx-8.40.12.jar;C:\Users\danie\.m2\repository\commons-codec\commons-codec\1.9\commons-codec-1.9.jar;C:\Users\danie\.m2\repository\commons-validator\commons-validator\1.4.1\commons-validator-1.4.1.jar;C:\Users\danie\.m2\repository\commons-beanutils\commons-beanutils\1.8.3\commons-beanutils-1.8.3.jar;C:\Users\danie\.m2\repository\commons-digester\commons-digester\1.8.1\commons-digester-1.8.1.jar;C:\Users\danie\.m2\repository\commons-logging\commons-logging\1.2\commons-logging-1.2.jar;C:\Users\danie\.m2\repository\commons-collections\commons-collections\3.2.1\commons-collections-3.2.1.jar;C:\Users\danie\.m2\repository\org\apache\shiro\shiro-core\1.3.2\shiro-core-1.3.2.jar;C:\Users\danie\.m2\repository\org\
Launcher Type: SUN_STANDARD

Environment Variables:
JAVA_HOME=c:\program files\java\jdk1.8.0_161
PATH=C:/Program Files/Java/jdk1.8.0_161/bin/../jre/bin/server;C:/Program Files/Java/jdk1.8.0_161/bin/../jre/bin;C:/Program Files/Java/jdk1.8.0_161/bin/../jre/lib/amd64;C:\Program Files (x86)\Common Files\Oracle\Java\javapath;C:\ProgramData\Oracle\Java\javapath;C:\Program Files (x86)\Intel\Intel(R) Management Engine Components\iCLS\;C:\Program Files\Intel\Intel(R) Management Engine Components\iCLS\;C:\Windows\system32;C:\Windows;C:\Windows\System32\Wbem;C:\Windows\System32\WindowsPowerShell\v1.0\;C:\Program Files (x86)\Intel\Intel(R) Management Engine Components\DAL;C:\Program Files\Intel\Intel(R) Management Engine Components\DAL;C:\Program Files (x86)\Intel\Intel(R) Management Engine Components\IPT;C:\Program Files\Intel\Intel(R) Management Engine Components\IPT;C:\Program Files (x86)\NVIDIA Corporation\PhysX\Common;C:\Python27;C:\Python27\Scripts;C:\Program Files\Git\cmd;C:\Program Files\Git\mingw64\bin;C:\Program Files\Git\usr\bin;C:\WINDOWS\system32;C:\WINDOWS;C:\WINDOWS\System32\Wbem;C:\WINDOWS\System32\WindowsPowerShell\v1.0\;C:\WINDOWS\System32\OpenSSH\;C:\Program Files\PuTTY\;C:\Program Files\Microsoft SQL Server\120\Tools\Binn\;C:\Program Files\Intel\WiFi\bin\;C:\Program Files\Common Files\Intel\WirelessCommon\;C:\Program Files\IBM\SPSS\Statistics\25\JRE\bin;C:\Users\danie\scoop\shims;c:\jruby-9.1.8.0\bin;C:\Ruby24-x64\bin;C:\Users\danie\AppData\Local\Microsoft\WindowsApps;C:\Program Files\Heroku\bin;;C:\WINDOWS\system32;
USERNAME=danie
OS=Windows_NT
PROCESSOR_IDENTIFIER=Intel64 Family 6 Model 158 Stepping 9, GenuineIntel



---------------  S Y S T E M  ---------------

OS: Windows 10.0 , 64 bit Build 17134 (10.0.17134.1)

CPU:total 4 (initial active 4) (4 cores per cpu, 1 threads per core) family 6 model 158 stepping 9, cmov, cx8, fxsr, mmx, sse, sse2, sse3, ssse3, sse4.1, sse4.2, popcnt, avx, avx2, aes, clmul, erms, 3dnowpref, lzcnt, tsc, tscinvbit, bmi1, bmi2, adx

Memory: 4k page, physical 8250724k(2323936k free), swap 30270820k(18540840k free)

vm_info: Java HotSpot(TM) 64-Bit Server VM (25.161-b12) for windows-amd64 JRE (1.8.0_161-b12), built on Dec 19 2017 17:52:25 by "java_re" with MS VC++ 10.0 (VS2010)

time: Wed Dec 26 15:25:57 2018
elapsed time: 6 seconds (0d 0h 0m 6s)

