#
# A fatal error has been detected by the Java Runtime Environment:
#
#  EXCEPTION_ACCESS_VIOLATION (0xc0000005) at pc=0x000000005bb1584a, pid=11696, tid=0x00000000000017d8
#
# JRE version: Java(TM) SE Runtime Environment (8.0_121-b13) (build 1.8.0_121-b13)
# Java VM: Java HotSpot(TM) 64-Bit Server VM (25.121-b13 mixed mode windows-amd64 compressed oops)
# Problematic frame:
# C  [glass.dll+0x2584a]
#
# Failed to write core dump. Minidumps are not enabled by default on client versions of Windows
#
# If you would like to submit a bug report, please visit:
#   http://bugreport.java.com/bugreport/crash.jsp
#

---------------  T H R E A D  ---------------

Current thread (0x0000000017be6800):  VMThread [stack: 0x0000000018c90000,0x0000000018d90000] [id=6104]

siginfo: ExceptionCode=0xc0000005, reading address 0x0000000000000000

Registers:
RAX=0x0000000000000000, RBX=0x0000000019c5cd60, RCX=0x0000000017be6800, RDX=0x0000000019c5cd60
RSP=0x0000000018d8f420, RBP=0x00000000010c3950, RSI=0x0000000000000001, RDI=0x0000000000000000
R8 =0x0000000000010002, R9 =0x00000000010c3950, R10=0x0000000000000000, R11=0x0000000000000246
R12=0x00000000010c3980, R13=0x00000000010c3950, R14=0x00000000010c3960, R15=0x0000000000000000
RIP=0x000000005bb1584a, EFLAGS=0x0000000000010206

Top of Stack: (sp=0x0000000018d8f420)
0x0000000018d8f420:   0000000000000000 000000005bb15900
0x0000000018d8f430:   0000000000000000 0000000003034fb0
0x0000000018d8f440:   000000005bb15830 000000005bb13224
0x0000000018d8f450:   000000005bb15a60 000000004be855c6
0x0000000018d8f460:   0000000003034fb0 00007ffee02007f2
0x0000000018d8f470:   0000000000000001 000000005baf0000
0x0000000018d8f480:   0000000002e02648 000000005bb134a6
0x0000000018d8f490:   0000000000000001 0000000003034fb0
0x0000000018d8f4a0:   0000000000000000 000000005bb13384
0x0000000018d8f4b0:   c000000500000001 0000000018d8e580
0x0000000018d8f4c0:   000000005baf0000 00007ffee32d485f
0x0000000018d8f4d0:   000000007ffe0385 0000000000000000
0x0000000018d8f4e0:   000000007ffe0384 000000007ffe0385
0x0000000018d8f4f0:   000000000000000c 00007ffee32fda3a
0x0000000018d8f500:   0000997b98a2c300 00000000010aa4a0
0x0000000018d8f510:   0000000000000000 0000000000000000 

Instructions: (pc=0x000000005bb1584a)
0x000000005bb1582a:   83 c4 20 5d c3 cc 40 53 48 83 ec 20 48 8b 1d cb
0x000000005bb1583a:   5b 01 00 48 85 db 74 1a e8 19 93 ff ff 48 8b d3
0x000000005bb1584a:   4c 8b 00 48 8b c8 48 83 c4 20 5b 49 ff a0 b0 00
0x000000005bb1585a:   00 00 48 83 c4 20 5b c3 cc cc cc cc cc cc cc cc 


Register to memory mapping:

RAX=0x0000000000000000 is an unknown value
RBX=0x0000000019c5cd60 is a global jni handle
RCX=0x0000000017be6800 is an unknown value
RDX=0x0000000019c5cd60 is a global jni handle
RSP=0x0000000018d8f420 is an unknown value
RBP=0x00000000010c3950 is an unknown value
RSI=0x0000000000000001 is an unknown value
RDI=0x0000000000000000 is an unknown value
R8 =0x0000000000010002 is an unknown value
R9 =0x00000000010c3950 is an unknown value
R10=0x0000000000000000 is an unknown value
R11=0x0000000000000246 is an unknown value
R12=0x00000000010c3980 is an unknown value
R13=0x00000000010c3950 is an unknown value
R14=0x00000000010c3960 is an unknown value
R15=0x0000000000000000 is an unknown value


Stack: [0x0000000018c90000,0x0000000018d90000],  sp=0x0000000018d8f420,  free space=1021k
Native frames: (J=compiled Java code, j=interpreted, Vv=VM code, C=native code)
C  [glass.dll+0x2584a]
C  [glass.dll+0x23224]
C  [glass.dll+0x234a6]
C  [ntdll.dll+0x2485f]
C  [ntdll.dll+0x4d43c]
C  [ntdll.dll+0x4d2f4]
C  [KERNEL32.DLL+0x1c0da]
C  [msvcr100.dll+0x20ccd]
V  [jvm.dll+0x212cb5]
V  [jvm.dll+0x24bd17]
V  [jvm.dll+0x24afb6]
V  [jvm.dll+0x24b451]
V  [jvm.dll+0x24b66e]
V  [jvm.dll+0x29c69a]
C  [msvcr100.dll+0x21d9f]
C  [msvcr100.dll+0x21e3b]
C  [KERNEL32.DLL+0x12774]
C  [ntdll.dll+0x70d51]

VM_Operation (0x000000001a7ea870): Exit, mode: safepoint, requested by thread 0x0000000019b84800


---------------  P R O C E S S  ---------------

Java Threads: ( => current thread )
  0x000000001a06c800 JavaThread "Prism Font Disposer" daemon [_thread_blocked, id=16320, stack(0x0000000021cc0000,0x0000000021dc0000)]
  0x0000000019bef800 JavaThread "JavaFX-Launcher" [_thread_blocked, id=13240, stack(0x000000001ee80000,0x000000001ef80000)]
  0x0000000019be8800 JavaThread "Thread-2" daemon [_thread_in_native, id=1720, stack(0x000000001ed80000,0x000000001ee80000)]
  0x0000000019b84800 JavaThread "JavaFX Application Thread" [_thread_blocked, id=7068, stack(0x000000001a6f0000,0x000000001a7f0000)]
  0x0000000019954800 JavaThread "Thread-1" daemon [_thread_blocked, id=17640, stack(0x000000001a5f0000,0x000000001a6f0000)]
  0x0000000019942000 JavaThread "QuantumRenderer-0" daemon [_thread_blocked, id=14372, stack(0x000000001a380000,0x000000001a480000)]
  0x0000000017c7d800 JavaThread "Service Thread" daemon [_thread_blocked, id=9792, stack(0x0000000019980000,0x0000000019a80000)]
  0x0000000017c2d800 JavaThread "C1 CompilerThread2" daemon [_thread_blocked, id=16784, stack(0x0000000019480000,0x0000000019580000)]
  0x0000000017c23000 JavaThread "C2 CompilerThread1" daemon [_thread_blocked, id=12760, stack(0x0000000019380000,0x0000000019480000)]
  0x0000000017c20800 JavaThread "C2 CompilerThread0" daemon [_thread_blocked, id=7892, stack(0x0000000019280000,0x0000000019380000)]
  0x0000000017c1f800 JavaThread "Attach Listener" daemon [_thread_blocked, id=15456, stack(0x0000000019180000,0x0000000019280000)]
  0x0000000017c1e800 JavaThread "Signal Dispatcher" daemon [_thread_blocked, id=7044, stack(0x0000000019080000,0x0000000019180000)]
  0x000000000308e800 JavaThread "Finalizer" daemon [_thread_blocked, id=14888, stack(0x0000000018e90000,0x0000000018f90000)]
  0x0000000003083800 JavaThread "Reference Handler" daemon [_thread_blocked, id=18424, stack(0x0000000018d90000,0x0000000018e90000)]
  0x0000000002e0e800 JavaThread "main" [_thread_blocked, id=15216, stack(0x0000000002e90000,0x0000000002f90000)]

Other Threads:
=>0x0000000017be6800 VMThread [stack: 0x0000000018c90000,0x0000000018d90000] [id=6104]

VM state:at safepoint (shutting down)

VM Mutex/Monitor currently owned by a thread:  ([mutex/lock_event])
[0x0000000002f90150] Threads_lock - owner thread: 0x0000000017be6800

Heap:
 PSYoungGen      total 38400K, used 17372K [0x00000000d5b00000, 0x00000000dab00000, 0x0000000100000000)
  eden space 33280K, 36% used [0x00000000d5b00000,0x00000000d66fba20,0x00000000d7b80000)
  from space 5120K, 99% used [0x00000000d7b80000,0x00000000d807b8d0,0x00000000d8080000)
  to   space 15360K, 0% used [0x00000000d9c00000,0x00000000d9c00000,0x00000000dab00000)
 ParOldGen       total 77824K, used 19889K [0x0000000081000000, 0x0000000085c00000, 0x00000000d5b00000)
  object space 77824K, 25% used [0x0000000081000000,0x000000008236c538,0x0000000085c00000)
 Metaspace       used 24881K, capacity 26696K, committed 26800K, reserved 1073152K
  class space    used 3606K, capacity 3928K, committed 4016K, reserved 1048576K

Card table byte_map: [0x0000000012450000,0x0000000012850000] byte_map_base: 0x0000000012048000

Marking Bits: (ParMarkBitMap*) 0x000000005c54b6d0
 Begin Bits: [0x0000000012f00000, 0x0000000014ec0000)
 End Bits:   [0x0000000014ec0000, 0x0000000016e80000)

Polling page: 0x0000000001590000

CodeCache: size=245760Kb used=11320Kb max_used=11320Kb free=234439Kb
 bounds [0x0000000003090000, 0x0000000003bf0000, 0x0000000012090000]
 total_blobs=4409 nmethods=3702 adapters=618
 compilation: enabled

Compilation events (10 events):
Event: 9.448 Thread 0x0000000017c2d800 nmethod 3963 0x0000000003236c50 code [0x0000000003236da0, 0x0000000003236ed0]
Event: 9.511 Thread 0x0000000017c2d800 3964       3       java.util.concurrent.locks.AbstractQueuedSynchronizer$ConditionObject::signal (33 bytes)
Event: 9.512 Thread 0x0000000017c2d800 nmethod 3964 0x0000000003236610 code [0x00000000032367a0, 0x0000000003236b08]
Event: 9.524 Thread 0x0000000017c2d800 3966       3       com.sun.javafx.event.EventHandlerManager::dispatchBubblingEvent (23 bytes)
Event: 9.526 Thread 0x0000000017c2d800 nmethod 3966 0x00000000033d3c10 code [0x00000000033d3de0, 0x00000000033d4768]
Event: 9.526 Thread 0x0000000017c2d800 3965       3       com.sun.javafx.event.CompositeEventDispatcher::dispatchBubblingEvent (35 bytes)
Event: 9.528 Thread 0x0000000017c2d800 nmethod 3965 0x00000000033d3410 code [0x00000000033d35a0, 0x00000000033d3ab8]
Event: 9.539 Thread 0x0000000017c2d800 3967       1       java.util.logging.Logger::getName (5 bytes)
Event: 9.539 Thread 0x0000000017c2d800 nmethod 3967 0x0000000003236350 code [0x00000000032364a0, 0x00000000032365b0]
Event: 9.540 Thread 0x0000000017c20800 3968       4       java.util.LinkedList$ListItr::hasNext (20 bytes)

GC Heap History (10 events):
Event: 2.977 GC heap before
{Heap before GC invocations=2 (full 0):
 PSYoungGen      total 38400K, used 38396K [0x00000000d5b00000, 0x00000000d8580000, 0x0000000100000000)
  eden space 33280K, 100% used [0x00000000d5b00000,0x00000000d7b80000,0x00000000d7b80000)
  from space 5120K, 99% used [0x00000000d7b80000,0x00000000d807f3d0,0x00000000d8080000)
  to   space 5120K, 0% used [0x00000000d8080000,0x00000000d8080000,0x00000000d8580000)
 ParOldGen       total 87552K, used 364K [0x0000000081000000, 0x0000000086580000, 0x00000000d5b00000)
  object space 87552K, 0% used [0x0000000081000000,0x000000008105b240,0x0000000086580000)
 Metaspace       used 16941K, capacity 17624K, committed 17664K, reserved 1064960K
  class space    used 2350K, capacity 2522K, committed 2560K, reserved 1048576K
Event: 2.989 GC heap after
Heap after GC invocations=2 (full 0):
 PSYoungGen      total 38400K, used 5113K [0x00000000d5b00000, 0x00000000d8580000, 0x0000000100000000)
  eden space 33280K, 0% used [0x00000000d5b00000,0x00000000d5b00000,0x00000000d7b80000)
  from space 5120K, 99% used [0x00000000d8080000,0x00000000d857e590,0x00000000d8580000)
  to   space 5120K, 0% used [0x00000000d7b80000,0x00000000d7b80000,0x00000000d8080000)
 ParOldGen       total 87552K, used 10673K [0x0000000081000000, 0x0000000086580000, 0x00000000d5b00000)
  object space 87552K, 12% used [0x0000000081000000,0x0000000081a6c6e8,0x0000000086580000)
 Metaspace       used 16941K, capacity 17624K, committed 17664K, reserved 1064960K
  class space    used 2350K, capacity 2522K, committed 2560K, reserved 1048576K
}
Event: 5.022 GC heap before
{Heap before GC invocations=3 (full 0):
 PSYoungGen      total 38400K, used 38393K [0x00000000d5b00000, 0x00000000d8580000, 0x0000000100000000)
  eden space 33280K, 100% used [0x00000000d5b00000,0x00000000d7b80000,0x00000000d7b80000)
  from space 5120K, 99% used [0x00000000d8080000,0x00000000d857e590,0x00000000d8580000)
  to   space 5120K, 0% used [0x00000000d7b80000,0x00000000d7b80000,0x00000000d8080000)
 ParOldGen       total 87552K, used 10673K [0x0000000081000000, 0x0000000086580000, 0x00000000d5b00000)
  object space 87552K, 12% used [0x0000000081000000,0x0000000081a6c6e8,0x0000000086580000)
 Metaspace       used 19010K, capacity 19986K, committed 20096K, reserved 1067008K
  class space    used 2679K, capacity 2881K, committed 2944K, reserved 1048576K
Event: 5.041 GC heap after
Heap after GC invocations=3 (full 0):
 PSYoungGen      total 38400K, used 5049K [0x00000000d5b00000, 0x00000000d8580000, 0x0000000100000000)
  eden space 33280K, 0% used [0x00000000d5b00000,0x00000000d5b00000,0x00000000d7b80000)
  from space 5120K, 98% used [0x00000000d7b80000,0x00000000d806e750,0x00000000d8080000)
  to   space 5120K, 0% used [0x00000000d8080000,0x00000000d8080000,0x00000000d8580000)
 ParOldGen       total 87552K, used 12394K [0x0000000081000000, 0x0000000086580000, 0x00000000d5b00000)
  object space 87552K, 14% used [0x0000000081000000,0x0000000081c1abf8,0x0000000086580000)
 Metaspace       used 19010K, capacity 19986K, committed 20096K, reserved 1067008K
  class space    used 2679K, capacity 2881K, committed 2944K, reserved 1048576K
}
Event: 6.258 GC heap before
{Heap before GC invocations=4 (full 0):
 PSYoungGen      total 38400K, used 16826K [0x00000000d5b00000, 0x00000000d8580000, 0x0000000100000000)
  eden space 33280K, 35% used [0x00000000d5b00000,0x00000000d6680130,0x00000000d7b80000)
  from space 5120K, 98% used [0x00000000d7b80000,0x00000000d806e750,0x00000000d8080000)
  to   space 5120K, 0% used [0x00000000d8080000,0x00000000d8080000,0x00000000d8580000)
 ParOldGen       total 87552K, used 12394K [0x0000000081000000, 0x0000000086580000, 0x00000000d5b00000)
  object space 87552K, 14% used [0x0000000081000000,0x0000000081c1abf8,0x0000000086580000)
 Metaspace       used 20237K, capacity 21250K, committed 21296K, reserved 1067008K
  class space    used 2889K, capacity 3107K, committed 3120K, reserved 1048576K
Event: 6.264 GC heap after
Heap after GC invocations=4 (full 0):
 PSYoungGen      total 38400K, used 5095K [0x00000000d5b00000, 0x00000000d8580000, 0x0000000100000000)
  eden space 33280K, 0% used [0x00000000d5b00000,0x00000000d5b00000,0x00000000d7b80000)
  from space 5120K, 99% used [0x00000000d8080000,0x00000000d8579cd0,0x00000000d8580000)
  to   space 5120K, 0% used [0x00000000d7b80000,0x00000000d7b80000,0x00000000d8080000)
 ParOldGen       total 87552K, used 12946K [0x0000000081000000, 0x0000000086580000, 0x00000000d5b00000)
  object space 87552K, 14% used [0x0000000081000000,0x0000000081ca48d8,0x0000000086580000)
 Metaspace       used 20237K, capacity 21250K, committed 21296K, reserved 1067008K
  class space    used 2889K, capacity 3107K, committed 3120K, reserved 1048576K
}
Event: 6.264 GC heap before
{Heap before GC invocations=5 (full 1):
 PSYoungGen      total 38400K, used 5095K [0x00000000d5b00000, 0x00000000d8580000, 0x0000000100000000)
  eden space 33280K, 0% used [0x00000000d5b00000,0x00000000d5b00000,0x00000000d7b80000)
  from space 5120K, 99% used [0x00000000d8080000,0x00000000d8579cd0,0x00000000d8580000)
  to   space 5120K, 0% used [0x00000000d7b80000,0x00000000d7b80000,0x00000000d8080000)
 ParOldGen       total 87552K, used 12946K [0x0000000081000000, 0x0000000086580000, 0x00000000d5b00000)
  object space 87552K, 14% used [0x0000000081000000,0x0000000081ca48d8,0x0000000086580000)
 Metaspace       used 20237K, capacity 21250K, committed 21296K, reserved 1067008K
  class space    used 2889K, capacity 3107K, committed 3120K, reserved 1048576K
Event: 6.303 GC heap after
Heap after GC invocations=5 (full 1):
 PSYoungGen      total 38400K, used 0K [0x00000000d5b00000, 0x00000000d8580000, 0x0000000100000000)
  eden space 33280K, 0% used [0x00000000d5b00000,0x00000000d5b00000,0x00000000d7b80000)
  from space 5120K, 0% used [0x00000000d8080000,0x00000000d8080000,0x00000000d8580000)
  to   space 5120K, 0% used [0x00000000d7b80000,0x00000000d7b80000,0x00000000d8080000)
 ParOldGen       total 77824K, used 16357K [0x0000000081000000, 0x0000000085c00000, 0x00000000d5b00000)
  object space 77824K, 21% used [0x0000000081000000,0x0000000081ff9528,0x0000000085c00000)
 Metaspace       used 20237K, capacity 21250K, committed 21296K, reserved 1067008K
  class space    used 2889K, capacity 3107K, committed 3120K, reserved 1048576K
}
Event: 7.486 GC heap before
{Heap before GC invocations=6 (full 1):
 PSYoungGen      total 38400K, used 33280K [0x00000000d5b00000, 0x00000000d8580000, 0x0000000100000000)
  eden space 33280K, 100% used [0x00000000d5b00000,0x00000000d7b80000,0x00000000d7b80000)
  from space 5120K, 0% used [0x00000000d8080000,0x00000000d8080000,0x00000000d8580000)
  to   space 5120K, 0% used [0x00000000d7b80000,0x00000000d7b80000,0x00000000d8080000)
 ParOldGen       total 77824K, used 16357K [0x0000000081000000, 0x0000000085c00000, 0x00000000d5b00000)
  object space 77824K, 21% used [0x0000000081000000,0x0000000081ff9528,0x0000000085c00000)
 Metaspace       used 23656K, capacity 25446K, committed 25648K, reserved 1071104K
  class space    used 3462K, capacity 3779K, committed 3888K, reserved 1048576K
Event: 7.497 GC heap after
Heap after GC invocations=6 (full 1):
 PSYoungGen      total 38400K, used 5102K [0x00000000d5b00000, 0x00000000dab00000, 0x0000000100000000)
  eden space 33280K, 0% used [0x00000000d5b00000,0x00000000d5b00000,0x00000000d7b80000)
  from space 5120K, 99% used [0x00000000d7b80000,0x00000000d807b8d0,0x00000000d8080000)
  to   space 15360K, 0% used [0x00000000d9c00000,0x00000000d9c00000,0x00000000dab00000)
 ParOldGen       total 77824K, used 19889K [0x0000000081000000, 0x0000000085c00000, 0x00000000d5b00000)
  object space 77824K, 25% used [0x0000000081000000,0x000000008236c538,0x0000000085c00000)
 Metaspace       used 23656K, capacity 25446K, committed 25648K, reserved 1071104K
  class space    used 3462K, capacity 3779K, committed 3888K, reserved 1048576K
}

Deoptimization events (10 events):
Event: 7.332 Thread 0x0000000019b84800 Uncommon trap: reason=unstable_if action=reinterpret pc=0x0000000003a0bda0 method=javafx.scene.CssStyleHelper.resolveRef(Ljavafx/css/Styleable;Ljava/lang/String;Lcom/sun/javafx/css/StyleMap;Ljava/util/Set;)Lcom/sun/javafx/css/CascadingStyle; @ 66
Event: 7.518 Thread 0x0000000019942000 Uncommon trap: reason=bimorphic action=maybe_recompile pc=0x00000000035b25b0 method=java.io.BufferedInputStream.read1([BII)I @ 39
Event: 7.518 Thread 0x0000000019942000 Uncommon trap: reason=unstable_if action=reinterpret pc=0x00000000035b23e0 method=java.io.BufferedInputStream.read1([BII)I @ 60
Event: 7.715 Thread 0x0000000019942000 Uncommon trap: reason=class_check action=maybe_recompile pc=0x00000000039e8ae8 method=java.util.WeakHashMap.eq(Ljava/lang/Object;Ljava/lang/Object;)Z @ 7
Event: 7.715 Thread 0x0000000019942000 Uncommon trap: reason=class_check action=maybe_recompile pc=0x00000000039e8ae8 method=java.util.WeakHashMap.eq(Ljava/lang/Object;Ljava/lang/Object;)Z @ 7
Event: 7.727 Thread 0x0000000019942000 Uncommon trap: reason=class_check action=maybe_recompile pc=0x00000000039e8ae8 method=java.util.WeakHashMap.eq(Ljava/lang/Object;Ljava/lang/Object;)Z @ 7
Event: 7.729 Thread 0x0000000019942000 Uncommon trap: reason=class_check action=maybe_recompile pc=0x00000000039e8ae8 method=java.util.WeakHashMap.eq(Ljava/lang/Object;Ljava/lang/Object;)Z @ 7
Event: 7.989 Thread 0x0000000019b84800 Uncommon trap: reason=unstable_if action=reinterpret pc=0x00000000032728c0 method=java.lang.CharacterData.of(I)Ljava/lang/CharacterData; @ 4
Event: 8.037 Thread 0x0000000019b84800 Uncommon trap: reason=unstable_if action=reinterpret pc=0x0000000003ac5fd4 method=javafx.scene.Node.impl_isDirtyEmpty()Z @ 4
Event: 8.067 Thread 0x0000000019b84800 Uncommon trap: reason=unstable_if action=reinterpret pc=0x00000000034800a8 method=jdk.internal.org.objectweb.asm.Type.getArgumentsAndReturnSizes(Ljava/lang/String;)I @ 47

Internal exceptions (10 events):
Event: 2.864 Thread 0x0000000019b84800 Implicit null exception at 0x000000000340cadb to 0x000000000340d4a9
Event: 2.869 Thread 0x0000000019b84800 Implicit null exception at 0x0000000003423cdb to 0x00000000034246a9
Event: 3.051 Thread 0x0000000019b84800 Implicit null exception at 0x00000000032fc196 to 0x00000000032fc539
Event: 3.232 Thread 0x0000000019b84800 Exception <a 'java/lang/ArrayIndexOutOfBoundsException': 57> (0x00000000d5fbd6e0) thrown at [C:\re\workspace\8-2-build-windows-amd64-cygwin\jdk8u121\8372\hotspot\src\share\vm\interpreter\interpreterRuntime.cpp, line 366]
Event: 4.244 Thread 0x0000000019b84800 Implicit null exception at 0x0000000003390175 to 0x0000000003390391
Event: 4.244 Thread 0x0000000019b84800 Implicit null exception at 0x00000000034aa558 to 0x00000000034aa5e6
Event: 5.541 Thread 0x0000000019b84800 Exception <a 'java/lang/NullPointerException'> (0x00000000d635b650) thrown at [C:\re\workspace\8-2-build-windows-amd64-cygwin\jdk8u121\8372\hotspot\src\share\vm\interpreter\linkResolver.cpp, line 1280]
Event: 5.541 Thread 0x0000000019b84800 Exception <a 'java/lang/reflect/InvocationTargetException'> (0x00000000d635b858) thrown at [C:\re\workspace\8-2-build-windows-amd64-cygwin\jdk8u121\8372\hotspot\src\share\vm\runtime\reflection.cpp, line 1092]
Event: 6.625 Thread 0x0000000019b84800 Implicit null exception at 0x00000000038cbd1a to 0x00000000038cc529
Event: 9.541 Thread 0x000000001a087000 Exception <a 'java/lang/IllegalStateException'> (0x00000000d66ca688) thrown at [C:\re\workspace\8-2-build-windows-amd64-cygwin\jdk8u121\8372\hotspot\src\share\vm\prims\jvm.cpp, line 1394]

Events (10 events):
Event: 9.536 loading class java/util/IdentityHashMap$KeyIterator done
Event: 9.537 Thread 0x0000000023e82800 Thread added: 0x0000000023e82800
Event: 9.538 Thread 0x000000001a087000 Thread added: 0x000000001a087000
Event: 9.539 loading class com/sun/javafx/tk/quantum/QuantumRenderer
Event: 9.539 loading class com/sun/javafx/tk/quantum/QuantumRenderer done
Event: 9.539 Thread 0x0000000023e82800 Thread exited: 0x0000000023e82800
Event: 9.540 loading class com/sun/javafx/tk/quantum/QuantumToolkit
Event: 9.540 loading class com/sun/javafx/tk/quantum/QuantumToolkit done
Event: 9.542 Thread 0x000000001a087000 Thread exited: 0x000000001a087000
Event: 9.542 Executing VM operation: Exit


Dynamic libraries:
0x00007ff7c1100000 - 0x00007ff7c1137000 	C:\Program Files\Java\jdk1.8.0_121\bin\javaw.exe
0x00007ffee32b0000 - 0x00007ffee348b000 	C:\WINDOWS\SYSTEM32\ntdll.dll
0x00007ffee1420000 - 0x00007ffee14ce000 	C:\WINDOWS\System32\KERNEL32.DLL
0x00007ffee01c0000 - 0x00007ffee0409000 	C:\WINDOWS\System32\KERNELBASE.dll
0x00007ffee3000000 - 0x00007ffee30a1000 	C:\WINDOWS\System32\ADVAPI32.dll
0x00007ffee2db0000 - 0x00007ffee2e4d000 	C:\WINDOWS\System32\msvcrt.dll
0x00007ffee3130000 - 0x00007ffee3189000 	C:\WINDOWS\System32\sechost.dll
0x00007ffee0870000 - 0x00007ffee0995000 	C:\WINDOWS\System32\RPCRT4.dll
0x00007ffee12d0000 - 0x00007ffee141a000 	C:\WINDOWS\System32\USER32.dll
0x00007ffee0650000 - 0x00007ffee066e000 	C:\WINDOWS\System32\win32u.dll
0x00007ffee2a70000 - 0x00007ffee2a97000 	C:\WINDOWS\System32\GDI32.dll
0x00007ffedff20000 - 0x00007ffee00a8000 	C:\WINDOWS\System32\gdi32full.dll
0x00007ffee0670000 - 0x00007ffee070a000 	C:\WINDOWS\System32\msvcp_win.dll
0x00007ffee0710000 - 0x00007ffee0806000 	C:\WINDOWS\System32\ucrtbase.dll
0x00007ffed4110000 - 0x00007ffed4377000 	C:\WINDOWS\WinSxS\amd64_microsoft.windows.common-controls_6595b64144ccf1df_6.0.15063.483_none_26002d27e7c744a2\COMCTL32.dll
0x00007ffee0b90000 - 0x00007ffee0e89000 	C:\WINDOWS\System32\combase.dll
0x00007ffee05e0000 - 0x00007ffee064a000 	C:\WINDOWS\System32\bcryptPrimitives.dll
0x00007ffee0b60000 - 0x00007ffee0b8d000 	C:\WINDOWS\System32\IMM32.DLL
0x000000005bb70000 - 0x000000005bc42000 	C:\Program Files\Java\jdk1.8.0_121\jre\bin\msvcr100.dll
0x000000005bd30000 - 0x000000005c5cb000 	C:\Program Files\Java\jdk1.8.0_121\jre\bin\server\jvm.dll
0x00007ffee3190000 - 0x00007ffee3198000 	C:\WINDOWS\System32\PSAPI.DLL
0x00007ffedd0e0000 - 0x00007ffedd103000 	C:\WINDOWS\SYSTEM32\WINMM.dll
0x00007ffeddb20000 - 0x00007ffeddb2a000 	C:\WINDOWS\SYSTEM32\VERSION.dll
0x00007ffedd080000 - 0x00007ffedd0ab000 	C:\WINDOWS\SYSTEM32\winmmbase.dll
0x00007ffecfe10000 - 0x00007ffecfe19000 	C:\WINDOWS\SYSTEM32\WSOCK32.dll
0x00007ffee30c0000 - 0x00007ffee312c000 	C:\WINDOWS\System32\WS2_32.dll
0x00007ffedfed0000 - 0x00007ffedff19000 	C:\WINDOWS\System32\cfgmgr32.dll
0x000000005bd20000 - 0x000000005bd2f000 	C:\Program Files\Java\jdk1.8.0_121\jre\bin\verify.dll
0x000000005bcf0000 - 0x000000005bd19000 	C:\Program Files\Java\jdk1.8.0_121\jre\bin\java.dll
0x000000005bcd0000 - 0x000000005bce6000 	C:\Program Files\Java\jdk1.8.0_121\jre\bin\zip.dll
0x00007ffee1630000 - 0x00007ffee2a67000 	C:\WINDOWS\System32\SHELL32.dll
0x00007ffee3200000 - 0x00007ffee32aa000 	C:\WINDOWS\System32\shcore.dll
0x00007ffedf7d0000 - 0x00007ffedfec2000 	C:\WINDOWS\System32\windows.storage.dll
0x00007ffee09a0000 - 0x00007ffee09f1000 	C:\WINDOWS\System32\shlwapi.dll
0x00007ffedf740000 - 0x00007ffedf751000 	C:\WINDOWS\System32\kernel.appcore.dll
0x00007ffedf780000 - 0x00007ffedf7cc000 	C:\WINDOWS\System32\powrprof.dll
0x00007ffedf720000 - 0x00007ffedf735000 	C:\WINDOWS\System32\profapi.dll
0x00007ffecbdb0000 - 0x00007ffecbe9f000 	C:\Program Files\Java\jdk1.8.0_121\jre\bin\msvcr120.dll
0x00007ffecba00000 - 0x00007ffecbaa6000 	C:\Program Files\Java\jdk1.8.0_121\jre\bin\msvcp120.dll
0x000000005bb40000 - 0x000000005bb62000 	C:\Program Files\Java\jdk1.8.0_121\jre\bin\prism_d3d.dll
0x00007ffea01a0000 - 0x00007ffea0329000 	C:\WINDOWS\system32\d3d9.dll
0x00007ffedbcd0000 - 0x00007ffedbcfa000 	C:\WINDOWS\SYSTEM32\dwmapi.dll
0x00007ffedd550000 - 0x00007ffedd5e5000 	C:\WINDOWS\system32\uxtheme.dll
0x00007ffee14d0000 - 0x00007ffee1590000 	C:\WINDOWS\System32\OLEAUT32.dll
0x00007ffee0a00000 - 0x00007ffee0b45000 	C:\WINDOWS\System32\ole32.dll
0x000000005baf0000 - 0x000000005bb33000 	C:\Program Files\Java\jdk1.8.0_121\jre\bin\glass.dll
0x00007ffee2e50000 - 0x00007ffee2f58000 	C:\WINDOWS\System32\COMDLG32.dll
0x00007ffee2c40000 - 0x00007ffee2da6000 	C:\WINDOWS\System32\MSCTF.dll
0x000000005bad0000 - 0x000000005bae4000 	C:\Program Files\Java\jdk1.8.0_121\jre\bin\javafx_font.dll
0x00007ffed13a0000 - 0x00007ffed165f000 	C:\WINDOWS\SYSTEM32\dwrite.dll
0x000000005bc60000 - 0x000000005bc84000 	C:\Program Files\Java\jdk1.8.0_121\jre\bin\sunec.dll
0x000000005bcb0000 - 0x000000005bcca000 	C:\Program Files\Java\jdk1.8.0_121\jre\bin\net.dll
0x00007ffedeca0000 - 0x00007ffedecfc000 	C:\WINDOWS\system32\mswsock.dll
0x00007ffedea40000 - 0x00007ffedea77000 	C:\WINDOWS\SYSTEM32\IPHLPAPI.DLL
0x00007ffee30b0000 - 0x00007ffee30b8000 	C:\WINDOWS\System32\NSI.dll
0x00007ffed5ae0000 - 0x00007ffed5af6000 	C:\WINDOWS\SYSTEM32\dhcpcsvc6.DLL
0x00007ffed5be0000 - 0x00007ffed5bfa000 	C:\WINDOWS\SYSTEM32\dhcpcsvc.DLL
0x000000005bc90000 - 0x000000005bca1000 	C:\Program Files\Java\jdk1.8.0_121\jre\bin\nio.dll
0x00007ffee1590000 - 0x00007ffee162e000 	C:\WINDOWS\System32\clbcatq.dll
0x00007ffed9bb0000 - 0x00007ffed9d5c000 	C:\WINDOWS\SYSTEM32\WindowsCodecs.dll
0x00007ffebaa40000 - 0x00007ffebaa87000 	C:\WINDOWS\system32\dataexchange.dll
0x00007ffedc440000 - 0x00007ffedc71f000 	C:\WINDOWS\system32\d3d11.dll
0x00007ffeddb70000 - 0x00007ffeddc14000 	C:\WINDOWS\system32\dxgi.dll
0x00007ffedbd00000 - 0x00007ffedbe22000 	C:\WINDOWS\system32\dcomp.dll
0x00007ffedd660000 - 0x00007ffedd7d0000 	C:\WINDOWS\system32\twinapi.appcore.dll
0x00007ffedf5f0000 - 0x00007ffedf615000 	C:\WINDOWS\system32\bcrypt.dll
0x00007ffecbce0000 - 0x00007ffecbd11000 	C:\Program Files\Common Files\Microsoft Shared\Ink\rtscom.dll
0x00007ffed5c60000 - 0x00007ffed5ce2000 	C:\WINDOWS\System32\TextInputFramework.dll
0x00007ffedcd00000 - 0x00007ffedcde3000 	C:\WINDOWS\System32\CoreMessaging.dll
0x00007ffed97e0000 - 0x00007ffed9ab2000 	C:\WINDOWS\System32\CoreUIComponents.dll
0x00007ffede6f0000 - 0x00007ffede721000 	C:\WINDOWS\SYSTEM32\ntmarta.dll
0x00007ffedb4b0000 - 0x00007ffedb5e9000 	C:\WINDOWS\SYSTEM32\wintypes.dll
0x00007ffedb360000 - 0x00007ffedb375000 	C:\WINDOWS\SYSTEM32\usermgrcli.dll
0x000000005baa0000 - 0x000000005bac3000 	C:\Program Files\Java\jdk1.8.0_121\jre\bin\javafx_iio.dll
0x000000005ba80000 - 0x000000005ba91000 	C:\Program Files\Java\jdk1.8.0_121\jre\bin\prism_common.dll
0x00007ffedf260000 - 0x00007ffedf409000 	C:\WINDOWS\SYSTEM32\dbghelp.dll

VM Arguments:
jvm_args: -Dfile.encoding=UTF-8 
java_command: com.jeeves.vpl.Main
java_class_path (initial): C:\Users\Daniel\workspace\JeevesMaven\target\classes;C:\Users\Daniel\workspace\JeevesMaven\poi-3.15.jar;C:\Users\Daniel\workspace\JeevesMaven\commons-lang3-3.5.jar;C:\Users\Daniel\workspace\JeevesMaven\controlsfx-8.40.12.jar;C:\Users\Daniel\.m2\repository\commons-codec\commons-codec\1.9\commons-codec-1.9.jar;C:\Users\Daniel\.m2\repository\commons-validator\commons-validator\1.4.1\commons-validator-1.4.1.jar;C:\Users\Daniel\.m2\repository\commons-beanutils\commons-beanutils\1.8.3\commons-beanutils-1.8.3.jar;C:\Users\Daniel\.m2\repository\commons-digester\commons-digester\1.8.1\commons-digester-1.8.1.jar;C:\Users\Daniel\.m2\repository\commons-logging\commons-logging\1.2\commons-logging-1.2.jar;C:\Users\Daniel\.m2\repository\commons-collections\commons-collections\3.2.1\commons-collections-3.2.1.jar;C:\Users\Daniel\.m2\repository\org\apache\shiro\shiro-core\1.3.2\shiro-core-1.3.2.jar;C:\Users\Daniel\.m2\repository\org\slf4j\slf4j-api\1.6.4\slf4j-api-1.6.4.jar;C:\Users\Daniel\.m2\repository\com\google\firebase\firebase-admin\5.1.0\firebase-admin-5.1.0.jar;C:\Users\Daniel\.m2\repository\com\google\api-client\google-api-client\1.22.0\google-api-client-1.22.0.jar;C:\Users\Daniel\.m2\repository\com\google\oauth-client\google-oauth-client\1.22.0\google-oauth-client-1.22.0.jar;C:\Users\Daniel\.m2\repository\com\google\http-client\google-http-client-jackson2\1.22.0\google-http-client-jackson2-1.22.0.jar;C:\Users\Daniel\.m2\repository\com\fasterxml\jackson\core\jackson-core\2.1.3\jackson-core-2.1.3.jar;C:\Users\Daniel\.m2\repository\com\google\api-client\google-api-client-gson\1.22.0\google-api-client-gson-1.22.0.jar;C:\Users\Daniel\.m2\repository\com\google\http-client\google-http-client-gson\1.22.0\google-http-client-gson-1.22.0.jar;C:\Users\Daniel\.m2\repository\com\google\code\gson\gson\2.1\gson-2.1.jar;C:\Users\Daniel\.m2\repository\com\google\http-client\google-http-client\1.22.0\google-http-client-1.22.0.jar;C:\Users\Daniel\.m2\repository\com
Launcher Type: SUN_STANDARD

Environment Variables:
JAVA_HOME=C:\Program Files\Java\jdk1.8.0_121
CLASSPATH=.
USERNAME=Daniel
OS=Windows_NT
PROCESSOR_IDENTIFIER=Intel64 Family 6 Model 69 Stepping 1, GenuineIntel



---------------  S Y S T E M  ---------------

OS: Windows 10.0 , 64 bit Build 15063 (10.0.15063.296)

CPU:total 4 (2 cores per cpu, 2 threads per core) family 6 model 69 stepping 1, cmov, cx8, fxsr, mmx, sse, sse2, sse3, ssse3, sse4.1, sse4.2, popcnt, avx, avx2, aes, clmul, erms, lzcnt, ht, tsc, tscinvbit, bmi1, bmi2

Memory: 4k page, physical 8317080k(2979380k free), swap 14436084k(5830316k free)

vm_info: Java HotSpot(TM) 64-Bit Server VM (25.121-b13) for windows-amd64 JRE (1.8.0_121-b13), built on Dec 12 2016 18:21:36 by "java_re" with MS VC++ 10.0 (VS2010)

time: Mon Aug 07 22:29:51 2017
elapsed time: 10 seconds (0d 0h 0m 10s)

