#
# A fatal error has been detected by the Java Runtime Environment:
#
#  EXCEPTION_ACCESS_VIOLATION (0xc0000005) at pc=0x000000006f7078b0, pid=10228, tid=0x0000000000003370
#
# JRE version: Java(TM) SE Runtime Environment (8.0_151-b12) (build 1.8.0_151-b12)
# Java VM: Java HotSpot(TM) 64-Bit Server VM (25.151-b12 mixed mode windows-amd64 compressed oops)
# Problematic frame:
# C  [glass.dll+0x278b0]
#
# Failed to write core dump. Minidumps are not enabled by default on client versions of Windows
#
# If you would like to submit a bug report, please visit:
#   http://bugreport.java.com/bugreport/crash.jsp
#

---------------  T H R E A D  ---------------

Current thread (0x00000000194b7800):  VMThread [stack: 0x000000001a560000,0x000000001a660000] [id=13168]

siginfo: ExceptionCode=0xc0000005, reading address 0x0000000000000000

Registers:
RAX=0x0000000000000000, RBX=0x000000001b2fbbd8, RCX=0x00000000194b7800, RDX=0x0000000070a6c658
RSP=0x000000001a65f690, RBP=0x0000000002ab5728, RSI=0x0000000002ab5700, RDI=0x0000ef7aac0c8751
R8 =0x0000000000010002, R9 =0x0000000000000011, R10=0x0000ef7aac0c8751, R11=0x000000001a65f590
R12=0x0000000000000000, R13=0x0000000000000040, R14=0x000000001a65f7a8, R15=0x0000000002ab5700
RIP=0x000000006f7078b0, EFLAGS=0x0000000000010206

Top of Stack: (sp=0x000000001a65f690)
0x000000001a65f690:   0000000000000000 00007ffeb7e8d00b
0x000000001a65f6a0:   0000000002ab5710 0000000002ab5710
0x000000001a65f6b0:   fffffffffffffffe 0000000002ab5728
0x000000001a65f6c0:   0000000002ab5708 00007ffeb7e985f3
0x000000001a65f6d0:   000000006f71c1b0 00007ffe00000000
0x000000001a65f6e0:   0000000000000000 0000000000000000
0x000000001a65f6f0:   fffffffffffffffe 0000000000000000
0x000000001a65f700:   0000000000000001 000000006f6e0000
0x000000001a65f710:   0000000004851638 000000006f7048dc
0x000000001a65f720:   000000001a65f798 00007ffeb7e8d157
0x000000001a65f730:   0000000000000000 000000001a65f7a8
0x000000001a65f740:   00000000193c5500 00007ffeb7f670e0
0x000000001a65f750:   0000000000000000 00007ffeb7e916ee
0x000000001a65f760:   0000000000000000 0000000000000001
0x000000001a65f770:   0000000000000001 000000001a65f798
0x000000001a65f780:   0000000000000000 000000006f704752 

Instructions: (pc=0x000000006f7078b0)
0x000000006f707890:   40 53 48 83 ec 30 48 c7 44 24 20 fe ff ff ff 48
0x000000006f7078a0:   8b 1d 7a 72 01 00 48 85 db 74 16 e8 00 81 ff ff
0x000000006f7078b0:   4c 8b 00 48 8b d3 48 8b c8 41 ff 90 b0 00 00 00
0x000000006f7078c0:   90 48 83 c4 30 5b c3 cc cc cc cc cc cc cc cc cc 


Register to memory mapping:

RAX=0x0000000000000000 is an unknown value
RBX=0x000000001b2fbbd8 is a global jni handle
RCX=0x00000000194b7800 is an unknown value
RDX=0x0000000070a6c658 is an unknown value
RSP=0x000000001a65f690 is an unknown value
RBP=0x0000000002ab5728 is an unknown value
RSI=0x0000000002ab5700 is an unknown value
RDI=0x0000ef7aac0c8751 is an unknown value
R8 =0x0000000000010002 is an unknown value
R9 =0x0000000000000011 is an unknown value
R10=0x0000ef7aac0c8751 is an unknown value
R11=0x000000001a65f590 is an unknown value
R12=0x0000000000000000 is an unknown value
R13=0x0000000000000040 is an unknown value
R14=0x000000001a65f7a8 is an unknown value
R15=0x0000000002ab5700 is an unknown value


Stack: [0x000000001a560000,0x000000001a660000],  sp=0x000000001a65f690,  free space=1021k
Native frames: (J=compiled Java code, j=interpreted, Vv=VM code, C=native code)
C  [glass.dll+0x278b0]
C  [ucrtbase.dll+0x185f3]
C  [ucrtbase.dll+0xd157]
C  [ucrtbase.dll+0x116ee]
C  [glass.dll+0x24752]
C  [glass.dll+0x24850]
C  [ntdll.dll+0x11493]
C  [ntdll.dll+0x406b5]
C  [ntdll.dll+0x40574]
C  [KERNEL32.DLL+0xf06a]
C  [msvcr100.dll+0x20ccd]
V  [jvm.dll+0x212a95]
V  [jvm.dll+0x24b9a7]
V  [jvm.dll+0x24ac46]
V  [jvm.dll+0x24b0e1]
V  [jvm.dll+0x24b2fe]
V  [jvm.dll+0x29c3ea]
C  [msvcr100.dll+0x21d9f]
C  [msvcr100.dll+0x21e3b]
C  [KERNEL32.DLL+0x11fe4]
C  [ntdll.dll+0x6efb1]

VM_Operation (0x000000001c3aa8c0): Exit, mode: safepoint, requested by thread 0x000000001b785800


---------------  P R O C E S S  ---------------

Java Threads: ( => current thread )
  0x0000000020f0d000 JavaThread "Prism Font Disposer" daemon [_thread_blocked, id=10852, stack(0x0000000023930000,0x0000000023a30000)]
  0x000000001b816000 JavaThread "JavaFX-Launcher" [_thread_blocked, id=8016, stack(0x0000000020a40000,0x0000000020b40000)]
  0x000000001b7fc800 JavaThread "Thread-2" daemon [_thread_in_native, id=13924, stack(0x0000000020940000,0x0000000020a40000)]
  0x000000001b785800 JavaThread "JavaFX Application Thread" [_thread_blocked, id=13536, stack(0x000000001c2b0000,0x000000001c3b0000)]
  0x000000001b793800 JavaThread "Thread-1" daemon [_thread_blocked, id=12444, stack(0x000000001c1b0000,0x000000001c2b0000)]
  0x000000001b759800 JavaThread "QuantumRenderer-0" daemon [_thread_blocked, id=7560, stack(0x000000001bf50000,0x000000001c050000)]
  0x000000001af8c000 JavaThread "Service Thread" daemon [_thread_blocked, id=13680, stack(0x000000001b350000,0x000000001b450000)]
  0x00000000194ff000 JavaThread "C1 CompilerThread2" daemon [_thread_blocked, id=7592, stack(0x000000001ae50000,0x000000001af50000)]
  0x00000000194f6800 JavaThread "C2 CompilerThread1" daemon [_thread_blocked, id=5904, stack(0x000000001ad50000,0x000000001ae50000)]
  0x00000000194f3800 JavaThread "C2 CompilerThread0" daemon [_thread_blocked, id=11992, stack(0x000000001ac50000,0x000000001ad50000)]
  0x00000000194f2000 JavaThread "Attach Listener" daemon [_thread_blocked, id=14044, stack(0x000000001ab50000,0x000000001ac50000)]
  0x00000000194f1000 JavaThread "Signal Dispatcher" daemon [_thread_blocked, id=6940, stack(0x000000001aa50000,0x000000001ab50000)]
  0x00000000194da800 JavaThread "Finalizer" daemon [_thread_blocked, id=14040, stack(0x000000001a760000,0x000000001a860000)]
  0x0000000004953000 JavaThread "Reference Handler" daemon [_thread_blocked, id=1252, stack(0x000000001a660000,0x000000001a760000)]
  0x0000000004864000 JavaThread "main" [_thread_blocked, id=13764, stack(0x00000000046d0000,0x00000000047d0000)]

Other Threads:
=>0x00000000194b7800 VMThread [stack: 0x000000001a560000,0x000000001a660000] [id=13168]

VM state:at safepoint (shutting down)

VM Mutex/Monitor currently owned by a thread:  ([mutex/lock_event])
[0x0000000004861650] Threads_lock - owner thread: 0x00000000194b7800

Heap:
 PSYoungGen      total 70144K, used 19503K [0x00000000d5b00000, 0x00000000dd100000, 0x0000000100000000)
  eden space 57344K, 11% used [0x00000000d5b00000,0x00000000d6190050,0x00000000d9300000)
  from space 12800K, 99% used [0x00000000d9300000,0x00000000d9f7be30,0x00000000d9f80000)
  to   space 17920K, 0% used [0x00000000dbf80000,0x00000000dbf80000,0x00000000dd100000)
 ParOldGen       total 71168K, used 26455K [0x0000000081000000, 0x0000000085580000, 0x00000000d5b00000)
  object space 71168K, 37% used [0x0000000081000000,0x00000000829d5f30,0x0000000085580000)
 Metaspace       used 27126K, capacity 29066K, committed 29184K, reserved 1075200K
  class space    used 3990K, capacity 4325K, committed 4352K, reserved 1048576K

Card table byte_map: [0x0000000013d20000,0x0000000014120000] byte_map_base: 0x0000000013918000

Marking Bits: (ParMarkBitMap*) 0x0000000070c5d850
 Begin Bits: [0x00000000147d0000, 0x0000000016790000)
 End Bits:   [0x0000000016790000, 0x0000000018750000)

Polling page: 0x0000000002ea0000

CodeCache: size=245760Kb used=13432Kb max_used=13445Kb free=232327Kb
 bounds [0x0000000004960000, 0x0000000005690000, 0x0000000013960000]
 total_blobs=5140 nmethods=4400 adapters=650
 compilation: enabled

Compilation events (10 events):
Event: 18.648 Thread 0x00000000194ff000 4701       3       com.sun.javafx.tk.quantum.QuantumToolkit::getMultiClickMaxX (4 bytes)
Event: 18.648 Thread 0x00000000194ff000 nmethod 4701 0x0000000005689a10 code [0x0000000005689ba0, 0x0000000005689e98]
Event: 18.648 Thread 0x00000000194ff000 4702       3       com.sun.glass.ui.View::getMultiClickMaxX (10 bytes)
Event: 18.649 Thread 0x00000000194ff000 nmethod 4702 0x0000000005689fd0 code [0x000000000568a140, 0x000000000568a3d8]
Event: 18.649 Thread 0x00000000194ff000 4703       3       com.sun.glass.ui.win.WinApplication::staticView_getMultiClickMaxX (4 bytes)
Event: 18.649 Thread 0x00000000194ff000 nmethod 4703 0x000000000568a4d0 code [0x000000000568a620, 0x000000000568a7d0]
Event: 18.649 Thread 0x00000000194ff000 4704       1       javafx.scene.input.MouseEvent::getPickResult (5 bytes)
Event: 18.649 Thread 0x00000000194ff000 nmethod 4704 0x000000000568a890 code [0x000000000568a9e0, 0x000000000568aaf0]
Event: 18.799 Thread 0x00000000194f6800 4705   !   4       java.util.zip.ZipFile$ZipFileInputStream::read (131 bytes)
Event: 18.809 Thread 0x00000000194f6800 nmethod 4705 0x000000000568dd50 code [0x000000000568dec0, 0x000000000568e4b8]

GC Heap History (10 events):
Event: 11.941 GC heap before
{Heap before GC invocations=6 (full 1):
 PSYoungGen      total 37888K, used 5113K [0x00000000d5b00000, 0x00000000d9500000, 0x0000000100000000)
  eden space 32768K, 0% used [0x00000000d5b00000,0x00000000d5b00000,0x00000000d7b00000)
  from space 5120K, 99% used [0x00000000d7b80000,0x00000000d807e590,0x00000000d8080000)
  to   space 13312K, 0% used [0x00000000d8800000,0x00000000d8800000,0x00000000d9500000)
 ParOldGen       total 87552K, used 14163K [0x0000000081000000, 0x0000000086580000, 0x00000000d5b00000)
  object space 87552K, 16% used [0x0000000081000000,0x0000000081dd4f40,0x0000000086580000)
 Metaspace       used 20299K, capacity 21222K, committed 21296K, reserved 1067008K
  class space    used 2956K, capacity 3169K, committed 3200K, reserved 1048576K
Event: 11.987 GC heap after
Heap after GC invocations=6 (full 1):
 PSYoungGen      total 37888K, used 0K [0x00000000d5b00000, 0x00000000d9500000, 0x0000000100000000)
  eden space 32768K, 0% used [0x00000000d5b00000,0x00000000d5b00000,0x00000000d7b00000)
  from space 5120K, 0% used [0x00000000d7b80000,0x00000000d7b80000,0x00000000d8080000)
  to   space 13312K, 0% used [0x00000000d8800000,0x00000000d8800000,0x00000000d9500000)
 ParOldGen       total 71168K, used 17616K [0x0000000081000000, 0x0000000085580000, 0x00000000d5b00000)
  object space 71168K, 24% used [0x0000000081000000,0x0000000082134050,0x0000000085580000)
 Metaspace       used 20299K, capacity 21222K, committed 21296K, reserved 1067008K
  class space    used 2956K, capacity 3169K, committed 3200K, reserved 1048576K
}
Event: 13.342 GC heap before
{Heap before GC invocations=7 (full 1):
 PSYoungGen      total 37888K, used 32768K [0x00000000d5b00000, 0x00000000d9500000, 0x0000000100000000)
  eden space 32768K, 100% used [0x00000000d5b00000,0x00000000d7b00000,0x00000000d7b00000)
  from space 5120K, 0% used [0x00000000d7b80000,0x00000000d7b80000,0x00000000d8080000)
  to   space 13312K, 0% used [0x00000000d8800000,0x00000000d8800000,0x00000000d9500000)
 ParOldGen       total 71168K, used 17616K [0x0000000081000000, 0x0000000085580000, 0x00000000d5b00000)
  object space 71168K, 24% used [0x0000000081000000,0x0000000082134050,0x0000000085580000)
 Metaspace       used 21792K, capacity 22856K, committed 22912K, reserved 1069056K
  class space    used 3201K, capacity 3438K, committed 3456K, reserved 1048576K
Event: 13.345 GC heap after
Heap after GC invocations=7 (full 1):
 PSYoungGen      total 46080K, used 4552K [0x00000000d5b00000, 0x00000000da900000, 0x0000000100000000)
  eden space 32768K, 0% used [0x00000000d5b00000,0x00000000d5b00000,0x00000000d7b00000)
  from space 13312K, 34% used [0x00000000d8800000,0x00000000d8c72158,0x00000000d9500000)
  to   space 13312K, 0% used [0x00000000d7b00000,0x00000000d7b00000,0x00000000d8800000)
 ParOldGen       total 71168K, used 17624K [0x0000000081000000, 0x0000000085580000, 0x00000000d5b00000)
  object space 71168K, 24% used [0x0000000081000000,0x0000000082136050,0x0000000085580000)
 Metaspace       used 21792K, capacity 22856K, committed 22912K, reserved 1069056K
  class space    used 3201K, capacity 3438K, committed 3456K, reserved 1048576K
}
Event: 13.476 GC heap before
{Heap before GC invocations=8 (full 1):
 PSYoungGen      total 46080K, used 37320K [0x00000000d5b00000, 0x00000000da900000, 0x0000000100000000)
  eden space 32768K, 100% used [0x00000000d5b00000,0x00000000d7b00000,0x00000000d7b00000)
  from space 13312K, 34% used [0x00000000d8800000,0x00000000d8c72158,0x00000000d9500000)
  to   space 13312K, 0% used [0x00000000d7b00000,0x00000000d7b00000,0x00000000d8800000)
 ParOldGen       total 71168K, used 17624K [0x0000000081000000, 0x0000000085580000, 0x00000000d5b00000)
  object space 71168K, 24% used [0x0000000081000000,0x0000000082136050,0x0000000085580000)
 Metaspace       used 21839K, capacity 22878K, committed 22912K, reserved 1069056K
  class space    used 3203K, capacity 3441K, committed 3456K, reserved 1048576K
Event: 13.479 GC heap after
Heap after GC invocations=8 (full 1):
 PSYoungGen      total 46080K, used 4136K [0x00000000d5b00000, 0x00000000dac80000, 0x0000000100000000)
  eden space 32768K, 0% used [0x00000000d5b00000,0x00000000d5b00000,0x00000000d7b00000)
  from space 13312K, 31% used [0x00000000d7b00000,0x00000000d7f0a180,0x00000000d8800000)
  to   space 13312K, 0% used [0x00000000d9f80000,0x00000000d9f80000,0x00000000dac80000)
 ParOldGen       total 71168K, used 17632K [0x0000000081000000, 0x0000000085580000, 0x00000000d5b00000)
  object space 71168K, 24% used [0x0000000081000000,0x0000000082138050,0x0000000085580000)
 Metaspace       used 21839K, capacity 22878K, committed 22912K, reserved 1069056K
  class space    used 3203K, capacity 3441K, committed 3456K, reserved 1048576K
}
Event: 13.670 GC heap before
{Heap before GC invocations=9 (full 1):
 PSYoungGen      total 46080K, used 36904K [0x00000000d5b00000, 0x00000000dac80000, 0x0000000100000000)
  eden space 32768K, 100% used [0x00000000d5b00000,0x00000000d7b00000,0x00000000d7b00000)
  from space 13312K, 31% used [0x00000000d7b00000,0x00000000d7f0a180,0x00000000d8800000)
  to   space 13312K, 0% used [0x00000000d9f80000,0x00000000d9f80000,0x00000000dac80000)
 ParOldGen       total 71168K, used 17632K [0x0000000081000000, 0x0000000085580000, 0x00000000d5b00000)
  object space 71168K, 24% used [0x0000000081000000,0x0000000082138050,0x0000000085580000)
 Metaspace       used 21953K, capacity 23094K, committed 23168K, reserved 1069056K
  class space    used 3210K, capacity 3455K, committed 3456K, reserved 1048576K
Event: 13.677 GC heap after
Heap after GC invocations=9 (full 1):
 PSYoungGen      total 70656K, used 5213K [0x00000000d5b00000, 0x00000000dae00000, 0x0000000100000000)
  eden space 57344K, 0% used [0x00000000d5b00000,0x00000000d5b00000,0x00000000d9300000)
  from space 13312K, 39% used [0x00000000d9f80000,0x00000000da497420,0x00000000dac80000)
  to   space 12800K, 0% used [0x00000000d9300000,0x00000000d9300000,0x00000000d9f80000)
 ParOldGen       total 71168K, used 17632K [0x0000000081000000, 0x0000000085580000, 0x00000000d5b00000)
  object space 71168K, 24% used [0x0000000081000000,0x0000000082138050,0x0000000085580000)
 Metaspace       used 21953K, capacity 23094K, committed 23168K, reserved 1069056K
  class space    used 3210K, capacity 3455K, committed 3456K, reserved 1048576K
}
Event: 15.921 GC heap before
{Heap before GC invocations=10 (full 1):
 PSYoungGen      total 70656K, used 62557K [0x00000000d5b00000, 0x00000000dae00000, 0x0000000100000000)
  eden space 57344K, 100% used [0x00000000d5b00000,0x00000000d9300000,0x00000000d9300000)
  from space 13312K, 39% used [0x00000000d9f80000,0x00000000da497420,0x00000000dac80000)
  to   space 12800K, 0% used [0x00000000d9300000,0x00000000d9300000,0x00000000d9f80000)
 ParOldGen       total 71168K, used 17632K [0x0000000081000000, 0x0000000085580000, 0x00000000d5b00000)
  object space 71168K, 24% used [0x0000000081000000,0x0000000082138050,0x0000000085580000)
 Metaspace       used 26675K, capacity 28520K, committed 28672K, reserved 1073152K
  class space    used 3944K, capacity 4260K, committed 4352K, reserved 1048576K
Event: 15.943 GC heap after
Heap after GC invocations=10 (full 1):
 PSYoungGen      total 70144K, used 12783K [0x00000000d5b00000, 0x00000000dd100000, 0x0000000100000000)
  eden space 57344K, 0% used [0x00000000d5b00000,0x00000000d5b00000,0x00000000d9300000)
  from space 12800K, 99% used [0x00000000d9300000,0x00000000d9f7be30,0x00000000d9f80000)
  to   space 17920K, 0% used [0x00000000dbf80000,0x00000000dbf80000,0x00000000dd100000)
 ParOldGen       total 71168K, used 26455K [0x0000000081000000, 0x0000000085580000, 0x00000000d5b00000)
  object space 71168K, 37% used [0x0000000081000000,0x00000000829d5f30,0x0000000085580000)
 Metaspace       used 26675K, capacity 28520K, committed 28672K, reserved 1073152K
  class space    used 3944K, capacity 4260K, committed 4352K, reserved 1048576K
}

Deoptimization events (10 events):
Event: 15.796 Thread 0x000000001b759800 Uncommon trap: reason=bimorphic action=maybe_recompile pc=0x00000000053ec65c method=java.util.WeakHashMap.eq(Ljava/lang/Object;Ljava/lang/Object;)Z @ 7
Event: 15.797 Thread 0x000000001b759800 Uncommon trap: reason=bimorphic action=maybe_recompile pc=0x00000000053ec65c method=java.util.WeakHashMap.eq(Ljava/lang/Object;Ljava/lang/Object;)Z @ 7
Event: 15.798 Thread 0x000000001b759800 Uncommon trap: reason=bimorphic action=maybe_recompile pc=0x00000000053ec65c method=java.util.WeakHashMap.eq(Ljava/lang/Object;Ljava/lang/Object;)Z @ 7
Event: 16.004 Thread 0x000000001b785800 Uncommon trap: reason=unstable_if action=reinterpret pc=0x00000000054dbffc method=javafx.scene.CssStyleHelper.canReuseStyleHelper(Ljavafx/scene/Node;Lcom/sun/javafx/css/StyleMap;)Z @ 57
Event: 16.031 Thread 0x000000001b785800 Uncommon trap: reason=unstable_if action=reinterpret pc=0x00000000053f6674 method=javafx.scene.CssStyleHelper.getStyle(Ljavafx/css/Styleable;Ljava/lang/String;Lcom/sun/javafx/css/StyleMap;Ljava/util/Set;)Lcom/sun/javafx/css/CascadingStyle; @ 1
Event: 16.034 Thread 0x000000001b785800 Uncommon trap: reason=unstable_if action=reinterpret pc=0x0000000004c71388 method=java.lang.StrictMath.floorOrCeil(DDDD)D @ 24
Event: 16.043 Thread 0x000000001b785800 Uncommon trap: reason=unstable_if action=reinterpret pc=0x000000000513cc84 method=java.util.EnumMap.isValidKey(Ljava/lang/Object;)Z @ 16
Event: 16.050 Thread 0x000000001b785800 Uncommon trap: reason=unstable_if action=reinterpret pc=0x00000000055017e0 method=javafx.scene.Node.impl_isDirtyEmpty()Z @ 4
Event: 16.073 Thread 0x000000001b785800 Uncommon trap: reason=unstable_if action=reinterpret pc=0x000000000553ae10 method=com.sun.javafx.sg.prism.NGNode.markDirty()V @ 7
Event: 16.158 Thread 0x000000001b785800 Uncommon trap: reason=unstable_if action=reinterpret pc=0x0000000004e1a3e8 method=jdk.internal.org.objectweb.asm.Type.getArgumentsAndReturnSizes(Ljava/lang/String;)I @ 47

Internal exceptions (10 events):
Event: 5.874 Thread 0x000000001b785800 Exception <a 'java/lang/ArrayIndexOutOfBoundsException': 58> (0x00000000d6168928) thrown at [C:\re\workspace\8-2-build-windows-amd64-cygwin\jdk8u151\9699\hotspot\src\share\vm\interpreter\interpreterRuntime.cpp, line 366]
Event: 6.414 Thread 0x000000001b785800 Exception <a 'java/io/FileNotFoundException'> (0x00000000d749c690) thrown at [C:\re\workspace\8-2-build-windows-amd64-cygwin\jdk8u151\9699\hotspot\src\share\vm\prims\jni.cpp, line 709]
Event: 6.930 Thread 0x000000001b785800 Exception <a 'java/lang/NoClassDefFoundError': org/slf4j/impl/StaticLoggerBinder> (0x00000000d797ca30) thrown at [C:\re\workspace\8-2-build-windows-amd64-cygwin\jdk8u151\9699\hotspot\src\share\vm\classfile\systemDictionary.cpp, line 199]
Event: 11.421 Thread 0x000000001b785800 Implicit null exception at 0x0000000004c9c8b5 to 0x0000000004c9cacd
Event: 11.421 Thread 0x000000001b785800 Implicit null exception at 0x0000000004ed395b to 0x0000000004ed40d9
Event: 14.817 Thread 0x000000001b785800 Implicit null exception at 0x0000000005350a0e to 0x000000000535233d
Event: 15.643 Thread 0x000000001b759800 Implicit null exception at 0x000000000519dc94 to 0x00000000051a0e05
Event: 15.692 Thread 0x000000001b759800 Implicit null exception at 0x00000000051a94a4 to 0x00000000051ac8ed
Event: 16.031 Thread 0x000000001b785800 Implicit null exception at 0x00000000053f36fd to 0x00000000053f665d
Event: 18.859 Thread 0x0000000026b5a800 Exception <a 'java/lang/IllegalStateException'> (0x00000000d6136b00) thrown at [C:\re\workspace\8-2-build-windows-amd64-cygwin\jdk8u151\9699\hotspot\src\share\vm\prims\jvm.cpp, line 1394]

Events (10 events):
Event: 18.855 Executing VM operation: RevokeBias done
Event: 18.855 Executing VM operation: RevokeBias
Event: 18.855 Executing VM operation: RevokeBias done
Event: 18.855 loading class com/sun/javafx/tk/quantum/QuantumRenderer
Event: 18.855 loading class com/sun/javafx/tk/quantum/QuantumRenderer done
Event: 18.856 Thread 0x0000000024d8c000 Thread exited: 0x0000000024d8c000
Event: 18.858 loading class com/sun/javafx/tk/quantum/QuantumToolkit
Event: 18.858 loading class com/sun/javafx/tk/quantum/QuantumToolkit done
Event: 18.859 Thread 0x0000000026b5a800 Thread exited: 0x0000000026b5a800
Event: 18.859 Executing VM operation: Exit


Dynamic libraries:
0x00007ff655860000 - 0x00007ff655897000 	C:\Program Files\Java\jre1.8.0_151\bin\javaw.exe
0x00007ffebba80000 - 0x00007ffebbc60000 	C:\WINDOWS\SYSTEM32\ntdll.dll
0x00007ffebaec0000 - 0x00007ffebaf6e000 	C:\WINDOWS\System32\KERNEL32.DLL
0x00007ffeb7fd0000 - 0x00007ffeb8236000 	C:\WINDOWS\System32\KERNELBASE.dll
0x00007ffebb930000 - 0x00007ffebb9d1000 	C:\WINDOWS\System32\ADVAPI32.dll
0x00007ffeb90a0000 - 0x00007ffeb913d000 	C:\WINDOWS\System32\msvcrt.dll
0x00007ffebb9f0000 - 0x00007ffebba4b000 	C:\WINDOWS\System32\sechost.dll
0x00007ffebada0000 - 0x00007ffebaebf000 	C:\WINDOWS\System32\RPCRT4.dll
0x00007ffeba9e0000 - 0x00007ffebab6f000 	C:\WINDOWS\System32\USER32.dll
0x00007ffeb8c60000 - 0x00007ffeb8c80000 	C:\WINDOWS\System32\win32u.dll
0x00007ffebb0e0000 - 0x00007ffebb108000 	C:\WINDOWS\System32\GDI32.dll
0x00007ffeb8c80000 - 0x00007ffeb8e13000 	C:\WINDOWS\System32\gdi32full.dll
0x00007ffeb8b60000 - 0x00007ffeb8bfb000 	C:\WINDOWS\System32\msvcp_win.dll
0x00007ffeb7e80000 - 0x00007ffeb7f76000 	C:\WINDOWS\System32\ucrtbase.dll
0x00007ffeaef30000 - 0x00007ffeaf199000 	C:\WINDOWS\WinSxS\amd64_microsoft.windows.common-controls_6595b64144ccf1df_6.0.16299.192_none_15c8cdae9364c23b\COMCTL32.dll
0x00007ffebb110000 - 0x00007ffebb418000 	C:\WINDOWS\System32\combase.dll
0x00007ffeb8ed0000 - 0x00007ffeb8f42000 	C:\WINDOWS\System32\bcryptPrimitives.dll
0x00007ffeb9140000 - 0x00007ffeb916d000 	C:\WINDOWS\System32\IMM32.DLL
0x000000006f730000 - 0x000000006f802000 	C:\Program Files\Java\jre1.8.0_151\bin\msvcr100.dll
0x0000000070440000 - 0x0000000070cdd000 	C:\Program Files\Java\jre1.8.0_151\bin\server\jvm.dll
0x00007ffebad80000 - 0x00007ffebad88000 	C:\WINDOWS\System32\PSAPI.DLL
0x00007ffeb6450000 - 0x00007ffeb6473000 	C:\WINDOWS\SYSTEM32\WINMM.dll
0x00007ffeab870000 - 0x00007ffeab879000 	C:\WINDOWS\SYSTEM32\WSOCK32.dll
0x00007ffeabbf0000 - 0x00007ffeabbfa000 	C:\WINDOWS\SYSTEM32\VERSION.dll
0x00007ffebab70000 - 0x00007ffebabdc000 	C:\WINDOWS\System32\WS2_32.dll
0x00007ffeb6420000 - 0x00007ffeb644a000 	C:\WINDOWS\SYSTEM32\WINMMBASE.dll
0x00007ffeb7f80000 - 0x00007ffeb7fca000 	C:\WINDOWS\System32\cfgmgr32.dll
0x0000000070430000 - 0x000000007043f000 	C:\Program Files\Java\jre1.8.0_151\bin\verify.dll
0x0000000070400000 - 0x0000000070429000 	C:\Program Files\Java\jre1.8.0_151\bin\java.dll
0x00000000703e0000 - 0x00000000703f6000 	C:\Program Files\Java\jre1.8.0_151\bin\zip.dll
0x00007ffeb95a0000 - 0x00007ffeba9d6000 	C:\WINDOWS\System32\SHELL32.dll
0x00007ffeb94f0000 - 0x00007ffeb9596000 	C:\WINDOWS\System32\shcore.dll
0x00007ffeb8410000 - 0x00007ffeb8b57000 	C:\WINDOWS\System32\windows.storage.dll
0x00007ffebb8d0000 - 0x00007ffebb921000 	C:\WINDOWS\System32\shlwapi.dll
0x00007ffeb7e60000 - 0x00007ffeb7e71000 	C:\WINDOWS\System32\kernel.appcore.dll
0x00007ffeb7df0000 - 0x00007ffeb7e3c000 	C:\WINDOWS\System32\powrprof.dll
0x00007ffeb7dd0000 - 0x00007ffeb7deb000 	C:\WINDOWS\System32\profapi.dll
0x00000000047d0000 - 0x00000000047d3000 	C:\Program Files\Java\jre1.8.0_151\bin\api-ms-win-core-console-l1-1-0.dll
0x00000000047e0000 - 0x00000000047e3000 	C:\Program Files\Java\jre1.8.0_151\bin\api-ms-win-core-datetime-l1-1-0.dll
0x00000000047f0000 - 0x00000000047f3000 	C:\Program Files\Java\jre1.8.0_151\bin\api-ms-win-core-debug-l1-1-0.dll
0x0000000004800000 - 0x0000000004803000 	C:\Program Files\Java\jre1.8.0_151\bin\api-ms-win-core-errorhandling-l1-1-0.dll
0x0000000004810000 - 0x0000000004814000 	C:\Program Files\Java\jre1.8.0_151\bin\api-ms-win-core-file-l1-1-0.dll
0x0000000004820000 - 0x0000000004823000 	C:\Program Files\Java\jre1.8.0_151\bin\api-ms-win-core-file-l1-2-0.dll
0x0000000004830000 - 0x0000000004833000 	C:\Program Files\Java\jre1.8.0_151\bin\api-ms-win-core-file-l2-1-0.dll
0x0000000004840000 - 0x0000000004843000 	C:\Program Files\Java\jre1.8.0_151\bin\api-ms-win-core-handle-l1-1-0.dll
0x000000001b550000 - 0x000000001b553000 	C:\Program Files\Java\jre1.8.0_151\bin\api-ms-win-core-heap-l1-1-0.dll
0x000000001b560000 - 0x000000001b563000 	C:\Program Files\Java\jre1.8.0_151\bin\api-ms-win-core-interlocked-l1-1-0.dll
0x000000001b570000 - 0x000000001b573000 	C:\Program Files\Java\jre1.8.0_151\bin\api-ms-win-core-libraryloader-l1-1-0.dll
0x000000001b580000 - 0x000000001b583000 	C:\Program Files\Java\jre1.8.0_151\bin\api-ms-win-core-localization-l1-2-0.dll
0x000000001b590000 - 0x000000001b593000 	C:\Program Files\Java\jre1.8.0_151\bin\api-ms-win-core-memory-l1-1-0.dll
0x000000001b5a0000 - 0x000000001b5a3000 	C:\Program Files\Java\jre1.8.0_151\bin\api-ms-win-core-namedpipe-l1-1-0.dll
0x000000001b5b0000 - 0x000000001b5b3000 	C:\Program Files\Java\jre1.8.0_151\bin\api-ms-win-core-processenvironment-l1-1-0.dll
0x000000001b5c0000 - 0x000000001b5c3000 	C:\Program Files\Java\jre1.8.0_151\bin\api-ms-win-core-processthreads-l1-1-0.dll
0x000000001b5d0000 - 0x000000001b5d3000 	C:\Program Files\Java\jre1.8.0_151\bin\api-ms-win-core-processthreads-l1-1-1.dll
0x000000001b5e0000 - 0x000000001b5e3000 	C:\Program Files\Java\jre1.8.0_151\bin\api-ms-win-core-profile-l1-1-0.dll
0x000000001b5f0000 - 0x000000001b5f3000 	C:\Program Files\Java\jre1.8.0_151\bin\api-ms-win-core-rtlsupport-l1-1-0.dll
0x000000001b600000 - 0x000000001b603000 	C:\Program Files\Java\jre1.8.0_151\bin\api-ms-win-core-string-l1-1-0.dll
0x000000001b610000 - 0x000000001b613000 	C:\Program Files\Java\jre1.8.0_151\bin\api-ms-win-core-synch-l1-1-0.dll
0x000000001b620000 - 0x000000001b623000 	C:\Program Files\Java\jre1.8.0_151\bin\api-ms-win-core-synch-l1-2-0.dll
0x000000001b630000 - 0x000000001b633000 	C:\Program Files\Java\jre1.8.0_151\bin\api-ms-win-core-sysinfo-l1-1-0.dll
0x000000001b640000 - 0x000000001b643000 	C:\Program Files\Java\jre1.8.0_151\bin\api-ms-win-core-timezone-l1-1-0.dll
0x000000001b650000 - 0x000000001b653000 	C:\Program Files\Java\jre1.8.0_151\bin\api-ms-win-core-util-l1-1-0.dll
0x000000001b660000 - 0x000000001b663000 	C:\Program Files\Java\jre1.8.0_151\bin\api-ms-win-crt-conio-l1-1-0.dll
0x000000001b670000 - 0x000000001b674000 	C:\Program Files\Java\jre1.8.0_151\bin\api-ms-win-crt-convert-l1-1-0.dll
0x000000001b680000 - 0x000000001b683000 	C:\Program Files\Java\jre1.8.0_151\bin\api-ms-win-crt-environment-l1-1-0.dll
0x000000001b690000 - 0x000000001b693000 	C:\Program Files\Java\jre1.8.0_151\bin\api-ms-win-crt-filesystem-l1-1-0.dll
0x000000001b6a0000 - 0x000000001b6a3000 	C:\Program Files\Java\jre1.8.0_151\bin\api-ms-win-crt-heap-l1-1-0.dll
0x000000001b6b0000 - 0x000000001b6b3000 	C:\Program Files\Java\jre1.8.0_151\bin\api-ms-win-crt-locale-l1-1-0.dll
0x000000001b6c0000 - 0x000000001b6c5000 	C:\Program Files\Java\jre1.8.0_151\bin\api-ms-win-crt-math-l1-1-0.dll
0x000000001b6d0000 - 0x000000001b6d5000 	C:\Program Files\Java\jre1.8.0_151\bin\api-ms-win-crt-multibyte-l1-1-0.dll
0x000000001b6e0000 - 0x000000001b6f0000 	C:\Program Files\Java\jre1.8.0_151\bin\api-ms-win-crt-private-l1-1-0.dll
0x000000001b6f0000 - 0x000000001b6f3000 	C:\Program Files\Java\jre1.8.0_151\bin\api-ms-win-crt-process-l1-1-0.dll
0x000000001b700000 - 0x000000001b704000 	C:\Program Files\Java\jre1.8.0_151\bin\api-ms-win-crt-runtime-l1-1-0.dll
0x000000001b710000 - 0x000000001b714000 	C:\Program Files\Java\jre1.8.0_151\bin\api-ms-win-crt-stdio-l1-1-0.dll
0x000000001b720000 - 0x000000001b724000 	C:\Program Files\Java\jre1.8.0_151\bin\api-ms-win-crt-string-l1-1-0.dll
0x000000001b730000 - 0x000000001b733000 	C:\Program Files\Java\jre1.8.0_151\bin\api-ms-win-crt-time-l1-1-0.dll
0x000000001b740000 - 0x000000001b743000 	C:\Program Files\Java\jre1.8.0_151\bin\api-ms-win-crt-utility-l1-1-0.dll
0x00007ffe84b30000 - 0x00007ffe84c26000 	C:\Program Files\Java\jre1.8.0_151\bin\ucrtbase.dll
0x00007ffe85dc0000 - 0x00007ffe85e11000 	C:\Program Files\Java\jre1.8.0_151\bin\concrt140.dll
0x00007ffea08c0000 - 0x00007ffea08d6000 	C:\Program Files\Java\jre1.8.0_151\bin\VCRUNTIME140.dll
0x00007ffe84a90000 - 0x00007ffe84b2c000 	C:\Program Files\Java\jre1.8.0_151\bin\MSVCP140.dll
0x0000000070180000 - 0x00000000701a3000 	C:\Program Files\Java\jre1.8.0_151\bin\prism_d3d.dll
0x00007ffea2e90000 - 0x00007ffea3025000 	C:\WINDOWS\system32\d3d9.dll
0x00007ffeb6940000 - 0x00007ffeb696a000 	C:\WINDOWS\SYSTEM32\dwmapi.dll
0x00007ffeb6870000 - 0x00007ffeb6905000 	C:\WINDOWS\system32\uxtheme.dll
0x00007ffeb8fd0000 - 0x00007ffeb9095000 	C:\WINDOWS\System32\OLEAUT32.dll
0x00007ffeb93a0000 - 0x00007ffeb94e9000 	C:\WINDOWS\System32\ole32.dll
0x000000006f6e0000 - 0x000000006f729000 	C:\Program Files\Java\jre1.8.0_151\bin\glass.dll
0x00007ffeb9290000 - 0x00007ffeb939a000 	C:\WINDOWS\System32\COMDLG32.dll
0x00007ffebaf70000 - 0x00007ffebb0d7000 	C:\WINDOWS\System32\MSCTF.dll
0x000000006f6c0000 - 0x000000006f6d4000 	C:\Program Files\Java\jre1.8.0_151\bin\javafx_font.dll
0x00007ffea5630000 - 0x00007ffea593f000 	C:\WINDOWS\SYSTEM32\dwrite.dll
0x0000000070370000 - 0x0000000070394000 	C:\Program Files\Java\jre1.8.0_151\bin\sunec.dll
0x00000000703c0000 - 0x00000000703da000 	C:\Program Files\Java\jre1.8.0_151\bin\net.dll
0x00007ffeb7600000 - 0x00007ffeb7666000 	C:\WINDOWS\system32\mswsock.dll
0x00007ffeb7390000 - 0x00007ffeb73c9000 	C:\WINDOWS\SYSTEM32\IPHLPAPI.DLL
0x00007ffebb9e0000 - 0x00007ffebb9e8000 	C:\WINDOWS\System32\NSI.dll
0x00007ffeb1c70000 - 0x00007ffeb1c86000 	C:\WINDOWS\SYSTEM32\dhcpcsvc6.DLL
0x00007ffeb1ee0000 - 0x00007ffeb1efa000 	C:\WINDOWS\SYSTEM32\dhcpcsvc.DLL
0x00000000703a0000 - 0x00000000703b1000 	C:\Program Files\Java\jre1.8.0_151\bin\nio.dll
0x00007ffeb91f0000 - 0x00007ffeb928e000 	C:\WINDOWS\System32\clbcatq.dll
0x00007ffeb0f20000 - 0x00007ffeb10cb000 	C:\WINDOWS\SYSTEM32\WindowsCodecs.dll
0x00007ffe9aa20000 - 0x00007ffe9aa6f000 	C:\WINDOWS\system32\dataexchange.dll
0x00007ffeb5d80000 - 0x00007ffeb5ec2000 	C:\WINDOWS\system32\dcomp.dll
0x00007ffeb4be0000 - 0x00007ffeb4ec1000 	C:\WINDOWS\system32\d3d11.dll
0x00007ffeb6bf0000 - 0x00007ffeb6c9f000 	C:\WINDOWS\system32\dxgi.dll
0x00007ffeb6590000 - 0x00007ffeb670b000 	C:\WINDOWS\system32\twinapi.appcore.dll
0x00007ffeb6710000 - 0x00007ffeb6730000 	C:\WINDOWS\system32\RMCLIENT.dll
0x00007ffeb78d0000 - 0x00007ffeb78f5000 	C:\WINDOWS\system32\bcrypt.dll
0x00007ffe88b20000 - 0x00007ffe88b54000 	C:\Program Files\Common Files\Microsoft Shared\Ink\rtscom.dll
0x00007ffeaf940000 - 0x00007ffeaf9d8000 	C:\WINDOWS\System32\TextInputFramework.dll
0x00007ffeb0820000 - 0x00007ffeb0b0e000 	C:\WINDOWS\System32\CoreUIComponents.dll
0x00007ffeb4ed0000 - 0x00007ffeb4fac000 	C:\WINDOWS\System32\CoreMessaging.dll
0x00007ffeb6f10000 - 0x00007ffeb6f41000 	C:\WINDOWS\SYSTEM32\ntmarta.dll
0x00007ffeb46a0000 - 0x00007ffeb47d6000 	C:\WINDOWS\SYSTEM32\wintypes.dll
0x000000006f690000 - 0x000000006f6b3000 	C:\Program Files\Java\jre1.8.0_151\bin\javafx_iio.dll
0x000000006f670000 - 0x000000006f682000 	C:\Program Files\Java\jre1.8.0_151\bin\prism_common.dll
0x00007ffeb1630000 - 0x00007ffeb17f8000 	C:\WINDOWS\SYSTEM32\dbghelp.dll

VM Arguments:
jvm_args: -Dfile.encoding=UTF-8 
java_command: com.jeeves.vpl.Main
java_class_path (initial): C:\Program Files\Java\jre1.8.0_151\lib\resources.jar;C:\Program Files\Java\jre1.8.0_151\lib\rt.jar;C:\Program Files\Java\jre1.8.0_151\lib\jsse.jar;C:\Program Files\Java\jre1.8.0_151\lib\jce.jar;C:\Program Files\Java\jre1.8.0_151\lib\charsets.jar;C:\Program Files\Java\jre1.8.0_151\lib\jfr.jar;C:\Program Files\Java\jre1.8.0_151\lib\ext\access-bridge-64.jar;C:\Program Files\Java\jre1.8.0_151\lib\ext\cldrdata.jar;C:\Program Files\Java\jre1.8.0_151\lib\ext\dnsns.jar;C:\Program Files\Java\jre1.8.0_151\lib\ext\dns_sd.jar;C:\Program Files\Java\jre1.8.0_151\lib\ext\jaccess.jar;C:\Program Files\Java\jre1.8.0_151\lib\ext\jfxrt.jar;C:\Program Files\Java\jre1.8.0_151\lib\ext\localedata.jar;C:\Program Files\Java\jre1.8.0_151\lib\ext\nashorn.jar;C:\Program Files\Java\jre1.8.0_151\lib\ext\sunec.jar;C:\Program Files\Java\jre1.8.0_151\lib\ext\sunjce_provider.jar;C:\Program Files\Java\jre1.8.0_151\lib\ext\sunmscapi.jar;C:\Program Files\Java\jre1.8.0_151\lib\ext\sunpkcs11.jar;C:\Program Files\Java\jre1.8.0_151\lib\ext\zipfs.jar;C:\Users\Cath\Documents\workspace\Jeeves\target\classes;C:\Users\Cath\Documents\workspace\Jeeves\poi-3.15.jar;C:\Users\Cath\Documents\workspace\Jeeves\commons-lang3-3.5.jar;C:\Users\Cath\Documents\workspace\Jeeves\controlsfx-8.40.12.jar;C:\Users\Cath\.m2\repository\commons-codec\commons-codec\1.9\commons-codec-1.9.jar;C:\Users\Cath\.m2\repository\commons-validator\commons-validator\1.4.1\commons-validator-1.4.1.jar;C:\Users\Cath\.m2\repository\commons-beanutils\commons-beanutils\1.8.3\commons-beanutils-1.8.3.jar;C:\Users\Cath\.m2\repository\commons-digester\commons-digester\1.8.1\commons-digester-1.8.1.jar;C:\Users\Cath\.m2\repository\commons-logging\commons-logging\1.2\commons-logging-1.2.jar;C:\Users\Cath\.m2\repository\commons-collections\commons-collections\3.2.1\commons-collections-3.2.1.jar;C:\Users\Cath\.m2\repository\org\apache\shiro\shiro-core\1.3.2\shiro-core-1.3.2.jar;C:\Users\Cath\.m2\repository\org\slf4j\slf4j-api\1.6.4\
Launcher Type: SUN_STANDARD

Environment Variables:
JAVA_HOME=C:\Program Files\Java\jdk1.8.0_151
PATH=C:/Program Files/Java/jre1.8.0_151/bin/server;C:/Program Files/Java/jre1.8.0_151/bin;C:/Program Files/Java/jre1.8.0_151/lib/amd64;C:\ProgramData\Oracle\Java\javapath;C:\WINDOWS\system32;C:\WINDOWS;C:\WINDOWS\System32\Wbem;C:\WINDOWS\System32\WindowsPowerShell\v1.0\;C:\Program Files\Git\cmd;C:\Program Files\Java\jdk1.8.0_151\bin;C:\Program Files\IBM\SPSS\Statistics\24\JRE\bin;C:\Users\Cath\AppData\Local\Microsoft\WindowsApps;C:\MinGW\bin;C:\MinGW\msys\1.0\bin;;C:\Users\Cath\Desktop;
USERNAME=Cath
OS=Windows_NT
PROCESSOR_IDENTIFIER=Intel64 Family 6 Model 69 Stepping 1, GenuineIntel



---------------  S Y S T E M  ---------------

OS: Windows 10.0 , 64 bit Build 16299 (10.0.16299.15)

CPU:total 4 (initial active 4) (2 cores per cpu, 2 threads per core) family 6 model 69 stepping 1, cmov, cx8, fxsr, mmx, sse, sse2, sse3, ssse3, sse4.1, sse4.2, popcnt, avx, avx2, aes, clmul, erms, lzcnt, ht, tsc, tscinvbit, bmi1, bmi2

Memory: 4k page, physical 8317080k(1802872k free), swap 13559960k(3466060k free)

vm_info: Java HotSpot(TM) 64-Bit Server VM (25.151-b12) for windows-amd64 JRE (1.8.0_151-b12), built on Sep  5 2017 19:33:46 by "java_re" with MS VC++ 10.0 (VS2010)

time: Sat Feb 03 03:00:56 2018
elapsed time: 19 seconds (0d 0h 0m 19s)

