#
# A fatal error has been detected by the Java Runtime Environment:
#
#  EXCEPTION_ACCESS_VIOLATION (0xc0000005) at pc=0x00000000667c78b0, pid=10920, tid=0x00000000000039d0
#
# JRE version: Java(TM) SE Runtime Environment (8.0_151-b12) (build 1.8.0_151-b12)
# Java VM: Java HotSpot(TM) 64-Bit Server VM (25.151-b12 mixed mode windows-amd64 compressed oops)
# Problematic frame:
# C  [glass.dll+0x278b0]
#
# Failed to write core dump. Minidumps are not enabled by default on client versions of Windows
#
# If you would like to submit a bug report, please visit:
#   http://bugreport.java.com/bugreport/crash.jsp
#

---------------  T H R E A D  ---------------

Current thread (0x0000000019877800):  VMThread [stack: 0x000000001a910000,0x000000001aa10000] [id=14800]

siginfo: ExceptionCode=0xc0000005, reading address 0x0000000000000000

Registers:
RAX=0x0000000000000000, RBX=0x000000001b59f5a8, RCX=0x0000000019877800, RDX=0x0000000067edc658
RSP=0x000000001aa0f530, RBP=0x0000000002cf3238, RSI=0x0000000002cf3210, RDI=0x00003f67c43629c6
R8 =0x0000000000010002, R9 =0x0000000000000006, R10=0x00003f67c43629c6, R11=0x000000001aa0f430
R12=0x0000000000000000, R13=0x0000000000000040, R14=0x000000001aa0f648, R15=0x0000000002cf3210
RIP=0x00000000667c78b0, EFLAGS=0x0000000000010206

Top of Stack: (sp=0x000000001aa0f530)
0x000000001aa0f530:   0000000000000000 00007ff86f3ed00b
0x000000001aa0f540:   0000000002cf3220 0000000002cf3220
0x000000001aa0f550:   fffffffffffffffe 0000000002cf3238
0x000000001aa0f560:   0000000002cf3218 00007ff86f3f85f3
0x000000001aa0f570:   00000000667dc1b0 00007ff800000000
0x000000001aa0f580:   0000000000000000 0000000000000000
0x000000001aa0f590:   fffffffffffffffe 0000000000000000
0x000000001aa0f5a0:   0000000000000001 00000000667a0000
0x000000001aa0f5b0:   0000000004b11638 00000000667c48dc
0x000000001aa0f5c0:   000000001aa0f638 00007ff86f3ed157
0x000000001aa0f5d0:   0000000000000000 000000001aa0f648
0x000000001aa0f5e0:   0000000019785400 00007ff86f4c70e0
0x000000001aa0f5f0:   0000000000000000 00007ff86f3f16ee
0x000000001aa0f600:   0000000000000000 0000000000000001
0x000000001aa0f610:   0000000000000001 000000001aa0f638
0x000000001aa0f620:   0000000000000000 00000000667c4752 

Instructions: (pc=0x00000000667c78b0)
0x00000000667c7890:   40 53 48 83 ec 30 48 c7 44 24 20 fe ff ff ff 48
0x00000000667c78a0:   8b 1d 7a 72 01 00 48 85 db 74 16 e8 00 81 ff ff
0x00000000667c78b0:   4c 8b 00 48 8b d3 48 8b c8 41 ff 90 b0 00 00 00
0x00000000667c78c0:   90 48 83 c4 30 5b c3 cc cc cc cc cc cc cc cc cc 


Register to memory mapping:

RAX=0x0000000000000000 is an unknown value
RBX=0x000000001b59f5a8 is a global jni handle
RCX=0x0000000019877800 is an unknown value
RDX=0x0000000067edc658 is an unknown value
RSP=0x000000001aa0f530 is an unknown value
RBP=0x0000000002cf3238 is an unknown value
RSI=0x0000000002cf3210 is an unknown value
RDI=0x00003f67c43629c6 is an unknown value
R8 =0x0000000000010002 is an unknown value
R9 =0x0000000000000006 is an unknown value
R10=0x00003f67c43629c6 is an unknown value
R11=0x000000001aa0f430 is an unknown value
R12=0x0000000000000000 is an unknown value
R13=0x0000000000000040 is an unknown value
R14=0x000000001aa0f648 is an unknown value
R15=0x0000000002cf3210 is an unknown value


Stack: [0x000000001a910000,0x000000001aa10000],  sp=0x000000001aa0f530,  free space=1021k
Native frames: (J=compiled Java code, j=interpreted, Vv=VM code, C=native code)
C  [glass.dll+0x278b0]
C  [ucrtbase.dll+0x185f3]
C  [ucrtbase.dll+0xd157]
C  [ucrtbase.dll+0x116ee]
C  [glass.dll+0x24752]
C  [glass.dll+0x24850]
C  [ntdll.dll+0x11493]
C  [ntdll.dll+0x406b5]
C  [ntdll.dll+0x40574]
C  [KERNEL32.DLL+0xf06a]
C  [msvcr100.dll+0x20ccd]
V  [jvm.dll+0x212a95]
V  [jvm.dll+0x24b9a7]
V  [jvm.dll+0x24ac46]
V  [jvm.dll+0x24b0e1]
V  [jvm.dll+0x24b2fe]
V  [jvm.dll+0x29c3ea]
C  [msvcr100.dll+0x21d9f]
C  [msvcr100.dll+0x21e3b]
C  [KERNEL32.DLL+0x11fe4]
C  [ntdll.dll+0x6efb1]

VM_Operation (0x000000001c59a910): Exit, mode: safepoint, requested by thread 0x000000001b95c800


---------------  P R O C E S S  ---------------

Java Threads: ( => current thread )
  0x000000001ba01800 JavaThread "Prism Font Disposer" daemon [_thread_blocked, id=13040, stack(0x0000000023b50000,0x0000000023c50000)]
  0x000000001b9ff800 JavaThread "JavaFX-Launcher" [_thread_blocked, id=9332, stack(0x0000000020c40000,0x0000000020d40000)]
  0x000000001b9fe000 JavaThread "Thread-2" daemon [_thread_in_native, id=5996, stack(0x0000000020b40000,0x0000000020c40000)]
  0x000000001b95c800 JavaThread "JavaFX Application Thread" [_thread_blocked, id=8172, stack(0x000000001c4a0000,0x000000001c5a0000)]
  0x000000001b5f2000 JavaThread "Thread-1" daemon [_thread_blocked, id=5808, stack(0x000000001c3a0000,0x000000001c4a0000)]
  0x000000001b5e8000 JavaThread "QuantumRenderer-0" daemon [_thread_blocked, id=5416, stack(0x000000001c150000,0x000000001c250000)]
  0x000000001b23b800 JavaThread "Service Thread" daemon [_thread_blocked, id=8848, stack(0x000000001b600000,0x000000001b700000)]
  0x00000000198ba800 JavaThread "C1 CompilerThread2" daemon [_thread_blocked, id=11740, stack(0x000000001b100000,0x000000001b200000)]
  0x00000000198b5000 JavaThread "C2 CompilerThread1" daemon [_thread_blocked, id=15516, stack(0x000000001b000000,0x000000001b100000)]
  0x00000000198b2800 JavaThread "C2 CompilerThread0" daemon [_thread_blocked, id=8392, stack(0x000000001af00000,0x000000001b000000)]
  0x00000000198b1000 JavaThread "Attach Listener" daemon [_thread_blocked, id=168, stack(0x000000001ae00000,0x000000001af00000)]
  0x00000000198af800 JavaThread "Signal Dispatcher" daemon [_thread_blocked, id=14744, stack(0x000000001ad00000,0x000000001ae00000)]
  0x000000001989a000 JavaThread "Finalizer" daemon [_thread_blocked, id=14924, stack(0x000000001ab10000,0x000000001ac10000)]
  0x0000000004d13000 JavaThread "Reference Handler" daemon [_thread_blocked, id=14604, stack(0x000000001aa10000,0x000000001ab10000)]
  0x0000000004c23800 JavaThread "main" [_thread_blocked, id=14816, stack(0x0000000004b20000,0x0000000004c20000)]

Other Threads:
=>0x0000000019877800 VMThread [stack: 0x000000001a910000,0x000000001aa10000] [id=14800]

VM state:at safepoint (shutting down)

VM Mutex/Monitor currently owned by a thread:  ([mutex/lock_event])
[0x0000000004c21250] Threads_lock - owner thread: 0x0000000019877800

Heap:
 PSYoungGen      total 119808K, used 94602K [0x00000000d5b00000, 0x00000000deb80000, 0x0000000100000000)
  eden space 115712K, 78% used [0x00000000d5b00000,0x00000000db389920,0x00000000dcc00000)
  from space 4096K, 96% used [0x00000000de780000,0x00000000deb58f10,0x00000000deb80000)
  to   space 10240K, 0% used [0x00000000dd780000,0x00000000dd780000,0x00000000de180000)
 ParOldGen       total 66560K, used 16714K [0x0000000081000000, 0x0000000085100000, 0x00000000d5b00000)
  object space 66560K, 25% used [0x0000000081000000,0x0000000082052a18,0x0000000085100000)
 Metaspace       used 26183K, capacity 28090K, committed 28288K, reserved 1073152K
  class space    used 3883K, capacity 4219K, committed 4224K, reserved 1048576K

Card table byte_map: [0x00000000140e0000,0x00000000144e0000] byte_map_base: 0x0000000013cd8000

Marking Bits: (ParMarkBitMap*) 0x00000000680cd850
 Begin Bits: [0x0000000014b90000, 0x0000000016b50000)
 End Bits:   [0x0000000016b50000, 0x0000000018b10000)

Polling page: 0x0000000002cb0000

CodeCache: size=245760Kb used=13490Kb max_used=13501Kb free=232269Kb
 bounds [0x0000000004d20000, 0x0000000005a60000, 0x0000000013d20000]
 total_blobs=5211 nmethods=4482 adapters=639
 compilation: enabled

Compilation events (10 events):
Event: 5.514 Thread 0x00000000198ba800 4501       3       javafx.scene.Scene$TargetWrapper::getEventTarget (19 bytes)
Event: 5.514 Thread 0x00000000198ba800 nmethod 4501 0x0000000005a53510 code [0x0000000005a53660, 0x0000000005a53810]
Event: 5.515 Thread 0x00000000198ba800 4502       3       jdk.internal.org.objectweb.asm.FieldVisitor::<init> (35 bytes)
Event: 5.516 Thread 0x00000000198ba800 nmethod 4502 0x0000000005a53890 code [0x0000000005a53a00, 0x0000000005a53d08]
Event: 5.516 Thread 0x00000000198b5000 4503       4       java.util.ArrayList$Itr::next (66 bytes)
Event: 5.517 Thread 0x00000000198ba800 4504       3       java.util.ArrayList::remove (77 bytes)
Event: 5.517 Thread 0x00000000198ba800 nmethod 4504 0x0000000005a53e10 code [0x0000000005a53fc0, 0x0000000005a54508]
Event: 5.518 Thread 0x00000000198b5000 nmethod 4503 0x0000000005a57450 code [0x0000000005a575a0, 0x0000000005a576b8]
Event: 5.519 Thread 0x00000000198ba800 4505       1       java.util.logging.Logger::getName (5 bytes)
Event: 5.519 Thread 0x00000000198ba800 nmethod 4505 0x0000000005a57190 code [0x0000000005a572e0, 0x0000000005a573f0]

GC Heap History (10 events):
Event: 1.879 GC heap before
{Heap before GC invocations=3 (full 0):
 PSYoungGen      total 38400K, used 38368K [0x00000000d5b00000, 0x00000000da600000, 0x0000000100000000)
  eden space 33280K, 100% used [0x00000000d5b00000,0x00000000d7b80000,0x00000000d7b80000)
  from space 5120K, 99% used [0x00000000d8080000,0x00000000d8578080,0x00000000d8580000)
  to   space 5120K, 0% used [0x00000000d7b80000,0x00000000d7b80000,0x00000000d8080000)
 ParOldGen       total 87552K, used 12176K [0x0000000081000000, 0x0000000086580000, 0x00000000d5b00000)
  object space 87552K, 13% used [0x0000000081000000,0x0000000081be41b0,0x0000000086580000)
 Metaspace       used 19696K, capacity 20580K, committed 20736K, reserved 1067008K
  class space    used 2838K, capacity 3046K, committed 3072K, reserved 1048576K
Event: 1.885 GC heap after
Heap after GC invocations=3 (full 0):
 PSYoungGen      total 38400K, used 5104K [0x00000000d5b00000, 0x00000000da600000, 0x0000000100000000)
  eden space 33280K, 0% used [0x00000000d5b00000,0x00000000d5b00000,0x00000000d7b80000)
  from space 5120K, 99% used [0x00000000d7b80000,0x00000000d807c090,0x00000000d8080000)
  to   space 5120K, 0% used [0x00000000da100000,0x00000000da100000,0x00000000da600000)
 ParOldGen       total 87552K, used 13167K [0x0000000081000000, 0x0000000086580000, 0x00000000d5b00000)
  object space 87552K, 15% used [0x0000000081000000,0x0000000081cdbc60,0x0000000086580000)
 Metaspace       used 19696K, capacity 20580K, committed 20736K, reserved 1067008K
  class space    used 2838K, capacity 3046K, committed 3072K, reserved 1048576K
}
Event: 2.083 GC heap before
{Heap before GC invocations=4 (full 0):
 PSYoungGen      total 38400K, used 38384K [0x00000000d5b00000, 0x00000000da600000, 0x0000000100000000)
  eden space 33280K, 100% used [0x00000000d5b00000,0x00000000d7b80000,0x00000000d7b80000)
  from space 5120K, 99% used [0x00000000d7b80000,0x00000000d807c090,0x00000000d8080000)
  to   space 5120K, 0% used [0x00000000da100000,0x00000000da100000,0x00000000da600000)
 ParOldGen       total 87552K, used 13167K [0x0000000081000000, 0x0000000086580000, 0x00000000d5b00000)
  object space 87552K, 15% used [0x0000000081000000,0x0000000081cdbc60,0x0000000086580000)
 Metaspace       used 20015K, capacity 20994K, committed 21120K, reserved 1067008K
  class space    used 2893K, capacity 3099K, committed 3200K, reserved 1048576K
Event: 2.089 GC heap after
Heap after GC invocations=4 (full 0):
 PSYoungGen      total 71680K, used 5095K [0x00000000d5b00000, 0x00000000da600000, 0x0000000100000000)
  eden space 66560K, 0% used [0x00000000d5b00000,0x00000000d5b00000,0x00000000d9c00000)
  from space 5120K, 99% used [0x00000000da100000,0x00000000da5f9cd0,0x00000000da600000)
  to   space 5120K, 0% used [0x00000000d9c00000,0x00000000d9c00000,0x00000000da100000)
 ParOldGen       total 87552K, used 13751K [0x0000000081000000, 0x0000000086580000, 0x00000000d5b00000)
  object space 87552K, 15% used [0x0000000081000000,0x0000000081d6dc90,0x0000000086580000)
 Metaspace       used 20015K, capacity 20994K, committed 21120K, reserved 1067008K
  class space    used 2893K, capacity 3099K, committed 3200K, reserved 1048576K
}
Event: 2.118 GC heap before
{Heap before GC invocations=5 (full 0):
 PSYoungGen      total 71680K, used 10364K [0x00000000d5b00000, 0x00000000da600000, 0x0000000100000000)
  eden space 66560K, 7% used [0x00000000d5b00000,0x00000000d60255a8,0x00000000d9c00000)
  from space 5120K, 99% used [0x00000000da100000,0x00000000da5f9cd0,0x00000000da600000)
  to   space 5120K, 0% used [0x00000000d9c00000,0x00000000d9c00000,0x00000000da100000)
 ParOldGen       total 87552K, used 13751K [0x0000000081000000, 0x0000000086580000, 0x00000000d5b00000)
  object space 87552K, 15% used [0x0000000081000000,0x0000000081d6dc90,0x0000000086580000)
 Metaspace       used 20277K, capacity 21260K, committed 21296K, reserved 1067008K
  class space    used 2957K, capacity 3166K, committed 3200K, reserved 1048576K
Event: 2.125 GC heap after
Heap after GC invocations=5 (full 0):
 PSYoungGen      total 71680K, used 5095K [0x00000000d5b00000, 0x00000000df200000, 0x0000000100000000)
  eden space 66560K, 0% used [0x00000000d5b00000,0x00000000d5b00000,0x00000000d9c00000)
  from space 5120K, 99% used [0x00000000d9c00000,0x00000000da0f9cd0,0x00000000da100000)
  to   space 10752K, 0% used [0x00000000de780000,0x00000000de780000,0x00000000df200000)
 ParOldGen       total 87552K, used 13831K [0x0000000081000000, 0x0000000086580000, 0x00000000d5b00000)
  object space 87552K, 15% used [0x0000000081000000,0x0000000081d81ca0,0x0000000086580000)
 Metaspace       used 20277K, capacity 21260K, committed 21296K, reserved 1067008K
  class space    used 2957K, capacity 3166K, committed 3200K, reserved 1048576K
}
Event: 2.125 GC heap before
{Heap before GC invocations=6 (full 1):
 PSYoungGen      total 71680K, used 5095K [0x00000000d5b00000, 0x00000000df200000, 0x0000000100000000)
  eden space 66560K, 0% used [0x00000000d5b00000,0x00000000d5b00000,0x00000000d9c00000)
  from space 5120K, 99% used [0x00000000d9c00000,0x00000000da0f9cd0,0x00000000da100000)
  to   space 10752K, 0% used [0x00000000de780000,0x00000000de780000,0x00000000df200000)
 ParOldGen       total 87552K, used 13831K [0x0000000081000000, 0x0000000086580000, 0x00000000d5b00000)
  object space 87552K, 15% used [0x0000000081000000,0x0000000081d81ca0,0x0000000086580000)
 Metaspace       used 20277K, capacity 21260K, committed 21296K, reserved 1067008K
  class space    used 2957K, capacity 3166K, committed 3200K, reserved 1048576K
Event: 2.162 GC heap after
Heap after GC invocations=6 (full 1):
 PSYoungGen      total 71680K, used 0K [0x00000000d5b00000, 0x00000000df200000, 0x0000000100000000)
  eden space 66560K, 0% used [0x00000000d5b00000,0x00000000d5b00000,0x00000000d9c00000)
  from space 5120K, 0% used [0x00000000d9c00000,0x00000000d9c00000,0x00000000da100000)
  to   space 10752K, 0% used [0x00000000de780000,0x00000000de780000,0x00000000df200000)
 ParOldGen       total 66560K, used 16706K [0x0000000081000000, 0x0000000085100000, 0x00000000d5b00000)
  object space 66560K, 25% used [0x0000000081000000,0x0000000082050a18,0x0000000085100000)
 Metaspace       used 20277K, capacity 21260K, committed 21296K, reserved 1067008K
  class space    used 2957K, capacity 3166K, committed 3200K, reserved 1048576K
}
Event: 2.638 GC heap before
{Heap before GC invocations=7 (full 1):
 PSYoungGen      total 71680K, used 66560K [0x00000000d5b00000, 0x00000000df200000, 0x0000000100000000)
  eden space 66560K, 100% used [0x00000000d5b00000,0x00000000d9c00000,0x00000000d9c00000)
  from space 5120K, 0% used [0x00000000d9c00000,0x00000000d9c00000,0x00000000da100000)
  to   space 10752K, 0% used [0x00000000de780000,0x00000000de780000,0x00000000df200000)
 ParOldGen       total 66560K, used 16706K [0x0000000081000000, 0x0000000085100000, 0x00000000d5b00000)
  object space 66560K, 25% used [0x0000000081000000,0x0000000082050a18,0x0000000085100000)
 Metaspace       used 20983K, capacity 22032K, committed 22272K, reserved 1069056K
  class space    used 3102K, capacity 3310K, committed 3328K, reserved 1048576K
Event: 2.644 GC heap after
Heap after GC invocations=7 (full 1):
 PSYoungGen      total 119808K, used 3939K [0x00000000d5b00000, 0x00000000deb80000, 0x0000000100000000)
  eden space 115712K, 0% used [0x00000000d5b00000,0x00000000d5b00000,0x00000000dcc00000)
  from space 4096K, 96% used [0x00000000de780000,0x00000000deb58f10,0x00000000deb80000)
  to   space 10240K, 0% used [0x00000000dd780000,0x00000000dd780000,0x00000000de180000)
 ParOldGen       total 66560K, used 16714K [0x0000000081000000, 0x0000000085100000, 0x00000000d5b00000)
  object space 66560K, 25% used [0x0000000081000000,0x0000000082052a18,0x0000000085100000)
 Metaspace       used 20983K, capacity 22032K, committed 22272K, reserved 1069056K
  class space    used 3102K, capacity 3310K, committed 3328K, reserved 1048576K
}

Deoptimization events (10 events):
Event: 4.145 Thread 0x000000001b5e8000 Uncommon trap: reason=unstable_if action=reinterpret pc=0x000000000556673c method=java.lang.Class.arrayContentsEq([Ljava/lang/Object;[Ljava/lang/Object;)Z @ 1
Event: 4.208 Thread 0x000000001b5e8000 Uncommon trap: reason=unstable_if action=reinterpret pc=0x0000000005555724 method=java.lang.Class.arrayContentsEq([Ljava/lang/Object;[Ljava/lang/Object;)Z @ 1
Event: 4.342 Thread 0x000000001b5e8000 Uncommon trap: reason=bimorphic action=maybe_recompile pc=0x00000000058817e0 method=java.util.WeakHashMap.eq(Ljava/lang/Object;Ljava/lang/Object;)Z @ 7
Event: 4.344 Thread 0x000000001b5e8000 Uncommon trap: reason=bimorphic action=maybe_recompile pc=0x00000000058817e0 method=java.util.WeakHashMap.eq(Ljava/lang/Object;Ljava/lang/Object;)Z @ 7
Event: 4.345 Thread 0x000000001b5e8000 Uncommon trap: reason=bimorphic action=maybe_recompile pc=0x00000000058817e0 method=java.util.WeakHashMap.eq(Ljava/lang/Object;Ljava/lang/Object;)Z @ 7
Event: 4.346 Thread 0x000000001b5e8000 Uncommon trap: reason=bimorphic action=maybe_recompile pc=0x00000000058817e0 method=java.util.WeakHashMap.eq(Ljava/lang/Object;Ljava/lang/Object;)Z @ 7
Event: 4.517 Thread 0x000000001b95c800 Uncommon trap: reason=unstable_if action=reinterpret pc=0x0000000005887794 method=javafx.scene.Node.markDirtyLayoutBranch()V @ 16
Event: 4.521 Thread 0x000000001b95c800 Uncommon trap: reason=unstable_if action=reinterpret pc=0x00000000054f0a04 method=java.util.EnumMap.isValidKey(Ljava/lang/Object;)Z @ 16
Event: 4.524 Thread 0x000000001b95c800 Uncommon trap: reason=unstable_if action=reinterpret pc=0x00000000054db19c method=java.util.EnumMap.isValidKey(Ljava/lang/Object;)Z @ 16
Event: 4.567 Thread 0x000000001b95c800 Uncommon trap: reason=unstable_if action=reinterpret pc=0x000000000510c028 method=jdk.internal.org.objectweb.asm.Type.getArgumentsAndReturnSizes(Ljava/lang/String;)I @ 47

Internal exceptions (10 events):
Event: 1.089 Thread 0x000000001b95c800 Exception <a 'java/lang/NoClassDefFoundError': org/slf4j/impl/StaticLoggerBinder> (0x00000000d6416d70) thrown at [C:\re\workspace\8-2-build-windows-amd64-cygwin\jdk8u151\9699\hotspot\src\share\vm\classfile\systemDictionary.cpp, line 199]
Event: 1.764 Thread 0x000000001b95c800 Exception <a 'java/lang/ArrayIndexOutOfBoundsException': 57> (0x00000000d6a8a4f0) thrown at [C:\re\workspace\8-2-build-windows-amd64-cygwin\jdk8u151\9699\hotspot\src\share\vm\interpreter\interpreterRuntime.cpp, line 366]
Event: 1.988 Thread 0x000000001b95c800 Implicit null exception at 0x000000000503b975 to 0x000000000503bb91
Event: 1.988 Thread 0x000000001b95c800 Implicit null exception at 0x00000000050a71d8 to 0x00000000050a7266
Event: 3.714 Thread 0x000000001b95c800 Implicit null exception at 0x000000000583b045 to 0x000000000583c9f5
Event: 3.714 Thread 0x000000001b95c800 Implicit null exception at 0x000000000585787d to 0x0000000005859d01
Event: 3.715 Thread 0x000000001b95c800 Implicit null exception at 0x00000000057a6e0e to 0x00000000057a8739
Event: 4.145 Thread 0x000000001b5e8000 Implicit null exception at 0x0000000005563554 to 0x00000000055666cd
Event: 4.208 Thread 0x000000001b5e8000 Implicit null exception at 0x0000000005552264 to 0x00000000055556b1
Event: 5.520 Thread 0x000000001b9fe800 Exception <a 'java/lang/IllegalStateException'> (0x00000000db26e880) thrown at [C:\re\workspace\8-2-build-windows-amd64-cygwin\jdk8u151\9699\hotspot\src\share\vm\prims\jvm.cpp, line 1394]

Events (10 events):
Event: 5.519 loading class java/util/IdentityHashMap$KeyIterator done
Event: 5.519 Thread 0x000000001b9fe800 Thread added: 0x000000001b9fe800
Event: 5.519 Thread 0x000000001b9fc800 Thread added: 0x000000001b9fc800
Event: 5.519 Thread 0x000000001b9fc800 Thread exited: 0x000000001b9fc800
Event: 5.519 loading class com/sun/javafx/tk/quantum/QuantumRenderer
Event: 5.519 loading class com/sun/javafx/tk/quantum/QuantumRenderer done
Event: 5.520 loading class com/sun/javafx/tk/quantum/QuantumToolkit
Event: 5.520 loading class com/sun/javafx/tk/quantum/QuantumToolkit done
Event: 5.520 Thread 0x000000001b9fe800 Thread exited: 0x000000001b9fe800
Event: 5.520 Executing VM operation: Exit


Dynamic libraries:
0x00007ff71cf40000 - 0x00007ff71cf77000 	C:\Program Files\Java\jre1.8.0_151\bin\javaw.exe
0x00007ff872f70000 - 0x00007ff873150000 	C:\WINDOWS\SYSTEM32\ntdll.dll
0x00007ff8706d0000 - 0x00007ff87077e000 	C:\WINDOWS\System32\KERNEL32.DLL
0x00007ff86f4e0000 - 0x00007ff86f746000 	C:\WINDOWS\System32\KERNELBASE.dll
0x00007ff872ad0000 - 0x00007ff872b71000 	C:\WINDOWS\System32\ADVAPI32.dll
0x00007ff872e50000 - 0x00007ff872eed000 	C:\WINDOWS\System32\msvcrt.dll
0x00007ff870810000 - 0x00007ff87086b000 	C:\WINDOWS\System32\sechost.dll
0x00007ff870e60000 - 0x00007ff870f7f000 	C:\WINDOWS\System32\RPCRT4.dll
0x00007ff8710d0000 - 0x00007ff87125f000 	C:\WINDOWS\System32\USER32.dll
0x00007ff86f3c0000 - 0x00007ff86f3e0000 	C:\WINDOWS\System32\win32u.dll
0x00007ff8712d0000 - 0x00007ff8712f8000 	C:\WINDOWS\System32\GDI32.dll
0x00007ff86f8e0000 - 0x00007ff86fa73000 	C:\WINDOWS\System32\gdi32full.dll
0x00007ff8703a0000 - 0x00007ff87043b000 	C:\WINDOWS\System32\msvcp_win.dll
0x00007ff86f3e0000 - 0x00007ff86f4d6000 	C:\WINDOWS\System32\ucrtbase.dll
0x00007ff8685a0000 - 0x00007ff868809000 	C:\WINDOWS\WinSxS\amd64_microsoft.windows.common-controls_6595b64144ccf1df_6.0.16299.192_none_15c8cdae9364c23b\COMCTL32.dll
0x00007ff871300000 - 0x00007ff871608000 	C:\WINDOWS\System32\combase.dll
0x00007ff86f800000 - 0x00007ff86f872000 	C:\WINDOWS\System32\bcryptPrimitives.dll
0x00007ff872f00000 - 0x00007ff872f2d000 	C:\WINDOWS\System32\IMM32.DLL
0x0000000067140000 - 0x0000000067212000 	C:\Program Files\Java\jre1.8.0_151\bin\msvcr100.dll
0x00000000678b0000 - 0x000000006814d000 	C:\Program Files\Java\jre1.8.0_151\bin\server\jvm.dll
0x00007ff872f30000 - 0x00007ff872f38000 	C:\WINDOWS\System32\PSAPI.DLL
0x00007ff864f90000 - 0x00007ff864f99000 	C:\WINDOWS\SYSTEM32\WSOCK32.dll
0x00007ff868fb0000 - 0x00007ff868fd3000 	C:\WINDOWS\SYSTEM32\WINMM.dll
0x00007ff871260000 - 0x00007ff8712cc000 	C:\WINDOWS\System32\WS2_32.dll
0x00007ff867670000 - 0x00007ff86767a000 	C:\WINDOWS\SYSTEM32\VERSION.dll
0x00007ff868f80000 - 0x00007ff868faa000 	C:\WINDOWS\SYSTEM32\WINMMBASE.dll
0x00007ff86f370000 - 0x00007ff86f3ba000 	C:\WINDOWS\System32\cfgmgr32.dll
0x00000000678a0000 - 0x00000000678af000 	C:\Program Files\Java\jre1.8.0_151\bin\verify.dll
0x0000000067870000 - 0x0000000067899000 	C:\Program Files\Java\jre1.8.0_151\bin\java.dll
0x0000000067850000 - 0x0000000067866000 	C:\Program Files\Java\jre1.8.0_151\bin\zip.dll
0x00007ff871630000 - 0x00007ff872a66000 	C:\WINDOWS\System32\SHELL32.dll
0x00007ff870440000 - 0x00007ff8704e6000 	C:\WINDOWS\System32\shcore.dll
0x00007ff86fc50000 - 0x00007ff870397000 	C:\WINDOWS\System32\windows.storage.dll
0x00007ff872a70000 - 0x00007ff872ac1000 	C:\WINDOWS\System32\shlwapi.dll
0x00007ff86f300000 - 0x00007ff86f311000 	C:\WINDOWS\System32\kernel.appcore.dll
0x00007ff86f320000 - 0x00007ff86f36c000 	C:\WINDOWS\System32\powrprof.dll
0x00007ff86f2e0000 - 0x00007ff86f2fb000 	C:\WINDOWS\System32\profapi.dll
0x0000000003120000 - 0x0000000003123000 	C:\Program Files\Java\jre1.8.0_151\bin\api-ms-win-core-console-l1-1-0.dll
0x0000000003130000 - 0x0000000003133000 	C:\Program Files\Java\jre1.8.0_151\bin\api-ms-win-core-datetime-l1-1-0.dll
0x0000000003140000 - 0x0000000003143000 	C:\Program Files\Java\jre1.8.0_151\bin\api-ms-win-core-debug-l1-1-0.dll
0x0000000003150000 - 0x0000000003153000 	C:\Program Files\Java\jre1.8.0_151\bin\api-ms-win-core-errorhandling-l1-1-0.dll
0x0000000003160000 - 0x0000000003164000 	C:\Program Files\Java\jre1.8.0_151\bin\api-ms-win-core-file-l1-1-0.dll
0x0000000003170000 - 0x0000000003173000 	C:\Program Files\Java\jre1.8.0_151\bin\api-ms-win-core-file-l1-2-0.dll
0x0000000003180000 - 0x0000000003183000 	C:\Program Files\Java\jre1.8.0_151\bin\api-ms-win-core-file-l2-1-0.dll
0x0000000003190000 - 0x0000000003193000 	C:\Program Files\Java\jre1.8.0_151\bin\api-ms-win-core-handle-l1-1-0.dll
0x00000000031b0000 - 0x00000000031b3000 	C:\Program Files\Java\jre1.8.0_151\bin\api-ms-win-core-heap-l1-1-0.dll
0x00000000031c0000 - 0x00000000031c3000 	C:\Program Files\Java\jre1.8.0_151\bin\api-ms-win-core-interlocked-l1-1-0.dll
0x00000000031d0000 - 0x00000000031d3000 	C:\Program Files\Java\jre1.8.0_151\bin\api-ms-win-core-libraryloader-l1-1-0.dll
0x00000000031e0000 - 0x00000000031e3000 	C:\Program Files\Java\jre1.8.0_151\bin\api-ms-win-core-localization-l1-2-0.dll
0x00000000031f0000 - 0x00000000031f3000 	C:\Program Files\Java\jre1.8.0_151\bin\api-ms-win-core-memory-l1-1-0.dll
0x0000000003200000 - 0x0000000003203000 	C:\Program Files\Java\jre1.8.0_151\bin\api-ms-win-core-namedpipe-l1-1-0.dll
0x0000000004ac0000 - 0x0000000004ac3000 	C:\Program Files\Java\jre1.8.0_151\bin\api-ms-win-core-processenvironment-l1-1-0.dll
0x0000000004ad0000 - 0x0000000004ad3000 	C:\Program Files\Java\jre1.8.0_151\bin\api-ms-win-core-processthreads-l1-1-0.dll
0x0000000004ae0000 - 0x0000000004ae3000 	C:\Program Files\Java\jre1.8.0_151\bin\api-ms-win-core-processthreads-l1-1-1.dll
0x0000000004af0000 - 0x0000000004af3000 	C:\Program Files\Java\jre1.8.0_151\bin\api-ms-win-core-profile-l1-1-0.dll
0x0000000004b00000 - 0x0000000004b03000 	C:\Program Files\Java\jre1.8.0_151\bin\api-ms-win-core-rtlsupport-l1-1-0.dll
0x000000001b800000 - 0x000000001b803000 	C:\Program Files\Java\jre1.8.0_151\bin\api-ms-win-core-string-l1-1-0.dll
0x000000001b810000 - 0x000000001b813000 	C:\Program Files\Java\jre1.8.0_151\bin\api-ms-win-core-synch-l1-1-0.dll
0x000000001b820000 - 0x000000001b823000 	C:\Program Files\Java\jre1.8.0_151\bin\api-ms-win-core-synch-l1-2-0.dll
0x000000001b830000 - 0x000000001b833000 	C:\Program Files\Java\jre1.8.0_151\bin\api-ms-win-core-sysinfo-l1-1-0.dll
0x000000001b840000 - 0x000000001b843000 	C:\Program Files\Java\jre1.8.0_151\bin\api-ms-win-core-timezone-l1-1-0.dll
0x000000001b850000 - 0x000000001b853000 	C:\Program Files\Java\jre1.8.0_151\bin\api-ms-win-core-util-l1-1-0.dll
0x000000001b860000 - 0x000000001b863000 	C:\Program Files\Java\jre1.8.0_151\bin\api-ms-win-crt-conio-l1-1-0.dll
0x000000001b870000 - 0x000000001b874000 	C:\Program Files\Java\jre1.8.0_151\bin\api-ms-win-crt-convert-l1-1-0.dll
0x000000001b880000 - 0x000000001b883000 	C:\Program Files\Java\jre1.8.0_151\bin\api-ms-win-crt-environment-l1-1-0.dll
0x000000001b890000 - 0x000000001b893000 	C:\Program Files\Java\jre1.8.0_151\bin\api-ms-win-crt-filesystem-l1-1-0.dll
0x000000001b8a0000 - 0x000000001b8a3000 	C:\Program Files\Java\jre1.8.0_151\bin\api-ms-win-crt-heap-l1-1-0.dll
0x000000001b8b0000 - 0x000000001b8b3000 	C:\Program Files\Java\jre1.8.0_151\bin\api-ms-win-crt-locale-l1-1-0.dll
0x000000001b8c0000 - 0x000000001b8c5000 	C:\Program Files\Java\jre1.8.0_151\bin\api-ms-win-crt-math-l1-1-0.dll
0x000000001b8d0000 - 0x000000001b8d5000 	C:\Program Files\Java\jre1.8.0_151\bin\api-ms-win-crt-multibyte-l1-1-0.dll
0x000000001b8e0000 - 0x000000001b8f0000 	C:\Program Files\Java\jre1.8.0_151\bin\api-ms-win-crt-private-l1-1-0.dll
0x000000001b8f0000 - 0x000000001b8f3000 	C:\Program Files\Java\jre1.8.0_151\bin\api-ms-win-crt-process-l1-1-0.dll
0x000000001b900000 - 0x000000001b904000 	C:\Program Files\Java\jre1.8.0_151\bin\api-ms-win-crt-runtime-l1-1-0.dll
0x000000001b910000 - 0x000000001b914000 	C:\Program Files\Java\jre1.8.0_151\bin\api-ms-win-crt-stdio-l1-1-0.dll
0x000000001b920000 - 0x000000001b924000 	C:\Program Files\Java\jre1.8.0_151\bin\api-ms-win-crt-string-l1-1-0.dll
0x000000001b930000 - 0x000000001b933000 	C:\Program Files\Java\jre1.8.0_151\bin\api-ms-win-crt-time-l1-1-0.dll
0x000000001b940000 - 0x000000001b943000 	C:\Program Files\Java\jre1.8.0_151\bin\api-ms-win-crt-utility-l1-1-0.dll
0x00007ff862de0000 - 0x00007ff862ed6000 	C:\Program Files\Java\jre1.8.0_151\bin\ucrtbase.dll
0x00007ff85c030000 - 0x00007ff85c081000 	C:\Program Files\Java\jre1.8.0_151\bin\concrt140.dll
0x00007ff865510000 - 0x00007ff865526000 	C:\Program Files\Java\jre1.8.0_151\bin\VCRUNTIME140.dll
0x00007ff859680000 - 0x00007ff85971c000 	C:\Program Files\Java\jre1.8.0_151\bin\MSVCP140.dll
0x00000000667f0000 - 0x0000000066813000 	C:\Program Files\Java\jre1.8.0_151\bin\prism_d3d.dll
0x00007ff848dc0000 - 0x00007ff848f55000 	C:\WINDOWS\system32\d3d9.dll
0x00007ff86de30000 - 0x00007ff86de5a000 	C:\WINDOWS\SYSTEM32\dwmapi.dll
0x00007ff86dd60000 - 0x00007ff86ddf5000 	C:\WINDOWS\system32\uxtheme.dll
0x00007ff8704f0000 - 0x00007ff8705b5000 	C:\WINDOWS\System32\OLEAUT32.dll
0x00007ff870f80000 - 0x00007ff8710c9000 	C:\WINDOWS\System32\ole32.dll
0x00000000667a0000 - 0x00000000667e9000 	C:\Program Files\Java\jre1.8.0_151\bin\glass.dll
0x00007ff8705c0000 - 0x00007ff8706ca000 	C:\WINDOWS\System32\COMDLG32.dll
0x00007ff872b80000 - 0x00007ff872ce7000 	C:\WINDOWS\System32\MSCTF.dll
0x0000000066780000 - 0x0000000066794000 	C:\Program Files\Java\jre1.8.0_151\bin\javafx_font.dll
0x00007ff84e800000 - 0x00007ff84eb0f000 	C:\WINDOWS\SYSTEM32\dwrite.dll
0x00000000677e0000 - 0x0000000067804000 	C:\Program Files\Java\jre1.8.0_151\bin\sunec.dll
0x0000000067830000 - 0x000000006784a000 	C:\Program Files\Java\jre1.8.0_151\bin\net.dll
0x00007ff86eaf0000 - 0x00007ff86eb56000 	C:\WINDOWS\system32\mswsock.dll
0x00007ff86e880000 - 0x00007ff86e8b9000 	C:\WINDOWS\SYSTEM32\IPHLPAPI.DLL
0x00007ff872ef0000 - 0x00007ff872ef8000 	C:\WINDOWS\System32\NSI.dll
0x00007ff869370000 - 0x00007ff869386000 	C:\WINDOWS\SYSTEM32\dhcpcsvc6.DLL
0x00007ff869550000 - 0x00007ff86956a000 	C:\WINDOWS\SYSTEM32\dhcpcsvc.DLL
0x0000000067810000 - 0x0000000067821000 	C:\Program Files\Java\jre1.8.0_151\bin\nio.dll
0x00007ff872db0000 - 0x00007ff872e4e000 	C:\WINDOWS\System32\clbcatq.dll
0x00007ff861340000 - 0x00007ff8614eb000 	C:\WINDOWS\SYSTEM32\WindowsCodecs.dll
0x00007ff85df20000 - 0x00007ff85df6f000 	C:\WINDOWS\system32\dataexchange.dll
0x00007ff86d770000 - 0x00007ff86d8b2000 	C:\WINDOWS\system32\dcomp.dll
0x00007ff86c7c0000 - 0x00007ff86caa1000 	C:\WINDOWS\system32\d3d11.dll
0x00007ff86e0e0000 - 0x00007ff86e18f000 	C:\WINDOWS\system32\dxgi.dll
0x00007ff86da60000 - 0x00007ff86dbdb000 	C:\WINDOWS\system32\twinapi.appcore.dll
0x00007ff86dbe0000 - 0x00007ff86dc00000 	C:\WINDOWS\system32\RMCLIENT.dll
0x00007ff86edc0000 - 0x00007ff86ede5000 	C:\WINDOWS\system32\bcrypt.dll
0x00007ff85c100000 - 0x00007ff85c134000 	C:\Program Files\Common Files\Microsoft Shared\Ink\rtscom.dll
0x00007ff860310000 - 0x00007ff8603a8000 	C:\WINDOWS\System32\TextInputFramework.dll
0x00007ff860020000 - 0x00007ff86030e000 	C:\WINDOWS\System32\CoreUIComponents.dll
0x00007ff86c6e0000 - 0x00007ff86c7bc000 	C:\WINDOWS\System32\CoreMessaging.dll
0x00007ff86e3d0000 - 0x00007ff86e401000 	C:\WINDOWS\SYSTEM32\ntmarta.dll
0x00007ff86bc80000 - 0x00007ff86bdb6000 	C:\WINDOWS\SYSTEM32\wintypes.dll
0x0000000066750000 - 0x0000000066773000 	C:\Program Files\Java\jre1.8.0_151\bin\javafx_iio.dll
0x0000000066730000 - 0x0000000066742000 	C:\Program Files\Java\jre1.8.0_151\bin\prism_common.dll
0x00007ff868cf0000 - 0x00007ff868eb8000 	C:\WINDOWS\SYSTEM32\dbghelp.dll

VM Arguments:
jvm_args: -Dfile.encoding=UTF-8 
java_command: com.jeeves.vpl.Main
java_class_path (initial): C:\Program Files\Java\jre1.8.0_151\lib\resources.jar;C:\Program Files\Java\jre1.8.0_151\lib\rt.jar;C:\Program Files\Java\jre1.8.0_151\lib\jsse.jar;C:\Program Files\Java\jre1.8.0_151\lib\jce.jar;C:\Program Files\Java\jre1.8.0_151\lib\charsets.jar;C:\Program Files\Java\jre1.8.0_151\lib\jfr.jar;C:\Program Files\Java\jre1.8.0_151\lib\ext\access-bridge-64.jar;C:\Program Files\Java\jre1.8.0_151\lib\ext\cldrdata.jar;C:\Program Files\Java\jre1.8.0_151\lib\ext\dnsns.jar;C:\Program Files\Java\jre1.8.0_151\lib\ext\dns_sd.jar;C:\Program Files\Java\jre1.8.0_151\lib\ext\jaccess.jar;C:\Program Files\Java\jre1.8.0_151\lib\ext\jfxrt.jar;C:\Program Files\Java\jre1.8.0_151\lib\ext\localedata.jar;C:\Program Files\Java\jre1.8.0_151\lib\ext\nashorn.jar;C:\Program Files\Java\jre1.8.0_151\lib\ext\sunec.jar;C:\Program Files\Java\jre1.8.0_151\lib\ext\sunjce_provider.jar;C:\Program Files\Java\jre1.8.0_151\lib\ext\sunmscapi.jar;C:\Program Files\Java\jre1.8.0_151\lib\ext\sunpkcs11.jar;C:\Program Files\Java\jre1.8.0_151\lib\ext\zipfs.jar;C:\Users\Cath\Documents\workspace\Jeeves\target\classes;C:\Users\Cath\Documents\workspace\Jeeves\poi-3.15.jar;C:\Users\Cath\Documents\workspace\Jeeves\commons-lang3-3.5.jar;C:\Users\Cath\Documents\workspace\Jeeves\controlsfx-8.40.12.jar;C:\Users\Cath\.m2\repository\commons-codec\commons-codec\1.9\commons-codec-1.9.jar;C:\Users\Cath\.m2\repository\commons-validator\commons-validator\1.4.1\commons-validator-1.4.1.jar;C:\Users\Cath\.m2\repository\commons-beanutils\commons-beanutils\1.8.3\commons-beanutils-1.8.3.jar;C:\Users\Cath\.m2\repository\commons-digester\commons-digester\1.8.1\commons-digester-1.8.1.jar;C:\Users\Cath\.m2\repository\commons-logging\commons-logging\1.2\commons-logging-1.2.jar;C:\Users\Cath\.m2\repository\commons-collections\commons-collections\3.2.1\commons-collections-3.2.1.jar;C:\Users\Cath\.m2\repository\org\apache\shiro\shiro-core\1.3.2\shiro-core-1.3.2.jar;C:\Users\Cath\.m2\repository\org\slf4j\slf4j-api\1.6.4\
Launcher Type: SUN_STANDARD

Environment Variables:
JAVA_HOME=C:\Program Files\Java\jdk1.8.0_151
PATH=C:/Program Files/Java/jre1.8.0_151/bin/server;C:/Program Files/Java/jre1.8.0_151/bin;C:/Program Files/Java/jre1.8.0_151/lib/amd64;C:\ProgramData\Oracle\Java\javapath;C:\WINDOWS\system32;C:\WINDOWS;C:\WINDOWS\System32\Wbem;C:\WINDOWS\System32\WindowsPowerShell\v1.0\;C:\Program Files\Git\cmd;C:\Program Files\Java\jdk1.8.0_151\bin;C:\Users\Cath\AppData\Local\Microsoft\WindowsApps;C:\MinGW\bin;C:\MinGW\msys\1.0\bin;;C:\Users\Cath\Desktop;
USERNAME=Cath
OS=Windows_NT
PROCESSOR_IDENTIFIER=Intel64 Family 6 Model 69 Stepping 1, GenuineIntel



---------------  S Y S T E M  ---------------

OS: Windows 10.0 , 64 bit Build 16299 (10.0.16299.15)

CPU:total 4 (initial active 4) (2 cores per cpu, 2 threads per core) family 6 model 69 stepping 1, cmov, cx8, fxsr, mmx, sse, sse2, sse3, ssse3, sse4.1, sse4.2, popcnt, avx, avx2, aes, clmul, erms, lzcnt, ht, tsc, tscinvbit, bmi1, bmi2

Memory: 4k page, physical 8317080k(1874092k free), swap 15691132k(2561900k free)

vm_info: Java HotSpot(TM) 64-Bit Server VM (25.151-b12) for windows-amd64 JRE (1.8.0_151-b12), built on Sep  5 2017 19:33:46 by "java_re" with MS VC++ 10.0 (VS2010)

time: Thu Jan 11 18:03:07 2018
elapsed time: 5 seconds (0d 0h 0m 5s)

