#
# A fatal error has been detected by the Java Runtime Environment:
#
#  EXCEPTION_ACCESS_VIOLATION (0xc0000005) at pc=0x00000000586c78b0, pid=6828, tid=0x0000000000004bec
#
# JRE version: Java(TM) SE Runtime Environment (8.0_161-b12) (build 1.8.0_161-b12)
# Java VM: Java HotSpot(TM) 64-Bit Server VM (25.161-b12 mixed mode windows-amd64 compressed oops)
# Problematic frame:
# C  [glass.dll+0x278b0]
#
# Failed to write core dump. Minidumps are not enabled by default on client versions of Windows
#
# If you would like to submit a bug report, please visit:
#   http://bugreport.java.com/bugreport/crash.jsp
#

---------------  T H R E A D  ---------------

Current thread (0x00000000171c7800):  VMThread [stack: 0x0000000018250000,0x0000000018350000] [id=19436]

siginfo: ExceptionCode=0xc0000005, reading address 0x0000000000000000

Registers:
RAX=0x0000000000000000, RBX=0x0000000018f15458, RCX=0x00000000171c7800, RDX=0x0000000056dadc78
RSP=0x000000001834f4e0, RBP=0x0000000000793d68, RSI=0x0000000000793d40, RDI=0x00006d5021e27378
R8 =0x0000000000010002, R9 =0x0000000000000038, R10=0x00006d5021e27378, R11=0x00000000007e2780
R12=0x0000000000000000, R13=0x0000000000000040, R14=0x000000001834f5f8, R15=0x0000000000793d40
RIP=0x00000000586c78b0, EFLAGS=0x0000000000010206

Top of Stack: (sp=0x000000001834f4e0)
0x000000001834f4e0:   0000000000000000 00007ffe006bd92b
0x000000001834f4f0:   0000000000793d50 0000000000793d50
0x000000001834f500:   fffffffffffffffe 0000000000793d68
0x000000001834f510:   0000000000793d48 00007ffe006c1243
0x000000001834f520:   00000000586dc1b0 00007ffd00000000
0x000000001834f530:   0000e543c709ed86 00007ffdf9205270
0x000000001834f540:   fffffffffffffffe 00007ffe006c0f0d
0x000000001834f550:   0000000000000001 00000000586a0000
0x000000001834f560:   0000000002601638 00000000586c48dc
0x000000001834f570:   000000001834f5e8 00007ffe006c1017
0x000000001834f580:   0000000000000000 000000001834f5f8
0x000000001834f590:   00000000170d5400 00007ffe0079b080
0x000000001834f5a0:   0000000000000000 00007ffe006c0fd4
0x000000001834f5b0:   0000000000000000 0000000000000001
0x000000001834f5c0:   0000000000000000 000000001834f5e8
0x000000001834f5d0:   0000000000000000 00000000586c4752 

Instructions: (pc=0x00000000586c78b0)
0x00000000586c7890:   40 53 48 83 ec 30 48 c7 44 24 20 fe ff ff ff 48
0x00000000586c78a0:   8b 1d 7a 72 01 00 48 85 db 74 16 e8 00 81 ff ff
0x00000000586c78b0:   4c 8b 00 48 8b d3 48 8b c8 41 ff 90 b0 00 00 00
0x00000000586c78c0:   90 48 83 c4 30 5b c3 cc cc cc cc cc cc cc cc cc 


Register to memory mapping:

RAX=0x0000000000000000 is an unknown value
RBX=0x0000000018f15458 is a global jni handle
RCX=0x00000000171c7800 is an unknown value
RDX=0x0000000056dadc78 is an unknown value
RSP=0x000000001834f4e0 is an unknown value
RBP=0x0000000000793d68 is an unknown value
RSI=0x0000000000793d40 is an unknown value
RDI=0x00006d5021e27378 is an unknown value
R8 =0x0000000000010002 is an unknown value
R9 =0x0000000000000038 is an unknown value
R10=0x00006d5021e27378 is an unknown value
R11=0x00000000007e2780 is an unknown value
R12=0x0000000000000000 is an unknown value
R13=0x0000000000000040 is an unknown value
R14=0x000000001834f5f8 is an unknown value
R15=0x0000000000793d40 is an unknown value


Stack: [0x0000000018250000,0x0000000018350000],  sp=0x000000001834f4e0,  free space=1021k
Native frames: (J=compiled Java code, j=interpreted, Vv=VM code, C=native code)
C  [glass.dll+0x278b0]
C  [ucrtbase.dll+0x11243]
C  [ucrtbase.dll+0x11017]
C  [ucrtbase.dll+0x10fd4]
C  [glass.dll+0x24752]
C  [glass.dll+0x24850]
C  [ntdll.dll+0x34053]
C  [ntdll.dll+0x40a05]
C  [ntdll.dll+0x408c8]
C  [KERNEL32.DLL+0x1b19a]
C  [msvcr100.dll+0x20ccd]
V  [jvm.dll+0x212e95]
V  [jvm.dll+0x24c227]
V  [jvm.dll+0x24b4c6]
V  [jvm.dll+0x24b961]
V  [jvm.dll+0x24bb7e]
V  [jvm.dll+0x29cc4a]
C  [msvcr100.dll+0x21d9f]
C  [msvcr100.dll+0x21e3b]
C  [KERNEL32.DLL+0x13034]
C  [ntdll.dll+0x71461]

VM_Operation (0x000000001a17ac20): Exit, mode: safepoint, requested by thread 0x0000000018f1a000


---------------  P R O C E S S  ---------------

Java Threads: ( => current thread )
  0x00000000213bd000 JavaThread "Prism Font Disposer" daemon [_thread_blocked, id=6580, stack(0x0000000023be0000,0x0000000023ce0000)]
  0x00000000198e4800 JavaThread "JavaFX-Launcher" [_thread_blocked, id=19608, stack(0x0000000020e50000,0x0000000020f50000)]
  0x00000000198e0000 JavaThread "Thread-2" daemon [_thread_in_native, id=4808, stack(0x0000000020d50000,0x0000000020e50000)]
  0x0000000018f1a000 JavaThread "JavaFX Application Thread" [_thread_blocked, id=24368, stack(0x000000001a080000,0x000000001a180000)]
  0x0000000018f19000 JavaThread "Thread-1" daemon [_thread_blocked, id=9320, stack(0x0000000019780000,0x0000000019880000)]
  0x0000000018ee3000 JavaThread "QuantumRenderer-0" daemon [_thread_blocked, id=15668, stack(0x0000000019490000,0x0000000019590000)]
  0x0000000018b70800 JavaThread "Service Thread" daemon [_thread_blocked, id=3768, stack(0x0000000018f40000,0x0000000019040000)]
  0x0000000017210000 JavaThread "C1 CompilerThread2" daemon [_thread_blocked, id=1376, stack(0x0000000018a40000,0x0000000018b40000)]
  0x00000000171ff800 JavaThread "C2 CompilerThread1" daemon [_thread_blocked, id=3628, stack(0x0000000018940000,0x0000000018a40000)]
  0x000000001720e000 JavaThread "C2 CompilerThread0" daemon [_thread_blocked, id=7904, stack(0x0000000018840000,0x0000000018940000)]
  0x000000001720d000 JavaThread "Attach Listener" daemon [_thread_blocked, id=4736, stack(0x0000000018740000,0x0000000018840000)]
  0x000000001720b800 JavaThread "Signal Dispatcher" daemon [_thread_blocked, id=3424, stack(0x0000000018640000,0x0000000018740000)]
  0x00000000171eb000 JavaThread "Finalizer" daemon [_thread_blocked, id=22120, stack(0x0000000018450000,0x0000000018550000)]
  0x0000000002705000 JavaThread "Reference Handler" daemon [_thread_blocked, id=11716, stack(0x0000000018350000,0x0000000018450000)]
  0x0000000002614800 JavaThread "main" [_thread_blocked, id=3932, stack(0x0000000002460000,0x0000000002560000)]

Other Threads:
=>0x00000000171c7800 VMThread [stack: 0x0000000018250000,0x0000000018350000] [id=19436]

VM state:at safepoint (shutting down)

VM Mutex/Monitor currently owned by a thread:  ([mutex/lock_event])
[0x00000000026121d0] Threads_lock - owner thread: 0x00000000171c7800

Heap:
 PSYoungGen      total 109568K, used 42317K [0x00000000d6000000, 0x00000000de780000, 0x0000000100000000)
  eden space 94720K, 29% used [0x00000000d6000000,0x00000000d7ad97b8,0x00000000dbc80000)
  from space 14848K, 99% used [0x00000000dcf80000,0x00000000dddf9e80,0x00000000dde00000)
  to   space 19456K, 0% used [0x00000000dbc80000,0x00000000dbc80000,0x00000000dcf80000)
 ParOldGen       total 76288K, used 22222K [0x0000000082000000, 0x0000000086a80000, 0x00000000d6000000)
  object space 76288K, 29% used [0x0000000082000000,0x00000000835b3a68,0x0000000086a80000)
 Metaspace       used 27316K, capacity 29294K, committed 29488K, reserved 1075200K
  class space    used 3976K, capacity 4319K, committed 4400K, reserved 1048576K

Card table byte_map: [0x0000000011ad0000,0x0000000011ed0000] byte_map_base: 0x00000000116c0000

Marking Bits: (ParMarkBitMap*) 0x0000000056f9f860
 Begin Bits: [0x0000000012570000, 0x00000000144f0000)
 End Bits:   [0x00000000144f0000, 0x0000000016470000)

Polling page: 0x0000000002560000

CodeCache: size=245760Kb used=14191Kb max_used=14202Kb free=231569Kb
 bounds [0x0000000002710000, 0x0000000003500000, 0x0000000011710000]
 total_blobs=5442 nmethods=4709 adapters=644
 compilation: enabled

Compilation events (10 events):
Event: 10.412 Thread 0x0000000017210000 nmethod 4715 0x00000000034f1510 code [0x00000000034f16e0, 0x00000000034f2198]
Event: 10.412 Thread 0x0000000017210000 4716       3       java.util.concurrent.locks.ReentrantLock::isHeldByCurrentThread (8 bytes)
Event: 10.412 Thread 0x0000000017210000 nmethod 4716 0x00000000034f2510 code [0x00000000034f2680, 0x00000000034f29d0]
Event: 10.414 Thread 0x0000000017210000 4718       3       javafx.scene.Camera::getNearClip (21 bytes)
Event: 10.415 Thread 0x000000001720e000 nmethod 4717 0x00000000034f5850 code [0x00000000034f59c0, 0x00000000034f5b98]
Event: 10.415 Thread 0x0000000017210000 nmethod 4718 0x00000000034f5190 code [0x00000000034f5340, 0x00000000034f5708]
Event: 10.415 Thread 0x0000000017210000 4719       3       javafx.scene.Camera::getFarClip (21 bytes)
Event: 10.415 Thread 0x0000000017210000 nmethod 4719 0x00000000034f4ad0 code [0x00000000034f4c80, 0x00000000034f5048]
Event: 10.417 Thread 0x00000000171ff800 4720       4       java.util.ArrayList$Itr::next (66 bytes)
Event: 10.419 Thread 0x00000000171ff800 nmethod 4720 0x00000000034f3210 code [0x00000000034f3360, 0x00000000034f3478]

GC Heap History (10 events):
Event: 1.941 GC heap before
{Heap before GC invocations=3 (full 0):
 PSYoungGen      total 37888K, used 37881K [0x00000000d6000000, 0x00000000d8a00000, 0x0000000100000000)
  eden space 32768K, 100% used [0x00000000d6000000,0x00000000d8000000,0x00000000d8000000)
  from space 5120K, 99% used [0x00000000d8500000,0x00000000d89fe5b0,0x00000000d8a00000)
  to   space 5120K, 0% used [0x00000000d8000000,0x00000000d8000000,0x00000000d8500000)
 ParOldGen       total 86016K, used 10849K [0x0000000082000000, 0x0000000087400000, 0x00000000d6000000)
  object space 86016K, 12% used [0x0000000082000000,0x0000000082a98678,0x0000000087400000)
 Metaspace       used 20026K, capacity 20822K, committed 20992K, reserved 1067008K
  class space    used 2856K, capacity 3047K, committed 3072K, reserved 1048576K
Event: 1.948 GC heap after
Heap after GC invocations=3 (full 0):
 PSYoungGen      total 37888K, used 5113K [0x00000000d6000000, 0x00000000daa00000, 0x0000000100000000)
  eden space 32768K, 0% used [0x00000000d6000000,0x00000000d6000000,0x00000000d8000000)
  from space 5120K, 99% used [0x00000000d8000000,0x00000000d84fe590,0x00000000d8500000)
  to   space 5120K, 0% used [0x00000000da500000,0x00000000da500000,0x00000000daa00000)
 ParOldGen       total 86016K, used 13131K [0x0000000082000000, 0x0000000087400000, 0x00000000d6000000)
  object space 86016K, 15% used [0x0000000082000000,0x0000000082cd2d50,0x0000000087400000)
 Metaspace       used 20026K, capacity 20822K, committed 20992K, reserved 1067008K
  class space    used 2856K, capacity 3047K, committed 3072K, reserved 1048576K
}
Event: 2.092 GC heap before
{Heap before GC invocations=4 (full 0):
 PSYoungGen      total 37888K, used 22799K [0x00000000d6000000, 0x00000000daa00000, 0x0000000100000000)
  eden space 32768K, 53% used [0x00000000d6000000,0x00000000d71458d0,0x00000000d8000000)
  from space 5120K, 99% used [0x00000000d8000000,0x00000000d84fe590,0x00000000d8500000)
  to   space 5120K, 0% used [0x00000000da500000,0x00000000da500000,0x00000000daa00000)
 ParOldGen       total 86016K, used 13131K [0x0000000082000000, 0x0000000087400000, 0x00000000d6000000)
  object space 86016K, 15% used [0x0000000082000000,0x0000000082cd2d50,0x0000000087400000)
 Metaspace       used 20322K, capacity 21160K, committed 21296K, reserved 1067008K
  class space    used 2904K, capacity 3098K, committed 3120K, reserved 1048576K
Event: 2.097 GC heap after
Heap after GC invocations=4 (full 0):
 PSYoungGen      total 70656K, used 5088K [0x00000000d6000000, 0x00000000daa00000, 0x0000000100000000)
  eden space 65536K, 0% used [0x00000000d6000000,0x00000000d6000000,0x00000000da000000)
  from space 5120K, 99% used [0x00000000da500000,0x00000000da9f81e0,0x00000000daa00000)
  to   space 5120K, 0% used [0x00000000da000000,0x00000000da000000,0x00000000da500000)
 ParOldGen       total 86016K, used 13653K [0x0000000082000000, 0x0000000087400000, 0x00000000d6000000)
  object space 86016K, 15% used [0x0000000082000000,0x0000000082d55560,0x0000000087400000)
 Metaspace       used 20322K, capacity 21160K, committed 21296K, reserved 1067008K
  class space    used 2904K, capacity 3098K, committed 3120K, reserved 1048576K
}
Event: 2.097 GC heap before
{Heap before GC invocations=5 (full 1):
 PSYoungGen      total 70656K, used 5088K [0x00000000d6000000, 0x00000000daa00000, 0x0000000100000000)
  eden space 65536K, 0% used [0x00000000d6000000,0x00000000d6000000,0x00000000da000000)
  from space 5120K, 99% used [0x00000000da500000,0x00000000da9f81e0,0x00000000daa00000)
  to   space 5120K, 0% used [0x00000000da000000,0x00000000da000000,0x00000000da500000)
 ParOldGen       total 86016K, used 13653K [0x0000000082000000, 0x0000000087400000, 0x00000000d6000000)
  object space 86016K, 15% used [0x0000000082000000,0x0000000082d55560,0x0000000087400000)
 Metaspace       used 20322K, capacity 21160K, committed 21296K, reserved 1067008K
  class space    used 2904K, capacity 3098K, committed 3120K, reserved 1048576K
Event: 2.128 GC heap after
Heap after GC invocations=5 (full 1):
 PSYoungGen      total 70656K, used 0K [0x00000000d6000000, 0x00000000daa00000, 0x0000000100000000)
  eden space 65536K, 0% used [0x00000000d6000000,0x00000000d6000000,0x00000000da000000)
  from space 5120K, 0% used [0x00000000da500000,0x00000000da500000,0x00000000daa00000)
  to   space 5120K, 0% used [0x00000000da000000,0x00000000da000000,0x00000000da500000)
 ParOldGen       total 76288K, used 16990K [0x0000000082000000, 0x0000000086a80000, 0x00000000d6000000)
  object space 76288K, 22% used [0x0000000082000000,0x0000000083097b30,0x0000000086a80000)
 Metaspace       used 20322K, capacity 21160K, committed 21296K, reserved 1067008K
  class space    used 2904K, capacity 3098K, committed 3120K, reserved 1048576K
}
Event: 2.648 GC heap before
{Heap before GC invocations=6 (full 1):
 PSYoungGen      total 70656K, used 65536K [0x00000000d6000000, 0x00000000daa00000, 0x0000000100000000)
  eden space 65536K, 100% used [0x00000000d6000000,0x00000000da000000,0x00000000da000000)
  from space 5120K, 0% used [0x00000000da500000,0x00000000da500000,0x00000000daa00000)
  to   space 5120K, 0% used [0x00000000da000000,0x00000000da000000,0x00000000da500000)
 ParOldGen       total 76288K, used 16990K [0x0000000082000000, 0x0000000086a80000, 0x00000000d6000000)
  object space 76288K, 22% used [0x0000000082000000,0x0000000083097b30,0x0000000086a80000)
 Metaspace       used 22046K, capacity 23174K, committed 23216K, reserved 1069056K
  class space    used 3213K, capacity 3477K, committed 3504K, reserved 1048576K
Event: 2.653 GC heap after
Heap after GC invocations=6 (full 1):
 PSYoungGen      total 70656K, used 5112K [0x00000000d6000000, 0x00000000dde00000, 0x0000000100000000)
  eden space 65536K, 0% used [0x00000000d6000000,0x00000000d6000000,0x00000000da000000)
  from space 5120K, 99% used [0x00000000da000000,0x00000000da4fe080,0x00000000da500000)
  to   space 14848K, 0% used [0x00000000dcf80000,0x00000000dcf80000,0x00000000dde00000)
 ParOldGen       total 76288K, used 19019K [0x0000000082000000, 0x0000000086a80000, 0x00000000d6000000)
  object space 76288K, 24% used [0x0000000082000000,0x0000000083292da8,0x0000000086a80000)
 Metaspace       used 22046K, capacity 23174K, committed 23216K, reserved 1069056K
  class space    used 3213K, capacity 3477K, committed 3504K, reserved 1048576K
}
Event: 3.474 GC heap before
{Heap before GC invocations=7 (full 1):
 PSYoungGen      total 70656K, used 70648K [0x00000000d6000000, 0x00000000dde00000, 0x0000000100000000)
  eden space 65536K, 100% used [0x00000000d6000000,0x00000000da000000,0x00000000da000000)
  from space 5120K, 99% used [0x00000000da000000,0x00000000da4fe080,0x00000000da500000)
  to   space 14848K, 0% used [0x00000000dcf80000,0x00000000dcf80000,0x00000000dde00000)
 ParOldGen       total 76288K, used 19019K [0x0000000082000000, 0x0000000086a80000, 0x00000000d6000000)
  object space 76288K, 24% used [0x0000000082000000,0x0000000083292da8,0x0000000086a80000)
 Metaspace       used 25319K, capacity 27030K, committed 27184K, reserved 1073152K
  class space    used 3771K, capacity 4083K, committed 4144K, reserved 1048576K
Event: 3.489 GC heap after
Heap after GC invocations=7 (full 1):
 PSYoungGen      total 109568K, used 14823K [0x00000000d6000000, 0x00000000de780000, 0x0000000100000000)
  eden space 94720K, 0% used [0x00000000d6000000,0x00000000d6000000,0x00000000dbc80000)
  from space 14848K, 99% used [0x00000000dcf80000,0x00000000dddf9e80,0x00000000dde00000)
  to   space 19456K, 0% used [0x00000000dbc80000,0x00000000dbc80000,0x00000000dcf80000)
 ParOldGen       total 76288K, used 22222K [0x0000000082000000, 0x0000000086a80000, 0x00000000d6000000)
  object space 76288K, 29% used [0x0000000082000000,0x00000000835b3a68,0x0000000086a80000)
 Metaspace       used 25319K, capacity 27030K, committed 27184K, reserved 1073152K
  class space    used 3771K, capacity 4083K, committed 4144K, reserved 1048576K
}

Deoptimization events (10 events):
Event: 3.813 Thread 0x0000000018ee3000 Uncommon trap: reason=unstable_if action=reinterpret pc=0x0000000002f2abe0 method=java.lang.Class.arrayContentsEq([Ljava/lang/Object;[Ljava/lang/Object;)Z @ 1
Event: 3.859 Thread 0x0000000018ee3000 Uncommon trap: reason=unstable_if action=reinterpret pc=0x0000000002db0cb4 method=java.lang.Class.arrayContentsEq([Ljava/lang/Object;[Ljava/lang/Object;)Z @ 1
Event: 3.992 Thread 0x0000000018ee3000 Uncommon trap: reason=bimorphic action=maybe_recompile pc=0x000000000326a388 method=java.util.WeakHashMap.eq(Ljava/lang/Object;Ljava/lang/Object;)Z @ 7
Event: 3.993 Thread 0x0000000018ee3000 Uncommon trap: reason=bimorphic action=maybe_recompile pc=0x000000000326a388 method=java.util.WeakHashMap.eq(Ljava/lang/Object;Ljava/lang/Object;)Z @ 7
Event: 3.994 Thread 0x0000000018ee3000 Uncommon trap: reason=bimorphic action=maybe_recompile pc=0x000000000326a388 method=java.util.WeakHashMap.eq(Ljava/lang/Object;Ljava/lang/Object;)Z @ 7
Event: 3.994 Thread 0x0000000018ee3000 Uncommon trap: reason=bimorphic action=maybe_recompile pc=0x000000000326a388 method=java.util.WeakHashMap.eq(Ljava/lang/Object;Ljava/lang/Object;)Z @ 7
Event: 4.117 Thread 0x0000000018f1a000 Uncommon trap: reason=unstable_if action=reinterpret pc=0x000000000303d498 method=javafx.fxml.FXMLLoader$ControllerAccessor.addAccessibleMethods(Ljava/lang/Class;I)V @ 80
Event: 4.131 Thread 0x0000000018f1a000 Uncommon trap: reason=unstable_if action=reinterpret pc=0x00000000032dd740 method=javafx.scene.CssStyleHelper.canReuseStyleHelper(Ljavafx/scene/Node;Lcom/sun/javafx/css/StyleMap;)Z @ 57
Event: 4.193 Thread 0x0000000018f1a000 Uncommon trap: reason=unstable_if action=reinterpret pc=0x0000000002d63ae8 method=jdk.internal.org.objectweb.asm.Type.getArgumentsAndReturnSizes(Ljava/lang/String;)I @ 47
Event: 4.394 Thread 0x0000000018f1a000 Uncommon trap: reason=unstable_if action=reinterpret pc=0x0000000002edabc4 method=java.util.EnumMap.isValidKey(Ljava/lang/Object;)Z @ 16

Classes redefined (0 events):
No events

Internal exceptions (10 events):
Event: 0.845 Thread 0x0000000018f1a000 Exception <a 'java/lang/ArrayIndexOutOfBoundsException'> (0x00000000d7d85078) thrown at [C:\re\workspace\8-2-build-windows-amd64-cygwin\jdk8u161\10277\hotspot\src\share\vm\runtime\sharedRuntime.cpp, line 605]
Event: 0.881 Thread 0x0000000018f1a000 Exception <a 'java/lang/ArrayIndexOutOfBoundsException'> (0x00000000d7f2b3b8) thrown at [C:\re\workspace\8-2-build-windows-amd64-cygwin\jdk8u161\10277\hotspot\src\share\vm\runtime\sharedRuntime.cpp, line 605]
Event: 1.115 Thread 0x0000000018f1a000 Exception <a 'java/io/FileNotFoundException'> (0x00000000d70a4a38) thrown at [C:\re\workspace\8-2-build-windows-amd64-cygwin\jdk8u161\10277\hotspot\src\share\vm\prims\jni.cpp, line 709]
Event: 1.232 Thread 0x0000000018f1a000 Exception <a 'java/lang/NoClassDefFoundError': org/slf4j/impl/StaticLoggerBinder> (0x00000000d753d6a0) thrown at [C:\re\workspace\8-2-build-windows-amd64-cygwin\jdk8u161\10277\hotspot\src\share\vm\classfile\systemDictionary.cpp, line 199]
Event: 1.829 Thread 0x0000000018f1a000 Exception <a 'java/lang/ArrayIndexOutOfBoundsException': 57> (0x00000000d7455a68) thrown at [C:\re\workspace\8-2-build-windows-amd64-cygwin\jdk8u161\10277\hotspot\src\share\vm\interpreter\interpreterRuntime.cpp, line 366]
Event: 2.032 Thread 0x0000000018f1a000 Implicit null exception at 0x0000000002a322b5 to 0x0000000002a324cd
Event: 2.032 Thread 0x0000000018f1a000 Implicit null exception at 0x0000000002b7f258 to 0x0000000002b7f2e6
Event: 3.813 Thread 0x0000000018ee3000 Implicit null exception at 0x0000000002f2787c to 0x0000000002f2ab6d
Event: 3.859 Thread 0x0000000018ee3000 Implicit null exception at 0x0000000002db0963 to 0x0000000002db0c81
Event: 10.421 Thread 0x000000002533c800 Exception <a 'java/lang/IllegalStateException'> (0x00000000d79a3f70) thrown at [C:\re\workspace\8-2-build-windows-amd64-cygwin\jdk8u161\10277\hotspot\src\share\vm\prims\jvm.cpp, line 1394]

Events (10 events):
Event: 10.420 loading class java/util/IdentityHashMap$KeyIterator done
Event: 10.420 Thread 0x000000002533c800 Thread added: 0x000000002533c800
Event: 10.420 Thread 0x00000000270d3800 Thread added: 0x00000000270d3800
Event: 10.420 loading class com/sun/javafx/tk/quantum/QuantumRenderer
Event: 10.420 loading class com/sun/javafx/tk/quantum/QuantumRenderer done
Event: 10.421 Thread 0x00000000270d3800 Thread exited: 0x00000000270d3800
Event: 10.421 loading class com/sun/javafx/tk/quantum/QuantumToolkit
Event: 10.421 loading class com/sun/javafx/tk/quantum/QuantumToolkit done
Event: 10.421 Thread 0x000000002533c800 Thread exited: 0x000000002533c800
Event: 10.421 Executing VM operation: Exit


Dynamic libraries:
0x00007ff675180000 - 0x00007ff6751b7000 	C:\Program Files\Java\jdk1.8.0_161\bin\javaw.exe
0x00007ffe03c20000 - 0x00007ffe03e01000 	C:\WINDOWS\SYSTEM32\ntdll.dll
0x00007ffe037b0000 - 0x00007ffe03862000 	C:\WINDOWS\System32\KERNEL32.DLL
0x00007ffdffff0000 - 0x00007ffe00263000 	C:\WINDOWS\System32\KERNELBASE.dll
0x00007ffe03870000 - 0x00007ffe03911000 	C:\WINDOWS\System32\ADVAPI32.dll
0x00007ffe03710000 - 0x00007ffe037ae000 	C:\WINDOWS\System32\msvcrt.dll
0x00007ffe02d20000 - 0x00007ffe02d7b000 	C:\WINDOWS\System32\sechost.dll
0x00007ffe03230000 - 0x00007ffe03354000 	C:\WINDOWS\System32\RPCRT4.dll
0x00007ffe02f20000 - 0x00007ffe030b0000 	C:\WINDOWS\System32\USER32.dll
0x00007ffe008b0000 - 0x00007ffe008d0000 	C:\WINDOWS\System32\win32u.dll
0x00007ffe02cf0000 - 0x00007ffe02d18000 	C:\WINDOWS\System32\GDI32.dll
0x00007ffe00270000 - 0x00007ffe00402000 	C:\WINDOWS\System32\gdi32full.dll
0x00007ffe00810000 - 0x00007ffe008af000 	C:\WINDOWS\System32\msvcp_win.dll
0x00007ffe006b0000 - 0x00007ffe007aa000 	C:\WINDOWS\System32\ucrtbase.dll
0x00007ffdf3500000 - 0x00007ffdf3769000 	C:\WINDOWS\WinSxS\amd64_microsoft.windows.common-controls_6595b64144ccf1df_6.0.17134.286_none_fb43982d306480cc\COMCTL32.dll
0x00007ffe03360000 - 0x00007ffe03683000 	C:\WINDOWS\System32\combase.dll
0x00007ffe00920000 - 0x00007ffe0099a000 	C:\WINDOWS\System32\bcryptPrimitives.dll
0x00007ffe039f0000 - 0x00007ffe03a1d000 	C:\WINDOWS\System32\IMM32.DLL
0x00000000586f0000 - 0x00000000587c2000 	C:\Program Files\Java\jdk1.8.0_161\jre\bin\msvcr100.dll
0x0000000056780000 - 0x000000005701f000 	C:\Program Files\Java\jdk1.8.0_161\jre\bin\server\jvm.dll
0x00007ffe01780000 - 0x00007ffe01788000 	C:\WINDOWS\System32\PSAPI.DLL
0x00007ffdf17d0000 - 0x00007ffdf17d9000 	C:\WINDOWS\SYSTEM32\WSOCK32.dll
0x00007ffe03a20000 - 0x00007ffe03a8c000 	C:\WINDOWS\System32\WS2_32.dll
0x00007ffdfbcc0000 - 0x00007ffdfbce3000 	C:\WINDOWS\SYSTEM32\WINMM.dll
0x00007ffdf82a0000 - 0x00007ffdf82aa000 	C:\WINDOWS\SYSTEM32\VERSION.dll
0x00007ffdfbc90000 - 0x00007ffdfbcba000 	C:\WINDOWS\SYSTEM32\WINMMBASE.dll
0x00007ffe008d0000 - 0x00007ffe00919000 	C:\WINDOWS\System32\cfgmgr32.dll
0x0000000058b10000 - 0x0000000058b1f000 	C:\Program Files\Java\jdk1.8.0_161\jre\bin\verify.dll
0x0000000058ae0000 - 0x0000000058b09000 	C:\Program Files\Java\jdk1.8.0_161\jre\bin\java.dll
0x0000000058ac0000 - 0x0000000058ad6000 	C:\Program Files\Java\jdk1.8.0_161\jre\bin\zip.dll
0x00007ffe01790000 - 0x00007ffe02bd0000 	C:\WINDOWS\System32\SHELL32.dll
0x00007ffe010b0000 - 0x00007ffe01159000 	C:\WINDOWS\System32\shcore.dll
0x00007ffe009a0000 - 0x00007ffe010ad000 	C:\WINDOWS\System32\windows.storage.dll
0x00007ffe02c90000 - 0x00007ffe02ce1000 	C:\WINDOWS\System32\shlwapi.dll
0x00007ffdfffb0000 - 0x00007ffdfffc1000 	C:\WINDOWS\System32\kernel.appcore.dll
0x00007ffdfffd0000 - 0x00007ffdfffef000 	C:\WINDOWS\System32\profapi.dll
0x00007ffdfff50000 - 0x00007ffdfff9c000 	C:\WINDOWS\System32\powrprof.dll
0x00007ffdfffa0000 - 0x00007ffdfffaa000 	C:\WINDOWS\System32\FLTLIB.DLL
0x00000000025d0000 - 0x00000000025d3000 	C:\Program Files\Java\jdk1.8.0_161\jre\bin\api-ms-win-core-console-l1-1-0.dll
0x00000000025e0000 - 0x00000000025e3000 	C:\Program Files\Java\jdk1.8.0_161\jre\bin\api-ms-win-core-datetime-l1-1-0.dll
0x00000000025f0000 - 0x00000000025f3000 	C:\Program Files\Java\jdk1.8.0_161\jre\bin\api-ms-win-core-debug-l1-1-0.dll
0x0000000019140000 - 0x0000000019143000 	C:\Program Files\Java\jdk1.8.0_161\jre\bin\api-ms-win-core-errorhandling-l1-1-0.dll
0x0000000019150000 - 0x0000000019154000 	C:\Program Files\Java\jdk1.8.0_161\jre\bin\api-ms-win-core-file-l1-1-0.dll
0x0000000019160000 - 0x0000000019163000 	C:\Program Files\Java\jdk1.8.0_161\jre\bin\api-ms-win-core-file-l1-2-0.dll
0x0000000019170000 - 0x0000000019173000 	C:\Program Files\Java\jdk1.8.0_161\jre\bin\api-ms-win-core-file-l2-1-0.dll
0x0000000019180000 - 0x0000000019183000 	C:\Program Files\Java\jdk1.8.0_161\jre\bin\api-ms-win-core-handle-l1-1-0.dll
0x0000000019190000 - 0x0000000019193000 	C:\Program Files\Java\jdk1.8.0_161\jre\bin\api-ms-win-core-heap-l1-1-0.dll
0x00000000191a0000 - 0x00000000191a3000 	C:\Program Files\Java\jdk1.8.0_161\jre\bin\api-ms-win-core-interlocked-l1-1-0.dll
0x00000000191b0000 - 0x00000000191b3000 	C:\Program Files\Java\jdk1.8.0_161\jre\bin\api-ms-win-core-libraryloader-l1-1-0.dll
0x00000000191c0000 - 0x00000000191c3000 	C:\Program Files\Java\jdk1.8.0_161\jre\bin\api-ms-win-core-localization-l1-2-0.dll
0x00000000191d0000 - 0x00000000191d3000 	C:\Program Files\Java\jdk1.8.0_161\jre\bin\api-ms-win-core-memory-l1-1-0.dll
0x00000000191e0000 - 0x00000000191e3000 	C:\Program Files\Java\jdk1.8.0_161\jre\bin\api-ms-win-core-namedpipe-l1-1-0.dll
0x00000000191f0000 - 0x00000000191f3000 	C:\Program Files\Java\jdk1.8.0_161\jre\bin\api-ms-win-core-processenvironment-l1-1-0.dll
0x0000000019200000 - 0x0000000019203000 	C:\Program Files\Java\jdk1.8.0_161\jre\bin\api-ms-win-core-processthreads-l1-1-0.dll
0x0000000019210000 - 0x0000000019213000 	C:\Program Files\Java\jdk1.8.0_161\jre\bin\api-ms-win-core-processthreads-l1-1-1.dll
0x0000000019220000 - 0x0000000019223000 	C:\Program Files\Java\jdk1.8.0_161\jre\bin\api-ms-win-core-profile-l1-1-0.dll
0x0000000019230000 - 0x0000000019233000 	C:\Program Files\Java\jdk1.8.0_161\jre\bin\api-ms-win-core-rtlsupport-l1-1-0.dll
0x0000000019240000 - 0x0000000019243000 	C:\Program Files\Java\jdk1.8.0_161\jre\bin\api-ms-win-core-string-l1-1-0.dll
0x0000000019250000 - 0x0000000019253000 	C:\Program Files\Java\jdk1.8.0_161\jre\bin\api-ms-win-core-synch-l1-1-0.dll
0x0000000019260000 - 0x0000000019263000 	C:\Program Files\Java\jdk1.8.0_161\jre\bin\api-ms-win-core-synch-l1-2-0.dll
0x0000000019270000 - 0x0000000019273000 	C:\Program Files\Java\jdk1.8.0_161\jre\bin\api-ms-win-core-sysinfo-l1-1-0.dll
0x0000000019280000 - 0x0000000019283000 	C:\Program Files\Java\jdk1.8.0_161\jre\bin\api-ms-win-core-timezone-l1-1-0.dll
0x0000000019290000 - 0x0000000019293000 	C:\Program Files\Java\jdk1.8.0_161\jre\bin\api-ms-win-core-util-l1-1-0.dll
0x00000000192a0000 - 0x00000000192a3000 	C:\Program Files\Java\jdk1.8.0_161\jre\bin\api-ms-win-crt-conio-l1-1-0.dll
0x00000000192b0000 - 0x00000000192b4000 	C:\Program Files\Java\jdk1.8.0_161\jre\bin\api-ms-win-crt-convert-l1-1-0.dll
0x00000000192c0000 - 0x00000000192c3000 	C:\Program Files\Java\jdk1.8.0_161\jre\bin\api-ms-win-crt-environment-l1-1-0.dll
0x00000000192d0000 - 0x00000000192d3000 	C:\Program Files\Java\jdk1.8.0_161\jre\bin\api-ms-win-crt-filesystem-l1-1-0.dll
0x00000000192e0000 - 0x00000000192e3000 	C:\Program Files\Java\jdk1.8.0_161\jre\bin\api-ms-win-crt-heap-l1-1-0.dll
0x00000000192f0000 - 0x00000000192f3000 	C:\Program Files\Java\jdk1.8.0_161\jre\bin\api-ms-win-crt-locale-l1-1-0.dll
0x0000000019300000 - 0x0000000019305000 	C:\Program Files\Java\jdk1.8.0_161\jre\bin\api-ms-win-crt-math-l1-1-0.dll
0x0000000019310000 - 0x0000000019315000 	C:\Program Files\Java\jdk1.8.0_161\jre\bin\api-ms-win-crt-multibyte-l1-1-0.dll
0x0000000019320000 - 0x0000000019330000 	C:\Program Files\Java\jdk1.8.0_161\jre\bin\api-ms-win-crt-private-l1-1-0.dll
0x0000000019330000 - 0x0000000019333000 	C:\Program Files\Java\jdk1.8.0_161\jre\bin\api-ms-win-crt-process-l1-1-0.dll
0x0000000019340000 - 0x0000000019344000 	C:\Program Files\Java\jdk1.8.0_161\jre\bin\api-ms-win-crt-runtime-l1-1-0.dll
0x0000000019350000 - 0x0000000019354000 	C:\Program Files\Java\jdk1.8.0_161\jre\bin\api-ms-win-crt-stdio-l1-1-0.dll
0x0000000019360000 - 0x0000000019364000 	C:\Program Files\Java\jdk1.8.0_161\jre\bin\api-ms-win-crt-string-l1-1-0.dll
0x0000000019370000 - 0x0000000019373000 	C:\Program Files\Java\jdk1.8.0_161\jre\bin\api-ms-win-crt-time-l1-1-0.dll
0x0000000019380000 - 0x0000000019383000 	C:\Program Files\Java\jdk1.8.0_161\jre\bin\api-ms-win-crt-utility-l1-1-0.dll
0x00007ffdd4bd0000 - 0x00007ffdd4cc6000 	C:\Program Files\Java\jdk1.8.0_161\jre\bin\ucrtbase.dll
0x00007ffddb470000 - 0x00007ffddb4c1000 	C:\Program Files\Java\jdk1.8.0_161\jre\bin\concrt140.dll
0x00007ffdfdb90000 - 0x00007ffdfdc37000 	C:\WINDOWS\SYSTEM32\MSVCP140.dll
0x00007ffdfdc40000 - 0x00007ffdfdc56000 	C:\WINDOWS\SYSTEM32\VCRUNTIME140.dll
0x00007ffdf6f80000 - 0x00007ffdf6f96000 	C:\Program Files\Java\jdk1.8.0_161\jre\bin\vcruntime140.dll
0x00007ffdd4ed0000 - 0x00007ffdd4f6c000 	C:\Program Files\Java\jdk1.8.0_161\jre\bin\msvcp140.dll
0x0000000058a90000 - 0x0000000058ab3000 	C:\Program Files\Java\jdk1.8.0_161\jre\bin\prism_d3d.dll
0x00007ffdc7080000 - 0x00007ffdc7217000 	C:\WINDOWS\system32\d3d9.dll
0x00007ffdfe330000 - 0x00007ffdfe359000 	C:\WINDOWS\SYSTEM32\dwmapi.dll
0x00007ffdfd860000 - 0x00007ffdfd8f8000 	C:\WINDOWS\system32\uxtheme.dll
0x00007ffda1780000 - 0x00007ffda548b000 	C:\WINDOWS\System32\DriverStore\FileRepository\ki125173.inf_amd64_6f141e257f4fffee\igdumdim64.dll
0x00007ffe012d0000 - 0x00007ffe0171b000 	C:\WINDOWS\System32\SETUPAPI.dll
0x00007ffe01160000 - 0x00007ffe012b1000 	C:\WINDOWS\System32\ole32.dll
0x00007ffe03920000 - 0x00007ffe039e2000 	C:\WINDOWS\System32\OLEAUT32.dll
0x00000000586a0000 - 0x00000000586e9000 	C:\Program Files\Java\jdk1.8.0_161\jre\bin\glass.dll
0x00007ffe03b00000 - 0x00007ffe03bed000 	C:\WINDOWS\System32\COMDLG32.dll
0x00007ffe030b0000 - 0x00007ffe03225000 	C:\WINDOWS\System32\MSCTF.dll
0x00007ffdf8620000 - 0x00007ffdf9c2c000 	C:\WINDOWS\System32\DriverStore\FileRepository\ki125173.inf_amd64_6f141e257f4fffee\igc64.dll
0x0000000058a70000 - 0x0000000058a84000 	C:\Program Files\Java\jdk1.8.0_161\jre\bin\javafx_font.dll
0x00007ffddb5c0000 - 0x00007ffddb8dc000 	C:\WINDOWS\SYSTEM32\dwrite.dll
0x0000000058670000 - 0x0000000058694000 	C:\Program Files\Java\jdk1.8.0_161\jre\bin\sunec.dll
0x0000000058650000 - 0x000000005866a000 	C:\Program Files\Java\jdk1.8.0_161\jre\bin\net.dll
0x00007ffdff7b0000 - 0x00007ffdff816000 	C:\WINDOWS\system32\mswsock.dll
0x00007ffdff530000 - 0x00007ffdff568000 	C:\WINDOWS\SYSTEM32\IPHLPAPI.DLL
0x00007ffe012c0000 - 0x00007ffe012c8000 	C:\WINDOWS\System32\NSI.dll
0x00007ffdf83e0000 - 0x00007ffdf83f6000 	C:\WINDOWS\SYSTEM32\dhcpcsvc6.DLL
0x00007ffdf8490000 - 0x00007ffdf84aa000 	C:\WINDOWS\SYSTEM32\dhcpcsvc.DLL
0x0000000058630000 - 0x0000000058641000 	C:\Program Files\Java\jdk1.8.0_161\jre\bin\nio.dll
0x00007ffe02bd0000 - 0x00007ffe02c70000 	C:\WINDOWS\System32\clbcatq.dll
0x00007ffdfab80000 - 0x00007ffdfad2e000 	C:\WINDOWS\SYSTEM32\WindowsCodecs.dll
0x00007ffdead40000 - 0x00007ffdead98000 	C:\WINDOWS\system32\dataexchange.dll
0x00007ffdfc7c0000 - 0x00007ffdfcacb000 	C:\WINDOWS\system32\d3d11.dll
0x00007ffdfd0a0000 - 0x00007ffdfd23c000 	C:\WINDOWS\system32\dcomp.dll
0x00007ffdfecf0000 - 0x00007ffdfedab000 	C:\WINDOWS\system32\dxgi.dll
0x00007ffdfe4c0000 - 0x00007ffdfe678000 	C:\WINDOWS\system32\twinapi.appcore.dll
0x00007ffdfe410000 - 0x00007ffdfe431000 	C:\WINDOWS\system32\RMCLIENT.dll
0x00007ffdea3f0000 - 0x00007ffdea424000 	C:\Program Files\Common Files\Microsoft Shared\Ink\rtscom.dll
0x00007ffdf5e40000 - 0x00007ffdf5ed7000 	C:\WINDOWS\System32\TextInputFramework.dll
0x00007ffdfd580000 - 0x00007ffdfd65a000 	C:\WINDOWS\System32\CoreMessaging.dll
0x00007ffdfa100000 - 0x00007ffdfa41e000 	C:\WINDOWS\System32\CoreUIComponents.dll
0x00007ffdff020000 - 0x00007ffdff051000 	C:\WINDOWS\SYSTEM32\ntmarta.dll
0x00007ffdfb7f0000 - 0x00007ffdfb93d000 	C:\WINDOWS\SYSTEM32\wintypes.dll
0x0000000058600000 - 0x0000000058623000 	C:\Program Files\Java\jdk1.8.0_161\jre\bin\javafx_iio.dll
0x00000000585e0000 - 0x00000000585f2000 	C:\Program Files\Java\jdk1.8.0_161\jre\bin\prism_common.dll
0x00007ffdfe980000 - 0x00007ffdfeb49000 	C:\WINDOWS\SYSTEM32\dbghelp.dll

VM Arguments:
jvm_args: -Dfile.encoding=UTF-8 
java_command: com.jeeves.vpl.Main
java_class_path (initial): C:\Users\danie\eclipse-workspace\Jeeves\target\classes;C:\Users\danie\eclipse-workspace\Jeeves\poi-3.15.jar;C:\Users\danie\eclipse-workspace\Jeeves\commons-lang3-3.5.jar;C:\Users\danie\eclipse-workspace\Jeeves\controlsfx-8.40.12.jar;C:\Users\danie\.m2\repository\commons-codec\commons-codec\1.9\commons-codec-1.9.jar;C:\Users\danie\.m2\repository\commons-validator\commons-validator\1.4.1\commons-validator-1.4.1.jar;C:\Users\danie\.m2\repository\commons-beanutils\commons-beanutils\1.8.3\commons-beanutils-1.8.3.jar;C:\Users\danie\.m2\repository\commons-digester\commons-digester\1.8.1\commons-digester-1.8.1.jar;C:\Users\danie\.m2\repository\commons-logging\commons-logging\1.2\commons-logging-1.2.jar;C:\Users\danie\.m2\repository\commons-collections\commons-collections\3.2.1\commons-collections-3.2.1.jar;C:\Users\danie\.m2\repository\org\apache\shiro\shiro-core\1.3.2\shiro-core-1.3.2.jar;C:\Users\danie\.m2\repository\org\slf4j\slf4j-api\1.6.4\slf4j-api-1.6.4.jar;C:\Users\danie\.m2\repository\com\google\firebase\firebase-admin\5.6.0\firebase-admin-5.6.0.jar;C:\Users\danie\.m2\repository\com\google\api-client\google-api-client\1.22.0\google-api-client-1.22.0.jar;C:\Users\danie\.m2\repository\com\google\oauth-client\google-oauth-client\1.22.0\google-oauth-client-1.22.0.jar;C:\Users\danie\.m2\repository\com\google\http-client\google-http-client-jackson2\1.22.0\google-http-client-jackson2-1.22.0.jar;C:\Users\danie\.m2\repository\com\fasterxml\jackson\core\jackson-core\2.1.3\jackson-core-2.1.3.jar;C:\Users\danie\.m2\repository\com\google\api-client\google-api-client-gson\1.22.0\google-api-client-gson-1.22.0.jar;C:\Users\danie\.m2\repository\com\google\http-client\google-http-client-gson\1.22.0\google-http-client-gson-1.22.0.jar;C:\Users\danie\.m2\repository\com\google\code\gson\gson\2.1\gson-2.1.jar;C:\Users\danie\.m2\repository\com\google\http-client\google-http-client\1.22.0\google-http-client-1.22.0.jar;C:\Users\danie\.m2\repository\com\google\co
Launcher Type: SUN_STANDARD

Environment Variables:
JAVA_HOME=c:\program files\java\jdk1.8.0_161
PATH=C:/Program Files/Java/jre1.8.0_171/bin/server;C:/Program Files/Java/jre1.8.0_171/bin;C:/Program Files/Java/jre1.8.0_171/lib/amd64;C:\Program Files (x86)\Common Files\Oracle\Java\javapath;C:\ProgramData\Oracle\Java\javapath;C:\Program Files (x86)\Intel\Intel(R) Management Engine Components\iCLS\;C:\Program Files\Intel\Intel(R) Management Engine Components\iCLS\;C:\Windows\system32;C:\Windows;C:\Windows\System32\Wbem;C:\Windows\System32\WindowsPowerShell\v1.0\;C:\Program Files (x86)\Intel\Intel(R) Management Engine Components\DAL;C:\Program Files\Intel\Intel(R) Management Engine Components\DAL;C:\Program Files (x86)\Intel\Intel(R) Management Engine Components\IPT;C:\Program Files\Intel\Intel(R) Management Engine Components\IPT;C:\Program Files\Intel\WiFi\bin\;C:\Program Files\Common Files\Intel\WirelessCommon\;C:\Program Files (x86)\NVIDIA Corporation\PhysX\Common;C:\Python27;C:\Python27\Scripts;C:\Program Files\Git\cmd;C:\Program Files\Git\mingw64\bin;C:\Program Files\Git\usr\bin;C:\WINDOWS\system32;C:\WINDOWS;C:\WINDOWS\System32\Wbem;C:\WINDOWS\System32\WindowsPowerShell\v1.0\;C:\WINDOWS\System32\OpenSSH\;C:\Program Files\PuTTY\;C:\Program Files\Microsoft SQL Server\120\Tools\Binn\;C:\Users\danie\scoop\shims;c:\jruby-9.1.8.0\bin;C:\Ruby24-x64\bin;C:\Users\danie\AppData\Local\Microsoft\WindowsApps;C:\Program Files\Heroku\bin;;C:\Users\danie\OneDrive\Desktop;
USERNAME=danie
OS=Windows_NT
PROCESSOR_IDENTIFIER=Intel64 Family 6 Model 158 Stepping 9, GenuineIntel



---------------  S Y S T E M  ---------------

OS: Windows 10.0 , 64 bit Build 17134 (10.0.17134.1)

CPU:total 4 (initial active 4) (4 cores per cpu, 1 threads per core) family 6 model 158 stepping 9, cmov, cx8, fxsr, mmx, sse, sse2, sse3, ssse3, sse4.1, sse4.2, popcnt, avx, avx2, aes, clmul, erms, 3dnowpref, lzcnt, tsc, tscinvbit, bmi1, bmi2, adx

Memory: 4k page, physical 8250724k(1906688k free), swap 18736484k(6999316k free)

vm_info: Java HotSpot(TM) 64-Bit Server VM (25.161-b12) for windows-amd64 JRE (1.8.0_161-b12), built on Dec 19 2017 17:52:25 by "java_re" with MS VC++ 10.0 (VS2010)

time: Fri Oct 05 20:43:39 2018
elapsed time: 10 seconds (0d 0h 0m 10s)

