#
# A fatal error has been detected by the Java Runtime Environment:
#
#  EXCEPTION_ACCESS_VIOLATION (0xc0000005) at pc=0x00000000667c78b0, pid=10880, tid=0x0000000000003088
#
# JRE version: Java(TM) SE Runtime Environment (8.0_151-b12) (build 1.8.0_151-b12)
# Java VM: Java HotSpot(TM) 64-Bit Server VM (25.151-b12 mixed mode windows-amd64 compressed oops)
# Problematic frame:
# C  [glass.dll+0x278b0]
#
# Failed to write core dump. Minidumps are not enabled by default on client versions of Windows
#
# If you would like to submit a bug report, please visit:
#   http://bugreport.java.com/bugreport/crash.jsp
#

---------------  T H R E A D  ---------------

Current thread (0x00000000192b7800):  VMThread [stack: 0x000000001a360000,0x000000001a460000] [id=12424]

siginfo: ExceptionCode=0xc0000005, reading address 0x0000000000000000

Registers:
RAX=0x0000000000000000, RBX=0x000000001bca5ea8, RCX=0x00000000192b7800, RDX=0x0000000067edc658
RSP=0x000000001a45ef10, RBP=0x00000000027b25c8, RSI=0x00000000027b25a0, RDI=0x0000a83d1a6b2669
R8 =0x0000000000010002, R9 =0x0000000000000029, R10=0x0000a83d1a6b2669, R11=0x000000001a45ee10
R12=0x0000000000000000, R13=0x0000000000000040, R14=0x000000001a45f028, R15=0x00000000027b25a0
RIP=0x00000000667c78b0, EFLAGS=0x0000000000010202

Top of Stack: (sp=0x000000001a45ef10)
0x000000001a45ef10:   0000000000000000 00007ff86f3ed00b
0x000000001a45ef20:   00000000027b25b0 00000000027b25b0
0x000000001a45ef30:   fffffffffffffffe 00000000027b25c8
0x000000001a45ef40:   00000000027b25a8 00007ff86f3f85f3
0x000000001a45ef50:   00000000667dc1b0 00007ff800000000
0x000000001a45ef60:   0000000000000000 0000000000000000
0x000000001a45ef70:   fffffffffffffffe 0000000000000000
0x000000001a45ef80:   0000000000000001 00000000667a0000
0x000000001a45ef90:   0000000000341638 00000000667c48dc
0x000000001a45efa0:   000000001a45f018 00007ff86f3ed157
0x000000001a45efb0:   0000000000000000 000000001a45f028
0x000000001a45efc0:   00000000191c59a0 00007ff86f4c70e0
0x000000001a45efd0:   0000000000000000 00007ff86f3f16ee
0x000000001a45efe0:   0000000000000000 0000000000000001
0x000000001a45eff0:   0000000000000001 000000001a45f018
0x000000001a45f000:   0000000000000000 00000000667c4752 

Instructions: (pc=0x00000000667c78b0)
0x00000000667c7890:   40 53 48 83 ec 30 48 c7 44 24 20 fe ff ff ff 48
0x00000000667c78a0:   8b 1d 7a 72 01 00 48 85 db 74 16 e8 00 81 ff ff
0x00000000667c78b0:   4c 8b 00 48 8b d3 48 8b c8 41 ff 90 b0 00 00 00
0x00000000667c78c0:   90 48 83 c4 30 5b c3 cc cc cc cc cc cc cc cc cc 


Register to memory mapping:

RAX=0x0000000000000000 is an unknown value
RBX=0x000000001bca5ea8 is a global jni handle
RCX=0x00000000192b7800 is an unknown value
RDX=0x0000000067edc658 is an unknown value
RSP=0x000000001a45ef10 is an unknown value
RBP=0x00000000027b25c8 is an unknown value
RSI=0x00000000027b25a0 is an unknown value
RDI=0x0000a83d1a6b2669 is an unknown value
R8 =0x0000000000010002 is an unknown value
R9 =0x0000000000000029 is an unknown value
R10=0x0000a83d1a6b2669 is an unknown value
R11=0x000000001a45ee10 is an unknown value
R12=0x0000000000000000 is an unknown value
R13=0x0000000000000040 is an unknown value
R14=0x000000001a45f028 is an unknown value
R15=0x00000000027b25a0 is an unknown value


Stack: [0x000000001a360000,0x000000001a460000],  sp=0x000000001a45ef10,  free space=1019k
Native frames: (J=compiled Java code, j=interpreted, Vv=VM code, C=native code)
C  [glass.dll+0x278b0]
C  [ucrtbase.dll+0x185f3]
C  [ucrtbase.dll+0xd157]
C  [ucrtbase.dll+0x116ee]
C  [glass.dll+0x24752]
C  [glass.dll+0x24850]
C  [ntdll.dll+0x11493]
C  [ntdll.dll+0x406b5]
C  [ntdll.dll+0x40574]
C  [KERNEL32.DLL+0xf06a]
C  [msvcr100.dll+0x20ccd]
V  [jvm.dll+0x212a95]
V  [jvm.dll+0x24b9a7]
V  [jvm.dll+0x24ac46]
V  [jvm.dll+0x24b0e1]
V  [jvm.dll+0x24b2fe]
V  [jvm.dll+0x29c3ea]
C  [msvcr100.dll+0x21d9f]
C  [msvcr100.dll+0x21e3b]
C  [KERNEL32.DLL+0x11fe4]
C  [ntdll.dll+0x6efb1]

VM_Operation (0x000000001c1dac70): Exit, mode: safepoint, requested by thread 0x000000001b51c000


---------------  P R O C E S S  ---------------

Java Threads: ( => current thread )
  0x00000000210e7800 JavaThread "Prism Font Disposer" daemon [_thread_blocked, id=5460, stack(0x00000000236e0000,0x00000000237e0000)]
  0x000000001b5ae000 JavaThread "JavaFX-Launcher" [_thread_blocked, id=6996, stack(0x0000000020870000,0x0000000020970000)]
  0x000000001b596000 JavaThread "Thread-2" daemon [_thread_in_native, id=4396, stack(0x0000000020770000,0x0000000020870000)]
  0x000000001b51c000 JavaThread "JavaFX Application Thread" [_thread_blocked, id=14396, stack(0x000000001c0e0000,0x000000001c1e0000)]
  0x000000001b52b800 JavaThread "Thread-1" daemon [_thread_blocked, id=3936, stack(0x000000001bfe0000,0x000000001c0e0000)]
  0x000000001b4fe000 JavaThread "QuantumRenderer-0" daemon [_thread_blocked, id=14892, stack(0x000000001bce0000,0x000000001bde0000)]
  0x000000001ac95000 JavaThread "Service Thread" daemon [_thread_blocked, id=10212, stack(0x000000001b060000,0x000000001b160000)]
  0x0000000019301000 JavaThread "C1 CompilerThread2" daemon [_thread_blocked, id=10592, stack(0x000000001ab60000,0x000000001ac60000)]
  0x00000000192f8000 JavaThread "C2 CompilerThread1" daemon [_thread_blocked, id=15164, stack(0x000000001aa60000,0x000000001ab60000)]
  0x00000000192f3800 JavaThread "C2 CompilerThread0" daemon [_thread_blocked, id=10836, stack(0x000000001a960000,0x000000001aa60000)]
  0x00000000192f2000 JavaThread "Attach Listener" daemon [_thread_blocked, id=14728, stack(0x000000001a860000,0x000000001a960000)]
  0x00000000192f1000 JavaThread "Signal Dispatcher" daemon [_thread_blocked, id=13032, stack(0x000000001a760000,0x000000001a860000)]
  0x00000000192da800 JavaThread "Finalizer" daemon [_thread_blocked, id=1472, stack(0x000000001a560000,0x000000001a660000)]
  0x0000000004723000 JavaThread "Reference Handler" daemon [_thread_blocked, id=10824, stack(0x000000001a460000,0x000000001a560000)]
  0x0000000004633800 JavaThread "main" [_thread_blocked, id=8996, stack(0x0000000004530000,0x0000000004630000)]

Other Threads:
=>0x00000000192b7800 VMThread [stack: 0x000000001a360000,0x000000001a460000] [id=12424]

VM state:at safepoint (shutting down)

VM Mutex/Monitor currently owned by a thread:  ([mutex/lock_event])
[0x0000000004630cd0] Threads_lock - owner thread: 0x00000000192b7800

Heap:
 PSYoungGen      total 114688K, used 91871K [0x00000000d5b00000, 0x00000000deb80000, 0x0000000100000000)
  eden space 110592K, 79% used [0x00000000d5b00000,0x00000000db0e6cf0,0x00000000dc700000)
  from space 4096K, 95% used [0x00000000de780000,0x00000000deb50f10,0x00000000deb80000)
  to   space 10240K, 0% used [0x00000000dd780000,0x00000000dd780000,0x00000000de180000)
 ParOldGen       total 71168K, used 18653K [0x0000000081000000, 0x0000000085580000, 0x00000000d5b00000)
  object space 71168K, 26% used [0x0000000081000000,0x0000000082237518,0x0000000085580000)
 Metaspace       used 26368K, capacity 28218K, committed 28288K, reserved 1073152K
  class space    used 3893K, capacity 4220K, committed 4224K, reserved 1048576K

Card table byte_map: [0x0000000013af0000,0x0000000013ef0000] byte_map_base: 0x00000000136e8000

Marking Bits: (ParMarkBitMap*) 0x00000000680cd850
 Begin Bits: [0x00000000145a0000, 0x0000000016560000)
 End Bits:   [0x0000000016560000, 0x0000000018520000)

Polling page: 0x0000000002770000

CodeCache: size=245760Kb used=14726Kb max_used=14748Kb free=231033Kb
 bounds [0x0000000004730000, 0x00000000055b0000, 0x0000000013730000]
 total_blobs=5345 nmethods=4616 adapters=639
 compilation: enabled

Compilation events (10 events):
Event: 6.094 Thread 0x0000000019301000 4622       3       com.sun.javafx.tk.Toolkit$$Lambda$418/1783110358::run (8 bytes)
Event: 6.095 Thread 0x0000000019301000 nmethod 4622 0x000000000556ded0 code [0x000000000556e040, 0x000000000556e2c8]
Event: 6.095 Thread 0x0000000019301000 4623       3       com.sun.javafx.tk.Toolkit::lambda$runPulse$29 (8 bytes)
Event: 6.095 Thread 0x0000000019301000 nmethod 4623 0x000000000556da90 code [0x000000000556dc00, 0x000000000556de08]
Event: 6.223 Thread 0x0000000019301000 4624       3       jdk.internal.org.objectweb.asm.FieldVisitor::<init> (35 bytes)
Event: 6.223 Thread 0x0000000019301000 nmethod 4624 0x000000000556d510 code [0x000000000556d680, 0x000000000556d988]
Event: 6.223 Thread 0x0000000019301000 4625       3       jdk.internal.org.objectweb.asm.FieldWriter::visitEnd (1 bytes)
Event: 6.223 Thread 0x0000000019301000 nmethod 4625 0x000000000556d210 code [0x000000000556d360, 0x000000000556d4b0]
Event: 6.230 Thread 0x0000000019301000 4626       1       java.util.logging.Logger::getName (5 bytes)
Event: 6.231 Thread 0x0000000019301000 nmethod 4626 0x000000000556cf50 code [0x000000000556d0a0, 0x000000000556d1b0]

GC Heap History (10 events):
Event: 2.035 GC heap before
{Heap before GC invocations=3 (full 0):
 PSYoungGen      total 38400K, used 38377K [0x00000000d5b00000, 0x00000000da600000, 0x0000000100000000)
  eden space 33280K, 100% used [0x00000000d5b00000,0x00000000d7b80000,0x00000000d7b80000)
  from space 5120K, 99% used [0x00000000d8080000,0x00000000d857a5a0,0x00000000d8580000)
  to   space 5120K, 0% used [0x00000000d7b80000,0x00000000d7b80000,0x00000000d8080000)
 ParOldGen       total 87552K, used 12170K [0x0000000081000000, 0x0000000086580000, 0x00000000d5b00000)
  object space 87552K, 13% used [0x0000000081000000,0x0000000081be2b90,0x0000000086580000)
 Metaspace       used 19712K, capacity 20582K, committed 20736K, reserved 1067008K
  class space    used 2836K, capacity 3048K, committed 3072K, reserved 1048576K
Event: 2.040 GC heap after
Heap after GC invocations=3 (full 0):
 PSYoungGen      total 38400K, used 4464K [0x00000000d5b00000, 0x00000000da600000, 0x0000000100000000)
  eden space 33280K, 0% used [0x00000000d5b00000,0x00000000d5b00000,0x00000000d7b80000)
  from space 5120K, 87% used [0x00000000d7b80000,0x00000000d7fdc090,0x00000000d8080000)
  to   space 5120K, 0% used [0x00000000da100000,0x00000000da100000,0x00000000da600000)
 ParOldGen       total 87552K, used 13900K [0x0000000081000000, 0x0000000086580000, 0x00000000d5b00000)
  object space 87552K, 15% used [0x0000000081000000,0x0000000081d930a0,0x0000000086580000)
 Metaspace       used 19712K, capacity 20582K, committed 20736K, reserved 1067008K
  class space    used 2836K, capacity 3048K, committed 3072K, reserved 1048576K
}
Event: 2.246 GC heap before
{Heap before GC invocations=4 (full 0):
 PSYoungGen      total 38400K, used 37744K [0x00000000d5b00000, 0x00000000da600000, 0x0000000100000000)
  eden space 33280K, 100% used [0x00000000d5b00000,0x00000000d7b80000,0x00000000d7b80000)
  from space 5120K, 87% used [0x00000000d7b80000,0x00000000d7fdc090,0x00000000d8080000)
  to   space 5120K, 0% used [0x00000000da100000,0x00000000da100000,0x00000000da600000)
 ParOldGen       total 87552K, used 13900K [0x0000000081000000, 0x0000000086580000, 0x00000000d5b00000)
  object space 87552K, 15% used [0x0000000081000000,0x0000000081d930a0,0x0000000086580000)
 Metaspace       used 20021K, capacity 20938K, committed 21120K, reserved 1067008K
  class space    used 2892K, capacity 3102K, committed 3200K, reserved 1048576K
Event: 2.254 GC heap after
Heap after GC invocations=4 (full 0):
 PSYoungGen      total 71680K, used 4983K [0x00000000d5b00000, 0x00000000da600000, 0x0000000100000000)
  eden space 66560K, 0% used [0x00000000d5b00000,0x00000000d5b00000,0x00000000d9c00000)
  from space 5120K, 97% used [0x00000000da100000,0x00000000da5ddce0,0x00000000da600000)
  to   space 5120K, 0% used [0x00000000d9c00000,0x00000000d9c00000,0x00000000da100000)
 ParOldGen       total 87552K, used 13908K [0x0000000081000000, 0x0000000086580000, 0x00000000d5b00000)
  object space 87552K, 15% used [0x0000000081000000,0x0000000081d950a0,0x0000000086580000)
 Metaspace       used 20021K, capacity 20938K, committed 21120K, reserved 1067008K
  class space    used 2892K, capacity 3102K, committed 3200K, reserved 1048576K
}
Event: 2.291 GC heap before
{Heap before GC invocations=5 (full 0):
 PSYoungGen      total 71680K, used 10238K [0x00000000d5b00000, 0x00000000da600000, 0x0000000100000000)
  eden space 66560K, 7% used [0x00000000d5b00000,0x00000000d6021d50,0x00000000d9c00000)
  from space 5120K, 97% used [0x00000000da100000,0x00000000da5ddce0,0x00000000da600000)
  to   space 5120K, 0% used [0x00000000d9c00000,0x00000000d9c00000,0x00000000da100000)
 ParOldGen       total 87552K, used 13908K [0x0000000081000000, 0x0000000086580000, 0x00000000d5b00000)
  object space 87552K, 15% used [0x0000000081000000,0x0000000081d950a0,0x0000000086580000)
 Metaspace       used 20281K, capacity 21262K, committed 21296K, reserved 1067008K
  class space    used 2956K, capacity 3168K, committed 3200K, reserved 1048576K
Event: 2.301 GC heap after
Heap after GC invocations=5 (full 0):
 PSYoungGen      total 71680K, used 5033K [0x00000000d5b00000, 0x00000000df200000, 0x0000000100000000)
  eden space 66560K, 0% used [0x00000000d5b00000,0x00000000d5b00000,0x00000000d9c00000)
  from space 5120K, 98% used [0x00000000d9c00000,0x00000000da0ea760,0x00000000da100000)
  to   space 10752K, 0% used [0x00000000de780000,0x00000000de780000,0x00000000df200000)
 ParOldGen       total 87552K, used 13916K [0x0000000081000000, 0x0000000086580000, 0x00000000d5b00000)
  object space 87552K, 15% used [0x0000000081000000,0x0000000081d970a0,0x0000000086580000)
 Metaspace       used 20281K, capacity 21262K, committed 21296K, reserved 1067008K
  class space    used 2956K, capacity 3168K, committed 3200K, reserved 1048576K
}
Event: 2.301 GC heap before
{Heap before GC invocations=6 (full 1):
 PSYoungGen      total 71680K, used 5033K [0x00000000d5b00000, 0x00000000df200000, 0x0000000100000000)
  eden space 66560K, 0% used [0x00000000d5b00000,0x00000000d5b00000,0x00000000d9c00000)
  from space 5120K, 98% used [0x00000000d9c00000,0x00000000da0ea760,0x00000000da100000)
  to   space 10752K, 0% used [0x00000000de780000,0x00000000de780000,0x00000000df200000)
 ParOldGen       total 87552K, used 13916K [0x0000000081000000, 0x0000000086580000, 0x00000000d5b00000)
  object space 87552K, 15% used [0x0000000081000000,0x0000000081d970a0,0x0000000086580000)
 Metaspace       used 20281K, capacity 21262K, committed 21296K, reserved 1067008K
  class space    used 2956K, capacity 3168K, committed 3200K, reserved 1048576K
Event: 2.363 GC heap after
Heap after GC invocations=6 (full 1):
 PSYoungGen      total 71680K, used 0K [0x00000000d5b00000, 0x00000000df200000, 0x0000000100000000)
  eden space 66560K, 0% used [0x00000000d5b00000,0x00000000d5b00000,0x00000000d9c00000)
  from space 5120K, 0% used [0x00000000d9c00000,0x00000000d9c00000,0x00000000da100000)
  to   space 10752K, 0% used [0x00000000de780000,0x00000000de780000,0x00000000df200000)
 ParOldGen       total 71168K, used 18653K [0x0000000081000000, 0x0000000085580000, 0x00000000d5b00000)
  object space 71168K, 26% used [0x0000000081000000,0x0000000082237518,0x0000000085580000)
 Metaspace       used 20281K, capacity 21262K, committed 21296K, reserved 1067008K
  class space    used 2956K, capacity 3168K, committed 3200K, reserved 1048576K
}
Event: 2.861 GC heap before
{Heap before GC invocations=7 (full 1):
 PSYoungGen      total 71680K, used 66560K [0x00000000d5b00000, 0x00000000df200000, 0x0000000100000000)
  eden space 66560K, 100% used [0x00000000d5b00000,0x00000000d9c00000,0x00000000d9c00000)
  from space 5120K, 0% used [0x00000000d9c00000,0x00000000d9c00000,0x00000000da100000)
  to   space 10752K, 0% used [0x00000000de780000,0x00000000de780000,0x00000000df200000)
 ParOldGen       total 71168K, used 18653K [0x0000000081000000, 0x0000000085580000, 0x00000000d5b00000)
  object space 71168K, 26% used [0x0000000081000000,0x0000000082237518,0x0000000085580000)
 Metaspace       used 21131K, capacity 22252K, committed 22400K, reserved 1069056K
  class space    used 3114K, capacity 3343K, committed 3456K, reserved 1048576K
Event: 2.872 GC heap after
Heap after GC invocations=7 (full 1):
 PSYoungGen      total 114688K, used 3907K [0x00000000d5b00000, 0x00000000deb80000, 0x0000000100000000)
  eden space 110592K, 0% used [0x00000000d5b00000,0x00000000d5b00000,0x00000000dc700000)
  from space 4096K, 95% used [0x00000000de780000,0x00000000deb50f10,0x00000000deb80000)
  to   space 10240K, 0% used [0x00000000dd780000,0x00000000dd780000,0x00000000de180000)
 ParOldGen       total 71168K, used 18653K [0x0000000081000000, 0x0000000085580000, 0x00000000d5b00000)
  object space 71168K, 26% used [0x0000000081000000,0x0000000082237518,0x0000000085580000)
 Metaspace       used 21131K, capacity 22252K, committed 22400K, reserved 1069056K
  class space    used 3114K, capacity 3343K, committed 3456K, reserved 1048576K
}

Deoptimization events (10 events):
Event: 4.400 Thread 0x000000001b4fe000 Uncommon trap: reason=bimorphic action=maybe_recompile pc=0x000000000529e4ac method=java.util.WeakHashMap.eq(Ljava/lang/Object;Ljava/lang/Object;)Z @ 7
Event: 4.401 Thread 0x000000001b4fe000 Uncommon trap: reason=bimorphic action=maybe_recompile pc=0x000000000529e4ac method=java.util.WeakHashMap.eq(Ljava/lang/Object;Ljava/lang/Object;)Z @ 7
Event: 4.402 Thread 0x000000001b4fe000 Uncommon trap: reason=bimorphic action=maybe_recompile pc=0x000000000529e4ac method=java.util.WeakHashMap.eq(Ljava/lang/Object;Ljava/lang/Object;)Z @ 7
Event: 4.523 Thread 0x000000001b51c000 Uncommon trap: reason=unstable_if action=reinterpret pc=0x00000000054184c8 method=java.lang.StrictMath.floorOrCeil(DDDD)D @ 24
Event: 4.530 Thread 0x000000001b51c000 Uncommon trap: reason=unstable_if action=reinterpret pc=0x00000000052cfa94 method=javafx.scene.Node.markDirtyLayoutBranch()V @ 16
Event: 4.536 Thread 0x000000001b51c000 Uncommon trap: reason=unstable_if action=reinterpret pc=0x0000000004f06644 method=java.util.EnumMap.isValidKey(Ljava/lang/Object;)Z @ 16
Event: 4.537 Thread 0x000000001b51c000 Uncommon trap: reason=unstable_if action=reinterpret pc=0x0000000004f06a5c method=java.util.EnumMap.isValidKey(Ljava/lang/Object;)Z @ 16
Event: 4.542 Thread 0x000000001b51c000 Uncommon trap: reason=unstable_if action=reinterpret pc=0x000000000531c9f8 method=javafx.scene.Node.impl_isDirtyEmpty()Z @ 4
Event: 4.542 Thread 0x000000001b51c000 Uncommon trap: reason=unstable_if action=reinterpret pc=0x00000000052e0b54 method=javafx.scene.Node.impl_isDirtyEmpty()Z @ 4
Event: 4.574 Thread 0x000000001b51c000 Uncommon trap: reason=unstable_if action=reinterpret pc=0x0000000004dae528 method=jdk.internal.org.objectweb.asm.Type.getArgumentsAndReturnSizes(Ljava/lang/String;)I @ 47

Internal exceptions (10 events):
Event: 1.273 Thread 0x000000001b51c000 Exception <a 'java/lang/NoClassDefFoundError': org/slf4j/impl/StaticLoggerBinder> (0x00000000d64219e8) thrown at [C:\re\workspace\8-2-build-windows-amd64-cygwin\jdk8u151\9699\hotspot\src\share\vm\classfile\systemDictionary.cpp, line 199]
Event: 1.920 Thread 0x000000001b51c000 Exception <a 'java/lang/ArrayIndexOutOfBoundsException': 57> (0x00000000d6a85c70) thrown at [C:\re\workspace\8-2-build-windows-amd64-cygwin\jdk8u151\9699\hotspot\src\share\vm\interpreter\interpreterRuntime.cpp, line 366]
Event: 2.145 Thread 0x000000001b51c000 Implicit null exception at 0x0000000004a696b5 to 0x0000000004a698d1
Event: 2.145 Thread 0x000000001b51c000 Implicit null exception at 0x0000000004ac41d8 to 0x0000000004ac4266
Event: 3.834 Thread 0x000000001b51c000 Implicit null exception at 0x000000000525fe6b to 0x0000000005261899
Event: 3.835 Thread 0x000000001b51c000 Implicit null exception at 0x000000000527cabd to 0x000000000527f3e9
Event: 3.835 Thread 0x000000001b51c000 Implicit null exception at 0x00000000051d1201 to 0x00000000051d2d6d
Event: 4.256 Thread 0x000000001b4fe000 Implicit null exception at 0x0000000004f889d4 to 0x0000000004f8bb5d
Event: 4.305 Thread 0x000000001b4fe000 Implicit null exception at 0x0000000004f941e4 to 0x0000000004f97631
Event: 6.234 Thread 0x000000002145c000 Exception <a 'java/lang/IllegalStateException'> (0x00000000daf7c658) thrown at [C:\re\workspace\8-2-build-windows-amd64-cygwin\jdk8u151\9699\hotspot\src\share\vm\prims\jvm.cpp, line 1394]

Events (10 events):
Event: 6.228 loading class java/util/IdentityHashMap$KeyIterator done
Event: 6.229 Thread 0x0000000029878800 Thread added: 0x0000000029878800
Event: 6.229 Thread 0x000000002145c000 Thread added: 0x000000002145c000
Event: 6.230 Thread 0x0000000029878800 Thread exited: 0x0000000029878800
Event: 6.231 loading class com/sun/javafx/tk/quantum/QuantumRenderer
Event: 6.231 loading class com/sun/javafx/tk/quantum/QuantumRenderer done
Event: 6.233 loading class com/sun/javafx/tk/quantum/QuantumToolkit
Event: 6.233 loading class com/sun/javafx/tk/quantum/QuantumToolkit done
Event: 6.234 Thread 0x000000002145c000 Thread exited: 0x000000002145c000
Event: 6.234 Executing VM operation: Exit


Dynamic libraries:
0x00007ff71cf40000 - 0x00007ff71cf77000 	C:\Program Files\Java\jre1.8.0_151\bin\javaw.exe
0x00007ff872f70000 - 0x00007ff873150000 	C:\WINDOWS\SYSTEM32\ntdll.dll
0x00007ff8706d0000 - 0x00007ff87077e000 	C:\WINDOWS\System32\KERNEL32.DLL
0x00007ff86f4e0000 - 0x00007ff86f746000 	C:\WINDOWS\System32\KERNELBASE.dll
0x00007ff872ad0000 - 0x00007ff872b71000 	C:\WINDOWS\System32\ADVAPI32.dll
0x00007ff872e50000 - 0x00007ff872eed000 	C:\WINDOWS\System32\msvcrt.dll
0x00007ff870810000 - 0x00007ff87086b000 	C:\WINDOWS\System32\sechost.dll
0x00007ff870e60000 - 0x00007ff870f7f000 	C:\WINDOWS\System32\RPCRT4.dll
0x00007ff8710d0000 - 0x00007ff87125f000 	C:\WINDOWS\System32\USER32.dll
0x00007ff86f3c0000 - 0x00007ff86f3e0000 	C:\WINDOWS\System32\win32u.dll
0x00007ff8712d0000 - 0x00007ff8712f8000 	C:\WINDOWS\System32\GDI32.dll
0x00007ff86f8e0000 - 0x00007ff86fa73000 	C:\WINDOWS\System32\gdi32full.dll
0x00007ff8703a0000 - 0x00007ff87043b000 	C:\WINDOWS\System32\msvcp_win.dll
0x00007ff86f3e0000 - 0x00007ff86f4d6000 	C:\WINDOWS\System32\ucrtbase.dll
0x00007ff8685a0000 - 0x00007ff868809000 	C:\WINDOWS\WinSxS\amd64_microsoft.windows.common-controls_6595b64144ccf1df_6.0.16299.192_none_15c8cdae9364c23b\COMCTL32.dll
0x00007ff871300000 - 0x00007ff871608000 	C:\WINDOWS\System32\combase.dll
0x00007ff86f800000 - 0x00007ff86f872000 	C:\WINDOWS\System32\bcryptPrimitives.dll
0x00007ff872f00000 - 0x00007ff872f2d000 	C:\WINDOWS\System32\IMM32.DLL
0x0000000067140000 - 0x0000000067212000 	C:\Program Files\Java\jre1.8.0_151\bin\msvcr100.dll
0x00000000678b0000 - 0x000000006814d000 	C:\Program Files\Java\jre1.8.0_151\bin\server\jvm.dll
0x00007ff872f30000 - 0x00007ff872f38000 	C:\WINDOWS\System32\PSAPI.DLL
0x00007ff864f90000 - 0x00007ff864f99000 	C:\WINDOWS\SYSTEM32\WSOCK32.dll
0x00007ff868fb0000 - 0x00007ff868fd3000 	C:\WINDOWS\SYSTEM32\WINMM.dll
0x00007ff871260000 - 0x00007ff8712cc000 	C:\WINDOWS\System32\WS2_32.dll
0x00007ff867670000 - 0x00007ff86767a000 	C:\WINDOWS\SYSTEM32\VERSION.dll
0x00007ff868f80000 - 0x00007ff868faa000 	C:\WINDOWS\SYSTEM32\WINMMBASE.dll
0x00007ff86f370000 - 0x00007ff86f3ba000 	C:\WINDOWS\System32\cfgmgr32.dll
0x00000000678a0000 - 0x00000000678af000 	C:\Program Files\Java\jre1.8.0_151\bin\verify.dll
0x0000000067870000 - 0x0000000067899000 	C:\Program Files\Java\jre1.8.0_151\bin\java.dll
0x0000000067850000 - 0x0000000067866000 	C:\Program Files\Java\jre1.8.0_151\bin\zip.dll
0x00007ff871630000 - 0x00007ff872a66000 	C:\WINDOWS\System32\SHELL32.dll
0x00007ff870440000 - 0x00007ff8704e6000 	C:\WINDOWS\System32\shcore.dll
0x00007ff86fc50000 - 0x00007ff870397000 	C:\WINDOWS\System32\windows.storage.dll
0x00007ff872a70000 - 0x00007ff872ac1000 	C:\WINDOWS\System32\shlwapi.dll
0x00007ff86f300000 - 0x00007ff86f311000 	C:\WINDOWS\System32\kernel.appcore.dll
0x00007ff86f320000 - 0x00007ff86f36c000 	C:\WINDOWS\System32\powrprof.dll
0x00007ff86f2e0000 - 0x00007ff86f2fb000 	C:\WINDOWS\System32\profapi.dll
0x000000001b260000 - 0x000000001b263000 	C:\Program Files\Java\jre1.8.0_151\bin\api-ms-win-core-console-l1-1-0.dll
0x000000001b270000 - 0x000000001b273000 	C:\Program Files\Java\jre1.8.0_151\bin\api-ms-win-core-datetime-l1-1-0.dll
0x000000001b280000 - 0x000000001b283000 	C:\Program Files\Java\jre1.8.0_151\bin\api-ms-win-core-debug-l1-1-0.dll
0x000000001b290000 - 0x000000001b293000 	C:\Program Files\Java\jre1.8.0_151\bin\api-ms-win-core-errorhandling-l1-1-0.dll
0x000000001b2a0000 - 0x000000001b2a4000 	C:\Program Files\Java\jre1.8.0_151\bin\api-ms-win-core-file-l1-1-0.dll
0x000000001b2b0000 - 0x000000001b2b3000 	C:\Program Files\Java\jre1.8.0_151\bin\api-ms-win-core-file-l1-2-0.dll
0x000000001b2c0000 - 0x000000001b2c3000 	C:\Program Files\Java\jre1.8.0_151\bin\api-ms-win-core-file-l2-1-0.dll
0x000000001b2d0000 - 0x000000001b2d3000 	C:\Program Files\Java\jre1.8.0_151\bin\api-ms-win-core-handle-l1-1-0.dll
0x000000001b2e0000 - 0x000000001b2e3000 	C:\Program Files\Java\jre1.8.0_151\bin\api-ms-win-core-heap-l1-1-0.dll
0x000000001b2f0000 - 0x000000001b2f3000 	C:\Program Files\Java\jre1.8.0_151\bin\api-ms-win-core-interlocked-l1-1-0.dll
0x000000001b300000 - 0x000000001b303000 	C:\Program Files\Java\jre1.8.0_151\bin\api-ms-win-core-libraryloader-l1-1-0.dll
0x000000001b310000 - 0x000000001b313000 	C:\Program Files\Java\jre1.8.0_151\bin\api-ms-win-core-localization-l1-2-0.dll
0x000000001b320000 - 0x000000001b323000 	C:\Program Files\Java\jre1.8.0_151\bin\api-ms-win-core-memory-l1-1-0.dll
0x000000001b330000 - 0x000000001b333000 	C:\Program Files\Java\jre1.8.0_151\bin\api-ms-win-core-namedpipe-l1-1-0.dll
0x000000001b340000 - 0x000000001b343000 	C:\Program Files\Java\jre1.8.0_151\bin\api-ms-win-core-processenvironment-l1-1-0.dll
0x000000001b350000 - 0x000000001b353000 	C:\Program Files\Java\jre1.8.0_151\bin\api-ms-win-core-processthreads-l1-1-0.dll
0x000000001b360000 - 0x000000001b363000 	C:\Program Files\Java\jre1.8.0_151\bin\api-ms-win-core-processthreads-l1-1-1.dll
0x000000001b370000 - 0x000000001b373000 	C:\Program Files\Java\jre1.8.0_151\bin\api-ms-win-core-profile-l1-1-0.dll
0x000000001b380000 - 0x000000001b383000 	C:\Program Files\Java\jre1.8.0_151\bin\api-ms-win-core-rtlsupport-l1-1-0.dll
0x000000001b390000 - 0x000000001b393000 	C:\Program Files\Java\jre1.8.0_151\bin\api-ms-win-core-string-l1-1-0.dll
0x000000001b3a0000 - 0x000000001b3a3000 	C:\Program Files\Java\jre1.8.0_151\bin\api-ms-win-core-synch-l1-1-0.dll
0x000000001b3b0000 - 0x000000001b3b3000 	C:\Program Files\Java\jre1.8.0_151\bin\api-ms-win-core-synch-l1-2-0.dll
0x000000001b3c0000 - 0x000000001b3c3000 	C:\Program Files\Java\jre1.8.0_151\bin\api-ms-win-core-sysinfo-l1-1-0.dll
0x000000001b3d0000 - 0x000000001b3d3000 	C:\Program Files\Java\jre1.8.0_151\bin\api-ms-win-core-timezone-l1-1-0.dll
0x000000001b3e0000 - 0x000000001b3e3000 	C:\Program Files\Java\jre1.8.0_151\bin\api-ms-win-core-util-l1-1-0.dll
0x000000001b3f0000 - 0x000000001b3f3000 	C:\Program Files\Java\jre1.8.0_151\bin\api-ms-win-crt-conio-l1-1-0.dll
0x000000001b400000 - 0x000000001b404000 	C:\Program Files\Java\jre1.8.0_151\bin\api-ms-win-crt-convert-l1-1-0.dll
0x000000001b410000 - 0x000000001b413000 	C:\Program Files\Java\jre1.8.0_151\bin\api-ms-win-crt-environment-l1-1-0.dll
0x000000001b420000 - 0x000000001b423000 	C:\Program Files\Java\jre1.8.0_151\bin\api-ms-win-crt-filesystem-l1-1-0.dll
0x000000001b430000 - 0x000000001b433000 	C:\Program Files\Java\jre1.8.0_151\bin\api-ms-win-crt-heap-l1-1-0.dll
0x000000001b440000 - 0x000000001b443000 	C:\Program Files\Java\jre1.8.0_151\bin\api-ms-win-crt-locale-l1-1-0.dll
0x000000001b450000 - 0x000000001b455000 	C:\Program Files\Java\jre1.8.0_151\bin\api-ms-win-crt-math-l1-1-0.dll
0x000000001b460000 - 0x000000001b465000 	C:\Program Files\Java\jre1.8.0_151\bin\api-ms-win-crt-multibyte-l1-1-0.dll
0x000000001b470000 - 0x000000001b480000 	C:\Program Files\Java\jre1.8.0_151\bin\api-ms-win-crt-private-l1-1-0.dll
0x000000001b480000 - 0x000000001b483000 	C:\Program Files\Java\jre1.8.0_151\bin\api-ms-win-crt-process-l1-1-0.dll
0x000000001b490000 - 0x000000001b494000 	C:\Program Files\Java\jre1.8.0_151\bin\api-ms-win-crt-runtime-l1-1-0.dll
0x000000001b4a0000 - 0x000000001b4a4000 	C:\Program Files\Java\jre1.8.0_151\bin\api-ms-win-crt-stdio-l1-1-0.dll
0x000000001b4b0000 - 0x000000001b4b4000 	C:\Program Files\Java\jre1.8.0_151\bin\api-ms-win-crt-string-l1-1-0.dll
0x000000001b4c0000 - 0x000000001b4c3000 	C:\Program Files\Java\jre1.8.0_151\bin\api-ms-win-crt-time-l1-1-0.dll
0x000000001b4d0000 - 0x000000001b4d3000 	C:\Program Files\Java\jre1.8.0_151\bin\api-ms-win-crt-utility-l1-1-0.dll
0x00007ff862de0000 - 0x00007ff862ed6000 	C:\Program Files\Java\jre1.8.0_151\bin\ucrtbase.dll
0x00007ff85c030000 - 0x00007ff85c081000 	C:\Program Files\Java\jre1.8.0_151\bin\concrt140.dll
0x00007ff865510000 - 0x00007ff865526000 	C:\Program Files\Java\jre1.8.0_151\bin\VCRUNTIME140.dll
0x00007ff859680000 - 0x00007ff85971c000 	C:\Program Files\Java\jre1.8.0_151\bin\MSVCP140.dll
0x00000000667f0000 - 0x0000000066813000 	C:\Program Files\Java\jre1.8.0_151\bin\prism_d3d.dll
0x00007ff848dc0000 - 0x00007ff848f55000 	C:\WINDOWS\system32\d3d9.dll
0x00007ff86de30000 - 0x00007ff86de5a000 	C:\WINDOWS\SYSTEM32\dwmapi.dll
0x00007ff86dd60000 - 0x00007ff86ddf5000 	C:\WINDOWS\system32\uxtheme.dll
0x00007ff8704f0000 - 0x00007ff8705b5000 	C:\WINDOWS\System32\OLEAUT32.dll
0x00007ff870f80000 - 0x00007ff8710c9000 	C:\WINDOWS\System32\ole32.dll
0x00000000667a0000 - 0x00000000667e9000 	C:\Program Files\Java\jre1.8.0_151\bin\glass.dll
0x00007ff8705c0000 - 0x00007ff8706ca000 	C:\WINDOWS\System32\COMDLG32.dll
0x00007ff872b80000 - 0x00007ff872ce7000 	C:\WINDOWS\System32\MSCTF.dll
0x0000000066780000 - 0x0000000066794000 	C:\Program Files\Java\jre1.8.0_151\bin\javafx_font.dll
0x00007ff84e800000 - 0x00007ff84eb0f000 	C:\WINDOWS\SYSTEM32\dwrite.dll
0x00000000677e0000 - 0x0000000067804000 	C:\Program Files\Java\jre1.8.0_151\bin\sunec.dll
0x0000000067830000 - 0x000000006784a000 	C:\Program Files\Java\jre1.8.0_151\bin\net.dll
0x00007ff86eaf0000 - 0x00007ff86eb56000 	C:\WINDOWS\system32\mswsock.dll
0x00007ff86e880000 - 0x00007ff86e8b9000 	C:\WINDOWS\SYSTEM32\IPHLPAPI.DLL
0x00007ff872ef0000 - 0x00007ff872ef8000 	C:\WINDOWS\System32\NSI.dll
0x00007ff869370000 - 0x00007ff869386000 	C:\WINDOWS\SYSTEM32\dhcpcsvc6.DLL
0x00007ff869550000 - 0x00007ff86956a000 	C:\WINDOWS\SYSTEM32\dhcpcsvc.DLL
0x0000000067810000 - 0x0000000067821000 	C:\Program Files\Java\jre1.8.0_151\bin\nio.dll
0x00007ff872db0000 - 0x00007ff872e4e000 	C:\WINDOWS\System32\clbcatq.dll
0x00007ff861340000 - 0x00007ff8614eb000 	C:\WINDOWS\SYSTEM32\WindowsCodecs.dll
0x00007ff85df20000 - 0x00007ff85df6f000 	C:\WINDOWS\system32\dataexchange.dll
0x00007ff86d770000 - 0x00007ff86d8b2000 	C:\WINDOWS\system32\dcomp.dll
0x00007ff86c7c0000 - 0x00007ff86caa1000 	C:\WINDOWS\system32\d3d11.dll
0x00007ff86e0e0000 - 0x00007ff86e18f000 	C:\WINDOWS\system32\dxgi.dll
0x00007ff86da60000 - 0x00007ff86dbdb000 	C:\WINDOWS\system32\twinapi.appcore.dll
0x00007ff86dbe0000 - 0x00007ff86dc00000 	C:\WINDOWS\system32\RMCLIENT.dll
0x00007ff86edc0000 - 0x00007ff86ede5000 	C:\WINDOWS\system32\bcrypt.dll
0x00007ff865040000 - 0x00007ff865074000 	C:\Program Files\Common Files\Microsoft Shared\Ink\rtscom.dll
0x00007ff860310000 - 0x00007ff8603a8000 	C:\WINDOWS\System32\TextInputFramework.dll
0x00007ff860020000 - 0x00007ff86030e000 	C:\WINDOWS\System32\CoreUIComponents.dll
0x00007ff86c6e0000 - 0x00007ff86c7bc000 	C:\WINDOWS\System32\CoreMessaging.dll
0x00007ff86e3d0000 - 0x00007ff86e401000 	C:\WINDOWS\SYSTEM32\ntmarta.dll
0x00007ff86bc80000 - 0x00007ff86bdb6000 	C:\WINDOWS\SYSTEM32\wintypes.dll
0x0000000066750000 - 0x0000000066773000 	C:\Program Files\Java\jre1.8.0_151\bin\javafx_iio.dll
0x0000000066730000 - 0x0000000066742000 	C:\Program Files\Java\jre1.8.0_151\bin\prism_common.dll
0x00007ff868cf0000 - 0x00007ff868eb8000 	C:\WINDOWS\SYSTEM32\dbghelp.dll

VM Arguments:
jvm_args: -Dfile.encoding=UTF-8 
java_command: com.jeeves.vpl.Main
java_class_path (initial): C:\Program Files\Java\jre1.8.0_151\lib\resources.jar;C:\Program Files\Java\jre1.8.0_151\lib\rt.jar;C:\Program Files\Java\jre1.8.0_151\lib\jsse.jar;C:\Program Files\Java\jre1.8.0_151\lib\jce.jar;C:\Program Files\Java\jre1.8.0_151\lib\charsets.jar;C:\Program Files\Java\jre1.8.0_151\lib\jfr.jar;C:\Program Files\Java\jre1.8.0_151\lib\ext\access-bridge-64.jar;C:\Program Files\Java\jre1.8.0_151\lib\ext\cldrdata.jar;C:\Program Files\Java\jre1.8.0_151\lib\ext\dnsns.jar;C:\Program Files\Java\jre1.8.0_151\lib\ext\dns_sd.jar;C:\Program Files\Java\jre1.8.0_151\lib\ext\jaccess.jar;C:\Program Files\Java\jre1.8.0_151\lib\ext\jfxrt.jar;C:\Program Files\Java\jre1.8.0_151\lib\ext\localedata.jar;C:\Program Files\Java\jre1.8.0_151\lib\ext\nashorn.jar;C:\Program Files\Java\jre1.8.0_151\lib\ext\sunec.jar;C:\Program Files\Java\jre1.8.0_151\lib\ext\sunjce_provider.jar;C:\Program Files\Java\jre1.8.0_151\lib\ext\sunmscapi.jar;C:\Program Files\Java\jre1.8.0_151\lib\ext\sunpkcs11.jar;C:\Program Files\Java\jre1.8.0_151\lib\ext\zipfs.jar;C:\Users\Cath\Documents\workspace\Jeeves\target\classes;C:\Users\Cath\Documents\workspace\Jeeves\poi-3.15.jar;C:\Users\Cath\Documents\workspace\Jeeves\commons-lang3-3.5.jar;C:\Users\Cath\Documents\workspace\Jeeves\controlsfx-8.40.12.jar;C:\Users\Cath\.m2\repository\commons-codec\commons-codec\1.9\commons-codec-1.9.jar;C:\Users\Cath\.m2\repository\commons-validator\commons-validator\1.4.1\commons-validator-1.4.1.jar;C:\Users\Cath\.m2\repository\commons-beanutils\commons-beanutils\1.8.3\commons-beanutils-1.8.3.jar;C:\Users\Cath\.m2\repository\commons-digester\commons-digester\1.8.1\commons-digester-1.8.1.jar;C:\Users\Cath\.m2\repository\commons-logging\commons-logging\1.2\commons-logging-1.2.jar;C:\Users\Cath\.m2\repository\commons-collections\commons-collections\3.2.1\commons-collections-3.2.1.jar;C:\Users\Cath\.m2\repository\org\apache\shiro\shiro-core\1.3.2\shiro-core-1.3.2.jar;C:\Users\Cath\.m2\repository\org\slf4j\slf4j-api\1.6.4\
Launcher Type: SUN_STANDARD

Environment Variables:
JAVA_HOME=C:\Program Files\Java\jdk1.8.0_151
PATH=C:/Program Files/Java/jre1.8.0_151/bin/server;C:/Program Files/Java/jre1.8.0_151/bin;C:/Program Files/Java/jre1.8.0_151/lib/amd64;C:\ProgramData\Oracle\Java\javapath;C:\WINDOWS\system32;C:\WINDOWS;C:\WINDOWS\System32\Wbem;C:\WINDOWS\System32\WindowsPowerShell\v1.0\;C:\Program Files\Git\cmd;C:\Program Files\Java\jdk1.8.0_151\bin;C:\Users\Cath\AppData\Local\Microsoft\WindowsApps;C:\MinGW\bin;C:\MinGW\msys\1.0\bin;;C:\Users\Cath\Desktop;
USERNAME=Cath
OS=Windows_NT
PROCESSOR_IDENTIFIER=Intel64 Family 6 Model 69 Stepping 1, GenuineIntel



---------------  S Y S T E M  ---------------

OS: Windows 10.0 , 64 bit Build 16299 (10.0.16299.15)

CPU:total 4 (initial active 4) (2 cores per cpu, 2 threads per core) family 6 model 69 stepping 1, cmov, cx8, fxsr, mmx, sse, sse2, sse3, ssse3, sse4.1, sse4.2, popcnt, avx, avx2, aes, clmul, erms, lzcnt, ht, tsc, tscinvbit, bmi1, bmi2

Memory: 4k page, physical 8317080k(1597704k free), swap 14893824k(3075652k free)

vm_info: Java HotSpot(TM) 64-Bit Server VM (25.151-b12) for windows-amd64 JRE (1.8.0_151-b12), built on Sep  5 2017 19:33:46 by "java_re" with MS VC++ 10.0 (VS2010)

time: Thu Jan 11 13:07:09 2018
elapsed time: 6 seconds (0d 0h 0m 6s)

