#
# A fatal error has been detected by the Java Runtime Environment:
#
#  EXCEPTION_ACCESS_VIOLATION (0xc0000005) at pc=0x000000005977584a, pid=492, tid=0x0000000000002fd4
#
# JRE version: Java(TM) SE Runtime Environment (8.0_121-b13) (build 1.8.0_121-b13)
# Java VM: Java HotSpot(TM) 64-Bit Server VM (25.121-b13 mixed mode windows-amd64 compressed oops)
# Problematic frame:
# C  [glass.dll+0x2584a]
#
# Failed to write core dump. Minidumps are not enabled by default on client versions of Windows
#
# If you would like to submit a bug report, please visit:
#   http://bugreport.java.com/bugreport/crash.jsp
#

---------------  T H R E A D  ---------------

Current thread (0x0000000017088000):  VMThread [stack: 0x0000000018110000,0x0000000018210000] [id=12244]

siginfo: ExceptionCode=0xc0000005, reading address 0x0000000000000000

Registers:
RAX=0x0000000000000000, RBX=0x00000000195bfe88, RCX=0x0000000017088000, RDX=0x00000000195bfe88
RSP=0x000000001820f650, RBP=0x00000000007c8c20, RSI=0x0000000000000001, RDI=0x0000000000000000
R8 =0x0000000000010002, R9 =0x00000000007c8c20, R10=0x0000000000000000, R11=0x0000000000000246
R12=0x00000000007c8c50, R13=0x00000000007c8c20, R14=0x00000000007c8c30, R15=0x0000000000000000
RIP=0x000000005977584a, EFLAGS=0x0000000000010206

Top of Stack: (sp=0x000000001820f650)
0x000000001820f650:   0000000000000000 0000000059775900
0x000000001820f660:   0000000000000000 00000000007c8c20
0x000000001820f670:   0000000059775830 0000000059773224
0x000000001820f680:   00000000597891b0 000000000ff1668f
0x000000001820f690:   0000000016f95400 00007ffb2b1d5aa2
0x000000001820f6a0:   0000000059773384 0000000059750000
0x000000001820f6b0:   00007ffb2e7231b0 00000000597734a6
0x000000001820f6c0:   0000000000000001 0000000016f95400
0x000000001820f6d0:   0000000000000000 0000000000000000
0x000000001820f6e0:   c000000500000001 000000001820e7d0
0x000000001820f6f0:   0000000059773384 00007ffb2e5fa35f
0x000000001820f700:   0000000000000000 0000000000000001
0x000000001820f710:   0000000059750000 0000000000000000
0x000000001820f720:   0000aa8dff2925af 0000000000789100
0x000000001820f730:   00007ffb2c7f4200 00000000023c2600
0x000000001820f740:   00000000023c2600 000000000078d590 

Instructions: (pc=0x000000005977584a)
0x000000005977582a:   83 c4 20 5d c3 cc 40 53 48 83 ec 20 48 8b 1d cb
0x000000005977583a:   5b 01 00 48 85 db 74 1a e8 19 93 ff ff 48 8b d3
0x000000005977584a:   4c 8b 00 48 8b c8 48 83 c4 20 5b 49 ff a0 b0 00
0x000000005977585a:   00 00 48 83 c4 20 5b c3 cc cc cc cc cc cc cc cc 


Register to memory mapping:

RAX=0x0000000000000000 is an unknown value
RBX=0x00000000195bfe88 is a global jni handle
RCX=0x0000000017088000 is an unknown value
RDX=0x00000000195bfe88 is a global jni handle
RSP=0x000000001820f650 is an unknown value
RBP=0x00000000007c8c20 is an unknown value
RSI=0x0000000000000001 is an unknown value
RDI=0x0000000000000000 is an unknown value
R8 =0x0000000000010002 is an unknown value
R9 =0x00000000007c8c20 is an unknown value
R10=0x0000000000000000 is an unknown value
R11=0x0000000000000246 is an unknown value
R12=0x00000000007c8c50 is an unknown value
R13=0x00000000007c8c20 is an unknown value
R14=0x00000000007c8c30 is an unknown value
R15=0x0000000000000000 is an unknown value


Stack: [0x0000000018110000,0x0000000018210000],  sp=0x000000001820f650,  free space=1021k
Native frames: (J=compiled Java code, j=interpreted, Vv=VM code, C=native code)
C  [glass.dll+0x2584a]
C  [glass.dll+0x23224]
C  [glass.dll+0x234a6]
C  [ntdll.dll+0x2a35f]
C  [ntdll.dll+0x806b]
C  [ntdll.dll+0x7d94]
C  [KERNEL32.DLL+0x1ce6a]
C  [msvcr100.dll+0x20ccd]
V  [jvm.dll+0x212cb5]
V  [jvm.dll+0x24bd17]
V  [jvm.dll+0x24afb6]
V  [jvm.dll+0x24b451]
V  [jvm.dll+0x24b66e]
V  [jvm.dll+0x29c69a]
C  [msvcr100.dll+0x21d9f]
C  [msvcr100.dll+0x21e3b]
C  [KERNEL32.DLL+0x8364]
C  [ntdll.dll+0x670d1]

VM_Operation (0x0000000019bea9d0): Exit, mode: safepoint, requested by thread 0x00000000192f9800


---------------  P R O C E S S  ---------------

Java Threads: ( => current thread )
  0x0000000019a06800 JavaThread "Prism Font Disposer" daemon [_thread_blocked, id=16104, stack(0x00000000206b0000,0x00000000207b0000)]
  0x0000000019350800 JavaThread "JavaFX-Launcher" [_thread_blocked, id=14600, stack(0x000000001e290000,0x000000001e390000)]
  0x00000000192f2800 JavaThread "Thread-2" daemon [_thread_in_native, id=2416, stack(0x000000001e190000,0x000000001e290000)]
  0x00000000192f9800 JavaThread "JavaFX Application Thread" [_thread_blocked, id=14040, stack(0x0000000019af0000,0x0000000019bf0000)]
  0x0000000018cd3000 JavaThread "Thread-1" daemon [_thread_blocked, id=8060, stack(0x00000000191f0000,0x00000000192f0000)]
  0x0000000018cb6000 JavaThread "QuantumRenderer-0" daemon [_thread_blocked, id=11372, stack(0x0000000019000000,0x0000000019100000)]
  0x000000001711e800 JavaThread "Service Thread" daemon [_thread_blocked, id=16088, stack(0x0000000018e00000,0x0000000018f00000)]
  0x0000000018908800 JavaThread "C1 CompilerThread2" daemon [_thread_blocked, id=13376, stack(0x0000000018d00000,0x0000000018e00000)]
  0x0000000017114800 JavaThread "C2 CompilerThread1" daemon [_thread_blocked, id=12580, stack(0x0000000018800000,0x0000000018900000)]
  0x00000000170c0800 JavaThread "C2 CompilerThread0" daemon [_thread_blocked, id=3308, stack(0x0000000018700000,0x0000000018800000)]
  0x00000000170bf000 JavaThread "Attach Listener" daemon [_thread_blocked, id=10748, stack(0x0000000018600000,0x0000000018700000)]
  0x00000000170be000 JavaThread "Signal Dispatcher" daemon [_thread_blocked, id=10692, stack(0x0000000018500000,0x0000000018600000)]
  0x00000000170aa800 JavaThread "Finalizer" daemon [_thread_blocked, id=13536, stack(0x0000000018310000,0x0000000018410000)]
  0x00000000024f1800 JavaThread "Reference Handler" daemon [_thread_blocked, id=15448, stack(0x0000000018210000,0x0000000018310000)]
  0x00000000023ce800 JavaThread "main" [_thread_blocked, id=8824, stack(0x0000000002280000,0x0000000002380000)]

Other Threads:
=>0x0000000017088000 VMThread [stack: 0x0000000018110000,0x0000000018210000] [id=12244]

VM state:at safepoint (shutting down)

VM Mutex/Monitor currently owned by a thread:  ([mutex/lock_event])
[0x0000000002400f50] Threads_lock - owner thread: 0x0000000017088000

Heap:
 PSYoungGen      total 80384K, used 53623K [0x00000000d5b00000, 0x00000000db800000, 0x0000000100000000)
  eden space 66560K, 80% used [0x00000000d5b00000,0x00000000d8f5de78,0x00000000d9c00000)
  from space 13824K, 0% used [0x00000000daa80000,0x00000000daa80000,0x00000000db800000)
  to   space 14336K, 0% used [0x00000000d9c00000,0x00000000d9c00000,0x00000000daa00000)
 ParOldGen       total 73216K, used 18343K [0x0000000081000000, 0x0000000085780000, 0x00000000d5b00000)
  object space 73216K, 25% used [0x0000000081000000,0x00000000821e9c70,0x0000000085780000)
 Metaspace       used 25464K, capacity 27516K, committed 27648K, reserved 1073152K
  class space    used 3701K, capacity 4054K, committed 4096K, reserved 1048576K

Card table byte_map: [0x00000000118c0000,0x0000000011cc0000] byte_map_base: 0x00000000114b8000

Marking Bits: (ParMarkBitMap*) 0x000000005a1ab6d0
 Begin Bits: [0x0000000012370000, 0x0000000014330000)
 End Bits:   [0x0000000014330000, 0x00000000162f0000)

Polling page: 0x0000000000750000

CodeCache: size=245760Kb used=13810Kb max_used=13822Kb free=231949Kb
 bounds [0x0000000002500000, 0x0000000003290000, 0x0000000011500000]
 total_blobs=5131 nmethods=4423 adapters=619
 compilation: enabled

Compilation events (10 events):
Event: 64.722 Thread 0x0000000018908800 4443       3       javafx.scene.Scene::disposeAccessibles (147 bytes)
Event: 64.724 Thread 0x0000000018908800 nmethod 4443 0x0000000003280b10 code [0x0000000003280de0, 0x0000000003282468]
Event: 64.819 Thread 0x00000000170c0800 4444       4       java.lang.String::equalsIgnoreCase (48 bytes)
Event: 64.838 Thread 0x0000000017114800 4445       4       javafx.scene.Node::isVisible (19 bytes)
Event: 64.842 Thread 0x0000000017114800 nmethod 4445 0x0000000003285850 code [0x00000000032859a0, 0x0000000003285a58]
Event: 64.842 Thread 0x0000000018908800 4446       1       com.sun.javafx.stage.WindowEventDispatcher::getLastDispatcher (5 bytes)
Event: 64.842 Thread 0x0000000018908800 nmethod 4446 0x0000000003285590 code [0x00000000032856e0, 0x00000000032857f0]
Event: 64.855 Thread 0x00000000170c0800 nmethod 4444 0x0000000003282d10 code [0x0000000003282e80, 0x0000000003283598]
Event: 64.858 Thread 0x0000000018908800 4448       1       java.util.logging.Logger::getName (5 bytes)
Event: 64.859 Thread 0x0000000018908800 nmethod 4448 0x0000000003284f50 code [0x00000000032850a0, 0x00000000032851b0]

GC Heap History (10 events):
Event: 3.059 GC heap before
{Heap before GC invocations=3 (full 0):
 PSYoungGen      total 38400K, used 38377K [0x00000000d5b00000, 0x00000000d8580000, 0x0000000100000000)
  eden space 33280K, 100% used [0x00000000d5b00000,0x00000000d7b80000,0x00000000d7b80000)
  from space 5120K, 99% used [0x00000000d8080000,0x00000000d857a5a0,0x00000000d8580000)
  to   space 5120K, 0% used [0x00000000d7b80000,0x00000000d7b80000,0x00000000d8080000)
 ParOldGen       total 87552K, used 10599K [0x0000000081000000, 0x0000000086580000, 0x00000000d5b00000)
  object space 87552K, 12% used [0x0000000081000000,0x0000000081a59ca8,0x0000000086580000)
 Metaspace       used 19056K, capacity 19974K, committed 20096K, reserved 1067008K
  class space    used 2685K, capacity 2875K, committed 2944K, reserved 1048576K
Event: 3.066 GC heap after
Heap after GC invocations=3 (full 0):
 PSYoungGen      total 38400K, used 5097K [0x00000000d5b00000, 0x00000000d8580000, 0x0000000100000000)
  eden space 33280K, 0% used [0x00000000d5b00000,0x00000000d5b00000,0x00000000d7b80000)
  from space 5120K, 99% used [0x00000000d7b80000,0x00000000d807a580,0x00000000d8080000)
  to   space 5120K, 0% used [0x00000000d8080000,0x00000000d8080000,0x00000000d8580000)
 ParOldGen       total 87552K, used 12227K [0x0000000081000000, 0x0000000086580000, 0x00000000d5b00000)
  object space 87552K, 13% used [0x0000000081000000,0x0000000081bf0f88,0x0000000086580000)
 Metaspace       used 19056K, capacity 19974K, committed 20096K, reserved 1067008K
  class space    used 2685K, capacity 2875K, committed 2944K, reserved 1048576K
}
Event: 3.593 GC heap before
{Heap before GC invocations=4 (full 0):
 PSYoungGen      total 38400K, used 38377K [0x00000000d5b00000, 0x00000000d8580000, 0x0000000100000000)
  eden space 33280K, 100% used [0x00000000d5b00000,0x00000000d7b80000,0x00000000d7b80000)
  from space 5120K, 99% used [0x00000000d7b80000,0x00000000d807a580,0x00000000d8080000)
  to   space 5120K, 0% used [0x00000000d8080000,0x00000000d8080000,0x00000000d8580000)
 ParOldGen       total 87552K, used 12227K [0x0000000081000000, 0x0000000086580000, 0x00000000d5b00000)
  object space 87552K, 13% used [0x0000000081000000,0x0000000081bf0f88,0x0000000086580000)
 Metaspace       used 19681K, capacity 20684K, committed 20736K, reserved 1067008K
  class space    used 2814K, capacity 3036K, committed 3072K, reserved 1048576K
Event: 3.602 GC heap after
Heap after GC invocations=4 (full 0):
 PSYoungGen      total 38400K, used 5113K [0x00000000d5b00000, 0x00000000da600000, 0x0000000100000000)
  eden space 33280K, 0% used [0x00000000d5b00000,0x00000000d5b00000,0x00000000d7b80000)
  from space 5120K, 99% used [0x00000000d8080000,0x00000000d857e590,0x00000000d8580000)
  to   space 5120K, 0% used [0x00000000d7b80000,0x00000000d7b80000,0x00000000d8080000)
 ParOldGen       total 87552K, used 13568K [0x0000000081000000, 0x0000000086580000, 0x00000000d5b00000)
  object space 87552K, 15% used [0x0000000081000000,0x0000000081d403e8,0x0000000086580000)
 Metaspace       used 19681K, capacity 20684K, committed 20736K, reserved 1067008K
  class space    used 2814K, capacity 3036K, committed 3072K, reserved 1048576K
}
Event: 3.939 GC heap before
{Heap before GC invocations=5 (full 0):
 PSYoungGen      total 38400K, used 38393K [0x00000000d5b00000, 0x00000000da600000, 0x0000000100000000)
  eden space 33280K, 100% used [0x00000000d5b00000,0x00000000d7b80000,0x00000000d7b80000)
  from space 5120K, 99% used [0x00000000d8080000,0x00000000d857e590,0x00000000d8580000)
  to   space 5120K, 0% used [0x00000000d7b80000,0x00000000d7b80000,0x00000000d8080000)
 ParOldGen       total 87552K, used 13568K [0x0000000081000000, 0x0000000086580000, 0x00000000d5b00000)
  object space 87552K, 15% used [0x0000000081000000,0x0000000081d403e8,0x0000000086580000)
 Metaspace       used 19815K, capacity 20888K, committed 20992K, reserved 1067008K
  class space    used 2820K, capacity 3046K, committed 3072K, reserved 1048576K
Event: 3.949 GC heap after
Heap after GC invocations=5 (full 0):
 PSYoungGen      total 38400K, used 5113K [0x00000000d5b00000, 0x00000000db900000, 0x0000000100000000)
  eden space 33280K, 0% used [0x00000000d5b00000,0x00000000d5b00000,0x00000000d7b80000)
  from space 5120K, 99% used [0x00000000d7b80000,0x00000000d807e590,0x00000000d8080000)
  to   space 14848K, 0% used [0x00000000daa80000,0x00000000daa80000,0x00000000db900000)
 ParOldGen       total 87552K, used 14773K [0x0000000081000000, 0x0000000086580000, 0x00000000d5b00000)
  object space 87552K, 16% used [0x0000000081000000,0x0000000081e6d6c8,0x0000000086580000)
 Metaspace       used 19815K, capacity 20888K, committed 20992K, reserved 1067008K
  class space    used 2820K, capacity 3046K, committed 3072K, reserved 1048576K
}
Event: 4.263 GC heap before
{Heap before GC invocations=6 (full 0):
 PSYoungGen      total 38400K, used 19328K [0x00000000d5b00000, 0x00000000db900000, 0x0000000100000000)
  eden space 33280K, 42% used [0x00000000d5b00000,0x00000000d68e1d48,0x00000000d7b80000)
  from space 5120K, 99% used [0x00000000d7b80000,0x00000000d807e590,0x00000000d8080000)
  to   space 14848K, 0% used [0x00000000daa80000,0x00000000daa80000,0x00000000db900000)
 ParOldGen       total 87552K, used 14773K [0x0000000081000000, 0x0000000086580000, 0x00000000d5b00000)
  object space 87552K, 16% used [0x0000000081000000,0x0000000081e6d6c8,0x0000000086580000)
 Metaspace       used 20129K, capacity 21174K, committed 21296K, reserved 1067008K
  class space    used 2867K, capacity 3091K, committed 3200K, reserved 1048576K
Event: 4.303 GC heap after
Heap after GC invocations=6 (full 0):
 PSYoungGen      total 80384K, used 5657K [0x00000000d5b00000, 0x00000000db800000, 0x0000000100000000)
  eden space 66560K, 0% used [0x00000000d5b00000,0x00000000d5b00000,0x00000000d9c00000)
  from space 13824K, 40% used [0x00000000daa80000,0x00000000db006590,0x00000000db800000)
  to   space 14336K, 0% used [0x00000000d9c00000,0x00000000d9c00000,0x00000000daa00000)
 ParOldGen       total 87552K, used 14773K [0x0000000081000000, 0x0000000086580000, 0x00000000d5b00000)
  object space 87552K, 16% used [0x0000000081000000,0x0000000081e6d6c8,0x0000000086580000)
 Metaspace       used 20129K, capacity 21174K, committed 21296K, reserved 1067008K
  class space    used 2867K, capacity 3091K, committed 3200K, reserved 1048576K
}
Event: 4.303 GC heap before
{Heap before GC invocations=7 (full 1):
 PSYoungGen      total 80384K, used 5657K [0x00000000d5b00000, 0x00000000db800000, 0x0000000100000000)
  eden space 66560K, 0% used [0x00000000d5b00000,0x00000000d5b00000,0x00000000d9c00000)
  from space 13824K, 40% used [0x00000000daa80000,0x00000000db006590,0x00000000db800000)
  to   space 14336K, 0% used [0x00000000d9c00000,0x00000000d9c00000,0x00000000daa00000)
 ParOldGen       total 87552K, used 14773K [0x0000000081000000, 0x0000000086580000, 0x00000000d5b00000)
  object space 87552K, 16% used [0x0000000081000000,0x0000000081e6d6c8,0x0000000086580000)
 Metaspace       used 20129K, capacity 21174K, committed 21296K, reserved 1067008K
  class space    used 2867K, capacity 3091K, committed 3200K, reserved 1048576K
Event: 4.398 GC heap after
Heap after GC invocations=7 (full 1):
 PSYoungGen      total 80384K, used 0K [0x00000000d5b00000, 0x00000000db800000, 0x0000000100000000)
  eden space 66560K, 0% used [0x00000000d5b00000,0x00000000d5b00000,0x00000000d9c00000)
  from space 13824K, 0% used [0x00000000daa80000,0x00000000daa80000,0x00000000db800000)
  to   space 14336K, 0% used [0x00000000d9c00000,0x00000000d9c00000,0x00000000daa00000)
 ParOldGen       total 73216K, used 18343K [0x0000000081000000, 0x0000000085780000, 0x00000000d5b00000)
  object space 73216K, 25% used [0x0000000081000000,0x00000000821e9c70,0x0000000085780000)
 Metaspace       used 20129K, capacity 21174K, committed 21296K, reserved 1067008K
  class space    used 2867K, capacity 3091K, committed 3200K, reserved 1048576K
}

Deoptimization events (10 events):
Event: 6.393 Thread 0x0000000018cb6000 Uncommon trap: reason=unstable_if action=reinterpret pc=0x0000000002ca82c8 method=java.lang.Class.arrayContentsEq([Ljava/lang/Object;[Ljava/lang/Object;)Z @ 1
Event: 6.567 Thread 0x0000000018cb6000 Uncommon trap: reason=class_check action=maybe_recompile pc=0x0000000002fc4668 method=java.util.WeakHashMap.eq(Ljava/lang/Object;Ljava/lang/Object;)Z @ 7
Event: 6.568 Thread 0x0000000018cb6000 Uncommon trap: reason=class_check action=maybe_recompile pc=0x0000000002fc4668 method=java.util.WeakHashMap.eq(Ljava/lang/Object;Ljava/lang/Object;)Z @ 7
Event: 6.581 Thread 0x0000000018cb6000 Uncommon trap: reason=class_check action=maybe_recompile pc=0x0000000002fc4668 method=java.util.WeakHashMap.eq(Ljava/lang/Object;Ljava/lang/Object;)Z @ 7
Event: 6.583 Thread 0x0000000018cb6000 Uncommon trap: reason=class_check action=maybe_recompile pc=0x0000000002fc4668 method=java.util.WeakHashMap.eq(Ljava/lang/Object;Ljava/lang/Object;)Z @ 7
Event: 6.871 Thread 0x00000000192f9800 Uncommon trap: reason=unstable_if action=reinterpret pc=0x00000000026f5480 method=java.lang.CharacterData.of(I)Ljava/lang/CharacterData; @ 4
Event: 6.899 Thread 0x00000000192f9800 Uncommon trap: reason=unstable_if action=reinterpret pc=0x000000000313f26c method=java.lang.StrictMath.floorOrCeil(DDDD)D @ 24
Event: 6.903 Thread 0x00000000192f9800 Uncommon trap: reason=unstable_if action=reinterpret pc=0x0000000003029c14 method=javafx.scene.Node.markDirtyLayoutBranch()V @ 16
Event: 6.907 Thread 0x00000000192f9800 Uncommon trap: reason=unstable_if action=reinterpret pc=0x0000000002c5ed44 method=java.util.EnumMap.isValidKey(Ljava/lang/Object;)Z @ 16
Event: 6.992 Thread 0x00000000192f9800 Uncommon trap: reason=unstable_if action=reinterpret pc=0x0000000002a88728 method=jdk.internal.org.objectweb.asm.Type.getArgumentsAndReturnSizes(Ljava/lang/String;)I @ 47

Internal exceptions (10 events):
Event: 1.822 Thread 0x00000000192f9800 Exception <a 'java/io/FileNotFoundException'> (0x00000000d6a62710) thrown at [C:\re\workspace\8-2-build-windows-amd64-cygwin\jdk8u121\8372\hotspot\src\share\vm\prims\jni.cpp, line 709]
Event: 2.197 Thread 0x00000000192f9800 Implicit null exception at 0x0000000002895db7 to 0x0000000002896899
Event: 2.358 Thread 0x00000000192f9800 Implicit null exception at 0x0000000002898bdb to 0x00000000028995a9
Event: 2.372 Thread 0x00000000192f9800 Implicit null exception at 0x000000000289d61b to 0x000000000289dfe9
Event: 2.595 Thread 0x00000000192f9800 Implicit null exception at 0x00000000027791d6 to 0x0000000002779579
Event: 2.970 Thread 0x00000000192f9800 Implicit null exception at 0x000000000282d475 to 0x000000000282d691
Event: 2.970 Thread 0x00000000192f9800 Implicit null exception at 0x0000000002877a58 to 0x0000000002877ae6
Event: 6.291 Thread 0x0000000018cb6000 Implicit null exception at 0x0000000002cc4f51 to 0x0000000002cc8131
Event: 6.393 Thread 0x0000000018cb6000 Implicit null exception at 0x0000000002ca4da4 to 0x0000000002ca8255
Event: 64.860 Thread 0x000000001710d000 Exception <a 'java/lang/IllegalStateException'> (0x00000000d8e17550) thrown at [C:\re\workspace\8-2-build-windows-amd64-cygwin\jdk8u121\8372\hotspot\src\share\vm\prims\jvm.cpp, line 1394]

Events (10 events):
Event: 64.854 loading class java/util/IdentityHashMap$KeyIterator done
Event: 64.854 Thread 0x000000001710c000 Thread added: 0x000000001710c000
Event: 64.854 Thread 0x000000001710d000 Thread added: 0x000000001710d000
Event: 64.858 loading class com/sun/javafx/tk/quantum/QuantumRenderer
Event: 64.858 loading class com/sun/javafx/tk/quantum/QuantumRenderer done
Event: 64.859 Thread 0x000000001710c000 Thread exited: 0x000000001710c000
Event: 64.859 loading class com/sun/javafx/tk/quantum/QuantumToolkit
Event: 64.859 loading class com/sun/javafx/tk/quantum/QuantumToolkit done
Event: 64.860 Thread 0x000000001710d000 Thread exited: 0x000000001710d000
Event: 64.861 Executing VM operation: Exit


Dynamic libraries:
0x00007ff6cbfa0000 - 0x00007ff6cbfd7000 	C:\Program Files\Java\jdk1.8.0_121\bin\javaw.exe
0x00007ffb2e5d0000 - 0x00007ffb2e7a1000 	C:\WINDOWS\SYSTEM32\ntdll.dll
0x00007ffb2bf90000 - 0x00007ffb2c03c000 	C:\WINDOWS\System32\KERNEL32.DLL
0x00007ffb2b1b0000 - 0x00007ffb2b3cd000 	C:\WINDOWS\System32\KERNELBASE.dll
0x00007ffb2cd70000 - 0x00007ffb2ce12000 	C:\WINDOWS\System32\ADVAPI32.dll
0x00007ffb2c310000 - 0x00007ffb2c3ae000 	C:\WINDOWS\System32\msvcrt.dll
0x00007ffb2c3b0000 - 0x00007ffb2c409000 	C:\WINDOWS\System32\sechost.dll
0x00007ffb2c680000 - 0x00007ffb2c7a1000 	C:\WINDOWS\System32\RPCRT4.dll
0x00007ffb2cef0000 - 0x00007ffb2d055000 	C:\WINDOWS\System32\USER32.dll
0x00007ffb2b7b0000 - 0x00007ffb2b7ce000 	C:\WINDOWS\System32\win32u.dll
0x00007ffb2c9a0000 - 0x00007ffb2c9d4000 	C:\WINDOWS\System32\GDI32.dll
0x00007ffb2b530000 - 0x00007ffb2b6b0000 	C:\WINDOWS\System32\gdi32full.dll
0x00007ffb23440000 - 0x00007ffb236ba000 	C:\WINDOWS\WinSxS\amd64_microsoft.windows.common-controls_6595b64144ccf1df_6.0.14393.953_none_42151e83c686086b\COMCTL32.dll
0x00007ffb2c040000 - 0x00007ffb2c308000 	C:\WINDOWS\System32\combase.dll
0x00007ffb2b6b0000 - 0x00007ffb2b7a5000 	C:\WINDOWS\System32\ucrtbase.dll
0x00007ffb2b9a0000 - 0x00007ffb2ba0a000 	C:\WINDOWS\System32\bcryptPrimitives.dll
0x00007ffb2c9e0000 - 0x00007ffb2ca0e000 	C:\WINDOWS\System32\IMM32.DLL
0x00000000597d0000 - 0x00000000598a2000 	C:\Program Files\Java\jdk1.8.0_121\jre\bin\msvcr100.dll
0x0000000059990000 - 0x000000005a22b000 	C:\Program Files\Java\jdk1.8.0_121\jre\bin\server\jvm.dll
0x00007ffb2ce20000 - 0x00007ffb2ce28000 	C:\WINDOWS\System32\PSAPI.DLL
0x00007ffb1cd10000 - 0x00007ffb1cd19000 	C:\WINDOWS\SYSTEM32\WSOCK32.dll
0x00007ffb28dd0000 - 0x00007ffb28df3000 	C:\WINDOWS\SYSTEM32\WINMM.dll
0x00007ffb2c910000 - 0x00007ffb2c97a000 	C:\WINDOWS\System32\WS2_32.dll
0x00007ffb20bb0000 - 0x00007ffb20bba000 	C:\WINDOWS\SYSTEM32\VERSION.dll
0x00007ffb28da0000 - 0x00007ffb28dcb000 	C:\WINDOWS\SYSTEM32\WINMMBASE.dll
0x00007ffb2b4e0000 - 0x00007ffb2b522000 	C:\WINDOWS\System32\cfgmgr32.dll
0x0000000059980000 - 0x000000005998f000 	C:\Program Files\Java\jdk1.8.0_121\jre\bin\verify.dll
0x0000000059950000 - 0x0000000059979000 	C:\Program Files\Java\jdk1.8.0_121\jre\bin\java.dll
0x0000000059930000 - 0x0000000059946000 	C:\Program Files\Java\jdk1.8.0_121\jre\bin\zip.dll
0x00007ffb2d0c0000 - 0x00007ffb2e5c8000 	C:\WINDOWS\System32\SHELL32.dll
0x00007ffb2aad0000 - 0x00007ffb2b1aa000 	C:\WINDOWS\System32\windows.storage.dll
0x00007ffb2aa80000 - 0x00007ffb2aacc000 	C:\WINDOWS\System32\powrprof.dll
0x00007ffb2cc50000 - 0x00007ffb2cca2000 	C:\WINDOWS\System32\shlwapi.dll
0x00007ffb2aa40000 - 0x00007ffb2aa4f000 	C:\WINDOWS\System32\kernel.appcore.dll
0x00007ffb2b3d0000 - 0x00007ffb2b479000 	C:\WINDOWS\System32\shcore.dll
0x00007ffb2aa60000 - 0x00007ffb2aa74000 	C:\WINDOWS\System32\profapi.dll
0x00007ffaf6730000 - 0x00007ffaf681f000 	C:\Program Files\Java\jdk1.8.0_121\jre\bin\msvcr120.dll
0x00007ffb0a340000 - 0x00007ffb0a3e6000 	C:\Program Files\Java\jdk1.8.0_121\jre\bin\msvcp120.dll
0x00000000597a0000 - 0x00000000597c2000 	C:\Program Files\Java\jdk1.8.0_121\jre\bin\prism_d3d.dll
0x00007ffb05090000 - 0x00007ffb0521d000 	C:\WINDOWS\system32\d3d9.dll
0x00007ffb28a50000 - 0x00007ffb28a76000 	C:\WINDOWS\SYSTEM32\dwmapi.dll
0x00007ffb291c0000 - 0x00007ffb29255000 	C:\WINDOWS\system32\uxtheme.dll
0x00007ffb2ccb0000 - 0x00007ffb2cd6f000 	C:\WINDOWS\System32\OLEAUT32.dll
0x00007ffb2ba10000 - 0x00007ffb2baac000 	C:\WINDOWS\System32\msvcp_win.dll
0x00007ffb2cb10000 - 0x00007ffb2cc48000 	C:\WINDOWS\System32\ole32.dll
0x0000000059750000 - 0x0000000059793000 	C:\Program Files\Java\jdk1.8.0_121\jre\bin\glass.dll
0x00007ffb2ca10000 - 0x00007ffb2cb0a000 	C:\WINDOWS\System32\COMDLG32.dll
0x00007ffb2c7b0000 - 0x00007ffb2c90a000 	C:\WINDOWS\System32\MSCTF.dll
0x0000000059730000 - 0x0000000059744000 	C:\Program Files\Java\jdk1.8.0_121\jre\bin\javafx_font.dll
0x00007ffb0bd10000 - 0x00007ffb0bf79000 	C:\WINDOWS\SYSTEM32\dwrite.dll
0x00000000598c0000 - 0x00000000598e4000 	C:\Program Files\Java\jdk1.8.0_121\jre\bin\sunec.dll
0x0000000059910000 - 0x000000005992a000 	C:\Program Files\Java\jdk1.8.0_121\jre\bin\net.dll
0x00007ffb2a370000 - 0x00007ffb2a3cc000 	C:\WINDOWS\system32\mswsock.dll
0x00007ffb2a090000 - 0x00007ffb2a0c8000 	C:\WINDOWS\SYSTEM32\IPHLPAPI.DLL
0x00007ffb2cee0000 - 0x00007ffb2cee8000 	C:\WINDOWS\System32\NSI.dll
0x00007ffb259e0000 - 0x00007ffb259f6000 	C:\WINDOWS\SYSTEM32\dhcpcsvc6.DLL
0x00007ffb261c0000 - 0x00007ffb261da000 	C:\WINDOWS\SYSTEM32\dhcpcsvc.DLL
0x00000000598f0000 - 0x0000000059901000 	C:\Program Files\Java\jdk1.8.0_121\jre\bin\nio.dll
0x00007ffb2ce30000 - 0x00007ffb2cecf000 	C:\WINDOWS\System32\clbcatq.dll
0x00007ffb23a00000 - 0x00007ffb23ba8000 	C:\WINDOWS\SYSTEM32\WindowsCodecs.dll
0x00007ffb104b0000 - 0x00007ffb104f9000 	C:\WINDOWS\system32\dataexchange.dll
0x00007ffb28180000 - 0x00007ffb28436000 	C:\WINDOWS\system32\d3d11.dll
0x00007ffb27a00000 - 0x00007ffb27b51000 	C:\WINDOWS\system32\dcomp.dll
0x00007ffb29960000 - 0x00007ffb299ff000 	C:\WINDOWS\system32\dxgi.dll
0x00007ffb29540000 - 0x00007ffb2965c000 	C:\WINDOWS\system32\twinapi.appcore.dll
0x00007ffb2a980000 - 0x00007ffb2a9ab000 	C:\WINDOWS\system32\bcrypt.dll
0x00007ffb16570000 - 0x00007ffb165a2000 	C:\Program Files\Common Files\Microsoft Shared\Ink\rtscom.dll
0x0000000059700000 - 0x0000000059723000 	C:\Program Files\Java\jdk1.8.0_121\jre\bin\javafx_iio.dll
0x00000000596e0000 - 0x00000000596f1000 	C:\Program Files\Java\jdk1.8.0_121\jre\bin\prism_common.dll
0x00007ffb1d2d0000 - 0x00007ffb1d462000 	C:\WINDOWS\SYSTEM32\dbghelp.dll

VM Arguments:
jvm_args: -Dfile.encoding=UTF-8 
java_command: com.jeeves.vpl.Main
java_class_path (initial): C:\Users\Daniel\workspace\JeevesMaven\target\classes;C:\Users\Daniel\workspace\JeevesMaven\poi-3.15.jar;C:\Users\Daniel\workspace\JeevesMaven\commons-lang3-3.5.jar;C:\Users\Daniel\workspace\JeevesMaven\controlsfx-8.40.12.jar;C:\Users\Daniel\.m2\repository\commons-codec\commons-codec\1.9\commons-codec-1.9.jar;C:\Users\Daniel\.m2\repository\commons-validator\commons-validator\1.4.1\commons-validator-1.4.1.jar;C:\Users\Daniel\.m2\repository\commons-beanutils\commons-beanutils\1.8.3\commons-beanutils-1.8.3.jar;C:\Users\Daniel\.m2\repository\commons-digester\commons-digester\1.8.1\commons-digester-1.8.1.jar;C:\Users\Daniel\.m2\repository\commons-logging\commons-logging\1.2\commons-logging-1.2.jar;C:\Users\Daniel\.m2\repository\commons-collections\commons-collections\3.2.1\commons-collections-3.2.1.jar;C:\Users\Daniel\.m2\repository\org\apache\shiro\shiro-core\1.3.2\shiro-core-1.3.2.jar;C:\Users\Daniel\.m2\repository\org\slf4j\slf4j-api\1.6.4\slf4j-api-1.6.4.jar;C:\Users\Daniel\.m2\repository\com\google\firebase\firebase-admin\5.1.0\firebase-admin-5.1.0.jar;C:\Users\Daniel\.m2\repository\com\google\api-client\google-api-client\1.22.0\google-api-client-1.22.0.jar;C:\Users\Daniel\.m2\repository\com\google\oauth-client\google-oauth-client\1.22.0\google-oauth-client-1.22.0.jar;C:\Users\Daniel\.m2\repository\com\google\http-client\google-http-client-jackson2\1.22.0\google-http-client-jackson2-1.22.0.jar;C:\Users\Daniel\.m2\repository\com\fasterxml\jackson\core\jackson-core\2.1.3\jackson-core-2.1.3.jar;C:\Users\Daniel\.m2\repository\com\google\api-client\google-api-client-gson\1.22.0\google-api-client-gson-1.22.0.jar;C:\Users\Daniel\.m2\repository\com\google\http-client\google-http-client-gson\1.22.0\google-http-client-gson-1.22.0.jar;C:\Users\Daniel\.m2\repository\com\google\code\gson\gson\2.1\gson-2.1.jar;C:\Users\Daniel\.m2\repository\com\google\http-client\google-http-client\1.22.0\google-http-client-1.22.0.jar;C:\Users\Daniel\.m2\repository\com
Launcher Type: SUN_STANDARD

Environment Variables:
JAVA_HOME=C:\Program Files\Java\jdk1.8.0_121
CLASSPATH=.
USERNAME=Daniel
OS=Windows_NT
PROCESSOR_IDENTIFIER=Intel64 Family 6 Model 69 Stepping 1, GenuineIntel



---------------  S Y S T E M  ---------------

OS: Windows 10.0 , 64 bit Build 14393 (10.0.14393.1198)

CPU:total 4 (2 cores per cpu, 2 threads per core) family 6 model 69 stepping 1, cmov, cx8, fxsr, mmx, sse, sse2, sse3, ssse3, sse4.1, sse4.2, popcnt, avx, avx2, aes, clmul, erms, lzcnt, ht, tsc, tscinvbit, bmi1, bmi2

Memory: 4k page, physical 8317080k(2345040k free), swap 15132824k(5064932k free)

vm_info: Java HotSpot(TM) 64-Bit Server VM (25.121-b13) for windows-amd64 JRE (1.8.0_121-b13), built on Dec 12 2016 18:21:36 by "java_re" with MS VC++ 10.0 (VS2010)

time: Thu Jun 29 13:30:36 2017
elapsed time: 65 seconds (0d 0h 1m 5s)

