#
# A fatal error has been detected by the Java Runtime Environment:
#
#  EXCEPTION_ACCESS_VIOLATION (0xc0000005) at pc=0x000000005d5c78b0, pid=5244, tid=0x00000000000011a0
#
# JRE version: Java(TM) SE Runtime Environment (8.0_161-b12) (build 1.8.0_161-b12)
# Java VM: Java HotSpot(TM) 64-Bit Server VM (25.161-b12 mixed mode windows-amd64 compressed oops)
# Problematic frame:
# C  [glass.dll+0x278b0]
#
# Failed to write core dump. Minidumps are not enabled by default on client versions of Windows
#
# If you would like to submit a bug report, please visit:
#   http://bugreport.java.com/bugreport/crash.jsp
#

---------------  T H R E A D  ---------------

Current thread (0x0000000017cb7800):  VMThread [stack: 0x0000000018d60000,0x0000000018e60000] [id=4512]

siginfo: ExceptionCode=0xc0000005, reading address 0x0000000000000000

Registers:
RAX=0x0000000000000000, RBX=0x0000000019d33548, RCX=0x0000000017cb7800, RDX=0x000000005de1dc78
RSP=0x0000000018e5ef60, RBP=0x00000000010a40b8, RSI=0x00000000010a4090, RDI=0x0000729a85aa427d
R8 =0x0000000000010002, R9 =0x000000000000003d, R10=0x0000729a85aa427d, R11=0x0000000018e5ee70
R12=0x0000000000000000, R13=0x0000000000000040, R14=0x0000000018e5f078, R15=0x00000000010a4090
RIP=0x000000005d5c78b0, EFLAGS=0x0000000000010202

Top of Stack: (sp=0x0000000018e5ef60)
0x0000000018e5ef60:   0000000000000000 00007ffd6a2888db
0x0000000018e5ef70:   00000000010a40a0 00000000010a40a0
0x0000000018e5ef80:   fffffffffffffffe 000000005d5dc1b0
0x0000000018e5ef90:   00000000010a4098 00007ffd6a28fcb3
0x0000000018e5efa0:   00000000010a40b0 00007ffd00000000
0x0000000018e5efb0:   000088dad1d5ab16 00007ffd5f235270
0x0000000018e5efc0:   fffffffffffffffe 00007ffd6a28fb5d
0x0000000018e5efd0:   0000000000000001 000000005d5a0000
0x0000000018e5efe0:   0000000002e11638 000000005d5c48dc
0x0000000018e5eff0:   0000000018e5f068 00007ffd6a28f967
0x0000000018e5f000:   0000000000000000 0000000018e5f078
0x0000000018e5f010:   0000000017bc5500 00007ffd6a36a080
0x0000000018e5f020:   0000000000000000 00007ffd6a28f924
0x0000000018e5f030:   0000000000000000 0000000000000001
0x0000000018e5f040:   0000000000000000 0000000018e5f068
0x0000000018e5f050:   0000000000000000 000000005d5c4752 

Instructions: (pc=0x000000005d5c78b0)
0x000000005d5c7890:   40 53 48 83 ec 30 48 c7 44 24 20 fe ff ff ff 48
0x000000005d5c78a0:   8b 1d 7a 72 01 00 48 85 db 74 16 e8 00 81 ff ff
0x000000005d5c78b0:   4c 8b 00 48 8b d3 48 8b c8 41 ff 90 b0 00 00 00
0x000000005d5c78c0:   90 48 83 c4 30 5b c3 cc cc cc cc cc cc cc cc cc 


Register to memory mapping:

RAX=0x0000000000000000 is an unknown value
RBX=0x0000000019d33548 is a global jni handle
RCX=0x0000000017cb7800 is an unknown value
RDX=0x000000005de1dc78 is an unknown value
RSP=0x0000000018e5ef60 is an unknown value
RBP=0x00000000010a40b8 is an unknown value
RSI=0x00000000010a4090 is an unknown value
RDI=0x0000729a85aa427d is an unknown value
R8 =0x0000000000010002 is an unknown value
R9 =0x000000000000003d is an unknown value
R10=0x0000729a85aa427d is an unknown value
R11=0x0000000018e5ee70 is an unknown value
R12=0x0000000000000000 is an unknown value
R13=0x0000000000000040 is an unknown value
R14=0x0000000018e5f078 is an unknown value
R15=0x00000000010a4090 is an unknown value


Stack: [0x0000000018d60000,0x0000000018e60000],  sp=0x0000000018e5ef60,  free space=1019k
Native frames: (J=compiled Java code, j=interpreted, Vv=VM code, C=native code)
C  [glass.dll+0x278b0]
C  [ucrtbase.dll+0xfcb3]
C  [ucrtbase.dll+0xf967]
C  [ucrtbase.dll+0xf924]
C  [glass.dll+0x24752]
C  [glass.dll+0x24850]
C  [ntdll.dll+0x3b583]
C  [ntdll.dll+0x47f85]
C  [ntdll.dll+0x47e48]
C  [KERNEL32.DLL+0x1ca7a]
C  [msvcr100.dll+0x20ccd]
V  [jvm.dll+0x212e95]
V  [jvm.dll+0x24c227]
V  [jvm.dll+0x24b4c6]
V  [jvm.dll+0x24b961]
V  [jvm.dll+0x24bb7e]
V  [jvm.dll+0x29cc4a]
C  [msvcr100.dll+0x21d9f]
C  [msvcr100.dll+0x21e3b]
C  [KERNEL32.DLL+0x14034]
C  [ntdll.dll+0x73691]

VM_Operation (0x000000001a98a470): Exit, mode: safepoint, requested by thread 0x0000000019d59800


---------------  P R O C E S S  ---------------

Java Threads: ( => current thread )
  0x0000000021f11800 JavaThread "Prism Font Disposer" daemon [_thread_blocked, id=4504, stack(0x0000000024440000,0x0000000024540000)]
  0x0000000019dc0000 JavaThread "JavaFX-Launcher" [_thread_blocked, id=4324, stack(0x00000000216b0000,0x00000000217b0000)]
  0x0000000019dc2800 JavaThread "Thread-2" daemon [_thread_in_native, id=16936, stack(0x00000000215b0000,0x00000000216b0000)]
  0x0000000019d59800 JavaThread "JavaFX Application Thread" [_thread_blocked, id=15372, stack(0x000000001a890000,0x000000001a990000)]
  0x0000000019d59000 JavaThread "Thread-1" daemon [_thread_blocked, id=20300, stack(0x000000001a790000,0x000000001a890000)]
  0x0000000019a4d800 JavaThread "QuantumRenderer-0" daemon [_thread_blocked, id=20108, stack(0x000000001a520000,0x000000001a620000)]
  0x0000000019683000 JavaThread "Service Thread" daemon [_thread_blocked, id=17392, stack(0x0000000019a50000,0x0000000019b50000)]
  0x0000000017d04800 JavaThread "C1 CompilerThread2" daemon [_thread_blocked, id=21248, stack(0x0000000019550000,0x0000000019650000)]
  0x0000000017cf8800 JavaThread "C2 CompilerThread1" daemon [_thread_blocked, id=13084, stack(0x0000000019450000,0x0000000019550000)]
  0x0000000017cf2800 JavaThread "C2 CompilerThread0" daemon [_thread_blocked, id=4564, stack(0x0000000019350000,0x0000000019450000)]
  0x0000000017cf1000 JavaThread "Attach Listener" daemon [_thread_blocked, id=21484, stack(0x0000000019250000,0x0000000019350000)]
  0x0000000017cf0000 JavaThread "Signal Dispatcher" daemon [_thread_blocked, id=21368, stack(0x0000000019150000,0x0000000019250000)]
  0x0000000017ce0000 JavaThread "Finalizer" daemon [_thread_blocked, id=12348, stack(0x0000000018f60000,0x0000000019060000)]
  0x0000000017cb9000 JavaThread "Reference Handler" daemon [_thread_blocked, id=5320, stack(0x0000000018e60000,0x0000000018f60000)]
  0x0000000003106000 JavaThread "main" [_thread_blocked, id=21152, stack(0x0000000003000000,0x0000000003100000)]

Other Threads:
=>0x0000000017cb7800 VMThread [stack: 0x0000000018d60000,0x0000000018e60000] [id=4512]

VM state:at safepoint (shutting down)

VM Mutex/Monitor currently owned by a thread:  ([mutex/lock_event])
[0x00000000031024d0] Threads_lock - owner thread: 0x0000000017cb7800

Heap:
 PSYoungGen      total 109056K, used 21746K [0x00000000d6000000, 0x00000000e1400000, 0x0000000100000000)
  eden space 94720K, 7% used [0x00000000d6000000,0x00000000d6742a68,0x00000000dbc80000)
  from space 14336K, 99% used [0x00000000dbc80000,0x00000000dca79e90,0x00000000dca80000)
  to   space 23552K, 0% used [0x00000000dfd00000,0x00000000dfd00000,0x00000000e1400000)
 ParOldGen       total 74752K, used 29683K [0x0000000082000000, 0x0000000086900000, 0x00000000d6000000)
  object space 74752K, 39% used [0x0000000082000000,0x0000000083cfcf50,0x0000000086900000)
 Metaspace       used 27985K, capacity 30142K, committed 30384K, reserved 1075200K
  class space    used 4061K, capacity 4425K, committed 4528K, reserved 1048576K

Card table byte_map: [0x00000000125c0000,0x00000000129c0000] byte_map_base: 0x00000000121b0000

Marking Bits: (ParMarkBitMap*) 0x000000005e00f860
 Begin Bits: [0x0000000013060000, 0x0000000014fe0000)
 End Bits:   [0x0000000014fe0000, 0x0000000016f60000)

Polling page: 0x0000000001040000

CodeCache: size=245760Kb used=14207Kb max_used=14218Kb free=231552Kb
 bounds [0x0000000003200000, 0x0000000003ff0000, 0x0000000012200000]
 total_blobs=5330 nmethods=4597 adapters=644
 compilation: enabled

Compilation events (10 events):
Event: 6.839 Thread 0x0000000017d04800 4618       3       javafx.scene.Scene$MouseHandler::updateCursorFrame (61 bytes)
Event: 6.840 Thread 0x0000000017d04800 nmethod 4618 0x0000000003fe6850 code [0x0000000003fe69e0, 0x0000000003fe6e38]
Event: 7.019 Thread 0x0000000017d04800 4619       3       com.sun.javafx.event.EventDispatchChainImpl::prepend (77 bytes)
Event: 7.019 Thread 0x0000000017d04800 nmethod 4619 0x0000000003fe6f90 code [0x0000000003fe7120, 0x0000000003fe74d8]
Event: 7.019 Thread 0x0000000017d04800 4620       3       com.sun.javafx.event.EventDispatchChainImpl::ensureCapacity (89 bytes)
Event: 7.020 Thread 0x0000000017d04800 nmethod 4620 0x0000000003fe7690 code [0x0000000003fe7820, 0x0000000003fe7d58]
Event: 7.025 Thread 0x0000000017cf8800 4621       4       java.util.ArrayList::rangeCheck (22 bytes)
Event: 7.025 Thread 0x0000000017cf8800 nmethod 4621 0x0000000003feab10 code [0x0000000003feac40, 0x0000000003feacb8]
Event: 7.027 Thread 0x0000000017d04800 4622       1       java.util.logging.LogManager::access$500 (5 bytes)
Event: 7.027 Thread 0x0000000017d04800 nmethod 4622 0x0000000003fea850 code [0x0000000003fea9a0, 0x0000000003feaa90]

GC Heap History (10 events):
Event: 1.917 GC heap before
{Heap before GC invocations=4 (full 0):
 PSYoungGen      total 37888K, used 22307K [0x00000000d6000000, 0x00000000daa00000, 0x0000000100000000)
  eden space 32768K, 52% used [0x00000000d6000000,0x00000000d70ce980,0x00000000d8000000)
  from space 5120K, 99% used [0x00000000d8000000,0x00000000d84fa5a0,0x00000000d8500000)
  to   space 5120K, 0% used [0x00000000da500000,0x00000000da500000,0x00000000daa00000)
 ParOldGen       total 86016K, used 12918K [0x0000000082000000, 0x0000000087400000, 0x00000000d6000000)
  object space 86016K, 15% used [0x0000000082000000,0x0000000082c9dac0,0x0000000087400000)
 Metaspace       used 20414K, capacity 21284K, committed 21296K, reserved 1067008K
  class space    used 2891K, capacity 3110K, committed 3120K, reserved 1048576K
Event: 1.922 GC heap after
Heap after GC invocations=4 (full 0):
 PSYoungGen      total 70656K, used 5113K [0x00000000d6000000, 0x00000000daa00000, 0x0000000100000000)
  eden space 65536K, 0% used [0x00000000d6000000,0x00000000d6000000,0x00000000da000000)
  from space 5120K, 99% used [0x00000000da500000,0x00000000da9fe590,0x00000000daa00000)
  to   space 5120K, 0% used [0x00000000da000000,0x00000000da000000,0x00000000da500000)
 ParOldGen       total 86016K, used 13755K [0x0000000082000000, 0x0000000087400000, 0x00000000d6000000)
  object space 86016K, 15% used [0x0000000082000000,0x0000000082d6ef10,0x0000000087400000)
 Metaspace       used 20414K, capacity 21284K, committed 21296K, reserved 1067008K
  class space    used 2891K, capacity 3110K, committed 3120K, reserved 1048576K
}
Event: 1.922 GC heap before
{Heap before GC invocations=5 (full 1):
 PSYoungGen      total 70656K, used 5113K [0x00000000d6000000, 0x00000000daa00000, 0x0000000100000000)
  eden space 65536K, 0% used [0x00000000d6000000,0x00000000d6000000,0x00000000da000000)
  from space 5120K, 99% used [0x00000000da500000,0x00000000da9fe590,0x00000000daa00000)
  to   space 5120K, 0% used [0x00000000da000000,0x00000000da000000,0x00000000da500000)
 ParOldGen       total 86016K, used 13755K [0x0000000082000000, 0x0000000087400000, 0x00000000d6000000)
  object space 86016K, 15% used [0x0000000082000000,0x0000000082d6ef10,0x0000000087400000)
 Metaspace       used 20414K, capacity 21284K, committed 21296K, reserved 1067008K
  class space    used 2891K, capacity 3110K, committed 3120K, reserved 1048576K
Event: 1.953 GC heap after
Heap after GC invocations=5 (full 1):
 PSYoungGen      total 70656K, used 0K [0x00000000d6000000, 0x00000000daa00000, 0x0000000100000000)
  eden space 65536K, 0% used [0x00000000d6000000,0x00000000d6000000,0x00000000da000000)
  from space 5120K, 0% used [0x00000000da500000,0x00000000da500000,0x00000000daa00000)
  to   space 5120K, 0% used [0x00000000da000000,0x00000000da000000,0x00000000da500000)
 ParOldGen       total 74752K, used 16321K [0x0000000082000000, 0x0000000086900000, 0x00000000d6000000)
  object space 74752K, 21% used [0x0000000082000000,0x0000000082ff0730,0x0000000086900000)
 Metaspace       used 20414K, capacity 21284K, committed 21296K, reserved 1067008K
  class space    used 2891K, capacity 3110K, committed 3120K, reserved 1048576K
}
Event: 2.355 GC heap before
{Heap before GC invocations=6 (full 1):
 PSYoungGen      total 70656K, used 65536K [0x00000000d6000000, 0x00000000daa00000, 0x0000000100000000)
  eden space 65536K, 100% used [0x00000000d6000000,0x00000000da000000,0x00000000da000000)
  from space 5120K, 0% used [0x00000000da500000,0x00000000da500000,0x00000000daa00000)
  to   space 5120K, 0% used [0x00000000da000000,0x00000000da000000,0x00000000da500000)
 ParOldGen       total 74752K, used 16321K [0x0000000082000000, 0x0000000086900000, 0x00000000d6000000)
  object space 74752K, 21% used [0x0000000082000000,0x0000000082ff0730,0x0000000086900000)
 Metaspace       used 21324K, capacity 22656K, committed 22832K, reserved 1069056K
  class space    used 3097K, capacity 3374K, committed 3376K, reserved 1048576K
Event: 2.358 GC heap after
Heap after GC invocations=6 (full 1):
 PSYoungGen      total 70656K, used 2075K [0x00000000d6000000, 0x00000000dda00000, 0x0000000100000000)
  eden space 65536K, 0% used [0x00000000d6000000,0x00000000d6000000,0x00000000da000000)
  from space 5120K, 40% used [0x00000000da000000,0x00000000da206ef0,0x00000000da500000)
  to   space 14848K, 0% used [0x00000000dcb80000,0x00000000dcb80000,0x00000000dda00000)
 ParOldGen       total 74752K, used 16329K [0x0000000082000000, 0x0000000086900000, 0x00000000d6000000)
  object space 74752K, 21% used [0x0000000082000000,0x0000000082ff2730,0x0000000086900000)
 Metaspace       used 21324K, capacity 22656K, committed 22832K, reserved 1069056K
  class space    used 3097K, capacity 3374K, committed 3376K, reserved 1048576K
}
Event: 2.712 GC heap before
{Heap before GC invocations=7 (full 1):
 PSYoungGen      total 70656K, used 67611K [0x00000000d6000000, 0x00000000dda00000, 0x0000000100000000)
  eden space 65536K, 100% used [0x00000000d6000000,0x00000000da000000,0x00000000da000000)
  from space 5120K, 40% used [0x00000000da000000,0x00000000da206ef0,0x00000000da500000)
  to   space 14848K, 0% used [0x00000000dcb80000,0x00000000dcb80000,0x00000000dda00000)
 ParOldGen       total 74752K, used 16329K [0x0000000082000000, 0x0000000086900000, 0x00000000d6000000)
  object space 74752K, 21% used [0x0000000082000000,0x0000000082ff2730,0x0000000086900000)
 Metaspace       used 22619K, capacity 23952K, committed 24112K, reserved 1069056K
  class space    used 3256K, capacity 3514K, committed 3632K, reserved 1048576K
Event: 2.717 GC heap after
Heap after GC invocations=7 (full 1):
 PSYoungGen      total 108032K, used 8199K [0x00000000d6000000, 0x00000000dd880000, 0x0000000100000000)
  eden space 94720K, 0% used [0x00000000d6000000,0x00000000d6000000,0x00000000dbc80000)
  from space 13312K, 61% used [0x00000000dcb80000,0x00000000dd381e18,0x00000000dd880000)
  to   space 14336K, 0% used [0x00000000dbc80000,0x00000000dbc80000,0x00000000dca80000)
 ParOldGen       total 74752K, used 16337K [0x0000000082000000, 0x0000000086900000, 0x00000000d6000000)
  object space 74752K, 21% used [0x0000000082000000,0x0000000082ff4730,0x0000000086900000)
 Metaspace       used 22619K, capacity 23952K, committed 24112K, reserved 1069056K
  class space    used 3256K, capacity 3514K, committed 3632K, reserved 1048576K
}
Event: 4.175 GC heap before
{Heap before GC invocations=8 (full 1):
 PSYoungGen      total 108032K, used 102919K [0x00000000d6000000, 0x00000000dd880000, 0x0000000100000000)
  eden space 94720K, 100% used [0x00000000d6000000,0x00000000dbc80000,0x00000000dbc80000)
  from space 13312K, 61% used [0x00000000dcb80000,0x00000000dd381e18,0x00000000dd880000)
  to   space 14336K, 0% used [0x00000000dbc80000,0x00000000dbc80000,0x00000000dca80000)
 ParOldGen       total 74752K, used 16337K [0x0000000082000000, 0x0000000086900000, 0x00000000d6000000)
  object space 74752K, 21% used [0x0000000082000000,0x0000000082ff4730,0x0000000086900000)
 Metaspace       used 27598K, capacity 29744K, committed 30000K, reserved 1075200K
  class space    used 4021K, capacity 4366K, committed 4400K, reserved 1048576K
Event: 4.197 GC heap after
Heap after GC invocations=8 (full 1):
 PSYoungGen      total 109056K, used 14311K [0x00000000d6000000, 0x00000000e1400000, 0x0000000100000000)
  eden space 94720K, 0% used [0x00000000d6000000,0x00000000d6000000,0x00000000dbc80000)
  from space 14336K, 99% used [0x00000000dbc80000,0x00000000dca79e90,0x00000000dca80000)
  to   space 23552K, 0% used [0x00000000dfd00000,0x00000000dfd00000,0x00000000e1400000)
 ParOldGen       total 74752K, used 29683K [0x0000000082000000, 0x0000000086900000, 0x00000000d6000000)
  object space 74752K, 39% used [0x0000000082000000,0x0000000083cfcf50,0x0000000086900000)
 Metaspace       used 27598K, capacity 29744K, committed 30000K, reserved 1075200K
  class space    used 4021K, capacity 4366K, committed 4400K, reserved 1048576K
}

Deoptimization events (10 events):
Event: 3.900 Thread 0x0000000019a4d800 Uncommon trap: reason=unstable_if action=reinterpret pc=0x0000000003a4e71c method=java.lang.Class.arrayContentsEq([Ljava/lang/Object;[Ljava/lang/Object;)Z @ 1
Event: 4.052 Thread 0x0000000019a4d800 Uncommon trap: reason=bimorphic action=maybe_recompile pc=0x0000000003e9e7b0 method=java.util.WeakHashMap.eq(Ljava/lang/Object;Ljava/lang/Object;)Z @ 7
Event: 4.053 Thread 0x0000000019a4d800 Uncommon trap: reason=bimorphic action=maybe_recompile pc=0x0000000003e9e7b0 method=java.util.WeakHashMap.eq(Ljava/lang/Object;Ljava/lang/Object;)Z @ 7
Event: 4.054 Thread 0x0000000019a4d800 Uncommon trap: reason=bimorphic action=maybe_recompile pc=0x0000000003e9e7b0 method=java.util.WeakHashMap.eq(Ljava/lang/Object;Ljava/lang/Object;)Z @ 7
Event: 4.054 Thread 0x0000000019a4d800 Uncommon trap: reason=bimorphic action=maybe_recompile pc=0x0000000003e9e7b0 method=java.util.WeakHashMap.eq(Ljava/lang/Object;Ljava/lang/Object;)Z @ 7
Event: 4.199 Thread 0x0000000019d59800 Uncommon trap: reason=unstable_if action=reinterpret pc=0x0000000003b351b4 method=javafx.fxml.FXMLLoader$ControllerAccessor.addAccessibleMethods(Ljava/lang/Class;I)V @ 80
Event: 4.232 Thread 0x0000000019d59800 Uncommon trap: reason=unstable_if action=reinterpret pc=0x0000000003e32a54 method=javafx.scene.CssStyleHelper.getStyle(Ljavafx/css/Styleable;Ljava/lang/String;Lcom/sun/javafx/css/StyleMap;Ljava/util/Set;)Lcom/sun/javafx/css/CascadingStyle; @ 1
Event: 4.233 Thread 0x0000000019d59800 Uncommon trap: reason=unstable_if action=reinterpret pc=0x0000000003ef9368 method=java.lang.StrictMath.floorOrCeil(DDDD)D @ 24
Event: 4.268 Thread 0x0000000019d59800 Uncommon trap: reason=unstable_if action=reinterpret pc=0x0000000003633fa8 method=jdk.internal.org.objectweb.asm.Type.getArgumentsAndReturnSizes(Ljava/lang/String;)I @ 47
Event: 6.292 Thread 0x0000000019d59800 Uncommon trap: reason=unstable_if action=reinterpret pc=0x00000000039f5744 method=java.util.EnumMap.isValidKey(Ljava/lang/Object;)Z @ 16

Classes redefined (0 events):
No events

Internal exceptions (10 events):
Event: 0.938 Thread 0x0000000019d59800 Exception <a 'java/io/FileNotFoundException'> (0x00000000d67422b8) thrown at [C:\re\workspace\8-2-build-windows-amd64-cygwin\jdk8u161\10277\hotspot\src\share\vm\prims\jni.cpp, line 709]
Event: 0.938 Thread 0x0000000019d59800 Exception <a 'java/io/FileNotFoundException'> (0x00000000d6743788) thrown at [C:\re\workspace\8-2-build-windows-amd64-cygwin\jdk8u161\10277\hotspot\src\share\vm\prims\jni.cpp, line 709]
Event: 0.951 Thread 0x0000000019d59800 Exception <a 'java/lang/ArrayIndexOutOfBoundsException': 58> (0x00000000d678ad70) thrown at [C:\re\workspace\8-2-build-windows-amd64-cygwin\jdk8u161\10277\hotspot\src\share\vm\interpreter\interpreterRuntime.cpp, line 366]
Event: 1.146 Thread 0x0000000019d59800 Exception <a 'java/io/FileNotFoundException'> (0x00000000d7c084b8) thrown at [C:\re\workspace\8-2-build-windows-amd64-cygwin\jdk8u161\10277\hotspot\src\share\vm\prims\jni.cpp, line 709]
Event: 2.092 Thread 0x0000000019d59800 Implicit null exception at 0x00000000035311b5 to 0x00000000035313cd
Event: 2.092 Thread 0x0000000019d59800 Implicit null exception at 0x00000000038273fb to 0x00000000038278b9
Event: 3.853 Thread 0x0000000019a4d800 Implicit null exception at 0x0000000003a5c4c9 to 0x0000000003a5f6a9
Event: 3.900 Thread 0x0000000019a4d800 Implicit null exception at 0x0000000003a4b1ec to 0x0000000003a4e6a9
Event: 4.232 Thread 0x0000000019d59800 Implicit null exception at 0x0000000003e2c083 to 0x0000000003e32a39
Event: 7.027 Thread 0x000000002291f800 Exception <a 'java/lang/IllegalStateException'> (0x00000000d660d220) thrown at [C:\re\workspace\8-2-build-windows-amd64-cygwin\jdk8u161\10277\hotspot\src\share\vm\prims\jvm.cpp, line 1394]

Events (10 events):
Event: 7.026 loading class java/util/IdentityHashMap$KeyIterator done
Event: 7.026 Thread 0x000000002291f800 Thread added: 0x000000002291f800
Event: 7.026 Thread 0x0000000019815800 Thread added: 0x0000000019815800
Event: 7.027 loading class com/sun/javafx/tk/quantum/QuantumRenderer
Event: 7.027 loading class com/sun/javafx/tk/quantum/QuantumRenderer done
Event: 7.027 Thread 0x0000000019815800 Thread exited: 0x0000000019815800
Event: 7.027 loading class com/sun/javafx/tk/quantum/QuantumToolkit
Event: 7.027 loading class com/sun/javafx/tk/quantum/QuantumToolkit done
Event: 7.027 Thread 0x000000002291f800 Thread exited: 0x000000002291f800
Event: 7.027 Executing VM operation: Exit


Dynamic libraries:
0x00007ff71ead0000 - 0x00007ff71eb07000 	C:\Program Files\Java\jdk1.8.0_161\bin\javaw.exe
0x00007ffd6cef0000 - 0x00007ffd6d0d1000 	C:\WINDOWS\SYSTEM32\ntdll.dll
0x00007ffd6b490000 - 0x00007ffd6b541000 	C:\WINDOWS\System32\KERNEL32.DLL
0x00007ffd69620000 - 0x00007ffd69893000 	C:\WINDOWS\System32\KERNELBASE.dll
0x00007ffd6aad0000 - 0x00007ffd6ab71000 	C:\WINDOWS\System32\ADVAPI32.dll
0x00007ffd6b5b0000 - 0x00007ffd6b64e000 	C:\WINDOWS\System32\msvcrt.dll
0x00007ffd6a590000 - 0x00007ffd6a5eb000 	C:\WINDOWS\System32\sechost.dll
0x00007ffd6ab90000 - 0x00007ffd6acb4000 	C:\WINDOWS\System32\RPCRT4.dll
0x00007ffd6ad30000 - 0x00007ffd6aec0000 	C:\WINDOWS\System32\USER32.dll
0x00007ffd69410000 - 0x00007ffd69430000 	C:\WINDOWS\System32\win32u.dll
0x00007ffd6a940000 - 0x00007ffd6a968000 	C:\WINDOWS\System32\GDI32.dll
0x00007ffd6a060000 - 0x00007ffd6a1f2000 	C:\WINDOWS\System32\gdi32full.dll
0x00007ffd69320000 - 0x00007ffd693bf000 	C:\WINDOWS\System32\msvcp_win.dll
0x00007ffd6a280000 - 0x00007ffd6a378000 	C:\WINDOWS\System32\ucrtbase.dll
0x00007ffd5d210000 - 0x00007ffd5d479000 	C:\WINDOWS\WinSxS\amd64_microsoft.windows.common-controls_6595b64144ccf1df_6.0.17134.706_none_fb43a2cb30647007\COMCTL32.dll
0x00007ffd6a610000 - 0x00007ffd6a932000 	C:\WINDOWS\System32\combase.dll
0x00007ffd6a200000 - 0x00007ffd6a27a000 	C:\WINDOWS\System32\bcryptPrimitives.dll
0x00007ffd6b700000 - 0x00007ffd6b72d000 	C:\WINDOWS\System32\IMM32.DLL
0x000000005d620000 - 0x000000005d6f2000 	C:\Program Files\Java\jdk1.8.0_161\jre\bin\msvcr100.dll
0x000000005d7f0000 - 0x000000005e08f000 	C:\Program Files\Java\jdk1.8.0_161\jre\bin\server\jvm.dll
0x00007ffd6ab80000 - 0x00007ffd6ab88000 	C:\WINDOWS\System32\PSAPI.DLL
0x00007ffd5af30000 - 0x00007ffd5af39000 	C:\WINDOWS\SYSTEM32\WSOCK32.dll
0x00007ffd647c0000 - 0x00007ffd647e3000 	C:\WINDOWS\SYSTEM32\WINMM.dll
0x00007ffd6acc0000 - 0x00007ffd6ad2c000 	C:\WINDOWS\System32\WS2_32.dll
0x00007ffd63ac0000 - 0x00007ffd63aca000 	C:\WINDOWS\SYSTEM32\VERSION.dll
0x00007ffd64790000 - 0x00007ffd647ba000 	C:\WINDOWS\SYSTEM32\WINMMBASE.dll
0x00007ffd693c0000 - 0x00007ffd69409000 	C:\WINDOWS\System32\cfgmgr32.dll
0x000000005d7e0000 - 0x000000005d7ef000 	C:\Program Files\Java\jdk1.8.0_161\jre\bin\verify.dll
0x000000005d7b0000 - 0x000000005d7d9000 	C:\Program Files\Java\jdk1.8.0_161\jre\bin\java.dll
0x000000005d790000 - 0x000000005d7a6000 	C:\Program Files\Java\jdk1.8.0_161\jre\bin\zip.dll
0x00007ffd6ba70000 - 0x00007ffd6ceb0000 	C:\WINDOWS\System32\SHELL32.dll
0x00007ffd6b650000 - 0x00007ffd6b6f9000 	C:\WINDOWS\System32\shcore.dll
0x00007ffd69950000 - 0x00007ffd6a05d000 	C:\WINDOWS\System32\windows.storage.dll
0x00007ffd6b550000 - 0x00007ffd6b5a1000 	C:\WINDOWS\System32\shlwapi.dll
0x00007ffd69280000 - 0x00007ffd69291000 	C:\WINDOWS\System32\kernel.appcore.dll
0x00007ffd692a0000 - 0x00007ffd692bf000 	C:\WINDOWS\System32\profapi.dll
0x00007ffd69210000 - 0x00007ffd6925c000 	C:\WINDOWS\System32\powrprof.dll
0x00007ffd69200000 - 0x00007ffd6920a000 	C:\WINDOWS\System32\FLTLIB.DLL
0x0000000002d30000 - 0x0000000002d33000 	C:\Program Files\Java\jdk1.8.0_161\jre\bin\api-ms-win-core-console-l1-1-0.dll
0x0000000002d40000 - 0x0000000002d43000 	C:\Program Files\Java\jdk1.8.0_161\jre\bin\api-ms-win-core-datetime-l1-1-0.dll
0x0000000002d50000 - 0x0000000002d53000 	C:\Program Files\Java\jdk1.8.0_161\jre\bin\api-ms-win-core-debug-l1-1-0.dll
0x0000000002d60000 - 0x0000000002d63000 	C:\Program Files\Java\jdk1.8.0_161\jre\bin\api-ms-win-core-errorhandling-l1-1-0.dll
0x0000000002d70000 - 0x0000000002d74000 	C:\Program Files\Java\jdk1.8.0_161\jre\bin\api-ms-win-core-file-l1-1-0.dll
0x0000000002d80000 - 0x0000000002d83000 	C:\Program Files\Java\jdk1.8.0_161\jre\bin\api-ms-win-core-file-l1-2-0.dll
0x0000000002d90000 - 0x0000000002d93000 	C:\Program Files\Java\jdk1.8.0_161\jre\bin\api-ms-win-core-file-l2-1-0.dll
0x0000000002da0000 - 0x0000000002da3000 	C:\Program Files\Java\jdk1.8.0_161\jre\bin\api-ms-win-core-handle-l1-1-0.dll
0x0000000002db0000 - 0x0000000002db3000 	C:\Program Files\Java\jdk1.8.0_161\jre\bin\api-ms-win-core-heap-l1-1-0.dll
0x0000000002dc0000 - 0x0000000002dc3000 	C:\Program Files\Java\jdk1.8.0_161\jre\bin\api-ms-win-core-interlocked-l1-1-0.dll
0x0000000002dd0000 - 0x0000000002dd3000 	C:\Program Files\Java\jdk1.8.0_161\jre\bin\api-ms-win-core-libraryloader-l1-1-0.dll
0x0000000002de0000 - 0x0000000002de3000 	C:\Program Files\Java\jdk1.8.0_161\jre\bin\api-ms-win-core-localization-l1-2-0.dll
0x0000000002df0000 - 0x0000000002df3000 	C:\Program Files\Java\jdk1.8.0_161\jre\bin\api-ms-win-core-memory-l1-1-0.dll
0x0000000002e00000 - 0x0000000002e03000 	C:\Program Files\Java\jdk1.8.0_161\jre\bin\api-ms-win-core-namedpipe-l1-1-0.dll
0x0000000002e20000 - 0x0000000002e23000 	C:\Program Files\Java\jdk1.8.0_161\jre\bin\api-ms-win-core-processenvironment-l1-1-0.dll
0x0000000002e30000 - 0x0000000002e33000 	C:\Program Files\Java\jdk1.8.0_161\jre\bin\api-ms-win-core-processthreads-l1-1-0.dll
0x0000000002e40000 - 0x0000000002e43000 	C:\Program Files\Java\jdk1.8.0_161\jre\bin\api-ms-win-core-processthreads-l1-1-1.dll
0x0000000002e50000 - 0x0000000002e53000 	C:\Program Files\Java\jdk1.8.0_161\jre\bin\api-ms-win-core-profile-l1-1-0.dll
0x0000000002e60000 - 0x0000000002e63000 	C:\Program Files\Java\jdk1.8.0_161\jre\bin\api-ms-win-core-rtlsupport-l1-1-0.dll
0x0000000002e70000 - 0x0000000002e73000 	C:\Program Files\Java\jdk1.8.0_161\jre\bin\api-ms-win-core-string-l1-1-0.dll
0x0000000002e80000 - 0x0000000002e83000 	C:\Program Files\Java\jdk1.8.0_161\jre\bin\api-ms-win-core-synch-l1-1-0.dll
0x0000000002e90000 - 0x0000000002e93000 	C:\Program Files\Java\jdk1.8.0_161\jre\bin\api-ms-win-core-synch-l1-2-0.dll
0x0000000002ea0000 - 0x0000000002ea3000 	C:\Program Files\Java\jdk1.8.0_161\jre\bin\api-ms-win-core-sysinfo-l1-1-0.dll
0x0000000002eb0000 - 0x0000000002eb3000 	C:\Program Files\Java\jdk1.8.0_161\jre\bin\api-ms-win-core-timezone-l1-1-0.dll
0x0000000002ec0000 - 0x0000000002ec3000 	C:\Program Files\Java\jdk1.8.0_161\jre\bin\api-ms-win-core-util-l1-1-0.dll
0x0000000002ed0000 - 0x0000000002ed3000 	C:\Program Files\Java\jdk1.8.0_161\jre\bin\api-ms-win-crt-conio-l1-1-0.dll
0x0000000002ee0000 - 0x0000000002ee4000 	C:\Program Files\Java\jdk1.8.0_161\jre\bin\api-ms-win-crt-convert-l1-1-0.dll
0x0000000019c50000 - 0x0000000019c53000 	C:\Program Files\Java\jdk1.8.0_161\jre\bin\api-ms-win-crt-environment-l1-1-0.dll
0x0000000019c60000 - 0x0000000019c63000 	C:\Program Files\Java\jdk1.8.0_161\jre\bin\api-ms-win-crt-filesystem-l1-1-0.dll
0x0000000019c70000 - 0x0000000019c73000 	C:\Program Files\Java\jdk1.8.0_161\jre\bin\api-ms-win-crt-heap-l1-1-0.dll
0x0000000019c80000 - 0x0000000019c83000 	C:\Program Files\Java\jdk1.8.0_161\jre\bin\api-ms-win-crt-locale-l1-1-0.dll
0x0000000019c90000 - 0x0000000019c95000 	C:\Program Files\Java\jdk1.8.0_161\jre\bin\api-ms-win-crt-math-l1-1-0.dll
0x0000000019ca0000 - 0x0000000019ca5000 	C:\Program Files\Java\jdk1.8.0_161\jre\bin\api-ms-win-crt-multibyte-l1-1-0.dll
0x0000000019cb0000 - 0x0000000019cc0000 	C:\Program Files\Java\jdk1.8.0_161\jre\bin\api-ms-win-crt-private-l1-1-0.dll
0x0000000019cc0000 - 0x0000000019cc3000 	C:\Program Files\Java\jdk1.8.0_161\jre\bin\api-ms-win-crt-process-l1-1-0.dll
0x0000000019cd0000 - 0x0000000019cd4000 	C:\Program Files\Java\jdk1.8.0_161\jre\bin\api-ms-win-crt-runtime-l1-1-0.dll
0x0000000019ce0000 - 0x0000000019ce4000 	C:\Program Files\Java\jdk1.8.0_161\jre\bin\api-ms-win-crt-stdio-l1-1-0.dll
0x0000000019cf0000 - 0x0000000019cf4000 	C:\Program Files\Java\jdk1.8.0_161\jre\bin\api-ms-win-crt-string-l1-1-0.dll
0x0000000019d00000 - 0x0000000019d03000 	C:\Program Files\Java\jdk1.8.0_161\jre\bin\api-ms-win-crt-time-l1-1-0.dll
0x0000000019d10000 - 0x0000000019d13000 	C:\Program Files\Java\jdk1.8.0_161\jre\bin\api-ms-win-crt-utility-l1-1-0.dll
0x00007ffd56670000 - 0x00007ffd56766000 	C:\Program Files\Java\jdk1.8.0_161\jre\bin\ucrtbase.dll
0x00007ffd55320000 - 0x00007ffd55371000 	C:\Program Files\Java\jdk1.8.0_161\jre\bin\concrt140.dll
0x00007ffd66f00000 - 0x00007ffd66f15000 	C:\WINDOWS\SYSTEM32\VCRUNTIME140.dll
0x00007ffd66e60000 - 0x00007ffd66efb000 	C:\WINDOWS\SYSTEM32\MSVCP140.dll
0x00007ffd65be0000 - 0x00007ffd65bf6000 	C:\Program Files\Java\jdk1.8.0_161\jre\bin\vcruntime140.dll
0x00007ffd4cf60000 - 0x00007ffd4cffc000 	C:\Program Files\Java\jdk1.8.0_161\jre\bin\msvcp140.dll
0x000000005d5f0000 - 0x000000005d613000 	C:\Program Files\Java\jdk1.8.0_161\jre\bin\prism_d3d.dll
0x00007ffd613d0000 - 0x00007ffd61567000 	C:\WINDOWS\system32\d3d9.dll
0x00007ffd67580000 - 0x00007ffd675a9000 	C:\WINDOWS\SYSTEM32\dwmapi.dll
0x00007ffd66b40000 - 0x00007ffd66bd8000 	C:\WINDOWS\system32\uxtheme.dll
0x00007ffcf46a0000 - 0x00007ffcf83ab000 	C:\WINDOWS\System32\DriverStore\FileRepository\ki125173.inf_amd64_6f141e257f4fffee\igdumdim64.dll
0x00007ffd6b040000 - 0x00007ffd6b48b000 	C:\WINDOWS\System32\SETUPAPI.dll
0x00007ffd6a970000 - 0x00007ffd6aac1000 	C:\WINDOWS\System32\ole32.dll
0x00007ffd6b730000 - 0x00007ffd6b7f2000 	C:\WINDOWS\System32\OLEAUT32.dll
0x000000005d5a0000 - 0x000000005d5e9000 	C:\Program Files\Java\jdk1.8.0_161\jre\bin\glass.dll
0x00007ffd6a4a0000 - 0x00007ffd6a58d000 	C:\WINDOWS\System32\COMDLG32.dll
0x00007ffd6aec0000 - 0x00007ffd6b033000 	C:\WINDOWS\System32\MSCTF.dll
0x00007ffd5e650000 - 0x00007ffd5fc5c000 	C:\WINDOWS\System32\DriverStore\FileRepository\ki125173.inf_amd64_6f141e257f4fffee\igc64.dll
0x000000005d580000 - 0x000000005d594000 	C:\Program Files\Java\jdk1.8.0_161\jre\bin\javafx_font.dll
0x00007ffd438e0000 - 0x00007ffd43bfc000 	C:\WINDOWS\SYSTEM32\dwrite.dll
0x000000005d720000 - 0x000000005d744000 	C:\Program Files\Java\jdk1.8.0_161\jre\bin\sunec.dll
0x000000005d770000 - 0x000000005d78a000 	C:\Program Files\Java\jdk1.8.0_161\jre\bin\net.dll
0x00007ffd68a80000 - 0x00007ffd68ae6000 	C:\WINDOWS\system32\mswsock.dll
0x00007ffd68800000 - 0x00007ffd68838000 	C:\WINDOWS\SYSTEM32\IPHLPAPI.DLL
0x00007ffd6ceb0000 - 0x00007ffd6ceb8000 	C:\WINDOWS\System32\NSI.dll
0x00007ffd62df0000 - 0x00007ffd62e06000 	C:\WINDOWS\SYSTEM32\dhcpcsvc6.DLL
0x00007ffd62dd0000 - 0x00007ffd62dea000 	C:\WINDOWS\SYSTEM32\dhcpcsvc.DLL
0x000000005d750000 - 0x000000005d761000 	C:\Program Files\Java\jdk1.8.0_161\jre\bin\nio.dll
0x00007ffd6a380000 - 0x00007ffd6a420000 	C:\WINDOWS\System32\clbcatq.dll
0x00007ffd637c0000 - 0x00007ffd6396e000 	C:\WINDOWS\SYSTEM32\WindowsCodecs.dll
0x00007ffd41b00000 - 0x00007ffd41b58000 	C:\WINDOWS\system32\dataexchange.dll
0x00007ffd66070000 - 0x00007ffd6637b000 	C:\WINDOWS\system32\d3d11.dll
0x00007ffd66380000 - 0x00007ffd6651c000 	C:\WINDOWS\system32\dcomp.dll
0x00007ffd67fc0000 - 0x00007ffd6807b000 	C:\WINDOWS\system32\dxgi.dll
0x00007ffd67710000 - 0x00007ffd678c8000 	C:\WINDOWS\system32\twinapi.appcore.dll
0x00007ffd676b0000 - 0x00007ffd676d9000 	C:\WINDOWS\system32\RMCLIENT.dll
0x00007ffd56280000 - 0x00007ffd562b4000 	C:\Program Files\Common Files\Microsoft Shared\Ink\rtscom.dll
0x00007ffd45cb0000 - 0x00007ffd45d46000 	C:\WINDOWS\System32\TextInputFramework.dll
0x00007ffd66860000 - 0x00007ffd6693a000 	C:\WINDOWS\System32\CoreMessaging.dll
0x00007ffd63240000 - 0x00007ffd6355e000 	C:\WINDOWS\System32\CoreUIComponents.dll
0x00007ffd682f0000 - 0x00007ffd68321000 	C:\WINDOWS\SYSTEM32\ntmarta.dll
0x00007ffd64d80000 - 0x00007ffd64ecd000 	C:\WINDOWS\SYSTEM32\wintypes.dll
0x000000005d550000 - 0x000000005d573000 	C:\Program Files\Java\jdk1.8.0_161\jre\bin\javafx_iio.dll
0x000000005d530000 - 0x000000005d542000 	C:\Program Files\Java\jdk1.8.0_161\jre\bin\prism_common.dll
0x00007ffd67c50000 - 0x00007ffd67e19000 	C:\WINDOWS\SYSTEM32\dbghelp.dll

VM Arguments:
jvm_args: -Dfile.encoding=UTF-8 
java_command: com.jeeves.vpl.Main
java_class_path (initial): C:\Program Files\Java\jdk1.8.0_161\jre\lib\resources.jar;C:\Program Files\Java\jdk1.8.0_161\jre\lib\rt.jar;C:\Program Files\Java\jdk1.8.0_161\jre\lib\jsse.jar;C:\Program Files\Java\jdk1.8.0_161\jre\lib\jce.jar;C:\Program Files\Java\jdk1.8.0_161\jre\lib\charsets.jar;C:\Program Files\Java\jdk1.8.0_161\jre\lib\jfr.jar;C:\Program Files\Java\jdk1.8.0_161\jre\lib\ext\access-bridge-64.jar;C:\Program Files\Java\jdk1.8.0_161\jre\lib\ext\cldrdata.jar;C:\Program Files\Java\jdk1.8.0_161\jre\lib\ext\dnsns.jar;C:\Program Files\Java\jdk1.8.0_161\jre\lib\ext\jaccess.jar;C:\Program Files\Java\jdk1.8.0_161\jre\lib\ext\jfxrt.jar;C:\Program Files\Java\jdk1.8.0_161\jre\lib\ext\localedata.jar;C:\Program Files\Java\jdk1.8.0_161\jre\lib\ext\nashorn.jar;C:\Program Files\Java\jdk1.8.0_161\jre\lib\ext\sunec.jar;C:\Program Files\Java\jdk1.8.0_161\jre\lib\ext\sunjce_provider.jar;C:\Program Files\Java\jdk1.8.0_161\jre\lib\ext\sunmscapi.jar;C:\Program Files\Java\jdk1.8.0_161\jre\lib\ext\sunpkcs11.jar;C:\Program Files\Java\jdk1.8.0_161\jre\lib\ext\zipfs.jar;C:\Users\danie\eclipse-workspace\Jeeves\target\classes;C:\Users\danie\.m2\repository\commons-codec\commons-codec\1.11\commons-codec-1.11.jar;C:\Users\danie\.m2\repository\commons-validator\commons-validator\1.4.1\commons-validator-1.4.1.jar;C:\Users\danie\.m2\repository\commons-beanutils\commons-beanutils\1.8.3\commons-beanutils-1.8.3.jar;C:\Users\danie\.m2\repository\commons-digester\commons-digester\1.8.1\commons-digester-1.8.1.jar;C:\Users\danie\.m2\repository\commons-logging\commons-logging\1.2\commons-logging-1.2.jar;C:\Users\danie\.m2\repository\commons-collections\commons-collections\3.2.1\commons-collections-3.2.1.jar;C:\Users\danie\.m2\repository\org\apache\shiro\shiro-core\1.3.2\shiro-core-1.3.2.jar;C:\Users\danie\.m2\repository\com\google\firebase\firebase-admin\6.6.0\firebase-admin-6.6.0.jar;C:\Users\danie\.m2\repository\com\google\api-client\google-api-client\1.25.0\google-api-client-1.25.0.jar;C:\Users
Launcher Type: SUN_STANDARD

Environment Variables:
JAVA_HOME=c:\program files\java\jdk1.8.0_161
PATH=C:/Program Files/Java/jdk1.8.0_161/bin/../jre/bin/server;C:/Program Files/Java/jdk1.8.0_161/bin/../jre/bin;C:/Program Files/Java/jdk1.8.0_161/bin/../jre/lib/amd64;C:\Program Files (x86)\Common Files\Oracle\Java\javapath;C:\ProgramData\Oracle\Java\javapath;C:\Program Files (x86)\Intel\Intel(R) Management Engine Components\iCLS\;C:\Program Files\Intel\Intel(R) Management Engine Components\iCLS\;C:\Windows\system32;C:\Windows;C:\Windows\System32\Wbem;C:\Windows\System32\WindowsPowerShell\v1.0\;C:\Program Files (x86)\Intel\Intel(R) Management Engine Components\DAL;C:\Program Files\Intel\Intel(R) Management Engine Components\DAL;C:\Program Files (x86)\Intel\Intel(R) Management Engine Components\IPT;C:\Program Files\Intel\Intel(R) Management Engine Components\IPT;C:\Program Files (x86)\NVIDIA Corporation\PhysX\Common;C:\Python27;C:\Python27\Scripts;C:\Program Files\Git\cmd;C:\Program Files\Git\mingw64\bin;C:\Program Files\Git\usr\bin;C:\WINDOWS\system32;C:\WINDOWS;C:\WINDOWS\System32\Wbem;C:\WINDOWS\System32\WindowsPowerShell\v1.0\;C:\WINDOWS\System32\OpenSSH\;C:\Program Files\PuTTY\;C:\Program Files\Microsoft SQL Server\120\Tools\Binn\;C:\Program Files\Intel\WiFi\bin\;C:\Program Files\Common Files\Intel\WirelessCommon\;C:\Program Files\IBM\SPSS\Statistics\25\JRE\bin;C:\Program Files\nodejs\;C:\Program Files\MATLAB\R2019a\bin;C:\Users\danie\scoop\shims;c:\jruby-9.1.8.0\bin;C:\Ruby24-x64\bin;C:\Users\danie\AppData\Local\Microsoft\WindowsApps;C:\Program Files\Heroku\bin;C:\Users\danie\AppData\Roaming\npm;C:\Shortcuts;;C:\WINDOWS\system32;
USERNAME=danie
OS=Windows_NT
PROCESSOR_IDENTIFIER=Intel64 Family 6 Model 158 Stepping 9, GenuineIntel



---------------  S Y S T E M  ---------------

OS: Windows 10.0 , 64 bit Build 17134 (10.0.17134.706)

CPU:total 4 (initial active 4) (4 cores per cpu, 1 threads per core) family 6 model 158 stepping 9, cmov, cx8, fxsr, mmx, sse, sse2, sse3, ssse3, sse4.1, sse4.2, popcnt, avx, avx2, aes, clmul, erms, 3dnowpref, lzcnt, tsc, tscinvbit, bmi1, bmi2, adx

Memory: 4k page, physical 8250724k(901580k free), swap 16639332k(1759260k free)

vm_info: Java HotSpot(TM) 64-Bit Server VM (25.161-b12) for windows-amd64 JRE (1.8.0_161-b12), built on Dec 19 2017 17:52:25 by "java_re" with MS VC++ 10.0 (VS2010)

time: Thu Apr 18 13:03:41 2019
elapsed time: 7 seconds (0d 0h 0m 7s)

