#
# A fatal error has been detected by the Java Runtime Environment:
#
#  EXCEPTION_ACCESS_VIOLATION (0xc0000005) at pc=0x000000005ab178b0, pid=9280, tid=0x0000000000001a38
#
# JRE version: Java(TM) SE Runtime Environment (8.0_161-b12) (build 1.8.0_161-b12)
# Java VM: Java HotSpot(TM) 64-Bit Server VM (25.161-b12 mixed mode windows-amd64 compressed oops)
# Problematic frame:
# C  [glass.dll+0x278b0]
#
# Failed to write core dump. Minidumps are not enabled by default on client versions of Windows
#
# If you would like to submit a bug report, please visit:
#   http://bugreport.java.com/bugreport/crash.jsp
#

---------------  T H R E A D  ---------------

Current thread (0x0000000017637000):  VMThread [stack: 0x00000000186e0000,0x00000000187e0000] [id=6712]

siginfo: ExceptionCode=0xc0000005, reading address 0x0000000000000000

Registers:
RAX=0x0000000000000000, RBX=0x0000000002aa0c88, RCX=0x0000000017637000, RDX=0x000000005b35dc78
RSP=0x00000000187df450, RBP=0x0000000000cb5198, RSI=0x0000000000cb5170, RDI=0x000038b4b8ae1fb1
R8 =0x0000000000010002, R9 =0x0000000000000031, R10=0x000038b4b8ae1fb1, R11=0x00000000187df360
R12=0x0000000000000000, R13=0x0000000000000040, R14=0x00000000187df568, R15=0x0000000000cb5170
RIP=0x000000005ab178b0, EFLAGS=0x0000000000010206

Top of Stack: (sp=0x00000000187df450)
0x00000000187df450:   0000000000000000 00007ffd9d49e52b
0x00000000187df460:   0000000000cb5180 0000000000cb5180
0x00000000187df470:   fffffffffffffffe 0000000000cb5198
0x00000000187df480:   0000000000cb5178 00007ffd9d497013
0x00000000187df490:   000000005ab2c1b0 00007ffd00000000
0x00000000187df4a0:   0000f6fc08b1ddc8 0000000000000000
0x00000000187df4b0:   fffffffffffffffe 00007ffd9d4972ad
0x00000000187df4c0:   0000000000000001 000000005aaf0000
0x00000000187df4d0:   0000000002b71638 000000005ab148dc
0x00000000187df4e0:   00000000187df558 00007ffd9d49da67
0x00000000187df4f0:   0000000000000000 00000000187df568
0x00000000187df500:   0000000017545400 00007ffd9d57b090
0x00000000187df510:   0000000000000000 00007ffd9d497204
0x00000000187df520:   0000000000000000 0000000000000001
0x00000000187df530:   0000000021643a40 00000000187df558
0x00000000187df540:   0000000000000000 000000005ab14752 

Instructions: (pc=0x000000005ab178b0)
0x000000005ab17890:   40 53 48 83 ec 30 48 c7 44 24 20 fe ff ff ff 48
0x000000005ab178a0:   8b 1d 7a 72 01 00 48 85 db 74 16 e8 00 81 ff ff
0x000000005ab178b0:   4c 8b 00 48 8b d3 48 8b c8 41 ff 90 b0 00 00 00
0x000000005ab178c0:   90 48 83 c4 30 5b c3 cc cc cc cc cc cc cc cc cc 


Register to memory mapping:

RAX=0x0000000000000000 is an unknown value
RBX=0x0000000002aa0c88 is a global jni handle
RCX=0x0000000017637000 is an unknown value
RDX=0x000000005b35dc78 is an unknown value
RSP=0x00000000187df450 is an unknown value
RBP=0x0000000000cb5198 is an unknown value
RSI=0x0000000000cb5170 is an unknown value
RDI=0x000038b4b8ae1fb1 is an unknown value
R8 =0x0000000000010002 is an unknown value
R9 =0x0000000000000031 is an unknown value
R10=0x000038b4b8ae1fb1 is an unknown value
R11=0x00000000187df360 is an unknown value
R12=0x0000000000000000 is an unknown value
R13=0x0000000000000040 is an unknown value
R14=0x00000000187df568 is an unknown value
R15=0x0000000000cb5170 is an unknown value


Stack: [0x00000000186e0000,0x00000000187e0000],  sp=0x00000000187df450,  free space=1021k
Native frames: (J=compiled Java code, j=interpreted, Vv=VM code, C=native code)
C  [glass.dll+0x278b0]
C  [ucrtbase.dll+0x7013]
C  [ucrtbase.dll+0xda67]
C  [ucrtbase.dll+0x7204]
C  [glass.dll+0x24752]
C  [glass.dll+0x24850]
C  [ntdll.dll+0x34143]
C  [ntdll.dll+0x40af5]
C  [ntdll.dll+0x409b8]
C  [KERNEL32.DLL+0x1b19a]
C  [msvcr100.dll+0x20ccd]
V  [jvm.dll+0x212e95]
V  [jvm.dll+0x24c227]
V  [jvm.dll+0x24b4c6]
V  [jvm.dll+0x24b961]
V  [jvm.dll+0x24bb7e]
V  [jvm.dll+0x29cc4a]
C  [msvcr100.dll+0x21d9f]
C  [msvcr100.dll+0x21e3b]
C  [KERNEL32.DLL+0x13034]
C  [ntdll.dll+0x71551]

VM_Operation (0x0000000019c2aa00): Exit, mode: safepoint, requested by thread 0x000000001936e000


---------------  P R O C E S S  ---------------

Java Threads: ( => current thread )
  0x0000000021bd8800 JavaThread "Prism Font Disposer" daemon [_thread_blocked, id=10968, stack(0x0000000023b10000,0x0000000023c10000)]
  0x000000002096b000 JavaThread "JavaFX-Launcher" [_thread_blocked, id=10364, stack(0x0000000021200000,0x0000000021300000)]
  0x0000000020969800 JavaThread "Thread-2" daemon [_thread_in_native, id=3280, stack(0x0000000021100000,0x0000000021200000)]
  0x000000001936e000 JavaThread "JavaFX Application Thread" [_thread_blocked, id=11532, stack(0x0000000019b30000,0x0000000019c30000)]
  0x0000000019343000 JavaThread "Thread-1" daemon [_thread_blocked, id=6592, stack(0x0000000019a30000,0x0000000019b30000)]
  0x0000000019339800 JavaThread "QuantumRenderer-0" daemon [_thread_blocked, id=12244, stack(0x0000000019720000,0x0000000019820000)]
  0x0000000019000800 JavaThread "Service Thread" daemon [_thread_blocked, id=9248, stack(0x00000000193d0000,0x00000000194d0000)]
  0x0000000017680000 JavaThread "C1 CompilerThread2" daemon [_thread_blocked, id=13104, stack(0x0000000018ed0000,0x0000000018fd0000)]
  0x0000000017678000 JavaThread "C2 CompilerThread1" daemon [_thread_blocked, id=7260, stack(0x0000000018dd0000,0x0000000018ed0000)]
  0x0000000017674800 JavaThread "C2 CompilerThread0" daemon [_thread_blocked, id=6568, stack(0x0000000018cd0000,0x0000000018dd0000)]
  0x0000000017673000 JavaThread "Attach Listener" daemon [_thread_blocked, id=9936, stack(0x0000000018bd0000,0x0000000018cd0000)]
  0x0000000017670000 JavaThread "Signal Dispatcher" daemon [_thread_blocked, id=10812, stack(0x0000000018ad0000,0x0000000018bd0000)]
  0x0000000017660000 JavaThread "Finalizer" daemon [_thread_blocked, id=5676, stack(0x00000000188e0000,0x00000000189e0000)]
  0x0000000002ac6000 JavaThread "Reference Handler" daemon [_thread_blocked, id=1776, stack(0x00000000187e0000,0x00000000188e0000)]
  0x00000000029d5800 JavaThread "main" [_thread_blocked, id=5500, stack(0x0000000002820000,0x0000000002920000)]

Other Threads:
=>0x0000000017637000 VMThread [stack: 0x00000000186e0000,0x00000000187e0000] [id=6712]

VM state:at safepoint (shutting down)

VM Mutex/Monitor currently owned by a thread:  ([mutex/lock_event])
[0x00000000029d2350] Threads_lock - owner thread: 0x0000000017637000

Heap:
 PSYoungGen      total 139264K, used 32588K [0x00000000d6000000, 0x00000000e1500000, 0x0000000100000000)
  eden space 126464K, 15% used [0x00000000d6000000,0x00000000d73593f8,0x00000000ddb80000)
  from space 12800K, 99% used [0x00000000ddb80000,0x00000000de7f9e80,0x00000000de800000)
  to   space 19968K, 0% used [0x00000000e0180000,0x00000000e0180000,0x00000000e1500000)
 ParOldGen       total 75264K, used 28369K [0x0000000082000000, 0x0000000086980000, 0x00000000d6000000)
  object space 75264K, 37% used [0x0000000082000000,0x0000000083bb4500,0x0000000086980000)
 Metaspace       used 27559K, capacity 29456K, committed 29744K, reserved 1075200K
  class space    used 3994K, capacity 4322K, committed 4400K, reserved 1048576K

Card table byte_map: [0x0000000011f40000,0x0000000012340000] byte_map_base: 0x0000000011b30000

Marking Bits: (ParMarkBitMap*) 0x000000005b54f860
 Begin Bits: [0x00000000129e0000, 0x0000000014960000)
 End Bits:   [0x0000000014960000, 0x00000000168e0000)

Polling page: 0x0000000000c10000

CodeCache: size=245760Kb used=15205Kb max_used=15216Kb free=230554Kb
 bounds [0x0000000002b80000, 0x0000000003a70000, 0x0000000011b80000]
 total_blobs=5473 nmethods=4740 adapters=644
 compilation: enabled

Compilation events (10 events):
Event: 16.904 Thread 0x0000000017680000 nmethod 4804 0x0000000003a55a90 code [0x0000000003a55be0, 0x0000000003a55cf0]
Event: 16.904 Thread 0x0000000017680000 4805       3       com.sun.javafx.font.CompositeStrike::drawAsShapes (11 bytes)
Event: 16.904 Thread 0x0000000017680000 nmethod 4805 0x0000000003a64910 code [0x0000000003a64a80, 0x0000000003a64cd8]
Event: 17.169 Thread 0x0000000017678000 4806   !   4       java.util.zip.ZipFile$ZipFileInputStream::read (131 bytes)
Event: 17.175 Thread 0x0000000017674800 4807       4       java.util.jar.JarFile::maybeInstantiateVerifier (96 bytes)
Event: 17.178 Thread 0x0000000017678000 nmethod 4806 0x0000000003a67fd0 code [0x0000000003a68140, 0x0000000003a68738]
Event: 17.182 Thread 0x0000000017680000 4808       1       com.sun.glass.ui.Screen::getX (5 bytes)
Event: 17.182 Thread 0x0000000017680000 nmethod 4808 0x0000000003a67d10 code [0x0000000003a67e60, 0x0000000003a67f70]
Event: 17.182 Thread 0x0000000017680000 4809       1       com.sun.glass.ui.Screen::getY (5 bytes)
Event: 17.182 Thread 0x0000000017680000 nmethod 4809 0x0000000003a67a50 code [0x0000000003a67ba0, 0x0000000003a67cb0]

GC Heap History (10 events):
Event: 2.393 GC heap before
{Heap before GC invocations=4 (full 0):
 PSYoungGen      total 37888K, used 37865K [0x00000000d6000000, 0x00000000daa00000, 0x0000000100000000)
  eden space 32768K, 100% used [0x00000000d6000000,0x00000000d8000000,0x00000000d8000000)
  from space 5120K, 99% used [0x00000000d8000000,0x00000000d84fa5a0,0x00000000d8500000)
  to   space 5120K, 0% used [0x00000000da500000,0x00000000da500000,0x00000000daa00000)
 ParOldGen       total 86016K, used 12658K [0x0000000082000000, 0x0000000087400000, 0x00000000d6000000)
  object space 86016K, 14% used [0x0000000082000000,0x0000000082c5c948,0x0000000087400000)
 Metaspace       used 20125K, capacity 21022K, committed 21248K, reserved 1067008K
  class space    used 2851K, capacity 3057K, committed 3072K, reserved 1048576K
Event: 2.398 GC heap after
Heap after GC invocations=4 (full 0):
 PSYoungGen      total 70656K, used 4508K [0x00000000d6000000, 0x00000000daa00000, 0x0000000100000000)
  eden space 65536K, 0% used [0x00000000d6000000,0x00000000d6000000,0x00000000da000000)
  from space 5120K, 88% used [0x00000000da500000,0x00000000da9671e0,0x00000000daa00000)
  to   space 5120K, 0% used [0x00000000da000000,0x00000000da000000,0x00000000da500000)
 ParOldGen       total 86016K, used 14387K [0x0000000082000000, 0x0000000087400000, 0x00000000d6000000)
  object space 86016K, 16% used [0x0000000082000000,0x0000000082e0ce58,0x0000000087400000)
 Metaspace       used 20125K, capacity 21022K, committed 21248K, reserved 1067008K
  class space    used 2851K, capacity 3057K, committed 3072K, reserved 1048576K
}
Event: 2.508 GC heap before
{Heap before GC invocations=5 (full 0):
 PSYoungGen      total 70656K, used 24742K [0x00000000d6000000, 0x00000000daa00000, 0x0000000100000000)
  eden space 65536K, 30% used [0x00000000d6000000,0x00000000d73c2878,0x00000000da000000)
  from space 5120K, 88% used [0x00000000da500000,0x00000000da9671e0,0x00000000daa00000)
  to   space 5120K, 0% used [0x00000000da000000,0x00000000da000000,0x00000000da500000)
 ParOldGen       total 86016K, used 14387K [0x0000000082000000, 0x0000000087400000, 0x00000000d6000000)
  object space 86016K, 16% used [0x0000000082000000,0x0000000082e0ce58,0x0000000087400000)
 Metaspace       used 20388K, capacity 21278K, committed 21296K, reserved 1067008K
  class space    used 2906K, capacity 3105K, committed 3120K, reserved 1048576K
Event: 2.514 GC heap after
Heap after GC invocations=5 (full 0):
 PSYoungGen      total 70656K, used 4857K [0x00000000d6000000, 0x00000000dfb00000, 0x0000000100000000)
  eden space 65536K, 0% used [0x00000000d6000000,0x00000000d6000000,0x00000000da000000)
  from space 5120K, 94% used [0x00000000da000000,0x00000000da4be750,0x00000000da500000)
  to   space 13824K, 0% used [0x00000000ded80000,0x00000000ded80000,0x00000000dfb00000)
 ParOldGen       total 86016K, used 14395K [0x0000000082000000, 0x0000000087400000, 0x00000000d6000000)
  object space 86016K, 16% used [0x0000000082000000,0x0000000082e0ee58,0x0000000087400000)
 Metaspace       used 20388K, capacity 21278K, committed 21296K, reserved 1067008K
  class space    used 2906K, capacity 3105K, committed 3120K, reserved 1048576K
}
Event: 2.514 GC heap before
{Heap before GC invocations=6 (full 1):
 PSYoungGen      total 70656K, used 4857K [0x00000000d6000000, 0x00000000dfb00000, 0x0000000100000000)
  eden space 65536K, 0% used [0x00000000d6000000,0x00000000d6000000,0x00000000da000000)
  from space 5120K, 94% used [0x00000000da000000,0x00000000da4be750,0x00000000da500000)
  to   space 13824K, 0% used [0x00000000ded80000,0x00000000ded80000,0x00000000dfb00000)
 ParOldGen       total 86016K, used 14395K [0x0000000082000000, 0x0000000087400000, 0x00000000d6000000)
  object space 86016K, 16% used [0x0000000082000000,0x0000000082e0ee58,0x0000000087400000)
 Metaspace       used 20388K, capacity 21278K, committed 21296K, reserved 1067008K
  class space    used 2906K, capacity 3105K, committed 3120K, reserved 1048576K
Event: 2.559 GC heap after
Heap after GC invocations=6 (full 1):
 PSYoungGen      total 70656K, used 0K [0x00000000d6000000, 0x00000000dfb00000, 0x0000000100000000)
  eden space 65536K, 0% used [0x00000000d6000000,0x00000000d6000000,0x00000000da000000)
  from space 5120K, 0% used [0x00000000da000000,0x00000000da000000,0x00000000da500000)
  to   space 13824K, 0% used [0x00000000ded80000,0x00000000ded80000,0x00000000dfb00000)
 ParOldGen       total 75264K, used 18306K [0x0000000082000000, 0x0000000086980000, 0x00000000d6000000)
  object space 75264K, 24% used [0x0000000082000000,0x00000000831e0b40,0x0000000086980000)
 Metaspace       used 20388K, capacity 21278K, committed 21296K, reserved 1067008K
  class space    used 2906K, capacity 3105K, committed 3120K, reserved 1048576K
}
Event: 2.956 GC heap before
{Heap before GC invocations=7 (full 1):
 PSYoungGen      total 70656K, used 65536K [0x00000000d6000000, 0x00000000dfb00000, 0x0000000100000000)
  eden space 65536K, 100% used [0x00000000d6000000,0x00000000da000000,0x00000000da000000)
  from space 5120K, 0% used [0x00000000da000000,0x00000000da000000,0x00000000da500000)
  to   space 13824K, 0% used [0x00000000ded80000,0x00000000ded80000,0x00000000dfb00000)
 ParOldGen       total 75264K, used 18306K [0x0000000082000000, 0x0000000086980000, 0x00000000d6000000)
  object space 75264K, 24% used [0x0000000082000000,0x00000000831e0b40,0x0000000086980000)
 Metaspace       used 22153K, capacity 23272K, committed 23472K, reserved 1069056K
  class space    used 3209K, capacity 3444K, committed 3504K, reserved 1048576K
Event: 2.960 GC heap after
Heap after GC invocations=7 (full 1):
 PSYoungGen      total 105472K, used 7012K [0x00000000d6000000, 0x00000000df480000, 0x0000000100000000)
  eden space 98304K, 0% used [0x00000000d6000000,0x00000000d6000000,0x00000000dc000000)
  from space 7168K, 97% used [0x00000000ded80000,0x00000000df4592b0,0x00000000df480000)
  to   space 12800K, 0% used [0x00000000ddb80000,0x00000000ddb80000,0x00000000de800000)
 ParOldGen       total 75264K, used 18314K [0x0000000082000000, 0x0000000086980000, 0x00000000d6000000)
  object space 75264K, 24% used [0x0000000082000000,0x00000000831e2b40,0x0000000086980000)
 Metaspace       used 22153K, capacity 23272K, committed 23472K, reserved 1069056K
  class space    used 3209K, capacity 3444K, committed 3504K, reserved 1048576K
}
Event: 5.015 GC heap before
{Heap before GC invocations=8 (full 1):
 PSYoungGen      total 105472K, used 103659K [0x00000000d6000000, 0x00000000df480000, 0x0000000100000000)
  eden space 98304K, 98% used [0x00000000d6000000,0x00000000dbe61af0,0x00000000dc000000)
  from space 7168K, 97% used [0x00000000ded80000,0x00000000df4592b0,0x00000000df480000)
  to   space 12800K, 0% used [0x00000000ddb80000,0x00000000ddb80000,0x00000000de800000)
 ParOldGen       total 75264K, used 18314K [0x0000000082000000, 0x0000000086980000, 0x00000000d6000000)
  object space 75264K, 24% used [0x0000000082000000,0x00000000831e2b40,0x0000000086980000)
 Metaspace       used 26506K, capacity 28344K, committed 28592K, reserved 1073152K
  class space    used 3897K, capacity 4220K, committed 4272K, reserved 1048576K
Event: 5.039 GC heap after
Heap after GC invocations=8 (full 1):
 PSYoungGen      total 139264K, used 12775K [0x00000000d6000000, 0x00000000e1500000, 0x0000000100000000)
  eden space 126464K, 0% used [0x00000000d6000000,0x00000000d6000000,0x00000000ddb80000)
  from space 12800K, 99% used [0x00000000ddb80000,0x00000000de7f9e80,0x00000000de800000)
  to   space 19968K, 0% used [0x00000000e0180000,0x00000000e0180000,0x00000000e1500000)
 ParOldGen       total 75264K, used 28369K [0x0000000082000000, 0x0000000086980000, 0x00000000d6000000)
  object space 75264K, 37% used [0x0000000082000000,0x0000000083bb4500,0x0000000086980000)
 Metaspace       used 26506K, capacity 28344K, committed 28592K, reserved 1073152K
  class space    used 3897K, capacity 4220K, committed 4272K, reserved 1048576K
}

Deoptimization events (10 events):
Event: 5.231 Thread 0x0000000019339800 Uncommon trap: reason=bimorphic action=maybe_recompile pc=0x0000000003744914 method=java.util.WeakHashMap.eq(Ljava/lang/Object;Ljava/lang/Object;)Z @ 7
Event: 5.231 Thread 0x0000000019339800 Uncommon trap: reason=bimorphic action=maybe_recompile pc=0x0000000003744914 method=java.util.WeakHashMap.eq(Ljava/lang/Object;Ljava/lang/Object;)Z @ 7
Event: 5.342 Thread 0x000000001936e000 Uncommon trap: reason=unstable_if action=reinterpret pc=0x00000000034b2798 method=javafx.fxml.FXMLLoader$ControllerAccessor.addAccessibleMethods(Ljava/lang/Class;I)V @ 80
Event: 5.376 Thread 0x000000001936e000 Uncommon trap: reason=unstable_if action=reinterpret pc=0x00000000037298e4 method=javafx.scene.CssStyleHelper.getStyle(Ljavafx/css/Styleable;Ljava/lang/String;Lcom/sun/javafx/css/StyleMap;Ljava/util/Set;)Lcom/sun/javafx/css/CascadingStyle; @ 1
Event: 5.379 Thread 0x000000001936e000 Uncommon trap: reason=unstable_if action=reinterpret pc=0x00000000038d2644 method=java.lang.StrictMath.floorOrCeil(DDDD)D @ 24
Event: 5.389 Thread 0x000000001936e000 Uncommon trap: reason=unstable_if action=reinterpret pc=0x0000000003789514 method=javafx.scene.Node.markDirtyLayoutBranch()V @ 16
Event: 5.392 Thread 0x000000001936e000 Uncommon trap: reason=unstable_if action=reinterpret pc=0x0000000003827b78 method=javafx.scene.Node.impl_isDirtyEmpty()Z @ 4
Event: 5.392 Thread 0x000000001936e000 Uncommon trap: reason=unstable_if action=reinterpret pc=0x000000000377940c method=javafx.scene.Node.impl_isDirtyEmpty()Z @ 4
Event: 5.420 Thread 0x000000001936e000 Uncommon trap: reason=unstable_if action=reinterpret pc=0x00000000032029e8 method=jdk.internal.org.objectweb.asm.Type.getArgumentsAndReturnSizes(Ljava/lang/String;)I @ 47
Event: 15.825 Thread 0x000000001936e000 Uncommon trap: reason=unstable_if action=reinterpret pc=0x000000000335b104 method=java.util.EnumMap.isValidKey(Ljava/lang/Object;)Z @ 16

Classes redefined (0 events):
No events

Internal exceptions (10 events):
Event: 1.159 Thread 0x000000001936e000 Exception <a 'java/lang/ArrayIndexOutOfBoundsException': 58> (0x00000000d667d808) thrown at [C:\re\workspace\8-2-build-windows-amd64-cygwin\jdk8u161\10277\hotspot\src\share\vm\interpreter\interpreterRuntime.cpp, line 366]
Event: 1.380 Thread 0x000000001936e000 Exception <a 'java/io/FileNotFoundException'> (0x00000000d799a208) thrown at [C:\re\workspace\8-2-build-windows-amd64-cygwin\jdk8u161\10277\hotspot\src\share\vm\prims\jni.cpp, line 709]
Event: 1.500 Thread 0x000000001936e000 Exception <a 'java/lang/NoClassDefFoundError': org/slf4j/impl/StaticLoggerBinder> (0x00000000d7e5ea00) thrown at [C:\re\workspace\8-2-build-windows-amd64-cygwin\jdk8u161\10277\hotspot\src\share\vm\classfile\systemDictionary.cpp, line 199]
Event: 2.413 Thread 0x000000001936e000 Implicit null exception at 0x0000000002ec8db5 to 0x0000000002ec8fcd
Event: 2.413 Thread 0x000000001936e000 Implicit null exception at 0x00000000030d41bb to 0x00000000030d4691
Event: 4.315 Thread 0x000000001936e000 Implicit null exception at 0x00000000036c5ace to 0x00000000036c7469
Event: 5.052 Thread 0x0000000019339800 Implicit null exception at 0x00000000033defec to 0x00000000033e2149
Event: 5.089 Thread 0x0000000019339800 Implicit null exception at 0x00000000033d3c4c to 0x00000000033d707d
Event: 5.376 Thread 0x000000001936e000 Implicit null exception at 0x000000000372697d to 0x00000000037298cd
Event: 17.195 Thread 0x0000000026800800 Exception <a 'java/lang/IllegalStateException'> (0x00000000d728cb78) thrown at [C:\re\workspace\8-2-build-windows-amd64-cygwin\jdk8u161\10277\hotspot\src\share\vm\prims\jvm.cpp, line 1394]

Events (10 events):
Event: 17.191 loading class java/util/IdentityHashMap$KeyIterator done
Event: 17.191 Thread 0x0000000026800800 Thread added: 0x0000000026800800
Event: 17.191 Thread 0x0000000020ed5000 Thread added: 0x0000000020ed5000
Event: 17.192 Thread 0x0000000020ed5000 Thread exited: 0x0000000020ed5000
Event: 17.192 loading class com/sun/javafx/tk/quantum/QuantumRenderer
Event: 17.192 loading class com/sun/javafx/tk/quantum/QuantumRenderer done
Event: 17.194 loading class com/sun/javafx/tk/quantum/QuantumToolkit
Event: 17.194 loading class com/sun/javafx/tk/quantum/QuantumToolkit done
Event: 17.195 Thread 0x0000000026800800 Thread exited: 0x0000000026800800
Event: 17.196 Executing VM operation: Exit


Dynamic libraries:
0x00007ff70d550000 - 0x00007ff70d587000 	C:\Program Files\Java\jdk1.8.0_161\bin\javaw.exe
0x00007ffda02a0000 - 0x00007ffda0481000 	C:\WINDOWS\SYSTEM32\ntdll.dll
0x00007ffd9f8f0000 - 0x00007ffd9f9a2000 	C:\WINDOWS\System32\KERNEL32.DLL
0x00007ffd9c8b0000 - 0x00007ffd9cb23000 	C:\WINDOWS\System32\KERNELBASE.dll
0x00007ffd9fd10000 - 0x00007ffd9fdb1000 	C:\WINDOWS\System32\ADVAPI32.dll
0x00007ffd9ffe0000 - 0x00007ffda007e000 	C:\WINDOWS\System32\msvcrt.dll
0x00007ffd9ec10000 - 0x00007ffd9ec6b000 	C:\WINDOWS\System32\sechost.dll
0x00007ffda0140000 - 0x00007ffda0264000 	C:\WINDOWS\System32\RPCRT4.dll
0x00007ffd9fb80000 - 0x00007ffd9fd10000 	C:\WINDOWS\System32\USER32.dll
0x00007ffd9d390000 - 0x00007ffd9d3b0000 	C:\WINDOWS\System32\win32u.dll
0x00007ffd9fdc0000 - 0x00007ffd9fde8000 	C:\WINDOWS\System32\GDI32.dll
0x00007ffd9d590000 - 0x00007ffd9d722000 	C:\WINDOWS\System32\gdi32full.dll
0x00007ffd9cb30000 - 0x00007ffd9cbcf000 	C:\WINDOWS\System32\msvcp_win.dll
0x00007ffd9d490000 - 0x00007ffd9d58a000 	C:\WINDOWS\System32\ucrtbase.dll
0x00007ffd92800000 - 0x00007ffd92a69000 	C:\WINDOWS\WinSxS\amd64_microsoft.windows.common-controls_6595b64144ccf1df_6.0.17134.48_none_b4b2216a3cb4dd3e\COMCTL32.dll
0x00007ffd9ec70000 - 0x00007ffd9ef93000 	C:\WINDOWS\System32\combase.dll
0x00007ffd9d3b0000 - 0x00007ffd9d42a000 	C:\WINDOWS\System32\bcryptPrimitives.dll
0x00007ffd9f9b0000 - 0x00007ffd9f9dd000 	C:\WINDOWS\System32\IMM32.DLL
0x000000005ab70000 - 0x000000005ac42000 	C:\Program Files\Java\jdk1.8.0_161\jre\bin\msvcr100.dll
0x000000005ad30000 - 0x000000005b5cf000 	C:\Program Files\Java\jdk1.8.0_161\jre\bin\server\jvm.dll
0x00007ffd9efa0000 - 0x00007ffd9efa8000 	C:\WINDOWS\System32\PSAPI.DLL
0x00007ffd8a250000 - 0x00007ffd8a259000 	C:\WINDOWS\SYSTEM32\WSOCK32.dll
0x00007ffd9ff70000 - 0x00007ffd9ffdc000 	C:\WINDOWS\System32\WS2_32.dll
0x00007ffd99620000 - 0x00007ffd99643000 	C:\WINDOWS\SYSTEM32\WINMM.dll
0x00007ffd99cb0000 - 0x00007ffd99cba000 	C:\WINDOWS\SYSTEM32\VERSION.dll
0x00007ffd99590000 - 0x00007ffd995ba000 	C:\WINDOWS\SYSTEM32\WINMMBASE.dll
0x00007ffd9c860000 - 0x00007ffd9c8a9000 	C:\WINDOWS\System32\cfgmgr32.dll
0x000000005ad20000 - 0x000000005ad2f000 	C:\Program Files\Java\jdk1.8.0_161\jre\bin\verify.dll
0x000000005acf0000 - 0x000000005ad19000 	C:\Program Files\Java\jdk1.8.0_161\jre\bin\java.dll
0x000000005acd0000 - 0x000000005ace6000 	C:\Program Files\Java\jdk1.8.0_161\jre\bin\zip.dll
0x00007ffd9d7d0000 - 0x00007ffd9ec10000 	C:\WINDOWS\System32\SHELL32.dll
0x00007ffda0080000 - 0x00007ffda0129000 	C:\WINDOWS\System32\shcore.dll
0x00007ffd9cbd0000 - 0x00007ffd9d2dd000 	C:\WINDOWS\System32\windows.storage.dll
0x00007ffd9efb0000 - 0x00007ffd9f001000 	C:\WINDOWS\System32\shlwapi.dll
0x00007ffd9c610000 - 0x00007ffd9c621000 	C:\WINDOWS\System32\kernel.appcore.dll
0x00007ffd9c650000 - 0x00007ffd9c66f000 	C:\WINDOWS\System32\profapi.dll
0x00007ffd9c5c0000 - 0x00007ffd9c60c000 	C:\WINDOWS\System32\powrprof.dll
0x00007ffd9c5b0000 - 0x00007ffd9c5ba000 	C:\WINDOWS\System32\FLTLIB.DLL
0x0000000000c50000 - 0x0000000000c53000 	C:\Program Files\Java\jdk1.8.0_161\jre\bin\api-ms-win-core-console-l1-1-0.dll
0x0000000000c70000 - 0x0000000000c73000 	C:\Program Files\Java\jdk1.8.0_161\jre\bin\api-ms-win-core-datetime-l1-1-0.dll
0x0000000002950000 - 0x0000000002953000 	C:\Program Files\Java\jdk1.8.0_161\jre\bin\api-ms-win-core-debug-l1-1-0.dll
0x0000000002960000 - 0x0000000002963000 	C:\Program Files\Java\jdk1.8.0_161\jre\bin\api-ms-win-core-errorhandling-l1-1-0.dll
0x0000000002970000 - 0x0000000002974000 	C:\Program Files\Java\jdk1.8.0_161\jre\bin\api-ms-win-core-file-l1-1-0.dll
0x0000000002980000 - 0x0000000002983000 	C:\Program Files\Java\jdk1.8.0_161\jre\bin\api-ms-win-core-file-l1-2-0.dll
0x0000000002990000 - 0x0000000002993000 	C:\Program Files\Java\jdk1.8.0_161\jre\bin\api-ms-win-core-file-l2-1-0.dll
0x00000000029a0000 - 0x00000000029a3000 	C:\Program Files\Java\jdk1.8.0_161\jre\bin\api-ms-win-core-handle-l1-1-0.dll
0x00000000029b0000 - 0x00000000029b3000 	C:\Program Files\Java\jdk1.8.0_161\jre\bin\api-ms-win-core-heap-l1-1-0.dll
0x0000000002ad0000 - 0x0000000002ad3000 	C:\Program Files\Java\jdk1.8.0_161\jre\bin\api-ms-win-core-interlocked-l1-1-0.dll
0x0000000002ae0000 - 0x0000000002ae3000 	C:\Program Files\Java\jdk1.8.0_161\jre\bin\api-ms-win-core-libraryloader-l1-1-0.dll
0x0000000002af0000 - 0x0000000002af3000 	C:\Program Files\Java\jdk1.8.0_161\jre\bin\api-ms-win-core-localization-l1-2-0.dll
0x0000000002b00000 - 0x0000000002b03000 	C:\Program Files\Java\jdk1.8.0_161\jre\bin\api-ms-win-core-memory-l1-1-0.dll
0x0000000002b10000 - 0x0000000002b13000 	C:\Program Files\Java\jdk1.8.0_161\jre\bin\api-ms-win-core-namedpipe-l1-1-0.dll
0x0000000002b20000 - 0x0000000002b23000 	C:\Program Files\Java\jdk1.8.0_161\jre\bin\api-ms-win-core-processenvironment-l1-1-0.dll
0x0000000002b30000 - 0x0000000002b33000 	C:\Program Files\Java\jdk1.8.0_161\jre\bin\api-ms-win-core-processthreads-l1-1-0.dll
0x0000000002b40000 - 0x0000000002b43000 	C:\Program Files\Java\jdk1.8.0_161\jre\bin\api-ms-win-core-processthreads-l1-1-1.dll
0x0000000002b50000 - 0x0000000002b53000 	C:\Program Files\Java\jdk1.8.0_161\jre\bin\api-ms-win-core-profile-l1-1-0.dll
0x0000000002b60000 - 0x0000000002b63000 	C:\Program Files\Java\jdk1.8.0_161\jre\bin\api-ms-win-core-rtlsupport-l1-1-0.dll
0x00000000195d0000 - 0x00000000195d3000 	C:\Program Files\Java\jdk1.8.0_161\jre\bin\api-ms-win-core-string-l1-1-0.dll
0x00000000195e0000 - 0x00000000195e3000 	C:\Program Files\Java\jdk1.8.0_161\jre\bin\api-ms-win-core-synch-l1-1-0.dll
0x00000000195f0000 - 0x00000000195f3000 	C:\Program Files\Java\jdk1.8.0_161\jre\bin\api-ms-win-core-synch-l1-2-0.dll
0x0000000019600000 - 0x0000000019603000 	C:\Program Files\Java\jdk1.8.0_161\jre\bin\api-ms-win-core-sysinfo-l1-1-0.dll
0x0000000019610000 - 0x0000000019613000 	C:\Program Files\Java\jdk1.8.0_161\jre\bin\api-ms-win-core-timezone-l1-1-0.dll
0x0000000019620000 - 0x0000000019623000 	C:\Program Files\Java\jdk1.8.0_161\jre\bin\api-ms-win-core-util-l1-1-0.dll
0x0000000019630000 - 0x0000000019633000 	C:\Program Files\Java\jdk1.8.0_161\jre\bin\api-ms-win-crt-conio-l1-1-0.dll
0x0000000019640000 - 0x0000000019644000 	C:\Program Files\Java\jdk1.8.0_161\jre\bin\api-ms-win-crt-convert-l1-1-0.dll
0x0000000019650000 - 0x0000000019653000 	C:\Program Files\Java\jdk1.8.0_161\jre\bin\api-ms-win-crt-environment-l1-1-0.dll
0x0000000019660000 - 0x0000000019663000 	C:\Program Files\Java\jdk1.8.0_161\jre\bin\api-ms-win-crt-filesystem-l1-1-0.dll
0x0000000019670000 - 0x0000000019673000 	C:\Program Files\Java\jdk1.8.0_161\jre\bin\api-ms-win-crt-heap-l1-1-0.dll
0x0000000019680000 - 0x0000000019683000 	C:\Program Files\Java\jdk1.8.0_161\jre\bin\api-ms-win-crt-locale-l1-1-0.dll
0x0000000019690000 - 0x0000000019695000 	C:\Program Files\Java\jdk1.8.0_161\jre\bin\api-ms-win-crt-math-l1-1-0.dll
0x00000000196a0000 - 0x00000000196a5000 	C:\Program Files\Java\jdk1.8.0_161\jre\bin\api-ms-win-crt-multibyte-l1-1-0.dll
0x00000000196b0000 - 0x00000000196c0000 	C:\Program Files\Java\jdk1.8.0_161\jre\bin\api-ms-win-crt-private-l1-1-0.dll
0x00000000196c0000 - 0x00000000196c3000 	C:\Program Files\Java\jdk1.8.0_161\jre\bin\api-ms-win-crt-process-l1-1-0.dll
0x00000000196d0000 - 0x00000000196d4000 	C:\Program Files\Java\jdk1.8.0_161\jre\bin\api-ms-win-crt-runtime-l1-1-0.dll
0x00000000196e0000 - 0x00000000196e4000 	C:\Program Files\Java\jdk1.8.0_161\jre\bin\api-ms-win-crt-stdio-l1-1-0.dll
0x00000000196f0000 - 0x00000000196f4000 	C:\Program Files\Java\jdk1.8.0_161\jre\bin\api-ms-win-crt-string-l1-1-0.dll
0x0000000019700000 - 0x0000000019703000 	C:\Program Files\Java\jdk1.8.0_161\jre\bin\api-ms-win-crt-time-l1-1-0.dll
0x0000000019710000 - 0x0000000019713000 	C:\Program Files\Java\jdk1.8.0_161\jre\bin\api-ms-win-crt-utility-l1-1-0.dll
0x00007ffd6fc20000 - 0x00007ffd6fd16000 	C:\Program Files\Java\jdk1.8.0_161\jre\bin\ucrtbase.dll
0x00007ffd84d10000 - 0x00007ffd84d61000 	C:\Program Files\Java\jdk1.8.0_161\jre\bin\concrt140.dll
0x00007ffd99a50000 - 0x00007ffd99afa000 	C:\WINDOWS\SYSTEM32\MSVCP140.dll
0x00007ffd99b00000 - 0x00007ffd99b16000 	C:\WINDOWS\SYSTEM32\VCRUNTIME140.dll
0x00007ffd858d0000 - 0x00007ffd858e6000 	C:\Program Files\Java\jdk1.8.0_161\jre\bin\vcruntime140.dll
0x00007ffd6fec0000 - 0x00007ffd6ff5c000 	C:\Program Files\Java\jdk1.8.0_161\jre\bin\msvcp140.dll
0x000000005ab40000 - 0x000000005ab63000 	C:\Program Files\Java\jdk1.8.0_161\jre\bin\prism_d3d.dll
0x00007ffd463b0000 - 0x00007ffd46547000 	C:\WINDOWS\system32\d3d9.dll
0x00007ffd9a9e0000 - 0x00007ffd9aa09000 	C:\WINDOWS\SYSTEM32\dwmapi.dll
0x00007ffd998d0000 - 0x00007ffd99968000 	C:\WINDOWS\system32\uxtheme.dll
0x00007ffd9f070000 - 0x00007ffd9f1c1000 	C:\WINDOWS\System32\ole32.dll
0x00007ffd9f1d0000 - 0x00007ffd9f292000 	C:\WINDOWS\System32\OLEAUT32.dll
0x000000005aaf0000 - 0x000000005ab39000 	C:\Program Files\Java\jdk1.8.0_161\jre\bin\glass.dll
0x00007ffd9fe70000 - 0x00007ffd9ff5d000 	C:\WINDOWS\System32\COMDLG32.dll
0x00007ffd9f9e0000 - 0x00007ffd9fb55000 	C:\WINDOWS\System32\MSCTF.dll
0x000000005aad0000 - 0x000000005aae4000 	C:\Program Files\Java\jdk1.8.0_161\jre\bin\javafx_font.dll
0x00007ffd8b010000 - 0x00007ffd8b32c000 	C:\WINDOWS\SYSTEM32\dwrite.dll
0x000000005ac60000 - 0x000000005ac84000 	C:\Program Files\Java\jdk1.8.0_161\jre\bin\sunec.dll
0x000000005acb0000 - 0x000000005acca000 	C:\Program Files\Java\jdk1.8.0_161\jre\bin\net.dll
0x00007ffd9bad0000 - 0x00007ffd9bb36000 	C:\WINDOWS\system32\mswsock.dll
0x00007ffd9b850000 - 0x00007ffd9b888000 	C:\WINDOWS\SYSTEM32\IPHLPAPI.DLL
0x00007ffda0130000 - 0x00007ffda0138000 	C:\WINDOWS\System32\NSI.dll
0x00007ffd94fc0000 - 0x00007ffd94fd6000 	C:\WINDOWS\SYSTEM32\dhcpcsvc6.DLL
0x00007ffd959b0000 - 0x00007ffd959ca000 	C:\WINDOWS\SYSTEM32\dhcpcsvc.DLL
0x000000005ac90000 - 0x000000005aca1000 	C:\Program Files\Java\jdk1.8.0_161\jre\bin\nio.dll
0x00007ffd9d730000 - 0x00007ffd9d7d0000 	C:\WINDOWS\System32\clbcatq.dll
0x00007ffd964f0000 - 0x00007ffd9669e000 	C:\WINDOWS\SYSTEM32\WindowsCodecs.dll
0x00007ffd614f0000 - 0x00007ffd61548000 	C:\WINDOWS\system32\dataexchange.dll
0x00007ffd98d40000 - 0x00007ffd98edc000 	C:\WINDOWS\system32\dcomp.dll
0x00007ffd98460000 - 0x00007ffd9876b000 	C:\WINDOWS\system32\d3d11.dll
0x00007ffd9afe0000 - 0x00007ffd9b09b000 	C:\WINDOWS\system32\dxgi.dll
0x00007ffd9a820000 - 0x00007ffd9a9d8000 	C:\WINDOWS\system32\twinapi.appcore.dll
0x00007ffd9a770000 - 0x00007ffd9a791000 	C:\WINDOWS\system32\RMCLIENT.dll
0x00007ffd84f20000 - 0x00007ffd84f54000 	C:\Program Files\Common Files\Microsoft Shared\Ink\rtscom.dll
0x000000005aaa0000 - 0x000000005aac3000 	C:\Program Files\Java\jdk1.8.0_161\jre\bin\javafx_iio.dll
0x000000005aa80000 - 0x000000005aa92000 	C:\Program Files\Java\jdk1.8.0_161\jre\bin\prism_common.dll
0x00007ffd8ca60000 - 0x00007ffd8caf8000 	C:\WINDOWS\System32\TextInputFramework.dll
0x00007ffd95ef0000 - 0x00007ffd9620e000 	C:\WINDOWS\System32\CoreUIComponents.dll
0x00007ffd99220000 - 0x00007ffd992fa000 	C:\WINDOWS\System32\CoreMessaging.dll
0x00007ffd9b370000 - 0x00007ffd9b3a1000 	C:\WINDOWS\SYSTEM32\ntmarta.dll
0x00007ffd97720000 - 0x00007ffd9786d000 	C:\WINDOWS\SYSTEM32\wintypes.dll
0x00007ffd9c100000 - 0x00007ffd9c2c9000 	C:\WINDOWS\SYSTEM32\dbghelp.dll

VM Arguments:
jvm_args: -Dfile.encoding=UTF-8 
java_command: com.jeeves.vpl.Main
java_class_path (initial): C:\Program Files\Java\jdk1.8.0_161\jre\lib\resources.jar;C:\Program Files\Java\jdk1.8.0_161\jre\lib\rt.jar;C:\Program Files\Java\jdk1.8.0_161\jre\lib\jsse.jar;C:\Program Files\Java\jdk1.8.0_161\jre\lib\jce.jar;C:\Program Files\Java\jdk1.8.0_161\jre\lib\charsets.jar;C:\Program Files\Java\jdk1.8.0_161\jre\lib\jfr.jar;C:\Program Files\Java\jdk1.8.0_161\jre\lib\ext\access-bridge-64.jar;C:\Program Files\Java\jdk1.8.0_161\jre\lib\ext\cldrdata.jar;C:\Program Files\Java\jdk1.8.0_161\jre\lib\ext\dnsns.jar;C:\Program Files\Java\jdk1.8.0_161\jre\lib\ext\jaccess.jar;C:\Program Files\Java\jdk1.8.0_161\jre\lib\ext\jfxrt.jar;C:\Program Files\Java\jdk1.8.0_161\jre\lib\ext\localedata.jar;C:\Program Files\Java\jdk1.8.0_161\jre\lib\ext\nashorn.jar;C:\Program Files\Java\jdk1.8.0_161\jre\lib\ext\sunec.jar;C:\Program Files\Java\jdk1.8.0_161\jre\lib\ext\sunjce_provider.jar;C:\Program Files\Java\jdk1.8.0_161\jre\lib\ext\sunmscapi.jar;C:\Program Files\Java\jdk1.8.0_161\jre\lib\ext\sunpkcs11.jar;C:\Program Files\Java\jdk1.8.0_161\jre\lib\ext\zipfs.jar;C:\Users\danie\eclipse-workspace\Jeeves\target\classes;C:\Users\danie\eclipse-workspace\Jeeves\poi-3.15.jar;C:\Users\danie\eclipse-workspace\Jeeves\commons-lang3-3.5.jar;C:\Users\danie\eclipse-workspace\Jeeves\controlsfx-8.40.12.jar;C:\Users\danie\.m2\repository\commons-codec\commons-codec\1.9\commons-codec-1.9.jar;C:\Users\danie\.m2\repository\commons-validator\commons-validator\1.4.1\commons-validator-1.4.1.jar;C:\Users\danie\.m2\repository\commons-beanutils\commons-beanutils\1.8.3\commons-beanutils-1.8.3.jar;C:\Users\danie\.m2\repository\commons-digester\commons-digester\1.8.1\commons-digester-1.8.1.jar;C:\Users\danie\.m2\repository\commons-logging\commons-logging\1.2\commons-logging-1.2.jar;C:\Users\danie\.m2\repository\commons-collections\commons-collections\3.2.1\commons-collections-3.2.1.jar;C:\Users\danie\.m2\repository\org\apache\shiro\shiro-core\1.3.2\shiro-core-1.3.2.jar;C:\Users\danie\.m2\repository\org\
Launcher Type: SUN_STANDARD

Environment Variables:
JAVA_HOME=c:\program files\java\jdk1.8.0_161
PATH=C:/Program Files/Java/jdk1.8.0_161/bin/../jre/bin/server;C:/Program Files/Java/jdk1.8.0_161/bin/../jre/bin;C:/Program Files/Java/jdk1.8.0_161/bin/../jre/lib/amd64;C:\Program Files (x86)\Common Files\Oracle\Java\javapath;C:\ProgramData\Oracle\Java\javapath;C:\Program Files (x86)\Intel\Intel(R) Management Engine Components\iCLS\;C:\Program Files\Intel\Intel(R) Management Engine Components\iCLS\;C:\Windows\system32;C:\Windows;C:\Windows\System32\Wbem;C:\Windows\System32\WindowsPowerShell\v1.0\;C:\Program Files (x86)\Intel\Intel(R) Management Engine Components\DAL;C:\Program Files\Intel\Intel(R) Management Engine Components\DAL;C:\Program Files (x86)\Intel\Intel(R) Management Engine Components\IPT;C:\Program Files\Intel\Intel(R) Management Engine Components\IPT;C:\Program Files\Intel\WiFi\bin\;C:\Program Files\Common Files\Intel\WirelessCommon\;C:\Program Files (x86)\NVIDIA Corporation\PhysX\Common;C:\Python27;C:\Python27\Scripts;C:\Program Files\Git\cmd;C:\Program Files\Git\mingw64\bin;C:\Program Files\Git\usr\bin;C:\WINDOWS\system32;C:\WINDOWS;C:\WINDOWS\System32\Wbem;C:\WINDOWS\System32\WindowsPowerShell\v1.0\;C:\WINDOWS\System32\OpenSSH\;c:\jruby-9.1.8.0\bin;C:\Ruby24-x64\bin;C:\Users\danie\AppData\Local\Microsoft\WindowsApps;C:\Program Files\Heroku\bin;;C:\WINDOWS\system32;
USERNAME=danie
OS=Windows_NT
PROCESSOR_IDENTIFIER=Intel64 Family 6 Model 158 Stepping 9, GenuineIntel



---------------  S Y S T E M  ---------------

OS: Windows 10.0 , 64 bit Build 17134 (10.0.17134.1)

CPU:total 4 (initial active 4) (4 cores per cpu, 1 threads per core) family 6 model 158 stepping 9, cmov, cx8, fxsr, mmx, sse, sse2, sse3, ssse3, sse4.1, sse4.2, popcnt, avx, avx2, aes, clmul, erms, 3dnowpref, lzcnt, tsc, tscinvbit, bmi1, bmi2, adx

Memory: 4k page, physical 8250724k(1883872k free), swap 15328612k(5563564k free)

vm_info: Java HotSpot(TM) 64-Bit Server VM (25.161-b12) for windows-amd64 JRE (1.8.0_161-b12), built on Dec 19 2017 17:52:25 by "java_re" with MS VC++ 10.0 (VS2010)

time: Tue Jun 12 22:57:36 2018
elapsed time: 17 seconds (0d 0h 0m 17s)

