#
# A fatal error has been detected by the Java Runtime Environment:
#
#  EXCEPTION_ACCESS_VIOLATION (0xc0000005) at pc=0x0000000071bc78b0, pid=13116, tid=0x0000000000002998
#
# JRE version: Java(TM) SE Runtime Environment (8.0_161-b12) (build 1.8.0_161-b12)
# Java VM: Java HotSpot(TM) 64-Bit Server VM (25.161-b12 mixed mode windows-amd64 compressed oops)
# Problematic frame:
# C  [glass.dll+0x278b0]
#
# Failed to write core dump. Minidumps are not enabled by default on client versions of Windows
#
# If you would like to submit a bug report, please visit:
#   http://bugreport.java.com/bugreport/crash.jsp
#

---------------  T H R E A D  ---------------

Current thread (0x00000000173c7000):  VMThread [stack: 0x0000000018460000,0x0000000018560000] [id=10648]

siginfo: ExceptionCode=0xc0000005, reading address 0x0000000000000000

Registers:
RAX=0x0000000000000000, RBX=0x00000000191446b8, RCX=0x00000000173c7000, RDX=0x00000000723cdc78
RSP=0x000000001855ef20, RBP=0x0000000000854438, RSI=0x0000000000854410, RDI=0x0000253b23d9573f
R8 =0x0000000000010002, R9 =0x000000000000003f, R10=0x0000253b23d9573f, R11=0x000000001855ee30
R12=0x0000000000000000, R13=0x0000000000000040, R14=0x000000001855f038, R15=0x0000000000854410
RIP=0x0000000071bc78b0, EFLAGS=0x0000000000010206

Top of Stack: (sp=0x000000001855ef20)
0x000000001855ef20:   0000000000000000 00007ffcc26bd92b
0x000000001855ef30:   0000000000854420 0000000000854420
0x000000001855ef40:   fffffffffffffffe 0000000000854438
0x000000001855ef50:   0000000000854418 00007ffcc26c1243
0x000000001855ef60:   0000000071bdc1b0 00007ffc00000000
0x000000001855ef70:   0000b7b61a8d0c36 0000000000000000
0x000000001855ef80:   fffffffffffffffe 00007ffcc26c0f0d
0x000000001855ef90:   0000000000000001 0000000071ba0000
0x000000001855efa0:   0000000002701638 0000000071bc48dc
0x000000001855efb0:   000000001855f028 00007ffcc26c1017
0x000000001855efc0:   0000000000000000 000000001855f038
0x000000001855efd0:   00000000172d59a0 00007ffcc279b080
0x000000001855efe0:   0000000000000000 00007ffcc26c0fd4
0x000000001855eff0:   0000000000000000 0000000000000001
0x000000001855f000:   00000000215e5c70 000000001855f028
0x000000001855f010:   0000000000000000 0000000071bc4752 

Instructions: (pc=0x0000000071bc78b0)
0x0000000071bc7890:   40 53 48 83 ec 30 48 c7 44 24 20 fe ff ff ff 48
0x0000000071bc78a0:   8b 1d 7a 72 01 00 48 85 db 74 16 e8 00 81 ff ff
0x0000000071bc78b0:   4c 8b 00 48 8b d3 48 8b c8 41 ff 90 b0 00 00 00
0x0000000071bc78c0:   90 48 83 c4 30 5b c3 cc cc cc cc cc cc cc cc cc 


Register to memory mapping:

RAX=0x0000000000000000 is an unknown value
RBX=0x00000000191446b8 is a global jni handle
RCX=0x00000000173c7000 is an unknown value
RDX=0x00000000723cdc78 is an unknown value
RSP=0x000000001855ef20 is an unknown value
RBP=0x0000000000854438 is an unknown value
RSI=0x0000000000854410 is an unknown value
RDI=0x0000253b23d9573f is an unknown value
R8 =0x0000000000010002 is an unknown value
R9 =0x000000000000003f is an unknown value
R10=0x0000253b23d9573f is an unknown value
R11=0x000000001855ee30 is an unknown value
R12=0x0000000000000000 is an unknown value
R13=0x0000000000000040 is an unknown value
R14=0x000000001855f038 is an unknown value
R15=0x0000000000854410 is an unknown value


Stack: [0x0000000018460000,0x0000000018560000],  sp=0x000000001855ef20,  free space=1019k
Native frames: (J=compiled Java code, j=interpreted, Vv=VM code, C=native code)
C  [glass.dll+0x278b0]
C  [ucrtbase.dll+0x11243]
C  [ucrtbase.dll+0x11017]
C  [ucrtbase.dll+0x10fd4]
C  [glass.dll+0x24752]
C  [glass.dll+0x24850]
C  [ntdll.dll+0x3b583]
C  [ntdll.dll+0x47f85]
C  [ntdll.dll+0x47e48]
C  [KERNEL32.DLL+0x1b19a]
C  [msvcr100.dll+0x20ccd]
V  [jvm.dll+0x212e95]
V  [jvm.dll+0x24c227]
V  [jvm.dll+0x24b4c6]
V  [jvm.dll+0x24b961]
V  [jvm.dll+0x24bb7e]
V  [jvm.dll+0x29cc4a]
C  [msvcr100.dll+0x21d9f]
C  [msvcr100.dll+0x21e3b]
C  [KERNEL32.DLL+0x13034]
C  [ntdll.dll+0x73691]

VM_Operation (0x000000001a15a540): Exit, mode: safepoint, requested by thread 0x00000000194fe800


---------------  P R O C E S S  ---------------

Java Threads: ( => current thread )
  0x0000000021360800 JavaThread "Prism Font Disposer" daemon [_thread_blocked, id=8012, stack(0x0000000023bf0000,0x0000000023cf0000)]
  0x0000000019583800 JavaThread "JavaFX-Launcher" [_thread_blocked, id=2668, stack(0x0000000020ee0000,0x0000000020fe0000)]
  0x0000000019580000 JavaThread "Thread-2" daemon [_thread_in_native, id=13900, stack(0x0000000020de0000,0x0000000020ee0000)]
  0x00000000194fe800 JavaThread "JavaFX Application Thread" [_thread_blocked, id=16720, stack(0x000000001a060000,0x000000001a160000)]
  0x000000001913d000 JavaThread "Thread-1" daemon [_thread_blocked, id=10872, stack(0x0000000019f60000,0x000000001a060000)]
  0x0000000019121000 JavaThread "QuantumRenderer-0" daemon [_thread_blocked, id=12652, stack(0x0000000019cf0000,0x0000000019df0000)]
  0x0000000018d80800 JavaThread "Service Thread" daemon [_thread_blocked, id=5152, stack(0x0000000019150000,0x0000000019250000)]
  0x000000001740e000 JavaThread "C1 CompilerThread2" daemon [_thread_blocked, id=2560, stack(0x0000000018c50000,0x0000000018d50000)]
  0x0000000017409800 JavaThread "C2 CompilerThread1" daemon [_thread_blocked, id=5608, stack(0x0000000018b50000,0x0000000018c50000)]
  0x0000000017404000 JavaThread "C2 CompilerThread0" daemon [_thread_blocked, id=2196, stack(0x0000000018a50000,0x0000000018b50000)]
  0x0000000017402800 JavaThread "Attach Listener" daemon [_thread_blocked, id=4948, stack(0x0000000018950000,0x0000000018a50000)]
  0x0000000017401000 JavaThread "Signal Dispatcher" daemon [_thread_blocked, id=15488, stack(0x0000000018850000,0x0000000018950000)]
  0x00000000173f0000 JavaThread "Finalizer" daemon [_thread_blocked, id=6112, stack(0x0000000018660000,0x0000000018760000)]
  0x0000000002906000 JavaThread "Reference Handler" daemon [_thread_blocked, id=7028, stack(0x0000000018560000,0x0000000018660000)]
  0x0000000002815800 JavaThread "main" [_thread_blocked, id=14788, stack(0x0000000002710000,0x0000000002810000)]

Other Threads:
=>0x00000000173c7000 VMThread [stack: 0x0000000018460000,0x0000000018560000] [id=10648]

VM state:at safepoint (shutting down)

VM Mutex/Monitor currently owned by a thread:  ([mutex/lock_event])
[0x0000000002811fd0] Threads_lock - owner thread: 0x00000000173c7000

Heap:
 PSYoungGen      total 74752K, used 69988K [0x00000000d6000000, 0x00000000dbd00000, 0x0000000100000000)
  eden space 61440K, 93% used [0x00000000d6000000,0x00000000d97fa368,0x00000000d9c00000)
  from space 13312K, 95% used [0x00000000dab00000,0x00000000db75eed0,0x00000000db800000)
  to   space 15360K, 0% used [0x00000000d9c00000,0x00000000d9c00000,0x00000000dab00000)
 ParOldGen       total 78848K, used 16512K [0x0000000082000000, 0x0000000086d00000, 0x00000000d6000000)
  object space 78848K, 20% used [0x0000000082000000,0x0000000083020318,0x0000000086d00000)
 Metaspace       used 27414K, capacity 29358K, committed 29568K, reserved 1075200K
  class space    used 4018K, capacity 4365K, committed 4480K, reserved 1048576K

Card table byte_map: [0x0000000011cd0000,0x00000000120d0000] byte_map_base: 0x00000000118c0000

Marking Bits: (ParMarkBitMap*) 0x00000000725bf860
 Begin Bits: [0x0000000012770000, 0x00000000146f0000)
 End Bits:   [0x00000000146f0000, 0x0000000016670000)

Polling page: 0x0000000000d80000

CodeCache: size=245760Kb used=14356Kb max_used=14356Kb free=231403Kb
 bounds [0x0000000002910000, 0x0000000003720000, 0x0000000011910000]
 total_blobs=5349 nmethods=4616 adapters=644
 compilation: enabled

Compilation events (10 events):
Event: 7.151 Thread 0x000000001740e000 4622       3       com.sun.javafx.event.EventHandlerManager::dispatchCapturingEvent (23 bytes)
Event: 7.152 Thread 0x000000001740e000 nmethod 4622 0x000000000371bd90 code [0x000000000371bf60, 0x000000000371c8e8]
Event: 7.161 Thread 0x000000001740e000 4623       3       javafx.event.Event::<init> (36 bytes)
Event: 7.162 Thread 0x000000001740e000 nmethod 4623 0x000000000371cc90 code [0x000000000371ce20, 0x000000000371d228]
Event: 7.162 Thread 0x000000001740e000 4625       3       java.lang.invoke.MethodHandles$Lookup::restrictReceiver (123 bytes)
Event: 7.164 Thread 0x000000001740e000 nmethod 4625 0x000000000371d3d0 code [0x000000000371d580, 0x000000000371dcd8]
Event: 7.164 Thread 0x000000001740e000 4624       3       java.util.EventObject::<init> (24 bytes)
Event: 7.165 Thread 0x000000001740e000 nmethod 4624 0x000000000371df90 code [0x000000000371e100, 0x000000000371e3c8]
Event: 7.172 Thread 0x000000001740e000 4626       1       java.util.concurrent.atomic.AtomicInteger::get (5 bytes)
Event: 7.172 Thread 0x000000001740e000 nmethod 4626 0x000000000371e4d0 code [0x000000000371e620, 0x000000000371e730]

GC Heap History (10 events):
Event: 2.243 GC heap before
{Heap before GC invocations=5 (full 1):
 PSYoungGen      total 37888K, used 5104K [0x00000000d6000000, 0x00000000daa00000, 0x0000000100000000)
  eden space 32768K, 0% used [0x00000000d6000000,0x00000000d6000000,0x00000000d8000000)
  from space 5120K, 99% used [0x00000000d8500000,0x00000000d89fc1d0,0x00000000d8a00000)
  to   space 5120K, 0% used [0x00000000d8000000,0x00000000d8000000,0x00000000d8500000)
 ParOldGen       total 86016K, used 13669K [0x0000000082000000, 0x0000000087400000, 0x00000000d6000000)
  object space 86016K, 15% used [0x0000000082000000,0x0000000082d59690,0x0000000087400000)
 Metaspace       used 20285K, capacity 21174K, committed 21296K, reserved 1067008K
  class space    used 2902K, capacity 3135K, committed 3200K, reserved 1048576K
Event: 2.281 GC heap after
Heap after GC invocations=5 (full 1):
 PSYoungGen      total 37888K, used 0K [0x00000000d6000000, 0x00000000daa00000, 0x0000000100000000)
  eden space 32768K, 0% used [0x00000000d6000000,0x00000000d6000000,0x00000000d8000000)
  from space 5120K, 0% used [0x00000000d8500000,0x00000000d8500000,0x00000000d8a00000)
  to   space 5120K, 0% used [0x00000000d8000000,0x00000000d8000000,0x00000000d8500000)
 ParOldGen       total 78848K, used 16480K [0x0000000082000000, 0x0000000086d00000, 0x00000000d6000000)
  object space 78848K, 20% used [0x0000000082000000,0x0000000083018318,0x0000000086d00000)
 Metaspace       used 20285K, capacity 21174K, committed 21296K, reserved 1067008K
  class space    used 2902K, capacity 3135K, committed 3200K, reserved 1048576K
}
Event: 2.492 GC heap before
{Heap before GC invocations=6 (full 1):
 PSYoungGen      total 37888K, used 32768K [0x00000000d6000000, 0x00000000daa00000, 0x0000000100000000)
  eden space 32768K, 100% used [0x00000000d6000000,0x00000000d8000000,0x00000000d8000000)
  from space 5120K, 0% used [0x00000000d8500000,0x00000000d8500000,0x00000000d8a00000)
  to   space 5120K, 0% used [0x00000000d8000000,0x00000000d8000000,0x00000000d8500000)
 ParOldGen       total 78848K, used 16480K [0x0000000082000000, 0x0000000086d00000, 0x00000000d6000000)
  object space 78848K, 20% used [0x0000000082000000,0x0000000083018318,0x0000000086d00000)
 Metaspace       used 20844K, capacity 21838K, committed 22016K, reserved 1069056K
  class space    used 3038K, capacity 3291K, committed 3328K, reserved 1048576K
Event: 2.493 GC heap after
Heap after GC invocations=6 (full 1):
 PSYoungGen      total 37888K, used 640K [0x00000000d6000000, 0x00000000da880000, 0x0000000100000000)
  eden space 32768K, 0% used [0x00000000d6000000,0x00000000d6000000,0x00000000d8000000)
  from space 5120K, 12% used [0x00000000d8000000,0x00000000d80a0000,0x00000000d8500000)
  to   space 14848K, 0% used [0x00000000d9a00000,0x00000000d9a00000,0x00000000da880000)
 ParOldGen       total 78848K, used 16488K [0x0000000082000000, 0x0000000086d00000, 0x00000000d6000000)
  object space 78848K, 20% used [0x0000000082000000,0x000000008301a318,0x0000000086d00000)
 Metaspace       used 20844K, capacity 21838K, committed 22016K, reserved 1069056K
  class space    used 3038K, capacity 3291K, committed 3328K, reserved 1048576K
}
Event: 2.770 GC heap before
{Heap before GC invocations=7 (full 1):
 PSYoungGen      total 37888K, used 33408K [0x00000000d6000000, 0x00000000da880000, 0x0000000100000000)
  eden space 32768K, 100% used [0x00000000d6000000,0x00000000d8000000,0x00000000d8000000)
  from space 5120K, 12% used [0x00000000d8000000,0x00000000d80a0000,0x00000000d8500000)
  to   space 14848K, 0% used [0x00000000d9a00000,0x00000000d9a00000,0x00000000da880000)
 ParOldGen       total 78848K, used 16488K [0x0000000082000000, 0x0000000086d00000, 0x00000000d6000000)
  object space 78848K, 20% used [0x0000000082000000,0x000000008301a318,0x0000000086d00000)
 Metaspace       used 22148K, capacity 23224K, committed 23552K, reserved 1069056K
  class space    used 3254K, capacity 3484K, committed 3584K, reserved 1048576K
Event: 2.774 GC heap after
Heap after GC invocations=7 (full 1):
 PSYoungGen      total 58368K, used 5224K [0x00000000d6000000, 0x00000000da700000, 0x0000000100000000)
  eden space 45056K, 0% used [0x00000000d6000000,0x00000000d6000000,0x00000000d8c00000)
  from space 13312K, 39% used [0x00000000d9a00000,0x00000000d9f1a088,0x00000000da700000)
  to   space 13824K, 0% used [0x00000000d8c00000,0x00000000d8c00000,0x00000000d9980000)
 ParOldGen       total 78848K, used 16496K [0x0000000082000000, 0x0000000086d00000, 0x00000000d6000000)
  object space 78848K, 20% used [0x0000000082000000,0x000000008301c318,0x0000000086d00000)
 Metaspace       used 22148K, capacity 23224K, committed 23552K, reserved 1069056K
  class space    used 3254K, capacity 3484K, committed 3584K, reserved 1048576K
}
Event: 2.976 GC heap before
{Heap before GC invocations=8 (full 1):
 PSYoungGen      total 58368K, used 50280K [0x00000000d6000000, 0x00000000da700000, 0x0000000100000000)
  eden space 45056K, 100% used [0x00000000d6000000,0x00000000d8c00000,0x00000000d8c00000)
  from space 13312K, 39% used [0x00000000d9a00000,0x00000000d9f1a088,0x00000000da700000)
  to   space 13824K, 0% used [0x00000000d8c00000,0x00000000d8c00000,0x00000000d9980000)
 ParOldGen       total 78848K, used 16496K [0x0000000082000000, 0x0000000086d00000, 0x00000000d6000000)
  object space 78848K, 20% used [0x0000000082000000,0x000000008301c318,0x0000000086d00000)
 Metaspace       used 22220K, capacity 23332K, committed 23552K, reserved 1069056K
  class space    used 3258K, capacity 3490K, committed 3584K, reserved 1048576K
Event: 2.979 GC heap after
Heap after GC invocations=8 (full 1):
 PSYoungGen      total 58880K, used 6737K [0x00000000d6000000, 0x00000000db800000, 0x0000000100000000)
  eden space 45056K, 0% used [0x00000000d6000000,0x00000000d6000000,0x00000000d8c00000)
  from space 13824K, 48% used [0x00000000d8c00000,0x00000000d9294590,0x00000000d9980000)
  to   space 13312K, 0% used [0x00000000dab00000,0x00000000dab00000,0x00000000db800000)
 ParOldGen       total 78848K, used 16504K [0x0000000082000000, 0x0000000086d00000, 0x00000000d6000000)
  object space 78848K, 20% used [0x0000000082000000,0x000000008301e318,0x0000000086d00000)
 Metaspace       used 22220K, capacity 23332K, committed 23552K, reserved 1069056K
  class space    used 3258K, capacity 3490K, committed 3584K, reserved 1048576K
}
Event: 3.451 GC heap before
{Heap before GC invocations=9 (full 1):
 PSYoungGen      total 58880K, used 51793K [0x00000000d6000000, 0x00000000db800000, 0x0000000100000000)
  eden space 45056K, 100% used [0x00000000d6000000,0x00000000d8c00000,0x00000000d8c00000)
  from space 13824K, 48% used [0x00000000d8c00000,0x00000000d9294590,0x00000000d9980000)
  to   space 13312K, 0% used [0x00000000dab00000,0x00000000dab00000,0x00000000db800000)
 ParOldGen       total 78848K, used 16504K [0x0000000082000000, 0x0000000086d00000, 0x00000000d6000000)
  object space 78848K, 20% used [0x0000000082000000,0x000000008301e318,0x0000000086d00000)
 Metaspace       used 23833K, capacity 25202K, committed 25344K, reserved 1071104K
  class space    used 3523K, capacity 3793K, committed 3840K, reserved 1048576K
Event: 3.458 GC heap after
Heap after GC invocations=9 (full 1):
 PSYoungGen      total 74752K, used 12667K [0x00000000d6000000, 0x00000000dbd00000, 0x0000000100000000)
  eden space 61440K, 0% used [0x00000000d6000000,0x00000000d6000000,0x00000000d9c00000)
  from space 13312K, 95% used [0x00000000dab00000,0x00000000db75eed0,0x00000000db800000)
  to   space 15360K, 0% used [0x00000000d9c00000,0x00000000d9c00000,0x00000000dab00000)
 ParOldGen       total 78848K, used 16512K [0x0000000082000000, 0x0000000086d00000, 0x00000000d6000000)
  object space 78848K, 20% used [0x0000000082000000,0x0000000083020318,0x0000000086d00000)
 Metaspace       used 23833K, capacity 25202K, committed 25344K, reserved 1071104K
  class space    used 3523K, capacity 3793K, committed 3840K, reserved 1048576K
}

Deoptimization events (10 events):
Event: 4.321 Thread 0x0000000019121000 Uncommon trap: reason=class_check action=maybe_recompile pc=0x000000000353b8f8 method=java.util.WeakHashMap.eq(Ljava/lang/Object;Ljava/lang/Object;)Z @ 7
Event: 4.321 Thread 0x0000000019121000 Uncommon trap: reason=class_check action=maybe_recompile pc=0x000000000353b8f8 method=java.util.WeakHashMap.eq(Ljava/lang/Object;Ljava/lang/Object;)Z @ 7
Event: 4.388 Thread 0x00000000194fe800 Uncommon trap: reason=unstable_if action=reinterpret pc=0x000000000323bd34 method=javafx.fxml.FXMLLoader$ControllerAccessor.addAccessibleMethods(Ljava/lang/Class;I)V @ 80
Event: 4.393 Thread 0x00000000194fe800 Uncommon trap: reason=unstable_if action=reinterpret pc=0x0000000002c8f21c method=com.sun.javafx.iio.png.PNGImageLoader2.decodePalette([BLcom/sun/javafx/iio/ImageMetadata;)Lcom/sun/javafx/iio/ImageFrame; @ 56
Event: 4.402 Thread 0x00000000194fe800 Uncommon trap: reason=unstable_if action=reinterpret pc=0x00000000035362b0 method=javafx.scene.CssStyleHelper.canReuseStyleHelper(Ljavafx/scene/Node;Lcom/sun/javafx/css/StyleMap;)Z @ 57
Event: 4.419 Thread 0x00000000194fe800 Uncommon trap: reason=unstable_if action=reinterpret pc=0x000000000350c6c0 method=javafx.scene.CssStyleHelper.getStyle(Ljavafx/css/Styleable;Ljava/lang/String;Lcom/sun/javafx/css/StyleMap;Ljava/util/Set;)Lcom/sun/javafx/css/CascadingStyle; @ 1
Event: 4.421 Thread 0x00000000194fe800 Uncommon trap: reason=unstable_if action=reinterpret pc=0x00000000035d95e8 method=java.lang.StrictMath.floorOrCeil(DDDD)D @ 24
Event: 4.433 Thread 0x00000000194fe800 Uncommon trap: reason=unstable_if action=reinterpret pc=0x0000000003581278 method=javafx.scene.Node.impl_markDirty(Lcom/sun/javafx/scene/DirtyBits;)V @ 4
Event: 4.478 Thread 0x00000000194fe800 Uncommon trap: reason=unstable_if action=reinterpret pc=0x0000000002d350e8 method=jdk.internal.org.objectweb.asm.Type.getArgumentsAndReturnSizes(Ljava/lang/String;)I @ 47
Event: 6.159 Thread 0x00000000194fe800 Uncommon trap: reason=unstable_if action=reinterpret pc=0x00000000030efbc4 method=java.util.EnumMap.isValidKey(Ljava/lang/Object;)Z @ 16

Classes redefined (0 events):
No events

Internal exceptions (10 events):
Event: 1.003 Thread 0x00000000194fe800 Exception <a 'java/lang/ArrayIndexOutOfBoundsException': 58> (0x00000000d6681958) thrown at [C:\re\workspace\8-2-build-windows-amd64-cygwin\jdk8u161\10277\hotspot\src\share\vm\interpreter\interpreterRuntime.cpp, line 366]
Event: 1.314 Thread 0x00000000194fe800 Exception <a 'java/io/FileNotFoundException'> (0x00000000d7ac5a88) thrown at [C:\re\workspace\8-2-build-windows-amd64-cygwin\jdk8u161\10277\hotspot\src\share\vm\prims\jni.cpp, line 709]
Event: 1.426 Thread 0x00000000194fe800 Exception <a 'java/lang/NoClassDefFoundError': org/slf4j/impl/StaticLoggerBinder> (0x00000000d7f8b2f8) thrown at [C:\re\workspace\8-2-build-windows-amd64-cygwin\jdk8u161\10277\hotspot\src\share\vm\classfile\systemDictionary.cpp, line 199]
Event: 2.339 Thread 0x00000000194fe800 Implicit null exception at 0x0000000002c21d75 to 0x0000000002c21f8d
Event: 2.339 Thread 0x00000000194fe800 Implicit null exception at 0x0000000002dfbfbb to 0x0000000002dfc491
Event: 3.846 Thread 0x00000000194fe800 Implicit null exception at 0x00000000033d348e to 0x00000000033d4e69
Event: 4.140 Thread 0x0000000019121000 Implicit null exception at 0x000000000315c2ec to 0x000000000315f435
Event: 4.173 Thread 0x0000000019121000 Implicit null exception at 0x000000000314b08c to 0x000000000314e4d5
Event: 4.419 Thread 0x00000000194fe800 Implicit null exception at 0x0000000003506c7e to 0x000000000350c6a9
Event: 7.172 Thread 0x0000000021978000 Exception <a 'java/lang/IllegalStateException'> (0x00000000d979a0e0) thrown at [C:\re\workspace\8-2-build-windows-amd64-cygwin\jdk8u161\10277\hotspot\src\share\vm\prims\jvm.cpp, line 1394]

Events (10 events):
Event: 7.169 loading class java/util/IdentityHashMap$KeyIterator done
Event: 7.169 Thread 0x00000000250fe800 Thread added: 0x00000000250fe800
Event: 7.169 Thread 0x0000000021978000 Thread added: 0x0000000021978000
Event: 7.170 Thread 0x00000000250fe800 Thread exited: 0x00000000250fe800
Event: 7.170 loading class com/sun/javafx/tk/quantum/QuantumRenderer
Event: 7.170 loading class com/sun/javafx/tk/quantum/QuantumRenderer done
Event: 7.171 loading class com/sun/javafx/tk/quantum/QuantumToolkit
Event: 7.171 loading class com/sun/javafx/tk/quantum/QuantumToolkit done
Event: 7.172 Thread 0x0000000021978000 Thread exited: 0x0000000021978000
Event: 7.172 Executing VM operation: Exit


Dynamic libraries:
0x00007ff6a34f0000 - 0x00007ff6a3527000 	C:\Program Files\Java\jdk1.8.0_161\bin\javaw.exe
0x00007ffcc62e0000 - 0x00007ffcc64c1000 	C:\WINDOWS\SYSTEM32\ntdll.dll
0x00007ffcc4a00000 - 0x00007ffcc4ab2000 	C:\WINDOWS\System32\KERNEL32.DLL
0x00007ffcc2f70000 - 0x00007ffcc31e3000 	C:\WINDOWS\System32\KERNELBASE.dll
0x00007ffcc4950000 - 0x00007ffcc49f1000 	C:\WINDOWS\System32\ADVAPI32.dll
0x00007ffcc4ac0000 - 0x00007ffcc4b5e000 	C:\WINDOWS\System32\msvcrt.dll
0x00007ffcc6250000 - 0x00007ffcc62ab000 	C:\WINDOWS\System32\sechost.dll
0x00007ffcc3820000 - 0x00007ffcc3944000 	C:\WINDOWS\System32\RPCRT4.dll
0x00007ffcc5fd0000 - 0x00007ffcc6160000 	C:\WINDOWS\System32\USER32.dll
0x00007ffcc36d0000 - 0x00007ffcc36f0000 	C:\WINDOWS\System32\win32u.dll
0x00007ffcc5fa0000 - 0x00007ffcc5fc8000 	C:\WINDOWS\System32\GDI32.dll
0x00007ffcc3240000 - 0x00007ffcc33d2000 	C:\WINDOWS\System32\gdi32full.dll
0x00007ffcc33e0000 - 0x00007ffcc347f000 	C:\WINDOWS\System32\msvcp_win.dll
0x00007ffcc26b0000 - 0x00007ffcc27aa000 	C:\WINDOWS\System32\ucrtbase.dll
0x00007ffcb3010000 - 0x00007ffcb3279000 	C:\WINDOWS\WinSxS\amd64_microsoft.windows.common-controls_6595b64144ccf1df_6.0.17134.472_none_fb3f9af53068156d\COMCTL32.dll
0x00007ffcc4090000 - 0x00007ffcc43b2000 	C:\WINDOWS\System32\combase.dll
0x00007ffcc36f0000 - 0x00007ffcc376a000 	C:\WINDOWS\System32\bcryptPrimitives.dll
0x00007ffcc3ff0000 - 0x00007ffcc401d000 	C:\WINDOWS\System32\IMM32.DLL
0x0000000071c20000 - 0x0000000071cf2000 	C:\Program Files\Java\jdk1.8.0_161\jre\bin\msvcr100.dll
0x0000000071da0000 - 0x000000007263f000 	C:\Program Files\Java\jdk1.8.0_161\jre\bin\server\jvm.dll
0x00007ffcc3b30000 - 0x00007ffcc3b38000 	C:\WINDOWS\System32\PSAPI.DLL
0x00007ffcb14e0000 - 0x00007ffcb14e9000 	C:\WINDOWS\SYSTEM32\WSOCK32.dll
0x00007ffcc4020000 - 0x00007ffcc408c000 	C:\WINDOWS\System32\WS2_32.dll
0x00007ffcbcc60000 - 0x00007ffcbcc6a000 	C:\WINDOWS\SYSTEM32\VERSION.dll
0x00007ffcb9c20000 - 0x00007ffcb9c43000 	C:\WINDOWS\SYSTEM32\WINMM.dll
0x00007ffcb9bf0000 - 0x00007ffcb9c1a000 	C:\WINDOWS\SYSTEM32\winmmbase.dll
0x00007ffcc31f0000 - 0x00007ffcc3239000 	C:\WINDOWS\System32\cfgmgr32.dll
0x0000000072cb0000 - 0x0000000072cbf000 	C:\Program Files\Java\jdk1.8.0_161\jre\bin\verify.dll
0x0000000072c80000 - 0x0000000072ca9000 	C:\Program Files\Java\jdk1.8.0_161\jre\bin\java.dll
0x0000000071d80000 - 0x0000000071d96000 	C:\Program Files\Java\jdk1.8.0_161\jre\bin\zip.dll
0x00007ffcc4b60000 - 0x00007ffcc5fa0000 	C:\WINDOWS\System32\SHELL32.dll
0x00007ffcc3770000 - 0x00007ffcc3819000 	C:\WINDOWS\System32\shcore.dll
0x00007ffcc27b0000 - 0x00007ffcc2ebd000 	C:\WINDOWS\System32\windows.storage.dll
0x00007ffcc3970000 - 0x00007ffcc39c1000 	C:\WINDOWS\System32\shlwapi.dll
0x00007ffcc2620000 - 0x00007ffcc2631000 	C:\WINDOWS\System32\kernel.appcore.dll
0x00007ffcc2600000 - 0x00007ffcc261f000 	C:\WINDOWS\System32\profapi.dll
0x00007ffcc2640000 - 0x00007ffcc268c000 	C:\WINDOWS\System32\powrprof.dll
0x00007ffcc25f0000 - 0x00007ffcc25fa000 	C:\WINDOWS\System32\FLTLIB.DLL
0x0000000002510000 - 0x0000000002513000 	C:\Program Files\Java\jdk1.8.0_161\jre\bin\api-ms-win-core-console-l1-1-0.dll
0x0000000002520000 - 0x0000000002523000 	C:\Program Files\Java\jdk1.8.0_161\jre\bin\api-ms-win-core-datetime-l1-1-0.dll
0x0000000002640000 - 0x0000000002643000 	C:\Program Files\Java\jdk1.8.0_161\jre\bin\api-ms-win-core-debug-l1-1-0.dll
0x0000000002650000 - 0x0000000002653000 	C:\Program Files\Java\jdk1.8.0_161\jre\bin\api-ms-win-core-errorhandling-l1-1-0.dll
0x0000000002660000 - 0x0000000002664000 	C:\Program Files\Java\jdk1.8.0_161\jre\bin\api-ms-win-core-file-l1-1-0.dll
0x0000000002670000 - 0x0000000002673000 	C:\Program Files\Java\jdk1.8.0_161\jre\bin\api-ms-win-core-file-l1-2-0.dll
0x0000000002680000 - 0x0000000002683000 	C:\Program Files\Java\jdk1.8.0_161\jre\bin\api-ms-win-core-file-l2-1-0.dll
0x0000000002690000 - 0x0000000002693000 	C:\Program Files\Java\jdk1.8.0_161\jre\bin\api-ms-win-core-handle-l1-1-0.dll
0x00000000026a0000 - 0x00000000026a3000 	C:\Program Files\Java\jdk1.8.0_161\jre\bin\api-ms-win-core-heap-l1-1-0.dll
0x00000000026b0000 - 0x00000000026b3000 	C:\Program Files\Java\jdk1.8.0_161\jre\bin\api-ms-win-core-interlocked-l1-1-0.dll
0x00000000026c0000 - 0x00000000026c3000 	C:\Program Files\Java\jdk1.8.0_161\jre\bin\api-ms-win-core-libraryloader-l1-1-0.dll
0x00000000026d0000 - 0x00000000026d3000 	C:\Program Files\Java\jdk1.8.0_161\jre\bin\api-ms-win-core-localization-l1-2-0.dll
0x00000000026e0000 - 0x00000000026e3000 	C:\Program Files\Java\jdk1.8.0_161\jre\bin\api-ms-win-core-memory-l1-1-0.dll
0x00000000026f0000 - 0x00000000026f3000 	C:\Program Files\Java\jdk1.8.0_161\jre\bin\api-ms-win-core-namedpipe-l1-1-0.dll
0x0000000019350000 - 0x0000000019353000 	C:\Program Files\Java\jdk1.8.0_161\jre\bin\api-ms-win-core-processenvironment-l1-1-0.dll
0x0000000019360000 - 0x0000000019363000 	C:\Program Files\Java\jdk1.8.0_161\jre\bin\api-ms-win-core-processthreads-l1-1-0.dll
0x0000000019370000 - 0x0000000019373000 	C:\Program Files\Java\jdk1.8.0_161\jre\bin\api-ms-win-core-processthreads-l1-1-1.dll
0x0000000019380000 - 0x0000000019383000 	C:\Program Files\Java\jdk1.8.0_161\jre\bin\api-ms-win-core-profile-l1-1-0.dll
0x0000000019390000 - 0x0000000019393000 	C:\Program Files\Java\jdk1.8.0_161\jre\bin\api-ms-win-core-rtlsupport-l1-1-0.dll
0x00000000193a0000 - 0x00000000193a3000 	C:\Program Files\Java\jdk1.8.0_161\jre\bin\api-ms-win-core-string-l1-1-0.dll
0x00000000193b0000 - 0x00000000193b3000 	C:\Program Files\Java\jdk1.8.0_161\jre\bin\api-ms-win-core-synch-l1-1-0.dll
0x00000000193c0000 - 0x00000000193c3000 	C:\Program Files\Java\jdk1.8.0_161\jre\bin\api-ms-win-core-synch-l1-2-0.dll
0x00000000193d0000 - 0x00000000193d3000 	C:\Program Files\Java\jdk1.8.0_161\jre\bin\api-ms-win-core-sysinfo-l1-1-0.dll
0x00000000193e0000 - 0x00000000193e3000 	C:\Program Files\Java\jdk1.8.0_161\jre\bin\api-ms-win-core-timezone-l1-1-0.dll
0x00000000193f0000 - 0x00000000193f3000 	C:\Program Files\Java\jdk1.8.0_161\jre\bin\api-ms-win-core-util-l1-1-0.dll
0x0000000019400000 - 0x0000000019403000 	C:\Program Files\Java\jdk1.8.0_161\jre\bin\api-ms-win-crt-conio-l1-1-0.dll
0x0000000019410000 - 0x0000000019414000 	C:\Program Files\Java\jdk1.8.0_161\jre\bin\api-ms-win-crt-convert-l1-1-0.dll
0x0000000019420000 - 0x0000000019423000 	C:\Program Files\Java\jdk1.8.0_161\jre\bin\api-ms-win-crt-environment-l1-1-0.dll
0x0000000019430000 - 0x0000000019433000 	C:\Program Files\Java\jdk1.8.0_161\jre\bin\api-ms-win-crt-filesystem-l1-1-0.dll
0x0000000019440000 - 0x0000000019443000 	C:\Program Files\Java\jdk1.8.0_161\jre\bin\api-ms-win-crt-heap-l1-1-0.dll
0x0000000019450000 - 0x0000000019453000 	C:\Program Files\Java\jdk1.8.0_161\jre\bin\api-ms-win-crt-locale-l1-1-0.dll
0x0000000019460000 - 0x0000000019465000 	C:\Program Files\Java\jdk1.8.0_161\jre\bin\api-ms-win-crt-math-l1-1-0.dll
0x0000000019470000 - 0x0000000019475000 	C:\Program Files\Java\jdk1.8.0_161\jre\bin\api-ms-win-crt-multibyte-l1-1-0.dll
0x0000000019480000 - 0x0000000019490000 	C:\Program Files\Java\jdk1.8.0_161\jre\bin\api-ms-win-crt-private-l1-1-0.dll
0x0000000019490000 - 0x0000000019493000 	C:\Program Files\Java\jdk1.8.0_161\jre\bin\api-ms-win-crt-process-l1-1-0.dll
0x00000000194a0000 - 0x00000000194a4000 	C:\Program Files\Java\jdk1.8.0_161\jre\bin\api-ms-win-crt-runtime-l1-1-0.dll
0x00000000194b0000 - 0x00000000194b4000 	C:\Program Files\Java\jdk1.8.0_161\jre\bin\api-ms-win-crt-stdio-l1-1-0.dll
0x00000000194c0000 - 0x00000000194c4000 	C:\Program Files\Java\jdk1.8.0_161\jre\bin\api-ms-win-crt-string-l1-1-0.dll
0x00000000194d0000 - 0x00000000194d3000 	C:\Program Files\Java\jdk1.8.0_161\jre\bin\api-ms-win-crt-time-l1-1-0.dll
0x00000000194e0000 - 0x00000000194e3000 	C:\Program Files\Java\jdk1.8.0_161\jre\bin\api-ms-win-crt-utility-l1-1-0.dll
0x00007ffcbb620000 - 0x00007ffcbb716000 	C:\Program Files\Java\jdk1.8.0_161\jre\bin\ucrtbase.dll
0x00007ffcbb490000 - 0x00007ffcbb4e1000 	C:\Program Files\Java\jdk1.8.0_161\jre\bin\concrt140.dll
0x00007ffcc0250000 - 0x00007ffcc02f7000 	C:\WINDOWS\SYSTEM32\MSVCP140.dll
0x00007ffcc0300000 - 0x00007ffcc0316000 	C:\WINDOWS\SYSTEM32\VCRUNTIME140.dll
0x00007ffcbbb40000 - 0x00007ffcbbb56000 	C:\Program Files\Java\jdk1.8.0_161\jre\bin\vcruntime140.dll
0x00007ffcbb280000 - 0x00007ffcbb31c000 	C:\Program Files\Java\jdk1.8.0_161\jre\bin\msvcp140.dll
0x0000000071bf0000 - 0x0000000071c13000 	C:\Program Files\Java\jdk1.8.0_161\jre\bin\prism_d3d.dll
0x00007ffcb9590000 - 0x00007ffcb9727000 	C:\WINDOWS\system32\d3d9.dll
0x00007ffcc09f0000 - 0x00007ffcc0a19000 	C:\WINDOWS\SYSTEM32\dwmapi.dll
0x00007ffcbffc0000 - 0x00007ffcc0058000 	C:\WINDOWS\system32\uxtheme.dll
0x00007ffcc39d0000 - 0x00007ffcc3b21000 	C:\WINDOWS\System32\ole32.dll
0x00007ffcc4880000 - 0x00007ffcc4942000 	C:\WINDOWS\System32\OLEAUT32.dll
0x0000000071ba0000 - 0x0000000071be9000 	C:\Program Files\Java\jdk1.8.0_161\jre\bin\glass.dll
0x00007ffcc4790000 - 0x00007ffcc487d000 	C:\WINDOWS\System32\COMDLG32.dll
0x00007ffcc4470000 - 0x00007ffcc45e3000 	C:\WINDOWS\System32\MSCTF.dll
0x0000000071b80000 - 0x0000000071b94000 	C:\Program Files\Java\jdk1.8.0_161\jre\bin\javafx_font.dll
0x00007ffcb11c0000 - 0x00007ffcb14dc000 	C:\WINDOWS\SYSTEM32\dwrite.dll
0x0000000071d10000 - 0x0000000071d34000 	C:\Program Files\Java\jdk1.8.0_161\jre\bin\sunec.dll
0x0000000071d60000 - 0x0000000071d7a000 	C:\Program Files\Java\jdk1.8.0_161\jre\bin\net.dll
0x00007ffcc1e70000 - 0x00007ffcc1ed6000 	C:\WINDOWS\system32\mswsock.dll
0x00007ffcc1bf0000 - 0x00007ffcc1c28000 	C:\WINDOWS\SYSTEM32\IPHLPAPI.DLL
0x00007ffcc61e0000 - 0x00007ffcc61e8000 	C:\WINDOWS\System32\NSI.dll
0x00007ffcbcbf0000 - 0x00007ffcbcc06000 	C:\WINDOWS\SYSTEM32\dhcpcsvc6.DLL
0x00007ffcbda00000 - 0x00007ffcbda1a000 	C:\WINDOWS\SYSTEM32\dhcpcsvc.DLL
0x0000000071d40000 - 0x0000000071d51000 	C:\Program Files\Java\jdk1.8.0_161\jre\bin\nio.dll
0x00007ffcc43d0000 - 0x00007ffcc4470000 	C:\WINDOWS\System32\clbcatq.dll
0x00007ffcb81e0000 - 0x00007ffcb838e000 	C:\WINDOWS\SYSTEM32\WindowsCodecs.dll
0x00007ffc968d0000 - 0x00007ffc96928000 	C:\WINDOWS\system32\dataexchange.dll
0x00007ffcbf760000 - 0x00007ffcbf8fc000 	C:\WINDOWS\system32\dcomp.dll
0x00007ffcbee80000 - 0x00007ffcbf18b000 	C:\WINDOWS\system32\d3d11.dll
0x00007ffcc13b0000 - 0x00007ffcc146b000 	C:\WINDOWS\system32\dxgi.dll
0x00007ffcc0a80000 - 0x00007ffcc0c38000 	C:\WINDOWS\system32\twinapi.appcore.dll
0x00007ffcc0a50000 - 0x00007ffcc0a71000 	C:\WINDOWS\system32\RMCLIENT.dll
0x00007ffcbb880000 - 0x00007ffcbb8b4000 	C:\Program Files\Common Files\Microsoft Shared\Ink\rtscom.dll
0x0000000071b50000 - 0x0000000071b73000 	C:\Program Files\Java\jdk1.8.0_161\jre\bin\javafx_iio.dll
0x0000000071b30000 - 0x0000000071b42000 	C:\Program Files\Java\jdk1.8.0_161\jre\bin\prism_common.dll
0x00007ffcb86c0000 - 0x00007ffcb8756000 	C:\WINDOWS\System32\TextInputFramework.dll
0x00007ffcb83a0000 - 0x00007ffcb86be000 	C:\WINDOWS\System32\CoreUIComponents.dll
0x00007ffcbfc40000 - 0x00007ffcbfd1a000 	C:\WINDOWS\System32\CoreMessaging.dll
0x00007ffcbdd70000 - 0x00007ffcbdebd000 	C:\WINDOWS\SYSTEM32\wintypes.dll
0x00007ffcc16e0000 - 0x00007ffcc1711000 	C:\WINDOWS\SYSTEM32\ntmarta.dll
0x00007ffcc1030000 - 0x00007ffcc11f9000 	C:\WINDOWS\SYSTEM32\dbghelp.dll

VM Arguments:
jvm_args: -Dfile.encoding=UTF-8 
java_command: com.jeeves.vpl.Main
java_class_path (initial): C:\Program Files\Java\jdk1.8.0_161\jre\lib\resources.jar;C:\Program Files\Java\jdk1.8.0_161\jre\lib\rt.jar;C:\Program Files\Java\jdk1.8.0_161\jre\lib\jsse.jar;C:\Program Files\Java\jdk1.8.0_161\jre\lib\jce.jar;C:\Program Files\Java\jdk1.8.0_161\jre\lib\charsets.jar;C:\Program Files\Java\jdk1.8.0_161\jre\lib\jfr.jar;C:\Program Files\Java\jdk1.8.0_161\jre\lib\ext\access-bridge-64.jar;C:\Program Files\Java\jdk1.8.0_161\jre\lib\ext\cldrdata.jar;C:\Program Files\Java\jdk1.8.0_161\jre\lib\ext\dnsns.jar;C:\Program Files\Java\jdk1.8.0_161\jre\lib\ext\jaccess.jar;C:\Program Files\Java\jdk1.8.0_161\jre\lib\ext\jfxrt.jar;C:\Program Files\Java\jdk1.8.0_161\jre\lib\ext\localedata.jar;C:\Program Files\Java\jdk1.8.0_161\jre\lib\ext\nashorn.jar;C:\Program Files\Java\jdk1.8.0_161\jre\lib\ext\sunec.jar;C:\Program Files\Java\jdk1.8.0_161\jre\lib\ext\sunjce_provider.jar;C:\Program Files\Java\jdk1.8.0_161\jre\lib\ext\sunmscapi.jar;C:\Program Files\Java\jdk1.8.0_161\jre\lib\ext\sunpkcs11.jar;C:\Program Files\Java\jdk1.8.0_161\jre\lib\ext\zipfs.jar;C:\Users\danie\eclipse-workspace\Jeeves\target\classes;C:\Users\danie\eclipse-workspace\Jeeves\poi-3.15.jar;C:\Users\danie\eclipse-workspace\Jeeves\commons-lang3-3.5.jar;C:\Users\danie\eclipse-workspace\Jeeves\controlsfx-8.40.12.jar;C:\Users\danie\.m2\repository\commons-codec\commons-codec\1.9\commons-codec-1.9.jar;C:\Users\danie\.m2\repository\commons-validator\commons-validator\1.4.1\commons-validator-1.4.1.jar;C:\Users\danie\.m2\repository\commons-beanutils\commons-beanutils\1.8.3\commons-beanutils-1.8.3.jar;C:\Users\danie\.m2\repository\commons-digester\commons-digester\1.8.1\commons-digester-1.8.1.jar;C:\Users\danie\.m2\repository\commons-logging\commons-logging\1.2\commons-logging-1.2.jar;C:\Users\danie\.m2\repository\commons-collections\commons-collections\3.2.1\commons-collections-3.2.1.jar;C:\Users\danie\.m2\repository\org\apache\shiro\shiro-core\1.3.2\shiro-core-1.3.2.jar;C:\Users\danie\.m2\repository\org\
Launcher Type: SUN_STANDARD

Environment Variables:
JAVA_HOME=c:\program files\java\jdk1.8.0_161
PATH=C:/Program Files/Java/jdk1.8.0_161/bin/../jre/bin/server;C:/Program Files/Java/jdk1.8.0_161/bin/../jre/bin;C:/Program Files/Java/jdk1.8.0_161/bin/../jre/lib/amd64;C:\Program Files (x86)\Common Files\Oracle\Java\javapath;C:\ProgramData\Oracle\Java\javapath;C:\Program Files (x86)\Intel\Intel(R) Management Engine Components\iCLS\;C:\Program Files\Intel\Intel(R) Management Engine Components\iCLS\;C:\Windows\system32;C:\Windows;C:\Windows\System32\Wbem;C:\Windows\System32\WindowsPowerShell\v1.0\;C:\Program Files (x86)\Intel\Intel(R) Management Engine Components\DAL;C:\Program Files\Intel\Intel(R) Management Engine Components\DAL;C:\Program Files (x86)\Intel\Intel(R) Management Engine Components\IPT;C:\Program Files\Intel\Intel(R) Management Engine Components\IPT;C:\Program Files (x86)\NVIDIA Corporation\PhysX\Common;C:\Python27;C:\Python27\Scripts;C:\Program Files\Git\cmd;C:\Program Files\Git\mingw64\bin;C:\Program Files\Git\usr\bin;C:\WINDOWS\system32;C:\WINDOWS;C:\WINDOWS\System32\Wbem;C:\WINDOWS\System32\WindowsPowerShell\v1.0\;C:\WINDOWS\System32\OpenSSH\;C:\Program Files\PuTTY\;C:\Program Files\Microsoft SQL Server\120\Tools\Binn\;C:\Program Files\Intel\WiFi\bin\;C:\Program Files\Common Files\Intel\WirelessCommon\;C:\Program Files\IBM\SPSS\Statistics\25\JRE\bin;C:\Users\danie\scoop\shims;c:\jruby-9.1.8.0\bin;C:\Ruby24-x64\bin;C:\Users\danie\AppData\Local\Microsoft\WindowsApps;C:\Program Files\Heroku\bin;;C:\WINDOWS\system32;
USERNAME=danie
OS=Windows_NT
PROCESSOR_IDENTIFIER=Intel64 Family 6 Model 158 Stepping 9, GenuineIntel



---------------  S Y S T E M  ---------------

OS: Windows 10.0 , 64 bit Build 17134 (10.0.17134.1)

CPU:total 4 (initial active 4) (4 cores per cpu, 1 threads per core) family 6 model 158 stepping 9, cmov, cx8, fxsr, mmx, sse, sse2, sse3, ssse3, sse4.1, sse4.2, popcnt, avx, avx2, aes, clmul, erms, 3dnowpref, lzcnt, tsc, tscinvbit, bmi1, bmi2, adx

Memory: 4k page, physical 8250724k(2605128k free), swap 30270820k(19445580k free)

vm_info: Java HotSpot(TM) 64-Bit Server VM (25.161-b12) for windows-amd64 JRE (1.8.0_161-b12), built on Dec 19 2017 17:52:25 by "java_re" with MS VC++ 10.0 (VS2010)

time: Tue Dec 25 22:16:47 2018
elapsed time: 7 seconds (0d 0h 0m 7s)

