#
# A fatal error has been detected by the Java Runtime Environment:
#
#  EXCEPTION_ACCESS_VIOLATION (0xc0000005) at pc=0x00000000717f78b0, pid=3600, tid=0x0000000000002e3c
#
# JRE version: Java(TM) SE Runtime Environment (8.0_151-b12) (build 1.8.0_151-b12)
# Java VM: Java HotSpot(TM) 64-Bit Server VM (25.151-b12 mixed mode windows-amd64 compressed oops)
# Problematic frame:
# C  [glass.dll+0x278b0]
#
# Failed to write core dump. Minidumps are not enabled by default on client versions of Windows
#
# If you would like to submit a bug report, please visit:
#   http://bugreport.java.com/bugreport/crash.jsp
#

---------------  T H R E A D  ---------------

Current thread (0x0000000019e87800):  VMThread [stack: 0x000000001af10000,0x000000001b010000] [id=11836]

siginfo: ExceptionCode=0xc0000005, reading address 0x0000000000000000

Registers:
RAX=0x0000000000000000, RBX=0x000000001c5d66e8, RCX=0x0000000019e87800, RDX=0x000000007128c658
RSP=0x000000001b00ee10, RBP=0x00000000033f3008, RSI=0x00000000033f2fe0, RDI=0x000042c807180692
R8 =0x0000000000010002, R9 =0x0000000000000012, R10=0x000042c807180692, R11=0x000000001b00ed10
R12=0x0000000000000000, R13=0x0000000000000040, R14=0x000000001b00ef28, R15=0x00000000033f2fe0
RIP=0x00000000717f78b0, EFLAGS=0x0000000000010202

Top of Stack: (sp=0x000000001b00ee10)
0x000000001b00ee10:   0000000000000000 00007fff74b7d00b
0x000000001b00ee20:   00000000033f2ff0 00000000033f2ff0
0x000000001b00ee30:   fffffffffffffffe 00000000033f3008
0x000000001b00ee40:   00000000033f2fe8 00007fff74b885f3
0x000000001b00ee50:   000000007180c1b0 00007fff00000000
0x000000001b00ee60:   0000000000000000 0000000000000000
0x000000001b00ee70:   fffffffffffffffe 0000000000000000
0x000000001b00ee80:   0000000000000001 00000000717d0000
0x000000001b00ee90:   0000000005221638 00000000717f48dc
0x000000001b00eea0:   000000001b00ef18 00007fff74b7d157
0x000000001b00eeb0:   0000000000000000 000000001b00ef28
0x000000001b00eec0:   0000000019d95400 00007fff74c570e0
0x000000001b00eed0:   0000000000000000 00007fff74b816ee
0x000000001b00eee0:   0000000000000000 0000000000000001
0x000000001b00eef0:   0000000000000001 000000001b00ef18
0x000000001b00ef00:   0000000000000000 00000000717f4752 

Instructions: (pc=0x00000000717f78b0)
0x00000000717f7890:   40 53 48 83 ec 30 48 c7 44 24 20 fe ff ff ff 48
0x00000000717f78a0:   8b 1d 7a 72 01 00 48 85 db 74 16 e8 00 81 ff ff
0x00000000717f78b0:   4c 8b 00 48 8b d3 48 8b c8 41 ff 90 b0 00 00 00
0x00000000717f78c0:   90 48 83 c4 30 5b c3 cc cc cc cc cc cc cc cc cc 


Register to memory mapping:

RAX=0x0000000000000000 is an unknown value
RBX=0x000000001c5d66e8 is a global jni handle
RCX=0x0000000019e87800 is an unknown value
RDX=0x000000007128c658 is an unknown value
RSP=0x000000001b00ee10 is an unknown value
RBP=0x00000000033f3008 is an unknown value
RSI=0x00000000033f2fe0 is an unknown value
RDI=0x000042c807180692 is an unknown value
R8 =0x0000000000010002 is an unknown value
R9 =0x0000000000000012 is an unknown value
R10=0x000042c807180692 is an unknown value
R11=0x000000001b00ed10 is an unknown value
R12=0x0000000000000000 is an unknown value
R13=0x0000000000000040 is an unknown value
R14=0x000000001b00ef28 is an unknown value
R15=0x00000000033f2fe0 is an unknown value


Stack: [0x000000001af10000,0x000000001b010000],  sp=0x000000001b00ee10,  free space=1019k
Native frames: (J=compiled Java code, j=interpreted, Vv=VM code, C=native code)
C  [glass.dll+0x278b0]
C  [ucrtbase.dll+0x185f3]
C  [ucrtbase.dll+0xd157]
C  [ucrtbase.dll+0x116ee]
C  [glass.dll+0x24752]
C  [glass.dll+0x24850]
C  [ntdll.dll+0x11493]
C  [ntdll.dll+0x406b5]
C  [ntdll.dll+0x40574]
C  [KERNEL32.DLL+0xf06a]
C  [msvcr100.dll+0x20ccd]
V  [jvm.dll+0x212a95]
V  [jvm.dll+0x24b9a7]
V  [jvm.dll+0x24ac46]
V  [jvm.dll+0x24b0e1]
V  [jvm.dll+0x24b2fe]
V  [jvm.dll+0x29c3ea]
C  [msvcr100.dll+0x21d9f]
C  [msvcr100.dll+0x21e3b]
C  [KERNEL32.DLL+0x11fe4]
C  [ntdll.dll+0x6efb1]

VM_Operation (0x000000001cbeab50): Exit, mode: safepoint, requested by thread 0x000000001bffe800


---------------  P R O C E S S  ---------------

Java Threads: ( => current thread )
  0x000000001bb0b000 JavaThread "firebase-websocket-worker" daemon [_thread_blocked, id=16344, stack(0x000000002deb0000,0x000000002dfb0000)]
  0x000000001bb0a800 JavaThread "threadDeathWatcher-2-1" daemon [_thread_blocked, id=5732, stack(0x000000002cba0000,0x000000002cca0000)]
  0x0000000025748000 JavaThread "FirebaseDatabaseWorker" daemon [_thread_blocked, id=12840, stack(0x000000002caa0000,0x000000002cba0000)]
  0x00000000254f8800 JavaThread "firebase-scheduled-worker" daemon [_thread_blocked, id=12096, stack(0x000000002c9a0000,0x000000002caa0000)]
  0x000000001b811800 JavaThread "firebase-default-0" daemon [_thread_blocked, id=740, stack(0x0000000027a70000,0x0000000027b70000)]
  0x000000001c343800 JavaThread "Prism Font Disposer" daemon [_thread_blocked, id=14468, stack(0x00000000241a0000,0x00000000242a0000)]
  0x000000001c0a1000 JavaThread "JavaFX-Launcher" [_thread_blocked, id=12104, stack(0x0000000021290000,0x0000000021390000)]
  0x000000001c0ae000 JavaThread "Thread-2" daemon [_thread_in_native, id=11152, stack(0x0000000021190000,0x0000000021290000)]
  0x000000001bffe800 JavaThread "JavaFX Application Thread" [_thread_blocked, id=16148, stack(0x000000001caf0000,0x000000001cbf0000)]
  0x000000001c009800 JavaThread "Thread-1" daemon [_thread_blocked, id=8912, stack(0x000000001c9f0000,0x000000001caf0000)]
  0x000000001bfda000 JavaThread "QuantumRenderer-0" daemon [_thread_blocked, id=1520, stack(0x000000001c7c0000,0x000000001c8c0000)]
  0x000000001b843800 JavaThread "Service Thread" daemon [_thread_blocked, id=16096, stack(0x000000001bc00000,0x000000001bd00000)]
  0x0000000019ecc000 JavaThread "C1 CompilerThread2" daemon [_thread_blocked, id=13536, stack(0x000000001b700000,0x000000001b800000)]
  0x0000000019ec7000 JavaThread "C2 CompilerThread1" daemon [_thread_blocked, id=13916, stack(0x000000001b600000,0x000000001b700000)]
  0x0000000019ec4800 JavaThread "C2 CompilerThread0" daemon [_thread_blocked, id=7692, stack(0x000000001b500000,0x000000001b600000)]
  0x0000000019ec3800 JavaThread "Attach Listener" daemon [_thread_blocked, id=12924, stack(0x000000001b400000,0x000000001b500000)]
  0x0000000019ec2000 JavaThread "Signal Dispatcher" daemon [_thread_blocked, id=14568, stack(0x000000001b300000,0x000000001b400000)]
  0x0000000019eb0000 JavaThread "Finalizer" daemon [_thread_blocked, id=1400, stack(0x000000001b110000,0x000000001b210000)]
  0x0000000019e89000 JavaThread "Reference Handler" daemon [_thread_blocked, id=11500, stack(0x000000001b010000,0x000000001b110000)]
  0x0000000005233800 JavaThread "main" [_thread_blocked, id=12200, stack(0x00000000050a0000,0x00000000051a0000)]

Other Threads:
=>0x0000000019e87800 VMThread [stack: 0x000000001af10000,0x000000001b010000] [id=11836]

VM state:at safepoint (shutting down)

VM Mutex/Monitor currently owned by a thread:  ([mutex/lock_event])
[0x00000000052309d0] Threads_lock - owner thread: 0x0000000019e87800

Heap:
 PSYoungGen      total 152064K, used 25180K [0x00000000d5b00000, 0x00000000e3080000, 0x0000000100000000)
  eden space 131584K, 19% used [0x00000000d5b00000,0x00000000d7397218,0x00000000ddb80000)
  from space 20480K, 0% used [0x00000000df200000,0x00000000df200000,0x00000000e0600000)
  to   space 23040K, 0% used [0x00000000ddb80000,0x00000000ddb80000,0x00000000df200000)
 ParOldGen       total 133120K, used 42799K [0x0000000081000000, 0x0000000089200000, 0x00000000d5b00000)
  object space 133120K, 32% used [0x0000000081000000,0x00000000839cbcd0,0x0000000089200000)
 Metaspace       used 35532K, capacity 37488K, committed 37760K, reserved 1081344K
  class space    used 5028K, capacity 5378K, committed 5504K, reserved 1048576K

Card table byte_map: [0x00000000146f0000,0x0000000014af0000] byte_map_base: 0x00000000142e8000

Marking Bits: (ParMarkBitMap*) 0x000000007147d850
 Begin Bits: [0x00000000151a0000, 0x0000000017160000)
 End Bits:   [0x0000000017160000, 0x0000000019120000)

Polling page: 0x0000000003330000

CodeCache: size=245760Kb used=14052Kb max_used=15665Kb free=231707Kb
 bounds [0x0000000005330000, 0x0000000006290000, 0x0000000014330000]
 total_blobs=5589 nmethods=4779 adapters=720
 compilation: enabled

Compilation events (10 events):
Event: 58.360 Thread 0x0000000019ecc000 5425       3       com.sun.glass.ui.View::notifyMouse (221 bytes)
Event: 58.364 Thread 0x0000000019ecc000 nmethod 5425 0x000000000570f190 code [0x000000000570f460, 0x0000000005710988]
Event: 58.364 Thread 0x0000000019ecc000 5426       3       com.sun.glass.ui.Window::handleMouseEvent (26 bytes)
Event: 58.364 Thread 0x0000000019ecc000 nmethod 5426 0x0000000005cf7a10 code [0x0000000005cf7b80, 0x0000000005cf7d88]
Event: 58.364 Thread 0x0000000019ecc000 5427       3       com.sun.javafx.tk.quantum.GlassViewEventHandler::access$500 (5 bytes)
Event: 58.365 Thread 0x0000000019ecc000 nmethod 5427 0x0000000005d8f590 code [0x0000000005d8f700, 0x0000000005d8f868]
Event: 58.380 Thread 0x0000000019ec7000 5428       4       javafx.scene.input.MouseEvent::getEventType (5 bytes)
Event: 58.381 Thread 0x0000000019ec7000 nmethod 5428 0x0000000005f211d0 code [0x0000000005f21300, 0x0000000005f21358]
Event: 58.895 Thread 0x0000000019ecc000 5429       3       java.util.AbstractList::listIterator (6 bytes)
Event: 58.896 Thread 0x0000000019ecc000 nmethod 5429 0x0000000005fb7650 code [0x0000000005fb77c0, 0x0000000005fb79e8]

GC Heap History (10 events):
Event: 2.620 GC heap before
{Heap before GC invocations=6 (full 1):
 PSYoungGen      total 71680K, used 5111K [0x00000000d5b00000, 0x00000000df800000, 0x0000000100000000)
  eden space 66560K, 0% used [0x00000000d5b00000,0x00000000d5b00000,0x00000000d9c00000)
  from space 5120K, 99% used [0x00000000d9c00000,0x00000000da0fdcd0,0x00000000da100000)
  to   space 13824K, 0% used [0x00000000dea80000,0x00000000dea80000,0x00000000df800000)
 ParOldGen       total 87552K, used 13911K [0x0000000081000000, 0x0000000086580000, 0x00000000d5b00000)
  object space 87552K, 15% used [0x0000000081000000,0x0000000081d95ef0,0x0000000086580000)
 Metaspace       used 20294K, capacity 21260K, committed 21296K, reserved 1067008K
  class space    used 2957K, capacity 3166K, committed 3200K, reserved 1048576K
Event: 2.683 GC heap after
Heap after GC invocations=6 (full 1):
 PSYoungGen      total 71680K, used 0K [0x00000000d5b00000, 0x00000000df800000, 0x0000000100000000)
  eden space 66560K, 0% used [0x00000000d5b00000,0x00000000d5b00000,0x00000000d9c00000)
  from space 5120K, 0% used [0x00000000d9c00000,0x00000000d9c00000,0x00000000da100000)
  to   space 13824K, 0% used [0x00000000dea80000,0x00000000dea80000,0x00000000df800000)
 ParOldGen       total 76288K, used 16771K [0x0000000081000000, 0x0000000085a80000, 0x00000000d5b00000)
  object space 76288K, 21% used [0x0000000081000000,0x0000000082060ef0,0x0000000085a80000)
 Metaspace       used 20294K, capacity 21260K, committed 21296K, reserved 1067008K
  class space    used 2957K, capacity 3166K, committed 3200K, reserved 1048576K
}
Event: 3.301 GC heap before
{Heap before GC invocations=7 (full 1):
 PSYoungGen      total 71680K, used 66560K [0x00000000d5b00000, 0x00000000df800000, 0x0000000100000000)
  eden space 66560K, 100% used [0x00000000d5b00000,0x00000000d9c00000,0x00000000d9c00000)
  from space 5120K, 0% used [0x00000000d9c00000,0x00000000d9c00000,0x00000000da100000)
  to   space 13824K, 0% used [0x00000000dea80000,0x00000000dea80000,0x00000000df800000)
 ParOldGen       total 76288K, used 16771K [0x0000000081000000, 0x0000000085a80000, 0x00000000d5b00000)
  object space 76288K, 21% used [0x0000000081000000,0x0000000082060ef0,0x0000000085a80000)
 Metaspace       used 21797K, capacity 22854K, committed 22912K, reserved 1069056K
  class space    used 3196K, capacity 3437K, committed 3456K, reserved 1048576K
Event: 3.305 GC heap after
Heap after GC invocations=7 (full 1):
 PSYoungGen      total 101888K, used 4754K [0x00000000d5b00000, 0x00000000def80000, 0x0000000100000000)
  eden space 96768K, 0% used [0x00000000d5b00000,0x00000000d5b00000,0x00000000db980000)
  from space 5120K, 92% used [0x00000000dea80000,0x00000000def24868,0x00000000def80000)
  to   space 13312K, 0% used [0x00000000dd580000,0x00000000dd580000,0x00000000de280000)
 ParOldGen       total 76288K, used 16779K [0x0000000081000000, 0x0000000085a80000, 0x00000000d5b00000)
  object space 76288K, 21% used [0x0000000081000000,0x0000000082062ef0,0x0000000085a80000)
 Metaspace       used 21797K, capacity 22854K, committed 22912K, reserved 1069056K
  class space    used 3196K, capacity 3437K, committed 3456K, reserved 1048576K
}
Event: 14.467 GC heap before
{Heap before GC invocations=8 (full 1):
 PSYoungGen      total 101888K, used 101522K [0x00000000d5b00000, 0x00000000def80000, 0x0000000100000000)
  eden space 96768K, 100% used [0x00000000d5b00000,0x00000000db980000,0x00000000db980000)
  from space 5120K, 92% used [0x00000000dea80000,0x00000000def24868,0x00000000def80000)
  to   space 13312K, 0% used [0x00000000dd580000,0x00000000dd580000,0x00000000de280000)
 ParOldGen       total 76288K, used 16779K [0x0000000081000000, 0x0000000085a80000, 0x00000000d5b00000)
  object space 76288K, 21% used [0x0000000081000000,0x0000000082062ef0,0x0000000085a80000)
 Metaspace       used 27624K, capacity 29490K, committed 29696K, reserved 1075200K
  class space    used 4021K, capacity 4343K, committed 4352K, reserved 1048576K
Event: 14.488 GC heap after
Heap after GC invocations=8 (full 1):
 PSYoungGen      total 138752K, used 13304K [0x00000000d5b00000, 0x00000000e0600000, 0x0000000100000000)
  eden space 125440K, 0% used [0x00000000d5b00000,0x00000000d5b00000,0x00000000dd580000)
  from space 13312K, 99% used [0x00000000dd580000,0x00000000de27e3d0,0x00000000de280000)
  to   space 20480K, 0% used [0x00000000df200000,0x00000000df200000,0x00000000e0600000)
 ParOldGen       total 76288K, used 26490K [0x0000000081000000, 0x0000000085a80000, 0x00000000d5b00000)
  object space 76288K, 34% used [0x0000000081000000,0x00000000829de818,0x0000000085a80000)
 Metaspace       used 27624K, capacity 29490K, committed 29696K, reserved 1075200K
  class space    used 4021K, capacity 4343K, committed 4352K, reserved 1048576K
}
Event: 15.869 GC heap before
{Heap before GC invocations=9 (full 1):
 PSYoungGen      total 138752K, used 57011K [0x00000000d5b00000, 0x00000000e0600000, 0x0000000100000000)
  eden space 125440K, 34% used [0x00000000d5b00000,0x00000000d85ae918,0x00000000dd580000)
  from space 13312K, 99% used [0x00000000dd580000,0x00000000de27e3d0,0x00000000de280000)
  to   space 20480K, 0% used [0x00000000df200000,0x00000000df200000,0x00000000e0600000)
 ParOldGen       total 76288K, used 26490K [0x0000000081000000, 0x0000000085a80000, 0x00000000d5b00000)
  object space 76288K, 34% used [0x0000000081000000,0x00000000829de818,0x0000000085a80000)
 Metaspace       used 33525K, capacity 35410K, committed 35496K, reserved 1079296K
  class space    used 4765K, capacity 5117K, committed 5120K, reserved 1048576K
Event: 15.886 GC heap after
Heap after GC invocations=9 (full 1):
 PSYoungGen      total 152064K, used 18029K [0x00000000d5b00000, 0x00000000e3080000, 0x0000000100000000)
  eden space 131584K, 0% used [0x00000000d5b00000,0x00000000d5b00000,0x00000000ddb80000)
  from space 20480K, 88% used [0x00000000df200000,0x00000000e039b5a8,0x00000000e0600000)
  to   space 23040K, 0% used [0x00000000ddb80000,0x00000000ddb80000,0x00000000df200000)
 ParOldGen       total 76288K, used 26498K [0x0000000081000000, 0x0000000085a80000, 0x00000000d5b00000)
  object space 76288K, 34% used [0x0000000081000000,0x00000000829e0818,0x0000000085a80000)
 Metaspace       used 33525K, capacity 35410K, committed 35496K, reserved 1079296K
  class space    used 4765K, capacity 5117K, committed 5120K, reserved 1048576K
}
Event: 15.886 GC heap before
{Heap before GC invocations=10 (full 2):
 PSYoungGen      total 152064K, used 18029K [0x00000000d5b00000, 0x00000000e3080000, 0x0000000100000000)
  eden space 131584K, 0% used [0x00000000d5b00000,0x00000000d5b00000,0x00000000ddb80000)
  from space 20480K, 88% used [0x00000000df200000,0x00000000e039b5a8,0x00000000e0600000)
  to   space 23040K, 0% used [0x00000000ddb80000,0x00000000ddb80000,0x00000000df200000)
 ParOldGen       total 76288K, used 26498K [0x0000000081000000, 0x0000000085a80000, 0x00000000d5b00000)
  object space 76288K, 34% used [0x0000000081000000,0x00000000829e0818,0x0000000085a80000)
 Metaspace       used 33525K, capacity 35410K, committed 35496K, reserved 1079296K
  class space    used 4765K, capacity 5117K, committed 5120K, reserved 1048576K
Event: 16.068 GC heap after
Heap after GC invocations=10 (full 2):
 PSYoungGen      total 152064K, used 0K [0x00000000d5b00000, 0x00000000e3080000, 0x0000000100000000)
  eden space 131584K, 0% used [0x00000000d5b00000,0x00000000d5b00000,0x00000000ddb80000)
  from space 20480K, 0% used [0x00000000df200000,0x00000000df200000,0x00000000e0600000)
  to   space 23040K, 0% used [0x00000000ddb80000,0x00000000ddb80000,0x00000000df200000)
 ParOldGen       total 133120K, used 42799K [0x0000000081000000, 0x0000000089200000, 0x00000000d5b00000)
  object space 133120K, 32% used [0x0000000081000000,0x00000000839cbcd0,0x0000000089200000)
 Metaspace       used 33525K, capacity 35410K, committed 35496K, reserved 1079296K
  class space    used 4765K, capacity 5117K, committed 5120K, reserved 1048576K
}

Deoptimization events (10 events):
Event: 15.630 Thread 0x0000000025748000 Uncommon trap: reason=class_check action=maybe_recompile pc=0x00000000062076c0 method=java.util.HashSet.contains(Ljava/lang/Object;)Z @ 5
Event: 15.631 Thread 0x0000000025748000 Uncommon trap: reason=class_check action=maybe_recompile pc=0x00000000062076c0 method=java.util.HashSet.contains(Ljava/lang/Object;)Z @ 5
Event: 15.631 Thread 0x0000000025748000 Uncommon trap: reason=class_check action=maybe_recompile pc=0x00000000062076c0 method=java.util.HashSet.contains(Ljava/lang/Object;)Z @ 5
Event: 15.692 Thread 0x0000000025748000 Uncommon trap: reason=unstable_if action=reinterpret pc=0x00000000061f6200 method=java.math.BigInteger.intArrayCmpToLen([I[II)I @ 42
Event: 15.712 Thread 0x0000000025748000 Uncommon trap: reason=unstable_if action=reinterpret pc=0x00000000056c7e08 method=java.math.MutableBigInteger.divideOneWord(ILjava/math/MutableBigInteger;)I @ 88
Event: 15.712 Thread 0x0000000025748000 Uncommon trap: reason=unstable_if action=reinterpret pc=0x000000000543fd4c method=java.math.BigInteger.squareToLen([II[I)[I @ 5
Event: 16.091 Thread 0x0000000025748000 Uncommon trap: reason=class_check action=maybe_recompile pc=0x0000000006247cdc method=java.util.regex.Matcher.search(I)Z @ 86
Event: 16.091 Thread 0x0000000025748000 Uncommon trap: reason=class_check action=maybe_recompile pc=0x0000000006247cdc method=java.util.regex.Matcher.search(I)Z @ 86
Event: 16.091 Thread 0x0000000025748000 Uncommon trap: reason=class_check action=maybe_recompile pc=0x0000000006247cdc method=java.util.regex.Matcher.search(I)Z @ 86
Event: 16.092 Thread 0x0000000025748000 Uncommon trap: reason=class_check action=maybe_recompile pc=0x0000000006247cdc method=java.util.regex.Matcher.search(I)Z @ 86

Internal exceptions (10 events):
Event: 2.118 Thread 0x000000001bffe800 Exception <a 'java/lang/ArrayIndexOutOfBoundsException': 57> (0x00000000d5e9cdb8) thrown at [C:\re\workspace\8-2-build-windows-amd64-cygwin\jdk8u151\9699\hotspot\src\share\vm\interpreter\interpreterRuntime.cpp, line 366]
Event: 2.437 Thread 0x000000001bffe800 Implicit null exception at 0x0000000005668d35 to 0x0000000005668f4d
Event: 2.437 Thread 0x000000001bffe800 Implicit null exception at 0x000000000585ad9b to 0x000000000585b4e5
Event: 4.106 Thread 0x000000001bffe800 Implicit null exception at 0x0000000005e053b2 to 0x0000000005e07639
Event: 4.979 Thread 0x000000001bfda000 Implicit null exception at 0x0000000005b8a651 to 0x0000000005b8d809
Event: 5.023 Thread 0x000000001bfda000 Implicit null exception at 0x0000000005b79364 to 0x0000000005b7c7c1
Event: 15.223 Thread 0x0000000025748000 Exception <a 'java/lang/NoClassDefFoundError': org/apache/log4j/Priority> (0x00000000d73a2f68) thrown at [C:\re\workspace\8-2-build-windows-amd64-cygwin\jdk8u151\9699\hotspot\src\share\vm\classfile\systemDictionary.cpp, line 199]
Event: 15.712 Thread 0x0000000025748000 Implicit null exception at 0x000000000543fb7e to 0x000000000543fd3d
Event: 16.092 Thread 0x0000000025748000 Exception <a 'java/lang/Exception': Failed to initialize SSL_CTX (error:00000000:invalid library (0):OPENSSL_internal:invalid library (0))> (0x00000000d5d9df28) thrown at [C:\re\workspace\8-2-build-windows-amd64-cygwin\jdk8u151\9699\hotspot\src\share\vm\p
Event: 58.916 Thread 0x000000001bb0c000 Exception <a 'java/lang/IllegalStateException'> (0x00000000d72962d0) thrown at [C:\re\workspace\8-2-build-windows-amd64-cygwin\jdk8u151\9699\hotspot\src\share\vm\prims\jvm.cpp, line 1394]

Events (10 events):
Event: 58.912 Thread 0x000000001bb0c800 Thread added: 0x000000001bb0c800
Event: 58.914 loading class com/sun/javafx/tk/quantum/QuantumRenderer
Event: 58.914 loading class com/sun/javafx/tk/quantum/QuantumRenderer done
Event: 58.914 Thread 0x000000001bb0c800 Thread exited: 0x000000001bb0c800
Event: 58.915 loading class com/sun/javafx/tk/quantum/QuantumToolkit
Event: 58.915 loading class com/sun/javafx/tk/quantum/QuantumToolkit done
Event: 58.916 Executing VM operation: RevokeBias
Event: 58.917 Executing VM operation: RevokeBias done
Event: 58.917 Thread 0x000000001bb0c000 Thread exited: 0x000000001bb0c000
Event: 58.921 Executing VM operation: Exit


Dynamic libraries:
0x00007ff746620000 - 0x00007ff746657000 	C:\Program Files\Java\jre1.8.0_151\bin\javaw.exe
0x00007fff77ef0000 - 0x00007fff780d0000 	C:\WINDOWS\SYSTEM32\ntdll.dll
0x00007fff75cc0000 - 0x00007fff75d6e000 	C:\WINDOWS\System32\KERNEL32.DLL
0x00007fff74800000 - 0x00007fff74a66000 	C:\WINDOWS\System32\KERNELBASE.dll
0x00007fff77a50000 - 0x00007fff77af1000 	C:\WINDOWS\System32\ADVAPI32.dll
0x00007fff779b0000 - 0x00007fff77a4d000 	C:\WINDOWS\System32\msvcrt.dll
0x00007fff762b0000 - 0x00007fff7630b000 	C:\WINDOWS\System32\sechost.dll
0x00007fff756d0000 - 0x00007fff757ef000 	C:\WINDOWS\System32\RPCRT4.dll
0x00007fff75b30000 - 0x00007fff75cbf000 	C:\WINDOWS\System32\USER32.dll
0x00007fff74520000 - 0x00007fff74540000 	C:\WINDOWS\System32\win32u.dll
0x00007fff75d90000 - 0x00007fff75db8000 	C:\WINDOWS\System32\GDI32.dll
0x00007fff745c0000 - 0x00007fff74753000 	C:\WINDOWS\System32\gdi32full.dll
0x00007fff74760000 - 0x00007fff747fb000 	C:\WINDOWS\System32\msvcp_win.dll
0x00007fff74b70000 - 0x00007fff74c66000 	C:\WINDOWS\System32\ucrtbase.dll
0x00007fff6c3b0000 - 0x00007fff6c619000 	C:\WINDOWS\WinSxS\amd64_microsoft.windows.common-controls_6595b64144ccf1df_6.0.16299.192_none_15c8cdae9364c23b\COMCTL32.dll
0x00007fff753c0000 - 0x00007fff756c8000 	C:\WINDOWS\System32\combase.dll
0x00007fff74540000 - 0x00007fff745b2000 	C:\WINDOWS\System32\bcryptPrimitives.dll
0x00007fff76210000 - 0x00007fff7623d000 	C:\WINDOWS\System32\IMM32.DLL
0x0000000071850000 - 0x0000000071922000 	C:\Program Files\Java\jre1.8.0_151\bin\msvcr100.dll
0x0000000070c60000 - 0x00000000714fd000 	C:\Program Files\Java\jre1.8.0_151\bin\server\jvm.dll
0x00007fff75b20000 - 0x00007fff75b28000 	C:\WINDOWS\System32\PSAPI.DLL
0x00007fff6d4d0000 - 0x00007fff6d4f3000 	C:\WINDOWS\SYSTEM32\WINMM.dll
0x00007fff6b960000 - 0x00007fff6b96a000 	C:\WINDOWS\SYSTEM32\VERSION.dll
0x00007fff6d4a0000 - 0x00007fff6d4ca000 	C:\WINDOWS\SYSTEM32\winmmbase.dll
0x00007fff74a70000 - 0x00007fff74aba000 	C:\WINDOWS\System32\cfgmgr32.dll
0x00007fff69e80000 - 0x00007fff69e89000 	C:\WINDOWS\SYSTEM32\WSOCK32.dll
0x00007fff77be0000 - 0x00007fff77c4c000 	C:\WINDOWS\System32\WS2_32.dll
0x0000000071a30000 - 0x0000000071a3f000 	C:\Program Files\Java\jre1.8.0_151\bin\verify.dll
0x0000000071a00000 - 0x0000000071a29000 	C:\Program Files\Java\jre1.8.0_151\bin\java.dll
0x00000000719e0000 - 0x00000000719f6000 	C:\Program Files\Java\jre1.8.0_151\bin\zip.dll
0x00007fff76460000 - 0x00007fff77896000 	C:\WINDOWS\System32\SHELL32.dll
0x00007fff77900000 - 0x00007fff779a6000 	C:\WINDOWS\System32\shcore.dll
0x00007fff74c70000 - 0x00007fff753b7000 	C:\WINDOWS\System32\windows.storage.dll
0x00007fff76250000 - 0x00007fff762a1000 	C:\WINDOWS\System32\shlwapi.dll
0x00007fff74280000 - 0x00007fff74291000 	C:\WINDOWS\System32\kernel.appcore.dll
0x00007fff742a0000 - 0x00007fff742ec000 	C:\WINDOWS\System32\powrprof.dll
0x00007fff74260000 - 0x00007fff7427b000 	C:\WINDOWS\System32\profapi.dll
0x00000000033b0000 - 0x00000000033b3000 	C:\Program Files\Java\jre1.8.0_151\bin\api-ms-win-core-console-l1-1-0.dll
0x00000000038c0000 - 0x00000000038c3000 	C:\Program Files\Java\jre1.8.0_151\bin\api-ms-win-core-datetime-l1-1-0.dll
0x00000000038d0000 - 0x00000000038d3000 	C:\Program Files\Java\jre1.8.0_151\bin\api-ms-win-core-debug-l1-1-0.dll
0x00000000038e0000 - 0x00000000038e3000 	C:\Program Files\Java\jre1.8.0_151\bin\api-ms-win-core-errorhandling-l1-1-0.dll
0x00000000051a0000 - 0x00000000051a4000 	C:\Program Files\Java\jre1.8.0_151\bin\api-ms-win-core-file-l1-1-0.dll
0x00000000051b0000 - 0x00000000051b3000 	C:\Program Files\Java\jre1.8.0_151\bin\api-ms-win-core-file-l1-2-0.dll
0x00000000051c0000 - 0x00000000051c3000 	C:\Program Files\Java\jre1.8.0_151\bin\api-ms-win-core-file-l2-1-0.dll
0x00000000051d0000 - 0x00000000051d3000 	C:\Program Files\Java\jre1.8.0_151\bin\api-ms-win-core-handle-l1-1-0.dll
0x00000000051e0000 - 0x00000000051e3000 	C:\Program Files\Java\jre1.8.0_151\bin\api-ms-win-core-heap-l1-1-0.dll
0x00000000051f0000 - 0x00000000051f3000 	C:\Program Files\Java\jre1.8.0_151\bin\api-ms-win-core-interlocked-l1-1-0.dll
0x0000000005200000 - 0x0000000005203000 	C:\Program Files\Java\jre1.8.0_151\bin\api-ms-win-core-libraryloader-l1-1-0.dll
0x0000000005210000 - 0x0000000005213000 	C:\Program Files\Java\jre1.8.0_151\bin\api-ms-win-core-localization-l1-2-0.dll
0x000000001be00000 - 0x000000001be03000 	C:\Program Files\Java\jre1.8.0_151\bin\api-ms-win-core-memory-l1-1-0.dll
0x000000001be10000 - 0x000000001be13000 	C:\Program Files\Java\jre1.8.0_151\bin\api-ms-win-core-namedpipe-l1-1-0.dll
0x000000001be20000 - 0x000000001be23000 	C:\Program Files\Java\jre1.8.0_151\bin\api-ms-win-core-processenvironment-l1-1-0.dll
0x000000001be30000 - 0x000000001be33000 	C:\Program Files\Java\jre1.8.0_151\bin\api-ms-win-core-processthreads-l1-1-0.dll
0x000000001be40000 - 0x000000001be43000 	C:\Program Files\Java\jre1.8.0_151\bin\api-ms-win-core-processthreads-l1-1-1.dll
0x000000001be50000 - 0x000000001be53000 	C:\Program Files\Java\jre1.8.0_151\bin\api-ms-win-core-profile-l1-1-0.dll
0x000000001be60000 - 0x000000001be63000 	C:\Program Files\Java\jre1.8.0_151\bin\api-ms-win-core-rtlsupport-l1-1-0.dll
0x000000001be70000 - 0x000000001be73000 	C:\Program Files\Java\jre1.8.0_151\bin\api-ms-win-core-string-l1-1-0.dll
0x000000001be80000 - 0x000000001be83000 	C:\Program Files\Java\jre1.8.0_151\bin\api-ms-win-core-synch-l1-1-0.dll
0x000000001be90000 - 0x000000001be93000 	C:\Program Files\Java\jre1.8.0_151\bin\api-ms-win-core-synch-l1-2-0.dll
0x000000001bea0000 - 0x000000001bea3000 	C:\Program Files\Java\jre1.8.0_151\bin\api-ms-win-core-sysinfo-l1-1-0.dll
0x000000001beb0000 - 0x000000001beb3000 	C:\Program Files\Java\jre1.8.0_151\bin\api-ms-win-core-timezone-l1-1-0.dll
0x000000001bec0000 - 0x000000001bec3000 	C:\Program Files\Java\jre1.8.0_151\bin\api-ms-win-core-util-l1-1-0.dll
0x000000001bed0000 - 0x000000001bed3000 	C:\Program Files\Java\jre1.8.0_151\bin\api-ms-win-crt-conio-l1-1-0.dll
0x000000001bee0000 - 0x000000001bee4000 	C:\Program Files\Java\jre1.8.0_151\bin\api-ms-win-crt-convert-l1-1-0.dll
0x000000001bef0000 - 0x000000001bef3000 	C:\Program Files\Java\jre1.8.0_151\bin\api-ms-win-crt-environment-l1-1-0.dll
0x000000001bf00000 - 0x000000001bf03000 	C:\Program Files\Java\jre1.8.0_151\bin\api-ms-win-crt-filesystem-l1-1-0.dll
0x000000001bf10000 - 0x000000001bf13000 	C:\Program Files\Java\jre1.8.0_151\bin\api-ms-win-crt-heap-l1-1-0.dll
0x000000001bf20000 - 0x000000001bf23000 	C:\Program Files\Java\jre1.8.0_151\bin\api-ms-win-crt-locale-l1-1-0.dll
0x000000001bf30000 - 0x000000001bf35000 	C:\Program Files\Java\jre1.8.0_151\bin\api-ms-win-crt-math-l1-1-0.dll
0x000000001bf40000 - 0x000000001bf45000 	C:\Program Files\Java\jre1.8.0_151\bin\api-ms-win-crt-multibyte-l1-1-0.dll
0x000000001bf50000 - 0x000000001bf60000 	C:\Program Files\Java\jre1.8.0_151\bin\api-ms-win-crt-private-l1-1-0.dll
0x000000001bf60000 - 0x000000001bf63000 	C:\Program Files\Java\jre1.8.0_151\bin\api-ms-win-crt-process-l1-1-0.dll
0x000000001bf70000 - 0x000000001bf74000 	C:\Program Files\Java\jre1.8.0_151\bin\api-ms-win-crt-runtime-l1-1-0.dll
0x000000001bf80000 - 0x000000001bf84000 	C:\Program Files\Java\jre1.8.0_151\bin\api-ms-win-crt-stdio-l1-1-0.dll
0x000000001bf90000 - 0x000000001bf94000 	C:\Program Files\Java\jre1.8.0_151\bin\api-ms-win-crt-string-l1-1-0.dll
0x000000001bfa0000 - 0x000000001bfa3000 	C:\Program Files\Java\jre1.8.0_151\bin\api-ms-win-crt-time-l1-1-0.dll
0x000000001bfb0000 - 0x000000001bfb3000 	C:\Program Files\Java\jre1.8.0_151\bin\api-ms-win-crt-utility-l1-1-0.dll
0x00007fff59280000 - 0x00007fff59376000 	C:\Program Files\Java\jre1.8.0_151\bin\ucrtbase.dll
0x00007fff47a30000 - 0x00007fff47a81000 	C:\Program Files\Java\jre1.8.0_151\bin\concrt140.dll
0x00007fff72930000 - 0x00007fff72946000 	C:\Program Files\Java\jre1.8.0_151\bin\VCRUNTIME140.dll
0x00007fff3a420000 - 0x00007fff3a4bc000 	C:\Program Files\Java\jre1.8.0_151\bin\MSVCP140.dll
0x0000000071820000 - 0x0000000071843000 	C:\Program Files\Java\jre1.8.0_151\bin\prism_d3d.dll
0x00007fff3aa80000 - 0x00007fff3ac15000 	C:\WINDOWS\system32\d3d9.dll
0x00007fff72460000 - 0x00007fff7248a000 	C:\WINDOWS\SYSTEM32\dwmapi.dll
0x00007fff722c0000 - 0x00007fff72355000 	C:\WINDOWS\system32\uxtheme.dll
0x00007fff77df0000 - 0x00007fff77eb5000 	C:\WINDOWS\System32\OLEAUT32.dll
0x00007fff76310000 - 0x00007fff76459000 	C:\WINDOWS\System32\ole32.dll
0x00000000717d0000 - 0x0000000071819000 	C:\Program Files\Java\jre1.8.0_151\bin\glass.dll
0x00007fff757f0000 - 0x00007fff758fa000 	C:\WINDOWS\System32\COMDLG32.dll
0x00007fff759a0000 - 0x00007fff75b07000 	C:\WINDOWS\System32\MSCTF.dll
0x00000000717b0000 - 0x00000000717c4000 	C:\Program Files\Java\jre1.8.0_151\bin\javafx_font.dll
0x00007fff5e910000 - 0x00007fff5ec1f000 	C:\WINDOWS\SYSTEM32\dwrite.dll
0x0000000071970000 - 0x0000000071994000 	C:\Program Files\Java\jre1.8.0_151\bin\sunec.dll
0x00000000719c0000 - 0x00000000719da000 	C:\Program Files\Java\jre1.8.0_151\bin\net.dll
0x00007fff73720000 - 0x00007fff73786000 	C:\WINDOWS\system32\mswsock.dll
0x00007fff734b0000 - 0x00007fff734e9000 	C:\WINDOWS\SYSTEM32\IPHLPAPI.DLL
0x00007fff75b10000 - 0x00007fff75b18000 	C:\WINDOWS\System32\NSI.dll
0x00007fff6d1f0000 - 0x00007fff6d206000 	C:\WINDOWS\SYSTEM32\dhcpcsvc6.DLL
0x00007fff6d860000 - 0x00007fff6d87a000 	C:\WINDOWS\SYSTEM32\dhcpcsvc.DLL
0x00000000719a0000 - 0x00000000719b1000 	C:\Program Files\Java\jre1.8.0_151\bin\nio.dll
0x00007fff75900000 - 0x00007fff7599e000 	C:\WINDOWS\System32\clbcatq.dll
0x00007fff6f170000 - 0x00007fff6f31b000 	C:\WINDOWS\SYSTEM32\WindowsCodecs.dll
0x00007fff53930000 - 0x00007fff5397f000 	C:\WINDOWS\system32\dataexchange.dll
0x00007fff71da0000 - 0x00007fff71ee2000 	C:\WINDOWS\system32\dcomp.dll
0x00007fff70d10000 - 0x00007fff70ff1000 	C:\WINDOWS\system32\d3d11.dll
0x00007fff72ce0000 - 0x00007fff72d8f000 	C:\WINDOWS\system32\dxgi.dll
0x00007fff72090000 - 0x00007fff7220b000 	C:\WINDOWS\system32\twinapi.appcore.dll
0x00007fff72210000 - 0x00007fff72230000 	C:\WINDOWS\system32\RMCLIENT.dll
0x00007fff73ca0000 - 0x00007fff73cc5000 	C:\WINDOWS\system32\bcrypt.dll
0x00007fff4f620000 - 0x00007fff4f654000 	C:\Program Files\Common Files\Microsoft Shared\Ink\rtscom.dll
0x0000000071780000 - 0x00000000717a3000 	C:\Program Files\Java\jre1.8.0_151\bin\javafx_iio.dll
0x0000000071760000 - 0x0000000071772000 	C:\Program Files\Java\jre1.8.0_151\bin\prism_common.dll
0x00007fff61f50000 - 0x00007fff61fe8000 	C:\WINDOWS\System32\TextInputFramework.dll
0x00007fff63ea0000 - 0x00007fff6418e000 	C:\WINDOWS\System32\CoreUIComponents.dll
0x00007fff71000000 - 0x00007fff710dc000 	C:\WINDOWS\System32\CoreMessaging.dll
0x00007fff73000000 - 0x00007fff73031000 	C:\WINDOWS\SYSTEM32\ntmarta.dll
0x00007fff6fe40000 - 0x00007fff6ff76000 	C:\WINDOWS\SYSTEM32\wintypes.dll
0x00007fff73f10000 - 0x00007fff73f27000 	C:\WINDOWS\SYSTEM32\CRYPTSP.dll
0x00007fff73330000 - 0x00007fff73363000 	C:\WINDOWS\system32\rsaenh.dll
0x00007fff74170000 - 0x00007fff74199000 	C:\WINDOWS\SYSTEM32\USERENV.dll
0x00007fff738e0000 - 0x00007fff738eb000 	C:\WINDOWS\SYSTEM32\CRYPTBASE.dll
0x0000000071960000 - 0x000000007196b000 	C:\Program Files\Java\jre1.8.0_151\bin\sunmscapi.dll
0x00007fff74350000 - 0x00007fff7451e000 	C:\WINDOWS\System32\CRYPT32.dll
0x00007fff74240000 - 0x00007fff74252000 	C:\WINDOWS\System32\MSASN1.dll
0x00007fff734f0000 - 0x00007fff735a6000 	C:\WINDOWS\SYSTEM32\DNSAPI.dll
0x0000000071ef0000 - 0x0000000071f16000 	C:\Program Files\Bonjour\mdnsNSP.dll
0x00007fff6c3a0000 - 0x00007fff6c3aa000 	C:\Windows\System32\rasadhlp.dll
0x00007fff6cb80000 - 0x00007fff6cbf0000 	C:\WINDOWS\System32\fwpuclnt.dll

VM Arguments:
jvm_args: -Dfile.encoding=UTF-8 
java_command: com.jeeves.vpl.Main
java_class_path (initial): C:\Program Files\Java\jre1.8.0_151\lib\resources.jar;C:\Program Files\Java\jre1.8.0_151\lib\rt.jar;C:\Program Files\Java\jre1.8.0_151\lib\jsse.jar;C:\Program Files\Java\jre1.8.0_151\lib\jce.jar;C:\Program Files\Java\jre1.8.0_151\lib\charsets.jar;C:\Program Files\Java\jre1.8.0_151\lib\jfr.jar;C:\Program Files\Java\jre1.8.0_151\lib\ext\access-bridge-64.jar;C:\Program Files\Java\jre1.8.0_151\lib\ext\cldrdata.jar;C:\Program Files\Java\jre1.8.0_151\lib\ext\dnsns.jar;C:\Program Files\Java\jre1.8.0_151\lib\ext\dns_sd.jar;C:\Program Files\Java\jre1.8.0_151\lib\ext\jaccess.jar;C:\Program Files\Java\jre1.8.0_151\lib\ext\jfxrt.jar;C:\Program Files\Java\jre1.8.0_151\lib\ext\localedata.jar;C:\Program Files\Java\jre1.8.0_151\lib\ext\nashorn.jar;C:\Program Files\Java\jre1.8.0_151\lib\ext\sunec.jar;C:\Program Files\Java\jre1.8.0_151\lib\ext\sunjce_provider.jar;C:\Program Files\Java\jre1.8.0_151\lib\ext\sunmscapi.jar;C:\Program Files\Java\jre1.8.0_151\lib\ext\sunpkcs11.jar;C:\Program Files\Java\jre1.8.0_151\lib\ext\zipfs.jar;C:\Users\Cath\Documents\workspace\Jeeves\target\classes;C:\Users\Cath\Documents\workspace\Jeeves\poi-3.15.jar;C:\Users\Cath\Documents\workspace\Jeeves\commons-lang3-3.5.jar;C:\Users\Cath\Documents\workspace\Jeeves\controlsfx-8.40.12.jar;C:\Users\Cath\.m2\repository\commons-codec\commons-codec\1.9\commons-codec-1.9.jar;C:\Users\Cath\.m2\repository\commons-validator\commons-validator\1.4.1\commons-validator-1.4.1.jar;C:\Users\Cath\.m2\repository\commons-beanutils\commons-beanutils\1.8.3\commons-beanutils-1.8.3.jar;C:\Users\Cath\.m2\repository\commons-digester\commons-digester\1.8.1\commons-digester-1.8.1.jar;C:\Users\Cath\.m2\repository\commons-logging\commons-logging\1.2\commons-logging-1.2.jar;C:\Users\Cath\.m2\repository\commons-collections\commons-collections\3.2.1\commons-collections-3.2.1.jar;C:\Users\Cath\.m2\repository\org\apache\shiro\shiro-core\1.3.2\shiro-core-1.3.2.jar;C:\Users\Cath\.m2\repository\org\slf4j\slf4j-api\1.6.4\
Launcher Type: SUN_STANDARD

Environment Variables:
JAVA_HOME=C:\Program Files\Java\jdk1.8.0_151
PATH=C:/Program Files/Java/jre1.8.0_151/bin/server;C:/Program Files/Java/jre1.8.0_151/bin;C:/Program Files/Java/jre1.8.0_151/lib/amd64;C:\ProgramData\Oracle\Java\javapath;C:\WINDOWS\system32;C:\WINDOWS;C:\WINDOWS\System32\Wbem;C:\WINDOWS\System32\WindowsPowerShell\v1.0\;C:\Program Files\Git\cmd;C:\Program Files\Java\jdk1.8.0_151\bin;C:\Users\Cath\AppData\Local\Microsoft\WindowsApps;C:\MinGW\bin;C:\MinGW\msys\1.0\bin;;C:\Users\Cath\Desktop;
USERNAME=Cath
OS=Windows_NT
PROCESSOR_IDENTIFIER=Intel64 Family 6 Model 69 Stepping 1, GenuineIntel



---------------  S Y S T E M  ---------------

OS: Windows 10.0 , 64 bit Build 16299 (10.0.16299.15)

CPU:total 4 (initial active 4) (2 cores per cpu, 2 threads per core) family 6 model 69 stepping 1, cmov, cx8, fxsr, mmx, sse, sse2, sse3, ssse3, sse4.1, sse4.2, popcnt, avx, avx2, aes, clmul, erms, lzcnt, ht, tsc, tscinvbit, bmi1, bmi2

Memory: 4k page, physical 8317080k(2666532k free), swap 13822104k(5845060k free)

vm_info: Java HotSpot(TM) 64-Bit Server VM (25.151-b12) for windows-amd64 JRE (1.8.0_151-b12), built on Sep  5 2017 19:33:46 by "java_re" with MS VC++ 10.0 (VS2010)

time: Tue Jan 16 13:44:08 2018
elapsed time: 59 seconds (0d 0h 0m 59s)

