#
# A fatal error has been detected by the Java Runtime Environment:
#
#  EXCEPTION_ACCESS_VIOLATION (0xc0000005) at pc=0x00000000667c78b0, pid=4740, tid=0x0000000000001b48
#
# JRE version: Java(TM) SE Runtime Environment (8.0_151-b12) (build 1.8.0_151-b12)
# Java VM: Java HotSpot(TM) 64-Bit Server VM (25.151-b12 mixed mode windows-amd64 compressed oops)
# Problematic frame:
# C  [glass.dll+0x278b0]
#
# Failed to write core dump. Minidumps are not enabled by default on client versions of Windows
#
# If you would like to submit a bug report, please visit:
#   http://bugreport.java.com/bugreport/crash.jsp
#

---------------  T H R E A D  ---------------

Current thread (0x0000000019d07800):  VMThread [stack: 0x000000001adb0000,0x000000001aeb0000] [id=6984]

siginfo: ExceptionCode=0xc0000005, reading address 0x0000000000000000

Registers:
RAX=0x0000000000000000, RBX=0x000000001baa0658, RCX=0x0000000019d07800, RDX=0x0000000067edc658
RSP=0x000000001aeaf150, RBP=0x0000000003273648, RSI=0x0000000003273620, RDI=0x0000063ba09c25b4
R8 =0x0000000000010002, R9 =0x0000000000000034, R10=0x0000063ba09c25b4, R11=0x000000001aeaf050
R12=0x0000000000000000, R13=0x0000000000000040, R14=0x000000001aeaf268, R15=0x0000000003273620
RIP=0x00000000667c78b0, EFLAGS=0x0000000000010206

Top of Stack: (sp=0x000000001aeaf150)
0x000000001aeaf150:   0000000000000000 00007ff86f3ed00b
0x000000001aeaf160:   0000000003273630 0000000003273630
0x000000001aeaf170:   fffffffffffffffe 0000000003273648
0x000000001aeaf180:   0000000003273628 00007ff86f3f85f3
0x000000001aeaf190:   00000000667dc1b0 00007ff800000000
0x000000001aeaf1a0:   0000000000000000 0000000000000000
0x000000001aeaf1b0:   fffffffffffffffe 0000000000000000
0x000000001aeaf1c0:   0000000000000001 00000000667a0000
0x000000001aeaf1d0:   0000000004ea1638 00000000667c48dc
0x000000001aeaf1e0:   000000001aeaf258 00007ff86f3ed157
0x000000001aeaf1f0:   0000000000000000 000000001aeaf268
0x000000001aeaf200:   0000000019c15400 00007ff86f4c70e0
0x000000001aeaf210:   0000000000000000 00007ff86f3f16ee
0x000000001aeaf220:   0000000000000000 0000000000000001
0x000000001aeaf230:   0000000000000001 000000001aeaf258
0x000000001aeaf240:   0000000000000000 00000000667c4752 

Instructions: (pc=0x00000000667c78b0)
0x00000000667c7890:   40 53 48 83 ec 30 48 c7 44 24 20 fe ff ff ff 48
0x00000000667c78a0:   8b 1d 7a 72 01 00 48 85 db 74 16 e8 00 81 ff ff
0x00000000667c78b0:   4c 8b 00 48 8b d3 48 8b c8 41 ff 90 b0 00 00 00
0x00000000667c78c0:   90 48 83 c4 30 5b c3 cc cc cc cc cc cc cc cc cc 


Register to memory mapping:

RAX=0x0000000000000000 is an unknown value
RBX=0x000000001baa0658 is a global jni handle
RCX=0x0000000019d07800 is an unknown value
RDX=0x0000000067edc658 is an unknown value
RSP=0x000000001aeaf150 is an unknown value
RBP=0x0000000003273648 is an unknown value
RSI=0x0000000003273620 is an unknown value
RDI=0x0000063ba09c25b4 is an unknown value
R8 =0x0000000000010002 is an unknown value
R9 =0x0000000000000034 is an unknown value
R10=0x0000063ba09c25b4 is an unknown value
R11=0x000000001aeaf050 is an unknown value
R12=0x0000000000000000 is an unknown value
R13=0x0000000000000040 is an unknown value
R14=0x000000001aeaf268 is an unknown value
R15=0x0000000003273620 is an unknown value


Stack: [0x000000001adb0000,0x000000001aeb0000],  sp=0x000000001aeaf150,  free space=1020k
Native frames: (J=compiled Java code, j=interpreted, Vv=VM code, C=native code)
C  [glass.dll+0x278b0]
C  [ucrtbase.dll+0x185f3]
C  [ucrtbase.dll+0xd157]
C  [ucrtbase.dll+0x116ee]
C  [glass.dll+0x24752]
C  [glass.dll+0x24850]
C  [ntdll.dll+0x11493]
C  [ntdll.dll+0x406b5]
C  [ntdll.dll+0x40574]
C  [KERNEL32.DLL+0xf06a]
C  [msvcr100.dll+0x20ccd]
V  [jvm.dll+0x212a95]
V  [jvm.dll+0x24b9a7]
V  [jvm.dll+0x24ac46]
V  [jvm.dll+0x24b0e1]
V  [jvm.dll+0x24b2fe]
V  [jvm.dll+0x29c3ea]
C  [msvcr100.dll+0x21d9f]
C  [msvcr100.dll+0x21e3b]
C  [KERNEL32.DLL+0x11fe4]
C  [ntdll.dll+0x6efb1]

VM_Operation (0x000000001c3ba580): Exit, mode: safepoint, requested by thread 0x000000001ba4b800


---------------  P R O C E S S  ---------------

Java Threads: ( => current thread )
  0x0000000027c07000 JavaThread "Glass/Prism Shutdown Hook" [_thread_blocked, id=14708, stack(0x0000000028340000,0x0000000028440000)]
  0x00000000215e0000 JavaThread "Prism Font Disposer" daemon [_thread_blocked, id=14740, stack(0x0000000024120000,0x0000000024220000)]
  0x0000000020998000 JavaThread "JavaFX-Launcher" [_thread_blocked, id=14480, stack(0x0000000021250000,0x0000000021350000)]
  0x000000002099b800 JavaThread "Thread-2" daemon [_thread_in_native, id=8720, stack(0x0000000021150000,0x0000000021250000)]
  0x000000001ba4b800 JavaThread "JavaFX Application Thread" [_thread_blocked, id=14592, stack(0x000000001c2c0000,0x000000001c3c0000)]
  0x000000001ba3b800 JavaThread "Thread-1" daemon [_thread_blocked, id=15060, stack(0x000000001c1c0000,0x000000001c2c0000)]
  0x000000001ba30800 JavaThread "QuantumRenderer-0" daemon [_thread_blocked, id=12880, stack(0x000000001bf30000,0x000000001c030000)]
  0x000000001b6eb800 JavaThread "Service Thread" daemon [_thread_blocked, id=10992, stack(0x000000001bab0000,0x000000001bbb0000)]
  0x0000000019d4f000 JavaThread "C1 CompilerThread2" daemon [_thread_blocked, id=10392, stack(0x000000001b5b0000,0x000000001b6b0000)]
  0x0000000019d46000 JavaThread "C2 CompilerThread1" daemon [_thread_blocked, id=15840, stack(0x000000001b4b0000,0x000000001b5b0000)]
  0x0000000019d43800 JavaThread "C2 CompilerThread0" daemon [_thread_blocked, id=15020, stack(0x000000001b3b0000,0x000000001b4b0000)]
  0x0000000019d42800 JavaThread "Attach Listener" daemon [_thread_blocked, id=8772, stack(0x000000001b2b0000,0x000000001b3b0000)]
  0x0000000019d2a800 JavaThread "Finalizer" daemon [_thread_blocked, id=6828, stack(0x000000001afb0000,0x000000001b0b0000)]
  0x00000000051a6800 JavaThread "Reference Handler" daemon [_thread_blocked, id=12964, stack(0x000000001aeb0000,0x000000001afb0000)]
  0x00000000050b3800 JavaThread "main" [_thread_blocked, id=8236, stack(0x0000000004fb0000,0x00000000050b0000)]

Other Threads:
=>0x0000000019d07800 VMThread [stack: 0x000000001adb0000,0x000000001aeb0000] [id=6984]

VM state:at safepoint (shutting down)

VM Mutex/Monitor currently owned by a thread:  ([mutex/lock_event])
[0x00000000050b0ed0] Threads_lock - owner thread: 0x0000000019d07800

Heap:
 PSYoungGen      total 134656K, used 39812K [0x00000000d5b00000, 0x00000000e0f00000, 0x0000000100000000)
  eden space 120832K, 24% used [0x00000000d5b00000,0x00000000d77c1750,0x00000000dd100000)
  from space 13824K, 74% used [0x00000000dd100000,0x00000000ddb1fa80,0x00000000dde80000)
  to   space 14848K, 0% used [0x00000000e0080000,0x00000000e0080000,0x00000000e0f00000)
 ParOldGen       total 72704K, used 16694K [0x0000000081000000, 0x0000000085700000, 0x00000000d5b00000)
  object space 72704K, 22% used [0x0000000081000000,0x000000008204d9f0,0x0000000085700000)
 Metaspace       used 26214K, capacity 28096K, committed 28288K, reserved 1073152K
  class space    used 3876K, capacity 4218K, committed 4224K, reserved 1048576K

Card table byte_map: [0x0000000014570000,0x0000000014970000] byte_map_base: 0x0000000014168000

Marking Bits: (ParMarkBitMap*) 0x00000000680cd850
 Begin Bits: [0x0000000015020000, 0x0000000016fe0000)
 End Bits:   [0x0000000016fe0000, 0x0000000018fa0000)

Polling page: 0x0000000004e40000

CodeCache: size=245760Kb used=13434Kb max_used=13434Kb free=232325Kb
 bounds [0x00000000051b0000, 0x0000000005ee0000, 0x00000000141b0000]
 total_blobs=5230 nmethods=4500 adapters=639
 compilation: enabled

Compilation events (10 events):
Event: 6.109 Thread 0x0000000019d43800 nmethod 3387 0x0000000005ed43d0 code [0x0000000005ed4540, 0x0000000005ed4838]
Event: 6.109 Thread 0x0000000019d43800 3748       4       javafx.scene.Node::transformedBoundsChanged (43 bytes)
Event: 6.121 Thread 0x0000000019d4f000 4508       3       javafx.scene.Node::localToScene (46 bytes)
Event: 6.123 Thread 0x0000000019d4f000 nmethod 4508 0x0000000005ed6610 code [0x0000000005ed68c0, 0x0000000005ed8178]
Event: 6.123 Thread 0x0000000019d4f000 4509       3       jdk.internal.org.objectweb.asm.FieldVisitor::<init> (35 bytes)
Event: 6.123 Thread 0x0000000019d4f000 nmethod 4509 0x0000000005ed1f90 code [0x0000000005ed2100, 0x0000000005ed2408]
Event: 6.123 Thread 0x0000000019d4f000 4510       3       jdk.internal.org.objectweb.asm.FieldWriter::visitEnd (1 bytes)
Event: 6.123 Thread 0x0000000019d4f000 nmethod 4510 0x0000000005ed40d0 code [0x0000000005ed4220, 0x0000000005ed4370]
Event: 6.128 Thread 0x0000000019d4f000 4512       1       java.util.logging.Logger::getName (5 bytes)
Event: 6.128 Thread 0x0000000019d4f000 nmethod 4512 0x0000000005ed3e10 code [0x0000000005ed3f60, 0x0000000005ed4070]

GC Heap History (10 events):
Event: 2.278 GC heap before
{Heap before GC invocations=4 (full 0):
 PSYoungGen      total 38400K, used 38380K [0x00000000d5b00000, 0x00000000da600000, 0x0000000100000000)
  eden space 33280K, 100% used [0x00000000d5b00000,0x00000000d7b80000,0x00000000d7b80000)
  from space 5120K, 99% used [0x00000000d7b80000,0x00000000d807b188,0x00000000d8080000)
  to   space 5120K, 0% used [0x00000000da100000,0x00000000da100000,0x00000000da600000)
 ParOldGen       total 87552K, used 12517K [0x0000000081000000, 0x0000000086580000, 0x00000000d5b00000)
  object space 87552K, 14% used [0x0000000081000000,0x0000000081c396c8,0x0000000086580000)
 Metaspace       used 19915K, capacity 20862K, committed 20992K, reserved 1067008K
  class space    used 2868K, capacity 3061K, committed 3072K, reserved 1048576K
Event: 2.287 GC heap after
Heap after GC invocations=4 (full 0):
 PSYoungGen      total 71680K, used 5104K [0x00000000d5b00000, 0x00000000da600000, 0x0000000100000000)
  eden space 66560K, 0% used [0x00000000d5b00000,0x00000000d5b00000,0x00000000d9c00000)
  from space 5120K, 99% used [0x00000000da100000,0x00000000da5fc1a0,0x00000000da600000)
  to   space 5120K, 0% used [0x00000000d9c00000,0x00000000d9c00000,0x00000000da100000)
 ParOldGen       total 87552K, used 13592K [0x0000000081000000, 0x0000000086580000, 0x00000000d5b00000)
  object space 87552K, 15% used [0x0000000081000000,0x0000000081d461c8,0x0000000086580000)
 Metaspace       used 19915K, capacity 20862K, committed 20992K, reserved 1067008K
  class space    used 2868K, capacity 3061K, committed 3072K, reserved 1048576K
}
Event: 2.407 GC heap before
{Heap before GC invocations=5 (full 0):
 PSYoungGen      total 71680K, used 28150K [0x00000000d5b00000, 0x00000000da600000, 0x0000000100000000)
  eden space 66560K, 34% used [0x00000000d5b00000,0x00000000d7181678,0x00000000d9c00000)
  from space 5120K, 99% used [0x00000000da100000,0x00000000da5fc1a0,0x00000000da600000)
  to   space 5120K, 0% used [0x00000000d9c00000,0x00000000d9c00000,0x00000000da100000)
 ParOldGen       total 87552K, used 13592K [0x0000000081000000, 0x0000000086580000, 0x00000000d5b00000)
  object space 87552K, 15% used [0x0000000081000000,0x0000000081d461c8,0x0000000086580000)
 Metaspace       used 20313K, capacity 21260K, committed 21296K, reserved 1067008K
  class space    used 2955K, capacity 3166K, committed 3200K, reserved 1048576K
Event: 2.416 GC heap after
Heap after GC invocations=5 (full 0):
 PSYoungGen      total 71680K, used 5113K [0x00000000d5b00000, 0x00000000df700000, 0x0000000100000000)
  eden space 66560K, 0% used [0x00000000d5b00000,0x00000000d5b00000,0x00000000d9c00000)
  from space 5120K, 99% used [0x00000000d9c00000,0x00000000da0fe560,0x00000000da100000)
  to   space 13312K, 0% used [0x00000000dea00000,0x00000000dea00000,0x00000000df700000)
 ParOldGen       total 87552K, used 13903K [0x0000000081000000, 0x0000000086580000, 0x00000000d5b00000)
  object space 87552K, 15% used [0x0000000081000000,0x0000000081d93e18,0x0000000086580000)
 Metaspace       used 20313K, capacity 21260K, committed 21296K, reserved 1067008K
  class space    used 2955K, capacity 3166K, committed 3200K, reserved 1048576K
}
Event: 2.416 GC heap before
{Heap before GC invocations=6 (full 1):
 PSYoungGen      total 71680K, used 5113K [0x00000000d5b00000, 0x00000000df700000, 0x0000000100000000)
  eden space 66560K, 0% used [0x00000000d5b00000,0x00000000d5b00000,0x00000000d9c00000)
  from space 5120K, 99% used [0x00000000d9c00000,0x00000000da0fe560,0x00000000da100000)
  to   space 13312K, 0% used [0x00000000dea00000,0x00000000dea00000,0x00000000df700000)
 ParOldGen       total 87552K, used 13903K [0x0000000081000000, 0x0000000086580000, 0x00000000d5b00000)
  object space 87552K, 15% used [0x0000000081000000,0x0000000081d93e18,0x0000000086580000)
 Metaspace       used 20313K, capacity 21260K, committed 21296K, reserved 1067008K
  class space    used 2955K, capacity 3166K, committed 3200K, reserved 1048576K
Event: 2.460 GC heap after
Heap after GC invocations=6 (full 1):
 PSYoungGen      total 71680K, used 0K [0x00000000d5b00000, 0x00000000df700000, 0x0000000100000000)
  eden space 66560K, 0% used [0x00000000d5b00000,0x00000000d5b00000,0x00000000d9c00000)
  from space 5120K, 0% used [0x00000000d9c00000,0x00000000d9c00000,0x00000000da100000)
  to   space 13312K, 0% used [0x00000000dea00000,0x00000000dea00000,0x00000000df700000)
 ParOldGen       total 72704K, used 16678K [0x0000000081000000, 0x0000000085700000, 0x00000000d5b00000)
  object space 72704K, 22% used [0x0000000081000000,0x00000000820499f0,0x0000000085700000)
 Metaspace       used 20313K, capacity 21260K, committed 21296K, reserved 1067008K
  class space    used 2955K, capacity 3166K, committed 3200K, reserved 1048576K
}
Event: 2.877 GC heap before
{Heap before GC invocations=7 (full 1):
 PSYoungGen      total 71680K, used 66560K [0x00000000d5b00000, 0x00000000df700000, 0x0000000100000000)
  eden space 66560K, 100% used [0x00000000d5b00000,0x00000000d9c00000,0x00000000d9c00000)
  from space 5120K, 0% used [0x00000000d9c00000,0x00000000d9c00000,0x00000000da100000)
  to   space 13312K, 0% used [0x00000000dea00000,0x00000000dea00000,0x00000000df700000)
 ParOldGen       total 72704K, used 16678K [0x0000000081000000, 0x0000000085700000, 0x00000000d5b00000)
  object space 72704K, 22% used [0x0000000081000000,0x00000000820499f0,0x0000000085700000)
 Metaspace       used 20970K, capacity 22074K, committed 22272K, reserved 1069056K
  class space    used 3095K, capacity 3307K, committed 3328K, reserved 1048576K
Event: 2.880 GC heap after
Heap after GC invocations=7 (full 1):
 PSYoungGen      total 104448K, used 1915K [0x00000000d5b00000, 0x00000000dec00000, 0x0000000100000000)
  eden space 102400K, 0% used [0x00000000d5b00000,0x00000000d5b00000,0x00000000dbf00000)
  from space 2048K, 93% used [0x00000000dea00000,0x00000000debdef00,0x00000000dec00000)
  to   space 13824K, 0% used [0x00000000dd100000,0x00000000dd100000,0x00000000dde80000)
 ParOldGen       total 72704K, used 16686K [0x0000000081000000, 0x0000000085700000, 0x00000000d5b00000)
  object space 72704K, 22% used [0x0000000081000000,0x000000008204b9f0,0x0000000085700000)
 Metaspace       used 20970K, capacity 22074K, committed 22272K, reserved 1069056K
  class space    used 3095K, capacity 3307K, committed 3328K, reserved 1048576K
}
Event: 4.147 GC heap before
{Heap before GC invocations=8 (full 1):
 PSYoungGen      total 104448K, used 104315K [0x00000000d5b00000, 0x00000000dec00000, 0x0000000100000000)
  eden space 102400K, 100% used [0x00000000d5b00000,0x00000000dbf00000,0x00000000dbf00000)
  from space 2048K, 93% used [0x00000000dea00000,0x00000000debdef00,0x00000000dec00000)
  to   space 13824K, 0% used [0x00000000dd100000,0x00000000dd100000,0x00000000dde80000)
 ParOldGen       total 72704K, used 16686K [0x0000000081000000, 0x0000000085700000, 0x00000000d5b00000)
  object space 72704K, 22% used [0x0000000081000000,0x000000008204b9f0,0x0000000085700000)
 Metaspace       used 24308K, capacity 25988K, committed 26240K, reserved 1071104K
  class space    used 3670K, capacity 3950K, committed 3968K, reserved 1048576K
Event: 4.163 GC heap after
Heap after GC invocations=8 (full 1):
 PSYoungGen      total 134656K, used 10366K [0x00000000d5b00000, 0x00000000e0f00000, 0x0000000100000000)
  eden space 120832K, 0% used [0x00000000d5b00000,0x00000000d5b00000,0x00000000dd100000)
  from space 13824K, 74% used [0x00000000dd100000,0x00000000ddb1fa80,0x00000000dde80000)
  to   space 14848K, 0% used [0x00000000e0080000,0x00000000e0080000,0x00000000e0f00000)
 ParOldGen       total 72704K, used 16694K [0x0000000081000000, 0x0000000085700000, 0x00000000d5b00000)
  object space 72704K, 22% used [0x0000000081000000,0x000000008204d9f0,0x0000000085700000)
 Metaspace       used 24308K, capacity 25988K, committed 26240K, reserved 1071104K
  class space    used 3670K, capacity 3950K, committed 3968K, reserved 1048576K
}

Deoptimization events (10 events):
Event: 4.680 Thread 0x000000001ba30800 Uncommon trap: reason=unstable_if action=reinterpret pc=0x0000000005a0d384 method=java.lang.Class.arrayContentsEq([Ljava/lang/Object;[Ljava/lang/Object;)Z @ 1
Event: 4.732 Thread 0x000000001ba30800 Uncommon trap: reason=unstable_if action=reinterpret pc=0x00000000059f5918 method=java.lang.Class.arrayContentsEq([Ljava/lang/Object;[Ljava/lang/Object;)Z @ 1
Event: 4.864 Thread 0x000000001ba30800 Uncommon trap: reason=bimorphic action=maybe_recompile pc=0x0000000005d20020 method=java.util.WeakHashMap.eq(Ljava/lang/Object;Ljava/lang/Object;)Z @ 7
Event: 4.866 Thread 0x000000001ba30800 Uncommon trap: reason=bimorphic action=maybe_recompile pc=0x0000000005d20020 method=java.util.WeakHashMap.eq(Ljava/lang/Object;Ljava/lang/Object;)Z @ 7
Event: 4.867 Thread 0x000000001ba30800 Uncommon trap: reason=bimorphic action=maybe_recompile pc=0x0000000005d20020 method=java.util.WeakHashMap.eq(Ljava/lang/Object;Ljava/lang/Object;)Z @ 7
Event: 4.868 Thread 0x000000001ba30800 Uncommon trap: reason=bimorphic action=maybe_recompile pc=0x0000000005d20020 method=java.util.WeakHashMap.eq(Ljava/lang/Object;Ljava/lang/Object;)Z @ 7
Event: 4.993 Thread 0x000000001ba4b800 Uncommon trap: reason=unstable_if action=reinterpret pc=0x0000000005d8ff54 method=javafx.scene.CssStyleHelper.canReuseStyleHelper(Ljavafx/scene/Node;Lcom/sun/javafx/css/StyleMap;)Z @ 57
Event: 5.040 Thread 0x000000001ba4b800 Uncommon trap: reason=unstable_if action=reinterpret pc=0x0000000005990944 method=java.util.EnumMap.isValidKey(Ljava/lang/Object;)Z @ 16
Event: 5.042 Thread 0x000000001ba4b800 Uncommon trap: reason=unstable_if action=reinterpret pc=0x000000000599225c method=java.util.EnumMap.isValidKey(Ljava/lang/Object;)Z @ 16
Event: 5.084 Thread 0x000000001ba4b800 Uncommon trap: reason=unstable_if action=reinterpret pc=0x000000000583c6e8 method=jdk.internal.org.objectweb.asm.Type.getArgumentsAndReturnSizes(Ljava/lang/String;)I @ 47

Internal exceptions (10 events):
Event: 0.864 Thread 0x000000001ba4b800 Exception <a 'java/lang/ArrayIndexOutOfBoundsException': 58> (0x00000000d612f648) thrown at [C:\re\workspace\8-2-build-windows-amd64-cygwin\jdk8u151\9699\hotspot\src\share\vm\interpreter\interpreterRuntime.cpp, line 366]
Event: 1.165 Thread 0x000000001ba4b800 Exception <a 'java/io/FileNotFoundException'> (0x00000000d7461e80) thrown at [C:\re\workspace\8-2-build-windows-amd64-cygwin\jdk8u151\9699\hotspot\src\share\vm\prims\jni.cpp, line 709]
Event: 1.342 Thread 0x000000001ba4b800 Exception <a 'java/lang/NoClassDefFoundError': org/slf4j/impl/StaticLoggerBinder> (0x00000000d795ee60) thrown at [C:\re\workspace\8-2-build-windows-amd64-cygwin\jdk8u151\9699\hotspot\src\share\vm\classfile\systemDictionary.cpp, line 199]
Event: 2.273 Thread 0x000000001ba4b800 Implicit null exception at 0x00000000054e6b35 to 0x00000000054e6d4d
Event: 2.273 Thread 0x000000001ba4b800 Implicit null exception at 0x0000000005553f58 to 0x0000000005553fe6
Event: 3.909 Thread 0x000000001ba4b800 Implicit null exception at 0x0000000005c7072e to 0x0000000005c72d49
Event: 4.167 Thread 0x000000001ba4b800 Implicit null exception at 0x0000000005cb60d5 to 0x0000000005cb9119
Event: 4.680 Thread 0x000000001ba30800 Implicit null exception at 0x0000000005a0a194 to 0x0000000005a0d315
Event: 4.732 Thread 0x000000001ba30800 Implicit null exception at 0x00000000059f2464 to 0x00000000059f58a5
Event: 6.130 Thread 0x0000000027c07000 Exception <a 'java/lang/IllegalStateException'> (0x00000000d76999c0) thrown at [C:\re\workspace\8-2-build-windows-amd64-cygwin\jdk8u151\9699\hotspot\src\share\vm\prims\jvm.cpp, line 1394]

Events (10 events):
Event: 6.127 loading class java/util/IdentityHashMap$KeyIterator done
Event: 6.127 Thread 0x0000000027c07000 Thread added: 0x0000000027c07000
Event: 6.127 Thread 0x00000000218c2000 Thread added: 0x00000000218c2000
Event: 6.128 Thread 0x00000000218c2000 Thread exited: 0x00000000218c2000
Event: 6.129 loading class com/sun/javafx/tk/quantum/QuantumRenderer
Event: 6.129 loading class com/sun/javafx/tk/quantum/QuantumRenderer done
Event: 6.130 loading class com/sun/javafx/tk/quantum/QuantumToolkit
Event: 6.130 loading class com/sun/javafx/tk/quantum/QuantumToolkit done
Event: 6.131 Thread 0x0000000019d41000 Thread exited: 0x0000000019d41000
Event: 6.131 Executing VM operation: Exit


Dynamic libraries:
0x00007ff71cf40000 - 0x00007ff71cf77000 	C:\Program Files\Java\jre1.8.0_151\bin\javaw.exe
0x00007ff872f70000 - 0x00007ff873150000 	C:\WINDOWS\SYSTEM32\ntdll.dll
0x00007ff8706d0000 - 0x00007ff87077e000 	C:\WINDOWS\System32\KERNEL32.DLL
0x00007ff86f4e0000 - 0x00007ff86f746000 	C:\WINDOWS\System32\KERNELBASE.dll
0x00007ff872ad0000 - 0x00007ff872b71000 	C:\WINDOWS\System32\ADVAPI32.dll
0x00007ff872e50000 - 0x00007ff872eed000 	C:\WINDOWS\System32\msvcrt.dll
0x00007ff870810000 - 0x00007ff87086b000 	C:\WINDOWS\System32\sechost.dll
0x00007ff870e60000 - 0x00007ff870f7f000 	C:\WINDOWS\System32\RPCRT4.dll
0x00007ff8710d0000 - 0x00007ff87125f000 	C:\WINDOWS\System32\USER32.dll
0x00007ff86f3c0000 - 0x00007ff86f3e0000 	C:\WINDOWS\System32\win32u.dll
0x00007ff8712d0000 - 0x00007ff8712f8000 	C:\WINDOWS\System32\GDI32.dll
0x00007ff86f8e0000 - 0x00007ff86fa73000 	C:\WINDOWS\System32\gdi32full.dll
0x00007ff8703a0000 - 0x00007ff87043b000 	C:\WINDOWS\System32\msvcp_win.dll
0x00007ff86f3e0000 - 0x00007ff86f4d6000 	C:\WINDOWS\System32\ucrtbase.dll
0x00007ff8685a0000 - 0x00007ff868809000 	C:\WINDOWS\WinSxS\amd64_microsoft.windows.common-controls_6595b64144ccf1df_6.0.16299.192_none_15c8cdae9364c23b\COMCTL32.dll
0x00007ff871300000 - 0x00007ff871608000 	C:\WINDOWS\System32\combase.dll
0x00007ff86f800000 - 0x00007ff86f872000 	C:\WINDOWS\System32\bcryptPrimitives.dll
0x00007ff872f00000 - 0x00007ff872f2d000 	C:\WINDOWS\System32\IMM32.DLL
0x0000000067140000 - 0x0000000067212000 	C:\Program Files\Java\jre1.8.0_151\bin\msvcr100.dll
0x00000000678b0000 - 0x000000006814d000 	C:\Program Files\Java\jre1.8.0_151\bin\server\jvm.dll
0x00007ff872f30000 - 0x00007ff872f38000 	C:\WINDOWS\System32\PSAPI.DLL
0x00007ff867670000 - 0x00007ff86767a000 	C:\WINDOWS\SYSTEM32\VERSION.dll
0x00007ff868fb0000 - 0x00007ff868fd3000 	C:\WINDOWS\SYSTEM32\WINMM.dll
0x00007ff864f90000 - 0x00007ff864f99000 	C:\WINDOWS\SYSTEM32\WSOCK32.dll
0x00007ff871260000 - 0x00007ff8712cc000 	C:\WINDOWS\System32\WS2_32.dll
0x00007ff868f80000 - 0x00007ff868faa000 	C:\WINDOWS\SYSTEM32\winmmbase.dll
0x00007ff86f370000 - 0x00007ff86f3ba000 	C:\WINDOWS\System32\cfgmgr32.dll
0x00000000678a0000 - 0x00000000678af000 	C:\Program Files\Java\jre1.8.0_151\bin\verify.dll
0x0000000067870000 - 0x0000000067899000 	C:\Program Files\Java\jre1.8.0_151\bin\java.dll
0x0000000067850000 - 0x0000000067866000 	C:\Program Files\Java\jre1.8.0_151\bin\zip.dll
0x00007ff871630000 - 0x00007ff872a66000 	C:\WINDOWS\System32\SHELL32.dll
0x00007ff870440000 - 0x00007ff8704e6000 	C:\WINDOWS\System32\shcore.dll
0x00007ff86fc50000 - 0x00007ff870397000 	C:\WINDOWS\System32\windows.storage.dll
0x00007ff872a70000 - 0x00007ff872ac1000 	C:\WINDOWS\System32\shlwapi.dll
0x00007ff86f300000 - 0x00007ff86f311000 	C:\WINDOWS\System32\kernel.appcore.dll
0x00007ff86f320000 - 0x00007ff86f36c000 	C:\WINDOWS\System32\powrprof.dll
0x00007ff86f2e0000 - 0x00007ff86f2fb000 	C:\WINDOWS\System32\profapi.dll
0x000000001bcb0000 - 0x000000001bcb3000 	C:\Program Files\Java\jre1.8.0_151\bin\api-ms-win-core-console-l1-1-0.dll
0x000000001bcc0000 - 0x000000001bcc3000 	C:\Program Files\Java\jre1.8.0_151\bin\api-ms-win-core-datetime-l1-1-0.dll
0x000000001bcd0000 - 0x000000001bcd3000 	C:\Program Files\Java\jre1.8.0_151\bin\api-ms-win-core-debug-l1-1-0.dll
0x000000001bce0000 - 0x000000001bce3000 	C:\Program Files\Java\jre1.8.0_151\bin\api-ms-win-core-errorhandling-l1-1-0.dll
0x000000001bcf0000 - 0x000000001bcf4000 	C:\Program Files\Java\jre1.8.0_151\bin\api-ms-win-core-file-l1-1-0.dll
0x000000001bd00000 - 0x000000001bd03000 	C:\Program Files\Java\jre1.8.0_151\bin\api-ms-win-core-file-l1-2-0.dll
0x000000001bd10000 - 0x000000001bd13000 	C:\Program Files\Java\jre1.8.0_151\bin\api-ms-win-core-file-l2-1-0.dll
0x000000001bd20000 - 0x000000001bd23000 	C:\Program Files\Java\jre1.8.0_151\bin\api-ms-win-core-handle-l1-1-0.dll
0x000000001bd30000 - 0x000000001bd33000 	C:\Program Files\Java\jre1.8.0_151\bin\api-ms-win-core-heap-l1-1-0.dll
0x000000001bd40000 - 0x000000001bd43000 	C:\Program Files\Java\jre1.8.0_151\bin\api-ms-win-core-interlocked-l1-1-0.dll
0x000000001bd50000 - 0x000000001bd53000 	C:\Program Files\Java\jre1.8.0_151\bin\api-ms-win-core-libraryloader-l1-1-0.dll
0x000000001bd60000 - 0x000000001bd63000 	C:\Program Files\Java\jre1.8.0_151\bin\api-ms-win-core-localization-l1-2-0.dll
0x000000001bd70000 - 0x000000001bd73000 	C:\Program Files\Java\jre1.8.0_151\bin\api-ms-win-core-memory-l1-1-0.dll
0x000000001bd80000 - 0x000000001bd83000 	C:\Program Files\Java\jre1.8.0_151\bin\api-ms-win-core-namedpipe-l1-1-0.dll
0x000000001bd90000 - 0x000000001bd93000 	C:\Program Files\Java\jre1.8.0_151\bin\api-ms-win-core-processenvironment-l1-1-0.dll
0x000000001bda0000 - 0x000000001bda3000 	C:\Program Files\Java\jre1.8.0_151\bin\api-ms-win-core-processthreads-l1-1-0.dll
0x000000001bdb0000 - 0x000000001bdb3000 	C:\Program Files\Java\jre1.8.0_151\bin\api-ms-win-core-processthreads-l1-1-1.dll
0x000000001bdc0000 - 0x000000001bdc3000 	C:\Program Files\Java\jre1.8.0_151\bin\api-ms-win-core-profile-l1-1-0.dll
0x000000001bdd0000 - 0x000000001bdd3000 	C:\Program Files\Java\jre1.8.0_151\bin\api-ms-win-core-rtlsupport-l1-1-0.dll
0x000000001bde0000 - 0x000000001bde3000 	C:\Program Files\Java\jre1.8.0_151\bin\api-ms-win-core-string-l1-1-0.dll
0x000000001bdf0000 - 0x000000001bdf3000 	C:\Program Files\Java\jre1.8.0_151\bin\api-ms-win-core-synch-l1-1-0.dll
0x000000001be00000 - 0x000000001be03000 	C:\Program Files\Java\jre1.8.0_151\bin\api-ms-win-core-synch-l1-2-0.dll
0x000000001be10000 - 0x000000001be13000 	C:\Program Files\Java\jre1.8.0_151\bin\api-ms-win-core-sysinfo-l1-1-0.dll
0x000000001be20000 - 0x000000001be23000 	C:\Program Files\Java\jre1.8.0_151\bin\api-ms-win-core-timezone-l1-1-0.dll
0x000000001be30000 - 0x000000001be33000 	C:\Program Files\Java\jre1.8.0_151\bin\api-ms-win-core-util-l1-1-0.dll
0x000000001be40000 - 0x000000001be43000 	C:\Program Files\Java\jre1.8.0_151\bin\api-ms-win-crt-conio-l1-1-0.dll
0x000000001be50000 - 0x000000001be54000 	C:\Program Files\Java\jre1.8.0_151\bin\api-ms-win-crt-convert-l1-1-0.dll
0x000000001be60000 - 0x000000001be63000 	C:\Program Files\Java\jre1.8.0_151\bin\api-ms-win-crt-environment-l1-1-0.dll
0x000000001be70000 - 0x000000001be73000 	C:\Program Files\Java\jre1.8.0_151\bin\api-ms-win-crt-filesystem-l1-1-0.dll
0x000000001be80000 - 0x000000001be83000 	C:\Program Files\Java\jre1.8.0_151\bin\api-ms-win-crt-heap-l1-1-0.dll
0x000000001be90000 - 0x000000001be93000 	C:\Program Files\Java\jre1.8.0_151\bin\api-ms-win-crt-locale-l1-1-0.dll
0x000000001bea0000 - 0x000000001bea5000 	C:\Program Files\Java\jre1.8.0_151\bin\api-ms-win-crt-math-l1-1-0.dll
0x000000001beb0000 - 0x000000001beb5000 	C:\Program Files\Java\jre1.8.0_151\bin\api-ms-win-crt-multibyte-l1-1-0.dll
0x000000001bec0000 - 0x000000001bed0000 	C:\Program Files\Java\jre1.8.0_151\bin\api-ms-win-crt-private-l1-1-0.dll
0x000000001bed0000 - 0x000000001bed3000 	C:\Program Files\Java\jre1.8.0_151\bin\api-ms-win-crt-process-l1-1-0.dll
0x000000001bee0000 - 0x000000001bee4000 	C:\Program Files\Java\jre1.8.0_151\bin\api-ms-win-crt-runtime-l1-1-0.dll
0x000000001bef0000 - 0x000000001bef4000 	C:\Program Files\Java\jre1.8.0_151\bin\api-ms-win-crt-stdio-l1-1-0.dll
0x000000001bf00000 - 0x000000001bf04000 	C:\Program Files\Java\jre1.8.0_151\bin\api-ms-win-crt-string-l1-1-0.dll
0x000000001bf10000 - 0x000000001bf13000 	C:\Program Files\Java\jre1.8.0_151\bin\api-ms-win-crt-time-l1-1-0.dll
0x000000001bf20000 - 0x000000001bf23000 	C:\Program Files\Java\jre1.8.0_151\bin\api-ms-win-crt-utility-l1-1-0.dll
0x00007ff862de0000 - 0x00007ff862ed6000 	C:\Program Files\Java\jre1.8.0_151\bin\ucrtbase.dll
0x00007ff85c030000 - 0x00007ff85c081000 	C:\Program Files\Java\jre1.8.0_151\bin\concrt140.dll
0x00007ff865510000 - 0x00007ff865526000 	C:\Program Files\Java\jre1.8.0_151\bin\VCRUNTIME140.dll
0x00007ff859680000 - 0x00007ff85971c000 	C:\Program Files\Java\jre1.8.0_151\bin\MSVCP140.dll
0x00000000667f0000 - 0x0000000066813000 	C:\Program Files\Java\jre1.8.0_151\bin\prism_d3d.dll
0x00007ff848dc0000 - 0x00007ff848f55000 	C:\WINDOWS\system32\d3d9.dll
0x00007ff86de30000 - 0x00007ff86de5a000 	C:\WINDOWS\SYSTEM32\dwmapi.dll
0x00007ff86dd60000 - 0x00007ff86ddf5000 	C:\WINDOWS\system32\uxtheme.dll
0x00007ff8704f0000 - 0x00007ff8705b5000 	C:\WINDOWS\System32\OLEAUT32.dll
0x00007ff870f80000 - 0x00007ff8710c9000 	C:\WINDOWS\System32\ole32.dll
0x00000000667a0000 - 0x00000000667e9000 	C:\Program Files\Java\jre1.8.0_151\bin\glass.dll
0x00007ff8705c0000 - 0x00007ff8706ca000 	C:\WINDOWS\System32\COMDLG32.dll
0x00007ff872b80000 - 0x00007ff872ce7000 	C:\WINDOWS\System32\MSCTF.dll
0x0000000066780000 - 0x0000000066794000 	C:\Program Files\Java\jre1.8.0_151\bin\javafx_font.dll
0x00007ff84e800000 - 0x00007ff84eb0f000 	C:\WINDOWS\SYSTEM32\dwrite.dll
0x00000000677e0000 - 0x0000000067804000 	C:\Program Files\Java\jre1.8.0_151\bin\sunec.dll
0x0000000067830000 - 0x000000006784a000 	C:\Program Files\Java\jre1.8.0_151\bin\net.dll
0x00007ff86eaf0000 - 0x00007ff86eb56000 	C:\WINDOWS\system32\mswsock.dll
0x00007ff86e880000 - 0x00007ff86e8b9000 	C:\WINDOWS\SYSTEM32\IPHLPAPI.DLL
0x00007ff872ef0000 - 0x00007ff872ef8000 	C:\WINDOWS\System32\NSI.dll
0x00007ff869370000 - 0x00007ff869386000 	C:\WINDOWS\SYSTEM32\dhcpcsvc6.DLL
0x00007ff869550000 - 0x00007ff86956a000 	C:\WINDOWS\SYSTEM32\dhcpcsvc.DLL
0x0000000067810000 - 0x0000000067821000 	C:\Program Files\Java\jre1.8.0_151\bin\nio.dll
0x00007ff872db0000 - 0x00007ff872e4e000 	C:\WINDOWS\System32\clbcatq.dll
0x00007ff861340000 - 0x00007ff8614eb000 	C:\WINDOWS\SYSTEM32\WindowsCodecs.dll
0x00007ff85df20000 - 0x00007ff85df6f000 	C:\WINDOWS\system32\dataexchange.dll
0x00007ff86d770000 - 0x00007ff86d8b2000 	C:\WINDOWS\system32\dcomp.dll
0x00007ff86c7c0000 - 0x00007ff86caa1000 	C:\WINDOWS\system32\d3d11.dll
0x00007ff86e0e0000 - 0x00007ff86e18f000 	C:\WINDOWS\system32\dxgi.dll
0x00007ff86da60000 - 0x00007ff86dbdb000 	C:\WINDOWS\system32\twinapi.appcore.dll
0x00007ff86dbe0000 - 0x00007ff86dc00000 	C:\WINDOWS\system32\RMCLIENT.dll
0x00007ff86edc0000 - 0x00007ff86ede5000 	C:\WINDOWS\system32\bcrypt.dll
0x00007ff865040000 - 0x00007ff865074000 	C:\Program Files\Common Files\Microsoft Shared\Ink\rtscom.dll
0x00007ff860310000 - 0x00007ff8603a8000 	C:\WINDOWS\System32\TextInputFramework.dll
0x00007ff860020000 - 0x00007ff86030e000 	C:\WINDOWS\System32\CoreUIComponents.dll
0x00007ff86c6e0000 - 0x00007ff86c7bc000 	C:\WINDOWS\System32\CoreMessaging.dll
0x00007ff86e3d0000 - 0x00007ff86e401000 	C:\WINDOWS\SYSTEM32\ntmarta.dll
0x00007ff86bc80000 - 0x00007ff86bdb6000 	C:\WINDOWS\SYSTEM32\wintypes.dll
0x0000000066750000 - 0x0000000066773000 	C:\Program Files\Java\jre1.8.0_151\bin\javafx_iio.dll
0x0000000066730000 - 0x0000000066742000 	C:\Program Files\Java\jre1.8.0_151\bin\prism_common.dll
0x00007ff868cf0000 - 0x00007ff868eb8000 	C:\WINDOWS\SYSTEM32\dbghelp.dll

VM Arguments:
jvm_args: -Dfile.encoding=UTF-8 
java_command: com.jeeves.vpl.Main
java_class_path (initial): C:\Program Files\Java\jre1.8.0_151\lib\resources.jar;C:\Program Files\Java\jre1.8.0_151\lib\rt.jar;C:\Program Files\Java\jre1.8.0_151\lib\jsse.jar;C:\Program Files\Java\jre1.8.0_151\lib\jce.jar;C:\Program Files\Java\jre1.8.0_151\lib\charsets.jar;C:\Program Files\Java\jre1.8.0_151\lib\jfr.jar;C:\Program Files\Java\jre1.8.0_151\lib\ext\access-bridge-64.jar;C:\Program Files\Java\jre1.8.0_151\lib\ext\cldrdata.jar;C:\Program Files\Java\jre1.8.0_151\lib\ext\dnsns.jar;C:\Program Files\Java\jre1.8.0_151\lib\ext\dns_sd.jar;C:\Program Files\Java\jre1.8.0_151\lib\ext\jaccess.jar;C:\Program Files\Java\jre1.8.0_151\lib\ext\jfxrt.jar;C:\Program Files\Java\jre1.8.0_151\lib\ext\localedata.jar;C:\Program Files\Java\jre1.8.0_151\lib\ext\nashorn.jar;C:\Program Files\Java\jre1.8.0_151\lib\ext\sunec.jar;C:\Program Files\Java\jre1.8.0_151\lib\ext\sunjce_provider.jar;C:\Program Files\Java\jre1.8.0_151\lib\ext\sunmscapi.jar;C:\Program Files\Java\jre1.8.0_151\lib\ext\sunpkcs11.jar;C:\Program Files\Java\jre1.8.0_151\lib\ext\zipfs.jar;C:\Users\Cath\Documents\workspace\Jeeves\target\classes;C:\Users\Cath\Documents\workspace\Jeeves\poi-3.15.jar;C:\Users\Cath\Documents\workspace\Jeeves\commons-lang3-3.5.jar;C:\Users\Cath\Documents\workspace\Jeeves\controlsfx-8.40.12.jar;C:\Users\Cath\.m2\repository\commons-codec\commons-codec\1.9\commons-codec-1.9.jar;C:\Users\Cath\.m2\repository\commons-validator\commons-validator\1.4.1\commons-validator-1.4.1.jar;C:\Users\Cath\.m2\repository\commons-beanutils\commons-beanutils\1.8.3\commons-beanutils-1.8.3.jar;C:\Users\Cath\.m2\repository\commons-digester\commons-digester\1.8.1\commons-digester-1.8.1.jar;C:\Users\Cath\.m2\repository\commons-logging\commons-logging\1.2\commons-logging-1.2.jar;C:\Users\Cath\.m2\repository\commons-collections\commons-collections\3.2.1\commons-collections-3.2.1.jar;C:\Users\Cath\.m2\repository\org\apache\shiro\shiro-core\1.3.2\shiro-core-1.3.2.jar;C:\Users\Cath\.m2\repository\org\slf4j\slf4j-api\1.6.4\
Launcher Type: SUN_STANDARD

Environment Variables:
JAVA_HOME=C:\Program Files\Java\jdk1.8.0_151
PATH=C:/Program Files/Java/jre1.8.0_151/bin/server;C:/Program Files/Java/jre1.8.0_151/bin;C:/Program Files/Java/jre1.8.0_151/lib/amd64;C:\ProgramData\Oracle\Java\javapath;C:\WINDOWS\system32;C:\WINDOWS;C:\WINDOWS\System32\Wbem;C:\WINDOWS\System32\WindowsPowerShell\v1.0\;C:\Program Files\Git\cmd;C:\Program Files\Java\jdk1.8.0_151\bin;C:\Users\Cath\AppData\Local\Microsoft\WindowsApps;C:\MinGW\bin;C:\MinGW\msys\1.0\bin;;C:\Users\Cath\Desktop;
USERNAME=Cath
OS=Windows_NT
PROCESSOR_IDENTIFIER=Intel64 Family 6 Model 69 Stepping 1, GenuineIntel



---------------  S Y S T E M  ---------------

OS: Windows 10.0 , 64 bit Build 16299 (10.0.16299.15)

CPU:total 4 (initial active 4) (2 cores per cpu, 2 threads per core) family 6 model 69 stepping 1, cmov, cx8, fxsr, mmx, sse, sse2, sse3, ssse3, sse4.1, sse4.2, popcnt, avx, avx2, aes, clmul, erms, lzcnt, ht, tsc, tscinvbit, bmi1, bmi2

Memory: 4k page, physical 8317080k(1846964k free), swap 14913676k(4029844k free)

vm_info: Java HotSpot(TM) 64-Bit Server VM (25.151-b12) for windows-amd64 JRE (1.8.0_151-b12), built on Sep  5 2017 19:33:46 by "java_re" with MS VC++ 10.0 (VS2010)

time: Wed Jan 10 15:46:25 2018
elapsed time: 6 seconds (0d 0h 0m 6s)

