#
# A fatal error has been detected by the Java Runtime Environment:
#
#  EXCEPTION_ACCESS_VIOLATION (0xc0000005) at pc=0x000000005ab078b0, pid=15788, tid=0x0000000000001168
#
# JRE version: Java(TM) SE Runtime Environment (8.0_161-b12) (build 1.8.0_161-b12)
# Java VM: Java HotSpot(TM) 64-Bit Server VM (25.161-b12 mixed mode windows-amd64 compressed oops)
# Problematic frame:
# C  [glass.dll+0x278b0]
#
# Failed to write core dump. Minidumps are not enabled by default on client versions of Windows
#
# If you would like to submit a bug report, please visit:
#   http://bugreport.java.com/bugreport/crash.jsp
#

---------------  T H R E A D  ---------------

Current thread (0x00000000172b7000):  VMThread [stack: 0x0000000018340000,0x0000000018440000] [id=4456]

siginfo: ExceptionCode=0xc0000005, reading address 0x0000000000000000

Registers:
RAX=0x0000000000000000, RBX=0x000000001901f130, RCX=0x00000000172b7000, RDX=0x000000005b35dc78
RSP=0x000000001843f4c0, RBP=0x0000000000925018, RSI=0x0000000000924ff0, RDI=0x00000edc1b773b3a
R8 =0x0000000000010002, R9 =0x000000000000003a, R10=0x00000edc1b773b3a, R11=0x000000001843f3d0
R12=0x0000000000000000, R13=0x0000000000000040, R14=0x000000001843f5d8, R15=0x0000000000924ff0
RIP=0x000000005ab078b0, EFLAGS=0x0000000000010206

Top of Stack: (sp=0x000000001843f4c0)
0x000000001843f4c0:   0000000000000000 00007ffd9d49e52b
0x000000001843f4d0:   0000000000925000 0000000000925000
0x000000001843f4e0:   fffffffffffffffe 0000000000925018
0x000000001843f4f0:   0000000000924ff8 00007ffd9d497013
0x000000001843f500:   000000005ab1c1b0 00007ffd00000000
0x000000001843f510:   00007bc09f049ff4 0000000000000000
0x000000001843f520:   fffffffffffffffe 00007ffd9d4972ad
0x000000001843f530:   0000000000000001 000000005aae0000
0x000000001843f540:   00000000008c1638 000000005ab048dc
0x000000001843f550:   000000001843f5c8 00007ffd9d49da67
0x000000001843f560:   0000000000000000 000000001843f5d8
0x000000001843f570:   00000000171c5400 00007ffd9d57b090
0x000000001843f580:   0000000000000000 00007ffd9d497204
0x000000001843f590:   0000000000000000 0000000000000001
0x000000001843f5a0:   000000002125fd80 000000001843f5c8
0x000000001843f5b0:   0000000000000000 000000005ab04752 

Instructions: (pc=0x000000005ab078b0)
0x000000005ab07890:   40 53 48 83 ec 30 48 c7 44 24 20 fe ff ff ff 48
0x000000005ab078a0:   8b 1d 7a 72 01 00 48 85 db 74 16 e8 00 81 ff ff
0x000000005ab078b0:   4c 8b 00 48 8b d3 48 8b c8 41 ff 90 b0 00 00 00
0x000000005ab078c0:   90 48 83 c4 30 5b c3 cc cc cc cc cc cc cc cc cc 


Register to memory mapping:

RAX=0x0000000000000000 is an unknown value
RBX=0x000000001901f130 is a global jni handle
RCX=0x00000000172b7000 is an unknown value
RDX=0x000000005b35dc78 is an unknown value
RSP=0x000000001843f4c0 is an unknown value
RBP=0x0000000000925018 is an unknown value
RSI=0x0000000000924ff0 is an unknown value
RDI=0x00000edc1b773b3a is an unknown value
R8 =0x0000000000010002 is an unknown value
R9 =0x000000000000003a is an unknown value
R10=0x00000edc1b773b3a is an unknown value
R11=0x000000001843f3d0 is an unknown value
R12=0x0000000000000000 is an unknown value
R13=0x0000000000000040 is an unknown value
R14=0x000000001843f5d8 is an unknown value
R15=0x0000000000924ff0 is an unknown value


Stack: [0x0000000018340000,0x0000000018440000],  sp=0x000000001843f4c0,  free space=1021k
Native frames: (J=compiled Java code, j=interpreted, Vv=VM code, C=native code)
C  [glass.dll+0x278b0]
C  [ucrtbase.dll+0x7013]
C  [ucrtbase.dll+0xda67]
C  [ucrtbase.dll+0x7204]
C  [glass.dll+0x24752]
C  [glass.dll+0x24850]
C  [ntdll.dll+0x34143]
C  [ntdll.dll+0x40af5]
C  [ntdll.dll+0x409b8]
C  [KERNEL32.DLL+0x1b19a]
C  [msvcr100.dll+0x20ccd]
V  [jvm.dll+0x212e95]
V  [jvm.dll+0x24c227]
V  [jvm.dll+0x24b4c6]
V  [jvm.dll+0x24b961]
V  [jvm.dll+0x24bb7e]
V  [jvm.dll+0x29cc4a]
C  [msvcr100.dll+0x21d9f]
C  [msvcr100.dll+0x21e3b]
C  [KERNEL32.DLL+0x13034]
C  [ntdll.dll+0x71551]

VM_Operation (0x000000001a15a8a0): Exit, mode: safepoint, requested by thread 0x00000000194ce000


---------------  P R O C E S S  ---------------

Java Threads: ( => current thread )
  0x00000000219d4800 JavaThread "Glass/Prism Shutdown Hook" [_thread_blocked, id=19300, stack(0x000000002a9d0000,0x000000002aad0000)]
  0x0000000021867000 JavaThread "Prism Font Disposer" daemon [_thread_blocked, id=12688, stack(0x0000000023810000,0x0000000023910000)]
  0x0000000019572000 JavaThread "JavaFX-Launcher" [_thread_blocked, id=8868, stack(0x0000000020e80000,0x0000000020f80000)]
  0x0000000019570800 JavaThread "Thread-2" daemon [_thread_in_native, id=13796, stack(0x0000000020d80000,0x0000000020e80000)]
  0x00000000194ce000 JavaThread "JavaFX Application Thread" [_thread_blocked, id=8536, stack(0x000000001a060000,0x000000001a160000)]
  0x000000001903c000 JavaThread "Thread-1" daemon [_thread_blocked, id=6772, stack(0x0000000019f60000,0x000000001a060000)]
  0x00000000194c1000 JavaThread "QuantumRenderer-0" daemon [_thread_blocked, id=2536, stack(0x0000000019cc0000,0x0000000019dc0000)]
  0x0000000018c69000 JavaThread "Service Thread" daemon [_thread_blocked, id=8056, stack(0x0000000019040000,0x0000000019140000)]
  0x0000000017326000 JavaThread "C1 CompilerThread2" daemon [_thread_blocked, id=11352, stack(0x0000000018b40000,0x0000000018c40000)]
  0x00000000172fe000 JavaThread "C2 CompilerThread1" daemon [_thread_blocked, id=16968, stack(0x0000000018a40000,0x0000000018b40000)]
  0x00000000172f5800 JavaThread "C2 CompilerThread0" daemon [_thread_blocked, id=13144, stack(0x0000000018940000,0x0000000018a40000)]
  0x00000000172f4800 JavaThread "Attach Listener" daemon [_thread_blocked, id=2652, stack(0x0000000018840000,0x0000000018940000)]
  0x00000000172f1800 JavaThread "Signal Dispatcher" daemon [_thread_blocked, id=17104, stack(0x0000000018740000,0x0000000018840000)]
  0x00000000172df000 JavaThread "Finalizer" daemon [_thread_blocked, id=2980, stack(0x0000000018540000,0x0000000018640000)]
  0x00000000027c6000 JavaThread "Reference Handler" daemon [_thread_blocked, id=12360, stack(0x0000000018440000,0x0000000018540000)]
  0x00000000026d5800 JavaThread "main" [_thread_blocked, id=11292, stack(0x00000000025d0000,0x00000000026d0000)]

Other Threads:
=>0x00000000172b7000 VMThread [stack: 0x0000000018340000,0x0000000018440000] [id=4456]

VM state:at safepoint (shutting down)

VM Mutex/Monitor currently owned by a thread:  ([mutex/lock_event])
[0x00000000026d24d0] Threads_lock - owner thread: 0x00000000172b7000

Heap:
 PSYoungGen      total 70656K, used 36928K [0x00000000d6000000, 0x00000000daa00000, 0x0000000100000000)
  eden space 65536K, 56% used [0x00000000d6000000,0x00000000d8410180,0x00000000da000000)
  from space 5120K, 0% used [0x00000000da500000,0x00000000da500000,0x00000000daa00000)
  to   space 5120K, 0% used [0x00000000da000000,0x00000000da000000,0x00000000da500000)
 ParOldGen       total 76800K, used 16162K [0x0000000082000000, 0x0000000086b00000, 0x00000000d6000000)
  object space 76800K, 21% used [0x0000000082000000,0x0000000082fc8aa8,0x0000000086b00000)
 Metaspace       used 25106K, capacity 26634K, committed 26800K, reserved 1073152K
  class space    used 3660K, capacity 3937K, committed 4016K, reserved 1048576K

Card table byte_map: [0x0000000011b90000,0x0000000011f90000] byte_map_base: 0x0000000011780000

Marking Bits: (ParMarkBitMap*) 0x000000005b54f860
 Begin Bits: [0x0000000012630000, 0x00000000145b0000)
 End Bits:   [0x00000000145b0000, 0x0000000016530000)

Polling page: 0x00000000008b0000

CodeCache: size=245760Kb used=12068Kb max_used=12079Kb free=233691Kb
 bounds [0x00000000027d0000, 0x00000000033b0000, 0x00000000117d0000]
 total_blobs=4328 nmethods=3601 adapters=638
 compilation: enabled

Compilation events (10 events):
Event: 4.580 Thread 0x0000000017326000 3602       1       javafx.scene.Scene::access$100 (5 bytes)
Event: 4.580 Thread 0x0000000017326000 nmethod 3602 0x000000000339e350 code [0x000000000339e4a0, 0x000000000339e590]
Event: 4.641 Thread 0x0000000017326000 3603       1       javafx.animation.KeyFrame::getTime (5 bytes)
Event: 4.641 Thread 0x0000000017326000 nmethod 3603 0x000000000339e610 code [0x000000000339e760, 0x000000000339e870]
Event: 4.649 Thread 0x0000000017326000 3604       3       java.lang.invoke.MethodHandles$Lookup::restrictReceiver (123 bytes)
Event: 4.650 Thread 0x0000000017326000 nmethod 3604 0x000000000339e8d0 code [0x000000000339ea80, 0x000000000339f1d8]
Event: 4.650 Thread 0x00000000172fe000 3605       4       javafx.scene.Node::getScene (11 bytes)
Event: 4.651 Thread 0x00000000172fe000 nmethod 3605 0x00000000033a2190 code [0x00000000033a22e0, 0x00000000033a23b8]
Event: 4.652 Thread 0x0000000017326000 3606       1       java.util.logging.Logger::getName (5 bytes)
Event: 4.653 Thread 0x0000000017326000 nmethod 3606 0x00000000033a1ed0 code [0x00000000033a2020, 0x00000000033a2130]

GC Heap History (10 events):
Event: 1.014 GC heap before
{Heap before GC invocations=1 (full 0):
 PSYoungGen      total 37888K, used 32768K [0x00000000d6000000, 0x00000000d8a00000, 0x0000000100000000)
  eden space 32768K, 100% used [0x00000000d6000000,0x00000000d8000000,0x00000000d8000000)
  from space 5120K, 0% used [0x00000000d8500000,0x00000000d8500000,0x00000000d8a00000)
  to   space 5120K, 0% used [0x00000000d8000000,0x00000000d8000000,0x00000000d8500000)
 ParOldGen       total 86016K, used 0K [0x0000000082000000, 0x0000000087400000, 0x00000000d6000000)
  object space 86016K, 0% used [0x0000000082000000,0x0000000082000000,0x0000000087400000)
 Metaspace       used 10938K, capacity 11318K, committed 11648K, reserved 1058816K
  class space    used 1451K, capacity 1569K, committed 1664K, reserved 1048576K
Event: 1.018 GC heap after
Heap after GC invocations=1 (full 0):
 PSYoungGen      total 37888K, used 3616K [0x00000000d6000000, 0x00000000d8a00000, 0x0000000100000000)
  eden space 32768K, 0% used [0x00000000d6000000,0x00000000d6000000,0x00000000d8000000)
  from space 5120K, 70% used [0x00000000d8000000,0x00000000d8388040,0x00000000d8500000)
  to   space 5120K, 0% used [0x00000000d8500000,0x00000000d8500000,0x00000000d8a00000)
 ParOldGen       total 86016K, used 80K [0x0000000082000000, 0x0000000087400000, 0x00000000d6000000)
  object space 86016K, 0% used [0x0000000082000000,0x0000000082014010,0x0000000087400000)
 Metaspace       used 10938K, capacity 11318K, committed 11648K, reserved 1058816K
  class space    used 1451K, capacity 1569K, committed 1664K, reserved 1048576K
}
Event: 1.519 GC heap before
{Heap before GC invocations=2 (full 0):
 PSYoungGen      total 37888K, used 36384K [0x00000000d6000000, 0x00000000d8a00000, 0x0000000100000000)
  eden space 32768K, 100% used [0x00000000d6000000,0x00000000d8000000,0x00000000d8000000)
  from space 5120K, 70% used [0x00000000d8000000,0x00000000d8388040,0x00000000d8500000)
  to   space 5120K, 0% used [0x00000000d8500000,0x00000000d8500000,0x00000000d8a00000)
 ParOldGen       total 86016K, used 80K [0x0000000082000000, 0x0000000087400000, 0x00000000d6000000)
  object space 86016K, 0% used [0x0000000082000000,0x0000000082014010,0x0000000087400000)
 Metaspace       used 14662K, capacity 15198K, committed 15232K, reserved 1062912K
  class space    used 2013K, capacity 2161K, committed 2176K, reserved 1048576K
Event: 1.527 GC heap after
Heap after GC invocations=2 (full 0):
 PSYoungGen      total 37888K, used 5097K [0x00000000d6000000, 0x00000000d8a00000, 0x0000000100000000)
  eden space 32768K, 0% used [0x00000000d6000000,0x00000000d6000000,0x00000000d8000000)
  from space 5120K, 99% used [0x00000000d8500000,0x00000000d89fa5a0,0x00000000d8a00000)
  to   space 5120K, 0% used [0x00000000d8000000,0x00000000d8000000,0x00000000d8500000)
 ParOldGen       total 86016K, used 8963K [0x0000000082000000, 0x0000000087400000, 0x00000000d6000000)
  object space 86016K, 10% used [0x0000000082000000,0x00000000828c0e40,0x0000000087400000)
 Metaspace       used 14662K, capacity 15198K, committed 15232K, reserved 1062912K
  class space    used 2013K, capacity 2161K, committed 2176K, reserved 1048576K
}
Event: 2.025 GC heap before
{Heap before GC invocations=3 (full 0):
 PSYoungGen      total 37888K, used 37865K [0x00000000d6000000, 0x00000000d8a00000, 0x0000000100000000)
  eden space 32768K, 100% used [0x00000000d6000000,0x00000000d8000000,0x00000000d8000000)
  from space 5120K, 99% used [0x00000000d8500000,0x00000000d89fa5a0,0x00000000d8a00000)
  to   space 5120K, 0% used [0x00000000d8000000,0x00000000d8000000,0x00000000d8500000)
 ParOldGen       total 86016K, used 8963K [0x0000000082000000, 0x0000000087400000, 0x00000000d6000000)
  object space 86016K, 10% used [0x0000000082000000,0x00000000828c0e40,0x0000000087400000)
 Metaspace       used 18279K, capacity 18890K, committed 19072K, reserved 1064960K
  class space    used 2486K, capacity 2641K, committed 2688K, reserved 1048576K
Event: 2.032 GC heap after
Heap after GC invocations=3 (full 0):
 PSYoungGen      total 37888K, used 5113K [0x00000000d6000000, 0x00000000daa00000, 0x0000000100000000)
  eden space 32768K, 0% used [0x00000000d6000000,0x00000000d6000000,0x00000000d8000000)
  from space 5120K, 99% used [0x00000000d8000000,0x00000000d84fe5b0,0x00000000d8500000)
  to   space 5120K, 0% used [0x00000000da500000,0x00000000da500000,0x00000000daa00000)
 ParOldGen       total 86016K, used 12668K [0x0000000082000000, 0x0000000087400000, 0x00000000d6000000)
  object space 86016K, 14% used [0x0000000082000000,0x0000000082c5f058,0x0000000087400000)
 Metaspace       used 18279K, capacity 18890K, committed 19072K, reserved 1064960K
  class space    used 2486K, capacity 2641K, committed 2688K, reserved 1048576K
}
Event: 2.288 GC heap before
{Heap before GC invocations=4 (full 0):
 PSYoungGen      total 37888K, used 26058K [0x00000000d6000000, 0x00000000daa00000, 0x0000000100000000)
  eden space 32768K, 63% used [0x00000000d6000000,0x00000000d7474290,0x00000000d8000000)
  from space 5120K, 99% used [0x00000000d8000000,0x00000000d84fe5b0,0x00000000d8500000)
  to   space 5120K, 0% used [0x00000000da500000,0x00000000da500000,0x00000000daa00000)
 ParOldGen       total 86016K, used 12668K [0x0000000082000000, 0x0000000087400000, 0x00000000d6000000)
  object space 86016K, 14% used [0x0000000082000000,0x0000000082c5f058,0x0000000087400000)
 Metaspace       used 20407K, capacity 21200K, committed 21296K, reserved 1067008K
  class space    used 2886K, capacity 3076K, committed 3120K, reserved 1048576K
Event: 2.294 GC heap after
Heap after GC invocations=4 (full 0):
 PSYoungGen      total 70656K, used 5113K [0x00000000d6000000, 0x00000000daa00000, 0x0000000100000000)
  eden space 65536K, 0% used [0x00000000d6000000,0x00000000d6000000,0x00000000da000000)
  from space 5120K, 99% used [0x00000000da500000,0x00000000da9fe5a0,0x00000000daa00000)
  to   space 5120K, 0% used [0x00000000da000000,0x00000000da000000,0x00000000da500000)
 ParOldGen       total 86016K, used 13339K [0x0000000082000000, 0x0000000087400000, 0x00000000d6000000)
  object space 86016K, 15% used [0x0000000082000000,0x0000000082d06f10,0x0000000087400000)
 Metaspace       used 20407K, capacity 21200K, committed 21296K, reserved 1067008K
  class space    used 2886K, capacity 3076K, committed 3120K, reserved 1048576K
}
Event: 2.294 GC heap before
{Heap before GC invocations=5 (full 1):
 PSYoungGen      total 70656K, used 5113K [0x00000000d6000000, 0x00000000daa00000, 0x0000000100000000)
  eden space 65536K, 0% used [0x00000000d6000000,0x00000000d6000000,0x00000000da000000)
  from space 5120K, 99% used [0x00000000da500000,0x00000000da9fe5a0,0x00000000daa00000)
  to   space 5120K, 0% used [0x00000000da000000,0x00000000da000000,0x00000000da500000)
 ParOldGen       total 86016K, used 13339K [0x0000000082000000, 0x0000000087400000, 0x00000000d6000000)
  object space 86016K, 15% used [0x0000000082000000,0x0000000082d06f10,0x0000000087400000)
 Metaspace       used 20407K, capacity 21200K, committed 21296K, reserved 1067008K
  class space    used 2886K, capacity 3076K, committed 3120K, reserved 1048576K
Event: 2.332 GC heap after
Heap after GC invocations=5 (full 1):
 PSYoungGen      total 70656K, used 0K [0x00000000d6000000, 0x00000000daa00000, 0x0000000100000000)
  eden space 65536K, 0% used [0x00000000d6000000,0x00000000d6000000,0x00000000da000000)
  from space 5120K, 0% used [0x00000000da500000,0x00000000da500000,0x00000000daa00000)
  to   space 5120K, 0% used [0x00000000da000000,0x00000000da000000,0x00000000da500000)
 ParOldGen       total 76800K, used 16162K [0x0000000082000000, 0x0000000086b00000, 0x00000000d6000000)
  object space 76800K, 21% used [0x0000000082000000,0x0000000082fc8aa8,0x0000000086b00000)
 Metaspace       used 20407K, capacity 21200K, committed 21296K, reserved 1067008K
  class space    used 2886K, capacity 3076K, committed 3120K, reserved 1048576K
}

Deoptimization events (10 events):
Event: 3.017 Thread 0x00000000194c1000 Uncommon trap: reason=bimorphic action=maybe_recompile pc=0x0000000002d506a8 method=java.io.BufferedInputStream.read1([BII)I @ 39
Event: 3.017 Thread 0x00000000194c1000 Uncommon trap: reason=unstable_if action=reinterpret pc=0x0000000002d504d8 method=java.io.BufferedInputStream.read1([BII)I @ 60
Event: 3.049 Thread 0x00000000194c1000 Uncommon trap: reason=unstable_if action=reinterpret pc=0x0000000002e491b0 method=java.lang.Class.arrayContentsEq([Ljava/lang/Object;[Ljava/lang/Object;)Z @ 1
Event: 3.171 Thread 0x00000000194c1000 Uncommon trap: reason=bimorphic action=maybe_recompile pc=0x00000000031afaec method=java.util.WeakHashMap.eq(Ljava/lang/Object;Ljava/lang/Object;)Z @ 7
Event: 3.219 Thread 0x00000000194c1000 Uncommon trap: reason=bimorphic action=maybe_recompile pc=0x00000000031afaec method=java.util.WeakHashMap.eq(Ljava/lang/Object;Ljava/lang/Object;)Z @ 7
Event: 3.235 Thread 0x00000000194c1000 Uncommon trap: reason=bimorphic action=maybe_recompile pc=0x00000000031afaec method=java.util.WeakHashMap.eq(Ljava/lang/Object;Ljava/lang/Object;)Z @ 7
Event: 3.235 Thread 0x00000000194c1000 Uncommon trap: reason=bimorphic action=maybe_recompile pc=0x00000000031afaec method=java.util.WeakHashMap.eq(Ljava/lang/Object;Ljava/lang/Object;)Z @ 7
Event: 3.402 Thread 0x00000000194ce000 Uncommon trap: reason=unstable_if action=reinterpret pc=0x00000000031d9424 method=com.sun.javafx.css.BitSet.retainAll(Ljava/util/Collection;)Z @ 89
Event: 3.404 Thread 0x00000000194ce000 Uncommon trap: reason=unstable_if action=reinterpret pc=0x00000000031cc0b0 method=javafx.scene.CssStyleHelper.getStyle(Ljavafx/css/Styleable;Ljava/lang/String;Lcom/sun/javafx/css/StyleMap;Ljava/util/Set;)Lcom/sun/javafx/css/CascadingStyle; @ 1
Event: 3.479 Thread 0x00000000194ce000 Uncommon trap: reason=unstable_if action=reinterpret pc=0x0000000002e7df28 method=jdk.internal.org.objectweb.asm.Type.getArgumentsAndReturnSizes(Ljava/lang/String;)I @ 47

Classes redefined (0 events):
No events

Internal exceptions (10 events):
Event: 1.339 Thread 0x00000000194ce000 Exception <a 'java/io/FileNotFoundException'> (0x00000000d79968a8) thrown at [C:\re\workspace\8-2-build-windows-amd64-cygwin\jdk8u161\10277\hotspot\src\share\vm\prims\jni.cpp, line 709]
Event: 1.500 Thread 0x00000000194ce000 Exception <a 'java/lang/NoClassDefFoundError': org/slf4j/impl/StaticLoggerBinder> (0x00000000d7e5bd48) thrown at [C:\re\workspace\8-2-build-windows-amd64-cygwin\jdk8u161\10277\hotspot\src\share\vm\classfile\systemDictionary.cpp, line 199]
Event: 2.238 Thread 0x00000000194ce000 Exception <a 'java/lang/NullPointerException'> (0x00000000d7318968) thrown at [C:\re\workspace\8-2-build-windows-amd64-cygwin\jdk8u161\10277\hotspot\src\share\vm\interpreter\linkResolver.cpp, line 1185]
Event: 2.238 Thread 0x00000000194ce000 Exception <a 'java/lang/reflect/InvocationTargetException'> (0x00000000d7318b70) thrown at [C:\re\workspace\8-2-build-windows-amd64-cygwin\jdk8u161\10277\hotspot\src\share\vm\runtime\reflection.cpp, line 1092]
Event: 2.359 Thread 0x00000000194ce000 Implicit null exception at 0x0000000002b140f5 to 0x0000000002b1430d
Event: 2.359 Thread 0x00000000194ce000 Implicit null exception at 0x0000000002d0f1db to 0x0000000002d0f685
Event: 2.752 Thread 0x00000000194ce000 Implicit null exception at 0x00000000030c138e to 0x00000000030c2cbd
Event: 3.048 Thread 0x00000000194c1000 Implicit null exception at 0x0000000002e48e61 to 0x0000000002e4917d
Event: 3.404 Thread 0x00000000194ce000 Implicit null exception at 0x00000000031c937d to 0x00000000031cc099
Event: 4.654 Thread 0x00000000219d4800 Exception <a 'java/lang/IllegalStateException'> (0x00000000d83a91b8) thrown at [C:\re\workspace\8-2-build-windows-amd64-cygwin\jdk8u161\10277\hotspot\src\share\vm\prims\jvm.cpp, line 1394]

Events (10 events):
Event: 4.652 loading class java/util/IdentityHashMap$KeyIterator
Event: 4.652 loading class java/util/IdentityHashMap$KeyIterator done
Event: 4.652 Thread 0x0000000022138800 Thread added: 0x0000000022138800
Event: 4.652 Thread 0x00000000219d4800 Thread added: 0x00000000219d4800
Event: 4.653 Thread 0x0000000022138800 Thread exited: 0x0000000022138800
Event: 4.653 loading class com/sun/javafx/tk/quantum/QuantumRenderer
Event: 4.653 loading class com/sun/javafx/tk/quantum/QuantumRenderer done
Event: 4.654 loading class com/sun/javafx/tk/quantum/QuantumToolkit
Event: 4.654 loading class com/sun/javafx/tk/quantum/QuantumToolkit done
Event: 4.654 Executing VM operation: Exit


Dynamic libraries:
0x00007ff602410000 - 0x00007ff602447000 	C:\Program Files\Java\jdk1.8.0_161\bin\javaw.exe
0x00007ffda02a0000 - 0x00007ffda0481000 	C:\WINDOWS\SYSTEM32\ntdll.dll
0x00007ffd9f8f0000 - 0x00007ffd9f9a2000 	C:\WINDOWS\System32\KERNEL32.DLL
0x00007ffd9c8b0000 - 0x00007ffd9cb23000 	C:\WINDOWS\System32\KERNELBASE.dll
0x00007ffd9fd10000 - 0x00007ffd9fdb1000 	C:\WINDOWS\System32\ADVAPI32.dll
0x00007ffd9ffe0000 - 0x00007ffda007e000 	C:\WINDOWS\System32\msvcrt.dll
0x00007ffd9ec10000 - 0x00007ffd9ec6b000 	C:\WINDOWS\System32\sechost.dll
0x00007ffda0140000 - 0x00007ffda0264000 	C:\WINDOWS\System32\RPCRT4.dll
0x00007ffd9fb80000 - 0x00007ffd9fd10000 	C:\WINDOWS\System32\USER32.dll
0x00007ffd9d390000 - 0x00007ffd9d3b0000 	C:\WINDOWS\System32\win32u.dll
0x00007ffd9fdc0000 - 0x00007ffd9fde8000 	C:\WINDOWS\System32\GDI32.dll
0x00007ffd9d590000 - 0x00007ffd9d722000 	C:\WINDOWS\System32\gdi32full.dll
0x00007ffd9cb30000 - 0x00007ffd9cbcf000 	C:\WINDOWS\System32\msvcp_win.dll
0x00007ffd9d490000 - 0x00007ffd9d58a000 	C:\WINDOWS\System32\ucrtbase.dll
0x00007ffd92800000 - 0x00007ffd92a69000 	C:\WINDOWS\WinSxS\amd64_microsoft.windows.common-controls_6595b64144ccf1df_6.0.17134.48_none_b4b2216a3cb4dd3e\COMCTL32.dll
0x00007ffd9ec70000 - 0x00007ffd9ef93000 	C:\WINDOWS\System32\combase.dll
0x00007ffd9d3b0000 - 0x00007ffd9d42a000 	C:\WINDOWS\System32\bcryptPrimitives.dll
0x00007ffd9f9b0000 - 0x00007ffd9f9dd000 	C:\WINDOWS\System32\IMM32.DLL
0x000000005ab60000 - 0x000000005ac32000 	C:\Program Files\Java\jdk1.8.0_161\jre\bin\msvcr100.dll
0x000000005ad30000 - 0x000000005b5cf000 	C:\Program Files\Java\jdk1.8.0_161\jre\bin\server\jvm.dll
0x00007ffd9efa0000 - 0x00007ffd9efa8000 	C:\WINDOWS\System32\PSAPI.DLL
0x00007ffd8a250000 - 0x00007ffd8a259000 	C:\WINDOWS\SYSTEM32\WSOCK32.dll
0x00007ffd9ff70000 - 0x00007ffd9ffdc000 	C:\WINDOWS\System32\WS2_32.dll
0x00007ffd99620000 - 0x00007ffd99643000 	C:\WINDOWS\SYSTEM32\WINMM.dll
0x00007ffd99cb0000 - 0x00007ffd99cba000 	C:\WINDOWS\SYSTEM32\VERSION.dll
0x00007ffd99590000 - 0x00007ffd995ba000 	C:\WINDOWS\SYSTEM32\WINMMBASE.dll
0x00007ffd9c860000 - 0x00007ffd9c8a9000 	C:\WINDOWS\System32\cfgmgr32.dll
0x000000005ad20000 - 0x000000005ad2f000 	C:\Program Files\Java\jdk1.8.0_161\jre\bin\verify.dll
0x000000005acf0000 - 0x000000005ad19000 	C:\Program Files\Java\jdk1.8.0_161\jre\bin\java.dll
0x000000005acd0000 - 0x000000005ace6000 	C:\Program Files\Java\jdk1.8.0_161\jre\bin\zip.dll
0x00007ffd9d7d0000 - 0x00007ffd9ec10000 	C:\WINDOWS\System32\SHELL32.dll
0x00007ffda0080000 - 0x00007ffda0129000 	C:\WINDOWS\System32\shcore.dll
0x00007ffd9cbd0000 - 0x00007ffd9d2dd000 	C:\WINDOWS\System32\windows.storage.dll
0x00007ffd9efb0000 - 0x00007ffd9f001000 	C:\WINDOWS\System32\shlwapi.dll
0x00007ffd9c610000 - 0x00007ffd9c621000 	C:\WINDOWS\System32\kernel.appcore.dll
0x00007ffd9c650000 - 0x00007ffd9c66f000 	C:\WINDOWS\System32\profapi.dll
0x00007ffd9c5c0000 - 0x00007ffd9c60c000 	C:\WINDOWS\System32\powrprof.dll
0x00007ffd9c5b0000 - 0x00007ffd9c5ba000 	C:\WINDOWS\System32\FLTLIB.DLL
0x0000000019240000 - 0x0000000019243000 	C:\Program Files\Java\jdk1.8.0_161\jre\bin\api-ms-win-core-console-l1-1-0.dll
0x0000000019250000 - 0x0000000019253000 	C:\Program Files\Java\jdk1.8.0_161\jre\bin\api-ms-win-core-datetime-l1-1-0.dll
0x0000000019260000 - 0x0000000019263000 	C:\Program Files\Java\jdk1.8.0_161\jre\bin\api-ms-win-core-debug-l1-1-0.dll
0x0000000019270000 - 0x0000000019273000 	C:\Program Files\Java\jdk1.8.0_161\jre\bin\api-ms-win-core-errorhandling-l1-1-0.dll
0x0000000019280000 - 0x0000000019284000 	C:\Program Files\Java\jdk1.8.0_161\jre\bin\api-ms-win-core-file-l1-1-0.dll
0x0000000019290000 - 0x0000000019293000 	C:\Program Files\Java\jdk1.8.0_161\jre\bin\api-ms-win-core-file-l1-2-0.dll
0x00000000192a0000 - 0x00000000192a3000 	C:\Program Files\Java\jdk1.8.0_161\jre\bin\api-ms-win-core-file-l2-1-0.dll
0x00000000192b0000 - 0x00000000192b3000 	C:\Program Files\Java\jdk1.8.0_161\jre\bin\api-ms-win-core-handle-l1-1-0.dll
0x00000000192c0000 - 0x00000000192c3000 	C:\Program Files\Java\jdk1.8.0_161\jre\bin\api-ms-win-core-heap-l1-1-0.dll
0x00000000192d0000 - 0x00000000192d3000 	C:\Program Files\Java\jdk1.8.0_161\jre\bin\api-ms-win-core-interlocked-l1-1-0.dll
0x00000000192e0000 - 0x00000000192e3000 	C:\Program Files\Java\jdk1.8.0_161\jre\bin\api-ms-win-core-libraryloader-l1-1-0.dll
0x00000000192f0000 - 0x00000000192f3000 	C:\Program Files\Java\jdk1.8.0_161\jre\bin\api-ms-win-core-localization-l1-2-0.dll
0x0000000019300000 - 0x0000000019303000 	C:\Program Files\Java\jdk1.8.0_161\jre\bin\api-ms-win-core-memory-l1-1-0.dll
0x0000000019310000 - 0x0000000019313000 	C:\Program Files\Java\jdk1.8.0_161\jre\bin\api-ms-win-core-namedpipe-l1-1-0.dll
0x0000000019320000 - 0x0000000019323000 	C:\Program Files\Java\jdk1.8.0_161\jre\bin\api-ms-win-core-processenvironment-l1-1-0.dll
0x0000000019330000 - 0x0000000019333000 	C:\Program Files\Java\jdk1.8.0_161\jre\bin\api-ms-win-core-processthreads-l1-1-0.dll
0x0000000019340000 - 0x0000000019343000 	C:\Program Files\Java\jdk1.8.0_161\jre\bin\api-ms-win-core-processthreads-l1-1-1.dll
0x0000000019350000 - 0x0000000019353000 	C:\Program Files\Java\jdk1.8.0_161\jre\bin\api-ms-win-core-profile-l1-1-0.dll
0x0000000019360000 - 0x0000000019363000 	C:\Program Files\Java\jdk1.8.0_161\jre\bin\api-ms-win-core-rtlsupport-l1-1-0.dll
0x0000000019370000 - 0x0000000019373000 	C:\Program Files\Java\jdk1.8.0_161\jre\bin\api-ms-win-core-string-l1-1-0.dll
0x0000000019380000 - 0x0000000019383000 	C:\Program Files\Java\jdk1.8.0_161\jre\bin\api-ms-win-core-synch-l1-1-0.dll
0x0000000019390000 - 0x0000000019393000 	C:\Program Files\Java\jdk1.8.0_161\jre\bin\api-ms-win-core-synch-l1-2-0.dll
0x00000000193a0000 - 0x00000000193a3000 	C:\Program Files\Java\jdk1.8.0_161\jre\bin\api-ms-win-core-sysinfo-l1-1-0.dll
0x00000000193b0000 - 0x00000000193b3000 	C:\Program Files\Java\jdk1.8.0_161\jre\bin\api-ms-win-core-timezone-l1-1-0.dll
0x00000000193c0000 - 0x00000000193c3000 	C:\Program Files\Java\jdk1.8.0_161\jre\bin\api-ms-win-core-util-l1-1-0.dll
0x00000000193d0000 - 0x00000000193d3000 	C:\Program Files\Java\jdk1.8.0_161\jre\bin\api-ms-win-crt-conio-l1-1-0.dll
0x00000000193e0000 - 0x00000000193e4000 	C:\Program Files\Java\jdk1.8.0_161\jre\bin\api-ms-win-crt-convert-l1-1-0.dll
0x00000000193f0000 - 0x00000000193f3000 	C:\Program Files\Java\jdk1.8.0_161\jre\bin\api-ms-win-crt-environment-l1-1-0.dll
0x0000000019400000 - 0x0000000019403000 	C:\Program Files\Java\jdk1.8.0_161\jre\bin\api-ms-win-crt-filesystem-l1-1-0.dll
0x0000000019410000 - 0x0000000019413000 	C:\Program Files\Java\jdk1.8.0_161\jre\bin\api-ms-win-crt-heap-l1-1-0.dll
0x0000000019420000 - 0x0000000019423000 	C:\Program Files\Java\jdk1.8.0_161\jre\bin\api-ms-win-crt-locale-l1-1-0.dll
0x0000000019430000 - 0x0000000019435000 	C:\Program Files\Java\jdk1.8.0_161\jre\bin\api-ms-win-crt-math-l1-1-0.dll
0x0000000019440000 - 0x0000000019445000 	C:\Program Files\Java\jdk1.8.0_161\jre\bin\api-ms-win-crt-multibyte-l1-1-0.dll
0x0000000019450000 - 0x0000000019460000 	C:\Program Files\Java\jdk1.8.0_161\jre\bin\api-ms-win-crt-private-l1-1-0.dll
0x0000000019460000 - 0x0000000019463000 	C:\Program Files\Java\jdk1.8.0_161\jre\bin\api-ms-win-crt-process-l1-1-0.dll
0x0000000019470000 - 0x0000000019474000 	C:\Program Files\Java\jdk1.8.0_161\jre\bin\api-ms-win-crt-runtime-l1-1-0.dll
0x0000000019480000 - 0x0000000019484000 	C:\Program Files\Java\jdk1.8.0_161\jre\bin\api-ms-win-crt-stdio-l1-1-0.dll
0x0000000019490000 - 0x0000000019494000 	C:\Program Files\Java\jdk1.8.0_161\jre\bin\api-ms-win-crt-string-l1-1-0.dll
0x00000000194a0000 - 0x00000000194a3000 	C:\Program Files\Java\jdk1.8.0_161\jre\bin\api-ms-win-crt-time-l1-1-0.dll
0x00000000194b0000 - 0x00000000194b3000 	C:\Program Files\Java\jdk1.8.0_161\jre\bin\api-ms-win-crt-utility-l1-1-0.dll
0x00007ffd6eee0000 - 0x00007ffd6efd6000 	C:\Program Files\Java\jdk1.8.0_161\jre\bin\ucrtbase.dll
0x00007ffd860b0000 - 0x00007ffd86101000 	C:\Program Files\Java\jdk1.8.0_161\jre\bin\concrt140.dll
0x00007ffd99b00000 - 0x00007ffd99b16000 	C:\WINDOWS\SYSTEM32\VCRUNTIME140.dll
0x00007ffd99a50000 - 0x00007ffd99afa000 	C:\WINDOWS\SYSTEM32\MSVCP140.dll
0x00007ffd97e50000 - 0x00007ffd97e66000 	C:\Program Files\Java\jdk1.8.0_161\jre\bin\vcruntime140.dll
0x00007ffd6fec0000 - 0x00007ffd6ff5c000 	C:\Program Files\Java\jdk1.8.0_161\jre\bin\msvcp140.dll
0x000000005ab30000 - 0x000000005ab53000 	C:\Program Files\Java\jdk1.8.0_161\jre\bin\prism_d3d.dll
0x00007ffd463b0000 - 0x00007ffd46547000 	C:\WINDOWS\system32\d3d9.dll
0x00007ffd9a9e0000 - 0x00007ffd9aa09000 	C:\WINDOWS\SYSTEM32\dwmapi.dll
0x00007ffd998d0000 - 0x00007ffd99968000 	C:\WINDOWS\system32\uxtheme.dll
0x00007ffd9f070000 - 0x00007ffd9f1c1000 	C:\WINDOWS\System32\ole32.dll
0x00007ffd9f1d0000 - 0x00007ffd9f292000 	C:\WINDOWS\System32\OLEAUT32.dll
0x000000005aae0000 - 0x000000005ab29000 	C:\Program Files\Java\jdk1.8.0_161\jre\bin\glass.dll
0x00007ffd9fe70000 - 0x00007ffd9ff5d000 	C:\WINDOWS\System32\COMDLG32.dll
0x00007ffd9f9e0000 - 0x00007ffd9fb55000 	C:\WINDOWS\System32\MSCTF.dll
0x000000005aac0000 - 0x000000005aad4000 	C:\Program Files\Java\jdk1.8.0_161\jre\bin\javafx_font.dll
0x00007ffd8b010000 - 0x00007ffd8b32c000 	C:\WINDOWS\SYSTEM32\dwrite.dll
0x000000005ac60000 - 0x000000005ac84000 	C:\Program Files\Java\jdk1.8.0_161\jre\bin\sunec.dll
0x000000005acb0000 - 0x000000005acca000 	C:\Program Files\Java\jdk1.8.0_161\jre\bin\net.dll
0x00007ffd9bad0000 - 0x00007ffd9bb36000 	C:\WINDOWS\system32\mswsock.dll
0x00007ffd9b850000 - 0x00007ffd9b888000 	C:\WINDOWS\SYSTEM32\IPHLPAPI.DLL
0x00007ffda0130000 - 0x00007ffda0138000 	C:\WINDOWS\System32\NSI.dll
0x00007ffd94fc0000 - 0x00007ffd94fd6000 	C:\WINDOWS\SYSTEM32\dhcpcsvc6.DLL
0x00007ffd959b0000 - 0x00007ffd959ca000 	C:\WINDOWS\SYSTEM32\dhcpcsvc.DLL
0x000000005ac90000 - 0x000000005aca1000 	C:\Program Files\Java\jdk1.8.0_161\jre\bin\nio.dll
0x00007ffd9d730000 - 0x00007ffd9d7d0000 	C:\WINDOWS\System32\clbcatq.dll
0x00007ffd964f0000 - 0x00007ffd9669e000 	C:\WINDOWS\SYSTEM32\WindowsCodecs.dll
0x00007ffd614f0000 - 0x00007ffd61548000 	C:\WINDOWS\system32\dataexchange.dll
0x00007ffd98d40000 - 0x00007ffd98edc000 	C:\WINDOWS\system32\dcomp.dll
0x00007ffd98460000 - 0x00007ffd9876b000 	C:\WINDOWS\system32\d3d11.dll
0x00007ffd9afe0000 - 0x00007ffd9b09b000 	C:\WINDOWS\system32\dxgi.dll
0x00007ffd9a820000 - 0x00007ffd9a9d8000 	C:\WINDOWS\system32\twinapi.appcore.dll
0x00007ffd9a770000 - 0x00007ffd9a791000 	C:\WINDOWS\system32\RMCLIENT.dll
0x00007ffd8cf80000 - 0x00007ffd8cfb4000 	C:\Program Files\Common Files\Microsoft Shared\Ink\rtscom.dll
0x000000005aa90000 - 0x000000005aab3000 	C:\Program Files\Java\jdk1.8.0_161\jre\bin\javafx_iio.dll
0x000000005aa70000 - 0x000000005aa82000 	C:\Program Files\Java\jdk1.8.0_161\jre\bin\prism_common.dll
0x00007ffd8ca60000 - 0x00007ffd8caf8000 	C:\WINDOWS\System32\TextInputFramework.dll
0x00007ffd95ef0000 - 0x00007ffd9620e000 	C:\WINDOWS\System32\CoreUIComponents.dll
0x00007ffd97720000 - 0x00007ffd9786d000 	C:\WINDOWS\SYSTEM32\wintypes.dll
0x00007ffd99220000 - 0x00007ffd992fa000 	C:\WINDOWS\System32\CoreMessaging.dll
0x00007ffd9b370000 - 0x00007ffd9b3a1000 	C:\WINDOWS\SYSTEM32\ntmarta.dll
0x00007ffd9c100000 - 0x00007ffd9c2c9000 	C:\WINDOWS\SYSTEM32\dbghelp.dll

VM Arguments:
jvm_args: -Dfile.encoding=UTF-8 
java_command: com.jeeves.vpl.Main
java_class_path (initial): C:\Program Files\Java\jdk1.8.0_161\jre\lib\resources.jar;C:\Program Files\Java\jdk1.8.0_161\jre\lib\rt.jar;C:\Program Files\Java\jdk1.8.0_161\jre\lib\jsse.jar;C:\Program Files\Java\jdk1.8.0_161\jre\lib\jce.jar;C:\Program Files\Java\jdk1.8.0_161\jre\lib\charsets.jar;C:\Program Files\Java\jdk1.8.0_161\jre\lib\jfr.jar;C:\Program Files\Java\jdk1.8.0_161\jre\lib\ext\access-bridge-64.jar;C:\Program Files\Java\jdk1.8.0_161\jre\lib\ext\cldrdata.jar;C:\Program Files\Java\jdk1.8.0_161\jre\lib\ext\dnsns.jar;C:\Program Files\Java\jdk1.8.0_161\jre\lib\ext\jaccess.jar;C:\Program Files\Java\jdk1.8.0_161\jre\lib\ext\jfxrt.jar;C:\Program Files\Java\jdk1.8.0_161\jre\lib\ext\localedata.jar;C:\Program Files\Java\jdk1.8.0_161\jre\lib\ext\nashorn.jar;C:\Program Files\Java\jdk1.8.0_161\jre\lib\ext\sunec.jar;C:\Program Files\Java\jdk1.8.0_161\jre\lib\ext\sunjce_provider.jar;C:\Program Files\Java\jdk1.8.0_161\jre\lib\ext\sunmscapi.jar;C:\Program Files\Java\jdk1.8.0_161\jre\lib\ext\sunpkcs11.jar;C:\Program Files\Java\jdk1.8.0_161\jre\lib\ext\zipfs.jar;C:\Users\danie\eclipse-workspace\Jeeves\target\classes;C:\Users\danie\eclipse-workspace\Jeeves\poi-3.15.jar;C:\Users\danie\eclipse-workspace\Jeeves\commons-lang3-3.5.jar;C:\Users\danie\eclipse-workspace\Jeeves\controlsfx-8.40.12.jar;C:\Users\danie\.m2\repository\commons-codec\commons-codec\1.9\commons-codec-1.9.jar;C:\Users\danie\.m2\repository\commons-validator\commons-validator\1.4.1\commons-validator-1.4.1.jar;C:\Users\danie\.m2\repository\commons-beanutils\commons-beanutils\1.8.3\commons-beanutils-1.8.3.jar;C:\Users\danie\.m2\repository\commons-digester\commons-digester\1.8.1\commons-digester-1.8.1.jar;C:\Users\danie\.m2\repository\commons-logging\commons-logging\1.2\commons-logging-1.2.jar;C:\Users\danie\.m2\repository\commons-collections\commons-collections\3.2.1\commons-collections-3.2.1.jar;C:\Users\danie\.m2\repository\org\apache\shiro\shiro-core\1.3.2\shiro-core-1.3.2.jar;C:\Users\danie\.m2\repository\org\
Launcher Type: SUN_STANDARD

Environment Variables:
JAVA_HOME=c:\program files\java\jdk1.8.0_161
PATH=C:/Program Files/Java/jdk1.8.0_161/bin/../jre/bin/server;C:/Program Files/Java/jdk1.8.0_161/bin/../jre/bin;C:/Program Files/Java/jdk1.8.0_161/bin/../jre/lib/amd64;C:\Program Files (x86)\Common Files\Oracle\Java\javapath;C:\ProgramData\Oracle\Java\javapath;C:\Program Files (x86)\Intel\Intel(R) Management Engine Components\iCLS\;C:\Program Files\Intel\Intel(R) Management Engine Components\iCLS\;C:\Windows\system32;C:\Windows;C:\Windows\System32\Wbem;C:\Windows\System32\WindowsPowerShell\v1.0\;C:\Program Files (x86)\Intel\Intel(R) Management Engine Components\DAL;C:\Program Files\Intel\Intel(R) Management Engine Components\DAL;C:\Program Files (x86)\Intel\Intel(R) Management Engine Components\IPT;C:\Program Files\Intel\Intel(R) Management Engine Components\IPT;C:\Program Files\Intel\WiFi\bin\;C:\Program Files\Common Files\Intel\WirelessCommon\;C:\Program Files (x86)\NVIDIA Corporation\PhysX\Common;C:\Python27;C:\Python27\Scripts;C:\Program Files\Git\cmd;C:\Program Files\Git\mingw64\bin;C:\Program Files\Git\usr\bin;C:\WINDOWS\system32;C:\WINDOWS;C:\WINDOWS\System32\Wbem;C:\WINDOWS\System32\WindowsPowerShell\v1.0\;C:\WINDOWS\System32\OpenSSH\;c:\jruby-9.1.8.0\bin;C:\Ruby24-x64\bin;C:\Users\danie\AppData\Local\Microsoft\WindowsApps;C:\Program Files\Heroku\bin;;C:\Users\danie\OneDrive\Desktop;
USERNAME=danie
OS=Windows_NT
PROCESSOR_IDENTIFIER=Intel64 Family 6 Model 158 Stepping 9, GenuineIntel



---------------  S Y S T E M  ---------------

OS: Windows 10.0 , 64 bit Build 17134 (10.0.17134.1)

CPU:total 4 (initial active 4) (4 cores per cpu, 1 threads per core) family 6 model 158 stepping 9, cmov, cx8, fxsr, mmx, sse, sse2, sse3, ssse3, sse4.1, sse4.2, popcnt, avx, avx2, aes, clmul, erms, 3dnowpref, lzcnt, tsc, tscinvbit, bmi1, bmi2, adx

Memory: 4k page, physical 8250724k(2050696k free), swap 15328612k(4293340k free)

vm_info: Java HotSpot(TM) 64-Bit Server VM (25.161-b12) for windows-amd64 JRE (1.8.0_161-b12), built on Dec 19 2017 17:52:25 by "java_re" with MS VC++ 10.0 (VS2010)

time: Fri Jun 15 00:16:32 2018
elapsed time: 5 seconds (0d 0h 0m 5s)

