#
# A fatal error has been detected by the Java Runtime Environment:
#
#  EXCEPTION_ACCESS_VIOLATION (0xc0000005) at pc=0x00000000667c78b0, pid=5380, tid=0x0000000000001f5c
#
# JRE version: Java(TM) SE Runtime Environment (8.0_151-b12) (build 1.8.0_151-b12)
# Java VM: Java HotSpot(TM) 64-Bit Server VM (25.151-b12 mixed mode windows-amd64 compressed oops)
# Problematic frame:
# C  [glass.dll+0x278b0]
#
# Failed to write core dump. Minidumps are not enabled by default on client versions of Windows
#
# If you would like to submit a bug report, please visit:
#   http://bugreport.java.com/bugreport/crash.jsp
#

---------------  T H R E A D  ---------------

Current thread (0x00000000193c7000):  VMThread [stack: 0x000000001a480000,0x000000001a580000] [id=8028]

siginfo: ExceptionCode=0xc0000005, reading address 0x0000000000000000

Registers:
RAX=0x0000000000000000, RBX=0x000000001bc5eec0, RCX=0x00000000193c7000, RDX=0x0000000067edc658
RSP=0x000000001a57f5f0, RBP=0x00000000028d3848, RSI=0x00000000028d3820, RDI=0x00002bb0ebf8b033
R8 =0x0000000000010002, R9 =0x0000000000000033, R10=0x00002bb0ebf8b033, R11=0x000000001a57f4f0
R12=0x0000000000000000, R13=0x0000000000000040, R14=0x000000001a57f708, R15=0x00000000028d3820
RIP=0x00000000667c78b0, EFLAGS=0x0000000000010206

Top of Stack: (sp=0x000000001a57f5f0)
0x000000001a57f5f0:   0000000000000000 00007ff86f3ed00b
0x000000001a57f600:   00000000028d3830 00000000028d3830
0x000000001a57f610:   fffffffffffffffe 00000000028d3848
0x000000001a57f620:   00000000028d3828 00007ff86f3f85f3
0x000000001a57f630:   00000000667dc1b0 00007ff800000000
0x000000001a57f640:   0000000000000000 0000000000000000
0x000000001a57f650:   fffffffffffffffe 0000000000000000
0x000000001a57f660:   0000000000000001 00000000667a0000
0x000000001a57f670:   0000000004661638 00000000667c48dc
0x000000001a57f680:   000000001a57f6f8 00007ff86f3ed157
0x000000001a57f690:   0000000000000000 000000001a57f708
0x000000001a57f6a0:   00000000192d5400 00007ff86f4c70e0
0x000000001a57f6b0:   0000000000000000 00007ff86f3f16ee
0x000000001a57f6c0:   0000000000000000 0000000000000001
0x000000001a57f6d0:   0000000000000001 000000001a57f6f8
0x000000001a57f6e0:   0000000000000000 00000000667c4752 

Instructions: (pc=0x00000000667c78b0)
0x00000000667c7890:   40 53 48 83 ec 30 48 c7 44 24 20 fe ff ff ff 48
0x00000000667c78a0:   8b 1d 7a 72 01 00 48 85 db 74 16 e8 00 81 ff ff
0x00000000667c78b0:   4c 8b 00 48 8b d3 48 8b c8 41 ff 90 b0 00 00 00
0x00000000667c78c0:   90 48 83 c4 30 5b c3 cc cc cc cc cc cc cc cc cc 


Register to memory mapping:

RAX=0x0000000000000000 is an unknown value
RBX=0x000000001bc5eec0 is a global jni handle
RCX=0x00000000193c7000 is an unknown value
RDX=0x0000000067edc658 is an unknown value
RSP=0x000000001a57f5f0 is an unknown value
RBP=0x00000000028d3848 is an unknown value
RSI=0x00000000028d3820 is an unknown value
RDI=0x00002bb0ebf8b033 is an unknown value
R8 =0x0000000000010002 is an unknown value
R9 =0x0000000000000033 is an unknown value
R10=0x00002bb0ebf8b033 is an unknown value
R11=0x000000001a57f4f0 is an unknown value
R12=0x0000000000000000 is an unknown value
R13=0x0000000000000040 is an unknown value
R14=0x000000001a57f708 is an unknown value
R15=0x00000000028d3820 is an unknown value


Stack: [0x000000001a480000,0x000000001a580000],  sp=0x000000001a57f5f0,  free space=1021k
Native frames: (J=compiled Java code, j=interpreted, Vv=VM code, C=native code)
C  [glass.dll+0x278b0]
C  [ucrtbase.dll+0x185f3]
C  [ucrtbase.dll+0xd157]
C  [ucrtbase.dll+0x116ee]
C  [glass.dll+0x24752]
C  [glass.dll+0x24850]
C  [ntdll.dll+0x11493]
C  [ntdll.dll+0x406b5]
C  [ntdll.dll+0x40574]
C  [KERNEL32.DLL+0xf06a]
C  [msvcr100.dll+0x20ccd]
V  [jvm.dll+0x212a95]
V  [jvm.dll+0x24b9a7]
V  [jvm.dll+0x24ac46]
V  [jvm.dll+0x24b0e1]
V  [jvm.dll+0x24b2fe]
V  [jvm.dll+0x29c3ea]
C  [msvcr100.dll+0x21d9f]
C  [msvcr100.dll+0x21e3b]
C  [KERNEL32.DLL+0x11fe4]
C  [ntdll.dll+0x6efb1]

VM_Operation (0x000000001c1fa9a0): Exit, mode: safepoint, requested by thread 0x000000001b5ef000


---------------  P R O C E S S  ---------------

Java Threads: ( => current thread )
  0x0000000020d90000 JavaThread "Prism Font Disposer" daemon [_thread_blocked, id=12764, stack(0x00000000237a0000,0x00000000238a0000)]
  0x000000001b65c800 JavaThread "JavaFX-Launcher" [_thread_blocked, id=13872, stack(0x0000000020890000,0x0000000020990000)]
  0x000000001b69f800 JavaThread "Thread-2" daemon [_thread_in_native, id=13820, stack(0x0000000020790000,0x0000000020890000)]
  0x000000001b5ef000 JavaThread "JavaFX Application Thread" [_thread_blocked, id=2556, stack(0x000000001c100000,0x000000001c200000)]
  0x000000001b5ca800 JavaThread "Thread-1" daemon [_thread_blocked, id=14372, stack(0x000000001c000000,0x000000001c100000)]
  0x000000001b5ee000 JavaThread "QuantumRenderer-0" daemon [_thread_blocked, id=5284, stack(0x000000001bdb0000,0x000000001beb0000)]
  0x000000001945d000 JavaThread "Service Thread" daemon [_thread_blocked, id=12224, stack(0x000000001b170000,0x000000001b270000)]
  0x000000001940f000 JavaThread "C1 CompilerThread2" daemon [_thread_blocked, id=9528, stack(0x000000001ac70000,0x000000001ad70000)]
  0x0000000019404800 JavaThread "C2 CompilerThread1" daemon [_thread_blocked, id=12092, stack(0x000000001ab70000,0x000000001ac70000)]
  0x0000000019400800 JavaThread "C2 CompilerThread0" daemon [_thread_blocked, id=7880, stack(0x000000001aa70000,0x000000001ab70000)]
  0x00000000193ff000 JavaThread "Attach Listener" daemon [_thread_blocked, id=7668, stack(0x000000001a970000,0x000000001aa70000)]
  0x00000000193fe000 JavaThread "Signal Dispatcher" daemon [_thread_blocked, id=7564, stack(0x000000001a870000,0x000000001a970000)]
  0x00000000193ea000 JavaThread "Finalizer" daemon [_thread_blocked, id=9760, stack(0x000000001a680000,0x000000001a780000)]
  0x00000000193c9000 JavaThread "Reference Handler" daemon [_thread_blocked, id=14552, stack(0x000000001a580000,0x000000001a680000)]
  0x0000000004773800 JavaThread "main" [_thread_blocked, id=6432, stack(0x0000000004670000,0x0000000004770000)]

Other Threads:
=>0x00000000193c7000 VMThread [stack: 0x000000001a480000,0x000000001a580000] [id=8028]

VM state:at safepoint (shutting down)

VM Mutex/Monitor currently owned by a thread:  ([mutex/lock_event])
[0x00000000047706d0] Threads_lock - owner thread: 0x00000000193c7000

Heap:
 PSYoungGen      total 105472K, used 41782K [0x00000000d5b00000, 0x00000000df000000, 0x0000000100000000)
  eden space 99328K, 36% used [0x00000000d5b00000,0x00000000d7df0700,0x00000000dbc00000)
  from space 6144K, 97% used [0x00000000dea00000,0x00000000defdd2a0,0x00000000df000000)
  to   space 12800K, 0% used [0x00000000dd700000,0x00000000dd700000,0x00000000de380000)
 ParOldGen       total 74752K, used 16696K [0x0000000081000000, 0x0000000085900000, 0x00000000d5b00000)
  object space 74752K, 22% used [0x0000000081000000,0x000000008204e1c0,0x0000000085900000)
 Metaspace       used 26049K, capacity 27908K, committed 28032K, reserved 1073152K
  class space    used 3870K, capacity 4201K, committed 4224K, reserved 1048576K

Card table byte_map: [0x0000000013c30000,0x0000000014030000] byte_map_base: 0x0000000013828000

Marking Bits: (ParMarkBitMap*) 0x00000000680cd850
 Begin Bits: [0x00000000146e0000, 0x00000000166a0000)
 End Bits:   [0x00000000166a0000, 0x0000000018660000)

Polling page: 0x00000000045b0000

CodeCache: size=245760Kb used=12735Kb max_used=12745Kb free=233024Kb
 bounds [0x0000000004870000, 0x00000000054f0000, 0x0000000013870000]
 total_blobs=4988 nmethods=4260 adapters=639
 compilation: enabled

Compilation events (10 events):
Event: 5.309 Thread 0x000000001940f000 4271       3       java.util.WeakHashMap$EntrySet::iterator (13 bytes)
Event: 5.309 Thread 0x000000001940f000 nmethod 4271 0x00000000054e6ed0 code [0x00000000054e7040, 0x00000000054e7308]
Event: 5.324 Thread 0x000000001940f000 4272       3       java.util.concurrent.locks.ReentrantLock$Sync::isHeldExclusively (16 bytes)
Event: 5.324 Thread 0x000000001940f000 nmethod 4272 0x00000000054dc590 code [0x00000000054dc6e0, 0x00000000054dc930]
Event: 5.416 Thread 0x0000000019400800 4273       4       com.sun.javafx.collections.VetoableListDecorator::get (11 bytes)
Event: 5.418 Thread 0x0000000019400800 nmethod 4273 0x00000000054ea150 code [0x00000000054ea2a0, 0x00000000054ea3b8]
Event: 5.421 Thread 0x0000000019400800 4274       4       java.util.ArrayList$Itr::next (66 bytes)
Event: 5.422 Thread 0x0000000019400800 nmethod 4274 0x00000000054ea5d0 code [0x00000000054ea720, 0x00000000054ea838]
Event: 5.424 Thread 0x000000001940f000 4275       1       java.util.logging.Logger::getName (5 bytes)
Event: 5.424 Thread 0x000000001940f000 nmethod 4275 0x00000000054e9e90 code [0x00000000054e9fe0, 0x00000000054ea0f0]

GC Heap History (10 events):
Event: 1.869 GC heap before
{Heap before GC invocations=3 (full 0):
 PSYoungGen      total 38400K, used 38377K [0x00000000d5b00000, 0x00000000da600000, 0x0000000100000000)
  eden space 33280K, 100% used [0x00000000d5b00000,0x00000000d7b80000,0x00000000d7b80000)
  from space 5120K, 99% used [0x00000000d8080000,0x00000000d857a5c0,0x00000000d8580000)
  to   space 5120K, 0% used [0x00000000d7b80000,0x00000000d7b80000,0x00000000d8080000)
 ParOldGen       total 87552K, used 8917K [0x0000000081000000, 0x0000000086580000, 0x00000000d5b00000)
  object space 87552K, 10% used [0x0000000081000000,0x00000000818b5420,0x0000000086580000)
 Metaspace       used 18153K, capacity 18784K, committed 18944K, reserved 1064960K
  class space    used 2521K, capacity 2707K, committed 2816K, reserved 1048576K
Event: 1.878 GC heap after
Heap after GC invocations=3 (full 0):
 PSYoungGen      total 38400K, used 5097K [0x00000000d5b00000, 0x00000000da600000, 0x0000000100000000)
  eden space 33280K, 0% used [0x00000000d5b00000,0x00000000d5b00000,0x00000000d7b80000)
  from space 5120K, 99% used [0x00000000d7b80000,0x00000000d807a5a0,0x00000000d8080000)
  to   space 5120K, 0% used [0x00000000da100000,0x00000000da100000,0x00000000da600000)
 ParOldGen       total 87552K, used 12517K [0x0000000081000000, 0x0000000086580000, 0x00000000d5b00000)
  object space 87552K, 14% used [0x0000000081000000,0x0000000081c394c8,0x0000000086580000)
 Metaspace       used 18153K, capacity 18784K, committed 18944K, reserved 1064960K
  class space    used 2521K, capacity 2707K, committed 2816K, reserved 1048576K
}
Event: 2.181 GC heap before
{Heap before GC invocations=4 (full 0):
 PSYoungGen      total 38400K, used 38377K [0x00000000d5b00000, 0x00000000da600000, 0x0000000100000000)
  eden space 33280K, 100% used [0x00000000d5b00000,0x00000000d7b80000,0x00000000d7b80000)
  from space 5120K, 99% used [0x00000000d7b80000,0x00000000d807a5a0,0x00000000d8080000)
  to   space 5120K, 0% used [0x00000000da100000,0x00000000da100000,0x00000000da600000)
 ParOldGen       total 87552K, used 12517K [0x0000000081000000, 0x0000000086580000, 0x00000000d5b00000)
  object space 87552K, 14% used [0x0000000081000000,0x0000000081c394c8,0x0000000086580000)
 Metaspace       used 19821K, capacity 20636K, committed 20736K, reserved 1067008K
  class space    used 2854K, capacity 3057K, committed 3072K, reserved 1048576K
Event: 2.189 GC heap after
Heap after GC invocations=4 (full 0):
 PSYoungGen      total 71680K, used 5088K [0x00000000d5b00000, 0x00000000da600000, 0x0000000100000000)
  eden space 66560K, 0% used [0x00000000d5b00000,0x00000000d5b00000,0x00000000d9c00000)
  from space 5120K, 99% used [0x00000000da100000,0x00000000da5f81e0,0x00000000da600000)
  to   space 5120K, 0% used [0x00000000d9c00000,0x00000000d9c00000,0x00000000da100000)
 ParOldGen       total 87552K, used 13543K [0x0000000081000000, 0x0000000086580000, 0x00000000d5b00000)
  object space 87552K, 15% used [0x0000000081000000,0x0000000081d39f68,0x0000000086580000)
 Metaspace       used 19821K, capacity 20636K, committed 20736K, reserved 1067008K
  class space    used 2854K, capacity 3057K, committed 3072K, reserved 1048576K
}
Event: 2.346 GC heap before
{Heap before GC invocations=5 (full 0):
 PSYoungGen      total 71680K, used 29378K [0x00000000d5b00000, 0x00000000da600000, 0x0000000100000000)
  eden space 66560K, 36% used [0x00000000d5b00000,0x00000000d72b8620,0x00000000d9c00000)
  from space 5120K, 99% used [0x00000000da100000,0x00000000da5f81e0,0x00000000da600000)
  to   space 5120K, 0% used [0x00000000d9c00000,0x00000000d9c00000,0x00000000da100000)
 ParOldGen       total 87552K, used 13543K [0x0000000081000000, 0x0000000086580000, 0x00000000d5b00000)
  object space 87552K, 15% used [0x0000000081000000,0x0000000081d39f68,0x0000000086580000)
 Metaspace       used 20314K, capacity 21262K, committed 21296K, reserved 1067008K
  class space    used 2961K, capacity 3168K, committed 3200K, reserved 1048576K
Event: 2.352 GC heap after
Heap after GC invocations=5 (full 0):
 PSYoungGen      total 71680K, used 5088K [0x00000000d5b00000, 0x00000000df700000, 0x0000000100000000)
  eden space 66560K, 0% used [0x00000000d5b00000,0x00000000d5b00000,0x00000000d9c00000)
  from space 5120K, 99% used [0x00000000d9c00000,0x00000000da0f81e0,0x00000000da100000)
  to   space 13312K, 0% used [0x00000000dea00000,0x00000000dea00000,0x00000000df700000)
 ParOldGen       total 87552K, used 13951K [0x0000000081000000, 0x0000000086580000, 0x00000000d5b00000)
  object space 87552K, 15% used [0x0000000081000000,0x0000000081d9ff68,0x0000000086580000)
 Metaspace       used 20314K, capacity 21262K, committed 21296K, reserved 1067008K
  class space    used 2961K, capacity 3168K, committed 3200K, reserved 1048576K
}
Event: 2.352 GC heap before
{Heap before GC invocations=6 (full 1):
 PSYoungGen      total 71680K, used 5088K [0x00000000d5b00000, 0x00000000df700000, 0x0000000100000000)
  eden space 66560K, 0% used [0x00000000d5b00000,0x00000000d5b00000,0x00000000d9c00000)
  from space 5120K, 99% used [0x00000000d9c00000,0x00000000da0f81e0,0x00000000da100000)
  to   space 13312K, 0% used [0x00000000dea00000,0x00000000dea00000,0x00000000df700000)
 ParOldGen       total 87552K, used 13951K [0x0000000081000000, 0x0000000086580000, 0x00000000d5b00000)
  object space 87552K, 15% used [0x0000000081000000,0x0000000081d9ff68,0x0000000086580000)
 Metaspace       used 20314K, capacity 21262K, committed 21296K, reserved 1067008K
  class space    used 2961K, capacity 3168K, committed 3200K, reserved 1048576K
Event: 2.397 GC heap after
Heap after GC invocations=6 (full 1):
 PSYoungGen      total 71680K, used 0K [0x00000000d5b00000, 0x00000000df700000, 0x0000000100000000)
  eden space 66560K, 0% used [0x00000000d5b00000,0x00000000d5b00000,0x00000000d9c00000)
  from space 5120K, 0% used [0x00000000d9c00000,0x00000000d9c00000,0x00000000da100000)
  to   space 13312K, 0% used [0x00000000dea00000,0x00000000dea00000,0x00000000df700000)
 ParOldGen       total 74752K, used 16688K [0x0000000081000000, 0x0000000085900000, 0x00000000d5b00000)
  object space 74752K, 22% used [0x0000000081000000,0x000000008204c1c0,0x0000000085900000)
 Metaspace       used 20314K, capacity 21262K, committed 21296K, reserved 1067008K
  class space    used 2961K, capacity 3168K, committed 3200K, reserved 1048576K
}
Event: 3.421 GC heap before
{Heap before GC invocations=7 (full 1):
 PSYoungGen      total 71680K, used 66560K [0x00000000d5b00000, 0x00000000df700000, 0x0000000100000000)
  eden space 66560K, 100% used [0x00000000d5b00000,0x00000000d9c00000,0x00000000d9c00000)
  from space 5120K, 0% used [0x00000000d9c00000,0x00000000d9c00000,0x00000000da100000)
  to   space 13312K, 0% used [0x00000000dea00000,0x00000000dea00000,0x00000000df700000)
 ParOldGen       total 74752K, used 16688K [0x0000000081000000, 0x0000000085900000, 0x00000000d5b00000)
  object space 74752K, 22% used [0x0000000081000000,0x000000008204c1c0,0x0000000085900000)
 Metaspace       used 24058K, capacity 25764K, committed 25984K, reserved 1071104K
  class space    used 3663K, capacity 3963K, committed 3968K, reserved 1048576K
Event: 3.429 GC heap after
Heap after GC invocations=7 (full 1):
 PSYoungGen      total 105472K, used 6004K [0x00000000d5b00000, 0x00000000df000000, 0x0000000100000000)
  eden space 99328K, 0% used [0x00000000d5b00000,0x00000000d5b00000,0x00000000dbc00000)
  from space 6144K, 97% used [0x00000000dea00000,0x00000000defdd2a0,0x00000000df000000)
  to   space 12800K, 0% used [0x00000000dd700000,0x00000000dd700000,0x00000000de380000)
 ParOldGen       total 74752K, used 16696K [0x0000000081000000, 0x0000000085900000, 0x00000000d5b00000)
  object space 74752K, 22% used [0x0000000081000000,0x000000008204e1c0,0x0000000085900000)
 Metaspace       used 24058K, capacity 25764K, committed 25984K, reserved 1071104K
  class space    used 3663K, capacity 3963K, committed 3968K, reserved 1048576K
}

Deoptimization events (10 events):
Event: 4.182 Thread 0x000000001b5ee000 Uncommon trap: reason=unstable_if action=reinterpret pc=0x00000000050e13c0 method=java.lang.Class.arrayContentsEq([Ljava/lang/Object;[Ljava/lang/Object;)Z @ 1
Event: 4.297 Thread 0x000000001b5ee000 Uncommon trap: reason=bimorphic action=maybe_recompile pc=0x00000000052d92dc method=java.util.WeakHashMap.eq(Ljava/lang/Object;Ljava/lang/Object;)Z @ 7
Event: 4.299 Thread 0x000000001b5ee000 Uncommon trap: reason=bimorphic action=maybe_recompile pc=0x00000000052d92dc method=java.util.WeakHashMap.eq(Ljava/lang/Object;Ljava/lang/Object;)Z @ 7
Event: 4.301 Thread 0x000000001b5ee000 Uncommon trap: reason=bimorphic action=maybe_recompile pc=0x00000000052d92dc method=java.util.WeakHashMap.eq(Ljava/lang/Object;Ljava/lang/Object;)Z @ 7
Event: 4.301 Thread 0x000000001b5ee000 Uncommon trap: reason=bimorphic action=maybe_recompile pc=0x00000000052d92dc method=java.util.WeakHashMap.eq(Ljava/lang/Object;Ljava/lang/Object;)Z @ 7
Event: 4.428 Thread 0x000000001b5ef000 Uncommon trap: reason=null_check action=make_not_entrant pc=0x00000000050c65bc method=javafx.fxml.FXMLLoader$SupportedType$2.methodIsOfType(Ljava/lang/reflect/Method;)Z @ 17
Event: 4.478 Thread 0x000000001b5ef000 Uncommon trap: reason=unstable_if action=reinterpret pc=0x00000000053482f4 method=com.sun.javafx.css.BitSet.retainAll(Ljava/util/Collection;)Z @ 89
Event: 4.496 Thread 0x000000001b5ef000 Uncommon trap: reason=unstable_if action=reinterpret pc=0x00000000050565c4 method=java.util.EnumMap.isValidKey(Ljava/lang/Object;)Z @ 16
Event: 4.498 Thread 0x000000001b5ef000 Uncommon trap: reason=unstable_if action=reinterpret pc=0x00000000050505dc method=java.util.EnumMap.isValidKey(Ljava/lang/Object;)Z @ 16
Event: 4.541 Thread 0x000000001b5ef000 Uncommon trap: reason=unstable_if action=reinterpret pc=0x0000000004d0f9e8 method=jdk.internal.org.objectweb.asm.Type.getArgumentsAndReturnSizes(Ljava/lang/String;)I @ 47

Internal exceptions (10 events):
Event: 1.147 Thread 0x000000001b5ef000 Exception <a 'java/io/FileNotFoundException'> (0x00000000d746c618) thrown at [C:\re\workspace\8-2-build-windows-amd64-cygwin\jdk8u151\9699\hotspot\src\share\vm\prims\jni.cpp, line 709]
Event: 1.289 Thread 0x000000001b5ef000 Exception <a 'java/lang/NoClassDefFoundError': org/slf4j/impl/StaticLoggerBinder> (0x00000000d794dae8) thrown at [C:\re\workspace\8-2-build-windows-amd64-cygwin\jdk8u151\9699\hotspot\src\share\vm\classfile\systemDictionary.cpp, line 199]
Event: 2.204 Thread 0x000000001b5ef000 Implicit null exception at 0x0000000004b95c75 to 0x0000000004b95e8d
Event: 2.204 Thread 0x000000001b5ef000 Implicit null exception at 0x0000000004c052d8 to 0x0000000004c05366
Event: 2.655 Thread 0x000000001b5ef000 Exception <a 'java/lang/reflect/InvocationTargetException'> (0x00000000d833fcb8) thrown at [C:\re\workspace\8-2-build-windows-amd64-cygwin\jdk8u151\9699\hotspot\src\share\vm\runtime\reflection.cpp, line 1092]
Event: 3.556 Thread 0x000000001b5ef000 Implicit null exception at 0x00000000052ea557 to 0x00000000052f0141
Event: 3.948 Thread 0x000000001b5ef000 Implicit null exception at 0x0000000005326393 to 0x0000000005328aad
Event: 4.127 Thread 0x000000001b5ee000 Implicit null exception at 0x00000000050cc051 to 0x00000000050cf2b5
Event: 4.182 Thread 0x000000001b5ee000 Implicit null exception at 0x00000000050ddde4 to 0x00000000050e134d
Event: 5.425 Thread 0x00000000252c0800 Exception <a 'java/lang/IllegalStateException'> (0x00000000d7cfe5c0) thrown at [C:\re\workspace\8-2-build-windows-amd64-cygwin\jdk8u151\9699\hotspot\src\share\vm\prims\jvm.cpp, line 1394]

Events (10 events):
Event: 5.423 loading class java/util/IdentityHashMap$KeyIterator done
Event: 5.424 Thread 0x00000000252c0800 Thread added: 0x00000000252c0800
Event: 5.424 Thread 0x00000000252be800 Thread added: 0x00000000252be800
Event: 5.424 Thread 0x00000000252be800 Thread exited: 0x00000000252be800
Event: 5.424 loading class com/sun/javafx/tk/quantum/QuantumRenderer
Event: 5.424 loading class com/sun/javafx/tk/quantum/QuantumRenderer done
Event: 5.424 loading class com/sun/javafx/tk/quantum/QuantumToolkit
Event: 5.424 loading class com/sun/javafx/tk/quantum/QuantumToolkit done
Event: 5.425 Thread 0x00000000252c0800 Thread exited: 0x00000000252c0800
Event: 5.425 Executing VM operation: Exit


Dynamic libraries:
0x00007ff71cf40000 - 0x00007ff71cf77000 	C:\Program Files\Java\jre1.8.0_151\bin\javaw.exe
0x00007ff872f70000 - 0x00007ff873150000 	C:\WINDOWS\SYSTEM32\ntdll.dll
0x00007ff8706d0000 - 0x00007ff87077e000 	C:\WINDOWS\System32\KERNEL32.DLL
0x00007ff86f4e0000 - 0x00007ff86f746000 	C:\WINDOWS\System32\KERNELBASE.dll
0x00007ff872ad0000 - 0x00007ff872b71000 	C:\WINDOWS\System32\ADVAPI32.dll
0x00007ff872e50000 - 0x00007ff872eed000 	C:\WINDOWS\System32\msvcrt.dll
0x00007ff870810000 - 0x00007ff87086b000 	C:\WINDOWS\System32\sechost.dll
0x00007ff870e60000 - 0x00007ff870f7f000 	C:\WINDOWS\System32\RPCRT4.dll
0x00007ff8710d0000 - 0x00007ff87125f000 	C:\WINDOWS\System32\USER32.dll
0x00007ff86f3c0000 - 0x00007ff86f3e0000 	C:\WINDOWS\System32\win32u.dll
0x00007ff8712d0000 - 0x00007ff8712f8000 	C:\WINDOWS\System32\GDI32.dll
0x00007ff86f8e0000 - 0x00007ff86fa73000 	C:\WINDOWS\System32\gdi32full.dll
0x00007ff8703a0000 - 0x00007ff87043b000 	C:\WINDOWS\System32\msvcp_win.dll
0x00007ff86f3e0000 - 0x00007ff86f4d6000 	C:\WINDOWS\System32\ucrtbase.dll
0x00007ff8685a0000 - 0x00007ff868809000 	C:\WINDOWS\WinSxS\amd64_microsoft.windows.common-controls_6595b64144ccf1df_6.0.16299.192_none_15c8cdae9364c23b\COMCTL32.dll
0x00007ff871300000 - 0x00007ff871608000 	C:\WINDOWS\System32\combase.dll
0x00007ff86f800000 - 0x00007ff86f872000 	C:\WINDOWS\System32\bcryptPrimitives.dll
0x00007ff872f00000 - 0x00007ff872f2d000 	C:\WINDOWS\System32\IMM32.DLL
0x0000000067140000 - 0x0000000067212000 	C:\Program Files\Java\jre1.8.0_151\bin\msvcr100.dll
0x00000000678b0000 - 0x000000006814d000 	C:\Program Files\Java\jre1.8.0_151\bin\server\jvm.dll
0x00007ff872f30000 - 0x00007ff872f38000 	C:\WINDOWS\System32\PSAPI.DLL
0x00007ff868fb0000 - 0x00007ff868fd3000 	C:\WINDOWS\SYSTEM32\WINMM.dll
0x00007ff867670000 - 0x00007ff86767a000 	C:\WINDOWS\SYSTEM32\VERSION.dll
0x00007ff864f90000 - 0x00007ff864f99000 	C:\WINDOWS\SYSTEM32\WSOCK32.dll
0x00007ff871260000 - 0x00007ff8712cc000 	C:\WINDOWS\System32\WS2_32.dll
0x00007ff868f80000 - 0x00007ff868faa000 	C:\WINDOWS\SYSTEM32\winmmbase.dll
0x00007ff86f370000 - 0x00007ff86f3ba000 	C:\WINDOWS\System32\cfgmgr32.dll
0x00000000678a0000 - 0x00000000678af000 	C:\Program Files\Java\jre1.8.0_151\bin\verify.dll
0x0000000067870000 - 0x0000000067899000 	C:\Program Files\Java\jre1.8.0_151\bin\java.dll
0x0000000067850000 - 0x0000000067866000 	C:\Program Files\Java\jre1.8.0_151\bin\zip.dll
0x00007ff871630000 - 0x00007ff872a66000 	C:\WINDOWS\System32\SHELL32.dll
0x00007ff870440000 - 0x00007ff8704e6000 	C:\WINDOWS\System32\shcore.dll
0x00007ff86fc50000 - 0x00007ff870397000 	C:\WINDOWS\System32\windows.storage.dll
0x00007ff872a70000 - 0x00007ff872ac1000 	C:\WINDOWS\System32\shlwapi.dll
0x00007ff86f300000 - 0x00007ff86f311000 	C:\WINDOWS\System32\kernel.appcore.dll
0x00007ff86f320000 - 0x00007ff86f36c000 	C:\WINDOWS\System32\powrprof.dll
0x00007ff86f2e0000 - 0x00007ff86f2fb000 	C:\WINDOWS\System32\profapi.dll
0x0000000004620000 - 0x0000000004623000 	C:\Program Files\Java\jre1.8.0_151\bin\api-ms-win-core-console-l1-1-0.dll
0x0000000004630000 - 0x0000000004633000 	C:\Program Files\Java\jre1.8.0_151\bin\api-ms-win-core-datetime-l1-1-0.dll
0x0000000004640000 - 0x0000000004643000 	C:\Program Files\Java\jre1.8.0_151\bin\api-ms-win-core-debug-l1-1-0.dll
0x0000000004650000 - 0x0000000004653000 	C:\Program Files\Java\jre1.8.0_151\bin\api-ms-win-core-errorhandling-l1-1-0.dll
0x000000001b370000 - 0x000000001b374000 	C:\Program Files\Java\jre1.8.0_151\bin\api-ms-win-core-file-l1-1-0.dll
0x000000001b380000 - 0x000000001b383000 	C:\Program Files\Java\jre1.8.0_151\bin\api-ms-win-core-file-l1-2-0.dll
0x000000001b390000 - 0x000000001b393000 	C:\Program Files\Java\jre1.8.0_151\bin\api-ms-win-core-file-l2-1-0.dll
0x000000001b3a0000 - 0x000000001b3a3000 	C:\Program Files\Java\jre1.8.0_151\bin\api-ms-win-core-handle-l1-1-0.dll
0x000000001b3b0000 - 0x000000001b3b3000 	C:\Program Files\Java\jre1.8.0_151\bin\api-ms-win-core-heap-l1-1-0.dll
0x000000001b3c0000 - 0x000000001b3c3000 	C:\Program Files\Java\jre1.8.0_151\bin\api-ms-win-core-interlocked-l1-1-0.dll
0x000000001b3d0000 - 0x000000001b3d3000 	C:\Program Files\Java\jre1.8.0_151\bin\api-ms-win-core-libraryloader-l1-1-0.dll
0x000000001b3e0000 - 0x000000001b3e3000 	C:\Program Files\Java\jre1.8.0_151\bin\api-ms-win-core-localization-l1-2-0.dll
0x000000001b3f0000 - 0x000000001b3f3000 	C:\Program Files\Java\jre1.8.0_151\bin\api-ms-win-core-memory-l1-1-0.dll
0x000000001b400000 - 0x000000001b403000 	C:\Program Files\Java\jre1.8.0_151\bin\api-ms-win-core-namedpipe-l1-1-0.dll
0x000000001b410000 - 0x000000001b413000 	C:\Program Files\Java\jre1.8.0_151\bin\api-ms-win-core-processenvironment-l1-1-0.dll
0x000000001b420000 - 0x000000001b423000 	C:\Program Files\Java\jre1.8.0_151\bin\api-ms-win-core-processthreads-l1-1-0.dll
0x000000001b430000 - 0x000000001b433000 	C:\Program Files\Java\jre1.8.0_151\bin\api-ms-win-core-processthreads-l1-1-1.dll
0x000000001b440000 - 0x000000001b443000 	C:\Program Files\Java\jre1.8.0_151\bin\api-ms-win-core-profile-l1-1-0.dll
0x000000001b450000 - 0x000000001b453000 	C:\Program Files\Java\jre1.8.0_151\bin\api-ms-win-core-rtlsupport-l1-1-0.dll
0x000000001b460000 - 0x000000001b463000 	C:\Program Files\Java\jre1.8.0_151\bin\api-ms-win-core-string-l1-1-0.dll
0x000000001b470000 - 0x000000001b473000 	C:\Program Files\Java\jre1.8.0_151\bin\api-ms-win-core-synch-l1-1-0.dll
0x000000001b480000 - 0x000000001b483000 	C:\Program Files\Java\jre1.8.0_151\bin\api-ms-win-core-synch-l1-2-0.dll
0x000000001b490000 - 0x000000001b493000 	C:\Program Files\Java\jre1.8.0_151\bin\api-ms-win-core-sysinfo-l1-1-0.dll
0x000000001b4a0000 - 0x000000001b4a3000 	C:\Program Files\Java\jre1.8.0_151\bin\api-ms-win-core-timezone-l1-1-0.dll
0x000000001b4b0000 - 0x000000001b4b3000 	C:\Program Files\Java\jre1.8.0_151\bin\api-ms-win-core-util-l1-1-0.dll
0x000000001b4c0000 - 0x000000001b4c3000 	C:\Program Files\Java\jre1.8.0_151\bin\api-ms-win-crt-conio-l1-1-0.dll
0x000000001b4d0000 - 0x000000001b4d4000 	C:\Program Files\Java\jre1.8.0_151\bin\api-ms-win-crt-convert-l1-1-0.dll
0x000000001b4e0000 - 0x000000001b4e3000 	C:\Program Files\Java\jre1.8.0_151\bin\api-ms-win-crt-environment-l1-1-0.dll
0x000000001b4f0000 - 0x000000001b4f3000 	C:\Program Files\Java\jre1.8.0_151\bin\api-ms-win-crt-filesystem-l1-1-0.dll
0x000000001b500000 - 0x000000001b503000 	C:\Program Files\Java\jre1.8.0_151\bin\api-ms-win-crt-heap-l1-1-0.dll
0x000000001b510000 - 0x000000001b513000 	C:\Program Files\Java\jre1.8.0_151\bin\api-ms-win-crt-locale-l1-1-0.dll
0x000000001b520000 - 0x000000001b525000 	C:\Program Files\Java\jre1.8.0_151\bin\api-ms-win-crt-math-l1-1-0.dll
0x000000001b530000 - 0x000000001b535000 	C:\Program Files\Java\jre1.8.0_151\bin\api-ms-win-crt-multibyte-l1-1-0.dll
0x000000001b540000 - 0x000000001b550000 	C:\Program Files\Java\jre1.8.0_151\bin\api-ms-win-crt-private-l1-1-0.dll
0x000000001b550000 - 0x000000001b553000 	C:\Program Files\Java\jre1.8.0_151\bin\api-ms-win-crt-process-l1-1-0.dll
0x000000001b560000 - 0x000000001b564000 	C:\Program Files\Java\jre1.8.0_151\bin\api-ms-win-crt-runtime-l1-1-0.dll
0x000000001b570000 - 0x000000001b574000 	C:\Program Files\Java\jre1.8.0_151\bin\api-ms-win-crt-stdio-l1-1-0.dll
0x000000001b580000 - 0x000000001b584000 	C:\Program Files\Java\jre1.8.0_151\bin\api-ms-win-crt-string-l1-1-0.dll
0x000000001b590000 - 0x000000001b593000 	C:\Program Files\Java\jre1.8.0_151\bin\api-ms-win-crt-time-l1-1-0.dll
0x000000001b5a0000 - 0x000000001b5a3000 	C:\Program Files\Java\jre1.8.0_151\bin\api-ms-win-crt-utility-l1-1-0.dll
0x00007ff862de0000 - 0x00007ff862ed6000 	C:\Program Files\Java\jre1.8.0_151\bin\ucrtbase.dll
0x00007ff85c030000 - 0x00007ff85c081000 	C:\Program Files\Java\jre1.8.0_151\bin\concrt140.dll
0x00007ff859680000 - 0x00007ff85971c000 	C:\Program Files\Java\jre1.8.0_151\bin\MSVCP140.dll
0x00007ff865510000 - 0x00007ff865526000 	C:\Program Files\Java\jre1.8.0_151\bin\VCRUNTIME140.dll
0x00000000667f0000 - 0x0000000066813000 	C:\Program Files\Java\jre1.8.0_151\bin\prism_d3d.dll
0x00007ff848dc0000 - 0x00007ff848f55000 	C:\WINDOWS\system32\d3d9.dll
0x00007ff86de30000 - 0x00007ff86de5a000 	C:\WINDOWS\SYSTEM32\dwmapi.dll
0x00007ff86dd60000 - 0x00007ff86ddf5000 	C:\WINDOWS\system32\uxtheme.dll
0x00007ff8704f0000 - 0x00007ff8705b5000 	C:\WINDOWS\System32\OLEAUT32.dll
0x00007ff870f80000 - 0x00007ff8710c9000 	C:\WINDOWS\System32\ole32.dll
0x00000000667a0000 - 0x00000000667e9000 	C:\Program Files\Java\jre1.8.0_151\bin\glass.dll
0x00007ff8705c0000 - 0x00007ff8706ca000 	C:\WINDOWS\System32\COMDLG32.dll
0x00007ff872b80000 - 0x00007ff872ce7000 	C:\WINDOWS\System32\MSCTF.dll
0x0000000066780000 - 0x0000000066794000 	C:\Program Files\Java\jre1.8.0_151\bin\javafx_font.dll
0x00007ff84e800000 - 0x00007ff84eb0f000 	C:\WINDOWS\SYSTEM32\dwrite.dll
0x00000000677e0000 - 0x0000000067804000 	C:\Program Files\Java\jre1.8.0_151\bin\sunec.dll
0x0000000067830000 - 0x000000006784a000 	C:\Program Files\Java\jre1.8.0_151\bin\net.dll
0x00007ff86eaf0000 - 0x00007ff86eb56000 	C:\WINDOWS\system32\mswsock.dll
0x00007ff86e880000 - 0x00007ff86e8b9000 	C:\WINDOWS\SYSTEM32\IPHLPAPI.DLL
0x00007ff872ef0000 - 0x00007ff872ef8000 	C:\WINDOWS\System32\NSI.dll
0x00007ff869370000 - 0x00007ff869386000 	C:\WINDOWS\SYSTEM32\dhcpcsvc6.DLL
0x00007ff869550000 - 0x00007ff86956a000 	C:\WINDOWS\SYSTEM32\dhcpcsvc.DLL
0x0000000067810000 - 0x0000000067821000 	C:\Program Files\Java\jre1.8.0_151\bin\nio.dll
0x00007ff872db0000 - 0x00007ff872e4e000 	C:\WINDOWS\System32\clbcatq.dll
0x00007ff861340000 - 0x00007ff8614eb000 	C:\WINDOWS\SYSTEM32\WindowsCodecs.dll
0x00007ff85df20000 - 0x00007ff85df6f000 	C:\WINDOWS\system32\dataexchange.dll
0x00007ff86c7c0000 - 0x00007ff86caa1000 	C:\WINDOWS\system32\d3d11.dll
0x00007ff86d770000 - 0x00007ff86d8b2000 	C:\WINDOWS\system32\dcomp.dll
0x00007ff86e0e0000 - 0x00007ff86e18f000 	C:\WINDOWS\system32\dxgi.dll
0x00007ff86da60000 - 0x00007ff86dbdb000 	C:\WINDOWS\system32\twinapi.appcore.dll
0x00007ff86dbe0000 - 0x00007ff86dc00000 	C:\WINDOWS\system32\RMCLIENT.dll
0x00007ff86edc0000 - 0x00007ff86ede5000 	C:\WINDOWS\system32\bcrypt.dll
0x00007ff865040000 - 0x00007ff865074000 	C:\Program Files\Common Files\Microsoft Shared\Ink\rtscom.dll
0x00007ff860310000 - 0x00007ff8603a8000 	C:\WINDOWS\System32\TextInputFramework.dll
0x00007ff860020000 - 0x00007ff86030e000 	C:\WINDOWS\System32\CoreUIComponents.dll
0x00007ff86c6e0000 - 0x00007ff86c7bc000 	C:\WINDOWS\System32\CoreMessaging.dll
0x00007ff86e3d0000 - 0x00007ff86e401000 	C:\WINDOWS\SYSTEM32\ntmarta.dll
0x00007ff86bc80000 - 0x00007ff86bdb6000 	C:\WINDOWS\SYSTEM32\wintypes.dll
0x0000000066750000 - 0x0000000066773000 	C:\Program Files\Java\jre1.8.0_151\bin\javafx_iio.dll
0x0000000066730000 - 0x0000000066742000 	C:\Program Files\Java\jre1.8.0_151\bin\prism_common.dll
0x00007ff868cf0000 - 0x00007ff868eb8000 	C:\WINDOWS\SYSTEM32\dbghelp.dll

VM Arguments:
jvm_args: -Dfile.encoding=UTF-8 
java_command: com.jeeves.vpl.Main
java_class_path (initial): C:\Program Files\Java\jre1.8.0_151\lib\resources.jar;C:\Program Files\Java\jre1.8.0_151\lib\rt.jar;C:\Program Files\Java\jre1.8.0_151\lib\jsse.jar;C:\Program Files\Java\jre1.8.0_151\lib\jce.jar;C:\Program Files\Java\jre1.8.0_151\lib\charsets.jar;C:\Program Files\Java\jre1.8.0_151\lib\jfr.jar;C:\Program Files\Java\jre1.8.0_151\lib\ext\access-bridge-64.jar;C:\Program Files\Java\jre1.8.0_151\lib\ext\cldrdata.jar;C:\Program Files\Java\jre1.8.0_151\lib\ext\dnsns.jar;C:\Program Files\Java\jre1.8.0_151\lib\ext\dns_sd.jar;C:\Program Files\Java\jre1.8.0_151\lib\ext\jaccess.jar;C:\Program Files\Java\jre1.8.0_151\lib\ext\jfxrt.jar;C:\Program Files\Java\jre1.8.0_151\lib\ext\localedata.jar;C:\Program Files\Java\jre1.8.0_151\lib\ext\nashorn.jar;C:\Program Files\Java\jre1.8.0_151\lib\ext\sunec.jar;C:\Program Files\Java\jre1.8.0_151\lib\ext\sunjce_provider.jar;C:\Program Files\Java\jre1.8.0_151\lib\ext\sunmscapi.jar;C:\Program Files\Java\jre1.8.0_151\lib\ext\sunpkcs11.jar;C:\Program Files\Java\jre1.8.0_151\lib\ext\zipfs.jar;C:\Users\Cath\Documents\workspace\Jeeves\target\classes;C:\Users\Cath\Documents\workspace\Jeeves\poi-3.15.jar;C:\Users\Cath\Documents\workspace\Jeeves\commons-lang3-3.5.jar;C:\Users\Cath\Documents\workspace\Jeeves\controlsfx-8.40.12.jar;C:\Users\Cath\.m2\repository\commons-codec\commons-codec\1.9\commons-codec-1.9.jar;C:\Users\Cath\.m2\repository\commons-validator\commons-validator\1.4.1\commons-validator-1.4.1.jar;C:\Users\Cath\.m2\repository\commons-beanutils\commons-beanutils\1.8.3\commons-beanutils-1.8.3.jar;C:\Users\Cath\.m2\repository\commons-digester\commons-digester\1.8.1\commons-digester-1.8.1.jar;C:\Users\Cath\.m2\repository\commons-logging\commons-logging\1.2\commons-logging-1.2.jar;C:\Users\Cath\.m2\repository\commons-collections\commons-collections\3.2.1\commons-collections-3.2.1.jar;C:\Users\Cath\.m2\repository\org\apache\shiro\shiro-core\1.3.2\shiro-core-1.3.2.jar;C:\Users\Cath\.m2\repository\org\slf4j\slf4j-api\1.6.4\
Launcher Type: SUN_STANDARD

Environment Variables:
JAVA_HOME=C:\Program Files\Java\jdk1.8.0_151
PATH=C:/Program Files/Java/jre1.8.0_151/bin/server;C:/Program Files/Java/jre1.8.0_151/bin;C:/Program Files/Java/jre1.8.0_151/lib/amd64;C:\ProgramData\Oracle\Java\javapath;C:\WINDOWS\system32;C:\WINDOWS;C:\WINDOWS\System32\Wbem;C:\WINDOWS\System32\WindowsPowerShell\v1.0\;C:\Program Files\Git\cmd;C:\Program Files\Java\jdk1.8.0_151\bin;C:\Users\Cath\AppData\Local\Microsoft\WindowsApps;C:\MinGW\bin;C:\MinGW\msys\1.0\bin;;C:\Users\Cath\Desktop;
USERNAME=Cath
OS=Windows_NT
PROCESSOR_IDENTIFIER=Intel64 Family 6 Model 69 Stepping 1, GenuineIntel



---------------  S Y S T E M  ---------------

OS: Windows 10.0 , 64 bit Build 16299 (10.0.16299.15)

CPU:total 4 (initial active 4) (2 cores per cpu, 2 threads per core) family 6 model 69 stepping 1, cmov, cx8, fxsr, mmx, sse, sse2, sse3, ssse3, sse4.1, sse4.2, popcnt, avx, avx2, aes, clmul, erms, lzcnt, ht, tsc, tscinvbit, bmi1, bmi2

Memory: 4k page, physical 8317080k(1390044k free), swap 14913676k(3951832k free)

vm_info: Java HotSpot(TM) 64-Bit Server VM (25.151-b12) for windows-amd64 JRE (1.8.0_151-b12), built on Sep  5 2017 19:33:46 by "java_re" with MS VC++ 10.0 (VS2010)

time: Wed Jan 10 14:41:15 2018
elapsed time: 5 seconds (0d 0h 0m 5s)

