#
# A fatal error has been detected by the Java Runtime Environment:
#
#  EXCEPTION_ACCESS_VIOLATION (0xc0000005) at pc=0x000000005d95584a, pid=3000, tid=0x000000000000121c
#
# JRE version: Java(TM) SE Runtime Environment (8.0_121-b13) (build 1.8.0_121-b13)
# Java VM: Java HotSpot(TM) 64-Bit Server VM (25.121-b13 mixed mode windows-amd64 compressed oops)
# Problematic frame:
# C  [glass.dll+0x2584a]
#
# Failed to write core dump. Minidumps are not enabled by default on client versions of Windows
#
# If you would like to submit a bug report, please visit:
#   http://bugreport.java.com/bugreport/crash.jsp
#

---------------  T H R E A D  ---------------

Current thread (0x0000000017ce7800):  VMThread [stack: 0x0000000018d80000,0x0000000018e80000] [id=4636]

siginfo: ExceptionCode=0xc0000005, reading address 0x0000000000000000

Registers:
RAX=0x0000000000000000, RBX=0x000000000315db70, RCX=0x0000000017ce7800, RDX=0x000000000315db70
RSP=0x0000000018e7eef0, RBP=0x0000000001268060, RSI=0x0000000000000001, RDI=0x0000000000000000
R8 =0x0000000000010002, R9 =0x0000000001268060, R10=0x0000000000000000, R11=0x0000000000000246
R12=0x0000000001268090, R13=0x0000000001268060, R14=0x0000000001268070, R15=0x0000000000000000
RIP=0x000000005d95584a, EFLAGS=0x0000000000010206

Top of Stack: (sp=0x0000000018e7eef0)
0x0000000018e7eef0:   0000000000000000 000000005d955900
0x0000000018e7ef00:   0000000000000000 0000000001268060
0x0000000018e7ef10:   000000005d955830 000000005d953224
0x0000000018e7ef20:   000000005d9691b0 00007ffa6fd3ebc7
0x0000000018e7ef30:   0000000000000001 0000000017bf5400
0x0000000018e7ef40:   000000005d953384 000000005d930000
0x0000000018e7ef50:   00007ffa183c31b0 000000005d9534a6
0x0000000018e7ef60:   0000000000000001 0000000017bf5400
0x0000000018e7ef70:   0000000000000000 0000000000000000
0x0000000018e7ef80:   c000000500000001 0000000018e7e050
0x0000000018e7ef90:   000000005d953384 00007ffa1829a35f
0x0000000018e7efa0:   0000000000000000 0000000000000001
0x0000000018e7efb0:   000000005d930000 0000000000000000
0x0000000018e7efc0:   00006671c7737023 0000000001249640
0x0000000018e7efd0:   00007ffa158c4200 0000000001706200
0x0000000018e7efe0:   0000000001706200 000000000124cb20 

Instructions: (pc=0x000000005d95584a)
0x000000005d95582a:   83 c4 20 5d c3 cc 40 53 48 83 ec 20 48 8b 1d cb
0x000000005d95583a:   5b 01 00 48 85 db 74 1a e8 19 93 ff ff 48 8b d3
0x000000005d95584a:   4c 8b 00 48 8b c8 48 83 c4 20 5b 49 ff a0 b0 00
0x000000005d95585a:   00 00 48 83 c4 20 5b c3 cc cc cc cc cc cc cc cc 


Register to memory mapping:

RAX=0x0000000000000000 is an unknown value
RBX=0x000000000315db70 is a global jni handle
RCX=0x0000000017ce7800 is an unknown value
RDX=0x000000000315db70 is a global jni handle
RSP=0x0000000018e7eef0 is an unknown value
RBP=0x0000000001268060 is an unknown value
RSI=0x0000000000000001 is an unknown value
RDI=0x0000000000000000 is an unknown value
R8 =0x0000000000010002 is an unknown value
R9 =0x0000000001268060 is an unknown value
R10=0x0000000000000000 is an unknown value
R11=0x0000000000000246 is an unknown value
R12=0x0000000001268090 is an unknown value
R13=0x0000000001268060 is an unknown value
R14=0x0000000001268070 is an unknown value
R15=0x0000000000000000 is an unknown value


Stack: [0x0000000018d80000,0x0000000018e80000],  sp=0x0000000018e7eef0,  free space=1019k
Native frames: (J=compiled Java code, j=interpreted, Vv=VM code, C=native code)
C  [glass.dll+0x2584a]
C  [glass.dll+0x23224]
C  [glass.dll+0x234a6]
C  [ntdll.dll+0x2a35f]
C  [ntdll.dll+0x806b]
C  [ntdll.dll+0x7d94]
C  [KERNEL32.DLL+0x1ce6a]
C  [msvcr100.dll+0x20ccd]
V  [jvm.dll+0x212cb5]
V  [jvm.dll+0x24bd17]
V  [jvm.dll+0x24afb6]
V  [jvm.dll+0x24b451]
V  [jvm.dll+0x24b66e]
V  [jvm.dll+0x29c69a]
C  [msvcr100.dll+0x21d9f]
C  [msvcr100.dll+0x21e3b]
C  [KERNEL32.DLL+0x8364]
C  [ntdll.dll+0x670d1]

VM_Operation (0x000000001a86ace0): Exit, mode: safepoint, requested by thread 0x0000000019c71800


---------------  P R O C E S S  ---------------

Java Threads: ( => current thread )
  0x000000002172e800 JavaThread "Glass/Prism Shutdown Hook" [_thread_blocked, id=9620, stack(0x000000002a700000,0x000000002a800000)]
  0x000000002172d000 JavaThread "pool-3-thread-1" [_thread_blocked, id=16408, stack(0x000000002a300000,0x000000002a400000)]
  0x0000000021728800 JavaThread "pool-2-thread-2" [_thread_blocked, id=2772, stack(0x0000000027dd0000,0x0000000027ed0000)]
  0x0000000021729000 JavaThread "pool-2-thread-1" [_thread_blocked, id=16552, stack(0x0000000027cd0000,0x0000000027dd0000)]
  0x000000002172a800 JavaThread "SessionValidationThread-1" daemon [_thread_blocked, id=15048, stack(0x0000000023c60000,0x0000000023d60000)]
  0x000000001a15d800 JavaThread "Prism Font Disposer" daemon [_thread_blocked, id=13524, stack(0x0000000020bf0000,0x0000000020cf0000)]
  0x0000000019d31000 JavaThread "JavaFX-Launcher" [_thread_blocked, id=9984, stack(0x000000001ef00000,0x000000001f000000)]
  0x0000000019d0e800 JavaThread "Thread-2" daemon [_thread_in_native, id=13020, stack(0x000000001ee00000,0x000000001ef00000)]
  0x0000000019c71800 JavaThread "JavaFX Application Thread" [_thread_blocked, id=512, stack(0x000000001a770000,0x000000001a870000)]
  0x0000000019c71000 JavaThread "Thread-1" daemon [_thread_blocked, id=12284, stack(0x000000001a630000,0x000000001a730000)]
  0x0000000019c92800 JavaThread "QuantumRenderer-0" daemon [_thread_blocked, id=14472, stack(0x000000001a470000,0x000000001a570000)]
  0x00000000196b0000 JavaThread "Service Thread" daemon [_thread_blocked, id=7588, stack(0x0000000019a70000,0x0000000019b70000)]
  0x0000000017d2c000 JavaThread "C1 CompilerThread2" daemon [_thread_blocked, id=8480, stack(0x0000000019570000,0x0000000019670000)]
  0x0000000017d23000 JavaThread "C2 CompilerThread1" daemon [_thread_blocked, id=8992, stack(0x0000000019470000,0x0000000019570000)]
  0x0000000017d20000 JavaThread "C2 CompilerThread0" daemon [_thread_blocked, id=10324, stack(0x0000000019370000,0x0000000019470000)]
  0x0000000017d1f000 JavaThread "Attach Listener" daemon [_thread_blocked, id=13300, stack(0x0000000019270000,0x0000000019370000)]
  0x0000000017d0a800 JavaThread "Finalizer" daemon [_thread_blocked, id=8760, stack(0x0000000018f80000,0x0000000019080000)]
  0x0000000003181000 JavaThread "Reference Handler" daemon [_thread_blocked, id=6952, stack(0x0000000018e80000,0x0000000018f80000)]
  0x0000000003092800 JavaThread "main" [_thread_blocked, id=15976, stack(0x0000000002f90000,0x0000000003090000)]

Other Threads:
=>0x0000000017ce7800 VMThread [stack: 0x0000000018d80000,0x0000000018e80000] [id=4636]

VM state:at safepoint (shutting down)

VM Mutex/Monitor currently owned by a thread:  ([mutex/lock_event])
[0x000000000170df20] Threads_lock - owner thread: 0x0000000017ce7800

Heap:
 PSYoungGen      total 104960K, used 32085K [0x00000000d5b00000, 0x00000000df700000, 0x0000000100000000)
  eden space 91648K, 20% used [0x00000000d5b00000,0x00000000d6d59500,0x00000000db480000)
  from space 13312K, 99% used [0x00000000dea00000,0x00000000df6fc1f0,0x00000000df700000)
  to   space 17408K, 0% used [0x00000000dd500000,0x00000000dd500000,0x00000000de600000)
 ParOldGen       total 78848K, used 21606K [0x0000000081000000, 0x0000000085d00000, 0x00000000d5b00000)
  object space 78848K, 27% used [0x0000000081000000,0x0000000082519ad8,0x0000000085d00000)
 Metaspace       used 30577K, capacity 32494K, committed 32640K, reserved 1077248K
  class space    used 4298K, capacity 4649K, committed 4736K, reserved 1048576K

Card table byte_map: [0x0000000012550000,0x0000000012950000] byte_map_base: 0x0000000012148000

Marking Bits: (ParMarkBitMap*) 0x000000005ebab6d0
 Begin Bits: [0x0000000013000000, 0x0000000014fc0000)
 End Bits:   [0x0000000014fc0000, 0x0000000016f80000)

Polling page: 0x0000000001670000

CodeCache: size=245760Kb used=14351Kb max_used=14868Kb free=231408Kb
 bounds [0x0000000003190000, 0x0000000004040000, 0x0000000012190000]
 total_blobs=5549 nmethods=4774 adapters=685
 compilation: enabled

Compilation events (10 events):
Event: 29.540 Thread 0x0000000017d23000 nmethod 5373 0x0000000003944710 code [0x0000000003944940, 0x0000000003945388]
Event: 29.716 Thread 0x0000000017d20000 5374       4       java.lang.ref.SoftReference::get (29 bytes)
Event: 29.719 Thread 0x0000000017d20000 nmethod 5374 0x00000000034e9ad0 code [0x00000000034e9c00, 0x00000000034e9c98]
Event: 29.891 Thread 0x0000000017d2c000 5375  s    3       java.util.Hashtable::containsKey (65 bytes)
Event: 29.893 Thread 0x0000000017d2c000 nmethod 5375 0x00000000039d7390 code [0x00000000039d7520, 0x00000000039d7b58]
Event: 29.893 Thread 0x0000000017d2c000 5376       3       java.util.logging.LogManager::access$100 (4 bytes)
Event: 29.893 Thread 0x0000000017d20000 5378 % !   4       java.util.concurrent.ConcurrentHashMap::transfer @ 99 (832 bytes)
Event: 29.893 Thread 0x0000000017d2c000 nmethod 5376 0x000000000329f7d0 code [0x000000000329f920, 0x000000000329fa50]
Event: 29.893 Thread 0x0000000017d2c000 5377       3       java.util.logging.LogManager$LoggerContext::requiresDefaultLoggers (29 bytes)
Event: 29.894 Thread 0x0000000017d2c000 nmethod 5377 0x0000000003e12890 code [0x0000000003e12a00, 0x0000000003e12e28]

GC Heap History (10 events):
Event: 1.575 GC heap before
{Heap before GC invocations=3 (full 0):
 PSYoungGen      total 38400K, used 38384K [0x00000000d5b00000, 0x00000000da600000, 0x0000000100000000)
  eden space 33280K, 100% used [0x00000000d5b00000,0x00000000d7b80000,0x00000000d7b80000)
  from space 5120K, 99% used [0x00000000d8080000,0x00000000d857c090,0x00000000d8580000)
  to   space 5120K, 0% used [0x00000000d7b80000,0x00000000d7b80000,0x00000000d8080000)
 ParOldGen       total 87552K, used 9030K [0x0000000081000000, 0x0000000086580000, 0x00000000d5b00000)
  object space 87552K, 10% used [0x0000000081000000,0x00000000818d19b8,0x0000000086580000)
 Metaspace       used 16813K, capacity 17790K, committed 17920K, reserved 1064960K
  class space    used 2485K, capacity 2715K, committed 2816K, reserved 1048576K
Event: 1.582 GC heap after
Heap after GC invocations=3 (full 0):
 PSYoungGen      total 38400K, used 5104K [0x00000000d5b00000, 0x00000000da600000, 0x0000000100000000)
  eden space 33280K, 0% used [0x00000000d5b00000,0x00000000d5b00000,0x00000000d7b80000)
  from space 5120K, 99% used [0x00000000d7b80000,0x00000000d807c060,0x00000000d8080000)
  to   space 5120K, 0% used [0x00000000da100000,0x00000000da100000,0x00000000da600000)
 ParOldGen       total 87552K, used 10355K [0x0000000081000000, 0x0000000086580000, 0x00000000d5b00000)
  object space 87552K, 11% used [0x0000000081000000,0x0000000081a1ce98,0x0000000086580000)
 Metaspace       used 16813K, capacity 17790K, committed 17920K, reserved 1064960K
  class space    used 2485K, capacity 2715K, committed 2816K, reserved 1048576K
}
Event: 1.798 GC heap before
{Heap before GC invocations=4 (full 0):
 PSYoungGen      total 38400K, used 38384K [0x00000000d5b00000, 0x00000000da600000, 0x0000000100000000)
  eden space 33280K, 100% used [0x00000000d5b00000,0x00000000d7b80000,0x00000000d7b80000)
  from space 5120K, 99% used [0x00000000d7b80000,0x00000000d807c060,0x00000000d8080000)
  to   space 5120K, 0% used [0x00000000da100000,0x00000000da100000,0x00000000da600000)
 ParOldGen       total 87552K, used 10355K [0x0000000081000000, 0x0000000086580000, 0x00000000d5b00000)
  object space 87552K, 11% used [0x0000000081000000,0x0000000081a1ce98,0x0000000086580000)
 Metaspace       used 17049K, capacity 18030K, committed 18176K, reserved 1064960K
  class space    used 2518K, capacity 2733K, committed 2816K, reserved 1048576K
Event: 1.813 GC heap after
Heap after GC invocations=4 (full 0):
 PSYoungGen      total 71680K, used 5104K [0x00000000d5b00000, 0x00000000da600000, 0x0000000100000000)
  eden space 66560K, 0% used [0x00000000d5b00000,0x00000000d5b00000,0x00000000d9c00000)
  from space 5120K, 99% used [0x00000000da100000,0x00000000da5fc040,0x00000000da600000)
  to   space 5120K, 0% used [0x00000000d9c00000,0x00000000d9c00000,0x00000000da100000)
 ParOldGen       total 87552K, used 11186K [0x0000000081000000, 0x0000000086580000, 0x00000000d5b00000)
  object space 87552K, 12% used [0x0000000081000000,0x0000000081aec980,0x0000000086580000)
 Metaspace       used 17049K, capacity 18030K, committed 18176K, reserved 1064960K
  class space    used 2518K, capacity 2733K, committed 2816K, reserved 1048576K
}
Event: 2.502 GC heap before
{Heap before GC invocations=5 (full 0):
 PSYoungGen      total 71680K, used 57207K [0x00000000d5b00000, 0x00000000da600000, 0x0000000100000000)
  eden space 66560K, 78% used [0x00000000d5b00000,0x00000000d8de1f48,0x00000000d9c00000)
  from space 5120K, 99% used [0x00000000da100000,0x00000000da5fc040,0x00000000da600000)
  to   space 5120K, 0% used [0x00000000d9c00000,0x00000000d9c00000,0x00000000da100000)
 ParOldGen       total 87552K, used 11186K [0x0000000081000000, 0x0000000086580000, 0x00000000d5b00000)
  object space 87552K, 12% used [0x0000000081000000,0x0000000081aec980,0x0000000086580000)
 Metaspace       used 19627K, capacity 21120K, committed 21248K, reserved 1067008K
  class space    used 2944K, capacity 3218K, committed 3328K, reserved 1048576K
Event: 2.519 GC heap after
Heap after GC invocations=5 (full 0):
 PSYoungGen      total 71680K, used 5104K [0x00000000d5b00000, 0x00000000df700000, 0x0000000100000000)
  eden space 66560K, 0% used [0x00000000d5b00000,0x00000000d5b00000,0x00000000d9c00000)
  from space 5120K, 99% used [0x00000000d9c00000,0x00000000da0fc040,0x00000000da100000)
  to   space 13312K, 0% used [0x00000000dea00000,0x00000000dea00000,0x00000000df700000)
 ParOldGen       total 87552K, used 13784K [0x0000000081000000, 0x0000000086580000, 0x00000000d5b00000)
  object space 87552K, 15% used [0x0000000081000000,0x0000000081d763b0,0x0000000086580000)
 Metaspace       used 19627K, capacity 21120K, committed 21248K, reserved 1067008K
  class space    used 2944K, capacity 3218K, committed 3328K, reserved 1048576K
}
Event: 2.519 GC heap before
{Heap before GC invocations=6 (full 1):
 PSYoungGen      total 71680K, used 5104K [0x00000000d5b00000, 0x00000000df700000, 0x0000000100000000)
  eden space 66560K, 0% used [0x00000000d5b00000,0x00000000d5b00000,0x00000000d9c00000)
  from space 5120K, 99% used [0x00000000d9c00000,0x00000000da0fc040,0x00000000da100000)
  to   space 13312K, 0% used [0x00000000dea00000,0x00000000dea00000,0x00000000df700000)
 ParOldGen       total 87552K, used 13784K [0x0000000081000000, 0x0000000086580000, 0x00000000d5b00000)
  object space 87552K, 15% used [0x0000000081000000,0x0000000081d763b0,0x0000000086580000)
 Metaspace       used 19627K, capacity 21120K, committed 21248K, reserved 1067008K
  class space    used 2944K, capacity 3218K, committed 3328K, reserved 1048576K
Event: 2.605 GC heap after
Heap after GC invocations=6 (full 1):
 PSYoungGen      total 71680K, used 0K [0x00000000d5b00000, 0x00000000df700000, 0x0000000100000000)
  eden space 66560K, 0% used [0x00000000d5b00000,0x00000000d5b00000,0x00000000d9c00000)
  from space 5120K, 0% used [0x00000000d9c00000,0x00000000d9c00000,0x00000000da100000)
  to   space 13312K, 0% used [0x00000000dea00000,0x00000000dea00000,0x00000000df700000)
 ParOldGen       total 78848K, used 18387K [0x0000000081000000, 0x0000000085d00000, 0x00000000d5b00000)
  object space 78848K, 23% used [0x0000000081000000,0x00000000821f4d98,0x0000000085d00000)
 Metaspace       used 19627K, capacity 21120K, committed 21248K, reserved 1067008K
  class space    used 2944K, capacity 3218K, committed 3328K, reserved 1048576K
}
Event: 18.004 GC heap before
{Heap before GC invocations=7 (full 1):
 PSYoungGen      total 71680K, used 66560K [0x00000000d5b00000, 0x00000000df700000, 0x0000000100000000)
  eden space 66560K, 100% used [0x00000000d5b00000,0x00000000d9c00000,0x00000000d9c00000)
  from space 5120K, 0% used [0x00000000d9c00000,0x00000000d9c00000,0x00000000da100000)
  to   space 13312K, 0% used [0x00000000dea00000,0x00000000dea00000,0x00000000df700000)
 ParOldGen       total 78848K, used 18387K [0x0000000081000000, 0x0000000085d00000, 0x00000000d5b00000)
  object space 78848K, 23% used [0x0000000081000000,0x00000000821f4d98,0x0000000085d00000)
 Metaspace       used 29193K, capacity 30978K, committed 31104K, reserved 1075200K
  class space    used 4097K, capacity 4423K, committed 4480K, reserved 1048576K
Event: 18.032 GC heap after
Heap after GC invocations=7 (full 1):
 PSYoungGen      total 104960K, used 13296K [0x00000000d5b00000, 0x00000000df700000, 0x0000000100000000)
  eden space 91648K, 0% used [0x00000000d5b00000,0x00000000d5b00000,0x00000000db480000)
  from space 13312K, 99% used [0x00000000dea00000,0x00000000df6fc1f0,0x00000000df700000)
  to   space 17408K, 0% used [0x00000000dd500000,0x00000000dd500000,0x00000000de600000)
 ParOldGen       total 78848K, used 21606K [0x0000000081000000, 0x0000000085d00000, 0x00000000d5b00000)
  object space 78848K, 27% used [0x0000000081000000,0x0000000082519ad8,0x0000000085d00000)
 Metaspace       used 29193K, capacity 30978K, committed 31104K, reserved 1075200K
  class space    used 4097K, capacity 4423K, committed 4480K, reserved 1048576K
}

Deoptimization events (10 events):
Event: 18.350 Thread 0x0000000021728800 Uncommon trap: reason=unstable_if action=reinterpret pc=0x0000000003a22974 method=java.lang.String.indexOf([CII[CIII)I @ 27
Event: 19.024 Thread 0x0000000019c71800 Uncommon trap: reason=class_check action=maybe_recompile pc=0x00000000036918f0 method=java.io.FilterInputStream.read()I @ 4
Event: 19.024 Thread 0x0000000019c71800 Uncommon trap: reason=class_check action=maybe_recompile pc=0x00000000036918f0 method=java.io.FilterInputStream.read()I @ 4
Event: 19.024 Thread 0x0000000019c71800 Uncommon trap: reason=class_check action=maybe_recompile pc=0x00000000036918f0 method=java.io.FilterInputStream.read()I @ 4
Event: 19.024 Thread 0x0000000019c71800 Uncommon trap: reason=class_check action=maybe_recompile pc=0x00000000036918f0 method=java.io.FilterInputStream.read()I @ 4
Event: 19.054 Thread 0x0000000019c71800 Uncommon trap: reason=class_check action=maybe_recompile pc=0x0000000003f69cdc method=javafx.scene.Node.updateLocalToParentTransform()V @ 11
Event: 19.054 Thread 0x0000000019c71800 Uncommon trap: reason=class_check action=maybe_recompile pc=0x0000000003f69cdc method=javafx.scene.Node.updateLocalToParentTransform()V @ 11
Event: 27.972 Thread 0x0000000019c71800 Uncommon trap: reason=null_check action=make_not_entrant pc=0x00000000034ea768 method=javafx.scene.Node$MiscProperties.getClip()Ljavafx/scene/Node; @ 20
Event: 27.972 Thread 0x0000000019c71800 Uncommon trap: reason=class_check action=maybe_recompile pc=0x0000000003f69cdc method=javafx.scene.Node.updateLocalToParentTransform()V @ 11
Event: 29.487 Thread 0x0000000019c71800 Uncommon trap: reason=null_check action=make_not_entrant pc=0x0000000003cd82d0 method=javafx.scene.Node$MiscProperties.getEffect()Ljavafx/scene/effect/Effect; @ 20

Internal exceptions (10 events):
Event: 3.719 Thread 0x0000000019c71800 Exception <a 'java/lang/ClassNotFoundException': org/apache/shiro/realm/text/TextConfigurationRealmCustomizer> (0x00000000d816bea8) thrown at [C:\re\workspace\8-2-build-windows-amd64-cygwin\jdk8u121\8372\hotspot\src\share\vm\classfile\systemDictionary.cpp
Event: 3.721 Thread 0x0000000019c71800 Exception <a 'java/lang/ClassNotFoundException': org/apache/shiro/realm/text/IniRealmCustomizer> (0x00000000d8183178) thrown at [C:\re\workspace\8-2-build-windows-amd64-cygwin\jdk8u121\8372\hotspot\src\share\vm\classfile\systemDictionary.cpp, line 210]
Event: 17.590 Thread 0x0000000021728800 Implicit null exception at 0x00000000035161f7 to 0x0000000003516cd1
Event: 17.793 Thread 0x0000000021728800 Implicit null exception at 0x000000000351b51b to 0x000000000351bee9
Event: 17.803 Thread 0x0000000021728800 Implicit null exception at 0x000000000351ff5b to 0x0000000003520929
Event: 18.033 Thread 0x0000000021728800 Implicit null exception at 0x0000000003510021 to 0x0000000003510665
Event: 18.753 Thread 0x0000000021728800 Exception <a 'java/net/SocketTimeoutException': Read timed out> (0x00000000d666b3f8) thrown at [C:\re\workspace\8-2-build-windows-amd64-cygwin\jdk8u121\8372\hotspot\src\share\vm\prims\jni.cpp, line 735]
Event: 27.972 Thread 0x0000000019c71800 Implicit null exception at 0x00000000034e9fb8 to 0x00000000034ea759
Event: 29.487 Thread 0x0000000019c71800 Implicit null exception at 0x0000000003cd7947 to 0x0000000003cd82b9
Event: 29.898 Thread 0x000000002172e800 Exception <a 'java/lang/IllegalStateException'> (0x00000000d6ceffb8) thrown at [C:\re\workspace\8-2-build-windows-amd64-cygwin\jdk8u121\8372\hotspot\src\share\vm\prims\jvm.cpp, line 1394]

Events (10 events):
Event: 29.893 Executing VM operation: RevokeBias
Event: 29.894 Executing VM operation: RevokeBias done
Event: 29.894 Executing VM operation: RevokeBias
Event: 29.894 Executing VM operation: RevokeBias done
Event: 29.895 loading class com/sun/javafx/tk/quantum/QuantumRenderer
Event: 29.895 loading class com/sun/javafx/tk/quantum/QuantumRenderer done
Event: 29.897 loading class com/sun/javafx/tk/quantum/QuantumToolkit
Event: 29.897 loading class com/sun/javafx/tk/quantum/QuantumToolkit done
Event: 29.899 Thread 0x0000000017d1d800 Thread exited: 0x0000000017d1d800
Event: 29.899 Executing VM operation: Exit


Dynamic libraries:
0x00007ff74c050000 - 0x00007ff74c087000 	C:\Program Files\Java\jdk1.8.0_121\bin\javaw.exe
0x00007ffa18270000 - 0x00007ffa18441000 	C:\WINDOWS\SYSTEM32\ntdll.dll
0x00007ffa15ab0000 - 0x00007ffa15b5c000 	C:\WINDOWS\System32\KERNEL32.DLL
0x00007ffa14980000 - 0x00007ffa14b9d000 	C:\WINDOWS\System32\KERNELBASE.dll
0x00007ffa16b10000 - 0x00007ffa16bb2000 	C:\WINDOWS\System32\ADVAPI32.dll
0x00007ffa181d0000 - 0x00007ffa1826e000 	C:\WINDOWS\System32\msvcrt.dll
0x00007ffa169f0000 - 0x00007ffa16a49000 	C:\WINDOWS\System32\sechost.dll
0x00007ffa16090000 - 0x00007ffa161b1000 	C:\WINDOWS\System32\RPCRT4.dll
0x00007ffa15bc0000 - 0x00007ffa15d25000 	C:\WINDOWS\System32\USER32.dll
0x00007ffa14ba0000 - 0x00007ffa14bbe000 	C:\WINDOWS\System32\win32u.dll
0x00007ffa16000000 - 0x00007ffa16034000 	C:\WINDOWS\System32\GDI32.dll
0x00007ffa15670000 - 0x00007ffa157f2000 	C:\WINDOWS\System32\gdi32full.dll
0x00007ffa0da40000 - 0x00007ffa0dcba000 	C:\WINDOWS\WinSxS\amd64_microsoft.windows.common-controls_6595b64144ccf1df_6.0.14393.953_none_42151e83c686086b\COMCTL32.dll
0x00007ffa15d30000 - 0x00007ffa15ff8000 	C:\WINDOWS\System32\combase.dll
0x00007ffa14760000 - 0x00007ffa14855000 	C:\WINDOWS\System32\ucrtbase.dll
0x00007ffa14910000 - 0x00007ffa1497a000 	C:\WINDOWS\System32\bcryptPrimitives.dll
0x00007ffa16060000 - 0x00007ffa1608e000 	C:\WINDOWS\System32\IMM32.DLL
0x000000005d9b0000 - 0x000000005da82000 	C:\Program Files\Java\jdk1.8.0_121\jre\bin\msvcr100.dll
0x000000005e390000 - 0x000000005ec2b000 	C:\Program Files\Java\jdk1.8.0_121\jre\bin\server\jvm.dll
0x00007ffa16040000 - 0x00007ffa16048000 	C:\WINDOWS\System32\PSAPI.DLL
0x00007ffa07c30000 - 0x00007ffa07c39000 	C:\WINDOWS\SYSTEM32\WSOCK32.dll
0x00007ffa128d0000 - 0x00007ffa128f3000 	C:\WINDOWS\SYSTEM32\WINMM.dll
0x00007ffa09a10000 - 0x00007ffa09a1a000 	C:\WINDOWS\SYSTEM32\VERSION.dll
0x00007ffa16970000 - 0x00007ffa169da000 	C:\WINDOWS\System32\WS2_32.dll
0x00007ffa12870000 - 0x00007ffa1289b000 	C:\WINDOWS\SYSTEM32\WINMMBASE.dll
0x00007ffa14c60000 - 0x00007ffa14ca2000 	C:\WINDOWS\System32\cfgmgr32.dll
0x000000005e380000 - 0x000000005e38f000 	C:\Program Files\Java\jdk1.8.0_121\jre\bin\verify.dll
0x000000005e350000 - 0x000000005e379000 	C:\Program Files\Java\jdk1.8.0_121\jre\bin\java.dll
0x000000005e330000 - 0x000000005e346000 	C:\Program Files\Java\jdk1.8.0_121\jre\bin\zip.dll
0x00007ffa16cc0000 - 0x00007ffa181c8000 	C:\WINDOWS\System32\SHELL32.dll
0x00007ffa14f90000 - 0x00007ffa1566a000 	C:\WINDOWS\System32\windows.storage.dll
0x00007ffa146e0000 - 0x00007ffa1472c000 	C:\WINDOWS\System32\powrprof.dll
0x00007ffa15b60000 - 0x00007ffa15bb2000 	C:\WINDOWS\System32\shlwapi.dll
0x00007ffa14730000 - 0x00007ffa1473f000 	C:\WINDOWS\System32\kernel.appcore.dll
0x00007ffa14ee0000 - 0x00007ffa14f89000 	C:\WINDOWS\System32\shcore.dll
0x00007ffa14740000 - 0x00007ffa14754000 	C:\WINDOWS\System32\profapi.dll
0x00007ff9df550000 - 0x00007ff9df63f000 	C:\Program Files\Java\jdk1.8.0_121\jre\bin\msvcr120.dll
0x00007ff9e48c0000 - 0x00007ff9e4966000 	C:\Program Files\Java\jdk1.8.0_121\jre\bin\msvcp120.dll
0x000000005d980000 - 0x000000005d9a2000 	C:\Program Files\Java\jdk1.8.0_121\jre\bin\prism_d3d.dll
0x00007ff9e4300000 - 0x00007ff9e448d000 	C:\WINDOWS\system32\d3d9.dll
0x00007ffa11d40000 - 0x00007ffa11d66000 	C:\WINDOWS\SYSTEM32\dwmapi.dll
0x00007ffa12e10000 - 0x00007ffa12ea5000 	C:\WINDOWS\system32\uxtheme.dll
0x00007ffa16a50000 - 0x00007ffa16b0f000 	C:\WINDOWS\System32\OLEAUT32.dll
0x00007ffa14bc0000 - 0x00007ffa14c5c000 	C:\WINDOWS\System32\msvcp_win.dll
0x00007ffa161c0000 - 0x00007ffa162f8000 	C:\WINDOWS\System32\ole32.dll
0x000000005d930000 - 0x000000005d973000 	C:\Program Files\Java\jdk1.8.0_121\jre\bin\glass.dll
0x00007ffa16bc0000 - 0x00007ffa16cba000 	C:\WINDOWS\System32\COMDLG32.dll
0x00007ffa15880000 - 0x00007ffa159da000 	C:\WINDOWS\System32\MSCTF.dll
0x000000005d910000 - 0x000000005d924000 	C:\Program Files\Java\jdk1.8.0_121\jre\bin\javafx_font.dll
0x00007ffa09210000 - 0x00007ffa09479000 	C:\WINDOWS\SYSTEM32\dwrite.dll
0x00007ffa168d0000 - 0x00007ffa1696f000 	C:\WINDOWS\System32\clbcatq.dll
0x00007ffa108c0000 - 0x00007ffa10a68000 	C:\WINDOWS\SYSTEM32\WindowsCodecs.dll
0x00007ff9fa290000 - 0x00007ff9fa2d9000 	C:\WINDOWS\system32\dataexchange.dll
0x00007ffa11d70000 - 0x00007ffa12026000 	C:\WINDOWS\system32\d3d11.dll
0x00007ffa12470000 - 0x00007ffa125c1000 	C:\WINDOWS\system32\dcomp.dll
0x00007ffa13650000 - 0x00007ffa136ef000 	C:\WINDOWS\system32\dxgi.dll
0x00007ffa130f0000 - 0x00007ffa1320c000 	C:\WINDOWS\system32\twinapi.appcore.dll
0x00007ffa14620000 - 0x00007ffa1464b000 	C:\WINDOWS\system32\bcrypt.dll
0x00007ffa02a50000 - 0x00007ffa02a82000 	C:\Program Files\Common Files\Microsoft Shared\Ink\rtscom.dll
0x000000005d8e0000 - 0x000000005d903000 	C:\Program Files\Java\jdk1.8.0_121\jre\bin\javafx_iio.dll
0x000000005d8c0000 - 0x000000005d8d1000 	C:\Program Files\Java\jdk1.8.0_121\jre\bin\prism_common.dll
0x00007ffa14140000 - 0x00007ffa14157000 	C:\WINDOWS\SYSTEM32\CRYPTSP.dll
0x00007ffa13ba0000 - 0x00007ffa13bd3000 	C:\WINDOWS\system32\rsaenh.dll
0x00007ffa13e20000 - 0x00007ffa13e3f000 	C:\WINDOWS\SYSTEM32\USERENV.dll
0x00007ffa14160000 - 0x00007ffa1416b000 	C:\WINDOWS\SYSTEM32\CRYPTBASE.dll
0x000000005e310000 - 0x000000005e32a000 	C:\Program Files\Java\jdk1.8.0_121\jre\bin\net.dll
0x00007ffa13fa0000 - 0x00007ffa13ffc000 	C:\WINDOWS\system32\mswsock.dll
0x00007ffa13d20000 - 0x00007ffa13d58000 	C:\WINDOWS\SYSTEM32\IPHLPAPI.DLL
0x00007ffa16050000 - 0x00007ffa16058000 	C:\WINDOWS\System32\NSI.dll
0x00007ffa0f930000 - 0x00007ffa0f946000 	C:\WINDOWS\SYSTEM32\dhcpcsvc6.DLL
0x00007ffa0f910000 - 0x00007ffa0f92a000 	C:\WINDOWS\SYSTEM32\dhcpcsvc.DLL
0x000000005e2f0000 - 0x000000005e301000 	C:\Program Files\Java\jdk1.8.0_121\jre\bin\nio.dll
0x000000005d5f0000 - 0x000000005d614000 	C:\Program Files\Java\jdk1.8.0_121\jre\bin\sunec.dll
0x000000005e2e0000 - 0x000000005e2eb000 	C:\Program Files\Java\jdk1.8.0_121\jre\bin\sunmscapi.dll
0x00007ffa14cb0000 - 0x00007ffa14e79000 	C:\WINDOWS\System32\CRYPT32.dll
0x00007ffa146d0000 - 0x00007ffa146e0000 	C:\WINDOWS\System32\MSASN1.dll
0x00007ffa13d60000 - 0x00007ffa13e01000 	C:\WINDOWS\SYSTEM32\DNSAPI.dll
0x000000005f500000 - 0x000000005f526000 	C:\Program Files\Bonjour\mdnsNSP.dll
0x00007ffa08800000 - 0x00007ffa0880a000 	C:\Windows\System32\rasadhlp.dll
0x00007ffa0de50000 - 0x00007ffa0deba000 	C:\WINDOWS\System32\fwpuclnt.dll
0x00007ffa07cd0000 - 0x00007ffa07e62000 	C:\WINDOWS\SYSTEM32\dbghelp.dll

VM Arguments:
jvm_args: -Dfile.encoding=UTF-8 
java_command: com.jeeves.vpl.Main
java_class_path (initial): C:\Users\Daniel\workspace\JeevesMaven\target\classes;C:\Users\Daniel\workspace\JeevesMaven\poi-3.15.jar;C:\Users\Daniel\workspace\JeevesMaven\commons-lang3-3.5.jar;C:\Users\Daniel\workspace\JeevesMaven\controlsfx-8.40.12.jar;C:\Users\Daniel\.m2\repository\org\apache\shiro\shiro-core\1.3.2\shiro-core-1.3.2.jar;C:\Users\Daniel\.m2\repository\org\slf4j\slf4j-api\1.6.4\slf4j-api-1.6.4.jar;C:\Users\Daniel\.m2\repository\commons-beanutils\commons-beanutils\1.8.3\commons-beanutils-1.8.3.jar;C:\Users\Daniel\.m2\repository\com\google\firebase\firebase-admin\5.1.0\firebase-admin-5.1.0.jar;C:\Users\Daniel\.m2\repository\com\google\api-client\google-api-client\1.22.0\google-api-client-1.22.0.jar;C:\Users\Daniel\.m2\repository\com\google\oauth-client\google-oauth-client\1.22.0\google-oauth-client-1.22.0.jar;C:\Users\Daniel\.m2\repository\com\google\http-client\google-http-client-jackson2\1.22.0\google-http-client-jackson2-1.22.0.jar;C:\Users\Daniel\.m2\repository\com\fasterxml\jackson\core\jackson-core\2.1.3\jackson-core-2.1.3.jar;C:\Users\Daniel\.m2\repository\com\google\api-client\google-api-client-gson\1.22.0\google-api-client-gson-1.22.0.jar;C:\Users\Daniel\.m2\repository\com\google\http-client\google-http-client-gson\1.22.0\google-http-client-gson-1.22.0.jar;C:\Users\Daniel\.m2\repository\com\google\code\gson\gson\2.1\gson-2.1.jar;C:\Users\Daniel\.m2\repository\com\google\http-client\google-http-client\1.22.0\google-http-client-1.22.0.jar;C:\Users\Daniel\.m2\repository\com\google\code\findbugs\jsr305\1.3.9\jsr305-1.3.9.jar;C:\Users\Daniel\.m2\repository\org\apache\httpcomponents\httpclient\4.0.1\httpclient-4.0.1.jar;C:\Users\Daniel\.m2\repository\org\apache\httpcomponents\httpcore\4.0.1\httpcore-4.0.1.jar;C:\Users\Daniel\.m2\repository\commons-logging\commons-logging\1.1.1\commons-logging-1.1.1.jar;C:\Users\Daniel\.m2\repository\commons-codec\commons-codec\1.3\commons-codec-1.3.jar;C:\Users\Daniel\.m2\repository\org\json\json\20160810\json-20160
Launcher Type: SUN_STANDARD

Environment Variables:
JAVA_HOME=C:\Program Files\Java\jdk1.8.0_121
CLASSPATH=.
USERNAME=Daniel
OS=Windows_NT
PROCESSOR_IDENTIFIER=Intel64 Family 6 Model 69 Stepping 1, GenuineIntel



---------------  S Y S T E M  ---------------

OS: Windows 10.0 , 64 bit Build 14393 (10.0.14393.1198)

CPU:total 4 (2 cores per cpu, 2 threads per core) family 6 model 69 stepping 1, cmov, cx8, fxsr, mmx, sse, sse2, sse3, ssse3, sse4.1, sse4.2, popcnt, avx, avx2, aes, clmul, erms, lzcnt, ht, tsc, tscinvbit, bmi1, bmi2

Memory: 4k page, physical 8317080k(2715956k free), swap 15469568k(5890488k free)

vm_info: Java HotSpot(TM) 64-Bit Server VM (25.121-b13) for windows-amd64 JRE (1.8.0_121-b13), built on Dec 12 2016 18:21:36 by "java_re" with MS VC++ 10.0 (VS2010)

time: Fri Jun 09 18:53:22 2017
elapsed time: 30 seconds (0d 0h 0m 30s)

