#
# A fatal error has been detected by the Java Runtime Environment:
#
#  EXCEPTION_ACCESS_VIOLATION (0xc0000005) at pc=0x00000000586c78b0, pid=16284, tid=0x00000000000004d4
#
# JRE version: Java(TM) SE Runtime Environment (8.0_161-b12) (build 1.8.0_161-b12)
# Java VM: Java HotSpot(TM) 64-Bit Server VM (25.161-b12 mixed mode windows-amd64 compressed oops)
# Problematic frame:
# C  [glass.dll+0x278b0]
#
# Failed to write core dump. Minidumps are not enabled by default on client versions of Windows
#
# If you would like to submit a bug report, please visit:
#   http://bugreport.java.com/bugreport/crash.jsp
#

---------------  T H R E A D  ---------------

Current thread (0x0000000017587800):  VMThread [stack: 0x0000000018640000,0x0000000018740000] [id=1236]

siginfo: ExceptionCode=0xc0000005, reading address 0x0000000000000000

Registers:
RAX=0x0000000000000000, RBX=0x000000001a073e00, RCX=0x0000000017587800, RDX=0x0000000056dadc78
RSP=0x000000001873f1e0, RBP=0x0000000000a03618, RSI=0x0000000000a035f0, RDI=0x0000308a37210049
R8 =0x0000000000010002, R9 =0x0000000000000009, R10=0x0000308a37210049, R11=0x000000001873ef80
R12=0x0000000000000000, R13=0x0000000000000040, R14=0x000000001873f2f8, R15=0x0000000000a035f0
RIP=0x00000000586c78b0, EFLAGS=0x0000000000010206

Top of Stack: (sp=0x000000001873f1e0)
0x000000001873f1e0:   0000000000000000 00007ffe006bd92b
0x000000001873f1f0:   0000000000a03600 0000000000a03600
0x000000001873f200:   fffffffffffffffe 0000000000a03618
0x000000001873f210:   0000000000a035f8 00007ffe006c1243
0x000000001873f220:   00000000586dc1b0 00007ffe00000000
0x000000001873f230:   000066f9095f7134 0000000000000000
0x000000001873f240:   fffffffffffffffe 00007ffe006c0f0d
0x000000001873f250:   0000000000000001 00000000586a0000
0x000000001873f260:   00000000028c1638 00000000586c48dc
0x000000001873f270:   000000001873f2e8 00007ffe006c1017
0x000000001873f280:   0000000000000000 000000001873f2f8
0x000000001873f290:   0000000017495500 00007ffe0079b080
0x000000001873f2a0:   0000000000000000 00007ffe006c0fd4
0x000000001873f2b0:   0000000000000000 0000000000000001
0x000000001873f2c0:   0000000019fab3a0 000000001873f2e8
0x000000001873f2d0:   0000000000000000 00000000586c4752 

Instructions: (pc=0x00000000586c78b0)
0x00000000586c7890:   40 53 48 83 ec 30 48 c7 44 24 20 fe ff ff ff 48
0x00000000586c78a0:   8b 1d 7a 72 01 00 48 85 db 74 16 e8 00 81 ff ff
0x00000000586c78b0:   4c 8b 00 48 8b d3 48 8b c8 41 ff 90 b0 00 00 00
0x00000000586c78c0:   90 48 83 c4 30 5b c3 cc cc cc cc cc cc cc cc cc 


Register to memory mapping:

RAX=0x0000000000000000 is an unknown value
RBX=0x000000001a073e00 is a global jni handle
RCX=0x0000000017587800 is an unknown value
RDX=0x0000000056dadc78 is an unknown value
RSP=0x000000001873f1e0 is an unknown value
RBP=0x0000000000a03618 is an unknown value
RSI=0x0000000000a035f0 is an unknown value
RDI=0x0000308a37210049 is an unknown value
R8 =0x0000000000010002 is an unknown value
R9 =0x0000000000000009 is an unknown value
R10=0x0000308a37210049 is an unknown value
R11=0x000000001873ef80 is an unknown value
R12=0x0000000000000000 is an unknown value
R13=0x0000000000000040 is an unknown value
R14=0x000000001873f2f8 is an unknown value
R15=0x0000000000a035f0 is an unknown value


Stack: [0x0000000018640000,0x0000000018740000],  sp=0x000000001873f1e0,  free space=1020k
Native frames: (J=compiled Java code, j=interpreted, Vv=VM code, C=native code)
C  [glass.dll+0x278b0]
C  [ucrtbase.dll+0x11243]
C  [ucrtbase.dll+0x11017]
C  [ucrtbase.dll+0x10fd4]
C  [glass.dll+0x24752]
C  [glass.dll+0x24850]
C  [ntdll.dll+0x34053]
C  [ntdll.dll+0x40a05]
C  [ntdll.dll+0x408c8]
C  [KERNEL32.DLL+0x1b19a]
C  [msvcr100.dll+0x20ccd]
V  [jvm.dll+0x212e95]
V  [jvm.dll+0x24c227]
V  [jvm.dll+0x24b4c6]
V  [jvm.dll+0x24b961]
V  [jvm.dll+0x24bb7e]
V  [jvm.dll+0x29cc4a]
C  [msvcr100.dll+0x21d9f]
C  [msvcr100.dll+0x21e3b]
C  [KERNEL32.DLL+0x13034]
C  [ntdll.dll+0x71461]

VM_Operation (0x000000001a33a7e0): Exit, mode: safepoint, requested by thread 0x000000001930c000


---------------  P R O C E S S  ---------------

Java Threads: ( => current thread )
  0x0000000019c31800 JavaThread "Prism Font Disposer" daemon [_thread_blocked, id=4744, stack(0x0000000023da0000,0x0000000023ea0000)]
  0x0000000019aa6000 JavaThread "JavaFX-Launcher" [_thread_blocked, id=2356, stack(0x0000000021010000,0x0000000021110000)]
  0x0000000019aa5000 JavaThread "Thread-2" daemon [_thread_in_native, id=18964, stack(0x0000000020f10000,0x0000000021010000)]
  0x000000001930c000 JavaThread "JavaFX Application Thread" [_thread_blocked, id=9856, stack(0x000000001a240000,0x000000001a340000)]
  0x00000000192f2800 JavaThread "Thread-1" daemon [_thread_blocked, id=10424, stack(0x0000000019940000,0x0000000019a40000)]
  0x00000000192c3000 JavaThread "QuantumRenderer-0" daemon [_thread_blocked, id=1776, stack(0x00000000196a0000,0x00000000197a0000)]
  0x0000000018f55800 JavaThread "Service Thread" daemon [_thread_blocked, id=16192, stack(0x0000000019330000,0x0000000019430000)]
  0x00000000175da000 JavaThread "C1 CompilerThread2" daemon [_thread_blocked, id=25532, stack(0x0000000018e30000,0x0000000018f30000)]
  0x00000000175c5800 JavaThread "C2 CompilerThread1" daemon [_thread_blocked, id=20376, stack(0x0000000018d30000,0x0000000018e30000)]
  0x00000000175bd800 JavaThread "C2 CompilerThread0" daemon [_thread_blocked, id=16844, stack(0x0000000018c30000,0x0000000018d30000)]
  0x00000000175ce800 JavaThread "Attach Listener" daemon [_thread_blocked, id=10388, stack(0x0000000018b30000,0x0000000018c30000)]
  0x00000000175cb800 JavaThread "Signal Dispatcher" daemon [_thread_blocked, id=18916, stack(0x0000000018a30000,0x0000000018b30000)]
  0x0000000002ace800 JavaThread "Finalizer" daemon [_thread_blocked, id=12164, stack(0x0000000018840000,0x0000000018940000)]
  0x0000000002ac5000 JavaThread "Reference Handler" daemon [_thread_blocked, id=18376, stack(0x0000000018740000,0x0000000018840000)]
  0x00000000029d4800 JavaThread "main" [_thread_blocked, id=24168, stack(0x00000000028d0000,0x00000000029d0000)]

Other Threads:
=>0x0000000017587800 VMThread [stack: 0x0000000018640000,0x0000000018740000] [id=1236]

VM state:at safepoint (shutting down)

VM Mutex/Monitor currently owned by a thread:  ([mutex/lock_event])
[0x00000000029d2050] Threads_lock - owner thread: 0x0000000017587800

Heap:
 PSYoungGen      total 70656K, used 13826K [0x00000000d6000000, 0x00000000dea80000, 0x0000000100000000)
  eden space 65536K, 13% used [0x00000000d6000000,0x00000000d6884fc8,0x00000000da000000)
  from space 5120K, 99% used [0x00000000da000000,0x00000000da4fb8e0,0x00000000da500000)
  to   space 19968K, 0% used [0x00000000dd700000,0x00000000dd700000,0x00000000dea80000)
 ParOldGen       total 75776K, used 27733K [0x0000000082000000, 0x0000000086a00000, 0x00000000d6000000)
  object space 75776K, 36% used [0x0000000082000000,0x0000000083b15450,0x0000000086a00000)
 Metaspace       used 26035K, capacity 27910K, committed 28080K, reserved 1073152K
  class space    used 3823K, capacity 4165K, committed 4272K, reserved 1048576K

Card table byte_map: [0x0000000011e90000,0x0000000012290000] byte_map_base: 0x0000000011a80000

Marking Bits: (ParMarkBitMap*) 0x0000000056f9f860
 Begin Bits: [0x0000000012930000, 0x00000000148b0000)
 End Bits:   [0x00000000148b0000, 0x0000000016830000)

Polling page: 0x0000000000970000

CodeCache: size=245760Kb used=12718Kb max_used=12718Kb free=233041Kb
 bounds [0x0000000002ad0000, 0x0000000003750000, 0x0000000011ad0000]
 total_blobs=4976 nmethods=4248 adapters=639
 compilation: enabled

Compilation events (10 events):
Event: 5.425 Thread 0x00000000175da000 nmethod 4267 0x0000000003741890 code [0x0000000003741a00, 0x0000000003741c08]
Event: 5.505 Thread 0x00000000175da000 4268       3       java.util.concurrent.LinkedBlockingDeque::unlinkFirst (74 bytes)
Event: 5.506 Thread 0x00000000175da000 nmethod 4268 0x0000000003741cd0 code [0x0000000003741e80, 0x00000000037423e8]
Event: 5.506 Thread 0x00000000175da000 4269       3       java.util.concurrent.locks.AbstractQueuedSynchronizer::isOnSyncQueue (33 bytes)
Event: 5.507 Thread 0x00000000175da000 nmethod 4269 0x0000000003742650 code [0x00000000037427c0, 0x0000000003742b50]
Event: 5.594 Thread 0x00000000175da000 4270       3       com.sun.javafx.event.EventDispatchChainImpl::insertFirst (42 bytes)
Event: 5.595 Thread 0x00000000175da000 nmethod 4270 0x0000000003742c90 code [0x0000000003742e00, 0x00000000037430b0]
Event: 5.599 Thread 0x00000000175da000 4271       1       java.util.logging.Logger::getName (5 bytes)
Event: 5.599 Thread 0x00000000175da000 nmethod 4271 0x00000000037431d0 code [0x0000000003743320, 0x0000000003743430]
Event: 5.599 Thread 0x00000000175da000 4272       3       jdk.internal.org.objectweb.asm.FieldVisitor::<init> (35 bytes)

GC Heap History (10 events):
Event: 1.775 GC heap before
{Heap before GC invocations=2 (full 0):
 PSYoungGen      total 37888K, used 36881K [0x00000000d6000000, 0x00000000d8a00000, 0x0000000100000000)
  eden space 32768K, 99% used [0x00000000d6000000,0x00000000d7fff868,0x00000000d8000000)
  from space 5120K, 80% used [0x00000000d8000000,0x00000000d8404be0,0x00000000d8500000)
  to   space 5120K, 0% used [0x00000000d8500000,0x00000000d8500000,0x00000000d8a00000)
 ParOldGen       total 86016K, used 16K [0x0000000082000000, 0x0000000087400000, 0x00000000d6000000)
  object space 86016K, 0% used [0x0000000082000000,0x0000000082004000,0x0000000087400000)
 Metaspace       used 17179K, capacity 17770K, committed 17920K, reserved 1064960K
  class space    used 2305K, capacity 2485K, committed 2560K, reserved 1048576K
Event: 1.784 GC heap after
Heap after GC invocations=2 (full 0):
 PSYoungGen      total 37888K, used 5097K [0x00000000d6000000, 0x00000000d8a00000, 0x0000000100000000)
  eden space 32768K, 0% used [0x00000000d6000000,0x00000000d6000000,0x00000000d8000000)
  from space 5120K, 99% used [0x00000000d8500000,0x00000000d89fa5a0,0x00000000d8a00000)
  to   space 5120K, 0% used [0x00000000d8000000,0x00000000d8000000,0x00000000d8500000)
 ParOldGen       total 86016K, used 10849K [0x0000000082000000, 0x0000000087400000, 0x00000000d6000000)
  object space 86016K, 12% used [0x0000000082000000,0x0000000082a98768,0x0000000087400000)
 Metaspace       used 17179K, capacity 17770K, committed 17920K, reserved 1064960K
  class space    used 2305K, capacity 2485K, committed 2560K, reserved 1048576K
}
Event: 2.157 GC heap before
{Heap before GC invocations=3 (full 0):
 PSYoungGen      total 37888K, used 37865K [0x00000000d6000000, 0x00000000d8a00000, 0x0000000100000000)
  eden space 32768K, 100% used [0x00000000d6000000,0x00000000d8000000,0x00000000d8000000)
  from space 5120K, 99% used [0x00000000d8500000,0x00000000d89fa5a0,0x00000000d8a00000)
  to   space 5120K, 0% used [0x00000000d8000000,0x00000000d8000000,0x00000000d8500000)
 ParOldGen       total 86016K, used 10849K [0x0000000082000000, 0x0000000087400000, 0x00000000d6000000)
  object space 86016K, 12% used [0x0000000082000000,0x0000000082a98768,0x0000000087400000)
 Metaspace       used 20030K, capacity 20822K, committed 20992K, reserved 1067008K
  class space    used 2856K, capacity 3047K, committed 3072K, reserved 1048576K
Event: 2.165 GC heap after
Heap after GC invocations=3 (full 0):
 PSYoungGen      total 37888K, used 5113K [0x00000000d6000000, 0x00000000daa00000, 0x0000000100000000)
  eden space 32768K, 0% used [0x00000000d6000000,0x00000000d6000000,0x00000000d8000000)
  from space 5120K, 99% used [0x00000000d8000000,0x00000000d84fe590,0x00000000d8500000)
  to   space 5120K, 0% used [0x00000000da500000,0x00000000da500000,0x00000000daa00000)
 ParOldGen       total 86016K, used 13172K [0x0000000082000000, 0x0000000087400000, 0x00000000d6000000)
  object space 86016K, 15% used [0x0000000082000000,0x0000000082cdd0c8,0x0000000087400000)
 Metaspace       used 20030K, capacity 20822K, committed 20992K, reserved 1067008K
  class space    used 2856K, capacity 3047K, committed 3072K, reserved 1048576K
}
Event: 2.319 GC heap before
{Heap before GC invocations=4 (full 0):
 PSYoungGen      total 37888K, used 22187K [0x00000000d6000000, 0x00000000daa00000, 0x0000000100000000)
  eden space 32768K, 52% used [0x00000000d6000000,0x00000000d70aca10,0x00000000d8000000)
  from space 5120K, 99% used [0x00000000d8000000,0x00000000d84fe590,0x00000000d8500000)
  to   space 5120K, 0% used [0x00000000da500000,0x00000000da500000,0x00000000daa00000)
 ParOldGen       total 86016K, used 13172K [0x0000000082000000, 0x0000000087400000, 0x00000000d6000000)
  object space 86016K, 15% used [0x0000000082000000,0x0000000082cdd0c8,0x0000000087400000)
 Metaspace       used 20310K, capacity 21224K, committed 21296K, reserved 1067008K
  class space    used 2905K, capacity 3098K, committed 3120K, reserved 1048576K
Event: 2.324 GC heap after
Heap after GC invocations=4 (full 0):
 PSYoungGen      total 70656K, used 5113K [0x00000000d6000000, 0x00000000daa00000, 0x0000000100000000)
  eden space 65536K, 0% used [0x00000000d6000000,0x00000000d6000000,0x00000000da000000)
  from space 5120K, 99% used [0x00000000da500000,0x00000000da9fe590,0x00000000daa00000)
  to   space 5120K, 0% used [0x00000000da000000,0x00000000da000000,0x00000000da500000)
 ParOldGen       total 86016K, used 13643K [0x0000000082000000, 0x0000000087400000, 0x00000000d6000000)
  object space 86016K, 15% used [0x0000000082000000,0x0000000082d52d18,0x0000000087400000)
 Metaspace       used 20310K, capacity 21224K, committed 21296K, reserved 1067008K
  class space    used 2905K, capacity 3098K, committed 3120K, reserved 1048576K
}
Event: 2.324 GC heap before
{Heap before GC invocations=5 (full 1):
 PSYoungGen      total 70656K, used 5113K [0x00000000d6000000, 0x00000000daa00000, 0x0000000100000000)
  eden space 65536K, 0% used [0x00000000d6000000,0x00000000d6000000,0x00000000da000000)
  from space 5120K, 99% used [0x00000000da500000,0x00000000da9fe590,0x00000000daa00000)
  to   space 5120K, 0% used [0x00000000da000000,0x00000000da000000,0x00000000da500000)
 ParOldGen       total 86016K, used 13643K [0x0000000082000000, 0x0000000087400000, 0x00000000d6000000)
  object space 86016K, 15% used [0x0000000082000000,0x0000000082d52d18,0x0000000087400000)
 Metaspace       used 20310K, capacity 21224K, committed 21296K, reserved 1067008K
  class space    used 2905K, capacity 3098K, committed 3120K, reserved 1048576K
Event: 2.354 GC heap after
Heap after GC invocations=5 (full 1):
 PSYoungGen      total 70656K, used 0K [0x00000000d6000000, 0x00000000daa00000, 0x0000000100000000)
  eden space 65536K, 0% used [0x00000000d6000000,0x00000000d6000000,0x00000000da000000)
  from space 5120K, 0% used [0x00000000da500000,0x00000000da500000,0x00000000daa00000)
  to   space 5120K, 0% used [0x00000000da000000,0x00000000da000000,0x00000000da500000)
 ParOldGen       total 75776K, used 16992K [0x0000000082000000, 0x0000000086a00000, 0x00000000d6000000)
  object space 75776K, 22% used [0x0000000082000000,0x00000000830980a0,0x0000000086a00000)
 Metaspace       used 20310K, capacity 21224K, committed 21296K, reserved 1067008K
  class space    used 2905K, capacity 3098K, committed 3120K, reserved 1048576K
}
Event: 3.746 GC heap before
{Heap before GC invocations=6 (full 1):
 PSYoungGen      total 70656K, used 65536K [0x00000000d6000000, 0x00000000daa00000, 0x0000000100000000)
  eden space 65536K, 100% used [0x00000000d6000000,0x00000000da000000,0x00000000da000000)
  from space 5120K, 0% used [0x00000000da500000,0x00000000da500000,0x00000000daa00000)
  to   space 5120K, 0% used [0x00000000da000000,0x00000000da000000,0x00000000da500000)
 ParOldGen       total 75776K, used 16992K [0x0000000082000000, 0x0000000086a00000, 0x00000000d6000000)
  object space 75776K, 22% used [0x0000000082000000,0x00000000830980a0,0x0000000086a00000)
 Metaspace       used 25590K, capacity 27430K, committed 27696K, reserved 1073152K
  class space    used 3781K, capacity 4103K, committed 4144K, reserved 1048576K
Event: 3.762 GC heap after
Heap after GC invocations=6 (full 1):
 PSYoungGen      total 70656K, used 5102K [0x00000000d6000000, 0x00000000dea80000, 0x0000000100000000)
  eden space 65536K, 0% used [0x00000000d6000000,0x00000000d6000000,0x00000000da000000)
  from space 5120K, 99% used [0x00000000da000000,0x00000000da4fb8e0,0x00000000da500000)
  to   space 19968K, 0% used [0x00000000dd700000,0x00000000dd700000,0x00000000dea80000)
 ParOldGen       total 75776K, used 27733K [0x0000000082000000, 0x0000000086a00000, 0x00000000d6000000)
  object space 75776K, 36% used [0x0000000082000000,0x0000000083b15450,0x0000000086a00000)
 Metaspace       used 25590K, capacity 27430K, committed 27696K, reserved 1073152K
  class space    used 3781K, capacity 4103K, committed 4144K, reserved 1048576K
}

Deoptimization events (10 events):
Event: 3.642 Thread 0x00000000192c3000 Uncommon trap: reason=bimorphic action=maybe_recompile pc=0x0000000003512260 method=java.util.WeakHashMap.eq(Ljava/lang/Object;Ljava/lang/Object;)Z @ 7
Event: 3.643 Thread 0x00000000192c3000 Uncommon trap: reason=bimorphic action=maybe_recompile pc=0x0000000003512260 method=java.util.WeakHashMap.eq(Ljava/lang/Object;Ljava/lang/Object;)Z @ 7
Event: 3.643 Thread 0x00000000192c3000 Uncommon trap: reason=bimorphic action=maybe_recompile pc=0x0000000003512260 method=java.util.WeakHashMap.eq(Ljava/lang/Object;Ljava/lang/Object;)Z @ 7
Event: 3.794 Thread 0x000000001930c000 Uncommon trap: reason=unstable_if action=reinterpret pc=0x000000000357ff58 method=javafx.scene.CssStyleHelper.canReuseStyleHelper(Ljavafx/scene/Node;Lcom/sun/javafx/css/StyleMap;)Z @ 57
Event: 3.811 Thread 0x000000001930c000 Uncommon trap: reason=unstable_if action=reinterpret pc=0x000000000353209c method=com.sun.javafx.css.BitSet.retainAll(Ljava/util/Collection;)Z @ 89
Event: 3.825 Thread 0x000000001930c000 Uncommon trap: reason=unstable_if action=reinterpret pc=0x00000000035ed2e8 method=java.lang.StrictMath.floorOrCeil(DDDD)D @ 24
Event: 3.831 Thread 0x000000001930c000 Uncommon trap: reason=unstable_if action=reinterpret pc=0x000000000358c394 method=javafx.scene.Node.markDirtyLayoutBranch()V @ 16
Event: 3.832 Thread 0x000000001930c000 Uncommon trap: reason=unstable_if action=reinterpret pc=0x00000000035cdab8 method=javafx.scene.Node.impl_markDirty(Lcom/sun/javafx/scene/DirtyBits;)V @ 4
Event: 3.859 Thread 0x000000001930c000 Uncommon trap: reason=unstable_if action=reinterpret pc=0x00000000031516a8 method=jdk.internal.org.objectweb.asm.Type.getArgumentsAndReturnSizes(Ljava/lang/String;)I @ 47
Event: 4.108 Thread 0x000000001930c000 Uncommon trap: reason=unstable_if action=reinterpret pc=0x000000000329fbc4 method=java.util.EnumMap.isValidKey(Ljava/lang/Object;)Z @ 16

Classes redefined (0 events):
No events

Internal exceptions (10 events):
Event: 1.273 Thread 0x000000001930c000 Exception <a 'java/io/FileNotFoundException'> (0x00000000d70a4c00) thrown at [C:\re\workspace\8-2-build-windows-amd64-cygwin\jdk8u161\10277\hotspot\src\share\vm\prims\jni.cpp, line 709]
Event: 1.397 Thread 0x000000001930c000 Exception <a 'java/lang/NoClassDefFoundError': org/slf4j/impl/StaticLoggerBinder> (0x00000000d753d008) thrown at [C:\re\workspace\8-2-build-windows-amd64-cygwin\jdk8u161\10277\hotspot\src\share\vm\classfile\systemDictionary.cpp, line 199]
Event: 2.015 Thread 0x000000001930c000 Exception <a 'java/lang/ArrayIndexOutOfBoundsException': 57> (0x00000000d7451a20) thrown at [C:\re\workspace\8-2-build-windows-amd64-cygwin\jdk8u161\10277\hotspot\src\share\vm\interpreter\interpreterRuntime.cpp, line 366]
Event: 2.255 Thread 0x000000001930c000 Implicit null exception at 0x0000000002df88f5 to 0x0000000002df8b0d
Event: 2.255 Thread 0x000000001930c000 Implicit null exception at 0x0000000002f47b58 to 0x0000000002f47be6
Event: 2.518 Thread 0x000000001930c000 Implicit null exception at 0x00000000030ae0af to 0x00000000030aefa1
Event: 3.153 Thread 0x000000001930c000 Implicit null exception at 0x0000000003427e4e to 0x0000000003429759
Event: 3.352 Thread 0x000000001930c000 Implicit null exception at 0x0000000003519d80 to 0x000000000351c4b5
Event: 3.454 Thread 0x00000000192c3000 Implicit null exception at 0x00000000031605e3 to 0x0000000003160901
Event: 5.600 Thread 0x000000002641f800 Exception <a 'java/lang/IllegalStateException'> (0x00000000d67b0bf0) thrown at [C:\re\workspace\8-2-build-windows-amd64-cygwin\jdk8u161\10277\hotspot\src\share\vm\prims\jvm.cpp, line 1394]

Events (10 events):
Event: 5.598 loading class java/util/IdentityHashMap$KeyIterator done
Event: 5.598 Thread 0x000000002641f800 Thread added: 0x000000002641f800
Event: 5.598 Thread 0x00000000261e5800 Thread added: 0x00000000261e5800
Event: 5.599 loading class com/sun/javafx/tk/quantum/QuantumRenderer
Event: 5.599 loading class com/sun/javafx/tk/quantum/QuantumRenderer done
Event: 5.599 Thread 0x00000000261e5800 Thread exited: 0x00000000261e5800
Event: 5.599 loading class com/sun/javafx/tk/quantum/QuantumToolkit
Event: 5.599 loading class com/sun/javafx/tk/quantum/QuantumToolkit done
Event: 5.600 Thread 0x000000002641f800 Thread exited: 0x000000002641f800
Event: 5.600 Executing VM operation: Exit


Dynamic libraries:
0x00007ff6dd5e0000 - 0x00007ff6dd617000 	C:\Program Files\Java\jdk1.8.0_161\bin\javaw.exe
0x00007ffe03c20000 - 0x00007ffe03e01000 	C:\WINDOWS\SYSTEM32\ntdll.dll
0x00007ffe037b0000 - 0x00007ffe03862000 	C:\WINDOWS\System32\KERNEL32.DLL
0x00007ffdffff0000 - 0x00007ffe00263000 	C:\WINDOWS\System32\KERNELBASE.dll
0x00007ffe03870000 - 0x00007ffe03911000 	C:\WINDOWS\System32\ADVAPI32.dll
0x00007ffe03710000 - 0x00007ffe037ae000 	C:\WINDOWS\System32\msvcrt.dll
0x00007ffe02d20000 - 0x00007ffe02d7b000 	C:\WINDOWS\System32\sechost.dll
0x00007ffe03230000 - 0x00007ffe03354000 	C:\WINDOWS\System32\RPCRT4.dll
0x00007ffe02f20000 - 0x00007ffe030b0000 	C:\WINDOWS\System32\USER32.dll
0x00007ffe008b0000 - 0x00007ffe008d0000 	C:\WINDOWS\System32\win32u.dll
0x00007ffe02cf0000 - 0x00007ffe02d18000 	C:\WINDOWS\System32\GDI32.dll
0x00007ffe00270000 - 0x00007ffe00402000 	C:\WINDOWS\System32\gdi32full.dll
0x00007ffe00810000 - 0x00007ffe008af000 	C:\WINDOWS\System32\msvcp_win.dll
0x00007ffe006b0000 - 0x00007ffe007aa000 	C:\WINDOWS\System32\ucrtbase.dll
0x00007ffdf3500000 - 0x00007ffdf3769000 	C:\WINDOWS\WinSxS\amd64_microsoft.windows.common-controls_6595b64144ccf1df_6.0.17134.286_none_fb43982d306480cc\COMCTL32.dll
0x00007ffe03360000 - 0x00007ffe03683000 	C:\WINDOWS\System32\combase.dll
0x00007ffe00920000 - 0x00007ffe0099a000 	C:\WINDOWS\System32\bcryptPrimitives.dll
0x00007ffe039f0000 - 0x00007ffe03a1d000 	C:\WINDOWS\System32\IMM32.DLL
0x00000000586f0000 - 0x00000000587c2000 	C:\Program Files\Java\jdk1.8.0_161\jre\bin\msvcr100.dll
0x0000000056780000 - 0x000000005701f000 	C:\Program Files\Java\jdk1.8.0_161\jre\bin\server\jvm.dll
0x00007ffe01780000 - 0x00007ffe01788000 	C:\WINDOWS\System32\PSAPI.DLL
0x00007ffdfbcc0000 - 0x00007ffdfbce3000 	C:\WINDOWS\SYSTEM32\WINMM.dll
0x00007ffdf17d0000 - 0x00007ffdf17d9000 	C:\WINDOWS\SYSTEM32\WSOCK32.dll
0x00007ffe03a20000 - 0x00007ffe03a8c000 	C:\WINDOWS\System32\WS2_32.dll
0x00007ffdfbc90000 - 0x00007ffdfbcba000 	C:\WINDOWS\SYSTEM32\winmmbase.dll
0x00007ffe008d0000 - 0x00007ffe00919000 	C:\WINDOWS\System32\cfgmgr32.dll
0x00007ffdf82a0000 - 0x00007ffdf82aa000 	C:\WINDOWS\SYSTEM32\VERSION.dll
0x0000000058b10000 - 0x0000000058b1f000 	C:\Program Files\Java\jdk1.8.0_161\jre\bin\verify.dll
0x0000000058ae0000 - 0x0000000058b09000 	C:\Program Files\Java\jdk1.8.0_161\jre\bin\java.dll
0x0000000058ac0000 - 0x0000000058ad6000 	C:\Program Files\Java\jdk1.8.0_161\jre\bin\zip.dll
0x00007ffe01790000 - 0x00007ffe02bd0000 	C:\WINDOWS\System32\SHELL32.dll
0x00007ffe010b0000 - 0x00007ffe01159000 	C:\WINDOWS\System32\shcore.dll
0x00007ffe009a0000 - 0x00007ffe010ad000 	C:\WINDOWS\System32\windows.storage.dll
0x00007ffe02c90000 - 0x00007ffe02ce1000 	C:\WINDOWS\System32\shlwapi.dll
0x00007ffdfffb0000 - 0x00007ffdfffc1000 	C:\WINDOWS\System32\kernel.appcore.dll
0x00007ffdfffd0000 - 0x00007ffdfffef000 	C:\WINDOWS\System32\profapi.dll
0x00007ffdfff50000 - 0x00007ffdfff9c000 	C:\WINDOWS\System32\powrprof.dll
0x00007ffdfffa0000 - 0x00007ffdfffaa000 	C:\WINDOWS\System32\FLTLIB.DLL
0x00000000027a0000 - 0x00000000027a3000 	C:\Program Files\Java\jdk1.8.0_161\jre\bin\api-ms-win-core-console-l1-1-0.dll
0x00000000027b0000 - 0x00000000027b3000 	C:\Program Files\Java\jdk1.8.0_161\jre\bin\api-ms-win-core-datetime-l1-1-0.dll
0x00000000027c0000 - 0x00000000027c3000 	C:\Program Files\Java\jdk1.8.0_161\jre\bin\api-ms-win-core-debug-l1-1-0.dll
0x00000000027e0000 - 0x00000000027e3000 	C:\Program Files\Java\jdk1.8.0_161\jre\bin\api-ms-win-core-errorhandling-l1-1-0.dll
0x00000000027f0000 - 0x00000000027f4000 	C:\Program Files\Java\jdk1.8.0_161\jre\bin\api-ms-win-core-file-l1-1-0.dll
0x0000000002800000 - 0x0000000002803000 	C:\Program Files\Java\jdk1.8.0_161\jre\bin\api-ms-win-core-file-l1-2-0.dll
0x0000000002810000 - 0x0000000002813000 	C:\Program Files\Java\jdk1.8.0_161\jre\bin\api-ms-win-core-file-l2-1-0.dll
0x0000000002820000 - 0x0000000002823000 	C:\Program Files\Java\jdk1.8.0_161\jre\bin\api-ms-win-core-handle-l1-1-0.dll
0x0000000002830000 - 0x0000000002833000 	C:\Program Files\Java\jdk1.8.0_161\jre\bin\api-ms-win-core-heap-l1-1-0.dll
0x0000000002840000 - 0x0000000002843000 	C:\Program Files\Java\jdk1.8.0_161\jre\bin\api-ms-win-core-interlocked-l1-1-0.dll
0x0000000002850000 - 0x0000000002853000 	C:\Program Files\Java\jdk1.8.0_161\jre\bin\api-ms-win-core-libraryloader-l1-1-0.dll
0x0000000002860000 - 0x0000000002863000 	C:\Program Files\Java\jdk1.8.0_161\jre\bin\api-ms-win-core-localization-l1-2-0.dll
0x0000000002870000 - 0x0000000002873000 	C:\Program Files\Java\jdk1.8.0_161\jre\bin\api-ms-win-core-memory-l1-1-0.dll
0x0000000002880000 - 0x0000000002883000 	C:\Program Files\Java\jdk1.8.0_161\jre\bin\api-ms-win-core-namedpipe-l1-1-0.dll
0x0000000002890000 - 0x0000000002893000 	C:\Program Files\Java\jdk1.8.0_161\jre\bin\api-ms-win-core-processenvironment-l1-1-0.dll
0x00000000028a0000 - 0x00000000028a3000 	C:\Program Files\Java\jdk1.8.0_161\jre\bin\api-ms-win-core-processthreads-l1-1-0.dll
0x00000000028b0000 - 0x00000000028b3000 	C:\Program Files\Java\jdk1.8.0_161\jre\bin\api-ms-win-core-processthreads-l1-1-1.dll
0x0000000019530000 - 0x0000000019533000 	C:\Program Files\Java\jdk1.8.0_161\jre\bin\api-ms-win-core-profile-l1-1-0.dll
0x0000000019540000 - 0x0000000019543000 	C:\Program Files\Java\jdk1.8.0_161\jre\bin\api-ms-win-core-rtlsupport-l1-1-0.dll
0x0000000019550000 - 0x0000000019553000 	C:\Program Files\Java\jdk1.8.0_161\jre\bin\api-ms-win-core-string-l1-1-0.dll
0x0000000019560000 - 0x0000000019563000 	C:\Program Files\Java\jdk1.8.0_161\jre\bin\api-ms-win-core-synch-l1-1-0.dll
0x0000000019570000 - 0x0000000019573000 	C:\Program Files\Java\jdk1.8.0_161\jre\bin\api-ms-win-core-synch-l1-2-0.dll
0x0000000019580000 - 0x0000000019583000 	C:\Program Files\Java\jdk1.8.0_161\jre\bin\api-ms-win-core-sysinfo-l1-1-0.dll
0x0000000019590000 - 0x0000000019593000 	C:\Program Files\Java\jdk1.8.0_161\jre\bin\api-ms-win-core-timezone-l1-1-0.dll
0x00000000195a0000 - 0x00000000195a3000 	C:\Program Files\Java\jdk1.8.0_161\jre\bin\api-ms-win-core-util-l1-1-0.dll
0x00000000195b0000 - 0x00000000195b3000 	C:\Program Files\Java\jdk1.8.0_161\jre\bin\api-ms-win-crt-conio-l1-1-0.dll
0x00000000195c0000 - 0x00000000195c4000 	C:\Program Files\Java\jdk1.8.0_161\jre\bin\api-ms-win-crt-convert-l1-1-0.dll
0x00000000195d0000 - 0x00000000195d3000 	C:\Program Files\Java\jdk1.8.0_161\jre\bin\api-ms-win-crt-environment-l1-1-0.dll
0x00000000195e0000 - 0x00000000195e3000 	C:\Program Files\Java\jdk1.8.0_161\jre\bin\api-ms-win-crt-filesystem-l1-1-0.dll
0x00000000195f0000 - 0x00000000195f3000 	C:\Program Files\Java\jdk1.8.0_161\jre\bin\api-ms-win-crt-heap-l1-1-0.dll
0x0000000019600000 - 0x0000000019603000 	C:\Program Files\Java\jdk1.8.0_161\jre\bin\api-ms-win-crt-locale-l1-1-0.dll
0x0000000019610000 - 0x0000000019615000 	C:\Program Files\Java\jdk1.8.0_161\jre\bin\api-ms-win-crt-math-l1-1-0.dll
0x0000000019620000 - 0x0000000019625000 	C:\Program Files\Java\jdk1.8.0_161\jre\bin\api-ms-win-crt-multibyte-l1-1-0.dll
0x0000000019630000 - 0x0000000019640000 	C:\Program Files\Java\jdk1.8.0_161\jre\bin\api-ms-win-crt-private-l1-1-0.dll
0x0000000019640000 - 0x0000000019643000 	C:\Program Files\Java\jdk1.8.0_161\jre\bin\api-ms-win-crt-process-l1-1-0.dll
0x0000000019650000 - 0x0000000019654000 	C:\Program Files\Java\jdk1.8.0_161\jre\bin\api-ms-win-crt-runtime-l1-1-0.dll
0x0000000019660000 - 0x0000000019664000 	C:\Program Files\Java\jdk1.8.0_161\jre\bin\api-ms-win-crt-stdio-l1-1-0.dll
0x0000000019670000 - 0x0000000019674000 	C:\Program Files\Java\jdk1.8.0_161\jre\bin\api-ms-win-crt-string-l1-1-0.dll
0x0000000019680000 - 0x0000000019683000 	C:\Program Files\Java\jdk1.8.0_161\jre\bin\api-ms-win-crt-time-l1-1-0.dll
0x0000000019690000 - 0x0000000019693000 	C:\Program Files\Java\jdk1.8.0_161\jre\bin\api-ms-win-crt-utility-l1-1-0.dll
0x00007ffdd4c60000 - 0x00007ffdd4d56000 	C:\Program Files\Java\jdk1.8.0_161\jre\bin\ucrtbase.dll
0x00007ffdd7c30000 - 0x00007ffdd7c81000 	C:\Program Files\Java\jdk1.8.0_161\jre\bin\concrt140.dll
0x00007ffdfdb90000 - 0x00007ffdfdc37000 	C:\WINDOWS\SYSTEM32\MSVCP140.dll
0x00007ffdfdc40000 - 0x00007ffdfdc56000 	C:\WINDOWS\SYSTEM32\VCRUNTIME140.dll
0x00007ffde7850000 - 0x00007ffde7866000 	C:\Program Files\Java\jdk1.8.0_161\jre\bin\vcruntime140.dll
0x00007ffdd4bc0000 - 0x00007ffdd4c5c000 	C:\Program Files\Java\jdk1.8.0_161\jre\bin\msvcp140.dll
0x0000000058a90000 - 0x0000000058ab3000 	C:\Program Files\Java\jdk1.8.0_161\jre\bin\prism_d3d.dll
0x00007ffdc7080000 - 0x00007ffdc7217000 	C:\WINDOWS\system32\d3d9.dll
0x00007ffdfe330000 - 0x00007ffdfe359000 	C:\WINDOWS\SYSTEM32\dwmapi.dll
0x00007ffdfd860000 - 0x00007ffdfd8f8000 	C:\WINDOWS\system32\uxtheme.dll
0x00007ffe01160000 - 0x00007ffe012b1000 	C:\WINDOWS\System32\ole32.dll
0x00007ffe03920000 - 0x00007ffe039e2000 	C:\WINDOWS\System32\OLEAUT32.dll
0x00000000586a0000 - 0x00000000586e9000 	C:\Program Files\Java\jdk1.8.0_161\jre\bin\glass.dll
0x00007ffe03b00000 - 0x00007ffe03bed000 	C:\WINDOWS\System32\COMDLG32.dll
0x00007ffe030b0000 - 0x00007ffe03225000 	C:\WINDOWS\System32\MSCTF.dll
0x0000000058a70000 - 0x0000000058a84000 	C:\Program Files\Java\jdk1.8.0_161\jre\bin\javafx_font.dll
0x00007ffddb5c0000 - 0x00007ffddb8dc000 	C:\WINDOWS\SYSTEM32\dwrite.dll
0x0000000058670000 - 0x0000000058694000 	C:\Program Files\Java\jdk1.8.0_161\jre\bin\sunec.dll
0x0000000058650000 - 0x000000005866a000 	C:\Program Files\Java\jdk1.8.0_161\jre\bin\net.dll
0x00007ffdff7b0000 - 0x00007ffdff816000 	C:\WINDOWS\system32\mswsock.dll
0x00007ffdff530000 - 0x00007ffdff568000 	C:\WINDOWS\SYSTEM32\IPHLPAPI.DLL
0x00007ffe012c0000 - 0x00007ffe012c8000 	C:\WINDOWS\System32\NSI.dll
0x00007ffdf83e0000 - 0x00007ffdf83f6000 	C:\WINDOWS\SYSTEM32\dhcpcsvc6.DLL
0x00007ffdf8490000 - 0x00007ffdf84aa000 	C:\WINDOWS\SYSTEM32\dhcpcsvc.DLL
0x0000000058630000 - 0x0000000058641000 	C:\Program Files\Java\jdk1.8.0_161\jre\bin\nio.dll
0x00007ffe02bd0000 - 0x00007ffe02c70000 	C:\WINDOWS\System32\clbcatq.dll
0x00007ffdfab80000 - 0x00007ffdfad2e000 	C:\WINDOWS\SYSTEM32\WindowsCodecs.dll
0x00007ffdead40000 - 0x00007ffdead98000 	C:\WINDOWS\system32\dataexchange.dll
0x00007ffdfd0a0000 - 0x00007ffdfd23c000 	C:\WINDOWS\system32\dcomp.dll
0x00007ffdfc7c0000 - 0x00007ffdfcacb000 	C:\WINDOWS\system32\d3d11.dll
0x00007ffdfecf0000 - 0x00007ffdfedab000 	C:\WINDOWS\system32\dxgi.dll
0x00007ffdfe4c0000 - 0x00007ffdfe678000 	C:\WINDOWS\system32\twinapi.appcore.dll
0x00007ffdfe410000 - 0x00007ffdfe431000 	C:\WINDOWS\system32\RMCLIENT.dll
0x00007ffde3c40000 - 0x00007ffde3c74000 	C:\Program Files\Common Files\Microsoft Shared\Ink\rtscom.dll
0x00007ffdf5e40000 - 0x00007ffdf5ed7000 	C:\WINDOWS\System32\TextInputFramework.dll
0x00007ffdfd580000 - 0x00007ffdfd65a000 	C:\WINDOWS\System32\CoreMessaging.dll
0x00007ffdfa100000 - 0x00007ffdfa41e000 	C:\WINDOWS\System32\CoreUIComponents.dll
0x00007ffdff020000 - 0x00007ffdff051000 	C:\WINDOWS\SYSTEM32\ntmarta.dll
0x00007ffdfb7f0000 - 0x00007ffdfb93d000 	C:\WINDOWS\SYSTEM32\wintypes.dll
0x0000000058600000 - 0x0000000058623000 	C:\Program Files\Java\jdk1.8.0_161\jre\bin\javafx_iio.dll
0x00000000585e0000 - 0x00000000585f2000 	C:\Program Files\Java\jdk1.8.0_161\jre\bin\prism_common.dll
0x00007ffdfe980000 - 0x00007ffdfeb49000 	C:\WINDOWS\SYSTEM32\dbghelp.dll

VM Arguments:
jvm_args: -Dfile.encoding=UTF-8 
java_command: com.jeeves.vpl.Main
java_class_path (initial): C:\Users\danie\eclipse-workspace\Jeeves\target\classes;C:\Users\danie\eclipse-workspace\Jeeves\poi-3.15.jar;C:\Users\danie\eclipse-workspace\Jeeves\commons-lang3-3.5.jar;C:\Users\danie\eclipse-workspace\Jeeves\controlsfx-8.40.12.jar;C:\Users\danie\.m2\repository\commons-codec\commons-codec\1.9\commons-codec-1.9.jar;C:\Users\danie\.m2\repository\commons-validator\commons-validator\1.4.1\commons-validator-1.4.1.jar;C:\Users\danie\.m2\repository\commons-beanutils\commons-beanutils\1.8.3\commons-beanutils-1.8.3.jar;C:\Users\danie\.m2\repository\commons-digester\commons-digester\1.8.1\commons-digester-1.8.1.jar;C:\Users\danie\.m2\repository\commons-logging\commons-logging\1.2\commons-logging-1.2.jar;C:\Users\danie\.m2\repository\commons-collections\commons-collections\3.2.1\commons-collections-3.2.1.jar;C:\Users\danie\.m2\repository\org\apache\shiro\shiro-core\1.3.2\shiro-core-1.3.2.jar;C:\Users\danie\.m2\repository\org\slf4j\slf4j-api\1.6.4\slf4j-api-1.6.4.jar;C:\Users\danie\.m2\repository\com\google\firebase\firebase-admin\5.6.0\firebase-admin-5.6.0.jar;C:\Users\danie\.m2\repository\com\google\api-client\google-api-client\1.22.0\google-api-client-1.22.0.jar;C:\Users\danie\.m2\repository\com\google\oauth-client\google-oauth-client\1.22.0\google-oauth-client-1.22.0.jar;C:\Users\danie\.m2\repository\com\google\http-client\google-http-client-jackson2\1.22.0\google-http-client-jackson2-1.22.0.jar;C:\Users\danie\.m2\repository\com\fasterxml\jackson\core\jackson-core\2.1.3\jackson-core-2.1.3.jar;C:\Users\danie\.m2\repository\com\google\api-client\google-api-client-gson\1.22.0\google-api-client-gson-1.22.0.jar;C:\Users\danie\.m2\repository\com\google\http-client\google-http-client-gson\1.22.0\google-http-client-gson-1.22.0.jar;C:\Users\danie\.m2\repository\com\google\code\gson\gson\2.1\gson-2.1.jar;C:\Users\danie\.m2\repository\com\google\http-client\google-http-client\1.22.0\google-http-client-1.22.0.jar;C:\Users\danie\.m2\repository\com\google\co
Launcher Type: SUN_STANDARD

Environment Variables:
JAVA_HOME=c:\program files\java\jdk1.8.0_161
PATH=C:/Program Files/Java/jre1.8.0_171/bin/server;C:/Program Files/Java/jre1.8.0_171/bin;C:/Program Files/Java/jre1.8.0_171/lib/amd64;C:\Program Files (x86)\Common Files\Oracle\Java\javapath;C:\ProgramData\Oracle\Java\javapath;C:\Program Files (x86)\Intel\Intel(R) Management Engine Components\iCLS\;C:\Program Files\Intel\Intel(R) Management Engine Components\iCLS\;C:\Windows\system32;C:\Windows;C:\Windows\System32\Wbem;C:\Windows\System32\WindowsPowerShell\v1.0\;C:\Program Files (x86)\Intel\Intel(R) Management Engine Components\DAL;C:\Program Files\Intel\Intel(R) Management Engine Components\DAL;C:\Program Files (x86)\Intel\Intel(R) Management Engine Components\IPT;C:\Program Files\Intel\Intel(R) Management Engine Components\IPT;C:\Program Files\Intel\WiFi\bin\;C:\Program Files\Common Files\Intel\WirelessCommon\;C:\Program Files (x86)\NVIDIA Corporation\PhysX\Common;C:\Python27;C:\Python27\Scripts;C:\Program Files\Git\cmd;C:\Program Files\Git\mingw64\bin;C:\Program Files\Git\usr\bin;C:\WINDOWS\system32;C:\WINDOWS;C:\WINDOWS\System32\Wbem;C:\WINDOWS\System32\WindowsPowerShell\v1.0\;C:\WINDOWS\System32\OpenSSH\;C:\Program Files\PuTTY\;C:\Program Files\Microsoft SQL Server\120\Tools\Binn\;C:\Users\danie\scoop\shims;c:\jruby-9.1.8.0\bin;C:\Ruby24-x64\bin;C:\Users\danie\AppData\Local\Microsoft\WindowsApps;C:\Program Files\Heroku\bin;;C:\Users\danie\OneDrive\Desktop;
USERNAME=danie
OS=Windows_NT
PROCESSOR_IDENTIFIER=Intel64 Family 6 Model 158 Stepping 9, GenuineIntel



---------------  S Y S T E M  ---------------

OS: Windows 10.0 , 64 bit Build 17134 (10.0.17134.1)

CPU:total 4 (initial active 4) (4 cores per cpu, 1 threads per core) family 6 model 158 stepping 9, cmov, cx8, fxsr, mmx, sse, sse2, sse3, ssse3, sse4.1, sse4.2, popcnt, avx, avx2, aes, clmul, erms, 3dnowpref, lzcnt, tsc, tscinvbit, bmi1, bmi2, adx

Memory: 4k page, physical 8250724k(1733608k free), swap 18736484k(7383224k free)

vm_info: Java HotSpot(TM) 64-Bit Server VM (25.161-b12) for windows-amd64 JRE (1.8.0_161-b12), built on Dec 19 2017 17:52:25 by "java_re" with MS VC++ 10.0 (VS2010)

time: Fri Oct 05 18:13:22 2018
elapsed time: 6 seconds (0d 0h 0m 6s)

