#
# A fatal error has been detected by the Java Runtime Environment:
#
#  EXCEPTION_ACCESS_VIOLATION (0xc0000005) at pc=0x00007ffc88aa66f0, pid=18776, tid=5004
#
# JRE version: OpenJDK Runtime Environment (13.0.1+9) (build 13.0.1+9)
# Java VM: OpenJDK 64-Bit Server VM (13.0.1+9, mixed mode, sharing, tiered, compressed oops, g1 gc, windows-amd64)
# Problematic frame:
# C  [glass.dll+0x266f0]
#
# No core dump will be written. Minidumps are not enabled by default on client versions of Windows
#
# If you would like to submit a bug report, please visit:
#   http://bugreport.java.com/bugreport/crash.jsp
#

---------------  S U M M A R Y ------------

Command Line: -Dfile.encoding=UTF-8 com.jeeves.vpl.NewMain

Host: Intel(R) Core(TM) i5-7300HQ CPU @ 2.50GHz, 4 cores, 7G,  Windows 10 , 64 bit Build 18362 (10.0.18362.329)
Time: Wed Mar 11 14:02:33 2020 GMT Standard Time elapsed time: 8 seconds (0d 0h 0m 8s)

---------------  T H R E A D  ---------------

Current thread (0x0000018e7ee08800):  VMThread "VM Thread" [stack: 0x0000008461000000,0x0000008461100000] [id=5004]

Stack: [0x0000008461000000,0x0000008461100000],  sp=0x00000084610ff090,  free space=1020k
Native frames: (J=compiled Java code, j=interpreted, Vv=VM code, C=native code)
C  [glass.dll+0x266f0]


siginfo: EXCEPTION_ACCESS_VIOLATION (0xc0000005), reading address 0x0000000000000000


Register to memory mapping:

RIP=0x00007ffc88aa66f0 glass.dll
RAX=0x0 is NULL
RBX=0x0000018e7ee1dbd0 is a global jni handle
RCX=0x0000018e7ee08800 points into unknown readable memory: 20 ac b7 23 fc 7f 00 00
RDX=0x00000084610ff090 points into unknown readable memory: 00 00 00 00 00 00 00 00
RSP=0x00000084610ff090 points into unknown readable memory: 00 00 00 00 00 00 00 00
RBP=0x0000018e7fb5dce8 points into unknown readable memory: d8 e3 d8 f8 c0 3c 00 00
RSI=0x0000018e7fb5dcc0 points into unknown readable memory: a7 e3 d8 94 f6 96 88 fc
RDI=0x00003cc0f8d8e3d8 is an unknown value
R8 =0x0000000000010002 is an unknown value
R9 =0x00003cc0f8d8e3d8 is an unknown value
R10=0x0000000000008000 is an unknown value
R11=0x00000084610ff030 points into unknown readable memory: c0 dc b5 7f 8e 01 00 00
R12=0x00007ffc88aa3b84 glass.dll
R13=0x0000018e7ee076f8 points into unknown readable memory: 00 88 e0 7e 8e 01 00 00
R14=0x00000084610ff198 points into unknown readable memory: 80 f1 0f 61 84 00 00 00
R15=0x0000018e7fb5dcc0 points into unknown readable memory: a7 e3 d8 94 f6 96 88 fc


Registers:
RAX=0x0000000000000000, RBX=0x0000018e7ee1dbd0, RCX=0x0000018e7ee08800, RDX=0x00000084610ff090
RSP=0x00000084610ff090, RBP=0x0000018e7fb5dce8, RSI=0x0000018e7fb5dcc0, RDI=0x00003cc0f8d8e3d8
R8 =0x0000000000010002, R9 =0x00003cc0f8d8e3d8, R10=0x0000000000008000, R11=0x00000084610ff030
R12=0x00007ffc88aa3b84, R13=0x0000018e7ee076f8, R14=0x00000084610ff198, R15=0x0000018e7fb5dcc0
RIP=0x00007ffc88aa66f0, EFLAGS=0x0000000000010206

Top of Stack: (sp=0x00000084610ff090)
0x00000084610ff090:   0000000000000000 00007ffc970614cb
0x00000084610ff0a0:   0000018e7fb5dcd0 0000018e7fb5dcc0
0x00000084610ff0b0:   fffffffffffffffe 00007ffc88aba1a0
0x00000084610ff0c0:   0000018e7fb5dcc8 00007ffc97069d06
0x00000084610ff0d0:   0000018e7fb5dcd0 0000018e00000000
0x00000084610ff0e0:   0000000000000000 00007ffc97069f46
0x00000084610ff0f0:   fffffffffffffffe 0000000000000000
0x00000084610ff100:   0000000000000001 00007ffc88a80000
0x00000084610ff110:   00000084610ff188 00007ffc97069c2b
0x00000084610ff120:   0000000000000000 00000084610ff198
0x00000084610ff130:   00000084610ff450 00007ffc9713bc20
0x00000084610ff140:   0000000000000000 00007ffc97069be4
0x00000084610ff150:   0000000000000000 0000000000000001
0x00000084610ff160:   00007ffc0000000d 00000084610ff188
0x00000084610ff170:   0000000000000000 00007ffc88aa3a12
0x00000084610ff180:   00007ffc88abd118 00007ffc00000002 

Instructions: (pc=0x00007ffc88aa66f0)
0x00007ffc88aa65f0:   8b 4d 60 e8 98 c9 ff ff 48 8b 55 68 48 8b 8d 08
0x00007ffc88aa6600:   01 00 00 e8 49 be ff ff 33 d2 33 c9 e8 49 de ff
0x00007ffc88aa6610:   ff 90 cc cc cc cc cc cc cc cc cc cc cc cc cc cc
0x00007ffc88aa6620:   48 8d 8a 80 00 00 00 e9 14 e9 fe ff 48 89 54 24
0x00007ffc88aa6630:   10 55 48 83 ec 20 48 8b ea 48 8d 05 dd ca ff ff
0x00007ffc88aa6640:   48 83 c4 20 5d c3 cc 40 55 48 8b ea 48 8b 01 33
0x00007ffc88aa6650:   c9 81 38 05 00 00 c0 0f 94 c1 8b c1 5d c3 cc 40
0x00007ffc88aa6660:   55 48 83 ec 20 48 8b ea 8a 4d 40 48 83 c4 20 5d
0x00007ffc88aa6670:   e9 df cd ff ff cc 40 55 48 83 ec 20 48 8b ea e8
0x00007ffc88aa6680:   fc cb ff ff 8a 4d 38 48 83 c4 20 5d e9 c3 cd ff
0x00007ffc88aa6690:   ff cc 40 55 48 83 ec 30 48 8b ea 48 8b 01 8b 10
0x00007ffc88aa66a0:   48 89 4c 24 28 89 54 24 20 4c 8d 0d a4 d1 ff ff
0x00007ffc88aa66b0:   4c 8b 45 70 8b 55 68 48 8b 4d 60 e8 30 cb ff ff
0x00007ffc88aa66c0:   90 48 83 c4 30 5d c3 cc cc cc cc cc cc cc cc cc
0x00007ffc88aa66d0:   40 53 48 83 ec 30 48 c7 44 24 20 fe ff ff ff 48
0x00007ffc88aa66e0:   8b 1d 2a 64 01 00 48 85 db 74 16 e8 90 85 ff ff
0x00007ffc88aa66f0:   4c 8b 00 48 8b d3 48 8b c8 41 ff 90 b0 00 00 00
0x00007ffc88aa6700:   90 48 83 c4 30 5b c3 cc cc cc cc cc cc cc cc cc
0x00007ffc88aa6710:   40 53 48 83 ec 20 48 8b 1d 9b 65 01 00 48 85 db
0x00007ffc88aa6720:   74 57 b8 ff ff ff ff f0 0f c1 43 10 83 f8 01 75
0x00007ffc88aa6730:   3d 48 85 db 74 38 48 8b 0b 48 85 c9 74 0d ff 15
0x00007ffc88aa6740:   64 0b 00 00 48 c7 03 00 00 00 00 48 8b 4b 08 48
0x00007ffc88aa6750:   85 c9 74 0d e8 37 c8 ff ff 48 c7 43 08 00 00 00
0x00007ffc88aa6760:   00 ba 18 00 00 00 48 8b cb e8 22 c8 ff ff 48 c7
0x00007ffc88aa6770:   05 3f 65 01 00 00 00 00 00 48 83 c4 20 5b c3 cc
0x00007ffc88aa6780:   40 53 48 83 ec 20 48 8b 1d 0b 65 01 00 48 85 db
0x00007ffc88aa6790:   74 57 b8 ff ff ff ff f0 0f c1 43 10 83 f8 01 75
0x00007ffc88aa67a0:   3d 48 85 db 74 38 48 8b 0b 48 85 c9 74 0d ff 15
0x00007ffc88aa67b0:   f4 0a 00 00 48 c7 03 00 00 00 00 48 8b 4b 08 48
0x00007ffc88aa67c0:   85 c9 74 0d e8 c7 c7 ff ff 48 c7 43 08 00 00 00
0x00007ffc88aa67d0:   00 ba 18 00 00 00 48 8b cb e8 b2 c7 ff ff 48 c7
0x00007ffc88aa67e0:   05 af 64 01 00 00 00 00 00 48 83 c4 20 5b c3 cc 


Stack slot to memory mapping:
stack at sp + 0 slots: 0x0 is NULL
stack at sp + 1 slots: 0x00007ffc970614cb ucrtbase.dll
stack at sp + 2 slots: 0x0000018e7fb5dcd0 points into unknown readable memory: d8 e3 d8 f8 c0 3c 00 00
stack at sp + 3 slots: 0x0000018e7fb5dcc0 points into unknown readable memory: a7 e3 d8 94 f6 96 88 fc
stack at sp + 4 slots: 0xfffffffffffffffe is an unknown value
stack at sp + 5 slots: 0x00007ffc88aba1a0 glass.dll
stack at sp + 6 slots: 0x0000018e7fb5dcc8 points into unknown readable memory: d8 e3 d8 f8 c0 3c 00 00
stack at sp + 7 slots: 0x00007ffc97069d06 ucrtbase.dll

VM_Operation (0x0000008461efbb20): Exit, mode: safepoint, requested by thread 0x0000018e1166f000


---------------  P R O C E S S  ---------------

Threads class SMR info:
_java_thread_list=0x0000018e1a7a24e0, length=16, elements={
0x0000018e6f8cd800, 0x0000018e7ee0b000, 0x0000018e7ee0e800, 0x0000018e7ee29800,
0x0000018e7ee2c000, 0x0000018e7ee41000, 0x0000018e7f7ab000, 0x0000018e7f88a800,
0x0000018e7f89b000, 0x0000018e7f95c000, 0x0000018e1144b800, 0x0000018e11644800,
0x0000018e1166f000, 0x0000018e17e7c000, 0x0000018e1a683800, 0x0000018e1a71b800
}

Java Threads: ( => current thread )
  0x0000018e6f8cd800 JavaThread "main" [_thread_blocked, id=22668, stack(0x0000008460a00000,0x0000008460b00000)]
  0x0000018e7ee0b000 JavaThread "Reference Handler" daemon [_thread_blocked, id=12200, stack(0x0000008461100000,0x0000008461200000)]
  0x0000018e7ee0e800 JavaThread "Finalizer" daemon [_thread_blocked, id=2980, stack(0x0000008461200000,0x0000008461300000)]
  0x0000018e7ee29800 JavaThread "Attach Listener" daemon [_thread_blocked, id=14276, stack(0x0000008461400000,0x0000008461500000)]
  0x0000018e7ee2c000 JavaThread "C2 CompilerThread0" daemon [_thread_blocked, id=23176, stack(0x0000008461500000,0x0000008461600000)]
  0x0000018e7ee41000 JavaThread "C1 CompilerThread0" daemon [_thread_blocked, id=8180, stack(0x0000008461600000,0x0000008461700000)]
  0x0000018e7f7ab000 JavaThread "Sweeper thread" daemon [_thread_blocked, id=23328, stack(0x0000008461700000,0x0000008461800000)]
  0x0000018e7f88a800 JavaThread "Service Thread" daemon [_thread_blocked, id=11460, stack(0x0000008461800000,0x0000008461900000)]
  0x0000018e7f89b000 JavaThread "Common-Cleaner" daemon [_thread_blocked, id=14704, stack(0x0000008461a00000,0x0000008461b00000)]
  0x0000018e7f95c000 JavaThread "JavaFX-Launcher" [_thread_blocked, id=24228, stack(0x0000008461b00000,0x0000008461c00000)]
  0x0000018e1144b800 JavaThread "QuantumRenderer-0" daemon [_thread_blocked, id=23152, stack(0x0000008461c00000,0x0000008461d00000)]
  0x0000018e11644800 JavaThread "InvokeLaterDispatcher" daemon [_thread_blocked, id=21144, stack(0x0000008461d00000,0x0000008461e00000)]
  0x0000018e1166f000 JavaThread "JavaFX Application Thread" [_thread_blocked, id=24488, stack(0x0000008461e00000,0x0000008461f00000)]
  0x0000018e17e7c000 JavaThread "Thread-2" daemon [_thread_in_native, id=21844, stack(0x0000008462200000,0x0000008462300000)]
  0x0000018e1a683800 JavaThread "Prism Font Disposer" daemon [_thread_blocked, id=20044, stack(0x0000008462700000,0x0000008462800000)]
  0x0000018e1a71b800 JavaThread "Cleaner-0" daemon [_thread_blocked, id=24224, stack(0x0000008462f00000,0x0000008463000000)]

Other Threads:
=>0x0000018e7ee08800 VMThread "VM Thread" [stack: 0x0000008461000000,0x0000008461100000] [id=5004]
  0x0000018e6f912000 GCTaskThread "GC Thread#0" [stack: 0x0000008460b00000,0x0000008460c00000] [id=2924]
  0x0000018e17e66000 GCTaskThread "GC Thread#1" [stack: 0x0000008462300000,0x0000008462400000] [id=2404]
  0x0000018e17e48800 GCTaskThread "GC Thread#2" [stack: 0x0000008462400000,0x0000008462500000] [id=11588]
  0x0000018e17e43800 GCTaskThread "GC Thread#3" [stack: 0x0000008462500000,0x0000008462600000] [id=22956]
  0x0000018e6f923800 ConcurrentGCThread "G1 Main Marker" [stack: 0x0000008460c00000,0x0000008460d00000] [id=6336]
  0x0000018e6f925800 ConcurrentGCThread "G1 Conc#0" [stack: 0x0000008460d00000,0x0000008460e00000] [id=22920]
  0x0000018e7ec82800 ConcurrentGCThread "G1 Refine#0" [stack: 0x0000008460e00000,0x0000008460f00000] [id=24212]
  0x0000018e1a961000 ConcurrentGCThread "G1 Refine#1" [stack: 0x0000008462800000,0x0000008462900000] [id=24204]
  0x0000018e18dec800 ConcurrentGCThread "G1 Refine#2" [stack: 0x0000008462900000,0x0000008462a00000] [id=24020]
  0x0000018e1b217800 ConcurrentGCThread "G1 Refine#3" [stack: 0x0000008462a00000,0x0000008462b00000] [id=14676]
  0x0000018e7ec84800 ConcurrentGCThread "G1 Young RemSet Sampling" [stack: 0x0000008460f00000,0x0000008461000000] [id=5344]

Threads with active compile tasks:

VM state:at safepoint (shutting down)

VM Mutex/Monitor currently owned by a thread:  ([mutex/lock_event])
[0x0000018e6f8c9ae0] Threads_lock - owner thread: 0x0000018e7ee08800
[0x0000018e6f8ca740] Heap_lock - owner thread: 0x0000018e1166f000

Heap address: 0x0000000082000000, size: 2016 MB, Compressed Oops mode: 32-bit
Narrow klass base: 0x0000000800000000, Narrow klass shift: 3
Compressed class space size: 1073741824 Address: 0x0000000800b40000

Heap:
 garbage-first heap   total 143360K, used 81092K [0x0000000082000000, 0x0000000100000000)
  region size 1024K, 7 young (7168K), 4 survivors (4096K)
 Metaspace       used 23860K, capacity 25369K, committed 25600K, reserved 1071104K
  class space    used 3473K, capacity 4086K, committed 4096K, reserved 1048576K
Heap Regions: E=young(eden), S=young(survivor), O=old, HS=humongous(starts), HC=humongous(continues), CS=collection set, F=free, A=archive, TAMS=top-at-mark-start (previous, next)
|   0|0x0000000082000000, 0x0000000082100000, 0x0000000082100000|100%| O|  |TAMS 0x0000000082100000, 0x0000000082000000| Untracked 
|   1|0x0000000082100000, 0x0000000082200000, 0x0000000082200000|100%| O|  |TAMS 0x0000000082200000, 0x0000000082100000| Untracked 
|   2|0x0000000082200000, 0x0000000082300000, 0x0000000082300000|100%|HS|  |TAMS 0x0000000082300000, 0x0000000082200000| Complete 
|   3|0x0000000082300000, 0x0000000082400000, 0x0000000082400000|100%|HS|  |TAMS 0x0000000082400000, 0x0000000082300000| Complete 
|   4|0x0000000082400000, 0x0000000082500000, 0x0000000082500000|100%|HC|  |TAMS 0x0000000082500000, 0x0000000082400000| Complete 
|   5|0x0000000082500000, 0x0000000082600000, 0x0000000082600000|100%| O|  |TAMS 0x0000000082600000, 0x0000000082500000| Untracked 
|   6|0x0000000082600000, 0x0000000082700000, 0x0000000082700000|100%|HS|  |TAMS 0x0000000082700000, 0x0000000082600000| Complete 
|   7|0x0000000082700000, 0x0000000082800000, 0x0000000082800000|100%|HC|  |TAMS 0x0000000082800000, 0x0000000082700000| Complete 
|   8|0x0000000082800000, 0x0000000082900000, 0x0000000082900000|100%|HS|  |TAMS 0x0000000082900000, 0x0000000082800000| Complete 
|   9|0x0000000082900000, 0x0000000082a00000, 0x0000000082a00000|100%|HC|  |TAMS 0x0000000082a00000, 0x0000000082900000| Complete 
|  10|0x0000000082a00000, 0x0000000082b00000, 0x0000000082b00000|100%|HS|  |TAMS 0x0000000082b00000, 0x0000000082a00000| Complete 
|  11|0x0000000082b00000, 0x0000000082c00000, 0x0000000082c00000|100%|HC|  |TAMS 0x0000000082c00000, 0x0000000082b00000| Complete 
|  12|0x0000000082c00000, 0x0000000082d00000, 0x0000000082d00000|100%|HC|  |TAMS 0x0000000082d00000, 0x0000000082c00000| Complete 
|  13|0x0000000082d00000, 0x0000000082e00000, 0x0000000082e00000|100%|HC|  |TAMS 0x0000000082e00000, 0x0000000082d00000| Complete 
|  14|0x0000000082e00000, 0x0000000082f00000, 0x0000000082f00000|100%|HC|  |TAMS 0x0000000082f00000, 0x0000000082e00000| Complete 
|  15|0x0000000082f00000, 0x0000000083000000, 0x0000000083000000|100%|HC|  |TAMS 0x0000000083000000, 0x0000000082f00000| Complete 
|  16|0x0000000083000000, 0x0000000083100000, 0x0000000083100000|100%|HC|  |TAMS 0x0000000083100000, 0x0000000083000000| Complete 
|  17|0x0000000083100000, 0x0000000083200000, 0x0000000083200000|100%|HS|  |TAMS 0x0000000083200000, 0x0000000083100000| Complete 
|  18|0x0000000083200000, 0x0000000083300000, 0x0000000083300000|100%|HC|  |TAMS 0x0000000083300000, 0x0000000083200000| Complete 
|  19|0x0000000083300000, 0x0000000083400000, 0x0000000083400000|100%| O|  |TAMS 0x0000000083400000, 0x0000000083300000| Untracked 
|  20|0x0000000083400000, 0x0000000083500000, 0x0000000083500000|100%|HS|  |TAMS 0x0000000083500000, 0x0000000083400000| Complete 
|  21|0x0000000083500000, 0x0000000083600000, 0x0000000083600000|100%|HC|  |TAMS 0x0000000083600000, 0x0000000083500000| Complete 
|  22|0x0000000083600000, 0x0000000083700000, 0x0000000083700000|100%|HC|  |TAMS 0x0000000083700000, 0x0000000083600000| Complete 
|  23|0x0000000083700000, 0x0000000083800000, 0x0000000083800000|100%|HC|  |TAMS 0x0000000083800000, 0x0000000083700000| Complete 
|  24|0x0000000083800000, 0x0000000083900000, 0x0000000083900000|100%|HC|  |TAMS 0x0000000083900000, 0x0000000083800000| Complete 
|  25|0x0000000083900000, 0x0000000083a00000, 0x0000000083a00000|100%|HS|  |TAMS 0x0000000083a00000, 0x0000000083900000| Complete 
|  26|0x0000000083a00000, 0x0000000083b00000, 0x0000000083b00000|100%|HC|  |TAMS 0x0000000083b00000, 0x0000000083a00000| Complete 
|  27|0x0000000083b00000, 0x0000000083c00000, 0x0000000083c00000|100%|HC|  |TAMS 0x0000000083c00000, 0x0000000083b00000| Complete 
|  28|0x0000000083c00000, 0x0000000083d00000, 0x0000000083d00000|100%|HC|  |TAMS 0x0000000083d00000, 0x0000000083c00000| Complete 
|  29|0x0000000083d00000, 0x0000000083e00000, 0x0000000083e00000|100%|HC|  |TAMS 0x0000000083e00000, 0x0000000083d00000| Complete 
|  30|0x0000000083e00000, 0x0000000083f00000, 0x0000000083f00000|100%| O|  |TAMS 0x0000000083f00000, 0x0000000083e00000| Untracked 
|  31|0x0000000083f00000, 0x0000000084000000, 0x0000000084000000|100%| O|  |TAMS 0x0000000084000000, 0x0000000083f00000| Untracked 
|  32|0x0000000084000000, 0x0000000084100000, 0x0000000084100000|100%| O|  |TAMS 0x0000000084100000, 0x0000000084000000| Untracked 
|  33|0x0000000084100000, 0x0000000084200000, 0x0000000084200000|100%|HS|  |TAMS 0x0000000084200000, 0x0000000084100000| Complete 
|  34|0x0000000084200000, 0x0000000084300000, 0x0000000084300000|100%|HC|  |TAMS 0x0000000084300000, 0x0000000084200000| Complete 
|  35|0x0000000084300000, 0x0000000084400000, 0x0000000084400000|100%|HC|  |TAMS 0x0000000084400000, 0x0000000084300000| Complete 
|  36|0x0000000084400000, 0x0000000084500000, 0x0000000084500000|100%|HC|  |TAMS 0x0000000084500000, 0x0000000084400000| Complete 
|  37|0x0000000084500000, 0x0000000084600000, 0x0000000084600000|100%|HC|  |TAMS 0x0000000084600000, 0x0000000084500000| Complete 
|  38|0x0000000084600000, 0x0000000084700000, 0x0000000084700000|100%|HS|  |TAMS 0x0000000084700000, 0x0000000084600000| Complete 
|  39|0x0000000084700000, 0x0000000084800000, 0x0000000084800000|100%|HC|  |TAMS 0x0000000084800000, 0x0000000084700000| Complete 
|  40|0x0000000084800000, 0x0000000084900000, 0x0000000084900000|100%|HC|  |TAMS 0x0000000084900000, 0x0000000084800000| Complete 
|  41|0x0000000084900000, 0x0000000084a00000, 0x0000000084a00000|100%|HC|  |TAMS 0x0000000084a00000, 0x0000000084900000| Complete 
|  42|0x0000000084a00000, 0x0000000084b00000, 0x0000000084b00000|100%|HC|  |TAMS 0x0000000084b00000, 0x0000000084a00000| Complete 
|  43|0x0000000084b00000, 0x0000000084c00000, 0x0000000084c00000|100%| O|  |TAMS 0x0000000084c00000, 0x0000000084b00000| Untracked 
|  44|0x0000000084c00000, 0x0000000084d00000, 0x0000000084d00000|100%| O|  |TAMS 0x0000000084d00000, 0x0000000084c00000| Untracked 
|  45|0x0000000084d00000, 0x0000000084e00000, 0x0000000084e00000|100%|HS|  |TAMS 0x0000000084e00000, 0x0000000084d00000| Complete 
|  46|0x0000000084e00000, 0x0000000084f00000, 0x0000000084f00000|100%|HC|  |TAMS 0x0000000084f00000, 0x0000000084e00000| Complete 
|  47|0x0000000084f00000, 0x0000000085000000, 0x0000000085000000|100%| O|  |TAMS 0x0000000085000000, 0x0000000084f00000| Untracked 
|  48|0x0000000085000000, 0x0000000085100000, 0x0000000085100000|100%| O|  |TAMS 0x0000000085100000, 0x0000000085000000| Untracked 
|  49|0x0000000085100000, 0x0000000085200000, 0x0000000085200000|100%|HS|  |TAMS 0x0000000085200000, 0x0000000085100000| Complete 
|  50|0x0000000085200000, 0x0000000085300000, 0x0000000085300000|100%|HC|  |TAMS 0x0000000085300000, 0x0000000085200000| Complete 
|  51|0x0000000085300000, 0x0000000085400000, 0x0000000085400000|100%| O|  |TAMS 0x0000000085400000, 0x0000000085300000| Untracked 
|  52|0x0000000085400000, 0x0000000085500000, 0x0000000085500000|100%| O|  |TAMS 0x0000000085448600, 0x0000000085400000| Untracked 
|  53|0x0000000085500000, 0x0000000085600000, 0x0000000085600000|100%| O|  |TAMS 0x0000000085500000, 0x0000000085500000| Untracked 
|  54|0x0000000085600000, 0x0000000085700000, 0x0000000085700000|100%| O|  |TAMS 0x0000000085600000, 0x0000000085600000| Untracked 
|  55|0x0000000085700000, 0x0000000085800000, 0x0000000085800000|100%| O|  |TAMS 0x0000000085700000, 0x0000000085700000| Untracked 
|  56|0x0000000085800000, 0x0000000085900000, 0x0000000085900000|100%|HS|  |TAMS 0x0000000085800000, 0x0000000085800000| Complete 
|  57|0x0000000085900000, 0x0000000085a00000, 0x0000000085a00000|100%|HC|  |TAMS 0x0000000085900000, 0x0000000085900000| Complete 
|  58|0x0000000085a00000, 0x0000000085b00000, 0x0000000085b00000|100%| O|  |TAMS 0x0000000085a00000, 0x0000000085a00000| Untracked 
|  59|0x0000000085b00000, 0x0000000085c00000, 0x0000000085c00000|100%| O|  |TAMS 0x0000000085b00000, 0x0000000085b00000| Untracked 
|  60|0x0000000085c00000, 0x0000000085d00000, 0x0000000085d00000|100%| O|  |TAMS 0x0000000085c00000, 0x0000000085c00000| Untracked 
|  61|0x0000000085d00000, 0x0000000085e00000, 0x0000000085e00000|100%| O|  |TAMS 0x0000000085d00000, 0x0000000085d00000| Untracked 
|  62|0x0000000085e00000, 0x0000000085f00000, 0x0000000085f00000|100%| O|  |TAMS 0x0000000085e00000, 0x0000000085e00000| Untracked 
|  63|0x0000000085f00000, 0x0000000086000000, 0x0000000086000000|100%| O|  |TAMS 0x0000000085f00000, 0x0000000085f00000| Untracked 
|  64|0x0000000086000000, 0x0000000086100000, 0x0000000086100000|100%| O|  |TAMS 0x0000000086000000, 0x0000000086000000| Untracked 
|  65|0x0000000086100000, 0x0000000086200000, 0x0000000086200000|100%| O|  |TAMS 0x0000000086100000, 0x0000000086100000| Untracked 
|  66|0x0000000086200000, 0x0000000086300000, 0x0000000086300000|100%| O|  |TAMS 0x0000000086200000, 0x0000000086200000| Untracked 
|  67|0x0000000086300000, 0x0000000086400000, 0x0000000086400000|100%| O|  |TAMS 0x0000000086300000, 0x0000000086300000| Untracked 
|  68|0x0000000086400000, 0x0000000086500000, 0x0000000086500000|100%| O|  |TAMS 0x0000000086400000, 0x0000000086400000| Untracked 
|  69|0x0000000086500000, 0x0000000086531200, 0x0000000086600000| 19%| O|  |TAMS 0x0000000086500000, 0x0000000086500000| Untracked 
|  70|0x0000000086600000, 0x0000000086600000, 0x0000000086700000|  0%| F|  |TAMS 0x0000000086600000, 0x0000000086600000| Untracked 
|  71|0x0000000086700000, 0x0000000086700000, 0x0000000086800000|  0%| F|  |TAMS 0x0000000086700000, 0x0000000086700000| Untracked 
|  72|0x0000000086800000, 0x0000000086800000, 0x0000000086900000|  0%| F|  |TAMS 0x0000000086800000, 0x0000000086800000| Untracked 
|  73|0x0000000086900000, 0x0000000086900000, 0x0000000086a00000|  0%| F|  |TAMS 0x0000000086900000, 0x0000000086900000| Untracked 
|  74|0x0000000086a00000, 0x0000000086a00000, 0x0000000086b00000|  0%| F|  |TAMS 0x0000000086a00000, 0x0000000086a00000| Untracked 
|  75|0x0000000086b00000, 0x0000000086b00000, 0x0000000086c00000|  0%| F|  |TAMS 0x0000000086b00000, 0x0000000086b00000| Untracked 
|  76|0x0000000086c00000, 0x0000000086c00000, 0x0000000086d00000|  0%| F|  |TAMS 0x0000000086c00000, 0x0000000086c00000| Untracked 
|  77|0x0000000086d00000, 0x0000000086d00000, 0x0000000086e00000|  0%| F|  |TAMS 0x0000000086d00000, 0x0000000086d00000| Untracked 
|  78|0x0000000086e00000, 0x0000000086e00000, 0x0000000086f00000|  0%| F|  |TAMS 0x0000000086e00000, 0x0000000086e00000| Untracked 
|  79|0x0000000086f00000, 0x0000000086f00000, 0x0000000087000000|  0%| F|  |TAMS 0x0000000086f00000, 0x0000000086f00000| Untracked 
|  80|0x0000000087000000, 0x0000000087000000, 0x0000000087100000|  0%| F|  |TAMS 0x0000000087000000, 0x0000000087000000| Untracked 
|  81|0x0000000087100000, 0x0000000087100000, 0x0000000087200000|  0%| F|  |TAMS 0x0000000087100000, 0x0000000087100000| Untracked 
|  82|0x0000000087200000, 0x0000000087200000, 0x0000000087300000|  0%| F|  |TAMS 0x0000000087200000, 0x0000000087200000| Untracked 
|  83|0x0000000087300000, 0x0000000087300000, 0x0000000087400000|  0%| F|  |TAMS 0x0000000087300000, 0x0000000087300000| Untracked 
|  84|0x0000000087400000, 0x0000000087400000, 0x0000000087500000|  0%| F|  |TAMS 0x0000000087400000, 0x0000000087400000| Untracked 
|  85|0x0000000087500000, 0x0000000087500000, 0x0000000087600000|  0%| F|  |TAMS 0x0000000087500000, 0x0000000087500000| Untracked 
|  86|0x0000000087600000, 0x0000000087600000, 0x0000000087700000|  0%| F|  |TAMS 0x0000000087600000, 0x0000000087600000| Untracked 
|  87|0x0000000087700000, 0x0000000087700000, 0x0000000087800000|  0%| F|  |TAMS 0x0000000087700000, 0x0000000087700000| Untracked 
|  88|0x0000000087800000, 0x0000000087800000, 0x0000000087900000|  0%| F|  |TAMS 0x0000000087800000, 0x0000000087800000| Untracked 
|  89|0x0000000087900000, 0x0000000087900000, 0x0000000087a00000|  0%| F|  |TAMS 0x0000000087900000, 0x0000000087900000| Untracked 
|  90|0x0000000087a00000, 0x0000000087a00000, 0x0000000087b00000|  0%| F|  |TAMS 0x0000000087a00000, 0x0000000087a00000| Untracked 
|  91|0x0000000087b00000, 0x0000000087b00000, 0x0000000087c00000|  0%| F|  |TAMS 0x0000000087b00000, 0x0000000087b00000| Untracked 
|  92|0x0000000087c00000, 0x0000000087c00000, 0x0000000087d00000|  0%| F|  |TAMS 0x0000000087c00000, 0x0000000087c00000| Untracked 
|  93|0x0000000087d00000, 0x0000000087d00000, 0x0000000087e00000|  0%| F|  |TAMS 0x0000000087d00000, 0x0000000087d00000| Untracked 
|  94|0x0000000087e00000, 0x0000000087e00000, 0x0000000087f00000|  0%| F|  |TAMS 0x0000000087e00000, 0x0000000087e00000| Untracked 
|  95|0x0000000087f00000, 0x0000000087f00000, 0x0000000088000000|  0%| F|  |TAMS 0x0000000087f00000, 0x0000000087f00000| Untracked 
|  96|0x0000000088000000, 0x0000000088000000, 0x0000000088100000|  0%| F|  |TAMS 0x0000000088000000, 0x0000000088000000| Untracked 
|  97|0x0000000088100000, 0x0000000088100000, 0x0000000088200000|  0%| F|  |TAMS 0x0000000088100000, 0x0000000088100000| Untracked 
|  98|0x0000000088200000, 0x0000000088200000, 0x0000000088300000|  0%| F|  |TAMS 0x0000000088200000, 0x0000000088200000| Untracked 
|  99|0x0000000088300000, 0x0000000088300000, 0x0000000088400000|  0%| F|  |TAMS 0x0000000088300000, 0x0000000088300000| Untracked 
| 100|0x0000000088400000, 0x0000000088500000, 0x0000000088500000|100%| S|CS|TAMS 0x0000000088400000, 0x0000000088400000| Complete 
| 101|0x0000000088500000, 0x0000000088600000, 0x0000000088600000|100%| S|CS|TAMS 0x0000000088500000, 0x0000000088500000| Complete 
| 102|0x0000000088600000, 0x0000000088700000, 0x0000000088700000|100%| S|CS|TAMS 0x0000000088600000, 0x0000000088600000| Complete 
| 103|0x0000000088700000, 0x0000000088700000, 0x0000000088800000|  0%| F|  |TAMS 0x0000000088700000, 0x0000000088700000| Untracked 
| 104|0x0000000088800000, 0x0000000088800000, 0x0000000088900000|  0%| F|  |TAMS 0x0000000088800000, 0x0000000088800000| Untracked 
| 105|0x0000000088900000, 0x0000000088900000, 0x0000000088a00000|  0%| F|  |TAMS 0x0000000088900000, 0x0000000088900000| Untracked 
| 106|0x0000000088a00000, 0x0000000088a00000, 0x0000000088b00000|  0%| F|  |TAMS 0x0000000088a00000, 0x0000000088a00000| Untracked 
| 107|0x0000000088b00000, 0x0000000088c00000, 0x0000000088c00000|100%| S|CS|TAMS 0x0000000088b00000, 0x0000000088b00000| Complete 
| 108|0x0000000088c00000, 0x0000000088c00000, 0x0000000088d00000|  0%| F|  |TAMS 0x0000000088c00000, 0x0000000088c00000| Untracked 
| 109|0x0000000088d00000, 0x0000000088d00000, 0x0000000088e00000|  0%| F|  |TAMS 0x0000000088d00000, 0x0000000088d00000| Untracked 
| 110|0x0000000088e00000, 0x0000000088e00000, 0x0000000088f00000|  0%| F|  |TAMS 0x0000000088e00000, 0x0000000088e00000| Untracked 
| 111|0x0000000088f00000, 0x0000000088f00000, 0x0000000089000000|  0%| F|  |TAMS 0x0000000088f00000, 0x0000000088f00000| Untracked 
| 112|0x0000000089000000, 0x0000000089000000, 0x0000000089100000|  0%| F|  |TAMS 0x0000000089000000, 0x0000000089000000| Untracked 
| 113|0x0000000089100000, 0x0000000089100000, 0x0000000089200000|  0%| F|  |TAMS 0x0000000089100000, 0x0000000089100000| Untracked 
| 114|0x0000000089200000, 0x0000000089200000, 0x0000000089300000|  0%| F|  |TAMS 0x0000000089200000, 0x0000000089200000| Untracked 
| 115|0x0000000089300000, 0x0000000089300000, 0x0000000089400000|  0%| F|  |TAMS 0x0000000089300000, 0x0000000089300000| Untracked 
| 116|0x0000000089400000, 0x0000000089400000, 0x0000000089500000|  0%| F|  |TAMS 0x0000000089400000, 0x0000000089400000| Untracked 
| 117|0x0000000089500000, 0x0000000089500000, 0x0000000089600000|  0%| F|  |TAMS 0x0000000089500000, 0x0000000089500000| Untracked 
| 118|0x0000000089600000, 0x0000000089600000, 0x0000000089700000|  0%| F|  |TAMS 0x0000000089600000, 0x0000000089600000| Untracked 
| 119|0x0000000089700000, 0x0000000089700000, 0x0000000089800000|  0%| F|  |TAMS 0x0000000089700000, 0x0000000089700000| Untracked 
| 120|0x0000000089800000, 0x0000000089800000, 0x0000000089900000|  0%| F|  |TAMS 0x0000000089800000, 0x0000000089800000| Untracked 
| 121|0x0000000089900000, 0x0000000089900000, 0x0000000089a00000|  0%| F|  |TAMS 0x0000000089900000, 0x0000000089900000| Untracked 
| 122|0x0000000089a00000, 0x0000000089a00000, 0x0000000089b00000|  0%| F|  |TAMS 0x0000000089a00000, 0x0000000089a00000| Untracked 
| 123|0x0000000089b00000, 0x0000000089b00000, 0x0000000089c00000|  0%| F|  |TAMS 0x0000000089b00000, 0x0000000089b00000| Untracked 
| 124|0x0000000089c00000, 0x0000000089c00000, 0x0000000089d00000|  0%| F|  |TAMS 0x0000000089c00000, 0x0000000089c00000| Untracked 
| 125|0x0000000089d00000, 0x0000000089d00000, 0x0000000089e00000|  0%| F|  |TAMS 0x0000000089d00000, 0x0000000089d00000| Untracked 
| 126|0x0000000089e00000, 0x0000000089e00000, 0x0000000089f00000|  0%| F|  |TAMS 0x0000000089e00000, 0x0000000089e00000| Untracked 
| 127|0x0000000089f00000, 0x0000000089f00000, 0x000000008a000000|  0%| F|  |TAMS 0x0000000089f00000, 0x0000000089f00000| Untracked 
| 128|0x000000008a000000, 0x000000008a000000, 0x000000008a100000|  0%| F|  |TAMS 0x000000008a000000, 0x000000008a000000| Untracked 
| 129|0x000000008a100000, 0x000000008a100000, 0x000000008a200000|  0%| F|  |TAMS 0x000000008a100000, 0x000000008a100000| Untracked 
| 130|0x000000008a200000, 0x000000008a200000, 0x000000008a300000|  0%| F|  |TAMS 0x000000008a200000, 0x000000008a200000| Untracked 
| 131|0x000000008a300000, 0x000000008a300000, 0x000000008a400000|  0%| F|  |TAMS 0x000000008a300000, 0x000000008a300000| Untracked 
| 132|0x000000008a400000, 0x000000008a400000, 0x000000008a500000|  0%| F|  |TAMS 0x000000008a400000, 0x000000008a400000| Untracked 
| 133|0x000000008a500000, 0x000000008a5260e0, 0x000000008a600000| 14%| E|  |TAMS 0x000000008a500000, 0x000000008a500000| Complete 
| 134|0x000000008a600000, 0x000000008a700000, 0x000000008a700000|100%| E|CS|TAMS 0x000000008a600000, 0x000000008a600000| Complete 
| 135|0x000000008a700000, 0x000000008a800000, 0x000000008a800000|100%| E|CS|TAMS 0x000000008a700000, 0x000000008a700000| Complete 
| 136|0x000000008a800000, 0x000000008a900000, 0x000000008a900000|100%| O|  |TAMS 0x000000008a900000, 0x000000008a800000| Untracked 
| 137|0x000000008a900000, 0x000000008aa00000, 0x000000008aa00000|100%| O|  |TAMS 0x000000008aa00000, 0x000000008a900000| Untracked 
| 138|0x000000008aa00000, 0x000000008ab00000, 0x000000008ab00000|100%| O|  |TAMS 0x000000008ab00000, 0x000000008aa00000| Untracked 
| 139|0x000000008ab00000, 0x000000008ac00000, 0x000000008ac00000|100%| O|  |TAMS 0x000000008ac00000, 0x000000008ab00000| Untracked 

Card table byte_map: [0x0000018e7a0f0000,0x0000018e7a4e0000] _byte_map_base: 0x0000018e79ce0000

Marking Bits (Prev, Next): (CMBitMap*) 0x0000018e6f912d38, (CMBitMap*) 0x0000018e6f912cf8
 Prev Bits: [0x0000018e7c850000, 0x0000018e7e7d0000)
 Next Bits: [0x0000018e7a8d0000, 0x0000018e7c850000)

Polling page: 0x0000018e71140000

Metaspace:

Usage:
  Non-class:     20.78 MB capacity,    19.91 MB ( 96%) used,   729.80 KB (  3%) free+waste,   165.81 KB ( <1%) overhead. 
      Class:      3.99 MB capacity,     3.39 MB ( 85%) used,   527.48 KB ( 13%) free+waste,    85.31 KB (  2%) overhead. 
       Both:     24.77 MB capacity,    23.30 MB ( 94%) used,     1.23 MB (  5%) free+waste,   251.13 KB ( <1%) overhead. 

Virtual space:
  Non-class space:       22.00 MB reserved,      21.00 MB ( 95%) committed 
      Class space:        1.00 GB reserved,       4.00 MB ( <1%) committed 
             Both:        1.02 GB reserved,      25.00 MB (  2%) committed 

Chunk freelists:
   Non-Class:  29.00 KB
       Class:  10.00 KB
        Both:  39.00 KB

MaxMetaspaceSize: 17179869184.00 GB
CompressedClassSpaceSize: 1.00 GB

CodeHeap 'non-profiled nmethods': size=120064Kb used=2563Kb max_used=2563Kb free=117500Kb
 bounds [0x0000018e07ac0000, 0x0000018e07d50000, 0x0000018e0f000000]
CodeHeap 'profiled nmethods': size=120000Kb used=11054Kb max_used=11054Kb free=108945Kb
 bounds [0x0000018e00590000, 0x0000018e01060000, 0x0000018e07ac0000]
CodeHeap 'non-nmethods': size=5696Kb used=1476Kb max_used=1530Kb free=4219Kb
 bounds [0x0000018e00000000, 0x0000018e00270000, 0x0000018e00590000]
 total_blobs=7213 nmethods=4961 adapters=713
 compilation: enabled
              stopped_count=0, restarted_count=0
 full_count=0

Compilation events (20 events):
Event: 7.956 Thread 0x0000018e7ee41000 5049       3       com.sun.javafx.event.CompositeEventDispatcher::dispatchBubblingEvent (35 bytes)
Event: 7.956 Thread 0x0000018e7ee41000 nmethod 5049 0x0000018e01058710 code [0x0000018e010588e0, 0x0000018e01058de0]
Event: 7.956 Thread 0x0000018e7ee41000 5048       3       java.util.EventObject::<init> (24 bytes)
Event: 7.956 Thread 0x0000018e7ee41000 nmethod 5048 0x0000018e01058f10 code [0x0000018e010590e0, 0x0000018e01059430]
Event: 7.972 Thread 0x0000018e7ee41000 5050       3       java.util.WeakHashMap::entrySet (27 bytes)
Event: 7.972 Thread 0x0000018e7ee41000 nmethod 5050 0x0000018e01059510 code [0x0000018e010596e0, 0x0000018e01059b58]
Event: 7.972 Thread 0x0000018e7ee41000 5051       3       java.util.WeakHashMap$EntrySet::iterator (12 bytes)
Event: 7.972 Thread 0x0000018e7ee41000 nmethod 5051 0x0000018e01059c90 code [0x0000018e01059e40, 0x0000018e0105a130]
Event: 7.972 Thread 0x0000018e7ee41000 5052       3       java.util.WeakHashMap$EntryIterator::<init> (11 bytes)
Event: 7.972 Thread 0x0000018e7ee41000 nmethod 5052 0x0000018e0105a210 code [0x0000018e0105a3c0, 0x0000018e0105a5d0]
Event: 8.025 Thread 0x0000018e7ee41000 5053       3       javafx.scene.input.MouseEvent::<init> (45 bytes)
Event: 8.025 Thread 0x0000018e7ee2c000 5056       4       java.lang.ThreadLocal::get (38 bytes)
Event: 8.026 Thread 0x0000018e7ee41000 nmethod 5053 0x0000018e0105a690 code [0x0000018e0105a840, 0x0000018e0105aaf0]
Event: 8.026 Thread 0x0000018e7ee41000 5054       3       javafx.scene.input.MouseEvent::<init> (208 bytes)
Event: 8.026 Thread 0x0000018e7ee41000 nmethod 5054 0x0000018e0105ac10 code [0x0000018e0105ae20, 0x0000018e0105b5d0]
Event: 8.026 Thread 0x0000018e7ee41000 5055       3       javafx.scene.input.InputEvent::<init> (8 bytes)
Event: 8.026 Thread 0x0000018e7ee41000 nmethod 5055 0x0000018e0105b910 code [0x0000018e0105bac0, 0x0000018e0105bc70]
Event: 8.027 Thread 0x0000018e7ee2c000 nmethod 5056 0x0000018e07d40310 code [0x0000018e07d404c0, 0x0000018e07d40678]
Event: 8.027 Thread 0x0000018e7ee2c000 5057       4       java.lang.ThreadLocal$ThreadLocalMap::getEntry (42 bytes)
Event: 8.029 Thread 0x0000018e7ee2c000 nmethod 5057 0x0000018e07d40890 code [0x0000018e07d40a20, 0x0000018e07d40ba8]

GC Heap History (14 events):
Event: 2.038 GC heap before
{Heap before GC invocations=0 (full 0):
 garbage-first heap   total 129024K, used 13312K [0x0000000082000000, 0x0000000100000000)
  region size 1024K, 14 young (14336K), 0 survivors (0K)
 Metaspace       used 4223K, capacity 7443K, committed 7552K, reserved 1056768K
  class space    used 485K, capacity 853K, committed 896K, reserved 1048576K
}
Event: 2.042 GC heap after
{Heap after GC invocations=1 (full 0):
 garbage-first heap   total 129024K, used 3675K [0x0000000082000000, 0x0000000100000000)
  region size 1024K, 2 young (2048K), 2 survivors (2048K)
 Metaspace       used 4223K, capacity 7443K, committed 7552K, reserved 1056768K
  class space    used 485K, capacity 853K, committed 896K, reserved 1048576K
}
Event: 4.334 GC heap before
{Heap before GC invocations=1 (full 0):
 garbage-first heap   total 129024K, used 128603K [0x0000000082000000, 0x0000000100000000)
  region size 1024K, 75 young (76800K), 2 survivors (2048K)
 Metaspace       used 15949K, capacity 16749K, committed 17024K, reserved 1062912K
  class space    used 2315K, capacity 2608K, committed 2688K, reserved 1048576K
}
Event: 4.347 GC heap after
{Heap after GC invocations=2 (full 0):
 garbage-first heap   total 143360K, used 52393K [0x0000000082000000, 0x0000000100000000)
  region size 1024K, 10 young (10240K), 10 survivors (10240K)
 Metaspace       used 15949K, capacity 16749K, committed 17024K, reserved 1062912K
  class space    used 2315K, capacity 2608K, committed 2688K, reserved 1048576K
}
Event: 4.611 GC heap before
{Heap before GC invocations=2 (full 0):
 garbage-first heap   total 143360K, used 69801K [0x0000000082000000, 0x0000000100000000)
  region size 1024K, 24 young (24576K), 10 survivors (10240K)
 Metaspace       used 16416K, capacity 17244K, committed 17280K, reserved 1064960K
  class space    used 2357K, capacity 2661K, committed 2688K, reserved 1048576K
}
Event: 4.620 GC heap after
{Heap after GC invocations=3 (full 0):
 garbage-first heap   total 143360K, used 58601K [0x0000000082000000, 0x0000000100000000)
  region size 1024K, 3 young (3072K), 3 survivors (3072K)
 Metaspace       used 16416K, capacity 17244K, committed 17280K, reserved 1064960K
  class space    used 2357K, capacity 2661K, committed 2688K, reserved 1048576K
}
Event: 5.041 GC heap before
{Heap before GC invocations=3 (full 0):
 garbage-first heap   total 143360K, used 77033K [0x0000000082000000, 0x0000000100000000)
  region size 1024K, 21 young (21504K), 3 survivors (3072K)
 Metaspace       used 19800K, capacity 21146K, committed 21248K, reserved 1067008K
  class space    used 2966K, capacity 3485K, committed 3584K, reserved 1048576K
}
Event: 5.045 GC heap after
{Heap after GC invocations=4 (full 0):
 garbage-first heap   total 143360K, used 60705K [0x0000000082000000, 0x0000000100000000)
  region size 1024K, 3 young (3072K), 3 survivors (3072K)
 Metaspace       used 19800K, capacity 21146K, committed 21248K, reserved 1067008K
  class space    used 2966K, capacity 3485K, committed 3584K, reserved 1048576K
}
Event: 5.054 GC heap before
{Heap before GC invocations=4 (full 0):
 garbage-first heap   total 143360K, used 60705K [0x0000000082000000, 0x0000000100000000)
  region size 1024K, 4 young (4096K), 3 survivors (3072K)
 Metaspace       used 19813K, capacity 21146K, committed 21248K, reserved 1067008K
  class space    used 2967K, capacity 3485K, committed 3584K, reserved 1048576K
}
Event: 5.058 GC heap after
{Heap after GC invocations=5 (full 0):
 garbage-first heap   total 143360K, used 61177K [0x0000000082000000, 0x0000000100000000)
  region size 1024K, 2 young (2048K), 2 survivors (2048K)
 Metaspace       used 19813K, capacity 21146K, committed 21248K, reserved 1067008K
  class space    used 2967K, capacity 3485K, committed 3584K, reserved 1048576K
}
Event: 5.372 GC heap before
{Heap before GC invocations=6 (full 0):
 garbage-first heap   total 143360K, used 88825K [0x0000000082000000, 0x0000000100000000)
  region size 1024K, 29 young (29696K), 2 survivors (2048K)
 Metaspace       used 20774K, capacity 22165K, committed 22272K, reserved 1067008K
  class space    used 3178K, capacity 3738K, committed 3840K, reserved 1048576K
}
Event: 5.381 GC heap after
{Heap after GC invocations=7 (full 0):
 garbage-first heap   total 143360K, used 65534K [0x0000000082000000, 0x0000000100000000)
  region size 1024K, 4 young (4096K), 4 survivors (4096K)
 Metaspace       used 20774K, capacity 22165K, committed 22272K, reserved 1067008K
  class space    used 3178K, capacity 3738K, committed 3840K, reserved 1048576K
}
Event: 6.339 GC heap before
{Heap before GC invocations=7 (full 0):
 garbage-first heap   total 143360K, used 95230K [0x0000000082000000, 0x0000000100000000)
  region size 1024K, 32 young (32768K), 4 survivors (4096K)
 Metaspace       used 23283K, capacity 24892K, committed 25088K, reserved 1071104K
  class space    used 3448K, capacity 4077K, committed 4096K, reserved 1048576K
}
Event: 6.351 GC heap after
{Heap after GC invocations=8 (full 0):
 garbage-first heap   total 143360K, used 79044K [0x0000000082000000, 0x0000000100000000)
  region size 1024K, 4 young (4096K), 4 survivors (4096K)
 Metaspace       used 23283K, capacity 24892K, committed 25088K, reserved 1071104K
  class space    used 3448K, capacity 4077K, committed 4096K, reserved 1048576K
}

Deoptimization events (20 events):
Event: 6.418 Thread 0x0000018e1144b800 DEOPT PACKING pc=0x0000018e00f6a7d7 sp=0x0000008461cfb7a0
Event: 6.418 Thread 0x0000018e1144b800 DEOPT UNPACKING pc=0x0000018e0004964e sp=0x0000008461cfabf8 mode 0
Event: 6.418 Thread 0x0000018e1144b800 DEOPT PACKING pc=0x0000018e00f6a7d7 sp=0x0000008461cfb7a0
Event: 6.418 Thread 0x0000018e1144b800 DEOPT UNPACKING pc=0x0000018e0004964e sp=0x0000008461cfabf8 mode 0
Event: 6.419 Thread 0x0000018e1144b800 DEOPT PACKING pc=0x0000018e00f6a894 sp=0x0000008461cfb4c0
Event: 6.419 Thread 0x0000018e1144b800 DEOPT UNPACKING pc=0x0000018e0004964e sp=0x0000008461cfa928 mode 0
Event: 6.628 Thread 0x0000018e1144b800 DEOPT PACKING pc=0x0000018e00f7eabc sp=0x0000008461cfcad0
Event: 6.628 Thread 0x0000018e1144b800 DEOPT UNPACKING pc=0x0000018e0004964e sp=0x0000008461cfbef0 mode 0
Event: 6.631 Thread 0x0000018e1144b800 DEOPT PACKING pc=0x0000018e00f5a63f sp=0x0000008461cfcc20
Event: 6.631 Thread 0x0000018e1144b800 DEOPT UNPACKING pc=0x0000018e0004964e sp=0x0000008461cfc0b0 mode 0
Event: 6.777 Thread 0x0000018e1144b800 DEOPT PACKING pc=0x0000018e00fa5281 sp=0x0000008461cf9810
Event: 6.777 Thread 0x0000018e1144b800 DEOPT UNPACKING pc=0x0000018e0004964e sp=0x0000008461cf8c48 mode 0
Event: 6.777 Thread 0x0000018e1144b800 Uncommon trap: trap_request=0xffffff45 fr.pc=0x0000018e07d1a834 relative=0x00000000000034d4
Event: 6.777 Thread 0x0000018e1144b800 Uncommon trap: reason=unstable_if action=reinterpret pc=0x0000018e07d1a834 method=com.sun.marlin.DRenderer._endRendering(IILcom/sun/marlin/MarlinAlphaConsumer;)V @ 2282 c2
Event: 6.777 Thread 0x0000018e1144b800 DEOPT PACKING pc=0x0000018e07d1a834 sp=0x0000008461cf9830
Event: 6.777 Thread 0x0000018e1144b800 DEOPT UNPACKING pc=0x0000018e0004912f sp=0x0000008461cf9748 mode 2
Event: 6.779 Thread 0x0000018e1144b800 DEOPT PACKING pc=0x0000018e00fa5281 sp=0x0000008461cf8230
Event: 6.779 Thread 0x0000018e1144b800 DEOPT UNPACKING pc=0x0000018e0004964e sp=0x0000008461cf7668 mode 0
Event: 7.589 Thread 0x0000018e1144b800 DEOPT PACKING pc=0x0000018e00fa530f sp=0x0000008461cfd690
Event: 7.589 Thread 0x0000018e1144b800 DEOPT UNPACKING pc=0x0000018e0004964e sp=0x0000008461cfcac8 mode 0

Classes unloaded (0 events):
No events

Classes redefined (0 events):
No events

Internal exceptions (20 events):
Event: 3.173 Thread 0x0000018e1166f000 Exception <a 'sun/nio/fs/WindowsException'{0x0000000087c64508}> (0x0000000087c64508) 
thrown [t:/workspace/open/src/hotspot/share/prims/jni.cpp, line 598]
Event: 3.174 Thread 0x0000018e1166f000 Exception <a 'java/lang/NoSuchMethodError'{0x0000000087c660f0}: 'int java.lang.invoke.DirectMethodHandle$Holder.invokeSpecialIFC(java.lang.Object, java.lang.Object, int)'> (0x0000000087c660f0) 
thrown [t:/workspace/open/src/hotspot/share/interpreter/linkResolver.cpp, line 767]
Event: 3.274 Thread 0x0000018e1166f000 Exception <a 'java/lang/NoSuchMethodError'{0x00000000878149b0}: 'int java.lang.invoke.DirectMethodHandle$Holder.invokeVirtual(java.lang.Object, java.lang.Object, java.lang.Object)'> (0x00000000878149b0) 
thrown [t:/workspace/open/src/hotspot/share/interpreter/linkResolver.cpp, line 767]
Event: 3.301 Thread 0x0000018e1166f000 Implicit null exception at 0x0000018e07b855fa to 0x0000018e07b85656
Event: 3.674 Thread 0x0000018e1166f000 Implicit null exception at 0x0000018e07b14285 to 0x0000018e07b1443a
Event: 3.674 Thread 0x0000018e1166f000 Implicit null exception at 0x0000018e07b29968 to 0x0000018e07b299fa
Event: 3.994 Thread 0x0000018e1166f000 Implicit null exception at 0x0000018e07bbdeb6 to 0x0000018e07bbdf9a
Event: 4.161 Thread 0x0000018e1166f000 Implicit null exception at 0x0000018e07bd3547 to 0x0000018e07bd3662
Event: 4.678 Thread 0x0000018e1166f000 Exception <a 'java/lang/NoSuchMethodError'{0x000000008a639270}: 'java.lang.Object java.lang.invoke.DirectMethodHandle$Holder.invokeInterface(java.lang.Object, java.lang.Object, java.lang.Object)'> (0x000000008a639270) 
thrown [t:/workspace/open/src/hotspot/share/interpreter/linkResolver.cpp, line 767]
Event: 4.678 Thread 0x0000018e1166f000 Exception <a 'java/lang/IncompatibleClassChangeError'{0x000000008a63c100}: Found class java.lang.Object, but interface was expected> (0x000000008a63c100) 
thrown [t:/workspace/open/src/hotspot/share/interpreter/linkResolver.cpp, line 833]
Event: 4.980 Thread 0x0000018e1166f000 Implicit null exception at 0x0000018e07c32bcd to 0x0000018e07c334fa
Event: 5.240 Thread 0x0000018e1166f000 Exception <a 'java/lang/NoSuchMethodError'{0x000000008942e628}: 'void java.lang.invoke.DirectMethodHandle$Holder.invokeSpecialIFC(java.lang.Object, java.lang.Object, java.lang.Object, java.lang.Object)'> (0x000000008942e628) 
thrown [t:/workspace/open/src/hotspot/share/interpreter/linkResolver.cpp, line 767]
Event: 5.567 Thread 0x0000018e1166f000 Exception <a 'java/lang/NoSuchMethodError'{0x0000000089fb7ef8}: 'java.lang.Object java.lang.invoke.DirectMethodHandle$Holder.invokeStatic(java.lang.Object, java.lang.Object, int, int)'> (0x0000000089fb7ef8) 
thrown [t:/workspace/open/src/hotspot/share/interpreter/linkResolver.cpp, line 767]
Event: 5.567 Thread 0x0000018e1166f000 Exception <a 'java/lang/NoSuchMethodError'{0x0000000089fbdf20}: 'java.lang.Object java.lang.invoke.Invokers$Holder.linkToTargetMethod(java.lang.Object, int, int, java.lang.Object)'> (0x0000000089fbdf20) 
thrown [t:/workspace/open/src/hotspot/share/interpreter/linkResolver.cpp, line 767]
Event: 5.905 Thread 0x0000018e1166f000 Implicit null exception at 0x0000018e07c950ab to 0x0000018e07c981ee
Event: 6.096 Thread 0x0000018e1144b800 Exception <a 'java/lang/NoSuchMethodError'{0x0000000088f16200}: 'int java.lang.invoke.DirectMethodHandle$Holder.invokeStaticInit(java.lang.Object, java.lang.Object)'> (0x0000000088f16200) 
thrown [t:/workspace/open/src/hotspot/share/interpreter/linkResolver.cpp, line 767]
Event: 6.105 Thread 0x0000018e1166f000 Exception <a 'java/lang/NoSuchMethodError'{0x0000000088f7f658}: 'long java.lang.invoke.DirectMethodHandle$Holder.invokeStatic(java.lang.Object, java.lang.Object, java.lang.Object)'> (0x0000000088f7f658) 
thrown [t:/workspace/open/src/hotspot/share/interpreter/linkResolver.cpp, line 767]
Event: 6.106 Thread 0x0000018e1166f000 Exception <a 'java/lang/NoSuchMethodError'{0x0000000088f825a8}: 'long java.lang.invoke.DirectMethodHandle$Holder.invokeStaticInit(java.lang.Object, java.lang.Object, java.lang.Object)'> (0x0000000088f825a8) 
thrown [t:/workspace/open/src/hotspot/share/interpreter/linkResolver.cpp, line 767]
Event: 6.107 Thread 0x0000018e1166f000 Exception <a 'java/lang/NoSuchMethodError'{0x0000000088f96be0}: 'java.lang.Object java.lang.invoke.Invokers$Holder.linkToTargetMethod(java.lang.Object, long, java.lang.Object)'> (0x0000000088f96be0) 
thrown [t:/workspace/open/src/hotspot/share/interpreter/linkResolver.cpp, line 767]
Event: 6.335 Thread 0x0000018e1144b800 Exception <a 'java/lang/NoSuchMethodError'{0x0000000088ce7690}: 'java.lang.Object java.lang.invoke.DirectMethodHandle$Holder.invokeStaticInit(java.lang.Object, int)'> (0x0000000088ce7690) 
thrown [t:/workspace/open/src/hotspot/share/interpreter/linkResolver.cpp, line 767]

Events (20 events):
Event: 8.028 Executing VM operation: RevokeBias
Event: 8.028 Executing VM operation: RevokeBias done
Event: 8.029 Thread 0x0000018e1bf5b000 Thread added: 0x0000018e1bf5b000
Event: 8.029 Thread 0x0000018e1bfc0800 Thread added: 0x0000018e1bfc0800
Event: 8.029 Executing VM operation: RevokeBias
Event: 8.029 Executing VM operation: RevokeBias done
Event: 8.029 Executing VM operation: RevokeBias
Event: 8.029 Executing VM operation: RevokeBias done
Event: 8.029 Executing VM operation: RevokeBias
Event: 8.029 Executing VM operation: RevokeBias done
Event: 8.029 Executing VM operation: RevokeBias
Event: 8.029 loading class com/sun/javafx/tk/quantum/QuantumRenderer
Event: 8.029 loading class com/sun/javafx/tk/quantum/QuantumRenderer done
Event: 8.030 Executing VM operation: RevokeBias done
Event: 8.030 Thread 0x0000018e1bf5b000 Thread exited: 0x0000018e1bf5b000
Event: 8.030 loading class com/sun/javafx/tk/quantum/QuantumToolkit
Event: 8.030 loading class com/sun/javafx/tk/quantum/QuantumToolkit done
Event: 8.030 Thread 0x0000018e1bfc0800 Thread exited: 0x0000018e1bfc0800
Event: 8.031 Thread 0x0000018e7ee27800 Thread exited: 0x0000018e7ee27800
Event: 8.031 Executing VM operation: Exit


Dynamic libraries:
0x00007ff758000000 - 0x00007ff75800d000 	C:\Program Files\Java\jdk-13.0.1\bin\javaw.exe
0x00007ffc99bc0000 - 0x00007ffc99db0000 	C:\WINDOWS\SYSTEM32\ntdll.dll
0x00007ffc97f60000 - 0x00007ffc98012000 	C:\WINDOWS\System32\KERNEL32.DLL
0x00007ffc971a0000 - 0x00007ffc97443000 	C:\WINDOWS\System32\KERNELBASE.dll
0x00007ffc97050000 - 0x00007ffc9714a000 	C:\WINDOWS\System32\ucrtbase.dll
0x00007ffc8cf90000 - 0x00007ffc8cfa5000 	C:\Program Files\Java\jdk-13.0.1\bin\VCRUNTIME140.dll
0x00007ffc8cfb0000 - 0x00007ffc8cfc8000 	C:\Program Files\Java\jdk-13.0.1\bin\jli.dll
0x00007ffc981c0000 - 0x00007ffc98354000 	C:\WINDOWS\System32\USER32.dll
0x00007ffc96ca0000 - 0x00007ffc96cc1000 	C:\WINDOWS\System32\win32u.dll
0x00007ffc89cd0000 - 0x00007ffc89f55000 	C:\WINDOWS\WinSxS\amd64_microsoft.windows.common-controls_6595b64144ccf1df_6.0.18362.719_none_e6c7b883130c6729\COMCTL32.dll
0x00007ffc98190000 - 0x00007ffc981b6000 	C:\WINDOWS\System32\GDI32.dll
0x00007ffc96de0000 - 0x00007ffc96f74000 	C:\WINDOWS\System32\gdi32full.dll
0x00007ffc98020000 - 0x00007ffc980be000 	C:\WINDOWS\System32\msvcrt.dll
0x00007ffc97bd0000 - 0x00007ffc97c6e000 	C:\WINDOWS\System32\msvcp_win.dll
0x00007ffc98b80000 - 0x00007ffc98eb6000 	C:\WINDOWS\System32\combase.dll
0x00007ffc98850000 - 0x00007ffc98970000 	C:\WINDOWS\System32\RPCRT4.dll
0x00007ffc96cd0000 - 0x00007ffc96d50000 	C:\WINDOWS\System32\bcryptPrimitives.dll
0x00007ffc98af0000 - 0x00007ffc98b1e000 	C:\WINDOWS\System32\IMM32.DLL
0x00007ffc8bae0000 - 0x00007ffc8bb7b000 	C:\Program Files\Java\jdk-13.0.1\bin\msvcp140.dll
0x00007ffc23280000 - 0x00007ffc23de6000 	C:\Program Files\Java\jdk-13.0.1\bin\server\jvm.dll
0x00007ffc98f50000 - 0x00007ffc98ff3000 	C:\WINDOWS\System32\ADVAPI32.dll
0x00007ffc998a0000 - 0x00007ffc99937000 	C:\WINDOWS\System32\sechost.dll
0x00007ffc996f0000 - 0x00007ffc996f8000 	C:\WINDOWS\System32\PSAPI.DLL
0x00007ffc83b30000 - 0x00007ffc83b39000 	C:\WINDOWS\SYSTEM32\WSOCK32.dll
0x00007ffc8d2b0000 - 0x00007ffc8d2d4000 	C:\WINDOWS\SYSTEM32\WINMM.dll
0x00007ffc91300000 - 0x00007ffc9130a000 	C:\WINDOWS\SYSTEM32\VERSION.dll
0x00007ffc99760000 - 0x00007ffc997cf000 	C:\WINDOWS\System32\WS2_32.dll
0x00007ffc8d280000 - 0x00007ffc8d2ad000 	C:\WINDOWS\SYSTEM32\winmmbase.dll
0x00007ffc97150000 - 0x00007ffc9719a000 	C:\WINDOWS\System32\cfgmgr32.dll
0x00007ffc96ab0000 - 0x00007ffc96ac1000 	C:\WINDOWS\System32\kernel.appcore.dll
0x00007ffc90b80000 - 0x00007ffc90b90000 	C:\Program Files\Java\jdk-13.0.1\bin\verify.dll
0x00007ffc956c0000 - 0x00007ffc958b4000 	C:\WINDOWS\SYSTEM32\DBGHELP.DLL
0x00007ffc8f5c0000 - 0x00007ffc8f5ea000 	C:\WINDOWS\SYSTEM32\dbgcore.DLL
0x00007ffc8cea0000 - 0x00007ffc8cec6000 	C:\Program Files\Java\jdk-13.0.1\bin\java.dll
0x00007ffc8ce80000 - 0x00007ffc8ce97000 	C:\Program Files\Java\jdk-13.0.1\bin\zip.dll
0x00007ffc903f0000 - 0x00007ffc903fa000 	C:\Program Files\Java\jdk-13.0.1\bin\jimage.dll
0x00007ffc99000000 - 0x00007ffc996e5000 	C:\WINDOWS\System32\SHELL32.dll
0x00007ffc98970000 - 0x00007ffc98a19000 	C:\WINDOWS\System32\shcore.dll
0x00007ffc97450000 - 0x00007ffc97bd0000 	C:\WINDOWS\System32\windows.storage.dll
0x00007ffc96b20000 - 0x00007ffc96b43000 	C:\WINDOWS\System32\profapi.dll
0x00007ffc96ad0000 - 0x00007ffc96b1a000 	C:\WINDOWS\System32\powrprof.dll
0x00007ffc96a80000 - 0x00007ffc96a90000 	C:\WINDOWS\System32\UMPDC.dll
0x00007ffc98b20000 - 0x00007ffc98b72000 	C:\WINDOWS\System32\shlwapi.dll
0x00007ffc97030000 - 0x00007ffc97047000 	C:\WINDOWS\System32\cryptsp.dll
0x00007ffc8ce60000 - 0x00007ffc8ce79000 	C:\Program Files\Java\jdk-13.0.1\bin\net.dll
0x00007ffc8d7e0000 - 0x00007ffc8d8d1000 	C:\WINDOWS\SYSTEM32\WINHTTP.dll
0x00007ffc962f0000 - 0x00007ffc96357000 	C:\WINDOWS\system32\mswsock.dll
0x00007ffc8ce00000 - 0x00007ffc8ce13000 	C:\Program Files\Java\jdk-13.0.1\bin\nio.dll
0x0000018e7fb70000 - 0x0000018e7fb73000 	C:\Users\danie\.openjfx\cache\13\api-ms-win-core-console-l1-1-0.dll
0x0000018e7fb80000 - 0x0000018e7fb83000 	C:\Users\danie\.openjfx\cache\13\api-ms-win-core-datetime-l1-1-0.dll
0x0000018e7fb90000 - 0x0000018e7fb93000 	C:\Users\danie\.openjfx\cache\13\api-ms-win-core-debug-l1-1-0.dll
0x0000018e7fba0000 - 0x0000018e7fba3000 	C:\Users\danie\.openjfx\cache\13\api-ms-win-core-errorhandling-l1-1-0.dll
0x0000018e7fbb0000 - 0x0000018e7fbb4000 	C:\Users\danie\.openjfx\cache\13\api-ms-win-core-file-l1-1-0.dll
0x0000018e7fbc0000 - 0x0000018e7fbc3000 	C:\Users\danie\.openjfx\cache\13\api-ms-win-core-file-l1-2-0.dll
0x0000018e7fbd0000 - 0x0000018e7fbd3000 	C:\Users\danie\.openjfx\cache\13\api-ms-win-core-file-l2-1-0.dll
0x0000018e7fbe0000 - 0x0000018e7fbe3000 	C:\Users\danie\.openjfx\cache\13\api-ms-win-core-handle-l1-1-0.dll
0x0000018e7fbf0000 - 0x0000018e7fbf3000 	C:\Users\danie\.openjfx\cache\13\api-ms-win-core-heap-l1-1-0.dll
0x0000018e7fc00000 - 0x0000018e7fc03000 	C:\Users\danie\.openjfx\cache\13\api-ms-win-core-interlocked-l1-1-0.dll
0x0000018e7fc10000 - 0x0000018e7fc13000 	C:\Users\danie\.openjfx\cache\13\api-ms-win-core-libraryloader-l1-1-0.dll
0x0000018e7fc20000 - 0x0000018e7fc23000 	C:\Users\danie\.openjfx\cache\13\api-ms-win-core-localization-l1-2-0.dll
0x0000018e7fc30000 - 0x0000018e7fc33000 	C:\Users\danie\.openjfx\cache\13\api-ms-win-core-memory-l1-1-0.dll
0x0000018e7fc40000 - 0x0000018e7fc43000 	C:\Users\danie\.openjfx\cache\13\api-ms-win-core-namedpipe-l1-1-0.dll
0x0000018e7fc50000 - 0x0000018e7fc53000 	C:\Users\danie\.openjfx\cache\13\api-ms-win-core-processenvironment-l1-1-0.dll
0x0000018e7fc60000 - 0x0000018e7fc63000 	C:\Users\danie\.openjfx\cache\13\api-ms-win-core-processthreads-l1-1-0.dll
0x0000018e7fc70000 - 0x0000018e7fc73000 	C:\Users\danie\.openjfx\cache\13\api-ms-win-core-processthreads-l1-1-1.dll
0x0000018e7fc80000 - 0x0000018e7fc83000 	C:\Users\danie\.openjfx\cache\13\api-ms-win-core-profile-l1-1-0.dll
0x0000018e7fc90000 - 0x0000018e7fc93000 	C:\Users\danie\.openjfx\cache\13\api-ms-win-core-rtlsupport-l1-1-0.dll
0x0000018e7fca0000 - 0x0000018e7fca3000 	C:\Users\danie\.openjfx\cache\13\api-ms-win-core-string-l1-1-0.dll
0x0000018e7fcb0000 - 0x0000018e7fcb3000 	C:\Users\danie\.openjfx\cache\13\api-ms-win-core-synch-l1-1-0.dll
0x0000018e7fcc0000 - 0x0000018e7fcc3000 	C:\Users\danie\.openjfx\cache\13\api-ms-win-core-synch-l1-2-0.dll
0x0000018e7fcd0000 - 0x0000018e7fcd3000 	C:\Users\danie\.openjfx\cache\13\api-ms-win-core-sysinfo-l1-1-0.dll
0x0000018e7fce0000 - 0x0000018e7fce3000 	C:\Users\danie\.openjfx\cache\13\api-ms-win-core-timezone-l1-1-0.dll
0x0000018e7fcf0000 - 0x0000018e7fcf3000 	C:\Users\danie\.openjfx\cache\13\api-ms-win-core-util-l1-1-0.dll
0x0000018e7fd00000 - 0x0000018e7fd03000 	C:\Users\danie\.openjfx\cache\13\api-ms-win-crt-conio-l1-1-0.dll
0x0000018e7fd10000 - 0x0000018e7fd14000 	C:\Users\danie\.openjfx\cache\13\api-ms-win-crt-convert-l1-1-0.dll
0x0000018e7fd20000 - 0x0000018e7fd23000 	C:\Users\danie\.openjfx\cache\13\api-ms-win-crt-environment-l1-1-0.dll
0x0000018e7fd30000 - 0x0000018e7fd33000 	C:\Users\danie\.openjfx\cache\13\api-ms-win-crt-filesystem-l1-1-0.dll
0x0000018e7fd40000 - 0x0000018e7fd43000 	C:\Users\danie\.openjfx\cache\13\api-ms-win-crt-heap-l1-1-0.dll
0x0000018e7fd50000 - 0x0000018e7fd53000 	C:\Users\danie\.openjfx\cache\13\api-ms-win-crt-locale-l1-1-0.dll
0x0000018e7fd60000 - 0x0000018e7fd65000 	C:\Users\danie\.openjfx\cache\13\api-ms-win-crt-math-l1-1-0.dll
0x0000018e7fd70000 - 0x0000018e7fd75000 	C:\Users\danie\.openjfx\cache\13\api-ms-win-crt-multibyte-l1-1-0.dll
0x0000018e7fd80000 - 0x0000018e7fd90000 	C:\Users\danie\.openjfx\cache\13\api-ms-win-crt-private-l1-1-0.dll
0x0000018e7fd90000 - 0x0000018e7fd93000 	C:\Users\danie\.openjfx\cache\13\api-ms-win-crt-process-l1-1-0.dll
0x0000018e7fda0000 - 0x0000018e7fda4000 	C:\Users\danie\.openjfx\cache\13\api-ms-win-crt-runtime-l1-1-0.dll
0x0000018e7fdb0000 - 0x0000018e7fdb4000 	C:\Users\danie\.openjfx\cache\13\api-ms-win-crt-stdio-l1-1-0.dll
0x0000018e7fdc0000 - 0x0000018e7fdc4000 	C:\Users\danie\.openjfx\cache\13\api-ms-win-crt-string-l1-1-0.dll
0x0000018e7fdd0000 - 0x0000018e7fdd3000 	C:\Users\danie\.openjfx\cache\13\api-ms-win-crt-time-l1-1-0.dll
0x0000018e7fde0000 - 0x0000018e7fde3000 	C:\Users\danie\.openjfx\cache\13\api-ms-win-crt-utility-l1-1-0.dll
0x00007ffc8b710000 - 0x00007ffc8b80c000 	C:\Users\danie\.openjfx\cache\13\ucrtbase.dll
0x00007ffc8cde0000 - 0x00007ffc8cdf5000 	C:\Users\danie\.openjfx\cache\13\vcruntime140.dll
0x00007ffc88ad0000 - 0x00007ffc88b6b000 	C:\Users\danie\.openjfx\cache\13\msvcp140.dll
0x00007ffc8c8f0000 - 0x00007ffc8c941000 	C:\Users\danie\.openjfx\cache\13\concrt140.dll
0x00007ffc8bcb0000 - 0x00007ffc8bcd3000 	C:\Users\danie\.openjfx\cache\13\prism_d3d.dll
0x00007ffc81ce0000 - 0x00007ffc81ea7000 	C:\WINDOWS\system32\d3d9.dll
0x00007ffc94f00000 - 0x00007ffc94f2d000 	C:\WINDOWS\SYSTEM32\dwmapi.dll
0x00007ffc953b0000 - 0x00007ffc953d0000 	C:\WINDOWS\SYSTEM32\dxcore.dll
0x00007ffc942f0000 - 0x00007ffc94389000 	C:\WINDOWS\system32\uxtheme.dll
0x00007ffc863d0000 - 0x00007ffc864ed000 	C:\WINDOWS\System32\DriverStore\FileRepository\ki132574.inf_amd64_54c9b905b975ee55\igdgmm64.dll
0x00007ffc19c70000 - 0x00007ffc1d85b000 	C:\WINDOWS\System32\DriverStore\FileRepository\ki132574.inf_amd64_54c9b905b975ee55\igd9dxva64.dll
0x00007ffc99a20000 - 0x00007ffc99b77000 	C:\WINDOWS\System32\OLE32.dll
0x00007ffc980c0000 - 0x00007ffc98184000 	C:\WINDOWS\System32\OLEAUT32.dll
0x00007ffc88a80000 - 0x00007ffc88ac5000 	C:\Users\danie\.openjfx\cache\13\glass.dll
0x00007ffc98a20000 - 0x00007ffc98af0000 	C:\WINDOWS\System32\COMDLG32.dll
0x00007ffc97c70000 - 0x00007ffc97da6000 	C:\WINDOWS\System32\MSCTF.dll
0x00007ffc8ca70000 - 0x00007ffc8ca84000 	C:\Users\danie\.openjfx\cache\13\javafx_font.dll
0x00007ffc7bcc0000 - 0x00007ffc7bfbe000 	C:\WINDOWS\SYSTEM32\dwrite.dll
0x00007ffc8bc80000 - 0x00007ffc8bca5000 	C:\Program Files\Java\jdk-13.0.1\bin\sunec.dll
0x00007ffc997d0000 - 0x00007ffc99872000 	C:\WINDOWS\System32\clbcatq.dll
0x00007ffc89820000 - 0x00007ffc899cf000 	C:\WINDOWS\SYSTEM32\WindowsCodecs.dll
0x00007ffc66650000 - 0x00007ffc6668a000 	C:\WINDOWS\system32\dataexchange.dll
0x00007ffc93390000 - 0x00007ffc935eb000 	C:\WINDOWS\system32\d3d11.dll
0x00007ffc93a50000 - 0x00007ffc93c2b000 	C:\WINDOWS\system32\dcomp.dll
0x00007ffc953d0000 - 0x00007ffc954bb000 	C:\WINDOWS\system32\dxgi.dll
0x00007ffc948e0000 - 0x00007ffc94b3a000 	C:\WINDOWS\system32\twinapi.appcore.dll
0x00007ffc94ed0000 - 0x00007ffc94ef9000 	C:\WINDOWS\system32\RMCLIENT.dll
0x00007ffc88a40000 - 0x00007ffc88a73000 	C:\Program Files\Common Files\Microsoft Shared\Ink\rtscom.dll
0x00007ffc7fb10000 - 0x00007ffc7fbae000 	C:\WINDOWS\System32\TextInputFramework.dll
0x00007ffc8a160000 - 0x00007ffc8a48a000 	C:\WINDOWS\System32\CoreUIComponents.dll
0x00007ffc93fa0000 - 0x00007ffc94074000 	C:\WINDOWS\System32\CoreMessaging.dll
0x00007ffc95ae0000 - 0x00007ffc95b11000 	C:\WINDOWS\SYSTEM32\ntmarta.dll
0x00007ffc92290000 - 0x00007ffc923e3000 	C:\WINDOWS\SYSTEM32\wintypes.dll
0x00007ffc82320000 - 0x00007ffc825c6000 	C:\WINDOWS\System32\iertutil.dll
0x00007ffc8ba90000 - 0x00007ffc8babc000 	C:\Users\danie\.openjfx\cache\13\javafx_iio.dll

dbghelp: loaded successfully - version: 4.0.5 - missing functions: none
symbol engine: initialized successfully - sym options: 0x614 - pdb path: .;C:\Program Files\Java\jdk-13.0.1\bin;C:\WINDOWS\SYSTEM32;C:\WINDOWS\WinSxS\amd64_microsoft.windows.common-controls_6595b64144ccf1df_6.0.18362.719_none_e6c7b883130c6729;C:\Program Files\Java\jdk-13.0.1\bin\server;C:\Users\danie\.openjfx\cache\13;C:\WINDOWS\System32\DriverStore\FileRepository\ki132574.inf_amd64_54c9b905b975ee55;C:\Program Files\Common Files\Microsoft Shared\Ink

VM Arguments:
jvm_args: -Dfile.encoding=UTF-8 
java_command: com.jeeves.vpl.NewMain
java_class_path (initial): C:\Program Files\Java\jdk-13.0.1\lib\jrt-fs.jar;C:\Users\danie\eclipse-workspace\Jeeves\target\classes;C:\Users\danie\.m2\repository\org\openjfx\javafx-controls\13\javafx-controls-13.jar;C:\Users\danie\.m2\repository\org\openjfx\javafx-controls\13\javafx-controls-13-win.jar;C:\Users\danie\.m2\repository\org\openjfx\javafx-graphics\13\javafx-graphics-13.jar;C:\Users\danie\.m2\repository\org\openjfx\javafx-graphics\13\javafx-graphics-13-win.jar;C:\Users\danie\.m2\repository\org\openjfx\javafx-base\13\javafx-base-13.jar;C:\Users\danie\.m2\repository\org\openjfx\javafx-base\13\javafx-base-13-win.jar;C:\Users\danie\.m2\repository\org\openjfx\javafx-fxml\13\javafx-fxml-13.jar;C:\Users\danie\.m2\repository\org\openjfx\javafx-fxml\13\javafx-fxml-13-win.jar;C:\Users\danie\.m2\repository\commons-codec\commons-codec\1.11\commons-codec-1.11.jar;C:\Users\danie\.m2\repository\commons-validator\commons-validator\1.4.1\commons-validator-1.4.1.jar;C:\Users\danie\.m2\repository\commons-beanutils\commons-beanutils\1.8.3\commons-beanutils-1.8.3.jar;C:\Users\danie\.m2\repository\commons-digester\commons-digester\1.8.1\commons-digester-1.8.1.jar;C:\Users\danie\.m2\repository\commons-logging\commons-logging\1.2\commons-logging-1.2.jar;C:\Users\danie\.m2\repository\commons-collections\commons-collections\3.2.1\commons-collections-3.2.1.jar;C:\Users\danie\.m2\repository\org\apache\shiro\shiro-core\1.3.2\shiro-core-1.3.2.jar;C:\Users\danie\.m2\repository\com\google\firebase\firebase-admin\6.6.0\firebase-admin-6.6.0.jar;C:\Users\danie\.m2\repository\com\google\api-client\google-api-client\1.25.0\google-api-client-1.25.0.jar;C:\Users\danie\.m2\repository\com\google\oauth-client\google-oauth-client\1.25.0\google-oauth-client-1.25.0.jar;C:\Users\danie\.m2\repository\com\google\http-client\google-http-client-jackson2\1.25.0\google-http-client-jackson2-1.25.0.jar;C:\Users\danie\.m2\repository\com\fasterxml\jackson\core\jackson-core\2.9.6\jackson-core-2.9.6.jar;C:\Users
Launcher Type: SUN_STANDARD

[Global flags]
     intx CICompilerCount                          = 3                                         {product} {ergonomic}
     uint ConcGCThreads                            = 1                                         {product} {ergonomic}
     uint G1ConcRefinementThreads                  = 4                                         {product} {ergonomic}
   size_t G1HeapRegionSize                         = 1048576                                   {product} {ergonomic}
    uintx GCDrainStackTargetSize                   = 64                                        {product} {ergonomic}
   size_t InitialHeapSize                          = 132120576                                 {product} {ergonomic}
   size_t MarkStackSize                            = 4194304                                   {product} {ergonomic}
   size_t MaxHeapSize                              = 2113929216                                {product} {ergonomic}
   size_t MaxNewSize                               = 1267728384                                {product} {ergonomic}
   size_t MinHeapDeltaBytes                        = 1048576                                   {product} {ergonomic}
   size_t MinHeapSize                              = 8388608                                   {product} {ergonomic}
    uintx NonNMethodCodeHeapSize                   = 5830732                                {pd product} {ergonomic}
    uintx NonProfiledCodeHeapSize                  = 122913754                              {pd product} {ergonomic}
    uintx ProfiledCodeHeapSize                     = 122913754                              {pd product} {ergonomic}
    uintx ReservedCodeCacheSize                    = 251658240                              {pd product} {ergonomic}
     bool SegmentedCodeCache                       = true                                      {product} {ergonomic}
   size_t SoftMaxHeapSize                          = 2113929216                             {manageable} {ergonomic}
     bool UseCompressedClassPointers               = true                                 {lp64_product} {ergonomic}
     bool UseCompressedOops                        = true                                 {lp64_product} {ergonomic}
     bool UseG1GC                                  = true                                      {product} {ergonomic}
     bool UseLargePagesIndividualAllocation        = false                                  {pd product} {ergonomic}

Logging:
Log output configuration:
 #0: stdout all=off uptime,level,tags
 #1: stderr all=off uptime,level,tags

Environment Variables:
JAVA_HOME=C:\Program Files\Java\jdk-11.0.5
PATH=C:/Program Files/Java/jdk1.8.0_161/bin/../jre/bin/server;C:/Program Files/Java/jdk1.8.0_161/bin/../jre/bin;C:/Program Files/Java/jdk1.8.0_161/bin/../jre/lib/amd64;C:\Program Files (x86)\Common Files\Oracle\Java\javapath;C:\Program Files\Java\jdk1.8.0_161\bin;C:\Windows\system32;C:\Windows;C:\Windows\System32\Wbem;C:\Windows\System32\WindowsPowerShell\v1.0\;C:\Program Files (x86)\NVIDIA Corporation\PhysX\Common;C:\Program Files\Git\cmd;C:\Program Files\Git\mingw64\bin;C:\Program Files\Git\usr\bin;C:\WINDOWS\system32;C:\WINDOWS;C:\WINDOWS\System32\Wbem;C:\WINDOWS\System32\WindowsPowerShell\v1.0\;C:\WINDOWS\System32\OpenSSH\;C:\Program Files\PuTTY\;C:\Program Files\Microsoft SQL Server\120\Tools\Binn\;C:\Program Files\IBM\SPSS\Statistics\25\JRE\bin;C:\Program Files\nodejs\;C:\Program Files (x86)\Intel\Intel(R) Management Engine Components\DAL;C:\Program Files\Intel\Intel(R) Management Engine Components\DAL;C:\Gradle\gradle-5.6\bin;;C:\Program Files (x86)\PharosSystems\Core;C:\Program Files\Intel\WiFi\bin\;C:\Program Files\Common Files\Intel\WirelessCommon\;C:\Program Files (x86)\PharosSystems\Core;C:\Program Files\Java\jdk-11.0.5\bin;C:\Users\danie\AppData\Local\Programs\Python\Python37-32\Scripts\;C:\Users\danie\AppData\Local\Programs\Python\Python37-32\;C:\Users\danie\scoop\shims;c:\jruby-9.1.8.0\bin;C:\Ruby24-x64\bin;C:\Users\danie\AppData\Local\Microsoft\WindowsApps;C:\Users\danie\AppData\Roaming\npm;C:\Shortcuts;C:\Users\danie\AppData\Local\Android\Sdk\platform-tools;C:\Users\danie\AppData\Local\Google\Cloud SDK\google-cloud-sdk\bin;C:\Users\danie\IrisTK;C:\Users\danie\AppData\Local\Microsoft\WindowsApps;C:\Ant\bin;C:\Users\danie\AppData\Local\Box\Box Edit\;C:\WINDOWS\system32;
USERNAME=danie
OS=Windows_NT
PROCESSOR_IDENTIFIER=Intel64 Family 6 Model 158 Stepping 9, GenuineIntel



---------------  S Y S T E M  ---------------

OS: Windows 10 , 64 bit Build 18362 (10.0.18362.329)

CPU:total 4 (initial active 4) (4 cores per cpu, 1 threads per core) family 6 model 158 stepping 9, cmov, cx8, fxsr, mmx, sse, sse2, sse3, ssse3, sse4.1, sse4.2, popcnt, avx, avx2, aes, clmul, erms, 3dnowpref, lzcnt, tsc, tscinvbit, bmi1, bmi2, adx, fma

Memory: 4k page, system-wide physical 8057M (1296M free)
TotalPageFile size 16114M (AvailPageFile size 4237M)
current process WorkingSet (physical memory assigned to process): 346M, peak: 370M
current process commit charge ("private bytes"): 391M, peak: 408M

vm_info: OpenJDK 64-Bit Server VM (13.0.1+9) for windows-amd64 JRE (13.0.1+9), built on Oct  6 2019 12:39:43 by "mach5one" with unknown MS VC++:1916

END.
