#
# A fatal error has been detected by the Java Runtime Environment:
#
#  EXCEPTION_ACCESS_VIOLATION (0xc0000005) at pc=0x00000000667c78b0, pid=9988, tid=0x0000000000003a00
#
# JRE version: Java(TM) SE Runtime Environment (8.0_151-b12) (build 1.8.0_151-b12)
# Java VM: Java HotSpot(TM) 64-Bit Server VM (25.151-b12 mixed mode windows-amd64 compressed oops)
# Problematic frame:
# C  [glass.dll+0x278b0]
#
# Failed to write core dump. Minidumps are not enabled by default on client versions of Windows
#
# If you would like to submit a bug report, please visit:
#   http://bugreport.java.com/bugreport/crash.jsp
#

---------------  T H R E A D  ---------------

Current thread (0x00000000197e8800):  VMThread [stack: 0x000000001a880000,0x000000001a980000] [id=14848]

siginfo: ExceptionCode=0xc0000005, reading address 0x0000000000000000

Registers:
RAX=0x0000000000000000, RBX=0x000000001bfc1288, RCX=0x00000000197e8800, RDX=0x0000000067edc658
RSP=0x000000001a97f390, RBP=0x0000000002cf6778, RSI=0x0000000002cf6750, RDI=0x0000de0e838ced33
R8 =0x0000000000010002, R9 =0x0000000000000033, R10=0x0000de0e838ced33, R11=0x0000000002d446e0
R12=0x0000000000000000, R13=0x0000000000000040, R14=0x000000001a97f4a8, R15=0x0000000002cf6750
RIP=0x00000000667c78b0, EFLAGS=0x0000000000010206

Top of Stack: (sp=0x000000001a97f390)
0x000000001a97f390:   0000000000000000 00007ff86f3ed00b
0x000000001a97f3a0:   0000000002cf6760 0000000002cf6760
0x000000001a97f3b0:   fffffffffffffffe 0000000002cf6778
0x000000001a97f3c0:   0000000002cf6758 00007ff86f3f85f3
0x000000001a97f3d0:   00000000667dc1b0 00007ff800000000
0x000000001a97f3e0:   0000000000000000 0000000000000000
0x000000001a97f3f0:   fffffffffffffffe 0000000000000000
0x000000001a97f400:   0000000000000001 00000000667a0000
0x000000001a97f410:   0000000004a81638 00000000667c48dc
0x000000001a97f420:   000000001a97f498 00007ff86f3ed157
0x000000001a97f430:   0000000000000000 000000001a97f4a8
0x000000001a97f440:   0000000004c35520 00007ff86f4c70e0
0x000000001a97f450:   0000000000000000 00007ff86f3f16ee
0x000000001a97f460:   0000000000000000 0000000000000001
0x000000001a97f470:   0000000000000001 000000001a97f498
0x000000001a97f480:   0000000000000000 00000000667c4752 

Instructions: (pc=0x00000000667c78b0)
0x00000000667c7890:   40 53 48 83 ec 30 48 c7 44 24 20 fe ff ff ff 48
0x00000000667c78a0:   8b 1d 7a 72 01 00 48 85 db 74 16 e8 00 81 ff ff
0x00000000667c78b0:   4c 8b 00 48 8b d3 48 8b c8 41 ff 90 b0 00 00 00
0x00000000667c78c0:   90 48 83 c4 30 5b c3 cc cc cc cc cc cc cc cc cc 


Register to memory mapping:

RAX=0x0000000000000000 is an unknown value
RBX=0x000000001bfc1288 is a global jni handle
RCX=0x00000000197e8800 is an unknown value
RDX=0x0000000067edc658 is an unknown value
RSP=0x000000001a97f390 is an unknown value
RBP=0x0000000002cf6778 is an unknown value
RSI=0x0000000002cf6750 is an unknown value
RDI=0x0000de0e838ced33 is an unknown value
R8 =0x0000000000010002 is an unknown value
R9 =0x0000000000000033 is an unknown value
R10=0x0000de0e838ced33 is an unknown value
R11=0x0000000002d446e0 is an unknown value
R12=0x0000000000000000 is an unknown value
R13=0x0000000000000040 is an unknown value
R14=0x000000001a97f4a8 is an unknown value
R15=0x0000000002cf6750 is an unknown value


Stack: [0x000000001a880000,0x000000001a980000],  sp=0x000000001a97f390,  free space=1020k
Native frames: (J=compiled Java code, j=interpreted, Vv=VM code, C=native code)
C  [glass.dll+0x278b0]
C  [ucrtbase.dll+0x185f3]
C  [ucrtbase.dll+0xd157]
C  [ucrtbase.dll+0x116ee]
C  [glass.dll+0x24752]
C  [glass.dll+0x24850]
C  [ntdll.dll+0x11493]
C  [ntdll.dll+0x406b5]
C  [ntdll.dll+0x40574]
C  [KERNEL32.DLL+0xf06a]
C  [msvcr100.dll+0x20ccd]
V  [jvm.dll+0x212a95]
V  [jvm.dll+0x24b9a7]
V  [jvm.dll+0x24ac46]
V  [jvm.dll+0x24b0e1]
V  [jvm.dll+0x24b2fe]
V  [jvm.dll+0x29c3ea]
C  [msvcr100.dll+0x21d9f]
C  [msvcr100.dll+0x21e3b]
C  [KERNEL32.DLL+0x11fe4]
C  [ntdll.dll+0x6efb1]

VM_Operation (0x000000001c50a570): Exit, mode: safepoint, requested by thread 0x000000001b8f6000


---------------  P R O C E S S  ---------------

Java Threads: ( => current thread )
  0x000000001bca0800 JavaThread "Prism Font Disposer" daemon [_thread_blocked, id=8584, stack(0x0000000023ad0000,0x0000000023bd0000)]
  0x000000001b9ce800 JavaThread "JavaFX-Launcher" [_thread_blocked, id=15596, stack(0x0000000020bb0000,0x0000000020cb0000)]
  0x000000001b9dc800 JavaThread "Thread-2" daemon [_thread_in_native, id=6368, stack(0x0000000020ab0000,0x0000000020bb0000)]
  0x000000001b8f6000 JavaThread "JavaFX Application Thread" [_thread_blocked, id=15208, stack(0x000000001c410000,0x000000001c510000)]
  0x000000001b8e4000 JavaThread "Thread-1" daemon [_thread_blocked, id=12408, stack(0x000000001c310000,0x000000001c410000)]
  0x000000001b551800 JavaThread "QuantumRenderer-0" daemon [_thread_blocked, id=13716, stack(0x000000001c0d0000,0x000000001c1d0000)]
  0x000000001987e000 JavaThread "Service Thread" daemon [_thread_blocked, id=11940, stack(0x000000001b570000,0x000000001b670000)]
  0x000000001982b000 JavaThread "C1 CompilerThread2" daemon [_thread_blocked, id=11212, stack(0x000000001b070000,0x000000001b170000)]
  0x0000000019823000 JavaThread "C2 CompilerThread1" daemon [_thread_blocked, id=15376, stack(0x000000001af70000,0x000000001b070000)]
  0x0000000019820800 JavaThread "C2 CompilerThread0" daemon [_thread_blocked, id=15988, stack(0x000000001ae70000,0x000000001af70000)]
  0x000000001981f000 JavaThread "Attach Listener" daemon [_thread_blocked, id=13400, stack(0x000000001ad70000,0x000000001ae70000)]
  0x000000001980a800 JavaThread "Finalizer" daemon [_thread_blocked, id=1188, stack(0x000000001aa80000,0x000000001ab80000)]
  0x0000000004c84000 JavaThread "Reference Handler" daemon [_thread_blocked, id=8928, stack(0x000000001a980000,0x000000001aa80000)]
  0x0000000004b93800 JavaThread "main" [_thread_blocked, id=15492, stack(0x0000000004a90000,0x0000000004b90000)]

Other Threads:
=>0x00000000197e8800 VMThread [stack: 0x000000001a880000,0x000000001a980000] [id=14848]

VM state:at safepoint (shutting down)

VM Mutex/Monitor currently owned by a thread:  ([mutex/lock_event])
[0x0000000004b90950] Threads_lock - owner thread: 0x00000000197e8800

Heap:
 PSYoungGen      total 109568K, used 42725K [0x00000000d5b00000, 0x00000000df100000, 0x0000000100000000)
  eden space 102912K, 35% used [0x00000000d5b00000,0x00000000d7eac378,0x00000000dbf80000)
  from space 6656K, 93% used [0x00000000dea80000,0x00000000df08d2a0,0x00000000df100000)
  to   space 12800K, 0% used [0x00000000dd800000,0x00000000dd800000,0x00000000de480000)
 ParOldGen       total 73728K, used 16678K [0x0000000081000000, 0x0000000085800000, 0x00000000d5b00000)
  object space 73728K, 22% used [0x0000000081000000,0x0000000082049980,0x0000000085800000)
 Metaspace       used 26046K, capacity 27842K, committed 28032K, reserved 1073152K
  class space    used 3868K, capacity 4199K, committed 4224K, reserved 1048576K

Card table byte_map: [0x0000000014050000,0x0000000014450000] byte_map_base: 0x0000000013c48000

Marking Bits: (ParMarkBitMap*) 0x00000000680cd850
 Begin Bits: [0x0000000014b00000, 0x0000000016ac0000)
 End Bits:   [0x0000000016ac0000, 0x0000000018a80000)

Polling page: 0x0000000002c40000

CodeCache: size=245760Kb used=12640Kb max_used=12672Kb free=233119Kb
 bounds [0x0000000004c90000, 0x0000000005900000, 0x0000000013c90000]
 total_blobs=4966 nmethods=4237 adapters=639
 compilation: enabled

Compilation events (10 events):
Event: 5.729 Thread 0x000000001982b000 4269       2       javafx.event.Event::<init> (36 bytes)
Event: 5.730 Thread 0x000000001982b000 nmethod 4269 0x00000000058d6f90 code [0x00000000058d7100, 0x00000000058d7368]
Event: 5.730 Thread 0x000000001982b000 4270       2       java.util.EventObject::<init> (24 bytes)
Event: 5.730 Thread 0x000000001982b000 nmethod 4270 0x00000000058d6b50 code [0x00000000058d6cc0, 0x00000000058d6ec8]
Event: 5.730 Thread 0x000000001982b000 4271       1       java.util.EventObject::getSource (5 bytes)
Event: 5.730 Thread 0x000000001982b000 nmethod 4271 0x00000000058d6890 code [0x00000000058d69e0, 0x00000000058d6af0]
Event: 5.732 Thread 0x000000001982b000 4272       2       javafx.scene.Scene$TargetWrapper::getEventTarget (19 bytes)
Event: 5.732 Thread 0x000000001982b000 nmethod 4272 0x00000000058d5fd0 code [0x00000000058d6120, 0x00000000058d6270]
Event: 5.737 Thread 0x000000001982b000 4273       1       java.util.logging.Logger::getName (5 bytes)
Event: 5.738 Thread 0x000000001982b000 nmethod 4273 0x00000000058d5d10 code [0x00000000058d5e60, 0x00000000058d5f70]

GC Heap History (10 events):
Event: 2.133 GC heap before
{Heap before GC invocations=3 (full 0):
 PSYoungGen      total 38400K, used 38393K [0x00000000d5b00000, 0x00000000d8580000, 0x0000000100000000)
  eden space 33280K, 100% used [0x00000000d5b00000,0x00000000d7b80000,0x00000000d7b80000)
  from space 5120K, 99% used [0x00000000d8080000,0x00000000d857e5b0,0x00000000d8580000)
  to   space 5120K, 0% used [0x00000000d7b80000,0x00000000d7b80000,0x00000000d8080000)
 ParOldGen       total 87552K, used 9139K [0x0000000081000000, 0x0000000086580000, 0x00000000d5b00000)
  object space 87552K, 10% used [0x0000000081000000,0x00000000818ecee0,0x0000000086580000)
 Metaspace       used 18341K, capacity 18948K, committed 19200K, reserved 1064960K
  class space    used 2567K, capacity 2738K, committed 2816K, reserved 1048576K
Event: 2.141 GC heap after
Heap after GC invocations=3 (full 0):
 PSYoungGen      total 38400K, used 5097K [0x00000000d5b00000, 0x00000000da600000, 0x0000000100000000)
  eden space 33280K, 0% used [0x00000000d5b00000,0x00000000d5b00000,0x00000000d7b80000)
  from space 5120K, 99% used [0x00000000d7b80000,0x00000000d807a5a0,0x00000000d8080000)
  to   space 5120K, 0% used [0x00000000da100000,0x00000000da100000,0x00000000da600000)
 ParOldGen       total 87552K, used 12621K [0x0000000081000000, 0x0000000086580000, 0x00000000d5b00000)
  object space 87552K, 14% used [0x0000000081000000,0x0000000081c53628,0x0000000086580000)
 Metaspace       used 18341K, capacity 18948K, committed 19200K, reserved 1064960K
  class space    used 2567K, capacity 2738K, committed 2816K, reserved 1048576K
}
Event: 2.450 GC heap before
{Heap before GC invocations=4 (full 0):
 PSYoungGen      total 38400K, used 38377K [0x00000000d5b00000, 0x00000000da600000, 0x0000000100000000)
  eden space 33280K, 100% used [0x00000000d5b00000,0x00000000d7b80000,0x00000000d7b80000)
  from space 5120K, 99% used [0x00000000d7b80000,0x00000000d807a5a0,0x00000000d8080000)
  to   space 5120K, 0% used [0x00000000da100000,0x00000000da100000,0x00000000da600000)
 ParOldGen       total 87552K, used 12621K [0x0000000081000000, 0x0000000086580000, 0x00000000d5b00000)
  object space 87552K, 14% used [0x0000000081000000,0x0000000081c53628,0x0000000086580000)
 Metaspace       used 19914K, capacity 20862K, committed 20992K, reserved 1067008K
  class space    used 2867K, capacity 3061K, committed 3072K, reserved 1048576K
Event: 2.458 GC heap after
Heap after GC invocations=4 (full 0):
 PSYoungGen      total 71680K, used 5113K [0x00000000d5b00000, 0x00000000da600000, 0x0000000100000000)
  eden space 66560K, 0% used [0x00000000d5b00000,0x00000000d5b00000,0x00000000d9c00000)
  from space 5120K, 99% used [0x00000000da100000,0x00000000da5fe590,0x00000000da600000)
  to   space 5120K, 0% used [0x00000000d9c00000,0x00000000d9c00000,0x00000000da100000)
 ParOldGen       total 87552K, used 13615K [0x0000000081000000, 0x0000000086580000, 0x00000000d5b00000)
  object space 87552K, 15% used [0x0000000081000000,0x0000000081d4bd28,0x0000000086580000)
 Metaspace       used 19914K, capacity 20862K, committed 20992K, reserved 1067008K
  class space    used 2867K, capacity 3061K, committed 3072K, reserved 1048576K
}
Event: 2.581 GC heap before
{Heap before GC invocations=5 (full 0):
 PSYoungGen      total 71680K, used 26884K [0x00000000d5b00000, 0x00000000da600000, 0x0000000100000000)
  eden space 66560K, 32% used [0x00000000d5b00000,0x00000000d7042ba0,0x00000000d9c00000)
  from space 5120K, 99% used [0x00000000da100000,0x00000000da5fe590,0x00000000da600000)
  to   space 5120K, 0% used [0x00000000d9c00000,0x00000000d9c00000,0x00000000da100000)
 ParOldGen       total 87552K, used 13615K [0x0000000081000000, 0x0000000086580000, 0x00000000d5b00000)
  object space 87552K, 15% used [0x0000000081000000,0x0000000081d4bd28,0x0000000086580000)
 Metaspace       used 20306K, capacity 21260K, committed 21296K, reserved 1067008K
  class space    used 2957K, capacity 3166K, committed 3200K, reserved 1048576K
Event: 2.587 GC heap after
Heap after GC invocations=5 (full 0):
 PSYoungGen      total 71680K, used 5097K [0x00000000d5b00000, 0x00000000df800000, 0x0000000100000000)
  eden space 66560K, 0% used [0x00000000d5b00000,0x00000000d5b00000,0x00000000d9c00000)
  from space 5120K, 99% used [0x00000000d9c00000,0x00000000da0fa5a0,0x00000000da100000)
  to   space 13824K, 0% used [0x00000000dea80000,0x00000000dea80000,0x00000000df800000)
 ParOldGen       total 87552K, used 13959K [0x0000000081000000, 0x0000000086580000, 0x00000000d5b00000)
  object space 87552K, 15% used [0x0000000081000000,0x0000000081da1d28,0x0000000086580000)
 Metaspace       used 20306K, capacity 21260K, committed 21296K, reserved 1067008K
  class space    used 2957K, capacity 3166K, committed 3200K, reserved 1048576K
}
Event: 2.587 GC heap before
{Heap before GC invocations=6 (full 1):
 PSYoungGen      total 71680K, used 5097K [0x00000000d5b00000, 0x00000000df800000, 0x0000000100000000)
  eden space 66560K, 0% used [0x00000000d5b00000,0x00000000d5b00000,0x00000000d9c00000)
  from space 5120K, 99% used [0x00000000d9c00000,0x00000000da0fa5a0,0x00000000da100000)
  to   space 13824K, 0% used [0x00000000dea80000,0x00000000dea80000,0x00000000df800000)
 ParOldGen       total 87552K, used 13959K [0x0000000081000000, 0x0000000086580000, 0x00000000d5b00000)
  object space 87552K, 15% used [0x0000000081000000,0x0000000081da1d28,0x0000000086580000)
 Metaspace       used 20306K, capacity 21260K, committed 21296K, reserved 1067008K
  class space    used 2957K, capacity 3166K, committed 3200K, reserved 1048576K
Event: 2.631 GC heap after
Heap after GC invocations=6 (full 1):
 PSYoungGen      total 71680K, used 0K [0x00000000d5b00000, 0x00000000df800000, 0x0000000100000000)
  eden space 66560K, 0% used [0x00000000d5b00000,0x00000000d5b00000,0x00000000d9c00000)
  from space 5120K, 0% used [0x00000000d9c00000,0x00000000d9c00000,0x00000000da100000)
  to   space 13824K, 0% used [0x00000000dea80000,0x00000000dea80000,0x00000000df800000)
 ParOldGen       total 73728K, used 16670K [0x0000000081000000, 0x0000000085800000, 0x00000000d5b00000)
  object space 73728K, 22% used [0x0000000081000000,0x0000000082047980,0x0000000085800000)
 Metaspace       used 20306K, capacity 21260K, committed 21296K, reserved 1067008K
  class space    used 2957K, capacity 3166K, committed 3200K, reserved 1048576K
}
Event: 3.662 GC heap before
{Heap before GC invocations=7 (full 1):
 PSYoungGen      total 71680K, used 66560K [0x00000000d5b00000, 0x00000000df800000, 0x0000000100000000)
  eden space 66560K, 100% used [0x00000000d5b00000,0x00000000d9c00000,0x00000000d9c00000)
  from space 5120K, 0% used [0x00000000d9c00000,0x00000000d9c00000,0x00000000da100000)
  to   space 13824K, 0% used [0x00000000dea80000,0x00000000dea80000,0x00000000df800000)
 ParOldGen       total 73728K, used 16670K [0x0000000081000000, 0x0000000085800000, 0x00000000d5b00000)
  object space 73728K, 22% used [0x0000000081000000,0x0000000082047980,0x0000000085800000)
 Metaspace       used 24068K, capacity 25762K, committed 25984K, reserved 1071104K
  class space    used 3661K, capacity 3961K, committed 3968K, reserved 1048576K
Event: 3.680 GC heap after
Heap after GC invocations=7 (full 1):
 PSYoungGen      total 109568K, used 6196K [0x00000000d5b00000, 0x00000000df100000, 0x0000000100000000)
  eden space 102912K, 0% used [0x00000000d5b00000,0x00000000d5b00000,0x00000000dbf80000)
  from space 6656K, 93% used [0x00000000dea80000,0x00000000df08d2a0,0x00000000df100000)
  to   space 12800K, 0% used [0x00000000dd800000,0x00000000dd800000,0x00000000de480000)
 ParOldGen       total 73728K, used 16678K [0x0000000081000000, 0x0000000085800000, 0x00000000d5b00000)
  object space 73728K, 22% used [0x0000000081000000,0x0000000082049980,0x0000000085800000)
 Metaspace       used 24068K, capacity 25762K, committed 25984K, reserved 1071104K
  class space    used 3661K, capacity 3961K, committed 3968K, reserved 1048576K
}

Deoptimization events (10 events):
Event: 4.411 Thread 0x000000001b551800 Uncommon trap: reason=unstable_if action=reinterpret pc=0x00000000054e1cd8 method=java.lang.Class.arrayContentsEq([Ljava/lang/Object;[Ljava/lang/Object;)Z @ 1
Event: 4.534 Thread 0x000000001b551800 Uncommon trap: reason=bimorphic action=maybe_recompile pc=0x00000000057bd9a0 method=java.util.WeakHashMap.eq(Ljava/lang/Object;Ljava/lang/Object;)Z @ 7
Event: 4.536 Thread 0x000000001b551800 Uncommon trap: reason=bimorphic action=maybe_recompile pc=0x00000000057bd9a0 method=java.util.WeakHashMap.eq(Ljava/lang/Object;Ljava/lang/Object;)Z @ 7
Event: 4.537 Thread 0x000000001b551800 Uncommon trap: reason=bimorphic action=maybe_recompile pc=0x00000000057bd9a0 method=java.util.WeakHashMap.eq(Ljava/lang/Object;Ljava/lang/Object;)Z @ 7
Event: 4.538 Thread 0x000000001b551800 Uncommon trap: reason=bimorphic action=maybe_recompile pc=0x00000000057bd9a0 method=java.util.WeakHashMap.eq(Ljava/lang/Object;Ljava/lang/Object;)Z @ 7
Event: 4.706 Thread 0x000000001b8f6000 Uncommon trap: reason=unstable_if action=reinterpret pc=0x00000000057dcdb8 method=com.sun.javafx.css.BitSet.retainAll(Ljava/util/Collection;)Z @ 89
Event: 4.718 Thread 0x000000001b8f6000 Uncommon trap: reason=unstable_if action=reinterpret pc=0x0000000005470344 method=java.util.EnumMap.isValidKey(Ljava/lang/Object;)Z @ 16
Event: 4.719 Thread 0x000000001b8f6000 Uncommon trap: reason=unstable_if action=reinterpret pc=0x000000000546acdc method=java.util.EnumMap.isValidKey(Ljava/lang/Object;)Z @ 16
Event: 4.724 Thread 0x000000001b8f6000 Uncommon trap: reason=unstable_if action=reinterpret pc=0x00000000057da1ac method=com.sun.javafx.css.BitSet.retainAll(Ljava/util/Collection;)Z @ 89
Event: 4.755 Thread 0x000000001b8f6000 Uncommon trap: reason=unstable_if action=reinterpret pc=0x0000000005135f28 method=jdk.internal.org.objectweb.asm.Type.getArgumentsAndReturnSizes(Ljava/lang/String;)I @ 47

Internal exceptions (10 events):
Event: 1.539 Thread 0x000000001b8f6000 Exception <a 'java/lang/NoClassDefFoundError': org/slf4j/impl/StaticLoggerBinder> (0x00000000d78a4030) thrown at [C:\re\workspace\8-2-build-windows-amd64-cygwin\jdk8u151\9699\hotspot\src\share\vm\classfile\systemDictionary.cpp, line 199]
Event: 2.203 Thread 0x000000001b8f6000 Exception <a 'java/lang/ArrayIndexOutOfBoundsException': 57> (0x00000000d5e05c20) thrown at [C:\re\workspace\8-2-build-windows-amd64-cygwin\jdk8u151\9699\hotspot\src\share\vm\interpreter\interpreterRuntime.cpp, line 366]
Event: 2.445 Thread 0x000000001b8f6000 Implicit null exception at 0x0000000004fc2b75 to 0x0000000004fc2d8d
Event: 2.445 Thread 0x000000001b8f6000 Implicit null exception at 0x000000000501f618 to 0x000000000501f6a6
Event: 2.901 Thread 0x000000001b8f6000 Exception <a 'java/lang/ClassCastException': java.io.BufferedInputStream cannot be cast to java.io.FileInputStream> (0x00000000d8312398) thrown at [C:\re\workspace\8-2-build-windows-amd64-cygwin\jdk8u151\9699\hotspot\src\share\vm\interpreter\interpreterRu
Event: 2.902 Thread 0x000000001b8f6000 Exception <a 'java/lang/reflect/InvocationTargetException'> (0x00000000d83125a0) thrown at [C:\re\workspace\8-2-build-windows-amd64-cygwin\jdk8u151\9699\hotspot\src\share\vm\runtime\reflection.cpp, line 1092]
Event: 3.815 Thread 0x000000001b8f6000 Implicit null exception at 0x000000000568cdeb to 0x000000000568e79d
Event: 4.363 Thread 0x000000001b551800 Implicit null exception at 0x00000000054cca94 to 0x00000000054cfc19
Event: 4.411 Thread 0x000000001b551800 Implicit null exception at 0x00000000054de824 to 0x00000000054e1c65
Event: 5.739 Thread 0x000000002b00f800 Exception <a 'java/lang/IllegalStateException'> (0x00000000d7cafdf0) thrown at [C:\re\workspace\8-2-build-windows-amd64-cygwin\jdk8u151\9699\hotspot\src\share\vm\prims\jvm.cpp, line 1394]

Events (10 events):
Event: 5.737 Thread 0x000000002b00f800 Thread added: 0x000000002b00f800
Event: 5.737 Thread 0x000000002792c000 Thread added: 0x000000002792c000
Event: 5.737 Thread 0x000000002792c000 Thread exited: 0x000000002792c000
Event: 5.738 loading class com/sun/javafx/tk/quantum/QuantumRenderer
Event: 5.738 loading class com/sun/javafx/tk/quantum/QuantumRenderer done
Event: 5.738 loading class com/sun/javafx/tk/quantum/QuantumToolkit
Event: 5.738 loading class com/sun/javafx/tk/quantum/QuantumToolkit done
Event: 5.739 Thread 0x000000002b00f800 Thread exited: 0x000000002b00f800
Event: 5.739 Thread 0x000000001982a800 Thread exited: 0x000000001982a800
Event: 5.739 Executing VM operation: Exit


Dynamic libraries:
0x00007ff71cf40000 - 0x00007ff71cf77000 	C:\Program Files\Java\jre1.8.0_151\bin\javaw.exe
0x00007ff872f70000 - 0x00007ff873150000 	C:\WINDOWS\SYSTEM32\ntdll.dll
0x00007ff8706d0000 - 0x00007ff87077e000 	C:\WINDOWS\System32\KERNEL32.DLL
0x00007ff86f4e0000 - 0x00007ff86f746000 	C:\WINDOWS\System32\KERNELBASE.dll
0x00007ff872ad0000 - 0x00007ff872b71000 	C:\WINDOWS\System32\ADVAPI32.dll
0x00007ff872e50000 - 0x00007ff872eed000 	C:\WINDOWS\System32\msvcrt.dll
0x00007ff870810000 - 0x00007ff87086b000 	C:\WINDOWS\System32\sechost.dll
0x00007ff870e60000 - 0x00007ff870f7f000 	C:\WINDOWS\System32\RPCRT4.dll
0x00007ff8710d0000 - 0x00007ff87125f000 	C:\WINDOWS\System32\USER32.dll
0x00007ff86f3c0000 - 0x00007ff86f3e0000 	C:\WINDOWS\System32\win32u.dll
0x00007ff8712d0000 - 0x00007ff8712f8000 	C:\WINDOWS\System32\GDI32.dll
0x00007ff86f8e0000 - 0x00007ff86fa73000 	C:\WINDOWS\System32\gdi32full.dll
0x00007ff8703a0000 - 0x00007ff87043b000 	C:\WINDOWS\System32\msvcp_win.dll
0x00007ff86f3e0000 - 0x00007ff86f4d6000 	C:\WINDOWS\System32\ucrtbase.dll
0x00007ff8685a0000 - 0x00007ff868809000 	C:\WINDOWS\WinSxS\amd64_microsoft.windows.common-controls_6595b64144ccf1df_6.0.16299.192_none_15c8cdae9364c23b\COMCTL32.dll
0x00007ff871300000 - 0x00007ff871608000 	C:\WINDOWS\System32\combase.dll
0x00007ff86f800000 - 0x00007ff86f872000 	C:\WINDOWS\System32\bcryptPrimitives.dll
0x00007ff872f00000 - 0x00007ff872f2d000 	C:\WINDOWS\System32\IMM32.DLL
0x0000000067140000 - 0x0000000067212000 	C:\Program Files\Java\jre1.8.0_151\bin\msvcr100.dll
0x00000000678b0000 - 0x000000006814d000 	C:\Program Files\Java\jre1.8.0_151\bin\server\jvm.dll
0x00007ff872f30000 - 0x00007ff872f38000 	C:\WINDOWS\System32\PSAPI.DLL
0x00007ff867670000 - 0x00007ff86767a000 	C:\WINDOWS\SYSTEM32\VERSION.dll
0x00007ff868fb0000 - 0x00007ff868fd3000 	C:\WINDOWS\SYSTEM32\WINMM.dll
0x00007ff864f90000 - 0x00007ff864f99000 	C:\WINDOWS\SYSTEM32\WSOCK32.dll
0x00007ff871260000 - 0x00007ff8712cc000 	C:\WINDOWS\System32\WS2_32.dll
0x00007ff868f80000 - 0x00007ff868faa000 	C:\WINDOWS\SYSTEM32\WINMMBASE.dll
0x00007ff86f370000 - 0x00007ff86f3ba000 	C:\WINDOWS\System32\cfgmgr32.dll
0x00000000678a0000 - 0x00000000678af000 	C:\Program Files\Java\jre1.8.0_151\bin\verify.dll
0x0000000067870000 - 0x0000000067899000 	C:\Program Files\Java\jre1.8.0_151\bin\java.dll
0x0000000067850000 - 0x0000000067866000 	C:\Program Files\Java\jre1.8.0_151\bin\zip.dll
0x00007ff871630000 - 0x00007ff872a66000 	C:\WINDOWS\System32\SHELL32.dll
0x00007ff870440000 - 0x00007ff8704e6000 	C:\WINDOWS\System32\shcore.dll
0x00007ff86fc50000 - 0x00007ff870397000 	C:\WINDOWS\System32\windows.storage.dll
0x00007ff872a70000 - 0x00007ff872ac1000 	C:\WINDOWS\System32\shlwapi.dll
0x00007ff86f300000 - 0x00007ff86f311000 	C:\WINDOWS\System32\kernel.appcore.dll
0x00007ff86f320000 - 0x00007ff86f36c000 	C:\WINDOWS\System32\powrprof.dll
0x00007ff86f2e0000 - 0x00007ff86f2fb000 	C:\WINDOWS\System32\profapi.dll
0x0000000002cb0000 - 0x0000000002cb3000 	C:\Program Files\Java\jre1.8.0_151\bin\api-ms-win-core-console-l1-1-0.dll
0x0000000004860000 - 0x0000000004863000 	C:\Program Files\Java\jre1.8.0_151\bin\api-ms-win-core-datetime-l1-1-0.dll
0x0000000004870000 - 0x0000000004873000 	C:\Program Files\Java\jre1.8.0_151\bin\api-ms-win-core-debug-l1-1-0.dll
0x0000000004880000 - 0x0000000004883000 	C:\Program Files\Java\jre1.8.0_151\bin\api-ms-win-core-errorhandling-l1-1-0.dll
0x0000000004890000 - 0x0000000004894000 	C:\Program Files\Java\jre1.8.0_151\bin\api-ms-win-core-file-l1-1-0.dll
0x00000000048a0000 - 0x00000000048a3000 	C:\Program Files\Java\jre1.8.0_151\bin\api-ms-win-core-file-l1-2-0.dll
0x00000000048b0000 - 0x00000000048b3000 	C:\Program Files\Java\jre1.8.0_151\bin\api-ms-win-core-file-l2-1-0.dll
0x00000000048c0000 - 0x00000000048c3000 	C:\Program Files\Java\jre1.8.0_151\bin\api-ms-win-core-handle-l1-1-0.dll
0x00000000048d0000 - 0x00000000048d3000 	C:\Program Files\Java\jre1.8.0_151\bin\api-ms-win-core-heap-l1-1-0.dll
0x00000000048e0000 - 0x00000000048e3000 	C:\Program Files\Java\jre1.8.0_151\bin\api-ms-win-core-interlocked-l1-1-0.dll
0x00000000048f0000 - 0x00000000048f3000 	C:\Program Files\Java\jre1.8.0_151\bin\api-ms-win-core-libraryloader-l1-1-0.dll
0x0000000004900000 - 0x0000000004903000 	C:\Program Files\Java\jre1.8.0_151\bin\api-ms-win-core-localization-l1-2-0.dll
0x0000000004910000 - 0x0000000004913000 	C:\Program Files\Java\jre1.8.0_151\bin\api-ms-win-core-memory-l1-1-0.dll
0x0000000004920000 - 0x0000000004923000 	C:\Program Files\Java\jre1.8.0_151\bin\api-ms-win-core-namedpipe-l1-1-0.dll
0x0000000004930000 - 0x0000000004933000 	C:\Program Files\Java\jre1.8.0_151\bin\api-ms-win-core-processenvironment-l1-1-0.dll
0x0000000004a50000 - 0x0000000004a53000 	C:\Program Files\Java\jre1.8.0_151\bin\api-ms-win-core-processthreads-l1-1-0.dll
0x0000000004a60000 - 0x0000000004a63000 	C:\Program Files\Java\jre1.8.0_151\bin\api-ms-win-core-processthreads-l1-1-1.dll
0x0000000004a70000 - 0x0000000004a73000 	C:\Program Files\Java\jre1.8.0_151\bin\api-ms-win-core-profile-l1-1-0.dll
0x000000001b770000 - 0x000000001b773000 	C:\Program Files\Java\jre1.8.0_151\bin\api-ms-win-core-rtlsupport-l1-1-0.dll
0x000000001b780000 - 0x000000001b783000 	C:\Program Files\Java\jre1.8.0_151\bin\api-ms-win-core-string-l1-1-0.dll
0x000000001b790000 - 0x000000001b793000 	C:\Program Files\Java\jre1.8.0_151\bin\api-ms-win-core-synch-l1-1-0.dll
0x000000001b7a0000 - 0x000000001b7a3000 	C:\Program Files\Java\jre1.8.0_151\bin\api-ms-win-core-synch-l1-2-0.dll
0x000000001b7b0000 - 0x000000001b7b3000 	C:\Program Files\Java\jre1.8.0_151\bin\api-ms-win-core-sysinfo-l1-1-0.dll
0x000000001b7c0000 - 0x000000001b7c3000 	C:\Program Files\Java\jre1.8.0_151\bin\api-ms-win-core-timezone-l1-1-0.dll
0x000000001b7d0000 - 0x000000001b7d3000 	C:\Program Files\Java\jre1.8.0_151\bin\api-ms-win-core-util-l1-1-0.dll
0x000000001b7e0000 - 0x000000001b7e3000 	C:\Program Files\Java\jre1.8.0_151\bin\api-ms-win-crt-conio-l1-1-0.dll
0x000000001b7f0000 - 0x000000001b7f4000 	C:\Program Files\Java\jre1.8.0_151\bin\api-ms-win-crt-convert-l1-1-0.dll
0x000000001b800000 - 0x000000001b803000 	C:\Program Files\Java\jre1.8.0_151\bin\api-ms-win-crt-environment-l1-1-0.dll
0x000000001b810000 - 0x000000001b813000 	C:\Program Files\Java\jre1.8.0_151\bin\api-ms-win-crt-filesystem-l1-1-0.dll
0x000000001b820000 - 0x000000001b823000 	C:\Program Files\Java\jre1.8.0_151\bin\api-ms-win-crt-heap-l1-1-0.dll
0x000000001b830000 - 0x000000001b833000 	C:\Program Files\Java\jre1.8.0_151\bin\api-ms-win-crt-locale-l1-1-0.dll
0x000000001b840000 - 0x000000001b845000 	C:\Program Files\Java\jre1.8.0_151\bin\api-ms-win-crt-math-l1-1-0.dll
0x000000001b850000 - 0x000000001b855000 	C:\Program Files\Java\jre1.8.0_151\bin\api-ms-win-crt-multibyte-l1-1-0.dll
0x000000001b860000 - 0x000000001b870000 	C:\Program Files\Java\jre1.8.0_151\bin\api-ms-win-crt-private-l1-1-0.dll
0x000000001b870000 - 0x000000001b873000 	C:\Program Files\Java\jre1.8.0_151\bin\api-ms-win-crt-process-l1-1-0.dll
0x000000001b880000 - 0x000000001b884000 	C:\Program Files\Java\jre1.8.0_151\bin\api-ms-win-crt-runtime-l1-1-0.dll
0x000000001b890000 - 0x000000001b894000 	C:\Program Files\Java\jre1.8.0_151\bin\api-ms-win-crt-stdio-l1-1-0.dll
0x000000001b8a0000 - 0x000000001b8a4000 	C:\Program Files\Java\jre1.8.0_151\bin\api-ms-win-crt-string-l1-1-0.dll
0x000000001b8b0000 - 0x000000001b8b3000 	C:\Program Files\Java\jre1.8.0_151\bin\api-ms-win-crt-time-l1-1-0.dll
0x000000001b8c0000 - 0x000000001b8c3000 	C:\Program Files\Java\jre1.8.0_151\bin\api-ms-win-crt-utility-l1-1-0.dll
0x00007ff862de0000 - 0x00007ff862ed6000 	C:\Program Files\Java\jre1.8.0_151\bin\ucrtbase.dll
0x00007ff85c030000 - 0x00007ff85c081000 	C:\Program Files\Java\jre1.8.0_151\bin\concrt140.dll
0x00007ff859680000 - 0x00007ff85971c000 	C:\Program Files\Java\jre1.8.0_151\bin\MSVCP140.dll
0x00007ff865510000 - 0x00007ff865526000 	C:\Program Files\Java\jre1.8.0_151\bin\VCRUNTIME140.dll
0x00000000667f0000 - 0x0000000066813000 	C:\Program Files\Java\jre1.8.0_151\bin\prism_d3d.dll
0x00007ff848dc0000 - 0x00007ff848f55000 	C:\WINDOWS\system32\d3d9.dll
0x00007ff86de30000 - 0x00007ff86de5a000 	C:\WINDOWS\SYSTEM32\dwmapi.dll
0x00007ff86dd60000 - 0x00007ff86ddf5000 	C:\WINDOWS\system32\uxtheme.dll
0x00007ff8704f0000 - 0x00007ff8705b5000 	C:\WINDOWS\System32\OLEAUT32.dll
0x00007ff870f80000 - 0x00007ff8710c9000 	C:\WINDOWS\System32\ole32.dll
0x00000000667a0000 - 0x00000000667e9000 	C:\Program Files\Java\jre1.8.0_151\bin\glass.dll
0x00007ff8705c0000 - 0x00007ff8706ca000 	C:\WINDOWS\System32\COMDLG32.dll
0x00007ff872b80000 - 0x00007ff872ce7000 	C:\WINDOWS\System32\MSCTF.dll
0x0000000066780000 - 0x0000000066794000 	C:\Program Files\Java\jre1.8.0_151\bin\javafx_font.dll
0x00007ff84e800000 - 0x00007ff84eb0f000 	C:\WINDOWS\SYSTEM32\dwrite.dll
0x00000000677e0000 - 0x0000000067804000 	C:\Program Files\Java\jre1.8.0_151\bin\sunec.dll
0x0000000067830000 - 0x000000006784a000 	C:\Program Files\Java\jre1.8.0_151\bin\net.dll
0x00007ff86eaf0000 - 0x00007ff86eb56000 	C:\WINDOWS\system32\mswsock.dll
0x00007ff86e880000 - 0x00007ff86e8b9000 	C:\WINDOWS\SYSTEM32\IPHLPAPI.DLL
0x00007ff872ef0000 - 0x00007ff872ef8000 	C:\WINDOWS\System32\NSI.dll
0x00007ff869370000 - 0x00007ff869386000 	C:\WINDOWS\SYSTEM32\dhcpcsvc6.DLL
0x00007ff869550000 - 0x00007ff86956a000 	C:\WINDOWS\SYSTEM32\dhcpcsvc.DLL
0x0000000067810000 - 0x0000000067821000 	C:\Program Files\Java\jre1.8.0_151\bin\nio.dll
0x00007ff872db0000 - 0x00007ff872e4e000 	C:\WINDOWS\System32\clbcatq.dll
0x00007ff861340000 - 0x00007ff8614eb000 	C:\WINDOWS\SYSTEM32\WindowsCodecs.dll
0x00007ff85df20000 - 0x00007ff85df6f000 	C:\WINDOWS\system32\dataexchange.dll
0x00007ff86d770000 - 0x00007ff86d8b2000 	C:\WINDOWS\system32\dcomp.dll
0x00007ff86c7c0000 - 0x00007ff86caa1000 	C:\WINDOWS\system32\d3d11.dll
0x00007ff86e0e0000 - 0x00007ff86e18f000 	C:\WINDOWS\system32\dxgi.dll
0x00007ff86da60000 - 0x00007ff86dbdb000 	C:\WINDOWS\system32\twinapi.appcore.dll
0x00007ff86dbe0000 - 0x00007ff86dc00000 	C:\WINDOWS\system32\RMCLIENT.dll
0x00007ff86edc0000 - 0x00007ff86ede5000 	C:\WINDOWS\system32\bcrypt.dll
0x00007ff865040000 - 0x00007ff865074000 	C:\Program Files\Common Files\Microsoft Shared\Ink\rtscom.dll
0x00007ff860310000 - 0x00007ff8603a8000 	C:\WINDOWS\System32\TextInputFramework.dll
0x00007ff860020000 - 0x00007ff86030e000 	C:\WINDOWS\System32\CoreUIComponents.dll
0x00007ff86c6e0000 - 0x00007ff86c7bc000 	C:\WINDOWS\System32\CoreMessaging.dll
0x00007ff86e3d0000 - 0x00007ff86e401000 	C:\WINDOWS\SYSTEM32\ntmarta.dll
0x00007ff86bc80000 - 0x00007ff86bdb6000 	C:\WINDOWS\SYSTEM32\wintypes.dll
0x0000000066750000 - 0x0000000066773000 	C:\Program Files\Java\jre1.8.0_151\bin\javafx_iio.dll
0x0000000066730000 - 0x0000000066742000 	C:\Program Files\Java\jre1.8.0_151\bin\prism_common.dll
0x00007ff868cf0000 - 0x00007ff868eb8000 	C:\WINDOWS\SYSTEM32\dbghelp.dll

VM Arguments:
jvm_args: -Dfile.encoding=UTF-8 
java_command: com.jeeves.vpl.Main
java_class_path (initial): C:\Program Files\Java\jre1.8.0_151\lib\resources.jar;C:\Program Files\Java\jre1.8.0_151\lib\rt.jar;C:\Program Files\Java\jre1.8.0_151\lib\jsse.jar;C:\Program Files\Java\jre1.8.0_151\lib\jce.jar;C:\Program Files\Java\jre1.8.0_151\lib\charsets.jar;C:\Program Files\Java\jre1.8.0_151\lib\jfr.jar;C:\Program Files\Java\jre1.8.0_151\lib\ext\access-bridge-64.jar;C:\Program Files\Java\jre1.8.0_151\lib\ext\cldrdata.jar;C:\Program Files\Java\jre1.8.0_151\lib\ext\dnsns.jar;C:\Program Files\Java\jre1.8.0_151\lib\ext\dns_sd.jar;C:\Program Files\Java\jre1.8.0_151\lib\ext\jaccess.jar;C:\Program Files\Java\jre1.8.0_151\lib\ext\jfxrt.jar;C:\Program Files\Java\jre1.8.0_151\lib\ext\localedata.jar;C:\Program Files\Java\jre1.8.0_151\lib\ext\nashorn.jar;C:\Program Files\Java\jre1.8.0_151\lib\ext\sunec.jar;C:\Program Files\Java\jre1.8.0_151\lib\ext\sunjce_provider.jar;C:\Program Files\Java\jre1.8.0_151\lib\ext\sunmscapi.jar;C:\Program Files\Java\jre1.8.0_151\lib\ext\sunpkcs11.jar;C:\Program Files\Java\jre1.8.0_151\lib\ext\zipfs.jar;C:\Users\Cath\Documents\workspace\Jeeves\target\classes;C:\Users\Cath\Documents\workspace\Jeeves\poi-3.15.jar;C:\Users\Cath\Documents\workspace\Jeeves\commons-lang3-3.5.jar;C:\Users\Cath\Documents\workspace\Jeeves\controlsfx-8.40.12.jar;C:\Users\Cath\.m2\repository\commons-codec\commons-codec\1.9\commons-codec-1.9.jar;C:\Users\Cath\.m2\repository\commons-validator\commons-validator\1.4.1\commons-validator-1.4.1.jar;C:\Users\Cath\.m2\repository\commons-beanutils\commons-beanutils\1.8.3\commons-beanutils-1.8.3.jar;C:\Users\Cath\.m2\repository\commons-digester\commons-digester\1.8.1\commons-digester-1.8.1.jar;C:\Users\Cath\.m2\repository\commons-logging\commons-logging\1.2\commons-logging-1.2.jar;C:\Users\Cath\.m2\repository\commons-collections\commons-collections\3.2.1\commons-collections-3.2.1.jar;C:\Users\Cath\.m2\repository\org\apache\shiro\shiro-core\1.3.2\shiro-core-1.3.2.jar;C:\Users\Cath\.m2\repository\org\slf4j\slf4j-api\1.6.4\
Launcher Type: SUN_STANDARD

Environment Variables:
JAVA_HOME=C:\Program Files\Java\jdk1.8.0_151
PATH=C:/Program Files/Java/jre1.8.0_151/bin/server;C:/Program Files/Java/jre1.8.0_151/bin;C:/Program Files/Java/jre1.8.0_151/lib/amd64;C:\ProgramData\Oracle\Java\javapath;C:\WINDOWS\system32;C:\WINDOWS;C:\WINDOWS\System32\Wbem;C:\WINDOWS\System32\WindowsPowerShell\v1.0\;C:\Program Files\Git\cmd;C:\Program Files\Java\jdk1.8.0_151\bin;C:\Users\Cath\AppData\Local\Microsoft\WindowsApps;C:\MinGW\bin;C:\MinGW\msys\1.0\bin;;C:\Users\Cath\Desktop;
USERNAME=Cath
OS=Windows_NT
PROCESSOR_IDENTIFIER=Intel64 Family 6 Model 69 Stepping 1, GenuineIntel



---------------  S Y S T E M  ---------------

OS: Windows 10.0 , 64 bit Build 16299 (10.0.16299.15)

CPU:total 4 (initial active 4) (2 cores per cpu, 2 threads per core) family 6 model 69 stepping 1, cmov, cx8, fxsr, mmx, sse, sse2, sse3, ssse3, sse4.1, sse4.2, popcnt, avx, avx2, aes, clmul, erms, lzcnt, ht, tsc, tscinvbit, bmi1, bmi2

Memory: 4k page, physical 8317080k(1441084k free), swap 14913676k(3950140k free)

vm_info: Java HotSpot(TM) 64-Bit Server VM (25.151-b12) for windows-amd64 JRE (1.8.0_151-b12), built on Sep  5 2017 19:33:46 by "java_re" with MS VC++ 10.0 (VS2010)

time: Wed Jan 10 14:38:18 2018
elapsed time: 6 seconds (0d 0h 0m 6s)

