#
# A fatal error has been detected by the Java Runtime Environment:
#
#  EXCEPTION_ACCESS_VIOLATION (0xc0000005) at pc=0x00000000667c78b0, pid=11836, tid=0x0000000000000600
#
# JRE version: Java(TM) SE Runtime Environment (8.0_151-b12) (build 1.8.0_151-b12)
# Java VM: Java HotSpot(TM) 64-Bit Server VM (25.151-b12 mixed mode windows-amd64 compressed oops)
# Problematic frame:
# C  [glass.dll+0x278b0]
#
# Failed to write core dump. Minidumps are not enabled by default on client versions of Windows
#
# If you would like to submit a bug report, please visit:
#   http://bugreport.java.com/bugreport/crash.jsp
#

---------------  T H R E A D  ---------------

Current thread (0x0000000019aa7800):  VMThread [stack: 0x000000001ab40000,0x000000001ac40000] [id=1536]

siginfo: ExceptionCode=0xc0000005, reading address 0x0000000000000000

Registers:
RAX=0x0000000000000000, RBX=0x0000000004f0c140, RCX=0x0000000019aa7800, RDX=0x0000000067edc658
RSP=0x000000001ac3f590, RBP=0x0000000002fe8d98, RSI=0x0000000002fe8d70, RDI=0x000033f41bdce7ec
R8 =0x0000000000010002, R9 =0x000000000000002c, R10=0x000033f41bdce7ec, R11=0x000000001ac3f310
R12=0x0000000000000000, R13=0x0000000000000040, R14=0x000000001ac3f6a8, R15=0x0000000002fe8d70
RIP=0x00000000667c78b0, EFLAGS=0x0000000000010206

Top of Stack: (sp=0x000000001ac3f590)
0x000000001ac3f590:   0000000000000000 00007ff86f3ed00b
0x000000001ac3f5a0:   0000000002fe8d80 0000000002fe8d80
0x000000001ac3f5b0:   fffffffffffffffe 0000000002fe8d98
0x000000001ac3f5c0:   0000000002fe8d78 00007ff86f3f85f3
0x000000001ac3f5d0:   00000000667dc1b0 00007ff800000000
0x000000001ac3f5e0:   0000000000000000 0000000000000000
0x000000001ac3f5f0:   fffffffffffffffe 0000000000000000
0x000000001ac3f600:   0000000000000001 00000000667a0000
0x000000001ac3f610:   0000000002f71638 00000000667c48dc
0x000000001ac3f620:   000000001ac3f698 00007ff86f3ed157
0x000000001ac3f630:   0000000000000000 000000001ac3f6a8
0x000000001ac3f640:   00000000199b5400 00007ff86f4c70e0
0x000000001ac3f650:   0000000000000000 00007ff86f3f16ee
0x000000001ac3f660:   0000000000000000 0000000000000001
0x000000001ac3f670:   0000000000000001 000000001ac3f698
0x000000001ac3f680:   0000000000000000 00000000667c4752 

Instructions: (pc=0x00000000667c78b0)
0x00000000667c7890:   40 53 48 83 ec 30 48 c7 44 24 20 fe ff ff ff 48
0x00000000667c78a0:   8b 1d 7a 72 01 00 48 85 db 74 16 e8 00 81 ff ff
0x00000000667c78b0:   4c 8b 00 48 8b d3 48 8b c8 41 ff 90 b0 00 00 00
0x00000000667c78c0:   90 48 83 c4 30 5b c3 cc cc cc cc cc cc cc cc cc 


Register to memory mapping:

RAX=0x0000000000000000 is an unknown value
RBX=0x0000000004f0c140 is a global jni handle
RCX=0x0000000019aa7800 is an unknown value
RDX=0x0000000067edc658 is an unknown value
RSP=0x000000001ac3f590 is an unknown value
RBP=0x0000000002fe8d98 is an unknown value
RSI=0x0000000002fe8d70 is an unknown value
RDI=0x000033f41bdce7ec is an unknown value
R8 =0x0000000000010002 is an unknown value
R9 =0x000000000000002c is an unknown value
R10=0x000033f41bdce7ec is an unknown value
R11=0x000000001ac3f310 is an unknown value
R12=0x0000000000000000 is an unknown value
R13=0x0000000000000040 is an unknown value
R14=0x000000001ac3f6a8 is an unknown value
R15=0x0000000002fe8d70 is an unknown value


Stack: [0x000000001ab40000,0x000000001ac40000],  sp=0x000000001ac3f590,  free space=1021k
Native frames: (J=compiled Java code, j=interpreted, Vv=VM code, C=native code)
C  [glass.dll+0x278b0]
C  [ucrtbase.dll+0x185f3]
C  [ucrtbase.dll+0xd157]
C  [ucrtbase.dll+0x116ee]
C  [glass.dll+0x24752]
C  [glass.dll+0x24850]
C  [ntdll.dll+0x11493]
C  [ntdll.dll+0x406b5]
C  [ntdll.dll+0x40574]
C  [KERNEL32.DLL+0xf06a]
C  [msvcr100.dll+0x20ccd]
V  [jvm.dll+0x212a95]
V  [jvm.dll+0x24b9a7]
V  [jvm.dll+0x24ac46]
V  [jvm.dll+0x24b0e1]
V  [jvm.dll+0x24b2fe]
V  [jvm.dll+0x29c3ea]
C  [msvcr100.dll+0x21d9f]
C  [msvcr100.dll+0x21e3b]
C  [KERNEL32.DLL+0x11fe4]
C  [ntdll.dll+0x6efb1]

VM_Operation (0x000000001c8aaab0): Exit, mode: safepoint, requested by thread 0x000000001bcc5800


---------------  P R O C E S S  ---------------

Java Threads: ( => current thread )
  0x0000000021412800 JavaThread "Prism Font Disposer" daemon [_thread_blocked, id=10616, stack(0x0000000023e80000,0x0000000023f80000)]
  0x000000001bd55000 JavaThread "JavaFX-Launcher" [_thread_blocked, id=6208, stack(0x0000000020f60000,0x0000000021060000)]
  0x000000001bd5a000 JavaThread "Thread-2" daemon [_thread_in_native, id=3388, stack(0x0000000020e60000,0x0000000020f60000)]
  0x000000001bcc5800 JavaThread "JavaFX Application Thread" [_thread_blocked, id=16220, stack(0x000000001c7b0000,0x000000001c8b0000)]
  0x000000001bcb5000 JavaThread "Thread-1" daemon [_thread_blocked, id=1236, stack(0x000000001c6b0000,0x000000001c7b0000)]
  0x000000001b81c000 JavaThread "QuantumRenderer-0" daemon [_thread_blocked, id=2532, stack(0x000000001c490000,0x000000001c590000)]
  0x0000000019b3e800 JavaThread "Service Thread" daemon [_thread_blocked, id=12060, stack(0x000000001b830000,0x000000001b930000)]
  0x0000000019aeb800 JavaThread "C1 CompilerThread2" daemon [_thread_blocked, id=11028, stack(0x000000001b330000,0x000000001b430000)]
  0x0000000019ae6000 JavaThread "C2 CompilerThread1" daemon [_thread_blocked, id=9652, stack(0x000000001b230000,0x000000001b330000)]
  0x0000000019ae3800 JavaThread "C2 CompilerThread0" daemon [_thread_blocked, id=15840, stack(0x000000001b130000,0x000000001b230000)]
  0x0000000019ae2000 JavaThread "Attach Listener" daemon [_thread_blocked, id=12836, stack(0x000000001b030000,0x000000001b130000)]
  0x0000000019ae1000 JavaThread "Signal Dispatcher" daemon [_thread_blocked, id=2120, stack(0x000000001af30000,0x000000001b030000)]
  0x0000000019aca800 JavaThread "Finalizer" daemon [_thread_blocked, id=9728, stack(0x000000001ad40000,0x000000001ae40000)]
  0x0000000004f13000 JavaThread "Reference Handler" daemon [_thread_blocked, id=5796, stack(0x000000001ac40000,0x000000001ad40000)]
  0x0000000004e23800 JavaThread "main" [_thread_blocked, id=7588, stack(0x0000000004d20000,0x0000000004e20000)]

Other Threads:
=>0x0000000019aa7800 VMThread [stack: 0x000000001ab40000,0x000000001ac40000] [id=1536]

VM state:at safepoint (shutting down)

VM Mutex/Monitor currently owned by a thread:  ([mutex/lock_event])
[0x0000000004e205d0] Threads_lock - owner thread: 0x0000000019aa7800

Heap:
 PSYoungGen      total 134656K, used 43058K [0x00000000d5b00000, 0x00000000e0380000, 0x0000000100000000)
  eden space 120320K, 28% used [0x00000000d5b00000,0x00000000d7c986f0,0x00000000dd080000)
  from space 14336K, 60% used [0x00000000dd080000,0x00000000dd8f41b0,0x00000000dde80000)
  to   space 14336K, 0% used [0x00000000df580000,0x00000000df580000,0x00000000e0380000)
 ParOldGen       total 74240K, used 16696K [0x0000000081000000, 0x0000000085880000, 0x00000000d5b00000)
  object space 74240K, 22% used [0x0000000081000000,0x000000008204e380,0x0000000085880000)
 Metaspace       used 26185K, capacity 28110K, committed 28416K, reserved 1073152K
  class space    used 3884K, capacity 4226K, committed 4352K, reserved 1048576K

Card table byte_map: [0x00000000142e0000,0x00000000146e0000] byte_map_base: 0x0000000013ed8000

Marking Bits: (ParMarkBitMap*) 0x00000000680cd850
 Begin Bits: [0x0000000014d90000, 0x0000000016d50000)
 End Bits:   [0x0000000016d50000, 0x0000000018d10000)

Polling page: 0x0000000002f30000

CodeCache: size=245760Kb used=13739Kb max_used=13739Kb free=232020Kb
 bounds [0x0000000004f20000, 0x0000000005ca0000, 0x0000000013f20000]
 total_blobs=5234 nmethods=4499 adapters=645
 compilation: enabled

Compilation events (10 events):
Event: 5.700 Thread 0x0000000019aeb800 nmethod 4517 0x0000000005c91450 code [0x0000000005c915e0, 0x0000000005c91af8]
Event: 5.700 Thread 0x0000000019aeb800 4516       3       com.sun.javafx.event.BasicEventDispatcher::dispatchEvent (44 bytes)
Event: 5.701 Thread 0x0000000019aeb800 nmethod 4516 0x0000000005c91c50 code [0x0000000005c91e00, 0x0000000005c92388]
Event: 5.702 Thread 0x0000000019aeb800 4518       3       java.util.concurrent.locks.ReentrantLock$Sync::isHeldExclusively (16 bytes)
Event: 5.703 Thread 0x0000000019aeb800 nmethod 4518 0x0000000005c92510 code [0x0000000005c92660, 0x0000000005c928b0]
Event: 5.704 Thread 0x0000000019aeb800 4519       3       java.util.ArrayList::remove (77 bytes)
Event: 5.704 Thread 0x0000000019ae6000 4520 % !   4       java.util.concurrent.ConcurrentHashMap::transfer @ 441 (832 bytes)
Event: 5.704 Thread 0x0000000019aeb800 nmethod 4519 0x0000000005c92910 code [0x0000000005c92ac0, 0x0000000005c93008]
Event: 5.707 Thread 0x0000000019aeb800 4521       1       java.util.logging.Logger::getName (5 bytes)
Event: 5.708 Thread 0x0000000019aeb800 nmethod 4521 0x0000000005c93250 code [0x0000000005c933a0, 0x0000000005c934b0]

GC Heap History (10 events):
Event: 2.153 GC heap before
{Heap before GC invocations=4 (full 0):
 PSYoungGen      total 38400K, used 38393K [0x00000000d5b00000, 0x00000000da600000, 0x0000000100000000)
  eden space 33280K, 100% used [0x00000000d5b00000,0x00000000d7b80000,0x00000000d7b80000)
  from space 5120K, 99% used [0x00000000d7b80000,0x00000000d807e590,0x00000000d8080000)
  to   space 5120K, 0% used [0x00000000da100000,0x00000000da100000,0x00000000da600000)
 ParOldGen       total 87552K, used 12504K [0x0000000081000000, 0x0000000086580000, 0x00000000d5b00000)
  object space 87552K, 14% used [0x0000000081000000,0x0000000081c36180,0x0000000086580000)
 Metaspace       used 19910K, capacity 20800K, committed 20992K, reserved 1067008K
  class space    used 2868K, capacity 3063K, committed 3072K, reserved 1048576K
Event: 2.162 GC heap after
Heap after GC invocations=4 (full 0):
 PSYoungGen      total 71680K, used 5113K [0x00000000d5b00000, 0x00000000da600000, 0x0000000100000000)
  eden space 66560K, 0% used [0x00000000d5b00000,0x00000000d5b00000,0x00000000d9c00000)
  from space 5120K, 99% used [0x00000000da100000,0x00000000da5fe590,0x00000000da600000)
  to   space 5120K, 0% used [0x00000000d9c00000,0x00000000d9c00000,0x00000000da100000)
 ParOldGen       total 87552K, used 13610K [0x0000000081000000, 0x0000000086580000, 0x00000000d5b00000)
  object space 87552K, 15% used [0x0000000081000000,0x0000000081d4a870,0x0000000086580000)
 Metaspace       used 19910K, capacity 20800K, committed 20992K, reserved 1067008K
  class space    used 2868K, capacity 3063K, committed 3072K, reserved 1048576K
}
Event: 2.285 GC heap before
{Heap before GC invocations=5 (full 0):
 PSYoungGen      total 71680K, used 26840K [0x00000000d5b00000, 0x00000000da600000, 0x0000000100000000)
  eden space 66560K, 32% used [0x00000000d5b00000,0x00000000d7037e20,0x00000000d9c00000)
  from space 5120K, 99% used [0x00000000da100000,0x00000000da5fe590,0x00000000da600000)
  to   space 5120K, 0% used [0x00000000d9c00000,0x00000000d9c00000,0x00000000da100000)
 ParOldGen       total 87552K, used 13610K [0x0000000081000000, 0x0000000086580000, 0x00000000d5b00000)
  object space 87552K, 15% used [0x0000000081000000,0x0000000081d4a870,0x0000000086580000)
 Metaspace       used 20297K, capacity 21262K, committed 21296K, reserved 1067008K
  class space    used 2957K, capacity 3168K, committed 3200K, reserved 1048576K
Event: 2.291 GC heap after
Heap after GC invocations=5 (full 0):
 PSYoungGen      total 71680K, used 3776K [0x00000000d5b00000, 0x00000000df800000, 0x0000000100000000)
  eden space 66560K, 0% used [0x00000000d5b00000,0x00000000d5b00000,0x00000000d9c00000)
  from space 5120K, 73% used [0x00000000d9c00000,0x00000000d9fb0080,0x00000000da100000)
  to   space 13824K, 0% used [0x00000000dea80000,0x00000000dea80000,0x00000000df800000)
 ParOldGen       total 87552K, used 15331K [0x0000000081000000, 0x0000000086580000, 0x00000000d5b00000)
  object space 87552K, 17% used [0x0000000081000000,0x0000000081ef8d80,0x0000000086580000)
 Metaspace       used 20297K, capacity 21262K, committed 21296K, reserved 1067008K
  class space    used 2957K, capacity 3168K, committed 3200K, reserved 1048576K
}
Event: 2.291 GC heap before
{Heap before GC invocations=6 (full 1):
 PSYoungGen      total 71680K, used 3776K [0x00000000d5b00000, 0x00000000df800000, 0x0000000100000000)
  eden space 66560K, 0% used [0x00000000d5b00000,0x00000000d5b00000,0x00000000d9c00000)
  from space 5120K, 73% used [0x00000000d9c00000,0x00000000d9fb0080,0x00000000da100000)
  to   space 13824K, 0% used [0x00000000dea80000,0x00000000dea80000,0x00000000df800000)
 ParOldGen       total 87552K, used 15331K [0x0000000081000000, 0x0000000086580000, 0x00000000d5b00000)
  object space 87552K, 17% used [0x0000000081000000,0x0000000081ef8d80,0x0000000086580000)
 Metaspace       used 20297K, capacity 21262K, committed 21296K, reserved 1067008K
  class space    used 2957K, capacity 3168K, committed 3200K, reserved 1048576K
Event: 2.336 GC heap after
Heap after GC invocations=6 (full 1):
 PSYoungGen      total 71680K, used 0K [0x00000000d5b00000, 0x00000000df800000, 0x0000000100000000)
  eden space 66560K, 0% used [0x00000000d5b00000,0x00000000d5b00000,0x00000000d9c00000)
  from space 5120K, 0% used [0x00000000d9c00000,0x00000000d9c00000,0x00000000da100000)
  to   space 13824K, 0% used [0x00000000dea80000,0x00000000dea80000,0x00000000df800000)
 ParOldGen       total 74240K, used 16680K [0x0000000081000000, 0x0000000085880000, 0x00000000d5b00000)
  object space 74240K, 22% used [0x0000000081000000,0x000000008204a380,0x0000000085880000)
 Metaspace       used 20297K, capacity 21262K, committed 21296K, reserved 1067008K
  class space    used 2957K, capacity 3168K, committed 3200K, reserved 1048576K
}
Event: 2.800 GC heap before
{Heap before GC invocations=7 (full 1):
 PSYoungGen      total 71680K, used 66560K [0x00000000d5b00000, 0x00000000df800000, 0x0000000100000000)
  eden space 66560K, 100% used [0x00000000d5b00000,0x00000000d9c00000,0x00000000d9c00000)
  from space 5120K, 0% used [0x00000000d9c00000,0x00000000d9c00000,0x00000000da100000)
  to   space 13824K, 0% used [0x00000000dea80000,0x00000000dea80000,0x00000000df800000)
 ParOldGen       total 74240K, used 16680K [0x0000000081000000, 0x0000000085880000, 0x00000000d5b00000)
  object space 74240K, 22% used [0x0000000081000000,0x000000008204a380,0x0000000085880000)
 Metaspace       used 20975K, capacity 22108K, committed 22400K, reserved 1069056K
  class space    used 3099K, capacity 3341K, committed 3456K, reserved 1048576K
Event: 2.804 GC heap after
Heap after GC invocations=7 (full 1):
 PSYoungGen      total 100864K, used 1851K [0x00000000d5b00000, 0x00000000dec80000, 0x0000000100000000)
  eden space 98816K, 0% used [0x00000000d5b00000,0x00000000d5b00000,0x00000000dbb80000)
  from space 2048K, 90% used [0x00000000dea80000,0x00000000dec4ef00,0x00000000dec80000)
  to   space 14336K, 0% used [0x00000000dd080000,0x00000000dd080000,0x00000000dde80000)
 ParOldGen       total 74240K, used 16688K [0x0000000081000000, 0x0000000085880000, 0x00000000d5b00000)
  object space 74240K, 22% used [0x0000000081000000,0x000000008204c380,0x0000000085880000)
 Metaspace       used 20975K, capacity 22108K, committed 22400K, reserved 1069056K
  class space    used 3099K, capacity 3341K, committed 3456K, reserved 1048576K
}
Event: 3.935 GC heap before
{Heap before GC invocations=8 (full 1):
 PSYoungGen      total 100864K, used 100667K [0x00000000d5b00000, 0x00000000dec80000, 0x0000000100000000)
  eden space 98816K, 100% used [0x00000000d5b00000,0x00000000dbb80000,0x00000000dbb80000)
  from space 2048K, 90% used [0x00000000dea80000,0x00000000dec4ef00,0x00000000dec80000)
  to   space 14336K, 0% used [0x00000000dd080000,0x00000000dd080000,0x00000000dde80000)
 ParOldGen       total 74240K, used 16688K [0x0000000081000000, 0x0000000085880000, 0x00000000d5b00000)
  object space 74240K, 22% used [0x0000000081000000,0x000000008204c380,0x0000000085880000)
 Metaspace       used 24270K, capacity 26020K, committed 26368K, reserved 1071104K
  class space    used 3672K, capacity 3983K, committed 4096K, reserved 1048576K
Event: 3.947 GC heap after
Heap after GC invocations=8 (full 1):
 PSYoungGen      total 134656K, used 8656K [0x00000000d5b00000, 0x00000000e0380000, 0x0000000100000000)
  eden space 120320K, 0% used [0x00000000d5b00000,0x00000000d5b00000,0x00000000dd080000)
  from space 14336K, 60% used [0x00000000dd080000,0x00000000dd8f41b0,0x00000000dde80000)
  to   space 14336K, 0% used [0x00000000df580000,0x00000000df580000,0x00000000e0380000)
 ParOldGen       total 74240K, used 16696K [0x0000000081000000, 0x0000000085880000, 0x00000000d5b00000)
  object space 74240K, 22% used [0x0000000081000000,0x000000008204e380,0x0000000085880000)
 Metaspace       used 24270K, capacity 26020K, committed 26368K, reserved 1071104K
  class space    used 3672K, capacity 3983K, committed 4096K, reserved 1048576K
}

Deoptimization events (10 events):
Event: 4.618 Thread 0x000000001b81c000 Uncommon trap: reason=unstable_if action=reinterpret pc=0x000000000577b71c method=java.lang.Class.arrayContentsEq([Ljava/lang/Object;[Ljava/lang/Object;)Z @ 1
Event: 4.703 Thread 0x000000001b81c000 Uncommon trap: reason=bimorphic action=maybe_recompile pc=0x0000000005a6ecdc method=java.util.WeakHashMap.eq(Ljava/lang/Object;Ljava/lang/Object;)Z @ 7
Event: 4.705 Thread 0x000000001b81c000 Uncommon trap: reason=bimorphic action=maybe_recompile pc=0x0000000005a6ecdc method=java.util.WeakHashMap.eq(Ljava/lang/Object;Ljava/lang/Object;)Z @ 7
Event: 4.706 Thread 0x000000001b81c000 Uncommon trap: reason=bimorphic action=maybe_recompile pc=0x0000000005a6ecdc method=java.util.WeakHashMap.eq(Ljava/lang/Object;Ljava/lang/Object;)Z @ 7
Event: 4.706 Thread 0x000000001b81c000 Uncommon trap: reason=bimorphic action=maybe_recompile pc=0x0000000005a6ecdc method=java.util.WeakHashMap.eq(Ljava/lang/Object;Ljava/lang/Object;)Z @ 7
Event: 4.875 Thread 0x000000001bcc5800 Uncommon trap: reason=unstable_if action=reinterpret pc=0x0000000005bc5cac method=java.lang.StrictMath.floorOrCeil(DDDD)D @ 24
Event: 4.887 Thread 0x000000001bcc5800 Uncommon trap: reason=unstable_if action=reinterpret pc=0x00000000056f7104 method=java.util.EnumMap.isValidKey(Ljava/lang/Object;)Z @ 16
Event: 4.893 Thread 0x000000001bcc5800 Uncommon trap: reason=unstable_if action=reinterpret pc=0x00000000056f8a1c method=java.util.EnumMap.isValidKey(Ljava/lang/Object;)Z @ 16
Event: 4.906 Thread 0x000000001bcc5800 Uncommon trap: reason=unstable_if action=reinterpret pc=0x0000000005b3af20 method=javafx.scene.Node.impl_isDirtyEmpty()Z @ 4
Event: 4.930 Thread 0x000000001bcc5800 Uncommon trap: reason=unstable_if action=reinterpret pc=0x0000000005358928 method=jdk.internal.org.objectweb.asm.Type.getArgumentsAndReturnSizes(Ljava/lang/String;)I @ 47

Internal exceptions (10 events):
Event: 1.051 Thread 0x000000001bcc5800 Exception <a 'java/io/FileNotFoundException'> (0x00000000d7466300) thrown at [C:\re\workspace\8-2-build-windows-amd64-cygwin\jdk8u151\9699\hotspot\src\share\vm\prims\jni.cpp, line 709]
Event: 1.195 Thread 0x000000001bcc5800 Exception <a 'java/lang/NoClassDefFoundError': org/slf4j/impl/StaticLoggerBinder> (0x00000000d7946420) thrown at [C:\re\workspace\8-2-build-windows-amd64-cygwin\jdk8u151\9699\hotspot\src\share\vm\classfile\systemDictionary.cpp, line 199]
Event: 2.147 Thread 0x000000001bcc5800 Implicit null exception at 0x000000000525f175 to 0x000000000525f389
Event: 2.147 Thread 0x000000001bcc5800 Implicit null exception at 0x00000000052cbe98 to 0x00000000052cbf26
Event: 2.589 Thread 0x000000001bcc5800 Exception <a 'java/io/FileNotFoundException'> (0x00000000d830efb0) thrown at [C:\re\workspace\8-2-build-windows-amd64-cygwin\jdk8u151\9699\hotspot\src\share\vm\prims\jni.cpp, line 709]
Event: 3.093 Thread 0x000000001bcc5800 Exception <a 'java/io/FileNotFoundException'> (0x00000000d9d5c380) thrown at [C:\re\workspace\8-2-build-windows-amd64-cygwin\jdk8u151\9699\hotspot\src\share\vm\prims\jni.cpp, line 709]
Event: 4.038 Thread 0x000000001bcc5800 Implicit null exception at 0x000000000599f86b to 0x00000000059a1219
Event: 4.574 Thread 0x000000001b81c000 Implicit null exception at 0x000000000576ca54 to 0x000000000576fbd9
Event: 4.618 Thread 0x000000001b81c000 Implicit null exception at 0x0000000005778264 to 0x000000000577b6a9
Event: 5.709 Thread 0x000000002743a000 Exception <a 'java/lang/IllegalStateException'> (0x00000000d7b0d948) thrown at [C:\re\workspace\8-2-build-windows-amd64-cygwin\jdk8u151\9699\hotspot\src\share\vm\prims\jvm.cpp, line 1394]

Events (10 events):
Event: 5.706 loading class java/util/IdentityHashMap$KeyIterator done
Event: 5.707 Thread 0x000000002743a000 Thread added: 0x000000002743a000
Event: 5.707 Thread 0x000000002743b000 Thread added: 0x000000002743b000
Event: 5.707 loading class com/sun/javafx/tk/quantum/QuantumRenderer
Event: 5.707 loading class com/sun/javafx/tk/quantum/QuantumRenderer done
Event: 5.707 Thread 0x000000002743b000 Thread exited: 0x000000002743b000
Event: 5.708 loading class com/sun/javafx/tk/quantum/QuantumToolkit
Event: 5.708 loading class com/sun/javafx/tk/quantum/QuantumToolkit done
Event: 5.709 Thread 0x000000002743a000 Thread exited: 0x000000002743a000
Event: 5.709 Executing VM operation: Exit


Dynamic libraries:
0x00007ff71cf40000 - 0x00007ff71cf77000 	C:\Program Files\Java\jre1.8.0_151\bin\javaw.exe
0x00007ff872f70000 - 0x00007ff873150000 	C:\WINDOWS\SYSTEM32\ntdll.dll
0x00007ff8706d0000 - 0x00007ff87077e000 	C:\WINDOWS\System32\KERNEL32.DLL
0x00007ff86f4e0000 - 0x00007ff86f746000 	C:\WINDOWS\System32\KERNELBASE.dll
0x00007ff872ad0000 - 0x00007ff872b71000 	C:\WINDOWS\System32\ADVAPI32.dll
0x00007ff872e50000 - 0x00007ff872eed000 	C:\WINDOWS\System32\msvcrt.dll
0x00007ff870810000 - 0x00007ff87086b000 	C:\WINDOWS\System32\sechost.dll
0x00007ff870e60000 - 0x00007ff870f7f000 	C:\WINDOWS\System32\RPCRT4.dll
0x00007ff8710d0000 - 0x00007ff87125f000 	C:\WINDOWS\System32\USER32.dll
0x00007ff86f3c0000 - 0x00007ff86f3e0000 	C:\WINDOWS\System32\win32u.dll
0x00007ff8712d0000 - 0x00007ff8712f8000 	C:\WINDOWS\System32\GDI32.dll
0x00007ff86f8e0000 - 0x00007ff86fa73000 	C:\WINDOWS\System32\gdi32full.dll
0x00007ff8703a0000 - 0x00007ff87043b000 	C:\WINDOWS\System32\msvcp_win.dll
0x00007ff86f3e0000 - 0x00007ff86f4d6000 	C:\WINDOWS\System32\ucrtbase.dll
0x00007ff8685a0000 - 0x00007ff868809000 	C:\WINDOWS\WinSxS\amd64_microsoft.windows.common-controls_6595b64144ccf1df_6.0.16299.192_none_15c8cdae9364c23b\COMCTL32.dll
0x00007ff871300000 - 0x00007ff871608000 	C:\WINDOWS\System32\combase.dll
0x00007ff86f800000 - 0x00007ff86f872000 	C:\WINDOWS\System32\bcryptPrimitives.dll
0x00007ff872f00000 - 0x00007ff872f2d000 	C:\WINDOWS\System32\IMM32.DLL
0x0000000067140000 - 0x0000000067212000 	C:\Program Files\Java\jre1.8.0_151\bin\msvcr100.dll
0x00000000678b0000 - 0x000000006814d000 	C:\Program Files\Java\jre1.8.0_151\bin\server\jvm.dll
0x00007ff872f30000 - 0x00007ff872f38000 	C:\WINDOWS\System32\PSAPI.DLL
0x00007ff868fb0000 - 0x00007ff868fd3000 	C:\WINDOWS\SYSTEM32\WINMM.dll
0x00007ff867670000 - 0x00007ff86767a000 	C:\WINDOWS\SYSTEM32\VERSION.dll
0x00007ff864f90000 - 0x00007ff864f99000 	C:\WINDOWS\SYSTEM32\WSOCK32.dll
0x00007ff871260000 - 0x00007ff8712cc000 	C:\WINDOWS\System32\WS2_32.dll
0x00007ff868f80000 - 0x00007ff868faa000 	C:\WINDOWS\SYSTEM32\WINMMBASE.dll
0x00007ff86f370000 - 0x00007ff86f3ba000 	C:\WINDOWS\System32\cfgmgr32.dll
0x00000000678a0000 - 0x00000000678af000 	C:\Program Files\Java\jre1.8.0_151\bin\verify.dll
0x0000000067870000 - 0x0000000067899000 	C:\Program Files\Java\jre1.8.0_151\bin\java.dll
0x0000000067850000 - 0x0000000067866000 	C:\Program Files\Java\jre1.8.0_151\bin\zip.dll
0x00007ff871630000 - 0x00007ff872a66000 	C:\WINDOWS\System32\SHELL32.dll
0x00007ff870440000 - 0x00007ff8704e6000 	C:\WINDOWS\System32\shcore.dll
0x00007ff86fc50000 - 0x00007ff870397000 	C:\WINDOWS\System32\windows.storage.dll
0x00007ff872a70000 - 0x00007ff872ac1000 	C:\WINDOWS\System32\shlwapi.dll
0x00007ff86f300000 - 0x00007ff86f311000 	C:\WINDOWS\System32\kernel.appcore.dll
0x00007ff86f320000 - 0x00007ff86f36c000 	C:\WINDOWS\System32\powrprof.dll
0x00007ff86f2e0000 - 0x00007ff86f2fb000 	C:\WINDOWS\System32\profapi.dll
0x0000000002f80000 - 0x0000000002f83000 	C:\Program Files\Java\jre1.8.0_151\bin\api-ms-win-core-console-l1-1-0.dll
0x0000000002f90000 - 0x0000000002f93000 	C:\Program Files\Java\jre1.8.0_151\bin\api-ms-win-core-datetime-l1-1-0.dll
0x000000001ba30000 - 0x000000001ba33000 	C:\Program Files\Java\jre1.8.0_151\bin\api-ms-win-core-debug-l1-1-0.dll
0x000000001ba40000 - 0x000000001ba43000 	C:\Program Files\Java\jre1.8.0_151\bin\api-ms-win-core-errorhandling-l1-1-0.dll
0x000000001ba50000 - 0x000000001ba54000 	C:\Program Files\Java\jre1.8.0_151\bin\api-ms-win-core-file-l1-1-0.dll
0x000000001ba60000 - 0x000000001ba63000 	C:\Program Files\Java\jre1.8.0_151\bin\api-ms-win-core-file-l1-2-0.dll
0x000000001ba70000 - 0x000000001ba73000 	C:\Program Files\Java\jre1.8.0_151\bin\api-ms-win-core-file-l2-1-0.dll
0x000000001ba80000 - 0x000000001ba83000 	C:\Program Files\Java\jre1.8.0_151\bin\api-ms-win-core-handle-l1-1-0.dll
0x000000001ba90000 - 0x000000001ba93000 	C:\Program Files\Java\jre1.8.0_151\bin\api-ms-win-core-heap-l1-1-0.dll
0x000000001baa0000 - 0x000000001baa3000 	C:\Program Files\Java\jre1.8.0_151\bin\api-ms-win-core-interlocked-l1-1-0.dll
0x000000001bab0000 - 0x000000001bab3000 	C:\Program Files\Java\jre1.8.0_151\bin\api-ms-win-core-libraryloader-l1-1-0.dll
0x000000001bac0000 - 0x000000001bac3000 	C:\Program Files\Java\jre1.8.0_151\bin\api-ms-win-core-localization-l1-2-0.dll
0x000000001bad0000 - 0x000000001bad3000 	C:\Program Files\Java\jre1.8.0_151\bin\api-ms-win-core-memory-l1-1-0.dll
0x000000001bae0000 - 0x000000001bae3000 	C:\Program Files\Java\jre1.8.0_151\bin\api-ms-win-core-namedpipe-l1-1-0.dll
0x000000001baf0000 - 0x000000001baf3000 	C:\Program Files\Java\jre1.8.0_151\bin\api-ms-win-core-processenvironment-l1-1-0.dll
0x000000001bb00000 - 0x000000001bb03000 	C:\Program Files\Java\jre1.8.0_151\bin\api-ms-win-core-processthreads-l1-1-0.dll
0x000000001bb10000 - 0x000000001bb13000 	C:\Program Files\Java\jre1.8.0_151\bin\api-ms-win-core-processthreads-l1-1-1.dll
0x000000001bb20000 - 0x000000001bb23000 	C:\Program Files\Java\jre1.8.0_151\bin\api-ms-win-core-profile-l1-1-0.dll
0x000000001bb30000 - 0x000000001bb33000 	C:\Program Files\Java\jre1.8.0_151\bin\api-ms-win-core-rtlsupport-l1-1-0.dll
0x000000001bb40000 - 0x000000001bb43000 	C:\Program Files\Java\jre1.8.0_151\bin\api-ms-win-core-string-l1-1-0.dll
0x000000001bb50000 - 0x000000001bb53000 	C:\Program Files\Java\jre1.8.0_151\bin\api-ms-win-core-synch-l1-1-0.dll
0x000000001bb60000 - 0x000000001bb63000 	C:\Program Files\Java\jre1.8.0_151\bin\api-ms-win-core-synch-l1-2-0.dll
0x000000001bb70000 - 0x000000001bb73000 	C:\Program Files\Java\jre1.8.0_151\bin\api-ms-win-core-sysinfo-l1-1-0.dll
0x000000001bb80000 - 0x000000001bb83000 	C:\Program Files\Java\jre1.8.0_151\bin\api-ms-win-core-timezone-l1-1-0.dll
0x000000001bb90000 - 0x000000001bb93000 	C:\Program Files\Java\jre1.8.0_151\bin\api-ms-win-core-util-l1-1-0.dll
0x000000001bba0000 - 0x000000001bba3000 	C:\Program Files\Java\jre1.8.0_151\bin\api-ms-win-crt-conio-l1-1-0.dll
0x000000001bbb0000 - 0x000000001bbb4000 	C:\Program Files\Java\jre1.8.0_151\bin\api-ms-win-crt-convert-l1-1-0.dll
0x000000001bbc0000 - 0x000000001bbc3000 	C:\Program Files\Java\jre1.8.0_151\bin\api-ms-win-crt-environment-l1-1-0.dll
0x000000001bbd0000 - 0x000000001bbd3000 	C:\Program Files\Java\jre1.8.0_151\bin\api-ms-win-crt-filesystem-l1-1-0.dll
0x000000001bbe0000 - 0x000000001bbe3000 	C:\Program Files\Java\jre1.8.0_151\bin\api-ms-win-crt-heap-l1-1-0.dll
0x000000001bbf0000 - 0x000000001bbf3000 	C:\Program Files\Java\jre1.8.0_151\bin\api-ms-win-crt-locale-l1-1-0.dll
0x000000001bc00000 - 0x000000001bc05000 	C:\Program Files\Java\jre1.8.0_151\bin\api-ms-win-crt-math-l1-1-0.dll
0x000000001bc10000 - 0x000000001bc15000 	C:\Program Files\Java\jre1.8.0_151\bin\api-ms-win-crt-multibyte-l1-1-0.dll
0x000000001bc20000 - 0x000000001bc30000 	C:\Program Files\Java\jre1.8.0_151\bin\api-ms-win-crt-private-l1-1-0.dll
0x000000001bc30000 - 0x000000001bc33000 	C:\Program Files\Java\jre1.8.0_151\bin\api-ms-win-crt-process-l1-1-0.dll
0x000000001bc40000 - 0x000000001bc44000 	C:\Program Files\Java\jre1.8.0_151\bin\api-ms-win-crt-runtime-l1-1-0.dll
0x000000001bc50000 - 0x000000001bc54000 	C:\Program Files\Java\jre1.8.0_151\bin\api-ms-win-crt-stdio-l1-1-0.dll
0x000000001bc60000 - 0x000000001bc64000 	C:\Program Files\Java\jre1.8.0_151\bin\api-ms-win-crt-string-l1-1-0.dll
0x000000001bc70000 - 0x000000001bc73000 	C:\Program Files\Java\jre1.8.0_151\bin\api-ms-win-crt-time-l1-1-0.dll
0x000000001bc80000 - 0x000000001bc83000 	C:\Program Files\Java\jre1.8.0_151\bin\api-ms-win-crt-utility-l1-1-0.dll
0x00007ff862de0000 - 0x00007ff862ed6000 	C:\Program Files\Java\jre1.8.0_151\bin\ucrtbase.dll
0x00007ff85c030000 - 0x00007ff85c081000 	C:\Program Files\Java\jre1.8.0_151\bin\concrt140.dll
0x00007ff865510000 - 0x00007ff865526000 	C:\Program Files\Java\jre1.8.0_151\bin\VCRUNTIME140.dll
0x00007ff859680000 - 0x00007ff85971c000 	C:\Program Files\Java\jre1.8.0_151\bin\MSVCP140.dll
0x00000000667f0000 - 0x0000000066813000 	C:\Program Files\Java\jre1.8.0_151\bin\prism_d3d.dll
0x00007ff848dc0000 - 0x00007ff848f55000 	C:\WINDOWS\system32\d3d9.dll
0x00007ff86de30000 - 0x00007ff86de5a000 	C:\WINDOWS\SYSTEM32\dwmapi.dll
0x00007ff86dd60000 - 0x00007ff86ddf5000 	C:\WINDOWS\system32\uxtheme.dll
0x00007ff8704f0000 - 0x00007ff8705b5000 	C:\WINDOWS\System32\OLEAUT32.dll
0x00007ff870f80000 - 0x00007ff8710c9000 	C:\WINDOWS\System32\ole32.dll
0x00000000667a0000 - 0x00000000667e9000 	C:\Program Files\Java\jre1.8.0_151\bin\glass.dll
0x00007ff8705c0000 - 0x00007ff8706ca000 	C:\WINDOWS\System32\COMDLG32.dll
0x00007ff872b80000 - 0x00007ff872ce7000 	C:\WINDOWS\System32\MSCTF.dll
0x0000000066780000 - 0x0000000066794000 	C:\Program Files\Java\jre1.8.0_151\bin\javafx_font.dll
0x00007ff84e800000 - 0x00007ff84eb0f000 	C:\WINDOWS\SYSTEM32\dwrite.dll
0x00000000677e0000 - 0x0000000067804000 	C:\Program Files\Java\jre1.8.0_151\bin\sunec.dll
0x0000000067830000 - 0x000000006784a000 	C:\Program Files\Java\jre1.8.0_151\bin\net.dll
0x00007ff86eaf0000 - 0x00007ff86eb56000 	C:\WINDOWS\system32\mswsock.dll
0x00007ff86e880000 - 0x00007ff86e8b9000 	C:\WINDOWS\SYSTEM32\IPHLPAPI.DLL
0x00007ff872ef0000 - 0x00007ff872ef8000 	C:\WINDOWS\System32\NSI.dll
0x00007ff869370000 - 0x00007ff869386000 	C:\WINDOWS\SYSTEM32\dhcpcsvc6.DLL
0x00007ff869550000 - 0x00007ff86956a000 	C:\WINDOWS\SYSTEM32\dhcpcsvc.DLL
0x0000000067810000 - 0x0000000067821000 	C:\Program Files\Java\jre1.8.0_151\bin\nio.dll
0x00007ff872db0000 - 0x00007ff872e4e000 	C:\WINDOWS\System32\clbcatq.dll
0x00007ff861340000 - 0x00007ff8614eb000 	C:\WINDOWS\SYSTEM32\WindowsCodecs.dll
0x00007ff85df20000 - 0x00007ff85df6f000 	C:\WINDOWS\system32\dataexchange.dll
0x00007ff86d770000 - 0x00007ff86d8b2000 	C:\WINDOWS\system32\dcomp.dll
0x00007ff86c7c0000 - 0x00007ff86caa1000 	C:\WINDOWS\system32\d3d11.dll
0x00007ff86e0e0000 - 0x00007ff86e18f000 	C:\WINDOWS\system32\dxgi.dll
0x00007ff86da60000 - 0x00007ff86dbdb000 	C:\WINDOWS\system32\twinapi.appcore.dll
0x00007ff86dbe0000 - 0x00007ff86dc00000 	C:\WINDOWS\system32\RMCLIENT.dll
0x00007ff86edc0000 - 0x00007ff86ede5000 	C:\WINDOWS\system32\bcrypt.dll
0x00007ff865040000 - 0x00007ff865074000 	C:\Program Files\Common Files\Microsoft Shared\Ink\rtscom.dll
0x00007ff860310000 - 0x00007ff8603a8000 	C:\WINDOWS\System32\TextInputFramework.dll
0x00007ff860020000 - 0x00007ff86030e000 	C:\WINDOWS\System32\CoreUIComponents.dll
0x00007ff86c6e0000 - 0x00007ff86c7bc000 	C:\WINDOWS\System32\CoreMessaging.dll
0x00007ff86e3d0000 - 0x00007ff86e401000 	C:\WINDOWS\SYSTEM32\ntmarta.dll
0x00007ff86bc80000 - 0x00007ff86bdb6000 	C:\WINDOWS\SYSTEM32\wintypes.dll
0x0000000066750000 - 0x0000000066773000 	C:\Program Files\Java\jre1.8.0_151\bin\javafx_iio.dll
0x0000000066730000 - 0x0000000066742000 	C:\Program Files\Java\jre1.8.0_151\bin\prism_common.dll
0x00007ff868cf0000 - 0x00007ff868eb8000 	C:\WINDOWS\SYSTEM32\dbghelp.dll

VM Arguments:
jvm_args: -Dfile.encoding=UTF-8 
java_command: com.jeeves.vpl.Main
java_class_path (initial): C:\Program Files\Java\jre1.8.0_151\lib\resources.jar;C:\Program Files\Java\jre1.8.0_151\lib\rt.jar;C:\Program Files\Java\jre1.8.0_151\lib\jsse.jar;C:\Program Files\Java\jre1.8.0_151\lib\jce.jar;C:\Program Files\Java\jre1.8.0_151\lib\charsets.jar;C:\Program Files\Java\jre1.8.0_151\lib\jfr.jar;C:\Program Files\Java\jre1.8.0_151\lib\ext\access-bridge-64.jar;C:\Program Files\Java\jre1.8.0_151\lib\ext\cldrdata.jar;C:\Program Files\Java\jre1.8.0_151\lib\ext\dnsns.jar;C:\Program Files\Java\jre1.8.0_151\lib\ext\dns_sd.jar;C:\Program Files\Java\jre1.8.0_151\lib\ext\jaccess.jar;C:\Program Files\Java\jre1.8.0_151\lib\ext\jfxrt.jar;C:\Program Files\Java\jre1.8.0_151\lib\ext\localedata.jar;C:\Program Files\Java\jre1.8.0_151\lib\ext\nashorn.jar;C:\Program Files\Java\jre1.8.0_151\lib\ext\sunec.jar;C:\Program Files\Java\jre1.8.0_151\lib\ext\sunjce_provider.jar;C:\Program Files\Java\jre1.8.0_151\lib\ext\sunmscapi.jar;C:\Program Files\Java\jre1.8.0_151\lib\ext\sunpkcs11.jar;C:\Program Files\Java\jre1.8.0_151\lib\ext\zipfs.jar;C:\Users\Cath\Documents\workspace\Jeeves\target\classes;C:\Users\Cath\Documents\workspace\Jeeves\poi-3.15.jar;C:\Users\Cath\Documents\workspace\Jeeves\commons-lang3-3.5.jar;C:\Users\Cath\Documents\workspace\Jeeves\controlsfx-8.40.12.jar;C:\Users\Cath\.m2\repository\commons-codec\commons-codec\1.9\commons-codec-1.9.jar;C:\Users\Cath\.m2\repository\commons-validator\commons-validator\1.4.1\commons-validator-1.4.1.jar;C:\Users\Cath\.m2\repository\commons-beanutils\commons-beanutils\1.8.3\commons-beanutils-1.8.3.jar;C:\Users\Cath\.m2\repository\commons-digester\commons-digester\1.8.1\commons-digester-1.8.1.jar;C:\Users\Cath\.m2\repository\commons-logging\commons-logging\1.2\commons-logging-1.2.jar;C:\Users\Cath\.m2\repository\commons-collections\commons-collections\3.2.1\commons-collections-3.2.1.jar;C:\Users\Cath\.m2\repository\org\apache\shiro\shiro-core\1.3.2\shiro-core-1.3.2.jar;C:\Users\Cath\.m2\repository\org\slf4j\slf4j-api\1.6.4\
Launcher Type: SUN_STANDARD

Environment Variables:
JAVA_HOME=C:\Program Files\Java\jdk1.8.0_151
PATH=C:/Program Files/Java/jre1.8.0_151/bin/server;C:/Program Files/Java/jre1.8.0_151/bin;C:/Program Files/Java/jre1.8.0_151/lib/amd64;C:\ProgramData\Oracle\Java\javapath;C:\WINDOWS\system32;C:\WINDOWS;C:\WINDOWS\System32\Wbem;C:\WINDOWS\System32\WindowsPowerShell\v1.0\;C:\Program Files\Git\cmd;C:\Program Files\Java\jdk1.8.0_151\bin;C:\Users\Cath\AppData\Local\Microsoft\WindowsApps;C:\MinGW\bin;C:\MinGW\msys\1.0\bin;;C:\Users\Cath\Desktop;
USERNAME=Cath
OS=Windows_NT
PROCESSOR_IDENTIFIER=Intel64 Family 6 Model 69 Stepping 1, GenuineIntel



---------------  S Y S T E M  ---------------

OS: Windows 10.0 , 64 bit Build 16299 (10.0.16299.15)

CPU:total 4 (initial active 4) (2 cores per cpu, 2 threads per core) family 6 model 69 stepping 1, cmov, cx8, fxsr, mmx, sse, sse2, sse3, ssse3, sse4.1, sse4.2, popcnt, avx, avx2, aes, clmul, erms, lzcnt, ht, tsc, tscinvbit, bmi1, bmi2

Memory: 4k page, physical 8317080k(1306136k free), swap 14913676k(4030672k free)

vm_info: Java HotSpot(TM) 64-Bit Server VM (25.151-b12) for windows-amd64 JRE (1.8.0_151-b12), built on Sep  5 2017 19:33:46 by "java_re" with MS VC++ 10.0 (VS2010)

time: Wed Jan 10 14:36:54 2018
elapsed time: 6 seconds (0d 0h 0m 6s)

