#
# A fatal error has been detected by the Java Runtime Environment:
#
#  EXCEPTION_ACCESS_VIOLATION (0xc0000005) at pc=0x000000005284584a, pid=14316, tid=0x0000000000002950
#
# JRE version: Java(TM) SE Runtime Environment (8.0_121-b13) (build 1.8.0_121-b13)
# Java VM: Java HotSpot(TM) 64-Bit Server VM (25.121-b13 mixed mode windows-amd64 compressed oops)
# Problematic frame:
# C  [glass.dll+0x2584a]
#
# Failed to write core dump. Minidumps are not enabled by default on client versions of Windows
#
# If you would like to submit a bug report, please visit:
#   http://bugreport.java.com/bugreport/crash.jsp
#

---------------  T H R E A D  ---------------

Current thread (0x0000000017ee7000):  VMThread [stack: 0x0000000018f80000,0x0000000019080000] [id=10576]

siginfo: ExceptionCode=0xc0000005, reading address 0x0000000000000000

Registers:
RAX=0x0000000000000000, RBX=0x000000001b06feb8, RCX=0x0000000017ee7000, RDX=0x000000001b06feb8
RSP=0x000000001907f120, RBP=0x00000000014c0c60, RSI=0x0000000000000001, RDI=0x0000000000000000
R8 =0x0000000000010002, R9 =0x00000000014c0c60, R10=0x0000000000000000, R11=0x0000000000000246
R12=0x00000000014c0c90, R13=0x00000000014c0c60, R14=0x00000000014c0c70, R15=0x0000000000000000
RIP=0x000000005284584a, EFLAGS=0x0000000000010206

Top of Stack: (sp=0x000000001907f120)
0x000000001907f120:   0000000000000000 0000000052845900
0x000000001907f130:   0000000000000000 0000000017df5500
0x000000001907f140:   0000000052845830 0000000052843224
0x000000001907f150:   0000000052845a60 000000003b41c3cf
0x000000001907f160:   0000000017df5500 00007ffb518207f2
0x000000001907f170:   0000000000000001 0000000052820000
0x000000001907f180:   0000000003252648 00000000528434a6
0x000000001907f190:   0000000000000001 0000000017df5500
0x000000001907f1a0:   0000000000000000 0000000052843384
0x000000001907f1b0:   c000000500000001 000000001907e280
0x000000001907f1c0:   0000000052820000 00007ffb54f9485f
0x000000001907f1d0:   000000007ffe0385 0000000000000000
0x000000001907f1e0:   000000007ffe0384 000000007ffe0385
0x000000001907f1f0:   000000000000000c 00007ffb54fbda3a
0x000000001907f200:   0000bc3b2a4c4f00 00000000014a98a0
0x000000001907f210:   0000000000000000 0000000000000000 

Instructions: (pc=0x000000005284584a)
0x000000005284582a:   83 c4 20 5d c3 cc 40 53 48 83 ec 20 48 8b 1d cb
0x000000005284583a:   5b 01 00 48 85 db 74 1a e8 19 93 ff ff 48 8b d3
0x000000005284584a:   4c 8b 00 48 8b c8 48 83 c4 20 5b 49 ff a0 b0 00
0x000000005284585a:   00 00 48 83 c4 20 5b c3 cc cc cc cc cc cc cc cc 


Register to memory mapping:

RAX=0x0000000000000000 is an unknown value
RBX=0x000000001b06feb8 is a global jni handle
RCX=0x0000000017ee7000 is an unknown value
RDX=0x000000001b06feb8 is a global jni handle
RSP=0x000000001907f120 is an unknown value
RBP=0x00000000014c0c60 is an unknown value
RSI=0x0000000000000001 is an unknown value
RDI=0x0000000000000000 is an unknown value
R8 =0x0000000000010002 is an unknown value
R9 =0x00000000014c0c60 is an unknown value
R10=0x0000000000000000 is an unknown value
R11=0x0000000000000246 is an unknown value
R12=0x00000000014c0c90 is an unknown value
R13=0x00000000014c0c60 is an unknown value
R14=0x00000000014c0c70 is an unknown value
R15=0x0000000000000000 is an unknown value


Stack: [0x0000000018f80000,0x0000000019080000],  sp=0x000000001907f120,  free space=1020k
Native frames: (J=compiled Java code, j=interpreted, Vv=VM code, C=native code)
C  [glass.dll+0x2584a]
C  [glass.dll+0x23224]
C  [glass.dll+0x234a6]
C  [ntdll.dll+0x2485f]
C  [ntdll.dll+0x4d43c]
C  [ntdll.dll+0x4d2f4]
C  [KERNEL32.DLL+0x1c0da]
C  [msvcr100.dll+0x20ccd]
V  [jvm.dll+0x212cb5]
V  [jvm.dll+0x24bd17]
V  [jvm.dll+0x24afb6]
V  [jvm.dll+0x24b451]
V  [jvm.dll+0x24b66e]
V  [jvm.dll+0x29c69a]
C  [msvcr100.dll+0x21d9f]
C  [msvcr100.dll+0x21e3b]
C  [KERNEL32.DLL+0x12774]
C  [ntdll.dll+0x70d51]

VM_Operation (0x000000001ab6ab00): Exit, mode: safepoint, requested by thread 0x0000000019b4f800


---------------  P R O C E S S  ---------------

Java Threads: ( => current thread )
  0x000000001ae90000 JavaThread "Prism Font Disposer" daemon [_thread_blocked, id=1176, stack(0x00000000226d0000,0x00000000227d0000)]
  0x000000001ac20000 JavaThread "Thread-3" daemon [_thread_in_native, id=10408, stack(0x000000001f910000,0x000000001fa10000)]
  0x000000001abfe000 JavaThread "JavaFX-Launcher" [_thread_blocked, id=12212, stack(0x000000001fa10000,0x000000001fb10000)]
  0x0000000019b4f800 JavaThread "JavaFX Application Thread" [_thread_blocked, id=10908, stack(0x000000001aa70000,0x000000001ab70000)]
  0x0000000019b37800 JavaThread "Thread-1" daemon [_thread_blocked, id=7436, stack(0x000000001a970000,0x000000001aa70000)]
  0x0000000019b22000 JavaThread "QuantumRenderer-0" daemon [_thread_blocked, id=8136, stack(0x0000000019e70000,0x0000000019f70000)]
  0x0000000019791000 JavaThread "Service Thread" daemon [_thread_blocked, id=9164, stack(0x0000000019c70000,0x0000000019d70000)]
  0x0000000019778800 JavaThread "C1 CompilerThread2" daemon [_thread_blocked, id=6424, stack(0x0000000019b70000,0x0000000019c70000)]
  0x0000000017f74800 JavaThread "C2 CompilerThread1" daemon [_thread_blocked, id=2676, stack(0x0000000019670000,0x0000000019770000)]
  0x0000000017f20800 JavaThread "C2 CompilerThread0" daemon [_thread_blocked, id=13480, stack(0x0000000019570000,0x0000000019670000)]
  0x0000000017f1f000 JavaThread "Attach Listener" daemon [_thread_blocked, id=11884, stack(0x0000000019470000,0x0000000019570000)]
  0x0000000017f1e000 JavaThread "Signal Dispatcher" daemon [_thread_blocked, id=10136, stack(0x0000000019370000,0x0000000019470000)]
  0x000000000338c000 JavaThread "Finalizer" daemon [_thread_blocked, id=10612, stack(0x0000000019180000,0x0000000019280000)]
  0x0000000003383000 JavaThread "Reference Handler" daemon [_thread_blocked, id=6280, stack(0x0000000019080000,0x0000000019180000)]
  0x000000000325e800 JavaThread "main" [_thread_blocked, id=7672, stack(0x00000000030c0000,0x00000000031c0000)]

Other Threads:
=>0x0000000017ee7000 VMThread [stack: 0x0000000018f80000,0x0000000019080000] [id=10576]

VM state:at safepoint (shutting down)

VM Mutex/Monitor currently owned by a thread:  ([mutex/lock_event])
[0x00000000032909d0] Threads_lock - owner thread: 0x0000000017ee7000

Heap:
 PSYoungGen      total 97792K, used 23664K [0x00000000d5b00000, 0x00000000dfa00000, 0x0000000100000000)
  eden space 82944K, 10% used [0x00000000d5b00000,0x00000000d63a36e8,0x00000000dac00000)
  from space 14848K, 99% used [0x00000000deb80000,0x00000000df9f8a80,0x00000000dfa00000)
  to   space 17920K, 0% used [0x00000000dd700000,0x00000000dd700000,0x00000000de880000)
 ParOldGen       total 86528K, used 20557K [0x0000000081000000, 0x0000000086480000, 0x00000000d5b00000)
  object space 86528K, 23% used [0x0000000081000000,0x00000000824135d0,0x0000000086480000)
 Metaspace       used 27414K, capacity 29448K, committed 29744K, reserved 1075200K
  class space    used 3912K, capacity 4286K, committed 4400K, reserved 1048576K

Card table byte_map: [0x0000000012750000,0x0000000012b50000] byte_map_base: 0x0000000012348000

Marking Bits: (ParMarkBitMap*) 0x000000005217b6d0
 Begin Bits: [0x0000000013200000, 0x00000000151c0000)
 End Bits:   [0x00000000151c0000, 0x0000000017180000)

Polling page: 0x00000000018d0000

CodeCache: size=245760Kb used=13379Kb max_used=15288Kb free=232380Kb
 bounds [0x0000000003390000, 0x0000000004290000, 0x0000000012390000]
 total_blobs=5215 nmethods=4480 adapters=644
 compilation: enabled

Compilation events (10 events):
Event: 38.289 Thread 0x0000000019778800 5045       3       com.sun.javafx.scene.KeyboardShortcutsHandler::dispatchBubblingEvent (192 bytes)
Event: 38.292 Thread 0x0000000019778800 nmethod 5045 0x00000000035fdb10 code [0x00000000035fdd80, 0x00000000035ff3b8]
Event: 38.623 Thread 0x0000000019778800 5046       3       javafx.stage.Window::buildEventDispatchChain (32 bytes)
Event: 38.624 Thread 0x0000000019778800 nmethod 5046 0x0000000003c1f3d0 code [0x0000000003c1f560, 0x0000000003c1f978]
Event: 38.643 Thread 0x0000000019778800 5047   !   3       java.util.logging.LogManager::ensureLogManagerInitialized (128 bytes)
Event: 38.646 Thread 0x0000000019778800 nmethod 5047 0x00000000035d3c10 code [0x00000000035d3dc0, 0x00000000035d4448]
Event: 38.646 Thread 0x0000000019778800 5048       3       java.util.logging.LogManager::access$100 (4 bytes)
Event: 38.646 Thread 0x0000000019778800 nmethod 5048 0x0000000003b5e350 code [0x0000000003b5e4a0, 0x0000000003b5e5d0]
Event: 38.646 Thread 0x0000000019778800 5049       3       java.util.logging.LogManager$LoggerContext::requiresDefaultLoggers (29 bytes)
Event: 38.648 Thread 0x0000000019778800 nmethod 5049 0x00000000037a22d0 code [0x00000000037a2440, 0x00000000037a2868]

GC Heap History (10 events):
Event: 1.631 GC heap before
{Heap before GC invocations=3 (full 0):
 PSYoungGen      total 38400K, used 38377K [0x00000000d5b00000, 0x00000000d8580000, 0x0000000100000000)
  eden space 33280K, 100% used [0x00000000d5b00000,0x00000000d7b80000,0x00000000d7b80000)
  from space 5120K, 99% used [0x00000000d8080000,0x00000000d857a5a0,0x00000000d8580000)
  to   space 5120K, 0% used [0x00000000d7b80000,0x00000000d7b80000,0x00000000d8080000)
 ParOldGen       total 87552K, used 10669K [0x0000000081000000, 0x0000000086580000, 0x00000000d5b00000)
  object space 87552K, 12% used [0x0000000081000000,0x0000000081a6b708,0x0000000086580000)
 Metaspace       used 19019K, capacity 19926K, committed 20096K, reserved 1067008K
  class space    used 2682K, capacity 2881K, committed 2944K, reserved 1048576K
Event: 1.637 GC heap after
Heap after GC invocations=3 (full 0):
 PSYoungGen      total 38400K, used 5113K [0x00000000d5b00000, 0x00000000da600000, 0x0000000100000000)
  eden space 33280K, 0% used [0x00000000d5b00000,0x00000000d5b00000,0x00000000d7b80000)
  from space 5120K, 99% used [0x00000000d7b80000,0x00000000d807e530,0x00000000d8080000)
  to   space 5120K, 0% used [0x00000000da100000,0x00000000da100000,0x00000000da600000)
 ParOldGen       total 87552K, used 12247K [0x0000000081000000, 0x0000000086580000, 0x00000000d5b00000)
  object space 87552K, 13% used [0x0000000081000000,0x0000000081bf5e68,0x0000000086580000)
 Metaspace       used 19019K, capacity 19926K, committed 20096K, reserved 1067008K
  class space    used 2682K, capacity 2881K, committed 2944K, reserved 1048576K
}
Event: 1.883 GC heap before
{Heap before GC invocations=4 (full 0):
 PSYoungGen      total 38400K, used 38393K [0x00000000d5b00000, 0x00000000da600000, 0x0000000100000000)
  eden space 33280K, 100% used [0x00000000d5b00000,0x00000000d7b80000,0x00000000d7b80000)
  from space 5120K, 99% used [0x00000000d7b80000,0x00000000d807e530,0x00000000d8080000)
  to   space 5120K, 0% used [0x00000000da100000,0x00000000da100000,0x00000000da600000)
 ParOldGen       total 87552K, used 12247K [0x0000000081000000, 0x0000000086580000, 0x00000000d5b00000)
  object space 87552K, 13% used [0x0000000081000000,0x0000000081bf5e68,0x0000000086580000)
 Metaspace       used 19722K, capacity 20758K, committed 20992K, reserved 1067008K
  class space    used 2823K, capacity 3041K, committed 3072K, reserved 1048576K
Event: 1.891 GC heap after
Heap after GC invocations=4 (full 0):
 PSYoungGen      total 71680K, used 5112K [0x00000000d5b00000, 0x00000000da600000, 0x0000000100000000)
  eden space 66560K, 0% used [0x00000000d5b00000,0x00000000d5b00000,0x00000000d9c00000)
  from space 5120K, 99% used [0x00000000da100000,0x00000000da5fe240,0x00000000da600000)
  to   space 5120K, 0% used [0x00000000d9c00000,0x00000000d9c00000,0x00000000da100000)
 ParOldGen       total 87552K, used 13688K [0x0000000081000000, 0x0000000086580000, 0x00000000d5b00000)
  object space 87552K, 15% used [0x0000000081000000,0x0000000081d5e088,0x0000000086580000)
 Metaspace       used 19722K, capacity 20758K, committed 20992K, reserved 1067008K
  class space    used 2823K, capacity 3041K, committed 3072K, reserved 1048576K
}
Event: 2.269 GC heap before
{Heap before GC invocations=5 (full 0):
 PSYoungGen      total 71680K, used 62126K [0x00000000d5b00000, 0x00000000da600000, 0x0000000100000000)
  eden space 66560K, 85% used [0x00000000d5b00000,0x00000000d92ad630,0x00000000d9c00000)
  from space 5120K, 99% used [0x00000000da100000,0x00000000da5fe240,0x00000000da600000)
  to   space 5120K, 0% used [0x00000000d9c00000,0x00000000d9c00000,0x00000000da100000)
 ParOldGen       total 87552K, used 13688K [0x0000000081000000, 0x0000000086580000, 0x00000000d5b00000)
  object space 87552K, 15% used [0x0000000081000000,0x0000000081d5e088,0x0000000086580000)
 Metaspace       used 20179K, capacity 21250K, committed 21296K, reserved 1067008K
  class space    used 2875K, capacity 3095K, committed 3120K, reserved 1048576K
Event: 2.280 GC heap after
Heap after GC invocations=5 (full 0):
 PSYoungGen      total 71680K, used 5111K [0x00000000d5b00000, 0x00000000dfa00000, 0x0000000100000000)
  eden space 66560K, 0% used [0x00000000d5b00000,0x00000000d5b00000,0x00000000d9c00000)
  from space 5120K, 99% used [0x00000000d9c00000,0x00000000da0fdf70,0x00000000da100000)
  to   space 14848K, 0% used [0x00000000deb80000,0x00000000deb80000,0x00000000dfa00000)
 ParOldGen       total 87552K, used 15450K [0x0000000081000000, 0x0000000086580000, 0x00000000d5b00000)
  object space 87552K, 17% used [0x0000000081000000,0x0000000081f16a78,0x0000000086580000)
 Metaspace       used 20179K, capacity 21250K, committed 21296K, reserved 1067008K
  class space    used 2875K, capacity 3095K, committed 3120K, reserved 1048576K
}
Event: 2.280 GC heap before
{Heap before GC invocations=6 (full 1):
 PSYoungGen      total 71680K, used 5111K [0x00000000d5b00000, 0x00000000dfa00000, 0x0000000100000000)
  eden space 66560K, 0% used [0x00000000d5b00000,0x00000000d5b00000,0x00000000d9c00000)
  from space 5120K, 99% used [0x00000000d9c00000,0x00000000da0fdf70,0x00000000da100000)
  to   space 14848K, 0% used [0x00000000deb80000,0x00000000deb80000,0x00000000dfa00000)
 ParOldGen       total 87552K, used 15450K [0x0000000081000000, 0x0000000086580000, 0x00000000d5b00000)
  object space 87552K, 17% used [0x0000000081000000,0x0000000081f16a78,0x0000000086580000)
 Metaspace       used 20179K, capacity 21250K, committed 21296K, reserved 1067008K
  class space    used 2875K, capacity 3095K, committed 3120K, reserved 1048576K
Event: 2.389 GC heap after
Heap after GC invocations=6 (full 1):
 PSYoungGen      total 71680K, used 0K [0x00000000d5b00000, 0x00000000dfa00000, 0x0000000100000000)
  eden space 66560K, 0% used [0x00000000d5b00000,0x00000000d5b00000,0x00000000d9c00000)
  from space 5120K, 0% used [0x00000000d9c00000,0x00000000d9c00000,0x00000000da100000)
  to   space 14848K, 0% used [0x00000000deb80000,0x00000000deb80000,0x00000000dfa00000)
 ParOldGen       total 86528K, used 19963K [0x0000000081000000, 0x0000000086480000, 0x00000000d5b00000)
  object space 86528K, 23% used [0x0000000081000000,0x000000008237eee8,0x0000000086480000)
 Metaspace       used 20179K, capacity 21250K, committed 21296K, reserved 1067008K
  class space    used 2875K, capacity 3095K, committed 3120K, reserved 1048576K
}
Event: 14.849 GC heap before
{Heap before GC invocations=7 (full 1):
 PSYoungGen      total 71680K, used 66560K [0x00000000d5b00000, 0x00000000dfa00000, 0x0000000100000000)
  eden space 66560K, 100% used [0x00000000d5b00000,0x00000000d9c00000,0x00000000d9c00000)
  from space 5120K, 0% used [0x00000000d9c00000,0x00000000d9c00000,0x00000000da100000)
  to   space 14848K, 0% used [0x00000000deb80000,0x00000000deb80000,0x00000000dfa00000)
 ParOldGen       total 86528K, used 19963K [0x0000000081000000, 0x0000000086480000, 0x00000000d5b00000)
  object space 86528K, 23% used [0x0000000081000000,0x000000008237eee8,0x0000000086480000)
 Metaspace       used 27109K, capacity 29120K, committed 29360K, reserved 1075200K
  class space    used 3894K, capacity 4248K, committed 4272K, reserved 1048576K
Event: 14.868 GC heap after
Heap after GC invocations=7 (full 1):
 PSYoungGen      total 97792K, used 14818K [0x00000000d5b00000, 0x00000000dfa00000, 0x0000000100000000)
  eden space 82944K, 0% used [0x00000000d5b00000,0x00000000d5b00000,0x00000000dac00000)
  from space 14848K, 99% used [0x00000000deb80000,0x00000000df9f8a80,0x00000000dfa00000)
  to   space 17920K, 0% used [0x00000000dd700000,0x00000000dd700000,0x00000000de880000)
 ParOldGen       total 86528K, used 20557K [0x0000000081000000, 0x0000000086480000, 0x00000000d5b00000)
  object space 86528K, 23% used [0x0000000081000000,0x00000000824135d0,0x0000000086480000)
 Metaspace       used 27109K, capacity 29120K, committed 29360K, reserved 1075200K
  class space    used 3894K, capacity 4248K, committed 4272K, reserved 1048576K
}

Deoptimization events (10 events):
Event: 14.793 Thread 0x0000000019b4f800 Uncommon trap: reason=bimorphic action=maybe_recompile pc=0x0000000003fd3ff4 method=java.util.Hashtable.get(Ljava/lang/Object;)Ljava/lang/Object; @ 6
Event: 14.794 Thread 0x0000000019b4f800 Uncommon trap: reason=bimorphic action=maybe_recompile pc=0x0000000003fd3ff4 method=java.util.Hashtable.get(Ljava/lang/Object;)Ljava/lang/Object; @ 6
Event: 14.804 Thread 0x0000000019b4f800 Uncommon trap: reason=unstable_if action=reinterpret pc=0x0000000004129908 method=java.util.WeakHashMap.put(Ljava/lang/Object;Ljava/lang/Object;)Ljava/lang/Object; @ 47
Event: 14.875 Thread 0x0000000019b4f800 Uncommon trap: reason=unstable_if action=reinterpret pc=0x000000000400fdec method=java.util.WeakHashMap.expungeStaleEntries()V @ 9
Event: 33.147 Thread 0x0000000019b4f800 Uncommon trap: reason=class_check action=maybe_recompile pc=0x00000000034e7980 method=javafx.scene.Node$MiscProperties.getEffect()Ljavafx/scene/effect/Effect; @ 20
Event: 33.147 Thread 0x0000000019b4f800 Uncommon trap: reason=class_check action=maybe_recompile pc=0x00000000034e7980 method=javafx.scene.Node$MiscProperties.getEffect()Ljavafx/scene/effect/Effect; @ 20
Event: 33.155 Thread 0x0000000019b4f800 Uncommon trap: reason=class_check action=maybe_recompile pc=0x00000000034e7980 method=javafx.scene.Node$MiscProperties.getEffect()Ljavafx/scene/effect/Effect; @ 20
Event: 33.165 Thread 0x0000000019b4f800 Uncommon trap: reason=class_check action=maybe_recompile pc=0x00000000034e7980 method=javafx.scene.Node$MiscProperties.getEffect()Ljavafx/scene/effect/Effect; @ 20
Event: 37.590 Thread 0x0000000019b4f800 Uncommon trap: reason=null_check action=make_not_entrant pc=0x00000000035da048 method=javafx.scene.Node$MiscProperties.getEffect()Ljavafx/scene/effect/Effect; @ 20
Event: 38.645 Thread 0x000000001ad5d000 Uncommon trap: reason=unstable_if action=reinterpret pc=0x00000000036a4980 method=java.util.concurrent.locks.ReentrantLock$Sync.tryRelease(I)Z @ 28

Internal exceptions (10 events):
Event: 14.839 Thread 0x0000000019b4f800 Exception <a 'java/lang/ClassNotFoundException': org/apache/shiro/session/mgt/DefaultSessionManagerBeanInfo> (0x00000000d99fa298) thrown at [C:\re\workspace\8-2-build-windows-amd64-cygwin\jdk8u121\8372\hotspot\src\share\vm\classfile\systemDictionary.cpp, 
Event: 14.839 Thread 0x0000000019b4f800 Exception <a 'java/lang/ClassNotFoundException': org/apache/shiro/session/mgt/AbstractValidatingSessionManagerBeanInfo> (0x00000000d9a05ed8) thrown at [C:\re\workspace\8-2-build-windows-amd64-cygwin\jdk8u121\8372\hotspot\src\share\vm\classfile\systemDicti
Event: 14.840 Thread 0x0000000019b4f800 Exception <a 'java/lang/ClassNotFoundException': org/apache/shiro/session/mgt/AbstractNativeSessionManagerBeanInfo> (0x00000000d9a113d0) thrown at [C:\re\workspace\8-2-build-windows-amd64-cygwin\jdk8u121\8372\hotspot\src\share\vm\classfile\systemDictionar
Event: 14.840 Thread 0x0000000019b4f800 Exception <a 'java/lang/ClassNotFoundException': org/apache/shiro/session/mgt/AbstractSessionManagerBeanInfo> (0x00000000d9a1c128) thrown at [C:\re\workspace\8-2-build-windows-amd64-cygwin\jdk8u121\8372\hotspot\src\share\vm\classfile\systemDictionary.cpp,
Event: 14.841 Thread 0x0000000019b4f800 Exception <a 'java/lang/ClassNotFoundException': org/apache/shiro/session/mgt/AbstractSessionManagerCustomizer> (0x00000000d9a27078) thrown at [C:\re\workspace\8-2-build-windows-amd64-cygwin\jdk8u121\8372\hotspot\src\share\vm\classfile\systemDictionary.cp
Event: 14.842 Thread 0x0000000019b4f800 Exception <a 'java/lang/ClassNotFoundException': org/apache/shiro/session/mgt/AbstractNativeSessionManagerCustomizer> (0x00000000d9a368b8) thrown at [C:\re\workspace\8-2-build-windows-amd64-cygwin\jdk8u121\8372\hotspot\src\share\vm\classfile\systemDiction
Event: 14.844 Thread 0x0000000019b4f800 Exception <a 'java/lang/ClassNotFoundException': org/apache/shiro/session/mgt/AbstractValidatingSessionManagerCustomizer> (0x00000000d9a59a78) thrown at [C:\re\workspace\8-2-build-windows-amd64-cygwin\jdk8u121\8372\hotspot\src\share\vm\classfile\systemDic
Event: 14.845 Thread 0x0000000019b4f800 Exception <a 'java/lang/ClassNotFoundException': org/apache/shiro/session/mgt/DefaultSessionManagerCustomizer> (0x00000000d9a721f8) thrown at [C:\re\workspace\8-2-build-windows-amd64-cygwin\jdk8u121\8372\hotspot\src\share\vm\classfile\systemDictionary.cpp
Event: 37.590 Thread 0x0000000019b4f800 Implicit null exception at 0x00000000035d9782 to 0x00000000035da031
Event: 38.649 Thread 0x000000001ad5d000 Exception <a 'java/lang/IllegalStateException'> (0x00000000d6341fe0) thrown at [C:\re\workspace\8-2-build-windows-amd64-cygwin\jdk8u121\8372\hotspot\src\share\vm\prims\jvm.cpp, line 1394]

Events (10 events):
Event: 38.643 loading class com/sun/javafx/tk/quantum/QuantumRenderer
Event: 38.643 loading class com/sun/javafx/tk/quantum/QuantumRenderer done
Event: 38.644 Thread 0x000000001ae42800 Thread exited: 0x000000001ae42800
Event: 38.645 Thread 0x000000001ad5d000 Uncommon trap: trap_request=0xffffff65 fr.pc=0x00000000036a4980
Event: 38.645 Thread 0x000000001ad5d000 DEOPT PACKING pc=0x00000000036a4980 sp=0x000000002aece7f0
Event: 38.645 Thread 0x000000001ad5d000 DEOPT UNPACKING pc=0x00000000033d582a sp=0x000000002aece778 mode 2
Event: 38.645 loading class com/sun/javafx/tk/quantum/QuantumToolkit
Event: 38.645 loading class com/sun/javafx/tk/quantum/QuantumToolkit done
Event: 38.649 Thread 0x000000001ad5d000 Thread exited: 0x000000001ad5d000
Event: 38.649 Executing VM operation: Exit


Dynamic libraries:
0x00007ff601af0000 - 0x00007ff601b27000 	C:\Program Files\Java\jdk1.8.0_121\bin\javaw.exe
0x00007ffb54f70000 - 0x00007ffb5514b000 	C:\WINDOWS\SYSTEM32\ntdll.dll
0x00007ffb52f60000 - 0x00007ffb5300e000 	C:\WINDOWS\System32\KERNEL32.DLL
0x00007ffb517e0000 - 0x00007ffb51a29000 	C:\WINDOWS\System32\KERNELBASE.dll
0x00007ffb53130000 - 0x00007ffb531d1000 	C:\WINDOWS\System32\ADVAPI32.dll
0x00007ffb54ed0000 - 0x00007ffb54f6d000 	C:\WINDOWS\System32\msvcrt.dll
0x00007ffb52aa0000 - 0x00007ffb52af9000 	C:\WINDOWS\System32\sechost.dll
0x00007ffb527d0000 - 0x00007ffb528f5000 	C:\WINDOWS\System32\RPCRT4.dll
0x00007ffb53660000 - 0x00007ffb537aa000 	C:\WINDOWS\System32\USER32.dll
0x00007ffb51490000 - 0x00007ffb514ae000 	C:\WINDOWS\System32\win32u.dll
0x00007ffb531f0000 - 0x00007ffb53217000 	C:\WINDOWS\System32\GDI32.dll
0x00007ffb52290000 - 0x00007ffb52418000 	C:\WINDOWS\System32\gdi32full.dll
0x00007ffb521a0000 - 0x00007ffb5223a000 	C:\WINDOWS\System32\msvcp_win.dll
0x00007ffb51510000 - 0x00007ffb51606000 	C:\WINDOWS\System32\ucrtbase.dll
0x00007ffb45360000 - 0x00007ffb455c7000 	C:\WINDOWS\WinSxS\amd64_microsoft.windows.common-controls_6595b64144ccf1df_6.0.15063.483_none_26002d27e7c744a2\COMCTL32.dll
0x00007ffb524d0000 - 0x00007ffb527c9000 	C:\WINDOWS\System32\combase.dll
0x00007ffb52130000 - 0x00007ffb5219a000 	C:\WINDOWS\System32\bcryptPrimitives.dll
0x00007ffb52ce0000 - 0x00007ffb52d0d000 	C:\WINDOWS\System32\IMM32.DLL
0x00000000528a0000 - 0x0000000052972000 	C:\Program Files\Java\jdk1.8.0_121\jre\bin\msvcr100.dll
0x0000000051960000 - 0x00000000521fb000 	C:\Program Files\Java\jdk1.8.0_121\jre\bin\server\jvm.dll
0x00007ffb52a90000 - 0x00007ffb52a98000 	C:\WINDOWS\System32\PSAPI.DLL
0x00007ffb4f840000 - 0x00007ffb4f863000 	C:\WINDOWS\SYSTEM32\WINMM.dll
0x00007ffb44420000 - 0x00007ffb4442a000 	C:\WINDOWS\SYSTEM32\VERSION.dll
0x00007ffb419d0000 - 0x00007ffb419d9000 	C:\WINDOWS\SYSTEM32\WSOCK32.dll
0x00007ffb537b0000 - 0x00007ffb5381c000 	C:\WINDOWS\System32\WS2_32.dll
0x00007ffb4f750000 - 0x00007ffb4f77b000 	C:\WINDOWS\SYSTEM32\winmmbase.dll
0x00007ffb52240000 - 0x00007ffb52289000 	C:\WINDOWS\System32\cfgmgr32.dll
0x0000000051950000 - 0x000000005195f000 	C:\Program Files\Java\jdk1.8.0_121\jre\bin\verify.dll
0x0000000051920000 - 0x0000000051949000 	C:\Program Files\Java\jdk1.8.0_121\jre\bin\java.dll
0x0000000051900000 - 0x0000000051916000 	C:\Program Files\Java\jdk1.8.0_121\jre\bin\zip.dll
0x00007ffb53970000 - 0x00007ffb54da6000 	C:\WINDOWS\System32\SHELL32.dll
0x00007ffb52eb0000 - 0x00007ffb52f5a000 	C:\WINDOWS\System32\shcore.dll
0x00007ffb51a30000 - 0x00007ffb52123000 	C:\WINDOWS\System32\windows.storage.dll
0x00007ffb52b00000 - 0x00007ffb52b51000 	C:\WINDOWS\System32\shlwapi.dll
0x00007ffb51420000 - 0x00007ffb51431000 	C:\WINDOWS\System32\kernel.appcore.dll
0x00007ffb51440000 - 0x00007ffb5148c000 	C:\WINDOWS\System32\powrprof.dll
0x00007ffb51400000 - 0x00007ffb51415000 	C:\WINDOWS\System32\profapi.dll
0x00007ffb3ca80000 - 0x00007ffb3cb6f000 	C:\Program Files\Java\jdk1.8.0_121\jre\bin\msvcr120.dll
0x00007ffb3d150000 - 0x00007ffb3d1f6000 	C:\Program Files\Java\jdk1.8.0_121\jre\bin\msvcp120.dll
0x0000000052870000 - 0x0000000052892000 	C:\Program Files\Java\jdk1.8.0_121\jre\bin\prism_d3d.dll
0x00007ffb12380000 - 0x00007ffb12509000 	C:\WINDOWS\system32\d3d9.dll
0x00007ffb4ee80000 - 0x00007ffb4eeaa000 	C:\WINDOWS\SYSTEM32\dwmapi.dll
0x00007ffb4fce0000 - 0x00007ffb4fd75000 	C:\WINDOWS\system32\uxtheme.dll
0x00007ffb54e10000 - 0x00007ffb54ed0000 	C:\WINDOWS\System32\OLEAUT32.dll
0x00007ffb53820000 - 0x00007ffb53965000 	C:\WINDOWS\System32\ole32.dll
0x0000000052820000 - 0x0000000052863000 	C:\Program Files\Java\jdk1.8.0_121\jre\bin\glass.dll
0x00007ffb52b60000 - 0x00007ffb52c68000 	C:\WINDOWS\System32\COMDLG32.dll
0x00007ffb52900000 - 0x00007ffb52a66000 	C:\WINDOWS\System32\MSCTF.dll
0x0000000052800000 - 0x0000000052814000 	C:\Program Files\Java\jdk1.8.0_121\jre\bin\javafx_font.dll
0x00007ffb3dd50000 - 0x00007ffb3e00f000 	C:\WINDOWS\SYSTEM32\dwrite.dll
0x0000000051890000 - 0x00000000518b4000 	C:\Program Files\Java\jdk1.8.0_121\jre\bin\sunec.dll
0x00000000518e0000 - 0x00000000518fa000 	C:\Program Files\Java\jdk1.8.0_121\jre\bin\net.dll
0x00007ffb50c90000 - 0x00007ffb50cec000 	C:\WINDOWS\system32\mswsock.dll
0x00007ffb50a30000 - 0x00007ffb50a67000 	C:\WINDOWS\SYSTEM32\IPHLPAPI.DLL
0x00007ffb52cd0000 - 0x00007ffb52cd8000 	C:\WINDOWS\System32\NSI.dll
0x00007ffb4c120000 - 0x00007ffb4c136000 	C:\WINDOWS\SYSTEM32\dhcpcsvc6.DLL
0x00007ffb4c350000 - 0x00007ffb4c36a000 	C:\WINDOWS\SYSTEM32\dhcpcsvc.DLL
0x00000000518c0000 - 0x00000000518d1000 	C:\Program Files\Java\jdk1.8.0_121\jre\bin\nio.dll
0x00007ffb53090000 - 0x00007ffb5312e000 	C:\WINDOWS\System32\clbcatq.dll
0x00007ffb497f0000 - 0x00007ffb4999c000 	C:\WINDOWS\SYSTEM32\WindowsCodecs.dll
0x00007ffb36480000 - 0x00007ffb364c7000 	C:\WINDOWS\system32\dataexchange.dll
0x00007ffb4eba0000 - 0x00007ffb4ee7f000 	C:\WINDOWS\system32\d3d11.dll
0x00007ffb4eeb0000 - 0x00007ffb4efd2000 	C:\WINDOWS\system32\dcomp.dll
0x00007ffb502e0000 - 0x00007ffb50384000 	C:\WINDOWS\system32\dxgi.dll
0x00007ffb4fd80000 - 0x00007ffb4fef0000 	C:\WINDOWS\system32\twinapi.appcore.dll
0x00007ffb512b0000 - 0x00007ffb512d5000 	C:\WINDOWS\system32\bcrypt.dll
0x00007ffb3ee80000 - 0x00007ffb3eeb1000 	C:\Program Files\Common Files\Microsoft Shared\Ink\rtscom.dll
0x00007ffb4ac10000 - 0x00007ffb4ac92000 	C:\WINDOWS\System32\TextInputFramework.dll
0x00007ffb4e3d0000 - 0x00007ffb4e4b3000 	C:\WINDOWS\System32\CoreMessaging.dll
0x00007ffb4a280000 - 0x00007ffb4a552000 	C:\WINDOWS\System32\CoreUIComponents.dll
0x00007ffb505c0000 - 0x00007ffb505f1000 	C:\WINDOWS\SYSTEM32\ntmarta.dll
0x00007ffb4e280000 - 0x00007ffb4e3b9000 	C:\WINDOWS\SYSTEM32\wintypes.dll
0x00007ffb4f510000 - 0x00007ffb4f525000 	C:\WINDOWS\SYSTEM32\usermgrcli.dll
0x00000000517a0000 - 0x00000000517c3000 	C:\Program Files\Java\jdk1.8.0_121\jre\bin\javafx_iio.dll
0x0000000051780000 - 0x0000000051791000 	C:\Program Files\Java\jdk1.8.0_121\jre\bin\prism_common.dll
0x00007ffb42320000 - 0x00007ffb424c9000 	C:\WINDOWS\SYSTEM32\dbghelp.dll

VM Arguments:
jvm_args: -Dfile.encoding=UTF-8 
java_command: com.jeeves.vpl.Main
java_class_path (initial): C:\Users\Daniel\workspace\JeevesMaven\target\classes;C:\Users\Daniel\workspace\JeevesMaven\poi-3.15.jar;C:\Users\Daniel\workspace\JeevesMaven\commons-lang3-3.5.jar;C:\Users\Daniel\workspace\JeevesMaven\controlsfx-8.40.12.jar;C:\Users\Daniel\.m2\repository\commons-codec\commons-codec\1.9\commons-codec-1.9.jar;C:\Users\Daniel\.m2\repository\commons-validator\commons-validator\1.4.1\commons-validator-1.4.1.jar;C:\Users\Daniel\.m2\repository\commons-beanutils\commons-beanutils\1.8.3\commons-beanutils-1.8.3.jar;C:\Users\Daniel\.m2\repository\commons-digester\commons-digester\1.8.1\commons-digester-1.8.1.jar;C:\Users\Daniel\.m2\repository\commons-logging\commons-logging\1.2\commons-logging-1.2.jar;C:\Users\Daniel\.m2\repository\commons-collections\commons-collections\3.2.1\commons-collections-3.2.1.jar;C:\Users\Daniel\.m2\repository\org\apache\shiro\shiro-core\1.3.2\shiro-core-1.3.2.jar;C:\Users\Daniel\.m2\repository\org\slf4j\slf4j-api\1.6.4\slf4j-api-1.6.4.jar;C:\Users\Daniel\.m2\repository\com\google\firebase\firebase-admin\5.1.0\firebase-admin-5.1.0.jar;C:\Users\Daniel\.m2\repository\com\google\api-client\google-api-client\1.22.0\google-api-client-1.22.0.jar;C:\Users\Daniel\.m2\repository\com\google\oauth-client\google-oauth-client\1.22.0\google-oauth-client-1.22.0.jar;C:\Users\Daniel\.m2\repository\com\google\http-client\google-http-client-jackson2\1.22.0\google-http-client-jackson2-1.22.0.jar;C:\Users\Daniel\.m2\repository\com\fasterxml\jackson\core\jackson-core\2.1.3\jackson-core-2.1.3.jar;C:\Users\Daniel\.m2\repository\com\google\api-client\google-api-client-gson\1.22.0\google-api-client-gson-1.22.0.jar;C:\Users\Daniel\.m2\repository\com\google\http-client\google-http-client-gson\1.22.0\google-http-client-gson-1.22.0.jar;C:\Users\Daniel\.m2\repository\com\google\code\gson\gson\2.1\gson-2.1.jar;C:\Users\Daniel\.m2\repository\com\google\http-client\google-http-client\1.22.0\google-http-client-1.22.0.jar;C:\Users\Daniel\.m2\repository\com
Launcher Type: SUN_STANDARD

Environment Variables:
JAVA_HOME=C:\Program Files\Java\jdk1.8.0_121
CLASSPATH=.
USERNAME=Daniel
OS=Windows_NT
PROCESSOR_IDENTIFIER=Intel64 Family 6 Model 69 Stepping 1, GenuineIntel



---------------  S Y S T E M  ---------------

OS: Windows 10.0 , 64 bit Build 15063 (10.0.15063.296)

CPU:total 4 (2 cores per cpu, 2 threads per core) family 6 model 69 stepping 1, cmov, cx8, fxsr, mmx, sse, sse2, sse3, ssse3, sse4.1, sse4.2, popcnt, avx, avx2, aes, clmul, erms, lzcnt, ht, tsc, tscinvbit, bmi1, bmi2

Memory: 4k page, physical 8317080k(3867632k free), swap 11856024k(5638804k free)

vm_info: Java HotSpot(TM) 64-Bit Server VM (25.121-b13) for windows-amd64 JRE (1.8.0_121-b13), built on Dec 12 2016 18:21:36 by "java_re" with MS VC++ 10.0 (VS2010)

time: Tue Oct 03 03:29:56 2017
elapsed time: 39 seconds (0d 0h 0m 39s)

