#
# A fatal error has been detected by the Java Runtime Environment:
#
#  EXCEPTION_ACCESS_VIOLATION (0xc0000005) at pc=0x000000005d95584a, pid=16948, tid=0x0000000000003b70
#
# JRE version: Java(TM) SE Runtime Environment (8.0_121-b13) (build 1.8.0_121-b13)
# Java VM: Java HotSpot(TM) 64-Bit Server VM (25.121-b13 mixed mode windows-amd64 compressed oops)
# Problematic frame:
# C  [glass.dll+0x2584a]
#
# Failed to write core dump. Minidumps are not enabled by default on client versions of Windows
#
# If you would like to submit a bug report, please visit:
#   http://bugreport.java.com/bugreport/crash.jsp
#

---------------  T H R E A D  ---------------

Current thread (0x0000000017e26800):  VMThread [stack: 0x0000000018ec0000,0x0000000018fc0000] [id=15216]

siginfo: ExceptionCode=0xc0000005, reading address 0x0000000000000000

Registers:
RAX=0x0000000000000000, RBX=0x000000001a49c3f0, RCX=0x0000000017e26800, RDX=0x000000001a49c3f0
RSP=0x0000000018fbf210, RBP=0x00000000013b5400, RSI=0x0000000000000001, RDI=0x0000000000000000
R8 =0x0000000000010002, R9 =0x00000000013b5400, R10=0x0000000000000000, R11=0x0000000000000246
R12=0x00000000013b5430, R13=0x00000000013b5400, R14=0x00000000013b5410, R15=0x0000000000000000
RIP=0x000000005d95584a, EFLAGS=0x0000000000010202

Top of Stack: (sp=0x0000000018fbf210)
0x0000000018fbf210:   0000000000000000 000000005d955900
0x0000000018fbf220:   0000000000000000 00000000013b5400
0x0000000018fbf230:   000000005d955830 000000005d953224
0x0000000018fbf240:   000000005d9691b0 00007ffa5170764d
0x0000000018fbf250:   0000000000000001 00000000013da0a0
0x0000000018fbf260:   000000005d953384 000000005d930000
0x0000000018fbf270:   00007ffa183c31b0 000000005d9534a6
0x0000000018fbf280:   0000000000000001 0000000017d35400
0x0000000018fbf290:   0000000000000000 0000000000000000
0x0000000018fbf2a0:   c000000500000001 0000000018fbe390
0x0000000018fbf2b0:   000000005d953384 00007ffa1829a35f
0x0000000018fbf2c0:   0000000000000000 0000000000000001
0x0000000018fbf2d0:   000000005d930000 0000000000000000
0x0000000018fbf2e0:   0000a4c5de3c2947 0000000001396a30
0x0000000018fbf2f0:   00007ffa158c4200 00000000031c6200
0x0000000018fbf300:   00000000031c6200 000000000139aa00 

Instructions: (pc=0x000000005d95584a)
0x000000005d95582a:   83 c4 20 5d c3 cc 40 53 48 83 ec 20 48 8b 1d cb
0x000000005d95583a:   5b 01 00 48 85 db 74 1a e8 19 93 ff ff 48 8b d3
0x000000005d95584a:   4c 8b 00 48 8b c8 48 83 c4 20 5b 49 ff a0 b0 00
0x000000005d95585a:   00 00 48 83 c4 20 5b c3 cc cc cc cc cc cc cc cc 


Register to memory mapping:

RAX=0x0000000000000000 is an unknown value
RBX=0x000000001a49c3f0 is a global jni handle
RCX=0x0000000017e26800 is an unknown value
RDX=0x000000001a49c3f0 is a global jni handle
RSP=0x0000000018fbf210 is an unknown value
RBP=0x00000000013b5400 is an unknown value
RSI=0x0000000000000001 is an unknown value
RDI=0x0000000000000000 is an unknown value
R8 =0x0000000000010002 is an unknown value
R9 =0x00000000013b5400 is an unknown value
R10=0x0000000000000000 is an unknown value
R11=0x0000000000000246 is an unknown value
R12=0x00000000013b5430 is an unknown value
R13=0x00000000013b5400 is an unknown value
R14=0x00000000013b5410 is an unknown value
R15=0x0000000000000000 is an unknown value


Stack: [0x0000000018ec0000,0x0000000018fc0000],  sp=0x0000000018fbf210,  free space=1020k
Native frames: (J=compiled Java code, j=interpreted, Vv=VM code, C=native code)
C  [glass.dll+0x2584a]
C  [glass.dll+0x23224]
C  [glass.dll+0x234a6]
C  [ntdll.dll+0x2a35f]
C  [ntdll.dll+0x806b]
C  [ntdll.dll+0x7d94]
C  [KERNEL32.DLL+0x1ce6a]
C  [msvcr100.dll+0x20ccd]
V  [jvm.dll+0x212cb5]
V  [jvm.dll+0x24bd17]
V  [jvm.dll+0x24afb6]
V  [jvm.dll+0x24b451]
V  [jvm.dll+0x24b66e]
V  [jvm.dll+0x29c69a]
C  [msvcr100.dll+0x21d9f]
C  [msvcr100.dll+0x21e3b]
C  [KERNEL32.DLL+0x8364]
C  [ntdll.dll+0x670d1]

VM_Operation (0x000000001a96a7a0): Exit, mode: safepoint, requested by thread 0x0000000019b9a800


---------------  P R O C E S S  ---------------

Java Threads: ( => current thread )
  0x000000002167d000 JavaThread "Glass/Prism Shutdown Hook" [_thread_blocked, id=15556, stack(0x000000002bee0000,0x000000002bfe0000)]
  0x0000000021678800 JavaThread "Keep-Alive-Timer" daemon [_thread_blocked, id=13784, stack(0x000000002acd0000,0x000000002add0000)]
  0x000000002167b800 JavaThread "SessionValidationThread-1" daemon [_thread_blocked, id=12492, stack(0x0000000026530000,0x0000000026630000)]
  0x0000000021676800 JavaThread "TubeSockWriter-2" [_thread_blocked, id=9792, stack(0x0000000025250000,0x0000000025350000)]
  0x000000002167a000 JavaThread "TubeSockReader-2" [_thread_in_native, id=12928, stack(0x0000000024bc0000,0x0000000024cc0000)]
  0x0000000021677000 JavaThread "pool-6-thread-1" [_thread_blocked, id=9604, stack(0x0000000023340000,0x0000000023440000)]
  0x000000002166d000 JavaThread "Prism Font Disposer" daemon [_thread_blocked, id=5032, stack(0x0000000022640000,0x0000000022740000)]
  0x000000001a1e1000 JavaThread "pool-5-thread-2" [_thread_blocked, id=12416, stack(0x000000001f800000,0x000000001f900000)]
  0x000000001a21d800 JavaThread "FirebaseDatabaseEventTarget" daemon [_thread_blocked, id=11896, stack(0x000000001f500000,0x000000001f600000)]
  0x000000001a209000 JavaThread "pool-5-thread-1" [_thread_blocked, id=5944, stack(0x000000001f400000,0x000000001f500000)]
  0x0000000019fbe800 JavaThread "FirebaseDatabaseWorker" daemon [_thread_blocked, id=11068, stack(0x000000001f100000,0x000000001f200000)]
  0x0000000019e7b800 JavaThread "JavaFX-Launcher" [_thread_blocked, id=16140, stack(0x000000001f000000,0x000000001f100000)]
  0x0000000019e7b000 JavaThread "Thread-2" daemon [_thread_in_native, id=3924, stack(0x000000001ef00000,0x000000001f000000)]
  0x0000000019b9a800 JavaThread "JavaFX Application Thread" [_thread_blocked, id=14756, stack(0x000000001a870000,0x000000001a970000)]
  0x0000000019b87800 JavaThread "Thread-1" daemon [_thread_blocked, id=16736, stack(0x000000001a770000,0x000000001a870000)]
  0x0000000019b74000 JavaThread "QuantumRenderer-0" daemon [_thread_blocked, id=6196, stack(0x000000001a5b0000,0x000000001a6b0000)]
  0x00000000197e8800 JavaThread "Service Thread" daemon [_thread_blocked, id=8484, stack(0x0000000019bb0000,0x0000000019cb0000)]
  0x0000000017e72000 JavaThread "C1 CompilerThread2" daemon [_thread_blocked, id=292, stack(0x00000000196b0000,0x00000000197b0000)]
  0x0000000017e63000 JavaThread "C2 CompilerThread1" daemon [_thread_blocked, id=12188, stack(0x00000000195b0000,0x00000000196b0000)]
  0x0000000017e60000 JavaThread "C2 CompilerThread0" daemon [_thread_blocked, id=1076, stack(0x00000000194b0000,0x00000000195b0000)]
  0x0000000017e5f000 JavaThread "Attach Listener" daemon [_thread_blocked, id=4996, stack(0x00000000193b0000,0x00000000194b0000)]
  0x0000000017e5d800 JavaThread "Signal Dispatcher" daemon [_thread_blocked, id=11280, stack(0x00000000192b0000,0x00000000193b0000)]
  0x00000000032cc000 JavaThread "Finalizer" daemon [_thread_blocked, id=17376, stack(0x00000000190c0000,0x00000000191c0000)]
  0x00000000032c3000 JavaThread "Reference Handler" daemon [_thread_blocked, id=17208, stack(0x0000000018fc0000,0x00000000190c0000)]
  0x00000000031d2800 JavaThread "main" [_thread_blocked, id=13512, stack(0x0000000003010000,0x0000000003110000)]

Other Threads:
=>0x0000000017e26800 VMThread [stack: 0x0000000018ec0000,0x0000000018fc0000] [id=15216]

VM state:at safepoint (shutting down)

VM Mutex/Monitor currently owned by a thread:  ([mutex/lock_event])
[0x00000000031ceba0] Threads_lock - owner thread: 0x0000000017e26800

Heap:
 PSYoungGen      total 125440K, used 77462K [0x00000000d5b00000, 0x00000000ded80000, 0x0000000100000000)
  eden space 120320K, 60% used [0x00000000d5b00000,0x00000000da1ab2d8,0x00000000dd080000)
  from space 5120K, 99% used [0x00000000ddc80000,0x00000000de17a550,0x00000000de180000)
  to   space 12288K, 0% used [0x00000000de180000,0x00000000de180000,0x00000000ded80000)
 ParOldGen       total 80384K, used 20252K [0x0000000081000000, 0x0000000085e80000, 0x00000000d5b00000)
  object space 80384K, 25% used [0x0000000081000000,0x00000000823c72b0,0x0000000085e80000)
 Metaspace       used 32368K, capacity 34452K, committed 34688K, reserved 1079296K
  class space    used 4564K, capacity 4908K, committed 4992K, reserved 1048576K

Card table byte_map: [0x0000000012690000,0x0000000012a90000] byte_map_base: 0x0000000012288000

Marking Bits: (ParMarkBitMap*) 0x000000005ebab6d0
 Begin Bits: [0x0000000013140000, 0x0000000015100000)
 End Bits:   [0x0000000015100000, 0x00000000170c0000)

Polling page: 0x0000000001880000

CodeCache: size=245760Kb used=16506Kb max_used=16511Kb free=229253Kb
 bounds [0x00000000032d0000, 0x0000000004300000, 0x00000000122d0000]
 total_blobs=6090 nmethods=5317 adapters=682
 compilation: enabled

Compilation events (10 events):
Event: 18.658 Thread 0x0000000017e72000 nmethod 5385 0x00000000042a08d0 code [0x00000000042a0a60, 0x00000000042a0f10]
Event: 18.660 Thread 0x0000000017e60000 5386       4       javafx.scene.Node::impl_reapplyCSS (75 bytes)
Event: 18.664 Thread 0x0000000017e63000 5387       4       java.util.ArrayList::rangeCheck (22 bytes)
Event: 18.665 Thread 0x0000000017e72000 5388       3       java.lang.invoke.MethodHandles$Lookup::findBoundCallerClass (36 bytes)
Event: 18.665 Thread 0x0000000017e63000 nmethod 5387 0x00000000042a0690 code [0x00000000042a07c0, 0x00000000042a0838]
Event: 18.666 Thread 0x0000000017e72000 nmethod 5388 0x00000000042d25d0 code [0x00000000042d27c0, 0x00000000042d3138]
Event: 18.668 Thread 0x0000000017e72000 5389       3       java.util.logging.LogManager::access$100 (4 bytes)
Event: 18.668 Thread 0x0000000017e72000 nmethod 5389 0x00000000042d22d0 code [0x00000000042d2420, 0x00000000042d2550]
Event: 18.668 Thread 0x0000000017e72000 5390       3       java.util.logging.LogManager$LoggerContext::requiresDefaultLoggers (29 bytes)
Event: 18.669 Thread 0x0000000017e72000 nmethod 5390 0x00000000042d1c50 code [0x00000000042d1dc0, 0x00000000042d21e8]

GC Heap History (10 events):
Event: 1.228 GC heap before
{Heap before GC invocations=2 (full 0):
 PSYoungGen      total 38400K, used 38384K [0x00000000d5b00000, 0x00000000da600000, 0x0000000100000000)
  eden space 33280K, 100% used [0x00000000d5b00000,0x00000000d7b80000,0x00000000d7b80000)
  from space 5120K, 99% used [0x00000000d7b80000,0x00000000d807c268,0x00000000d8080000)
  to   space 5120K, 0% used [0x00000000da100000,0x00000000da100000,0x00000000da600000)
 ParOldGen       total 87552K, used 724K [0x0000000081000000, 0x0000000086580000, 0x00000000d5b00000)
  object space 87552K, 0% used [0x0000000081000000,0x00000000810b5250,0x0000000086580000)
 Metaspace       used 17743K, capacity 18244K, committed 18432K, reserved 1064960K
  class space    used 2375K, capacity 2512K, committed 2560K, reserved 1048576K
Event: 1.238 GC heap after
Heap after GC invocations=2 (full 0):
 PSYoungGen      total 71680K, used 5113K [0x00000000d5b00000, 0x00000000da600000, 0x0000000100000000)
  eden space 66560K, 0% used [0x00000000d5b00000,0x00000000d5b00000,0x00000000d9c00000)
  from space 5120K, 99% used [0x00000000da100000,0x00000000da5fe590,0x00000000da600000)
  to   space 5120K, 0% used [0x00000000d9c00000,0x00000000d9c00000,0x00000000da100000)
 ParOldGen       total 87552K, used 9798K [0x0000000081000000, 0x0000000086580000, 0x00000000d5b00000)
  object space 87552K, 11% used [0x0000000081000000,0x0000000081991908,0x0000000086580000)
 Metaspace       used 17743K, capacity 18244K, committed 18432K, reserved 1064960K
  class space    used 2375K, capacity 2512K, committed 2560K, reserved 1048576K
}
Event: 1.455 GC heap before
{Heap before GC invocations=3 (full 0):
 PSYoungGen      total 71680K, used 20018K [0x00000000d5b00000, 0x00000000da600000, 0x0000000100000000)
  eden space 66560K, 22% used [0x00000000d5b00000,0x00000000d698e2d0,0x00000000d9c00000)
  from space 5120K, 99% used [0x00000000da100000,0x00000000da5fe590,0x00000000da600000)
  to   space 5120K, 0% used [0x00000000d9c00000,0x00000000d9c00000,0x00000000da100000)
 ParOldGen       total 87552K, used 9798K [0x0000000081000000, 0x0000000086580000, 0x00000000d5b00000)
  object space 87552K, 11% used [0x0000000081000000,0x0000000081991908,0x0000000086580000)
 Metaspace       used 20432K, capacity 21076K, committed 21248K, reserved 1067008K
  class space    used 2772K, capacity 2948K, committed 3072K, reserved 1048576K
Event: 1.462 GC heap after
Heap after GC invocations=3 (full 0):
 PSYoungGen      total 71680K, used 5108K [0x00000000d5b00000, 0x00000000de700000, 0x0000000100000000)
  eden space 66560K, 0% used [0x00000000d5b00000,0x00000000d5b00000,0x00000000d9c00000)
  from space 5120K, 99% used [0x00000000d9c00000,0x00000000da0fd278,0x00000000da100000)
  to   space 5120K, 0% used [0x00000000de200000,0x00000000de200000,0x00000000de700000)
 ParOldGen       total 87552K, used 11921K [0x0000000081000000, 0x0000000086580000, 0x00000000d5b00000)
  object space 87552K, 13% used [0x0000000081000000,0x0000000081ba44a0,0x0000000086580000)
 Metaspace       used 20432K, capacity 21076K, committed 21248K, reserved 1067008K
  class space    used 2772K, capacity 2948K, committed 3072K, reserved 1048576K
}
Event: 1.462 GC heap before
{Heap before GC invocations=4 (full 1):
 PSYoungGen      total 71680K, used 5108K [0x00000000d5b00000, 0x00000000de700000, 0x0000000100000000)
  eden space 66560K, 0% used [0x00000000d5b00000,0x00000000d5b00000,0x00000000d9c00000)
  from space 5120K, 99% used [0x00000000d9c00000,0x00000000da0fd278,0x00000000da100000)
  to   space 5120K, 0% used [0x00000000de200000,0x00000000de200000,0x00000000de700000)
 ParOldGen       total 87552K, used 11921K [0x0000000081000000, 0x0000000086580000, 0x00000000d5b00000)
  object space 87552K, 13% used [0x0000000081000000,0x0000000081ba44a0,0x0000000086580000)
 Metaspace       used 20432K, capacity 21076K, committed 21248K, reserved 1067008K
  class space    used 2772K, capacity 2948K, committed 3072K, reserved 1048576K
Event: 1.504 GC heap after
Heap after GC invocations=4 (full 1):
 PSYoungGen      total 71680K, used 0K [0x00000000d5b00000, 0x00000000de700000, 0x0000000100000000)
  eden space 66560K, 0% used [0x00000000d5b00000,0x00000000d5b00000,0x00000000d9c00000)
  from space 5120K, 0% used [0x00000000d9c00000,0x00000000d9c00000,0x00000000da100000)
  to   space 5120K, 0% used [0x00000000de200000,0x00000000de200000,0x00000000de700000)
 ParOldGen       total 80384K, used 15901K [0x0000000081000000, 0x0000000085e80000, 0x00000000d5b00000)
  object space 80384K, 19% used [0x0000000081000000,0x0000000081f876f0,0x0000000085e80000)
 Metaspace       used 20432K, capacity 21076K, committed 21248K, reserved 1067008K
  class space    used 2772K, capacity 2948K, committed 3072K, reserved 1048576K
}
Event: 2.050 GC heap before
{Heap before GC invocations=5 (full 1):
 PSYoungGen      total 71680K, used 66560K [0x00000000d5b00000, 0x00000000de700000, 0x0000000100000000)
  eden space 66560K, 100% used [0x00000000d5b00000,0x00000000d9c00000,0x00000000d9c00000)
  from space 5120K, 0% used [0x00000000d9c00000,0x00000000d9c00000,0x00000000da100000)
  to   space 5120K, 0% used [0x00000000de200000,0x00000000de200000,0x00000000de700000)
 ParOldGen       total 80384K, used 15901K [0x0000000081000000, 0x0000000085e80000, 0x00000000d5b00000)
  object space 80384K, 19% used [0x0000000081000000,0x0000000081f876f0,0x0000000085e80000)
 Metaspace       used 24018K, capacity 25046K, committed 25216K, reserved 1071104K
  class space    used 3384K, capacity 3597K, committed 3712K, reserved 1048576K
Event: 2.055 GC heap after
Heap after GC invocations=5 (full 1):
 PSYoungGen      total 94208K, used 4197K [0x00000000d5b00000, 0x00000000de680000, 0x0000000100000000)
  eden space 89600K, 0% used [0x00000000d5b00000,0x00000000d5b00000,0x00000000db280000)
  from space 4608K, 91% used [0x00000000de200000,0x00000000de619700,0x00000000de680000)
  to   space 5120K, 0% used [0x00000000ddc80000,0x00000000ddc80000,0x00000000de180000)
 ParOldGen       total 80384K, used 15909K [0x0000000081000000, 0x0000000085e80000, 0x00000000d5b00000)
  object space 80384K, 19% used [0x0000000081000000,0x0000000081f896f0,0x0000000085e80000)
 Metaspace       used 24018K, capacity 25046K, committed 25216K, reserved 1071104K
  class space    used 3384K, capacity 3597K, committed 3712K, reserved 1048576K
}
Event: 3.114 GC heap before
{Heap before GC invocations=6 (full 1):
 PSYoungGen      total 94208K, used 93797K [0x00000000d5b00000, 0x00000000de680000, 0x0000000100000000)
  eden space 89600K, 100% used [0x00000000d5b00000,0x00000000db280000,0x00000000db280000)
  from space 4608K, 91% used [0x00000000de200000,0x00000000de619700,0x00000000de680000)
  to   space 5120K, 0% used [0x00000000ddc80000,0x00000000ddc80000,0x00000000de180000)
 ParOldGen       total 80384K, used 15909K [0x0000000081000000, 0x0000000085e80000, 0x00000000d5b00000)
  object space 80384K, 19% used [0x0000000081000000,0x0000000081f896f0,0x0000000085e80000)
 Metaspace       used 27814K, capacity 29666K, committed 29824K, reserved 1075200K
  class space    used 4042K, capacity 4375K, committed 4480K, reserved 1048576K
Event: 3.128 GC heap after
Heap after GC invocations=6 (full 1):
 PSYoungGen      total 125440K, used 5097K [0x00000000d5b00000, 0x00000000ded80000, 0x0000000100000000)
  eden space 120320K, 0% used [0x00000000d5b00000,0x00000000d5b00000,0x00000000dd080000)
  from space 5120K, 99% used [0x00000000ddc80000,0x00000000de17a550,0x00000000de180000)
  to   space 12288K, 0% used [0x00000000de180000,0x00000000de180000,0x00000000ded80000)
 ParOldGen       total 80384K, used 20252K [0x0000000081000000, 0x0000000085e80000, 0x00000000d5b00000)
  object space 80384K, 25% used [0x0000000081000000,0x00000000823c72b0,0x0000000085e80000)
 Metaspace       used 27814K, capacity 29666K, committed 29824K, reserved 1075200K
  class space    used 4042K, capacity 4375K, committed 4480K, reserved 1048576K
}

Deoptimization events (10 events):
Event: 3.654 Thread 0x0000000019b74000 Uncommon trap: reason=class_check action=maybe_recompile pc=0x0000000003e170b8 method=java.util.WeakHashMap.eq(Ljava/lang/Object;Ljava/lang/Object;)Z @ 7
Event: 3.654 Thread 0x0000000019b74000 Uncommon trap: reason=class_check action=maybe_recompile pc=0x0000000003e170b8 method=java.util.WeakHashMap.eq(Ljava/lang/Object;Ljava/lang/Object;)Z @ 7
Event: 3.664 Thread 0x0000000019b74000 Uncommon trap: reason=class_check action=maybe_recompile pc=0x0000000003e170b8 method=java.util.WeakHashMap.eq(Ljava/lang/Object;Ljava/lang/Object;)Z @ 7
Event: 3.666 Thread 0x0000000019b74000 Uncommon trap: reason=class_check action=maybe_recompile pc=0x0000000003e170b8 method=java.util.WeakHashMap.eq(Ljava/lang/Object;Ljava/lang/Object;)Z @ 7
Event: 3.937 Thread 0x0000000019b9a800 Uncommon trap: reason=unstable_if action=reinterpret pc=0x0000000003f43a98 method=javafx.scene.CssStyleHelper.canReuseStyleHelper(Ljavafx/scene/Node;Lcom/sun/javafx/css/StyleMap;)Z @ 57
Event: 3.977 Thread 0x0000000019b9a800 Uncommon trap: reason=unstable_if action=reinterpret pc=0x0000000003fbb05c method=javafx.scene.Node.impl_markDirty(Lcom/sun/javafx/scene/DirtyBits;)V @ 4
Event: 3.997 Thread 0x0000000019b9a800 Uncommon trap: reason=unstable_if action=reinterpret pc=0x0000000003b02b04 method=java.util.EnumMap.isValidKey(Ljava/lang/Object;)Z @ 16
Event: 3.999 Thread 0x0000000019b9a800 Uncommon trap: reason=unstable_if action=reinterpret pc=0x0000000003fe2f14 method=javafx.scene.Node.markDirtyLayoutBranch()V @ 16
Event: 4.004 Thread 0x0000000019b9a800 Uncommon trap: reason=unstable_if action=reinterpret pc=0x00000000038c7828 method=jdk.internal.org.objectweb.asm.Type.getArgumentsAndReturnSizes(Ljava/lang/String;)I @ 47
Event: 11.995 Thread 0x0000000019b9a800 Uncommon trap: reason=unstable_if action=reinterpret pc=0x00000000034bac80 method=java.lang.CharacterData.of(I)Ljava/lang/CharacterData; @ 4

Internal exceptions (10 events):
Event: 3.888 Thread 0x0000000019b9a800 Exception <a 'java/lang/ClassNotFoundException': java/lang/ObjectBeanInfo> (0x00000000d793bd10) thrown at [C:\re\workspace\8-2-build-windows-amd64-cygwin\jdk8u121\8372\hotspot\src\share\vm\classfile\systemDictionary.cpp, line 210]
Event: 3.889 Thread 0x0000000019b9a800 Exception <a 'java/lang/ClassNotFoundException': java/lang/ObjectCustomizer> (0x00000000d793eff8) thrown at [C:\re\workspace\8-2-build-windows-amd64-cygwin\jdk8u121\8372\hotspot\src\share\vm\classfile\systemDictionary.cpp, line 210]
Event: 3.893 Thread 0x0000000019b9a800 Exception <a 'java/lang/ClassNotFoundException': org/apache/shiro/realm/CachingRealmCustomizer> (0x00000000d794dc90) thrown at [C:\re\workspace\8-2-build-windows-amd64-cygwin\jdk8u121\8372\hotspot\src\share\vm\classfile\systemDictionary.cpp, line 210]
Event: 3.894 Thread 0x0000000019b9a800 Exception <a 'java/lang/ClassNotFoundException': org/apache/shiro/realm/AuthenticatingRealmCustomizer> (0x00000000d795f960) thrown at [C:\re\workspace\8-2-build-windows-amd64-cygwin\jdk8u121\8372\hotspot\src\share\vm\classfile\systemDictionary.cpp, line 2
Event: 3.896 Thread 0x0000000019b9a800 Exception <a 'java/lang/ClassNotFoundException': org/apache/shiro/realm/AuthorizingRealmCustomizer> (0x00000000d7981be0) thrown at [C:\re\workspace\8-2-build-windows-amd64-cygwin\jdk8u121\8372\hotspot\src\share\vm\classfile\systemDictionary.cpp, line 210]
Event: 3.899 Thread 0x0000000019b9a800 Exception <a 'java/lang/ClassNotFoundException': org/apache/shiro/realm/SimpleAccountRealmCustomizer> (0x00000000d79b8fa8) thrown at [C:\re\workspace\8-2-build-windows-amd64-cygwin\jdk8u121\8372\hotspot\src\share\vm\classfile\systemDictionary.cpp, line 21
Event: 3.900 Thread 0x0000000019b9a800 Exception <a 'java/lang/ClassNotFoundException': org/apache/shiro/realm/text/TextConfigurationRealmCustomizer> (0x00000000d79cedd8) thrown at [C:\re\workspace\8-2-build-windows-amd64-cygwin\jdk8u121\8372\hotspot\src\share\vm\classfile\systemDictionary.cpp
Event: 3.902 Thread 0x0000000019b9a800 Exception <a 'java/lang/ClassNotFoundException': org/apache/shiro/realm/text/IniRealmCustomizer> (0x00000000d79e60a8) thrown at [C:\re\workspace\8-2-build-windows-amd64-cygwin\jdk8u121\8372\hotspot\src\share\vm\classfile\systemDictionary.cpp, line 210]
Event: 17.121 Thread 0x000000001a209000 Exception <a 'java/net/SocketTimeoutException': Read timed out> (0x00000000d9fb4418) thrown at [C:\re\workspace\8-2-build-windows-amd64-cygwin\jdk8u121\8372\hotspot\src\share\vm\prims\jni.cpp, line 735]
Event: 18.672 Thread 0x000000002167d000 Exception <a 'java/lang/IllegalStateException'> (0x00000000da139198) thrown at [C:\re\workspace\8-2-build-windows-amd64-cygwin\jdk8u121\8372\hotspot\src\share\vm\prims\jvm.cpp, line 1394]

Events (10 events):
Event: 18.667 loading class java/util/IdentityHashMap$KeyIterator
Event: 18.667 loading class java/util/IdentityHashMap$KeyIterator done
Event: 18.667 Thread 0x0000000021679800 Thread added: 0x0000000021679800
Event: 18.667 Thread 0x000000002167d000 Thread added: 0x000000002167d000
Event: 18.668 loading class com/sun/javafx/tk/quantum/QuantumRenderer
Event: 18.668 loading class com/sun/javafx/tk/quantum/QuantumRenderer done
Event: 18.668 Thread 0x0000000021679800 Thread exited: 0x0000000021679800
Event: 18.670 loading class com/sun/javafx/tk/quantum/QuantumToolkit
Event: 18.670 loading class com/sun/javafx/tk/quantum/QuantumToolkit done
Event: 18.672 Executing VM operation: Exit


Dynamic libraries:
0x00007ff74c050000 - 0x00007ff74c087000 	C:\Program Files\Java\jdk1.8.0_121\bin\javaw.exe
0x00007ffa18270000 - 0x00007ffa18441000 	C:\WINDOWS\SYSTEM32\ntdll.dll
0x00007ffa15ab0000 - 0x00007ffa15b5c000 	C:\WINDOWS\System32\KERNEL32.DLL
0x00007ffa14980000 - 0x00007ffa14b9d000 	C:\WINDOWS\System32\KERNELBASE.dll
0x00007ffa16b10000 - 0x00007ffa16bb2000 	C:\WINDOWS\System32\ADVAPI32.dll
0x00007ffa181d0000 - 0x00007ffa1826e000 	C:\WINDOWS\System32\msvcrt.dll
0x00007ffa169f0000 - 0x00007ffa16a49000 	C:\WINDOWS\System32\sechost.dll
0x00007ffa16090000 - 0x00007ffa161b1000 	C:\WINDOWS\System32\RPCRT4.dll
0x00007ffa15bc0000 - 0x00007ffa15d25000 	C:\WINDOWS\System32\USER32.dll
0x00007ffa14ba0000 - 0x00007ffa14bbe000 	C:\WINDOWS\System32\win32u.dll
0x00007ffa16000000 - 0x00007ffa16034000 	C:\WINDOWS\System32\GDI32.dll
0x00007ffa15670000 - 0x00007ffa157f2000 	C:\WINDOWS\System32\gdi32full.dll
0x00007ffa0da40000 - 0x00007ffa0dcba000 	C:\WINDOWS\WinSxS\amd64_microsoft.windows.common-controls_6595b64144ccf1df_6.0.14393.953_none_42151e83c686086b\COMCTL32.dll
0x00007ffa15d30000 - 0x00007ffa15ff8000 	C:\WINDOWS\System32\combase.dll
0x00007ffa14760000 - 0x00007ffa14855000 	C:\WINDOWS\System32\ucrtbase.dll
0x00007ffa14910000 - 0x00007ffa1497a000 	C:\WINDOWS\System32\bcryptPrimitives.dll
0x00007ffa16060000 - 0x00007ffa1608e000 	C:\WINDOWS\System32\IMM32.DLL
0x000000005d9b0000 - 0x000000005da82000 	C:\Program Files\Java\jdk1.8.0_121\jre\bin\msvcr100.dll
0x000000005e390000 - 0x000000005ec2b000 	C:\Program Files\Java\jdk1.8.0_121\jre\bin\server\jvm.dll
0x00007ffa16040000 - 0x00007ffa16048000 	C:\WINDOWS\System32\PSAPI.DLL
0x00007ffa09a10000 - 0x00007ffa09a1a000 	C:\WINDOWS\SYSTEM32\VERSION.dll
0x00007ffa07c30000 - 0x00007ffa07c39000 	C:\WINDOWS\SYSTEM32\WSOCK32.dll
0x00007ffa128d0000 - 0x00007ffa128f3000 	C:\WINDOWS\SYSTEM32\WINMM.dll
0x00007ffa16970000 - 0x00007ffa169da000 	C:\WINDOWS\System32\WS2_32.dll
0x00007ffa12870000 - 0x00007ffa1289b000 	C:\WINDOWS\SYSTEM32\WINMMBASE.dll
0x00007ffa14c60000 - 0x00007ffa14ca2000 	C:\WINDOWS\System32\cfgmgr32.dll
0x000000005e380000 - 0x000000005e38f000 	C:\Program Files\Java\jdk1.8.0_121\jre\bin\verify.dll
0x000000005e350000 - 0x000000005e379000 	C:\Program Files\Java\jdk1.8.0_121\jre\bin\java.dll
0x000000005e330000 - 0x000000005e346000 	C:\Program Files\Java\jdk1.8.0_121\jre\bin\zip.dll
0x00007ffa16cc0000 - 0x00007ffa181c8000 	C:\WINDOWS\System32\SHELL32.dll
0x00007ffa14f90000 - 0x00007ffa1566a000 	C:\WINDOWS\System32\windows.storage.dll
0x00007ffa146e0000 - 0x00007ffa1472c000 	C:\WINDOWS\System32\powrprof.dll
0x00007ffa15b60000 - 0x00007ffa15bb2000 	C:\WINDOWS\System32\shlwapi.dll
0x00007ffa14730000 - 0x00007ffa1473f000 	C:\WINDOWS\System32\kernel.appcore.dll
0x00007ffa14ee0000 - 0x00007ffa14f89000 	C:\WINDOWS\System32\shcore.dll
0x00007ffa14740000 - 0x00007ffa14754000 	C:\WINDOWS\System32\profapi.dll
0x00007ff9ef760000 - 0x00007ff9ef84f000 	C:\Program Files\Java\jdk1.8.0_121\jre\bin\msvcr120.dll
0x00007ff9df330000 - 0x00007ff9df3d6000 	C:\Program Files\Java\jdk1.8.0_121\jre\bin\msvcp120.dll
0x000000005d980000 - 0x000000005d9a2000 	C:\Program Files\Java\jdk1.8.0_121\jre\bin\prism_d3d.dll
0x00007ff9e4300000 - 0x00007ff9e448d000 	C:\WINDOWS\system32\d3d9.dll
0x00007ffa11d40000 - 0x00007ffa11d66000 	C:\WINDOWS\SYSTEM32\dwmapi.dll
0x00007ffa12e10000 - 0x00007ffa12ea5000 	C:\WINDOWS\system32\uxtheme.dll
0x00007ffa16a50000 - 0x00007ffa16b0f000 	C:\WINDOWS\System32\OLEAUT32.dll
0x00007ffa14bc0000 - 0x00007ffa14c5c000 	C:\WINDOWS\System32\msvcp_win.dll
0x00007ffa161c0000 - 0x00007ffa162f8000 	C:\WINDOWS\System32\ole32.dll
0x000000005d930000 - 0x000000005d973000 	C:\Program Files\Java\jdk1.8.0_121\jre\bin\glass.dll
0x00007ffa16bc0000 - 0x00007ffa16cba000 	C:\WINDOWS\System32\COMDLG32.dll
0x00007ffa15880000 - 0x00007ffa159da000 	C:\WINDOWS\System32\MSCTF.dll
0x00007ffa14140000 - 0x00007ffa14157000 	C:\WINDOWS\SYSTEM32\CRYPTSP.dll
0x00007ffa13ba0000 - 0x00007ffa13bd3000 	C:\WINDOWS\system32\rsaenh.dll
0x00007ffa14620000 - 0x00007ffa1464b000 	C:\WINDOWS\SYSTEM32\bcrypt.dll
0x00007ffa13e20000 - 0x00007ffa13e3f000 	C:\WINDOWS\SYSTEM32\USERENV.dll
0x00007ffa14160000 - 0x00007ffa1416b000 	C:\WINDOWS\SYSTEM32\CRYPTBASE.dll
0x000000005e310000 - 0x000000005e32a000 	C:\Program Files\Java\jdk1.8.0_121\jre\bin\net.dll
0x00007ffa13fa0000 - 0x00007ffa13ffc000 	C:\WINDOWS\system32\mswsock.dll
0x00007ffa13d20000 - 0x00007ffa13d58000 	C:\WINDOWS\SYSTEM32\IPHLPAPI.DLL
0x00007ffa16050000 - 0x00007ffa16058000 	C:\WINDOWS\System32\NSI.dll
0x00007ffa0f930000 - 0x00007ffa0f946000 	C:\WINDOWS\SYSTEM32\dhcpcsvc6.DLL
0x00007ffa0f910000 - 0x00007ffa0f92a000 	C:\WINDOWS\SYSTEM32\dhcpcsvc.DLL
0x000000005d910000 - 0x000000005d924000 	C:\Program Files\Java\jdk1.8.0_121\jre\bin\javafx_font.dll
0x00007ffa09210000 - 0x00007ffa09479000 	C:\WINDOWS\SYSTEM32\dwrite.dll
0x000000005e2f0000 - 0x000000005e301000 	C:\Program Files\Java\jdk1.8.0_121\jre\bin\nio.dll
0x000000005d5f0000 - 0x000000005d614000 	C:\Program Files\Java\jdk1.8.0_121\jre\bin\sunec.dll
0x000000005e2e0000 - 0x000000005e2eb000 	C:\Program Files\Java\jdk1.8.0_121\jre\bin\sunmscapi.dll
0x00007ffa14cb0000 - 0x00007ffa14e79000 	C:\WINDOWS\System32\CRYPT32.dll
0x00007ffa146d0000 - 0x00007ffa146e0000 	C:\WINDOWS\System32\MSASN1.dll
0x00007ffa13d60000 - 0x00007ffa13e01000 	C:\WINDOWS\SYSTEM32\DNSAPI.dll
0x000000005f500000 - 0x000000005f526000 	C:\Program Files\Bonjour\mdnsNSP.dll
0x00007ffa08800000 - 0x00007ffa0880a000 	C:\Windows\System32\rasadhlp.dll
0x00007ffa0de50000 - 0x00007ffa0deba000 	C:\WINDOWS\System32\fwpuclnt.dll
0x00007ffa168d0000 - 0x00007ffa1696f000 	C:\WINDOWS\System32\clbcatq.dll
0x00007ffa108c0000 - 0x00007ffa10a68000 	C:\WINDOWS\SYSTEM32\WindowsCodecs.dll
0x00007ff9fa290000 - 0x00007ff9fa2d9000 	C:\WINDOWS\system32\dataexchange.dll
0x00007ffa11d70000 - 0x00007ffa12026000 	C:\WINDOWS\system32\d3d11.dll
0x00007ffa12470000 - 0x00007ffa125c1000 	C:\WINDOWS\system32\dcomp.dll
0x00007ffa13650000 - 0x00007ffa136ef000 	C:\WINDOWS\system32\dxgi.dll
0x00007ffa130f0000 - 0x00007ffa1320c000 	C:\WINDOWS\system32\twinapi.appcore.dll
0x00007ff9fc840000 - 0x00007ff9fc872000 	C:\Program Files\Common Files\Microsoft Shared\Ink\rtscom.dll
0x000000005d8e0000 - 0x000000005d903000 	C:\Program Files\Java\jdk1.8.0_121\jre\bin\javafx_iio.dll
0x000000005d8c0000 - 0x000000005d8d1000 	C:\Program Files\Java\jdk1.8.0_121\jre\bin\prism_common.dll
0x00007ffa07cd0000 - 0x00007ffa07e62000 	C:\WINDOWS\SYSTEM32\dbghelp.dll

VM Arguments:
jvm_args: -Dfile.encoding=UTF-8 
java_command: com.jeeves.vpl.Main
java_class_path (initial): C:\Users\Daniel\workspace\JeevesMaven\target\classes;C:\Users\Daniel\workspace\JeevesMaven\poi-3.15.jar;C:\Users\Daniel\workspace\JeevesMaven\commons-lang3-3.5.jar;C:\Users\Daniel\workspace\JeevesMaven\controlsfx-8.40.12.jar;C:\Users\Daniel\.m2\repository\org\apache\shiro\shiro-core\1.3.2\shiro-core-1.3.2.jar;C:\Users\Daniel\.m2\repository\org\slf4j\slf4j-api\1.6.4\slf4j-api-1.6.4.jar;C:\Users\Daniel\.m2\repository\commons-beanutils\commons-beanutils\1.8.3\commons-beanutils-1.8.3.jar;C:\Users\Daniel\.m2\repository\com\google\firebase\firebase-admin\5.1.0\firebase-admin-5.1.0.jar;C:\Users\Daniel\.m2\repository\com\google\api-client\google-api-client\1.22.0\google-api-client-1.22.0.jar;C:\Users\Daniel\.m2\repository\com\google\oauth-client\google-oauth-client\1.22.0\google-oauth-client-1.22.0.jar;C:\Users\Daniel\.m2\repository\com\google\http-client\google-http-client-jackson2\1.22.0\google-http-client-jackson2-1.22.0.jar;C:\Users\Daniel\.m2\repository\com\fasterxml\jackson\core\jackson-core\2.1.3\jackson-core-2.1.3.jar;C:\Users\Daniel\.m2\repository\com\google\api-client\google-api-client-gson\1.22.0\google-api-client-gson-1.22.0.jar;C:\Users\Daniel\.m2\repository\com\google\http-client\google-http-client-gson\1.22.0\google-http-client-gson-1.22.0.jar;C:\Users\Daniel\.m2\repository\com\google\code\gson\gson\2.1\gson-2.1.jar;C:\Users\Daniel\.m2\repository\com\google\http-client\google-http-client\1.22.0\google-http-client-1.22.0.jar;C:\Users\Daniel\.m2\repository\com\google\code\findbugs\jsr305\1.3.9\jsr305-1.3.9.jar;C:\Users\Daniel\.m2\repository\org\apache\httpcomponents\httpclient\4.0.1\httpclient-4.0.1.jar;C:\Users\Daniel\.m2\repository\org\apache\httpcomponents\httpcore\4.0.1\httpcore-4.0.1.jar;C:\Users\Daniel\.m2\repository\commons-logging\commons-logging\1.1.1\commons-logging-1.1.1.jar;C:\Users\Daniel\.m2\repository\commons-codec\commons-codec\1.3\commons-codec-1.3.jar;C:\Users\Daniel\.m2\repository\org\json\json\20160810\json-20160
Launcher Type: SUN_STANDARD

Environment Variables:
JAVA_HOME=C:\Program Files\Java\jdk1.8.0_121
CLASSPATH=.
USERNAME=Daniel
OS=Windows_NT
PROCESSOR_IDENTIFIER=Intel64 Family 6 Model 69 Stepping 1, GenuineIntel



---------------  S Y S T E M  ---------------

OS: Windows 10.0 , 64 bit Build 14393 (10.0.14393.1198)

CPU:total 4 (2 cores per cpu, 2 threads per core) family 6 model 69 stepping 1, cmov, cx8, fxsr, mmx, sse, sse2, sse3, ssse3, sse4.1, sse4.2, popcnt, avx, avx2, aes, clmul, erms, lzcnt, ht, tsc, tscinvbit, bmi1, bmi2

Memory: 4k page, physical 8317080k(2192420k free), swap 15469568k(5507044k free)

vm_info: Java HotSpot(TM) 64-Bit Server VM (25.121-b13) for windows-amd64 JRE (1.8.0_121-b13), built on Dec 12 2016 18:21:36 by "java_re" with MS VC++ 10.0 (VS2010)

time: Fri Jun 09 15:56:41 2017
elapsed time: 19 seconds (0d 0h 0m 19s)

