#
# A fatal error has been detected by the Java Runtime Environment:
#
#  EXCEPTION_ACCESS_VIOLATION (0xc0000005) at pc=0x00000000667c78b0, pid=12700, tid=0x0000000000002f88
#
# JRE version: Java(TM) SE Runtime Environment (8.0_151-b12) (build 1.8.0_151-b12)
# Java VM: Java HotSpot(TM) 64-Bit Server VM (25.151-b12 mixed mode windows-amd64 compressed oops)
# Problematic frame:
# C  [glass.dll+0x278b0]
#
# Failed to write core dump. Minidumps are not enabled by default on client versions of Windows
#
# If you would like to submit a bug report, please visit:
#   http://bugreport.java.com/bugreport/crash.jsp
#

---------------  T H R E A D  ---------------

Current thread (0x0000000019e07800):  VMThread [stack: 0x000000001ae90000,0x000000001af90000] [id=12168]

siginfo: ExceptionCode=0xc0000005, reading address 0x0000000000000000

Registers:
RAX=0x0000000000000000, RBX=0x000000001c591c10, RCX=0x0000000019e07800, RDX=0x0000000067edc658
RSP=0x000000001af8f280, RBP=0x00000000032766f8, RSI=0x00000000032766d0, RDI=0x0000cd7b29d3837f
R8 =0x0000000000010002, R9 =0x000000000000003f, R10=0x0000cd7b29d3837f, R11=0x000000001af8f180
R12=0x0000000000000000, R13=0x0000000000000040, R14=0x000000001af8f398, R15=0x00000000032766d0
RIP=0x00000000667c78b0, EFLAGS=0x0000000000010206

Top of Stack: (sp=0x000000001af8f280)
0x000000001af8f280:   0000000000000000 00007ff86f3ed00b
0x000000001af8f290:   00000000032766e0 00000000032766e0
0x000000001af8f2a0:   fffffffffffffffe 00000000032766f8
0x000000001af8f2b0:   00000000032766d8 00007ff86f3f85f3
0x000000001af8f2c0:   00000000667dc1b0 00007ff800000000
0x000000001af8f2d0:   0000000000000000 0000000000000000
0x000000001af8f2e0:   fffffffffffffffe 0000000000000000
0x000000001af8f2f0:   0000000000000001 00000000667a0000
0x000000001af8f300:   00000000050a1638 00000000667c48dc
0x000000001af8f310:   000000001af8f388 00007ff86f3ed157
0x000000001af8f320:   0000000000000000 000000001af8f398
0x000000001af8f330:   0000000019d15400 00007ff86f4c70e0
0x000000001af8f340:   0000000000000000 00007ff86f3f16ee
0x000000001af8f350:   0000000000000000 0000000000000001
0x000000001af8f360:   0000000000000001 000000001af8f388
0x000000001af8f370:   0000000000000000 00000000667c4752 

Instructions: (pc=0x00000000667c78b0)
0x00000000667c7890:   40 53 48 83 ec 30 48 c7 44 24 20 fe ff ff ff 48
0x00000000667c78a0:   8b 1d 7a 72 01 00 48 85 db 74 16 e8 00 81 ff ff
0x00000000667c78b0:   4c 8b 00 48 8b d3 48 8b c8 41 ff 90 b0 00 00 00
0x00000000667c78c0:   90 48 83 c4 30 5b c3 cc cc cc cc cc cc cc cc cc 


Register to memory mapping:

RAX=0x0000000000000000 is an unknown value
RBX=0x000000001c591c10 is a global jni handle
RCX=0x0000000019e07800 is an unknown value
RDX=0x0000000067edc658 is an unknown value
RSP=0x000000001af8f280 is an unknown value
RBP=0x00000000032766f8 is an unknown value
RSI=0x00000000032766d0 is an unknown value
RDI=0x0000cd7b29d3837f is an unknown value
R8 =0x0000000000010002 is an unknown value
R9 =0x000000000000003f is an unknown value
R10=0x0000cd7b29d3837f is an unknown value
R11=0x000000001af8f180 is an unknown value
R12=0x0000000000000000 is an unknown value
R13=0x0000000000000040 is an unknown value
R14=0x000000001af8f398 is an unknown value
R15=0x00000000032766d0 is an unknown value


Stack: [0x000000001ae90000,0x000000001af90000],  sp=0x000000001af8f280,  free space=1020k
Native frames: (J=compiled Java code, j=interpreted, Vv=VM code, C=native code)
C  [glass.dll+0x278b0]
C  [ucrtbase.dll+0x185f3]
C  [ucrtbase.dll+0xd157]
C  [ucrtbase.dll+0x116ee]
C  [glass.dll+0x24752]
C  [glass.dll+0x24850]
C  [ntdll.dll+0x11493]
C  [ntdll.dll+0x406b5]
C  [ntdll.dll+0x40574]
C  [KERNEL32.DLL+0xf06a]
C  [msvcr100.dll+0x20ccd]
V  [jvm.dll+0x212a95]
V  [jvm.dll+0x24b9a7]
V  [jvm.dll+0x24ac46]
V  [jvm.dll+0x24b0e1]
V  [jvm.dll+0x24b2fe]
V  [jvm.dll+0x29c3ea]
C  [msvcr100.dll+0x21d9f]
C  [msvcr100.dll+0x21e3b]
C  [KERNEL32.DLL+0x11fe4]
C  [ntdll.dll+0x6efb1]

VM_Operation (0x000000001ca8a430): Exit, mode: safepoint, requested by thread 0x000000001be96000


---------------  P R O C E S S  ---------------

Java Threads: ( => current thread )
  0x0000000025750800 JavaThread "Glass/Prism Shutdown Hook" [_thread_blocked, id=12544, stack(0x0000000027590000,0x0000000027690000)]
  0x000000002182c800 JavaThread "Prism Font Disposer" daemon [_thread_blocked, id=5792, stack(0x0000000024080000,0x0000000024180000)]
  0x000000001beb9800 JavaThread "JavaFX-Launcher" [_thread_blocked, id=15196, stack(0x0000000021160000,0x0000000021260000)]
  0x000000001bf20000 JavaThread "Thread-2" daemon [_thread_in_native, id=9708, stack(0x0000000021060000,0x0000000021160000)]
  0x000000001be96000 JavaThread "JavaFX Application Thread" [_thread_blocked, id=14512, stack(0x000000001c990000,0x000000001ca90000)]
  0x000000001be84800 JavaThread "Thread-1" daemon [_thread_blocked, id=12176, stack(0x000000001c890000,0x000000001c990000)]
  0x000000001bb7d800 JavaThread "QuantumRenderer-0" daemon [_thread_blocked, id=6984, stack(0x000000001c680000,0x000000001c780000)]
  0x000000001b7bc000 JavaThread "Service Thread" daemon [_thread_blocked, id=15204, stack(0x000000001bb80000,0x000000001bc80000)]
  0x0000000019e4b000 JavaThread "C1 CompilerThread2" daemon [_thread_blocked, id=3216, stack(0x000000001b680000,0x000000001b780000)]
  0x0000000019e44000 JavaThread "C2 CompilerThread1" daemon [_thread_blocked, id=8544, stack(0x000000001b580000,0x000000001b680000)]
  0x0000000019e41800 JavaThread "C2 CompilerThread0" daemon [_thread_blocked, id=2452, stack(0x000000001b480000,0x000000001b580000)]
  0x0000000019e40000 JavaThread "Attach Listener" daemon [_thread_blocked, id=16056, stack(0x000000001b380000,0x000000001b480000)]
  0x0000000019e3e800 JavaThread "Signal Dispatcher" daemon [_thread_blocked, id=12216, stack(0x000000001b280000,0x000000001b380000)]
  0x00000000052ad800 JavaThread "Finalizer" daemon [_thread_blocked, id=8376, stack(0x000000001b090000,0x000000001b190000)]
  0x00000000052a3000 JavaThread "Reference Handler" daemon [_thread_blocked, id=2392, stack(0x000000001af90000,0x000000001b090000)]
  0x00000000051b3800 JavaThread "main" [_thread_blocked, id=12992, stack(0x00000000050b0000,0x00000000051b0000)]

Other Threads:
=>0x0000000019e07800 VMThread [stack: 0x000000001ae90000,0x000000001af90000] [id=12168]

VM state:at safepoint (shutting down)

VM Mutex/Monitor currently owned by a thread:  ([mutex/lock_event])
[0x00000000051b0dd0] Threads_lock - owner thread: 0x0000000019e07800

Heap:
 PSYoungGen      total 103424K, used 47544K [0x00000000d5b00000, 0x00000000def80000, 0x0000000100000000)
  eden space 98304K, 43% used [0x00000000d5b00000,0x00000000d8496298,0x00000000dbb00000)
  from space 5120K, 96% used [0x00000000dea80000,0x00000000def57fd8,0x00000000def80000)
  to   space 13312K, 0% used [0x00000000dd580000,0x00000000dd580000,0x00000000de280000)
 ParOldGen       total 74752K, used 16690K [0x0000000081000000, 0x0000000085900000, 0x00000000d5b00000)
  object space 74752K, 22% used [0x0000000081000000,0x000000008204ca90,0x0000000085900000)
 Metaspace       used 27285K, capacity 29132K, committed 29184K, reserved 1075200K
  class space    used 4004K, capacity 4331K, committed 4352K, reserved 1048576K

Card table byte_map: [0x0000000014670000,0x0000000014a70000] byte_map_base: 0x0000000014268000

Marking Bits: (ParMarkBitMap*) 0x00000000680cd850
 Begin Bits: [0x0000000015120000, 0x00000000170e0000)
 End Bits:   [0x00000000170e0000, 0x00000000190a0000)

Polling page: 0x0000000000df0000

CodeCache: size=245760Kb used=13306Kb max_used=13306Kb free=232453Kb
 bounds [0x00000000052b0000, 0x0000000005fc0000, 0x00000000142b0000]
 total_blobs=5077 nmethods=4341 adapters=647
 compilation: enabled

Compilation events (10 events):
Event: 6.962 Thread 0x0000000019e4b000 4359       1       javafx.scene.Scene::access$100 (5 bytes)
Event: 6.962 Thread 0x0000000019e4b000 nmethod 4359 0x0000000005fb43d0 code [0x0000000005fb4520, 0x0000000005fb4610]
Event: 6.998 Thread 0x0000000019e4b000 4360   !   2       javafx.scene.Node::impl_pickNode (130 bytes)
Event: 7.000 Thread 0x0000000019e4b000 nmethod 4360 0x0000000005fb4690 code [0x0000000005fb4860, 0x0000000005fb4d28]
Event: 7.000 Thread 0x0000000019e4b000 4361       2       javafx.scene.Node::isMouseTransparent (19 bytes)
Event: 7.000 Thread 0x0000000019e4b000 nmethod 4361 0x0000000005fb5410 code [0x0000000005fb5580, 0x0000000005fb5768]
Event: 7.002 Thread 0x0000000019e4b000 4362       2       javafx.scene.Node::localToScene (46 bytes)
Event: 7.003 Thread 0x0000000019e4b000 nmethod 4362 0x0000000005fb5890 code [0x0000000005fb5aa0, 0x0000000005fb6058]
Event: 7.012 Thread 0x0000000019e4b000 4364       1       java.util.logging.LogManager::access$500 (5 bytes)
Event: 7.013 Thread 0x0000000019e4b000 nmethod 4364 0x0000000005fb6790 code [0x0000000005fb68e0, 0x0000000005fb69d0]

GC Heap History (10 events):
Event: 1.747 GC heap before
{Heap before GC invocations=3 (full 0):
 PSYoungGen      total 38400K, used 38393K [0x00000000d5b00000, 0x00000000da600000, 0x0000000100000000)
  eden space 33280K, 100% used [0x00000000d5b00000,0x00000000d7b80000,0x00000000d7b80000)
  from space 5120K, 99% used [0x00000000d8080000,0x00000000d857e5b0,0x00000000d8580000)
  to   space 5120K, 0% used [0x00000000d7b80000,0x00000000d7b80000,0x00000000d8080000)
 ParOldGen       total 87552K, used 9154K [0x0000000081000000, 0x0000000086580000, 0x00000000d5b00000)
  object space 87552K, 10% used [0x0000000081000000,0x00000000818f0bd0,0x0000000086580000)
 Metaspace       used 18447K, capacity 19046K, committed 19200K, reserved 1064960K
  class space    used 2588K, capacity 2772K, committed 2816K, reserved 1048576K
Event: 1.757 GC heap after
Heap after GC invocations=3 (full 0):
 PSYoungGen      total 38400K, used 5113K [0x00000000d5b00000, 0x00000000da600000, 0x0000000100000000)
  eden space 33280K, 0% used [0x00000000d5b00000,0x00000000d5b00000,0x00000000d7b80000)
  from space 5120K, 99% used [0x00000000d7b80000,0x00000000d807e590,0x00000000d8080000)
  to   space 5120K, 0% used [0x00000000da100000,0x00000000da100000,0x00000000da600000)
 ParOldGen       total 87552K, used 12658K [0x0000000081000000, 0x0000000086580000, 0x00000000d5b00000)
  object space 87552K, 14% used [0x0000000081000000,0x0000000081c5c848,0x0000000086580000)
 Metaspace       used 18447K, capacity 19046K, committed 19200K, reserved 1064960K
  class space    used 2588K, capacity 2772K, committed 2816K, reserved 1048576K
}
Event: 2.062 GC heap before
{Heap before GC invocations=4 (full 0):
 PSYoungGen      total 38400K, used 38393K [0x00000000d5b00000, 0x00000000da600000, 0x0000000100000000)
  eden space 33280K, 100% used [0x00000000d5b00000,0x00000000d7b80000,0x00000000d7b80000)
  from space 5120K, 99% used [0x00000000d7b80000,0x00000000d807e590,0x00000000d8080000)
  to   space 5120K, 0% used [0x00000000da100000,0x00000000da100000,0x00000000da600000)
 ParOldGen       total 87552K, used 12658K [0x0000000081000000, 0x0000000086580000, 0x00000000d5b00000)
  object space 87552K, 14% used [0x0000000081000000,0x0000000081c5c848,0x0000000086580000)
 Metaspace       used 19880K, capacity 20800K, committed 20992K, reserved 1067008K
  class space    used 2868K, capacity 3063K, committed 3072K, reserved 1048576K
Event: 2.070 GC heap after
Heap after GC invocations=4 (full 0):
 PSYoungGen      total 71680K, used 5088K [0x00000000d5b00000, 0x00000000da600000, 0x0000000100000000)
  eden space 66560K, 0% used [0x00000000d5b00000,0x00000000d5b00000,0x00000000d9c00000)
  from space 5120K, 99% used [0x00000000da100000,0x00000000da5f81e0,0x00000000da600000)
  to   space 5120K, 0% used [0x00000000d9c00000,0x00000000d9c00000,0x00000000da100000)
 ParOldGen       total 87552K, used 13660K [0x0000000081000000, 0x0000000086580000, 0x00000000d5b00000)
  object space 87552K, 15% used [0x0000000081000000,0x0000000081d572e8,0x0000000086580000)
 Metaspace       used 19880K, capacity 20800K, committed 20992K, reserved 1067008K
  class space    used 2868K, capacity 3063K, committed 3072K, reserved 1048576K
}
Event: 2.198 GC heap before
{Heap before GC invocations=5 (full 0):
 PSYoungGen      total 71680K, used 26848K [0x00000000d5b00000, 0x00000000da600000, 0x0000000100000000)
  eden space 66560K, 32% used [0x00000000d5b00000,0x00000000d703ff98,0x00000000d9c00000)
  from space 5120K, 99% used [0x00000000da100000,0x00000000da5f81e0,0x00000000da600000)
  to   space 5120K, 0% used [0x00000000d9c00000,0x00000000d9c00000,0x00000000da100000)
 ParOldGen       total 87552K, used 13660K [0x0000000081000000, 0x0000000086580000, 0x00000000d5b00000)
  object space 87552K, 15% used [0x0000000081000000,0x0000000081d572e8,0x0000000086580000)
 Metaspace       used 20280K, capacity 21262K, committed 21296K, reserved 1067008K
  class space    used 2958K, capacity 3168K, committed 3200K, reserved 1048576K
Event: 2.204 GC heap after
Heap after GC invocations=5 (full 0):
 PSYoungGen      total 71680K, used 5104K [0x00000000d5b00000, 0x00000000df800000, 0x0000000100000000)
  eden space 66560K, 0% used [0x00000000d5b00000,0x00000000d5b00000,0x00000000d9c00000)
  from space 5120K, 99% used [0x00000000d9c00000,0x00000000da0fc1f0,0x00000000da100000)
  to   space 13824K, 0% used [0x00000000dea80000,0x00000000dea80000,0x00000000df800000)
 ParOldGen       total 87552K, used 13956K [0x0000000081000000, 0x0000000086580000, 0x00000000d5b00000)
  object space 87552K, 15% used [0x0000000081000000,0x0000000081da12e8,0x0000000086580000)
 Metaspace       used 20280K, capacity 21262K, committed 21296K, reserved 1067008K
  class space    used 2958K, capacity 3168K, committed 3200K, reserved 1048576K
}
Event: 2.204 GC heap before
{Heap before GC invocations=6 (full 1):
 PSYoungGen      total 71680K, used 5104K [0x00000000d5b00000, 0x00000000df800000, 0x0000000100000000)
  eden space 66560K, 0% used [0x00000000d5b00000,0x00000000d5b00000,0x00000000d9c00000)
  from space 5120K, 99% used [0x00000000d9c00000,0x00000000da0fc1f0,0x00000000da100000)
  to   space 13824K, 0% used [0x00000000dea80000,0x00000000dea80000,0x00000000df800000)
 ParOldGen       total 87552K, used 13956K [0x0000000081000000, 0x0000000086580000, 0x00000000d5b00000)
  object space 87552K, 15% used [0x0000000081000000,0x0000000081da12e8,0x0000000086580000)
 Metaspace       used 20280K, capacity 21262K, committed 21296K, reserved 1067008K
  class space    used 2958K, capacity 3168K, committed 3200K, reserved 1048576K
Event: 2.247 GC heap after
Heap after GC invocations=6 (full 1):
 PSYoungGen      total 71680K, used 0K [0x00000000d5b00000, 0x00000000df800000, 0x0000000100000000)
  eden space 66560K, 0% used [0x00000000d5b00000,0x00000000d5b00000,0x00000000d9c00000)
  from space 5120K, 0% used [0x00000000d9c00000,0x00000000d9c00000,0x00000000da100000)
  to   space 13824K, 0% used [0x00000000dea80000,0x00000000dea80000,0x00000000df800000)
 ParOldGen       total 74752K, used 16682K [0x0000000081000000, 0x0000000085900000, 0x00000000d5b00000)
  object space 74752K, 22% used [0x0000000081000000,0x000000008204aa90,0x0000000085900000)
 Metaspace       used 20280K, capacity 21262K, committed 21296K, reserved 1067008K
  class space    used 2958K, capacity 3168K, committed 3200K, reserved 1048576K
}
Event: 4.809 GC heap before
{Heap before GC invocations=7 (full 1):
 PSYoungGen      total 71680K, used 66560K [0x00000000d5b00000, 0x00000000df800000, 0x0000000100000000)
  eden space 66560K, 100% used [0x00000000d5b00000,0x00000000d9c00000,0x00000000d9c00000)
  from space 5120K, 0% used [0x00000000d9c00000,0x00000000d9c00000,0x00000000da100000)
  to   space 13824K, 0% used [0x00000000dea80000,0x00000000dea80000,0x00000000df800000)
 ParOldGen       total 74752K, used 16682K [0x0000000081000000, 0x0000000085900000, 0x00000000d5b00000)
  object space 74752K, 22% used [0x0000000081000000,0x000000008204aa90,0x0000000085900000)
 Metaspace       used 25140K, capacity 26860K, committed 26880K, reserved 1073152K
  class space    used 3794K, capacity 4093K, committed 4096K, reserved 1048576K
Event: 4.816 GC heap after
Heap after GC invocations=7 (full 1):
 PSYoungGen      total 103424K, used 4959K [0x00000000d5b00000, 0x00000000def80000, 0x0000000100000000)
  eden space 98304K, 0% used [0x00000000d5b00000,0x00000000d5b00000,0x00000000dbb00000)
  from space 5120K, 96% used [0x00000000dea80000,0x00000000def57fd8,0x00000000def80000)
  to   space 13312K, 0% used [0x00000000dd580000,0x00000000dd580000,0x00000000de280000)
 ParOldGen       total 74752K, used 16690K [0x0000000081000000, 0x0000000085900000, 0x00000000d5b00000)
  object space 74752K, 22% used [0x0000000081000000,0x000000008204ca90,0x0000000085900000)
 Metaspace       used 25140K, capacity 26860K, committed 26880K, reserved 1073152K
  class space    used 3794K, capacity 4093K, committed 4096K, reserved 1048576K
}

Deoptimization events (10 events):
Event: 5.772 Thread 0x000000001bb7d800 Uncommon trap: reason=bimorphic action=maybe_recompile pc=0x0000000005cd88ac method=java.util.WeakHashMap.eq(Ljava/lang/Object;Ljava/lang/Object;)Z @ 7
Event: 5.774 Thread 0x000000001bb7d800 Uncommon trap: reason=bimorphic action=maybe_recompile pc=0x0000000005cd88ac method=java.util.WeakHashMap.eq(Ljava/lang/Object;Ljava/lang/Object;)Z @ 7
Event: 5.775 Thread 0x000000001bb7d800 Uncommon trap: reason=bimorphic action=maybe_recompile pc=0x0000000005cd88ac method=java.util.WeakHashMap.eq(Ljava/lang/Object;Ljava/lang/Object;)Z @ 7
Event: 5.776 Thread 0x000000001bb7d800 Uncommon trap: reason=bimorphic action=maybe_recompile pc=0x0000000005cd88ac method=java.util.WeakHashMap.eq(Ljava/lang/Object;Ljava/lang/Object;)Z @ 7
Event: 5.964 Thread 0x000000001be96000 Uncommon trap: reason=unstable_if action=reinterpret pc=0x0000000005d757b4 method=com.sun.javafx.css.BitSet.retainAll(Ljava/util/Collection;)Z @ 89
Event: 5.967 Thread 0x000000001be96000 Uncommon trap: reason=unstable_if action=reinterpret pc=0x0000000005e43c2c method=java.lang.StrictMath.floorOrCeil(DDDD)D @ 24
Event: 5.976 Thread 0x000000001be96000 Uncommon trap: reason=unstable_if action=reinterpret pc=0x0000000005e17e54 method=javafx.scene.Node.markDirtyLayoutBranch()V @ 16
Event: 5.980 Thread 0x000000001be96000 Uncommon trap: reason=unstable_if action=reinterpret pc=0x0000000005a8c504 method=java.util.EnumMap.isValidKey(Ljava/lang/Object;)Z @ 16
Event: 5.982 Thread 0x000000001be96000 Uncommon trap: reason=unstable_if action=reinterpret pc=0x0000000005df45b0 method=javafx.scene.Node.impl_isDirtyEmpty()Z @ 4
Event: 6.017 Thread 0x000000001be96000 Uncommon trap: reason=unstable_if action=reinterpret pc=0x00000000056c5828 method=jdk.internal.org.objectweb.asm.Type.getArgumentsAndReturnSizes(Ljava/lang/String;)I @ 47

Internal exceptions (10 events):
Event: 2.054 Thread 0x000000001be96000 Implicit null exception at 0x000000000564e6d8 to 0x000000000564e766
Event: 3.195 Thread 0x000000001be96000 Exception <a 'java/net/SocketTimeoutException': connect timed out> (0x00000000d8515410) thrown at [C:\re\workspace\8-2-build-windows-amd64-cygwin\jdk8u151\9699\hotspot\src\share\vm\prims\jni.cpp, line 735]
Event: 3.696 Thread 0x000000001be96000 Exception <a 'java/net/SocketTimeoutException': connect timed out> (0x00000000d85177c8) thrown at [C:\re\workspace\8-2-build-windows-amd64-cygwin\jdk8u151\9699\hotspot\src\share\vm\prims\jni.cpp, line 735]
Event: 4.197 Thread 0x000000001be96000 Exception <a 'java/net/SocketTimeoutException': connect timed out> (0x00000000d8519af8) thrown at [C:\re\workspace\8-2-build-windows-amd64-cygwin\jdk8u151\9699\hotspot\src\share\vm\prims\jni.cpp, line 735]
Event: 4.282 Thread 0x000000001be96000 Exception <a 'java/lang/NoSuchMethodError': com.google.api.client.googleapis.services.json.AbstractGoogleJsonClient$Builder.setBatchPath(Ljava/lang/String;)Lcom/google/api/client/googleapis/services/AbstractGoogleClient$Builder;> (0x00000000d8a8a8b8) thro
Event: 4.282 Thread 0x000000001be96000 Exception <a 'java/lang/reflect/InvocationTargetException'> (0x00000000d8a8aac0) thrown at [C:\re\workspace\8-2-build-windows-amd64-cygwin\jdk8u151\9699\hotspot\src\share\vm\runtime\reflection.cpp, line 1092]
Event: 5.116 Thread 0x000000001be96000 Implicit null exception at 0x0000000005cb5e0e to 0x0000000005cb7739
Event: 5.608 Thread 0x000000001bb7d800 Implicit null exception at 0x0000000005af1dd4 to 0x0000000005af4f45
Event: 5.661 Thread 0x000000001bb7d800 Implicit null exception at 0x0000000005ad5aa4 to 0x0000000005ad8ee9
Event: 7.015 Thread 0x0000000025750800 Exception <a 'java/lang/IllegalStateException'> (0x00000000d82b0db0) thrown at [C:\re\workspace\8-2-build-windows-amd64-cygwin\jdk8u151\9699\hotspot\src\share\vm\prims\jvm.cpp, line 1394]

Events (10 events):
Event: 7.008 loading class java/util/IdentityHashMap$KeyIterator
Event: 7.008 loading class java/util/IdentityHashMap$KeyIterator done
Event: 7.008 Thread 0x0000000025750800 Thread added: 0x0000000025750800
Event: 7.008 Thread 0x0000000025b42000 Thread added: 0x0000000025b42000
Event: 7.011 loading class com/sun/javafx/tk/quantum/QuantumRenderer
Event: 7.011 loading class com/sun/javafx/tk/quantum/QuantumRenderer done
Event: 7.012 Thread 0x0000000025b42000 Thread exited: 0x0000000025b42000
Event: 7.014 loading class com/sun/javafx/tk/quantum/QuantumToolkit
Event: 7.014 loading class com/sun/javafx/tk/quantum/QuantumToolkit done
Event: 7.015 Executing VM operation: Exit


Dynamic libraries:
0x00007ff71cf40000 - 0x00007ff71cf77000 	C:\Program Files\Java\jre1.8.0_151\bin\javaw.exe
0x00007ff872f70000 - 0x00007ff873150000 	C:\WINDOWS\SYSTEM32\ntdll.dll
0x00007ff8706d0000 - 0x00007ff87077e000 	C:\WINDOWS\System32\KERNEL32.DLL
0x00007ff86f4e0000 - 0x00007ff86f746000 	C:\WINDOWS\System32\KERNELBASE.dll
0x00007ff872ad0000 - 0x00007ff872b71000 	C:\WINDOWS\System32\ADVAPI32.dll
0x00007ff872e50000 - 0x00007ff872eed000 	C:\WINDOWS\System32\msvcrt.dll
0x00007ff870810000 - 0x00007ff87086b000 	C:\WINDOWS\System32\sechost.dll
0x00007ff870e60000 - 0x00007ff870f7f000 	C:\WINDOWS\System32\RPCRT4.dll
0x00007ff8710d0000 - 0x00007ff87125f000 	C:\WINDOWS\System32\USER32.dll
0x00007ff86f3c0000 - 0x00007ff86f3e0000 	C:\WINDOWS\System32\win32u.dll
0x00007ff8712d0000 - 0x00007ff8712f8000 	C:\WINDOWS\System32\GDI32.dll
0x00007ff86f8e0000 - 0x00007ff86fa73000 	C:\WINDOWS\System32\gdi32full.dll
0x00007ff8703a0000 - 0x00007ff87043b000 	C:\WINDOWS\System32\msvcp_win.dll
0x00007ff86f3e0000 - 0x00007ff86f4d6000 	C:\WINDOWS\System32\ucrtbase.dll
0x00007ff8685a0000 - 0x00007ff868809000 	C:\WINDOWS\WinSxS\amd64_microsoft.windows.common-controls_6595b64144ccf1df_6.0.16299.192_none_15c8cdae9364c23b\COMCTL32.dll
0x00007ff871300000 - 0x00007ff871608000 	C:\WINDOWS\System32\combase.dll
0x00007ff86f800000 - 0x00007ff86f872000 	C:\WINDOWS\System32\bcryptPrimitives.dll
0x00007ff872f00000 - 0x00007ff872f2d000 	C:\WINDOWS\System32\IMM32.DLL
0x0000000067140000 - 0x0000000067212000 	C:\Program Files\Java\jre1.8.0_151\bin\msvcr100.dll
0x00000000678b0000 - 0x000000006814d000 	C:\Program Files\Java\jre1.8.0_151\bin\server\jvm.dll
0x00007ff872f30000 - 0x00007ff872f38000 	C:\WINDOWS\System32\PSAPI.DLL
0x00007ff868fb0000 - 0x00007ff868fd3000 	C:\WINDOWS\SYSTEM32\WINMM.dll
0x00007ff867670000 - 0x00007ff86767a000 	C:\WINDOWS\SYSTEM32\VERSION.dll
0x00007ff864f90000 - 0x00007ff864f99000 	C:\WINDOWS\SYSTEM32\WSOCK32.dll
0x00007ff871260000 - 0x00007ff8712cc000 	C:\WINDOWS\System32\WS2_32.dll
0x00007ff868f80000 - 0x00007ff868faa000 	C:\WINDOWS\SYSTEM32\WINMMBASE.dll
0x00007ff86f370000 - 0x00007ff86f3ba000 	C:\WINDOWS\System32\cfgmgr32.dll
0x00000000678a0000 - 0x00000000678af000 	C:\Program Files\Java\jre1.8.0_151\bin\verify.dll
0x0000000067870000 - 0x0000000067899000 	C:\Program Files\Java\jre1.8.0_151\bin\java.dll
0x0000000067850000 - 0x0000000067866000 	C:\Program Files\Java\jre1.8.0_151\bin\zip.dll
0x00007ff871630000 - 0x00007ff872a66000 	C:\WINDOWS\System32\SHELL32.dll
0x00007ff870440000 - 0x00007ff8704e6000 	C:\WINDOWS\System32\shcore.dll
0x00007ff86fc50000 - 0x00007ff870397000 	C:\WINDOWS\System32\windows.storage.dll
0x00007ff872a70000 - 0x00007ff872ac1000 	C:\WINDOWS\System32\shlwapi.dll
0x00007ff86f300000 - 0x00007ff86f311000 	C:\WINDOWS\System32\kernel.appcore.dll
0x00007ff86f320000 - 0x00007ff86f36c000 	C:\WINDOWS\System32\powrprof.dll
0x00007ff86f2e0000 - 0x00007ff86f2fb000 	C:\WINDOWS\System32\profapi.dll
0x0000000003230000 - 0x0000000003233000 	C:\Program Files\Java\jre1.8.0_151\bin\api-ms-win-core-console-l1-1-0.dll
0x0000000003670000 - 0x0000000003673000 	C:\Program Files\Java\jre1.8.0_151\bin\api-ms-win-core-datetime-l1-1-0.dll
0x0000000003680000 - 0x0000000003683000 	C:\Program Files\Java\jre1.8.0_151\bin\api-ms-win-core-debug-l1-1-0.dll
0x0000000003690000 - 0x0000000003693000 	C:\Program Files\Java\jre1.8.0_151\bin\api-ms-win-core-errorhandling-l1-1-0.dll
0x00000000036a0000 - 0x00000000036a4000 	C:\Program Files\Java\jre1.8.0_151\bin\api-ms-win-core-file-l1-1-0.dll
0x00000000036b0000 - 0x00000000036b3000 	C:\Program Files\Java\jre1.8.0_151\bin\api-ms-win-core-file-l1-2-0.dll
0x00000000036c0000 - 0x00000000036c3000 	C:\Program Files\Java\jre1.8.0_151\bin\api-ms-win-core-file-l2-1-0.dll
0x00000000036d0000 - 0x00000000036d3000 	C:\Program Files\Java\jre1.8.0_151\bin\api-ms-win-core-handle-l1-1-0.dll
0x00000000036e0000 - 0x00000000036e3000 	C:\Program Files\Java\jre1.8.0_151\bin\api-ms-win-core-heap-l1-1-0.dll
0x0000000004ea0000 - 0x0000000004ea3000 	C:\Program Files\Java\jre1.8.0_151\bin\api-ms-win-core-interlocked-l1-1-0.dll
0x0000000004eb0000 - 0x0000000004eb3000 	C:\Program Files\Java\jre1.8.0_151\bin\api-ms-win-core-libraryloader-l1-1-0.dll
0x0000000004ec0000 - 0x0000000004ec3000 	C:\Program Files\Java\jre1.8.0_151\bin\api-ms-win-core-localization-l1-2-0.dll
0x0000000004ed0000 - 0x0000000004ed3000 	C:\Program Files\Java\jre1.8.0_151\bin\api-ms-win-core-memory-l1-1-0.dll
0x0000000004ee0000 - 0x0000000004ee3000 	C:\Program Files\Java\jre1.8.0_151\bin\api-ms-win-core-namedpipe-l1-1-0.dll
0x0000000004ef0000 - 0x0000000004ef3000 	C:\Program Files\Java\jre1.8.0_151\bin\api-ms-win-core-processenvironment-l1-1-0.dll
0x0000000004f00000 - 0x0000000004f03000 	C:\Program Files\Java\jre1.8.0_151\bin\api-ms-win-core-processthreads-l1-1-0.dll
0x0000000004f10000 - 0x0000000004f13000 	C:\Program Files\Java\jre1.8.0_151\bin\api-ms-win-core-processthreads-l1-1-1.dll
0x0000000004f20000 - 0x0000000004f23000 	C:\Program Files\Java\jre1.8.0_151\bin\api-ms-win-core-profile-l1-1-0.dll
0x0000000004f30000 - 0x0000000004f33000 	C:\Program Files\Java\jre1.8.0_151\bin\api-ms-win-core-rtlsupport-l1-1-0.dll
0x0000000004f40000 - 0x0000000004f43000 	C:\Program Files\Java\jre1.8.0_151\bin\api-ms-win-core-string-l1-1-0.dll
0x0000000004f50000 - 0x0000000004f53000 	C:\Program Files\Java\jre1.8.0_151\bin\api-ms-win-core-synch-l1-1-0.dll
0x0000000005070000 - 0x0000000005073000 	C:\Program Files\Java\jre1.8.0_151\bin\api-ms-win-core-synch-l1-2-0.dll
0x0000000005080000 - 0x0000000005083000 	C:\Program Files\Java\jre1.8.0_151\bin\api-ms-win-core-sysinfo-l1-1-0.dll
0x0000000005090000 - 0x0000000005093000 	C:\Program Files\Java\jre1.8.0_151\bin\api-ms-win-core-timezone-l1-1-0.dll
0x000000001bd80000 - 0x000000001bd83000 	C:\Program Files\Java\jre1.8.0_151\bin\api-ms-win-core-util-l1-1-0.dll
0x000000001bd90000 - 0x000000001bd93000 	C:\Program Files\Java\jre1.8.0_151\bin\api-ms-win-crt-conio-l1-1-0.dll
0x000000001bda0000 - 0x000000001bda4000 	C:\Program Files\Java\jre1.8.0_151\bin\api-ms-win-crt-convert-l1-1-0.dll
0x000000001bdb0000 - 0x000000001bdb3000 	C:\Program Files\Java\jre1.8.0_151\bin\api-ms-win-crt-environment-l1-1-0.dll
0x000000001bdc0000 - 0x000000001bdc3000 	C:\Program Files\Java\jre1.8.0_151\bin\api-ms-win-crt-filesystem-l1-1-0.dll
0x000000001bdd0000 - 0x000000001bdd3000 	C:\Program Files\Java\jre1.8.0_151\bin\api-ms-win-crt-heap-l1-1-0.dll
0x000000001bde0000 - 0x000000001bde3000 	C:\Program Files\Java\jre1.8.0_151\bin\api-ms-win-crt-locale-l1-1-0.dll
0x000000001bdf0000 - 0x000000001bdf5000 	C:\Program Files\Java\jre1.8.0_151\bin\api-ms-win-crt-math-l1-1-0.dll
0x000000001be00000 - 0x000000001be05000 	C:\Program Files\Java\jre1.8.0_151\bin\api-ms-win-crt-multibyte-l1-1-0.dll
0x000000001be10000 - 0x000000001be20000 	C:\Program Files\Java\jre1.8.0_151\bin\api-ms-win-crt-private-l1-1-0.dll
0x000000001be20000 - 0x000000001be23000 	C:\Program Files\Java\jre1.8.0_151\bin\api-ms-win-crt-process-l1-1-0.dll
0x000000001be30000 - 0x000000001be34000 	C:\Program Files\Java\jre1.8.0_151\bin\api-ms-win-crt-runtime-l1-1-0.dll
0x000000001be40000 - 0x000000001be44000 	C:\Program Files\Java\jre1.8.0_151\bin\api-ms-win-crt-stdio-l1-1-0.dll
0x000000001be50000 - 0x000000001be54000 	C:\Program Files\Java\jre1.8.0_151\bin\api-ms-win-crt-string-l1-1-0.dll
0x000000001be60000 - 0x000000001be63000 	C:\Program Files\Java\jre1.8.0_151\bin\api-ms-win-crt-time-l1-1-0.dll
0x000000001be70000 - 0x000000001be73000 	C:\Program Files\Java\jre1.8.0_151\bin\api-ms-win-crt-utility-l1-1-0.dll
0x00007ff8341c0000 - 0x00007ff8342b6000 	C:\Program Files\Java\jre1.8.0_151\bin\ucrtbase.dll
0x00007ff862de0000 - 0x00007ff862e31000 	C:\Program Files\Java\jre1.8.0_151\bin\concrt140.dll
0x00007ff8597c0000 - 0x00007ff85985c000 	C:\Program Files\Java\jre1.8.0_151\bin\MSVCP140.dll
0x00007ff869a00000 - 0x00007ff869a16000 	C:\Program Files\Java\jre1.8.0_151\bin\VCRUNTIME140.dll
0x00000000667f0000 - 0x0000000066813000 	C:\Program Files\Java\jre1.8.0_151\bin\prism_d3d.dll
0x00007ff848dc0000 - 0x00007ff848f55000 	C:\WINDOWS\system32\d3d9.dll
0x00007ff86de30000 - 0x00007ff86de5a000 	C:\WINDOWS\SYSTEM32\dwmapi.dll
0x00007ff86dd60000 - 0x00007ff86ddf5000 	C:\WINDOWS\system32\uxtheme.dll
0x00007ff8704f0000 - 0x00007ff8705b5000 	C:\WINDOWS\System32\OLEAUT32.dll
0x00007ff870f80000 - 0x00007ff8710c9000 	C:\WINDOWS\System32\ole32.dll
0x00000000667a0000 - 0x00000000667e9000 	C:\Program Files\Java\jre1.8.0_151\bin\glass.dll
0x00007ff8705c0000 - 0x00007ff8706ca000 	C:\WINDOWS\System32\COMDLG32.dll
0x00007ff872b80000 - 0x00007ff872ce7000 	C:\WINDOWS\System32\MSCTF.dll
0x0000000066780000 - 0x0000000066794000 	C:\Program Files\Java\jre1.8.0_151\bin\javafx_font.dll
0x00007ff84e800000 - 0x00007ff84eb0f000 	C:\WINDOWS\SYSTEM32\dwrite.dll
0x00000000677e0000 - 0x0000000067804000 	C:\Program Files\Java\jre1.8.0_151\bin\sunec.dll
0x0000000067830000 - 0x000000006784a000 	C:\Program Files\Java\jre1.8.0_151\bin\net.dll
0x00007ff86eaf0000 - 0x00007ff86eb56000 	C:\WINDOWS\system32\mswsock.dll
0x00007ff86e880000 - 0x00007ff86e8b9000 	C:\WINDOWS\SYSTEM32\IPHLPAPI.DLL
0x00007ff872ef0000 - 0x00007ff872ef8000 	C:\WINDOWS\System32\NSI.dll
0x00007ff869370000 - 0x00007ff869386000 	C:\WINDOWS\SYSTEM32\dhcpcsvc6.DLL
0x00007ff869550000 - 0x00007ff86956a000 	C:\WINDOWS\SYSTEM32\dhcpcsvc.DLL
0x0000000067810000 - 0x0000000067821000 	C:\Program Files\Java\jre1.8.0_151\bin\nio.dll
0x00007ff872db0000 - 0x00007ff872e4e000 	C:\WINDOWS\System32\clbcatq.dll
0x00007ff861340000 - 0x00007ff8614eb000 	C:\WINDOWS\SYSTEM32\WindowsCodecs.dll
0x00007ff85df20000 - 0x00007ff85df6f000 	C:\WINDOWS\system32\dataexchange.dll
0x00007ff86c7c0000 - 0x00007ff86caa1000 	C:\WINDOWS\system32\d3d11.dll
0x00007ff86d770000 - 0x00007ff86d8b2000 	C:\WINDOWS\system32\dcomp.dll
0x00007ff86e0e0000 - 0x00007ff86e18f000 	C:\WINDOWS\system32\dxgi.dll
0x00007ff86da60000 - 0x00007ff86dbdb000 	C:\WINDOWS\system32\twinapi.appcore.dll
0x00007ff86dbe0000 - 0x00007ff86dc00000 	C:\WINDOWS\system32\RMCLIENT.dll
0x00007ff86edc0000 - 0x00007ff86ede5000 	C:\WINDOWS\system32\bcrypt.dll
0x00007ff865040000 - 0x00007ff865074000 	C:\Program Files\Common Files\Microsoft Shared\Ink\rtscom.dll
0x00007ff860310000 - 0x00007ff8603a8000 	C:\WINDOWS\System32\TextInputFramework.dll
0x00007ff860020000 - 0x00007ff86030e000 	C:\WINDOWS\System32\CoreUIComponents.dll
0x00007ff86c6e0000 - 0x00007ff86c7bc000 	C:\WINDOWS\System32\CoreMessaging.dll
0x00007ff86e3d0000 - 0x00007ff86e401000 	C:\WINDOWS\SYSTEM32\ntmarta.dll
0x00007ff86bc80000 - 0x00007ff86bdb6000 	C:\WINDOWS\SYSTEM32\wintypes.dll
0x0000000066750000 - 0x0000000066773000 	C:\Program Files\Java\jre1.8.0_151\bin\javafx_iio.dll
0x0000000066730000 - 0x0000000066742000 	C:\Program Files\Java\jre1.8.0_151\bin\prism_common.dll
0x00007ff868cf0000 - 0x00007ff868eb8000 	C:\WINDOWS\SYSTEM32\dbghelp.dll

VM Arguments:
jvm_args: -Dfile.encoding=UTF-8 
java_command: com.jeeves.vpl.Main
java_class_path (initial): C:\Program Files\Java\jre1.8.0_151\lib\resources.jar;C:\Program Files\Java\jre1.8.0_151\lib\rt.jar;C:\Program Files\Java\jre1.8.0_151\lib\jsse.jar;C:\Program Files\Java\jre1.8.0_151\lib\jce.jar;C:\Program Files\Java\jre1.8.0_151\lib\charsets.jar;C:\Program Files\Java\jre1.8.0_151\lib\jfr.jar;C:\Program Files\Java\jre1.8.0_151\lib\ext\access-bridge-64.jar;C:\Program Files\Java\jre1.8.0_151\lib\ext\cldrdata.jar;C:\Program Files\Java\jre1.8.0_151\lib\ext\dnsns.jar;C:\Program Files\Java\jre1.8.0_151\lib\ext\dns_sd.jar;C:\Program Files\Java\jre1.8.0_151\lib\ext\jaccess.jar;C:\Program Files\Java\jre1.8.0_151\lib\ext\jfxrt.jar;C:\Program Files\Java\jre1.8.0_151\lib\ext\localedata.jar;C:\Program Files\Java\jre1.8.0_151\lib\ext\nashorn.jar;C:\Program Files\Java\jre1.8.0_151\lib\ext\sunec.jar;C:\Program Files\Java\jre1.8.0_151\lib\ext\sunjce_provider.jar;C:\Program Files\Java\jre1.8.0_151\lib\ext\sunmscapi.jar;C:\Program Files\Java\jre1.8.0_151\lib\ext\sunpkcs11.jar;C:\Program Files\Java\jre1.8.0_151\lib\ext\zipfs.jar;C:\Users\Cath\Documents\workspace\Jeeves\target\classes;C:\Users\Cath\Documents\workspace\Jeeves\poi-3.15.jar;C:\Users\Cath\Documents\workspace\Jeeves\commons-lang3-3.5.jar;C:\Users\Cath\Documents\workspace\Jeeves\controlsfx-8.40.12.jar;C:\Users\Cath\.m2\repository\commons-codec\commons-codec\1.9\commons-codec-1.9.jar;C:\Users\Cath\.m2\repository\commons-validator\commons-validator\1.4.1\commons-validator-1.4.1.jar;C:\Users\Cath\.m2\repository\commons-beanutils\commons-beanutils\1.8.3\commons-beanutils-1.8.3.jar;C:\Users\Cath\.m2\repository\commons-digester\commons-digester\1.8.1\commons-digester-1.8.1.jar;C:\Users\Cath\.m2\repository\commons-logging\commons-logging\1.2\commons-logging-1.2.jar;C:\Users\Cath\.m2\repository\commons-collections\commons-collections\3.2.1\commons-collections-3.2.1.jar;C:\Users\Cath\.m2\repository\org\apache\shiro\shiro-core\1.3.2\shiro-core-1.3.2.jar;C:\Users\Cath\.m2\repository\org\slf4j\slf4j-api\1.6.4\
Launcher Type: SUN_STANDARD

Environment Variables:
JAVA_HOME=C:\Program Files\Java\jdk1.8.0_151
PATH=C:/Program Files/Java/jre1.8.0_151/bin/server;C:/Program Files/Java/jre1.8.0_151/bin;C:/Program Files/Java/jre1.8.0_151/lib/amd64;C:\ProgramData\Oracle\Java\javapath;C:\WINDOWS\system32;C:\WINDOWS;C:\WINDOWS\System32\Wbem;C:\WINDOWS\System32\WindowsPowerShell\v1.0\;C:\Program Files\Git\cmd;C:\Program Files\Java\jdk1.8.0_151\bin;C:\Users\Cath\AppData\Local\Microsoft\WindowsApps;C:\MinGW\bin;C:\MinGW\msys\1.0\bin;;C:\Users\Cath\Desktop;
USERNAME=Cath
OS=Windows_NT
PROCESSOR_IDENTIFIER=Intel64 Family 6 Model 69 Stepping 1, GenuineIntel



---------------  S Y S T E M  ---------------

OS: Windows 10.0 , 64 bit Build 16299 (10.0.16299.15)

CPU:total 4 (initial active 4) (2 cores per cpu, 2 threads per core) family 6 model 69 stepping 1, cmov, cx8, fxsr, mmx, sse, sse2, sse3, ssse3, sse4.1, sse4.2, popcnt, avx, avx2, aes, clmul, erms, lzcnt, ht, tsc, tscinvbit, bmi1, bmi2

Memory: 4k page, physical 8317080k(1505172k free), swap 14913676k(4480960k free)

vm_info: Java HotSpot(TM) 64-Bit Server VM (25.151-b12) for windows-amd64 JRE (1.8.0_151-b12), built on Sep  5 2017 19:33:46 by "java_re" with MS VC++ 10.0 (VS2010)

time: Wed Jan 10 14:10:07 2018
elapsed time: 7 seconds (0d 0h 0m 7s)

