#
# A fatal error has been detected by the Java Runtime Environment:
#
#  EXCEPTION_ACCESS_VIOLATION (0xc0000005) at pc=0x000000005d95584a, pid=9848, tid=0x0000000000003c80
#
# JRE version: Java(TM) SE Runtime Environment (8.0_121-b13) (build 1.8.0_121-b13)
# Java VM: Java HotSpot(TM) 64-Bit Server VM (25.121-b13 mixed mode windows-amd64 compressed oops)
# Problematic frame:
# C  [glass.dll+0x2584a]
#
# Failed to write core dump. Minidumps are not enabled by default on client versions of Windows
#
# If you would like to submit a bug report, please visit:
#   http://bugreport.java.com/bugreport/crash.jsp
#

---------------  T H R E A D  ---------------

Current thread (0x0000000017746800):  VMThread [stack: 0x00000000187e0000,0x00000000188e0000] [id=15488]

siginfo: ExceptionCode=0xc0000005, reading address 0x0000000000000000

Registers:
RAX=0x0000000000000000, RBX=0x0000000002bbd990, RCX=0x0000000017746800, RDX=0x0000000002bbd990
RSP=0x00000000188df620, RBP=0x0000000000ef87c0, RSI=0x0000000000000001, RDI=0x0000000000000000
R8 =0x0000000000010002, R9 =0x0000000000ef87c0, R10=0x0000000000000000, R11=0x0000000000000246
R12=0x0000000000ef87f0, R13=0x0000000000ef87c0, R14=0x0000000000ef87d0, R15=0x0000000000000000
RIP=0x000000005d95584a, EFLAGS=0x0000000000010206

Top of Stack: (sp=0x00000000188df620)
0x00000000188df620:   0000000000000000 000000005d955900
0x00000000188df630:   0000000000000000 0000000000ef87c0
0x00000000188df640:   000000005d955830 000000005d953224
0x00000000188df650:   000000005d9691b0 00007ffabbd8222c
0x00000000188df660:   0000000000000001 0000000000f1c8d0
0x00000000188df670:   000000005d953384 000000005d930000
0x00000000188df680:   00007ffa183c31b0 000000005d9534a6
0x00000000188df690:   0000000000000001 0000000017655500
0x00000000188df6a0:   0000000000000000 0000000000000000
0x00000000188df6b0:   c000000500000001 00000000188de790
0x00000000188df6c0:   000000005d953384 00007ffa1829a35f
0x00000000188df6d0:   0000000000000000 0000000000000001
0x00000000188df6e0:   000000005d930000 0000000000000000
0x00000000188df6f0:   00008d357ebf6eec 0000000000ed8c50
0x00000000188df700:   00007ffa158c4200 0000000000ea6200
0x00000000188df710:   0000000000ea6200 0000000000edcb30 

Instructions: (pc=0x000000005d95584a)
0x000000005d95582a:   83 c4 20 5d c3 cc 40 53 48 83 ec 20 48 8b 1d cb
0x000000005d95583a:   5b 01 00 48 85 db 74 1a e8 19 93 ff ff 48 8b d3
0x000000005d95584a:   4c 8b 00 48 8b c8 48 83 c4 20 5b 49 ff a0 b0 00
0x000000005d95585a:   00 00 48 83 c4 20 5b c3 cc cc cc cc cc cc cc cc 


Register to memory mapping:

RAX=0x0000000000000000 is an unknown value
RBX=0x0000000002bbd990 is a global jni handle
RCX=0x0000000017746800 is an unknown value
RDX=0x0000000002bbd990 is a global jni handle
RSP=0x00000000188df620 is an unknown value
RBP=0x0000000000ef87c0 is an unknown value
RSI=0x0000000000000001 is an unknown value
RDI=0x0000000000000000 is an unknown value
R8 =0x0000000000010002 is an unknown value
R9 =0x0000000000ef87c0 is an unknown value
R10=0x0000000000000000 is an unknown value
R11=0x0000000000000246 is an unknown value
R12=0x0000000000ef87f0 is an unknown value
R13=0x0000000000ef87c0 is an unknown value
R14=0x0000000000ef87d0 is an unknown value
R15=0x0000000000000000 is an unknown value


Stack: [0x00000000187e0000,0x00000000188e0000],  sp=0x00000000188df620,  free space=1021k
Native frames: (J=compiled Java code, j=interpreted, Vv=VM code, C=native code)
C  [glass.dll+0x2584a]
C  [glass.dll+0x23224]
C  [glass.dll+0x234a6]
C  [ntdll.dll+0x2a35f]
C  [ntdll.dll+0x806b]
C  [ntdll.dll+0x7d94]
C  [KERNEL32.DLL+0x1ce6a]
C  [msvcr100.dll+0x20ccd]
V  [jvm.dll+0x212cb5]
V  [jvm.dll+0x24bd17]
V  [jvm.dll+0x24afb6]
V  [jvm.dll+0x24b451]
V  [jvm.dll+0x24b66e]
V  [jvm.dll+0x29c69a]
C  [msvcr100.dll+0x21d9f]
C  [msvcr100.dll+0x21e3b]
C  [KERNEL32.DLL+0x8364]
C  [ntdll.dll+0x670d1]

VM_Operation (0x000000001a37a9e0): Exit, mode: safepoint, requested by thread 0x00000000196d8800


---------------  P R O C E S S  ---------------

Java Threads: ( => current thread )
  0x000000001faab800 JavaThread "SessionValidationThread-1" daemon [_thread_blocked, id=9324, stack(0x0000000027780000,0x0000000027880000)]
  0x000000001faad000 JavaThread "TubeSockWriter-2" [_thread_blocked, id=8512, stack(0x00000000246c0000,0x00000000247c0000)]
  0x000000001fab0000 JavaThread "TubeSockReader-2" [_thread_in_native, id=7000, stack(0x00000000241c0000,0x00000000242c0000)]
  0x000000001faab000 JavaThread "pool-6-thread-1" [_thread_blocked, id=15848, stack(0x0000000022cf0000,0x0000000022df0000)]
  0x000000001f963800 JavaThread "Prism Font Disposer" daemon [_thread_blocked, id=9524, stack(0x00000000221f0000,0x00000000222f0000)]
  0x0000000019dab800 JavaThread "pool-5-thread-2" [_thread_blocked, id=16948, stack(0x000000001f210000,0x000000001f310000)]
  0x0000000019b25000 JavaThread "FirebaseDatabaseEventTarget" daemon [_thread_blocked, id=17240, stack(0x000000001ef10000,0x000000001f010000)]
  0x0000000019d5a800 JavaThread "pool-5-thread-1" [_thread_blocked, id=4300, stack(0x000000001ee10000,0x000000001ef10000)]
  0x00000000199d2000 JavaThread "FirebaseDatabaseWorker" daemon [_thread_blocked, id=12524, stack(0x000000001eb10000,0x000000001ec10000)]
  0x000000001979c800 JavaThread "JavaFX-Launcher" [_thread_blocked, id=10680, stack(0x000000001ea10000,0x000000001eb10000)]
  0x000000001979e000 JavaThread "Thread-2" daemon [_thread_in_native, id=16688, stack(0x000000001e910000,0x000000001ea10000)]
  0x00000000196d8800 JavaThread "JavaFX Application Thread" [_thread_blocked, id=10484, stack(0x000000001a280000,0x000000001a380000)]
  0x00000000194ae000 JavaThread "Thread-1" daemon [_thread_blocked, id=12544, stack(0x000000001a180000,0x000000001a280000)]
  0x000000001949b800 JavaThread "QuantumRenderer-0" daemon [_thread_blocked, id=11192, stack(0x0000000019ed0000,0x0000000019fd0000)]
  0x00000000177dd800 JavaThread "Service Thread" daemon [_thread_blocked, id=10740, stack(0x00000000194d0000,0x00000000195d0000)]
  0x000000001778c000 JavaThread "C1 CompilerThread2" daemon [_thread_blocked, id=8200, stack(0x0000000018fd0000,0x00000000190d0000)]
  0x0000000017782800 JavaThread "C2 CompilerThread1" daemon [_thread_blocked, id=14028, stack(0x0000000018ed0000,0x0000000018fd0000)]
  0x0000000017780000 JavaThread "C2 CompilerThread0" daemon [_thread_blocked, id=4940, stack(0x0000000018dd0000,0x0000000018ed0000)]
  0x000000001777e800 JavaThread "Attach Listener" daemon [_thread_blocked, id=15712, stack(0x0000000018cd0000,0x0000000018dd0000)]
  0x000000001777d800 JavaThread "Signal Dispatcher" daemon [_thread_blocked, id=5984, stack(0x0000000018bd0000,0x0000000018cd0000)]
  0x0000000002bec000 JavaThread "Finalizer" daemon [_thread_blocked, id=15212, stack(0x00000000189e0000,0x0000000018ae0000)]
  0x0000000002be3000 JavaThread "Reference Handler" daemon [_thread_blocked, id=15840, stack(0x00000000188e0000,0x00000000189e0000)]
  0x0000000002af2800 JavaThread "main" [_thread_blocked, id=4664, stack(0x00000000012b0000,0x00000000013b0000)]

Other Threads:
=>0x0000000017746800 VMThread [stack: 0x00000000187e0000,0x00000000188e0000] [id=15488]

VM state:at safepoint (shutting down)

VM Mutex/Monitor currently owned by a thread:  ([mutex/lock_event])
[0x0000000000eadd20] Threads_lock - owner thread: 0x0000000017746800

Heap:
 PSYoungGen      total 74752K, used 44888K [0x00000000d5b00000, 0x00000000dd200000, 0x0000000100000000)
  eden space 60416K, 50% used [0x00000000d5b00000,0x00000000d78d94e8,0x00000000d9600000)
  from space 14336K, 99% used [0x00000000d9600000,0x00000000da3fcb38,0x00000000da400000)
  to   space 20992K, 0% used [0x00000000dbd80000,0x00000000dbd80000,0x00000000dd200000)
 ParOldGen       total 81408K, used 23609K [0x0000000081000000, 0x0000000085f80000, 0x00000000d5b00000)
  object space 81408K, 29% used [0x0000000081000000,0x000000008270e660,0x0000000085f80000)
 Metaspace       used 33026K, capacity 35242K, committed 35416K, reserved 1079296K
  class space    used 4665K, capacity 5023K, committed 5120K, reserved 1048576K

Card table byte_map: [0x0000000011fb0000,0x00000000123b0000] byte_map_base: 0x0000000011ba8000

Marking Bits: (ParMarkBitMap*) 0x000000005ebab6d0
 Begin Bits: [0x0000000012a60000, 0x0000000014a20000)
 End Bits:   [0x0000000014a20000, 0x00000000169e0000)

Polling page: 0x0000000000e40000

CodeCache: size=245760Kb used=15796Kb max_used=16931Kb free=229964Kb
 bounds [0x0000000002bf0000, 0x0000000003ce0000, 0x0000000011bf0000]
 total_blobs=5833 nmethods=5043 adapters=700
 compilation: enabled

Compilation events (10 events):
Event: 30.975 Thread 0x000000001778c000 nmethod 5711 0x0000000003447c50 code [0x0000000003447de0, 0x00000000034480d8]
Event: 31.322 Thread 0x000000001778c000 5712       3       com.sun.scenario.effect.impl.prism.ps.PPSDrawable::createGraphics (5 bytes)
Event: 31.322 Thread 0x000000001778c000 nmethod 5712 0x000000000344e690 code [0x000000000344e800, 0x000000000344eb88]
Event: 31.541 Thread 0x000000001778c000 5713       3       com.sun.javafx.css.StyleManager$Cache::access$600 (10 bytes)
Event: 31.541 Thread 0x000000001778c000 nmethod 5713 0x000000000340bfd0 code [0x000000000340c140, 0x000000000340c2a8]
Event: 31.549 Thread 0x000000001778c000 5714       3       java.util.logging.LogManager::access$100 (4 bytes)
Event: 31.549 Thread 0x000000001778c000 nmethod 5714 0x0000000003633c90 code [0x0000000003633de0, 0x0000000003633f10]
Event: 31.549 Thread 0x000000001778c000 5715       3       java.util.logging.LogManager$LoggerContext::requiresDefaultLoggers (29 bytes)
Event: 31.550 Thread 0x0000000017782800 5716  s    4       java.util.Hashtable::get (69 bytes)
Event: 31.550 Thread 0x000000001778c000 nmethod 5715 0x0000000002f08a90 code [0x0000000002f08c00, 0x0000000002f09028]

GC Heap History (10 events):
Event: 1.663 GC heap before
{Heap before GC invocations=4 (full 1):
 PSYoungGen      total 38400K, used 5113K [0x00000000d5b00000, 0x00000000da600000, 0x0000000100000000)
  eden space 33280K, 0% used [0x00000000d5b00000,0x00000000d5b00000,0x00000000d7b80000)
  from space 5120K, 99% used [0x00000000d7b80000,0x00000000d807e580,0x00000000d8080000)
  to   space 5120K, 0% used [0x00000000da100000,0x00000000da100000,0x00000000da600000)
 ParOldGen       total 87552K, used 11941K [0x0000000081000000, 0x0000000086580000, 0x00000000d5b00000)
  object space 87552K, 13% used [0x0000000081000000,0x0000000081ba9530,0x0000000086580000)
 Metaspace       used 20438K, capacity 21076K, committed 21248K, reserved 1067008K
  class space    used 2771K, capacity 2948K, committed 3072K, reserved 1048576K
Event: 1.713 GC heap after
Heap after GC invocations=4 (full 1):
 PSYoungGen      total 38400K, used 0K [0x00000000d5b00000, 0x00000000da600000, 0x0000000100000000)
  eden space 33280K, 0% used [0x00000000d5b00000,0x00000000d5b00000,0x00000000d7b80000)
  from space 5120K, 0% used [0x00000000d7b80000,0x00000000d7b80000,0x00000000d8080000)
  to   space 5120K, 0% used [0x00000000da100000,0x00000000da100000,0x00000000da600000)
 ParOldGen       total 81408K, used 15983K [0x0000000081000000, 0x0000000085f80000, 0x00000000d5b00000)
  object space 81408K, 19% used [0x0000000081000000,0x0000000081f9bfa8,0x0000000085f80000)
 Metaspace       used 20438K, capacity 21076K, committed 21248K, reserved 1067008K
  class space    used 2771K, capacity 2948K, committed 3072K, reserved 1048576K
}
Event: 2.068 GC heap before
{Heap before GC invocations=5 (full 1):
 PSYoungGen      total 38400K, used 33280K [0x00000000d5b00000, 0x00000000da600000, 0x0000000100000000)
  eden space 33280K, 100% used [0x00000000d5b00000,0x00000000d7b80000,0x00000000d7b80000)
  from space 5120K, 0% used [0x00000000d7b80000,0x00000000d7b80000,0x00000000d8080000)
  to   space 5120K, 0% used [0x00000000da100000,0x00000000da100000,0x00000000da600000)
 ParOldGen       total 81408K, used 15983K [0x0000000081000000, 0x0000000085f80000, 0x00000000d5b00000)
  object space 81408K, 19% used [0x0000000081000000,0x0000000081f9bfa8,0x0000000085f80000)
 Metaspace       used 23272K, capacity 24254K, committed 24448K, reserved 1071104K
  class space    used 3227K, capacity 3435K, committed 3456K, reserved 1048576K
Event: 2.072 GC heap after
Heap after GC invocations=5 (full 1):
 PSYoungGen      total 47616K, used 2829K [0x00000000d5b00000, 0x00000000da400000, 0x0000000100000000)
  eden space 44544K, 0% used [0x00000000d5b00000,0x00000000d5b00000,0x00000000d8680000)
  from space 3072K, 92% used [0x00000000da100000,0x00000000da3c34e0,0x00000000da400000)
  to   space 5120K, 0% used [0x00000000d9a00000,0x00000000d9a00000,0x00000000d9f00000)
 ParOldGen       total 81408K, used 15991K [0x0000000081000000, 0x0000000085f80000, 0x00000000d5b00000)
  object space 81408K, 19% used [0x0000000081000000,0x0000000081f9dfa8,0x0000000085f80000)
 Metaspace       used 23272K, capacity 24254K, committed 24448K, reserved 1071104K
  class space    used 3227K, capacity 3435K, committed 3456K, reserved 1048576K
}
Event: 2.466 GC heap before
{Heap before GC invocations=6 (full 1):
 PSYoungGen      total 47616K, used 47373K [0x00000000d5b00000, 0x00000000da400000, 0x0000000100000000)
  eden space 44544K, 100% used [0x00000000d5b00000,0x00000000d8680000,0x00000000d8680000)
  from space 3072K, 92% used [0x00000000da100000,0x00000000da3c34e0,0x00000000da400000)
  to   space 5120K, 0% used [0x00000000d9a00000,0x00000000d9a00000,0x00000000d9f00000)
 ParOldGen       total 81408K, used 15991K [0x0000000081000000, 0x0000000085f80000, 0x00000000d5b00000)
  object space 81408K, 19% used [0x0000000081000000,0x0000000081f9dfa8,0x0000000085f80000)
 Metaspace       used 24063K, capacity 25128K, committed 25472K, reserved 1071104K
  class space    used 3392K, capacity 3600K, committed 3712K, reserved 1048576K
Event: 2.472 GC heap after
Heap after GC invocations=6 (full 1):
 PSYoungGen      total 64512K, used 3048K [0x00000000d5b00000, 0x00000000db300000, 0x0000000100000000)
  eden space 59392K, 0% used [0x00000000d5b00000,0x00000000d5b00000,0x00000000d9500000)
  from space 5120K, 59% used [0x00000000d9a00000,0x00000000d9cfa3c0,0x00000000d9f00000)
  to   space 15360K, 0% used [0x00000000da400000,0x00000000da400000,0x00000000db300000)
 ParOldGen       total 81408K, used 15991K [0x0000000081000000, 0x0000000085f80000, 0x00000000d5b00000)
  object space 81408K, 19% used [0x0000000081000000,0x0000000081f9dfa8,0x0000000085f80000)
 Metaspace       used 24063K, capacity 25128K, committed 25472K, reserved 1071104K
  class space    used 3392K, capacity 3600K, committed 3712K, reserved 1048576K
}
Event: 3.030 GC heap before
{Heap before GC invocations=7 (full 1):
 PSYoungGen      total 64512K, used 62440K [0x00000000d5b00000, 0x00000000db300000, 0x0000000100000000)
  eden space 59392K, 100% used [0x00000000d5b00000,0x00000000d9500000,0x00000000d9500000)
  from space 5120K, 59% used [0x00000000d9a00000,0x00000000d9cfa3c0,0x00000000d9f00000)
  to   space 15360K, 0% used [0x00000000da400000,0x00000000da400000,0x00000000db300000)
 ParOldGen       total 81408K, used 15991K [0x0000000081000000, 0x0000000085f80000, 0x00000000d5b00000)
  object space 81408K, 19% used [0x0000000081000000,0x0000000081f9dfa8,0x0000000085f80000)
 Metaspace       used 26648K, capacity 28138K, committed 28288K, reserved 1073152K
  class space    used 3861K, capacity 4163K, committed 4224K, reserved 1048576K
Event: 3.038 GC heap after
Heap after GC invocations=7 (full 1):
 PSYoungGen      total 75776K, used 5325K [0x00000000d5b00000, 0x00000000dc400000, 0x0000000100000000)
  eden space 60416K, 0% used [0x00000000d5b00000,0x00000000d5b00000,0x00000000d9600000)
  from space 15360K, 34% used [0x00000000da400000,0x00000000da933660,0x00000000db300000)
  to   space 14336K, 0% used [0x00000000d9600000,0x00000000d9600000,0x00000000da400000)
 ParOldGen       total 81408K, used 15999K [0x0000000081000000, 0x0000000085f80000, 0x00000000d5b00000)
  object space 81408K, 19% used [0x0000000081000000,0x0000000081f9ffa8,0x0000000085f80000)
 Metaspace       used 26648K, capacity 28138K, committed 28288K, reserved 1073152K
  class space    used 3861K, capacity 4163K, committed 4224K, reserved 1048576K
}
Event: 5.081 GC heap before
{Heap before GC invocations=8 (full 1):
 PSYoungGen      total 75776K, used 65741K [0x00000000d5b00000, 0x00000000dc400000, 0x0000000100000000)
  eden space 60416K, 100% used [0x00000000d5b00000,0x00000000d9600000,0x00000000d9600000)
  from space 15360K, 34% used [0x00000000da400000,0x00000000da933660,0x00000000db300000)
  to   space 14336K, 0% used [0x00000000d9600000,0x00000000d9600000,0x00000000da400000)
 ParOldGen       total 81408K, used 15999K [0x0000000081000000, 0x0000000085f80000, 0x00000000d5b00000)
  object space 81408K, 19% used [0x0000000081000000,0x0000000081f9ffa8,0x0000000085f80000)
 Metaspace       used 31100K, capacity 33118K, committed 33280K, reserved 1077248K
  class space    used 4435K, capacity 4799K, committed 4864K, reserved 1048576K
Event: 5.108 GC heap after
Heap after GC invocations=8 (full 1):
 PSYoungGen      total 74752K, used 14322K [0x00000000d5b00000, 0x00000000dd200000, 0x0000000100000000)
  eden space 60416K, 0% used [0x00000000d5b00000,0x00000000d5b00000,0x00000000d9600000)
  from space 14336K, 99% used [0x00000000d9600000,0x00000000da3fcb38,0x00000000da400000)
  to   space 20992K, 0% used [0x00000000dbd80000,0x00000000dbd80000,0x00000000dd200000)
 ParOldGen       total 81408K, used 23609K [0x0000000081000000, 0x0000000085f80000, 0x00000000d5b00000)
  object space 81408K, 29% used [0x0000000081000000,0x000000008270e660,0x0000000085f80000)
 Metaspace       used 31100K, capacity 33118K, committed 33280K, reserved 1077248K
  class space    used 4435K, capacity 4799K, committed 4864K, reserved 1048576K
}

Deoptimization events (10 events):
Event: 17.536 Thread 0x00000000196d8800 Uncommon trap: reason=bimorphic action=maybe_recompile pc=0x000000000350dfac method=java.io.FilterInputStream.read()I @ 4
Event: 17.536 Thread 0x00000000196d8800 Uncommon trap: reason=bimorphic action=maybe_recompile pc=0x000000000350dfac method=java.io.FilterInputStream.read()I @ 4
Event: 17.536 Thread 0x00000000196d8800 Uncommon trap: reason=bimorphic action=maybe_recompile pc=0x000000000350dfac method=java.io.FilterInputStream.read()I @ 4
Event: 17.605 Thread 0x00000000196d8800 Uncommon trap: reason=class_check action=maybe_recompile pc=0x0000000002d7d7f4 method=javafx.scene.Node.updateLocalToParentTransform()V @ 11
Event: 17.605 Thread 0x00000000196d8800 Uncommon trap: reason=class_check action=maybe_recompile pc=0x0000000002d7d7f4 method=javafx.scene.Node.updateLocalToParentTransform()V @ 11
Event: 28.250 Thread 0x00000000196d8800 Uncommon trap: reason=null_check action=make_not_entrant pc=0x0000000003042538 method=javafx.scene.Node$MiscProperties.getClip()Ljavafx/scene/Node; @ 20
Event: 28.250 Thread 0x00000000196d8800 Uncommon trap: reason=class_check action=maybe_recompile pc=0x0000000002d7d7f4 method=javafx.scene.Node.updateLocalToParentTransform()V @ 11
Event: 28.250 Thread 0x00000000196d8800 Uncommon trap: reason=null_check action=make_not_entrant pc=0x0000000003bba548 method=javafx.scene.Node$MiscProperties.getClip()Ljavafx/scene/Node; @ 20
Event: 30.055 Thread 0x00000000196d8800 Uncommon trap: reason=null_check action=make_not_entrant pc=0x000000000307d078 method=javafx.scene.Node$MiscProperties.getClip()Ljavafx/scene/Node; @ 20
Event: 30.207 Thread 0x00000000196d8800 Uncommon trap: reason=unstable_if action=reinterpret pc=0x0000000002eb02fc method=javafx.scene.Node$MiscProperties.isMouseTransparent()Z @ 4

Internal exceptions (10 events):
Event: 4.291 Thread 0x00000000196d8800 Exception <a 'java/lang/ClassNotFoundException': org/apache/shiro/realm/AuthorizingRealmCustomizer> (0x00000000d88fe500) thrown at [C:\re\workspace\8-2-build-windows-amd64-cygwin\jdk8u121\8372\hotspot\src\share\vm\classfile\systemDictionary.cpp, line 210]
Event: 4.295 Thread 0x00000000196d8800 Exception <a 'java/lang/ClassNotFoundException': org/apache/shiro/realm/SimpleAccountRealmCustomizer> (0x00000000d8935928) thrown at [C:\re\workspace\8-2-build-windows-amd64-cygwin\jdk8u121\8372\hotspot\src\share\vm\classfile\systemDictionary.cpp, line 21
Event: 4.297 Thread 0x00000000196d8800 Exception <a 'java/lang/ClassNotFoundException': org/apache/shiro/realm/text/TextConfigurationRealmCustomizer> (0x00000000d894b758) thrown at [C:\re\workspace\8-2-build-windows-amd64-cygwin\jdk8u121\8372\hotspot\src\share\vm\classfile\systemDictionary.cpp
Event: 4.298 Thread 0x00000000196d8800 Exception <a 'java/lang/ClassNotFoundException': org/apache/shiro/realm/text/IniRealmCustomizer> (0x00000000d8962a28) thrown at [C:\re\workspace\8-2-build-windows-amd64-cygwin\jdk8u121\8372\hotspot\src\share\vm\classfile\systemDictionary.cpp, line 210]
Event: 4.372 Thread 0x00000000196d8800 Implicit null exception at 0x000000000381f5fd to 0x0000000003822581
Event: 17.192 Thread 0x0000000019d5a800 Exception <a 'java/net/SocketTimeoutException': Read timed out> (0x00000000d7345e58) thrown at [C:\re\workspace\8-2-build-windows-amd64-cygwin\jdk8u121\8372\hotspot\src\share\vm\prims\jni.cpp, line 735]
Event: 28.250 Thread 0x00000000196d8800 Implicit null exception at 0x0000000003041d75 to 0x0000000003042529
Event: 28.250 Thread 0x00000000196d8800 Implicit null exception at 0x0000000003bb9c32 to 0x0000000003bba531
Event: 30.055 Thread 0x00000000196d8800 Implicit null exception at 0x000000000307c8be to 0x000000000307d041
Event: 31.551 Thread 0x000000001faae800 Exception <a 'java/lang/IllegalStateException'> (0x00000000d78a3220) thrown at [C:\re\workspace\8-2-build-windows-amd64-cygwin\jdk8u121\8372\hotspot\src\share\vm\prims\jvm.cpp, line 1394]

Events (10 events):
Event: 31.548 loading class java/util/IdentityHashMap$KeyIterator done
Event: 31.548 Thread 0x000000001faae000 Thread added: 0x000000001faae000
Event: 31.548 Thread 0x000000001faae800 Thread added: 0x000000001faae800
Event: 31.549 loading class com/sun/javafx/tk/quantum/QuantumRenderer
Event: 31.549 loading class com/sun/javafx/tk/quantum/QuantumRenderer done
Event: 31.550 loading class com/sun/javafx/tk/quantum/QuantumToolkit
Event: 31.550 loading class com/sun/javafx/tk/quantum/QuantumToolkit done
Event: 31.552 Thread 0x000000001faae800 Thread exited: 0x000000001faae800
Event: 31.554 Thread 0x000000001faae000 Thread exited: 0x000000001faae000
Event: 31.554 Executing VM operation: Exit


Dynamic libraries:
0x00007ff74c050000 - 0x00007ff74c087000 	C:\Program Files\Java\jdk1.8.0_121\bin\javaw.exe
0x00007ffa18270000 - 0x00007ffa18441000 	C:\WINDOWS\SYSTEM32\ntdll.dll
0x00007ffa15ab0000 - 0x00007ffa15b5c000 	C:\WINDOWS\System32\KERNEL32.DLL
0x00007ffa14980000 - 0x00007ffa14b9d000 	C:\WINDOWS\System32\KERNELBASE.dll
0x00007ffa16b10000 - 0x00007ffa16bb2000 	C:\WINDOWS\System32\ADVAPI32.dll
0x00007ffa181d0000 - 0x00007ffa1826e000 	C:\WINDOWS\System32\msvcrt.dll
0x00007ffa169f0000 - 0x00007ffa16a49000 	C:\WINDOWS\System32\sechost.dll
0x00007ffa16090000 - 0x00007ffa161b1000 	C:\WINDOWS\System32\RPCRT4.dll
0x00007ffa15bc0000 - 0x00007ffa15d25000 	C:\WINDOWS\System32\USER32.dll
0x00007ffa14ba0000 - 0x00007ffa14bbe000 	C:\WINDOWS\System32\win32u.dll
0x00007ffa16000000 - 0x00007ffa16034000 	C:\WINDOWS\System32\GDI32.dll
0x00007ffa15670000 - 0x00007ffa157f2000 	C:\WINDOWS\System32\gdi32full.dll
0x00007ffa0da40000 - 0x00007ffa0dcba000 	C:\WINDOWS\WinSxS\amd64_microsoft.windows.common-controls_6595b64144ccf1df_6.0.14393.953_none_42151e83c686086b\COMCTL32.dll
0x00007ffa15d30000 - 0x00007ffa15ff8000 	C:\WINDOWS\System32\combase.dll
0x00007ffa14760000 - 0x00007ffa14855000 	C:\WINDOWS\System32\ucrtbase.dll
0x00007ffa14910000 - 0x00007ffa1497a000 	C:\WINDOWS\System32\bcryptPrimitives.dll
0x00007ffa16060000 - 0x00007ffa1608e000 	C:\WINDOWS\System32\IMM32.DLL
0x000000005d9b0000 - 0x000000005da82000 	C:\Program Files\Java\jdk1.8.0_121\jre\bin\msvcr100.dll
0x000000005e390000 - 0x000000005ec2b000 	C:\Program Files\Java\jdk1.8.0_121\jre\bin\server\jvm.dll
0x00007ffa16040000 - 0x00007ffa16048000 	C:\WINDOWS\System32\PSAPI.DLL
0x00007ffa07c30000 - 0x00007ffa07c39000 	C:\WINDOWS\SYSTEM32\WSOCK32.dll
0x00007ffa128d0000 - 0x00007ffa128f3000 	C:\WINDOWS\SYSTEM32\WINMM.dll
0x00007ffa09a10000 - 0x00007ffa09a1a000 	C:\WINDOWS\SYSTEM32\VERSION.dll
0x00007ffa16970000 - 0x00007ffa169da000 	C:\WINDOWS\System32\WS2_32.dll
0x00007ffa12870000 - 0x00007ffa1289b000 	C:\WINDOWS\SYSTEM32\WINMMBASE.dll
0x00007ffa14c60000 - 0x00007ffa14ca2000 	C:\WINDOWS\System32\cfgmgr32.dll
0x000000005e380000 - 0x000000005e38f000 	C:\Program Files\Java\jdk1.8.0_121\jre\bin\verify.dll
0x000000005e350000 - 0x000000005e379000 	C:\Program Files\Java\jdk1.8.0_121\jre\bin\java.dll
0x000000005e330000 - 0x000000005e346000 	C:\Program Files\Java\jdk1.8.0_121\jre\bin\zip.dll
0x00007ffa16cc0000 - 0x00007ffa181c8000 	C:\WINDOWS\System32\SHELL32.dll
0x00007ffa14f90000 - 0x00007ffa1566a000 	C:\WINDOWS\System32\windows.storage.dll
0x00007ffa146e0000 - 0x00007ffa1472c000 	C:\WINDOWS\System32\powrprof.dll
0x00007ffa15b60000 - 0x00007ffa15bb2000 	C:\WINDOWS\System32\shlwapi.dll
0x00007ffa14730000 - 0x00007ffa1473f000 	C:\WINDOWS\System32\kernel.appcore.dll
0x00007ffa14ee0000 - 0x00007ffa14f89000 	C:\WINDOWS\System32\shcore.dll
0x00007ffa14740000 - 0x00007ffa14754000 	C:\WINDOWS\System32\profapi.dll
0x00007ff9ef760000 - 0x00007ff9ef84f000 	C:\Program Files\Java\jdk1.8.0_121\jre\bin\msvcr120.dll
0x00007ff9df590000 - 0x00007ff9df636000 	C:\Program Files\Java\jdk1.8.0_121\jre\bin\msvcp120.dll
0x000000005d980000 - 0x000000005d9a2000 	C:\Program Files\Java\jdk1.8.0_121\jre\bin\prism_d3d.dll
0x00007ff9e4300000 - 0x00007ff9e448d000 	C:\WINDOWS\system32\d3d9.dll
0x00007ffa11d40000 - 0x00007ffa11d66000 	C:\WINDOWS\SYSTEM32\dwmapi.dll
0x00007ffa12e10000 - 0x00007ffa12ea5000 	C:\WINDOWS\system32\uxtheme.dll
0x00007ffa16a50000 - 0x00007ffa16b0f000 	C:\WINDOWS\System32\OLEAUT32.dll
0x00007ffa14bc0000 - 0x00007ffa14c5c000 	C:\WINDOWS\System32\msvcp_win.dll
0x00007ffa161c0000 - 0x00007ffa162f8000 	C:\WINDOWS\System32\ole32.dll
0x000000005d930000 - 0x000000005d973000 	C:\Program Files\Java\jdk1.8.0_121\jre\bin\glass.dll
0x00007ffa16bc0000 - 0x00007ffa16cba000 	C:\WINDOWS\System32\COMDLG32.dll
0x00007ffa15880000 - 0x00007ffa159da000 	C:\WINDOWS\System32\MSCTF.dll
0x00007ffa14140000 - 0x00007ffa14157000 	C:\WINDOWS\SYSTEM32\CRYPTSP.dll
0x00007ffa13ba0000 - 0x00007ffa13bd3000 	C:\WINDOWS\system32\rsaenh.dll
0x00007ffa14620000 - 0x00007ffa1464b000 	C:\WINDOWS\SYSTEM32\bcrypt.dll
0x00007ffa13e20000 - 0x00007ffa13e3f000 	C:\WINDOWS\SYSTEM32\USERENV.dll
0x00007ffa14160000 - 0x00007ffa1416b000 	C:\WINDOWS\SYSTEM32\CRYPTBASE.dll
0x000000005e310000 - 0x000000005e32a000 	C:\Program Files\Java\jdk1.8.0_121\jre\bin\net.dll
0x00007ffa13fa0000 - 0x00007ffa13ffc000 	C:\WINDOWS\system32\mswsock.dll
0x00007ffa13d20000 - 0x00007ffa13d58000 	C:\WINDOWS\SYSTEM32\IPHLPAPI.DLL
0x00007ffa16050000 - 0x00007ffa16058000 	C:\WINDOWS\System32\NSI.dll
0x00007ffa0f930000 - 0x00007ffa0f946000 	C:\WINDOWS\SYSTEM32\dhcpcsvc6.DLL
0x00007ffa0f910000 - 0x00007ffa0f92a000 	C:\WINDOWS\SYSTEM32\dhcpcsvc.DLL
0x000000005d910000 - 0x000000005d924000 	C:\Program Files\Java\jdk1.8.0_121\jre\bin\javafx_font.dll
0x00007ffa09210000 - 0x00007ffa09479000 	C:\WINDOWS\SYSTEM32\dwrite.dll
0x000000005e2f0000 - 0x000000005e301000 	C:\Program Files\Java\jdk1.8.0_121\jre\bin\nio.dll
0x000000005d5f0000 - 0x000000005d614000 	C:\Program Files\Java\jdk1.8.0_121\jre\bin\sunec.dll
0x000000005e2e0000 - 0x000000005e2eb000 	C:\Program Files\Java\jdk1.8.0_121\jre\bin\sunmscapi.dll
0x00007ffa14cb0000 - 0x00007ffa14e79000 	C:\WINDOWS\System32\CRYPT32.dll
0x00007ffa146d0000 - 0x00007ffa146e0000 	C:\WINDOWS\System32\MSASN1.dll
0x00007ffa13d60000 - 0x00007ffa13e01000 	C:\WINDOWS\SYSTEM32\DNSAPI.dll
0x000000005f500000 - 0x000000005f526000 	C:\Program Files\Bonjour\mdnsNSP.dll
0x00007ffa08800000 - 0x00007ffa0880a000 	C:\Windows\System32\rasadhlp.dll
0x00007ffa0de50000 - 0x00007ffa0deba000 	C:\WINDOWS\System32\fwpuclnt.dll
0x00007ffa168d0000 - 0x00007ffa1696f000 	C:\WINDOWS\System32\clbcatq.dll
0x00007ffa108c0000 - 0x00007ffa10a68000 	C:\WINDOWS\SYSTEM32\WindowsCodecs.dll
0x00007ff9fa290000 - 0x00007ff9fa2d9000 	C:\WINDOWS\system32\dataexchange.dll
0x00007ffa12470000 - 0x00007ffa125c1000 	C:\WINDOWS\system32\dcomp.dll
0x00007ffa11d70000 - 0x00007ffa12026000 	C:\WINDOWS\system32\d3d11.dll
0x00007ffa13650000 - 0x00007ffa136ef000 	C:\WINDOWS\system32\dxgi.dll
0x00007ffa130f0000 - 0x00007ffa1320c000 	C:\WINDOWS\system32\twinapi.appcore.dll
0x00007ff9fc840000 - 0x00007ff9fc872000 	C:\Program Files\Common Files\Microsoft Shared\Ink\rtscom.dll
0x000000005d8e0000 - 0x000000005d903000 	C:\Program Files\Java\jdk1.8.0_121\jre\bin\javafx_iio.dll
0x000000005d8c0000 - 0x000000005d8d1000 	C:\Program Files\Java\jdk1.8.0_121\jre\bin\prism_common.dll
0x00007ffa07cd0000 - 0x00007ffa07e62000 	C:\WINDOWS\SYSTEM32\dbghelp.dll

VM Arguments:
jvm_args: -Dfile.encoding=UTF-8 
java_command: com.jeeves.vpl.Main
java_class_path (initial): C:\Users\Daniel\workspace\JeevesMaven\target\classes;C:\Users\Daniel\workspace\JeevesMaven\poi-3.15.jar;C:\Users\Daniel\workspace\JeevesMaven\commons-lang3-3.5.jar;C:\Users\Daniel\workspace\JeevesMaven\controlsfx-8.40.12.jar;C:\Users\Daniel\.m2\repository\org\apache\shiro\shiro-core\1.3.2\shiro-core-1.3.2.jar;C:\Users\Daniel\.m2\repository\org\slf4j\slf4j-api\1.6.4\slf4j-api-1.6.4.jar;C:\Users\Daniel\.m2\repository\commons-beanutils\commons-beanutils\1.8.3\commons-beanutils-1.8.3.jar;C:\Users\Daniel\.m2\repository\com\google\firebase\firebase-admin\5.1.0\firebase-admin-5.1.0.jar;C:\Users\Daniel\.m2\repository\com\google\api-client\google-api-client\1.22.0\google-api-client-1.22.0.jar;C:\Users\Daniel\.m2\repository\com\google\oauth-client\google-oauth-client\1.22.0\google-oauth-client-1.22.0.jar;C:\Users\Daniel\.m2\repository\com\google\http-client\google-http-client-jackson2\1.22.0\google-http-client-jackson2-1.22.0.jar;C:\Users\Daniel\.m2\repository\com\fasterxml\jackson\core\jackson-core\2.1.3\jackson-core-2.1.3.jar;C:\Users\Daniel\.m2\repository\com\google\api-client\google-api-client-gson\1.22.0\google-api-client-gson-1.22.0.jar;C:\Users\Daniel\.m2\repository\com\google\http-client\google-http-client-gson\1.22.0\google-http-client-gson-1.22.0.jar;C:\Users\Daniel\.m2\repository\com\google\code\gson\gson\2.1\gson-2.1.jar;C:\Users\Daniel\.m2\repository\com\google\http-client\google-http-client\1.22.0\google-http-client-1.22.0.jar;C:\Users\Daniel\.m2\repository\com\google\code\findbugs\jsr305\1.3.9\jsr305-1.3.9.jar;C:\Users\Daniel\.m2\repository\org\apache\httpcomponents\httpclient\4.0.1\httpclient-4.0.1.jar;C:\Users\Daniel\.m2\repository\org\apache\httpcomponents\httpcore\4.0.1\httpcore-4.0.1.jar;C:\Users\Daniel\.m2\repository\commons-logging\commons-logging\1.1.1\commons-logging-1.1.1.jar;C:\Users\Daniel\.m2\repository\commons-codec\commons-codec\1.3\commons-codec-1.3.jar;C:\Users\Daniel\.m2\repository\org\json\json\20160810\json-20160
Launcher Type: SUN_STANDARD

Environment Variables:
JAVA_HOME=C:\Program Files\Java\jdk1.8.0_121
CLASSPATH=.
USERNAME=Daniel
OS=Windows_NT
PROCESSOR_IDENTIFIER=Intel64 Family 6 Model 69 Stepping 1, GenuineIntel



---------------  S Y S T E M  ---------------

OS: Windows 10.0 , 64 bit Build 14393 (10.0.14393.1198)

CPU:total 4 (2 cores per cpu, 2 threads per core) family 6 model 69 stepping 1, cmov, cx8, fxsr, mmx, sse, sse2, sse3, ssse3, sse4.1, sse4.2, popcnt, avx, avx2, aes, clmul, erms, lzcnt, ht, tsc, tscinvbit, bmi1, bmi2

Memory: 4k page, physical 8317080k(2144928k free), swap 15469568k(5382376k free)

vm_info: Java HotSpot(TM) 64-Bit Server VM (25.121-b13) for windows-amd64 JRE (1.8.0_121-b13), built on Dec 12 2016 18:21:36 by "java_re" with MS VC++ 10.0 (VS2010)

time: Fri Jun 09 16:17:09 2017
elapsed time: 32 seconds (0d 0h 0m 32s)

