#
# A fatal error has been detected by the Java Runtime Environment:
#
#  EXCEPTION_ACCESS_VIOLATION (0xc0000005) at pc=0x000000005ab078b0, pid=18600, tid=0x0000000000004344
#
# JRE version: Java(TM) SE Runtime Environment (8.0_161-b12) (build 1.8.0_161-b12)
# Java VM: Java HotSpot(TM) 64-Bit Server VM (25.161-b12 mixed mode windows-amd64 compressed oops)
# Problematic frame:
# C  [glass.dll+0x278b0]
#
# Failed to write core dump. Minidumps are not enabled by default on client versions of Windows
#
# If you would like to submit a bug report, please visit:
#   http://bugreport.java.com/bugreport/crash.jsp
#

---------------  T H R E A D  ---------------

Current thread (0x00000000170e7000):  VMThread [stack: 0x0000000018180000,0x0000000018280000] [id=17220]

siginfo: ExceptionCode=0xc0000005, reading address 0x0000000000000000

Registers:
RAX=0x0000000000000000, RBX=0x0000000018e53028, RCX=0x00000000170e7000, RDX=0x000000005b35dc78
RSP=0x000000001827ed50, RBP=0x0000000000674058, RSI=0x0000000000674030, RDI=0x0000d801d89ac0a7
R8 =0x0000000000010002, R9 =0x0000000000000027, R10=0x0000d801d89ac0a7, R11=0x000000001827ec60
R12=0x0000000000000000, R13=0x0000000000000040, R14=0x000000001827ee68, R15=0x0000000000674030
RIP=0x000000005ab078b0, EFLAGS=0x0000000000010206

Top of Stack: (sp=0x000000001827ed50)
0x000000001827ed50:   0000000000000000 00007ffd9d49e52b
0x000000001827ed60:   0000000000674040 0000000000674040
0x000000001827ed70:   fffffffffffffffe 0000000000674058
0x000000001827ed80:   0000000000674038 00007ffd9d497013
0x000000001827ed90:   000000005ab1c1b0 00007ffd00000000
0x000000001827eda0:   00008ea9a8c43117 0000000000000000
0x000000001827edb0:   fffffffffffffffe 00007ffd9d4972ad
0x000000001827edc0:   0000000000000001 000000005aae0000
0x000000001827edd0:   0000000002521638 000000005ab048dc
0x000000001827ede0:   000000001827ee58 00007ffd9d49da67
0x000000001827edf0:   0000000000000000 000000001827ee68
0x000000001827ee00:   0000000016ff5400 00007ffd9d57b090
0x000000001827ee10:   0000000000000000 00007ffd9d497204
0x000000001827ee20:   0000000000000000 0000000000000001
0x000000001827ee30:   00000000199641e0 000000001827ee58
0x000000001827ee40:   0000000000000000 000000005ab04752 

Instructions: (pc=0x000000005ab078b0)
0x000000005ab07890:   40 53 48 83 ec 30 48 c7 44 24 20 fe ff ff ff 48
0x000000005ab078a0:   8b 1d 7a 72 01 00 48 85 db 74 16 e8 00 81 ff ff
0x000000005ab078b0:   4c 8b 00 48 8b d3 48 8b c8 41 ff 90 b0 00 00 00
0x000000005ab078c0:   90 48 83 c4 30 5b c3 cc cc cc cc cc cc cc cc cc 


Register to memory mapping:

RAX=0x0000000000000000 is an unknown value
RBX=0x0000000018e53028 is a global jni handle
RCX=0x00000000170e7000 is an unknown value
RDX=0x000000005b35dc78 is an unknown value
RSP=0x000000001827ed50 is an unknown value
RBP=0x0000000000674058 is an unknown value
RSI=0x0000000000674030 is an unknown value
RDI=0x0000d801d89ac0a7 is an unknown value
R8 =0x0000000000010002 is an unknown value
R9 =0x0000000000000027 is an unknown value
R10=0x0000d801d89ac0a7 is an unknown value
R11=0x000000001827ec60 is an unknown value
R12=0x0000000000000000 is an unknown value
R13=0x0000000000000040 is an unknown value
R14=0x000000001827ee68 is an unknown value
R15=0x0000000000674030 is an unknown value


Stack: [0x0000000018180000,0x0000000018280000],  sp=0x000000001827ed50,  free space=1019k
Native frames: (J=compiled Java code, j=interpreted, Vv=VM code, C=native code)
C  [glass.dll+0x278b0]
C  [ucrtbase.dll+0x7013]
C  [ucrtbase.dll+0xda67]
C  [ucrtbase.dll+0x7204]
C  [glass.dll+0x24752]
C  [glass.dll+0x24850]
C  [ntdll.dll+0x34143]
C  [ntdll.dll+0x40af5]
C  [ntdll.dll+0x409b8]
C  [KERNEL32.DLL+0x1b19a]
C  [msvcr100.dll+0x20ccd]
V  [jvm.dll+0x212e95]
V  [jvm.dll+0x24c227]
V  [jvm.dll+0x24b4c6]
V  [jvm.dll+0x24b961]
V  [jvm.dll+0x24bb7e]
V  [jvm.dll+0x29cc4a]
C  [msvcr100.dll+0x21d9f]
C  [msvcr100.dll+0x21e3b]
C  [KERNEL32.DLL+0x13034]
C  [ntdll.dll+0x71551]

VM_Operation (0x0000000019f4a530): Exit, mode: safepoint, requested by thread 0x0000000018e62800


---------------  P R O C E S S  ---------------

Java Threads: ( => current thread )
  0x000000002137a000 JavaThread "Prism Font Disposer" daemon [_thread_blocked, id=16160, stack(0x00000000235c0000,0x00000000236c0000)]
  0x000000001932f800 JavaThread "Thread-3" daemon [_thread_in_native, id=15872, stack(0x0000000020b30000,0x0000000020c30000)]
  0x000000001932e000 JavaThread "JavaFX-Launcher" [_thread_blocked, id=9828, stack(0x0000000020c30000,0x0000000020d30000)]
  0x0000000018e62800 JavaThread "JavaFX Application Thread" [_thread_blocked, id=15184, stack(0x0000000019e50000,0x0000000019f50000)]
  0x0000000018e56000 JavaThread "Thread-1" daemon [_thread_blocked, id=12384, stack(0x0000000019d50000,0x0000000019e50000)]
  0x0000000018e4e800 JavaThread "QuantumRenderer-0" daemon [_thread_blocked, id=18436, stack(0x0000000019a90000,0x0000000019b90000)]
  0x0000000018aa8800 JavaThread "Service Thread" daemon [_thread_blocked, id=7344, stack(0x0000000018e70000,0x0000000018f70000)]
  0x000000001712e800 JavaThread "C1 CompilerThread2" daemon [_thread_blocked, id=13400, stack(0x0000000018970000,0x0000000018a70000)]
  0x0000000017129800 JavaThread "C2 CompilerThread1" daemon [_thread_blocked, id=18932, stack(0x0000000018870000,0x0000000018970000)]
  0x0000000017125800 JavaThread "C2 CompilerThread0" daemon [_thread_blocked, id=17852, stack(0x0000000018770000,0x0000000018870000)]
  0x0000000017124800 JavaThread "Attach Listener" daemon [_thread_blocked, id=7772, stack(0x0000000018670000,0x0000000018770000)]
  0x0000000017123000 JavaThread "Signal Dispatcher" daemon [_thread_blocked, id=12204, stack(0x0000000018570000,0x0000000018670000)]
  0x0000000017110000 JavaThread "Finalizer" daemon [_thread_blocked, id=13220, stack(0x0000000018380000,0x0000000018480000)]
  0x0000000002626000 JavaThread "Reference Handler" daemon [_thread_blocked, id=11892, stack(0x0000000018280000,0x0000000018380000)]
  0x0000000002535800 JavaThread "main" [_thread_blocked, id=13304, stack(0x00000000023d0000,0x00000000024d0000)]

Other Threads:
=>0x00000000170e7000 VMThread [stack: 0x0000000018180000,0x0000000018280000] [id=17220]

VM state:at safepoint (shutting down)

VM Mutex/Monitor currently owned by a thread:  ([mutex/lock_event])
[0x0000000002532fd0] Threads_lock - owner thread: 0x00000000170e7000

Heap:
 PSYoungGen      total 116224K, used 20070K [0x00000000d6000000, 0x00000000dfb00000, 0x0000000100000000)
  eden space 102400K, 6% used [0x00000000d6000000,0x00000000d661e038,0x00000000dc400000)
  from space 13824K, 99% used [0x00000000ded80000,0x00000000dfafb930,0x00000000dfb00000)
  to   space 17408K, 0% used [0x00000000dd900000,0x00000000dd900000,0x00000000dea00000)
 ParOldGen       total 74240K, used 19235K [0x0000000082000000, 0x0000000086880000, 0x00000000d6000000)
  object space 74240K, 25% used [0x0000000082000000,0x00000000832c8e80,0x0000000086880000)
 Metaspace       used 25928K, capacity 27688K, committed 27952K, reserved 1073152K
  class space    used 3802K, capacity 4122K, committed 4144K, reserved 1048576K

Card table byte_map: [0x00000000119f0000,0x0000000011df0000] byte_map_base: 0x00000000115e0000

Marking Bits: (ParMarkBitMap*) 0x000000005b54f860
 Begin Bits: [0x0000000012490000, 0x0000000014410000)
 End Bits:   [0x0000000014410000, 0x0000000016390000)

Polling page: 0x0000000002340000

CodeCache: size=245760Kb used=12059Kb max_used=12069Kb free=233700Kb
 bounds [0x0000000002630000, 0x0000000003200000, 0x0000000011630000]
 total_blobs=4820 nmethods=4092 adapters=639
 compilation: enabled

Compilation events (10 events):
Event: 4.592 Thread 0x000000001712e800 nmethod 4100 0x00000000031fbf10 code [0x00000000031fc0c0, 0x00000000031fc618]
Event: 4.596 Thread 0x000000001712e800 4101       3       java.util.concurrent.locks.AbstractQueuedSynchronizer::release (33 bytes)
Event: 4.597 Thread 0x000000001712e800 nmethod 4101 0x00000000031faa50 code [0x00000000031fabc0, 0x00000000031faed8]
Event: 4.597 Thread 0x0000000017129800 4102       4       java.util.ArrayList$Itr::next (66 bytes)
Event: 4.597 Thread 0x0000000017125800 4103       4       java.util.ArrayList$Itr::hasNext (20 bytes)
Event: 4.598 Thread 0x0000000017125800 nmethod 4103 0x00000000031fbbd0 code [0x00000000031fbd00, 0x00000000031fbd98]
Event: 4.599 Thread 0x0000000017129800 nmethod 4102 0x00000000031f8e90 code [0x00000000031f8fe0, 0x00000000031f90f8]
Event: 4.600 Thread 0x000000001712e800 4104       1       java.util.logging.Logger::getName (5 bytes)
Event: 4.600 Thread 0x000000001712e800 nmethod 4104 0x00000000031f8b10 code [0x00000000031f8c60, 0x00000000031f8d70]
Event: 4.600 Thread 0x000000001712e800 4105       3       java.util.concurrent.locks.ReentrantLock$Sync::tryRelease (45 bytes)

GC Heap History (10 events):
Event: 1.915 GC heap before
{Heap before GC invocations=3 (full 0):
 PSYoungGen      total 37888K, used 37881K [0x00000000d6000000, 0x00000000d8a00000, 0x0000000100000000)
  eden space 32768K, 100% used [0x00000000d6000000,0x00000000d8000000,0x00000000d8000000)
  from space 5120K, 99% used [0x00000000d8500000,0x00000000d89fe5b0,0x00000000d8a00000)
  to   space 5120K, 0% used [0x00000000d8000000,0x00000000d8000000,0x00000000d8500000)
 ParOldGen       total 86016K, used 9123K [0x0000000082000000, 0x0000000087400000, 0x00000000d6000000)
  object space 86016K, 10% used [0x0000000082000000,0x00000000828e8c48,0x0000000087400000)
 Metaspace       used 18276K, capacity 18990K, committed 19072K, reserved 1064960K
  class space    used 2490K, capacity 2673K, committed 2688K, reserved 1048576K
Event: 1.922 GC heap after
Heap after GC invocations=3 (full 0):
 PSYoungGen      total 37888K, used 5113K [0x00000000d6000000, 0x00000000daa00000, 0x0000000100000000)
  eden space 32768K, 0% used [0x00000000d6000000,0x00000000d6000000,0x00000000d8000000)
  from space 5120K, 99% used [0x00000000d8000000,0x00000000d84fe590,0x00000000d8500000)
  to   space 5120K, 0% used [0x00000000da500000,0x00000000da500000,0x00000000daa00000)
 ParOldGen       total 86016K, used 12673K [0x0000000082000000, 0x0000000087400000, 0x00000000d6000000)
  object space 86016K, 14% used [0x0000000082000000,0x0000000082c604f8,0x0000000087400000)
 Metaspace       used 18276K, capacity 18990K, committed 19072K, reserved 1064960K
  class space    used 2490K, capacity 2673K, committed 2688K, reserved 1048576K
}
Event: 2.189 GC heap before
{Heap before GC invocations=4 (full 0):
 PSYoungGen      total 37888K, used 37881K [0x00000000d6000000, 0x00000000daa00000, 0x0000000100000000)
  eden space 32768K, 100% used [0x00000000d6000000,0x00000000d8000000,0x00000000d8000000)
  from space 5120K, 99% used [0x00000000d8000000,0x00000000d84fe590,0x00000000d8500000)
  to   space 5120K, 0% used [0x00000000da500000,0x00000000da500000,0x00000000daa00000)
 ParOldGen       total 86016K, used 12673K [0x0000000082000000, 0x0000000087400000, 0x00000000d6000000)
  object space 86016K, 14% used [0x0000000082000000,0x0000000082c604f8,0x0000000087400000)
 Metaspace       used 20134K, capacity 20954K, committed 20992K, reserved 1067008K
  class space    used 2857K, capacity 3057K, committed 3072K, reserved 1048576K
Event: 2.194 GC heap after
Heap after GC invocations=4 (full 0):
 PSYoungGen      total 70656K, used 5088K [0x00000000d6000000, 0x00000000daa00000, 0x0000000100000000)
  eden space 65536K, 0% used [0x00000000d6000000,0x00000000d6000000,0x00000000da000000)
  from space 5120K, 99% used [0x00000000da500000,0x00000000da9f81c0,0x00000000daa00000)
  to   space 5120K, 0% used [0x00000000da000000,0x00000000da000000,0x00000000da500000)
 ParOldGen       total 86016K, used 13758K [0x0000000082000000, 0x0000000087400000, 0x00000000d6000000)
  object space 86016K, 15% used [0x0000000082000000,0x0000000082d6fa38,0x0000000087400000)
 Metaspace       used 20134K, capacity 20954K, committed 20992K, reserved 1067008K
  class space    used 2857K, capacity 3057K, committed 3072K, reserved 1048576K
}
Event: 2.296 GC heap before
{Heap before GC invocations=5 (full 0):
 PSYoungGen      total 70656K, used 25145K [0x00000000d6000000, 0x00000000daa00000, 0x0000000100000000)
  eden space 65536K, 30% used [0x00000000d6000000,0x00000000d7396370,0x00000000da000000)
  from space 5120K, 99% used [0x00000000da500000,0x00000000da9f81c0,0x00000000daa00000)
  to   space 5120K, 0% used [0x00000000da000000,0x00000000da000000,0x00000000da500000)
 ParOldGen       total 86016K, used 13758K [0x0000000082000000, 0x0000000087400000, 0x00000000d6000000)
  object space 86016K, 15% used [0x0000000082000000,0x0000000082d6fa38,0x0000000087400000)
 Metaspace       used 20396K, capacity 21280K, committed 21296K, reserved 1067008K
  class space    used 2914K, capacity 3106K, committed 3120K, reserved 1048576K
Event: 2.301 GC heap after
Heap after GC invocations=5 (full 0):
 PSYoungGen      total 70656K, used 5088K [0x00000000d6000000, 0x00000000dfb00000, 0x0000000100000000)
  eden space 65536K, 0% used [0x00000000d6000000,0x00000000d6000000,0x00000000da000000)
  from space 5120K, 99% used [0x00000000da000000,0x00000000da4f81c0,0x00000000da500000)
  to   space 13824K, 0% used [0x00000000ded80000,0x00000000ded80000,0x00000000dfb00000)
 ParOldGen       total 86016K, used 14234K [0x0000000082000000, 0x0000000087400000, 0x00000000d6000000)
  object space 86016K, 16% used [0x0000000082000000,0x0000000082de6a68,0x0000000087400000)
 Metaspace       used 20396K, capacity 21280K, committed 21296K, reserved 1067008K
  class space    used 2914K, capacity 3106K, committed 3120K, reserved 1048576K
}
Event: 2.301 GC heap before
{Heap before GC invocations=6 (full 1):
 PSYoungGen      total 70656K, used 5088K [0x00000000d6000000, 0x00000000dfb00000, 0x0000000100000000)
  eden space 65536K, 0% used [0x00000000d6000000,0x00000000d6000000,0x00000000da000000)
  from space 5120K, 99% used [0x00000000da000000,0x00000000da4f81c0,0x00000000da500000)
  to   space 13824K, 0% used [0x00000000ded80000,0x00000000ded80000,0x00000000dfb00000)
 ParOldGen       total 86016K, used 14234K [0x0000000082000000, 0x0000000087400000, 0x00000000d6000000)
  object space 86016K, 16% used [0x0000000082000000,0x0000000082de6a68,0x0000000087400000)
 Metaspace       used 20396K, capacity 21280K, committed 21296K, reserved 1067008K
  class space    used 2914K, capacity 3106K, committed 3120K, reserved 1048576K
Event: 2.340 GC heap after
Heap after GC invocations=6 (full 1):
 PSYoungGen      total 70656K, used 0K [0x00000000d6000000, 0x00000000dfb00000, 0x0000000100000000)
  eden space 65536K, 0% used [0x00000000d6000000,0x00000000d6000000,0x00000000da000000)
  from space 5120K, 0% used [0x00000000da000000,0x00000000da000000,0x00000000da500000)
  to   space 13824K, 0% used [0x00000000ded80000,0x00000000ded80000,0x00000000dfb00000)
 ParOldGen       total 74240K, used 16904K [0x0000000082000000, 0x0000000086880000, 0x00000000d6000000)
  object space 74240K, 22% used [0x0000000082000000,0x0000000083082008,0x0000000086880000)
 Metaspace       used 20396K, capacity 21280K, committed 21296K, reserved 1067008K
  class space    used 2914K, capacity 3106K, committed 3120K, reserved 1048576K
}
Event: 3.855 GC heap before
{Heap before GC invocations=7 (full 1):
 PSYoungGen      total 70656K, used 65536K [0x00000000d6000000, 0x00000000dfb00000, 0x0000000100000000)
  eden space 65536K, 100% used [0x00000000d6000000,0x00000000da000000,0x00000000da000000)
  from space 5120K, 0% used [0x00000000da000000,0x00000000da000000,0x00000000da500000)
  to   space 13824K, 0% used [0x00000000ded80000,0x00000000ded80000,0x00000000dfb00000)
 ParOldGen       total 74240K, used 16904K [0x0000000082000000, 0x0000000086880000, 0x00000000d6000000)
  object space 74240K, 22% used [0x0000000082000000,0x0000000083082008,0x0000000086880000)
 Metaspace       used 25697K, capacity 27388K, committed 27696K, reserved 1073152K
  class space    used 3773K, capacity 4068K, committed 4144K, reserved 1048576K
Event: 3.895 GC heap after
Heap after GC invocations=7 (full 1):
 PSYoungGen      total 116224K, used 13806K [0x00000000d6000000, 0x00000000dfb00000, 0x0000000100000000)
  eden space 102400K, 0% used [0x00000000d6000000,0x00000000d6000000,0x00000000dc400000)
  from space 13824K, 99% used [0x00000000ded80000,0x00000000dfafb930,0x00000000dfb00000)
  to   space 17408K, 0% used [0x00000000dd900000,0x00000000dd900000,0x00000000dea00000)
 ParOldGen       total 74240K, used 19235K [0x0000000082000000, 0x0000000086880000, 0x00000000d6000000)
  object space 74240K, 25% used [0x0000000082000000,0x00000000832c8e80,0x0000000086880000)
 Metaspace       used 25697K, capacity 27388K, committed 27696K, reserved 1073152K
  class space    used 3773K, capacity 4068K, committed 4144K, reserved 1048576K
}

Deoptimization events (10 events):
Event: 3.099 Thread 0x0000000018e62800 Uncommon trap: reason=array_check action=maybe_recompile pc=0x000000000300b904 method=com.sun.javafx.css.CompoundSelector.applies(Ljavafx/css/Styleable;[Ljava/util/Set;I)Z @ 128
Event: 3.101 Thread 0x0000000018e62800 Uncommon trap: reason=array_check action=maybe_recompile pc=0x000000000300b904 method=com.sun.javafx.css.CompoundSelector.applies(Ljavafx/css/Styleable;[Ljava/util/Set;I)Z @ 128
Event: 3.101 Thread 0x0000000018e62800 Uncommon trap: reason=array_check action=maybe_recompile pc=0x000000000300b904 method=com.sun.javafx.css.CompoundSelector.applies(Ljavafx/css/Styleable;[Ljava/util/Set;I)Z @ 128
Event: 3.101 Thread 0x0000000018e62800 Uncommon trap: reason=array_check action=maybe_recompile pc=0x000000000300b904 method=com.sun.javafx.css.CompoundSelector.applies(Ljavafx/css/Styleable;[Ljava/util/Set;I)Z @ 128
Event: 3.177 Thread 0x0000000018e62800 Uncommon trap: reason=unstable_if action=reinterpret pc=0x0000000002fa1d1c method=javafx.scene.CssStyleHelper.getStyleMap(Ljavafx/css/Styleable;)Lcom/sun/javafx/css/StyleMap; @ 4
Event: 3.482 Thread 0x0000000018e4e800 Uncommon trap: reason=bimorphic action=maybe_recompile pc=0x0000000002b8ea8c method=java.io.BufferedInputStream.read1([BII)I @ 39
Event: 3.482 Thread 0x0000000018e4e800 Uncommon trap: reason=unstable_if action=reinterpret pc=0x0000000002b8e8a0 method=java.io.BufferedInputStream.read1([BII)I @ 60
Event: 3.509 Thread 0x0000000018e4e800 Uncommon trap: reason=unstable_if action=reinterpret pc=0x0000000002ccf8f4 method=java.lang.Class.arrayContentsEq([Ljava/lang/Object;[Ljava/lang/Object;)Z @ 1
Event: 3.814 Thread 0x0000000018e62800 Uncommon trap: reason=unstable_if action=reinterpret pc=0x000000000304975c method=com.sun.javafx.css.BitSet.retainAll(Ljava/util/Collection;)Z @ 89
Event: 3.908 Thread 0x0000000018e62800 Uncommon trap: reason=unstable_if action=reinterpret pc=0x0000000002a72ce8 method=jdk.internal.org.objectweb.asm.Type.getArgumentsAndReturnSizes(Ljava/lang/String;)I @ 47

Classes redefined (0 events):
No events

Internal exceptions (10 events):
Event: 1.232 Thread 0x0000000018e62800 Exception <a 'java/io/FileNotFoundException'> (0x00000000d78f4b00) thrown at [C:\re\workspace\8-2-build-windows-amd64-cygwin\jdk8u161\10277\hotspot\src\share\vm\prims\jni.cpp, line 709]
Event: 1.377 Thread 0x0000000018e62800 Exception <a 'java/lang/NoClassDefFoundError': org/slf4j/impl/StaticLoggerBinder> (0x00000000d7dbaa50) thrown at [C:\re\workspace\8-2-build-windows-amd64-cygwin\jdk8u161\10277\hotspot\src\share\vm\classfile\systemDictionary.cpp, line 199]
Event: 2.003 Thread 0x0000000018e62800 Exception <a 'java/lang/ArrayIndexOutOfBoundsException': 57> (0x00000000d642ab58) thrown at [C:\re\workspace\8-2-build-windows-amd64-cygwin\jdk8u161\10277\hotspot\src\share\vm\interpreter\interpreterRuntime.cpp, line 366]
Event: 2.206 Thread 0x0000000018e62800 Implicit null exception at 0x0000000002968f35 to 0x0000000002969149
Event: 2.206 Thread 0x0000000018e62800 Implicit null exception at 0x0000000002b500fb to 0x0000000002b505d5
Event: 2.406 Thread 0x0000000018e62800 Exception <a 'java/lang/NullPointerException'> (0x00000000d6888318) thrown at [C:\re\workspace\8-2-build-windows-amd64-cygwin\jdk8u161\10277\hotspot\src\share\vm\interpreter\linkResolver.cpp, line 1185]
Event: 2.406 Thread 0x0000000018e62800 Exception <a 'java/lang/reflect/InvocationTargetException'> (0x00000000d6888520) thrown at [C:\re\workspace\8-2-build-windows-amd64-cygwin\jdk8u161\10277\hotspot\src\share\vm\runtime\reflection.cpp, line 1092]
Event: 3.177 Thread 0x0000000018e62800 Implicit null exception at 0x0000000002f9ec67 to 0x0000000002fa1cfd
Event: 3.509 Thread 0x0000000018e4e800 Implicit null exception at 0x0000000002ccf5a3 to 0x0000000002ccf8c1
Event: 4.601 Thread 0x0000000026c4b000 Exception <a 'java/lang/IllegalStateException'> (0x00000000d64cee50) thrown at [C:\re\workspace\8-2-build-windows-amd64-cygwin\jdk8u161\10277\hotspot\src\share\vm\prims\jvm.cpp, line 1394]

Events (10 events):
Event: 4.599 loading class java/util/IdentityHashMap$KeyIterator done
Event: 4.599 Thread 0x0000000026c4b000 Thread added: 0x0000000026c4b000
Event: 4.599 Thread 0x0000000021b0e800 Thread added: 0x0000000021b0e800
Event: 4.600 loading class com/sun/javafx/tk/quantum/QuantumRenderer
Event: 4.600 loading class com/sun/javafx/tk/quantum/QuantumRenderer done
Event: 4.600 Thread 0x0000000021b0e800 Thread exited: 0x0000000021b0e800
Event: 4.600 loading class com/sun/javafx/tk/quantum/QuantumToolkit
Event: 4.600 loading class com/sun/javafx/tk/quantum/QuantumToolkit done
Event: 4.601 Thread 0x0000000026c4b000 Thread exited: 0x0000000026c4b000
Event: 4.601 Executing VM operation: Exit


Dynamic libraries:
0x00007ff602410000 - 0x00007ff602447000 	C:\Program Files\Java\jdk1.8.0_161\bin\javaw.exe
0x00007ffda02a0000 - 0x00007ffda0481000 	C:\WINDOWS\SYSTEM32\ntdll.dll
0x00007ffd9f8f0000 - 0x00007ffd9f9a2000 	C:\WINDOWS\System32\KERNEL32.DLL
0x00007ffd9c8b0000 - 0x00007ffd9cb23000 	C:\WINDOWS\System32\KERNELBASE.dll
0x00007ffd9fd10000 - 0x00007ffd9fdb1000 	C:\WINDOWS\System32\ADVAPI32.dll
0x00007ffd9ffe0000 - 0x00007ffda007e000 	C:\WINDOWS\System32\msvcrt.dll
0x00007ffd9ec10000 - 0x00007ffd9ec6b000 	C:\WINDOWS\System32\sechost.dll
0x00007ffda0140000 - 0x00007ffda0264000 	C:\WINDOWS\System32\RPCRT4.dll
0x00007ffd9fb80000 - 0x00007ffd9fd10000 	C:\WINDOWS\System32\USER32.dll
0x00007ffd9d390000 - 0x00007ffd9d3b0000 	C:\WINDOWS\System32\win32u.dll
0x00007ffd9fdc0000 - 0x00007ffd9fde8000 	C:\WINDOWS\System32\GDI32.dll
0x00007ffd9d590000 - 0x00007ffd9d722000 	C:\WINDOWS\System32\gdi32full.dll
0x00007ffd9cb30000 - 0x00007ffd9cbcf000 	C:\WINDOWS\System32\msvcp_win.dll
0x00007ffd9d490000 - 0x00007ffd9d58a000 	C:\WINDOWS\System32\ucrtbase.dll
0x00007ffd92800000 - 0x00007ffd92a69000 	C:\WINDOWS\WinSxS\amd64_microsoft.windows.common-controls_6595b64144ccf1df_6.0.17134.48_none_b4b2216a3cb4dd3e\COMCTL32.dll
0x00007ffd9ec70000 - 0x00007ffd9ef93000 	C:\WINDOWS\System32\combase.dll
0x00007ffd9d3b0000 - 0x00007ffd9d42a000 	C:\WINDOWS\System32\bcryptPrimitives.dll
0x00007ffd9f9b0000 - 0x00007ffd9f9dd000 	C:\WINDOWS\System32\IMM32.DLL
0x000000005ab60000 - 0x000000005ac32000 	C:\Program Files\Java\jdk1.8.0_161\jre\bin\msvcr100.dll
0x000000005ad30000 - 0x000000005b5cf000 	C:\Program Files\Java\jdk1.8.0_161\jre\bin\server\jvm.dll
0x00007ffd9efa0000 - 0x00007ffd9efa8000 	C:\WINDOWS\System32\PSAPI.DLL
0x00007ffd8a250000 - 0x00007ffd8a259000 	C:\WINDOWS\SYSTEM32\WSOCK32.dll
0x00007ffd9ff70000 - 0x00007ffd9ffdc000 	C:\WINDOWS\System32\WS2_32.dll
0x00007ffd99620000 - 0x00007ffd99643000 	C:\WINDOWS\SYSTEM32\WINMM.dll
0x00007ffd99cb0000 - 0x00007ffd99cba000 	C:\WINDOWS\SYSTEM32\VERSION.dll
0x00007ffd99590000 - 0x00007ffd995ba000 	C:\WINDOWS\SYSTEM32\WINMMBASE.dll
0x00007ffd9c860000 - 0x00007ffd9c8a9000 	C:\WINDOWS\System32\cfgmgr32.dll
0x000000005ad20000 - 0x000000005ad2f000 	C:\Program Files\Java\jdk1.8.0_161\jre\bin\verify.dll
0x000000005acf0000 - 0x000000005ad19000 	C:\Program Files\Java\jdk1.8.0_161\jre\bin\java.dll
0x000000005acd0000 - 0x000000005ace6000 	C:\Program Files\Java\jdk1.8.0_161\jre\bin\zip.dll
0x00007ffd9d7d0000 - 0x00007ffd9ec10000 	C:\WINDOWS\System32\SHELL32.dll
0x00007ffda0080000 - 0x00007ffda0129000 	C:\WINDOWS\System32\shcore.dll
0x00007ffd9cbd0000 - 0x00007ffd9d2dd000 	C:\WINDOWS\System32\windows.storage.dll
0x00007ffd9efb0000 - 0x00007ffd9f001000 	C:\WINDOWS\System32\shlwapi.dll
0x00007ffd9c610000 - 0x00007ffd9c621000 	C:\WINDOWS\System32\kernel.appcore.dll
0x00007ffd9c650000 - 0x00007ffd9c66f000 	C:\WINDOWS\System32\profapi.dll
0x00007ffd9c5c0000 - 0x00007ffd9c60c000 	C:\WINDOWS\System32\powrprof.dll
0x00007ffd9c5b0000 - 0x00007ffd9c5ba000 	C:\WINDOWS\System32\FLTLIB.DLL
0x00000000023b0000 - 0x00000000023b3000 	C:\Program Files\Java\jdk1.8.0_161\jre\bin\api-ms-win-core-console-l1-1-0.dll
0x00000000024d0000 - 0x00000000024d3000 	C:\Program Files\Java\jdk1.8.0_161\jre\bin\api-ms-win-core-datetime-l1-1-0.dll
0x00000000024e0000 - 0x00000000024e3000 	C:\Program Files\Java\jdk1.8.0_161\jre\bin\api-ms-win-core-debug-l1-1-0.dll
0x00000000024f0000 - 0x00000000024f3000 	C:\Program Files\Java\jdk1.8.0_161\jre\bin\api-ms-win-core-errorhandling-l1-1-0.dll
0x0000000002500000 - 0x0000000002504000 	C:\Program Files\Java\jdk1.8.0_161\jre\bin\api-ms-win-core-file-l1-1-0.dll
0x0000000002510000 - 0x0000000002513000 	C:\Program Files\Java\jdk1.8.0_161\jre\bin\api-ms-win-core-file-l1-2-0.dll
0x0000000019070000 - 0x0000000019073000 	C:\Program Files\Java\jdk1.8.0_161\jre\bin\api-ms-win-core-file-l2-1-0.dll
0x0000000019080000 - 0x0000000019083000 	C:\Program Files\Java\jdk1.8.0_161\jre\bin\api-ms-win-core-handle-l1-1-0.dll
0x0000000019090000 - 0x0000000019093000 	C:\Program Files\Java\jdk1.8.0_161\jre\bin\api-ms-win-core-heap-l1-1-0.dll
0x00000000190a0000 - 0x00000000190a3000 	C:\Program Files\Java\jdk1.8.0_161\jre\bin\api-ms-win-core-interlocked-l1-1-0.dll
0x00000000190b0000 - 0x00000000190b3000 	C:\Program Files\Java\jdk1.8.0_161\jre\bin\api-ms-win-core-libraryloader-l1-1-0.dll
0x00000000190c0000 - 0x00000000190c3000 	C:\Program Files\Java\jdk1.8.0_161\jre\bin\api-ms-win-core-localization-l1-2-0.dll
0x00000000190d0000 - 0x00000000190d3000 	C:\Program Files\Java\jdk1.8.0_161\jre\bin\api-ms-win-core-memory-l1-1-0.dll
0x00000000190e0000 - 0x00000000190e3000 	C:\Program Files\Java\jdk1.8.0_161\jre\bin\api-ms-win-core-namedpipe-l1-1-0.dll
0x00000000190f0000 - 0x00000000190f3000 	C:\Program Files\Java\jdk1.8.0_161\jre\bin\api-ms-win-core-processenvironment-l1-1-0.dll
0x0000000019100000 - 0x0000000019103000 	C:\Program Files\Java\jdk1.8.0_161\jre\bin\api-ms-win-core-processthreads-l1-1-0.dll
0x0000000019110000 - 0x0000000019113000 	C:\Program Files\Java\jdk1.8.0_161\jre\bin\api-ms-win-core-processthreads-l1-1-1.dll
0x0000000019120000 - 0x0000000019123000 	C:\Program Files\Java\jdk1.8.0_161\jre\bin\api-ms-win-core-profile-l1-1-0.dll
0x0000000019130000 - 0x0000000019133000 	C:\Program Files\Java\jdk1.8.0_161\jre\bin\api-ms-win-core-rtlsupport-l1-1-0.dll
0x0000000019140000 - 0x0000000019143000 	C:\Program Files\Java\jdk1.8.0_161\jre\bin\api-ms-win-core-string-l1-1-0.dll
0x0000000019150000 - 0x0000000019153000 	C:\Program Files\Java\jdk1.8.0_161\jre\bin\api-ms-win-core-synch-l1-1-0.dll
0x0000000019160000 - 0x0000000019163000 	C:\Program Files\Java\jdk1.8.0_161\jre\bin\api-ms-win-core-synch-l1-2-0.dll
0x0000000019170000 - 0x0000000019173000 	C:\Program Files\Java\jdk1.8.0_161\jre\bin\api-ms-win-core-sysinfo-l1-1-0.dll
0x0000000019180000 - 0x0000000019183000 	C:\Program Files\Java\jdk1.8.0_161\jre\bin\api-ms-win-core-timezone-l1-1-0.dll
0x0000000019190000 - 0x0000000019193000 	C:\Program Files\Java\jdk1.8.0_161\jre\bin\api-ms-win-core-util-l1-1-0.dll
0x00000000191a0000 - 0x00000000191a3000 	C:\Program Files\Java\jdk1.8.0_161\jre\bin\api-ms-win-crt-conio-l1-1-0.dll
0x00000000191b0000 - 0x00000000191b4000 	C:\Program Files\Java\jdk1.8.0_161\jre\bin\api-ms-win-crt-convert-l1-1-0.dll
0x00000000191c0000 - 0x00000000191c3000 	C:\Program Files\Java\jdk1.8.0_161\jre\bin\api-ms-win-crt-environment-l1-1-0.dll
0x00000000191d0000 - 0x00000000191d3000 	C:\Program Files\Java\jdk1.8.0_161\jre\bin\api-ms-win-crt-filesystem-l1-1-0.dll
0x00000000191e0000 - 0x00000000191e3000 	C:\Program Files\Java\jdk1.8.0_161\jre\bin\api-ms-win-crt-heap-l1-1-0.dll
0x00000000191f0000 - 0x00000000191f3000 	C:\Program Files\Java\jdk1.8.0_161\jre\bin\api-ms-win-crt-locale-l1-1-0.dll
0x0000000019200000 - 0x0000000019205000 	C:\Program Files\Java\jdk1.8.0_161\jre\bin\api-ms-win-crt-math-l1-1-0.dll
0x0000000019210000 - 0x0000000019215000 	C:\Program Files\Java\jdk1.8.0_161\jre\bin\api-ms-win-crt-multibyte-l1-1-0.dll
0x0000000019220000 - 0x0000000019230000 	C:\Program Files\Java\jdk1.8.0_161\jre\bin\api-ms-win-crt-private-l1-1-0.dll
0x0000000019230000 - 0x0000000019233000 	C:\Program Files\Java\jdk1.8.0_161\jre\bin\api-ms-win-crt-process-l1-1-0.dll
0x0000000019240000 - 0x0000000019244000 	C:\Program Files\Java\jdk1.8.0_161\jre\bin\api-ms-win-crt-runtime-l1-1-0.dll
0x0000000019250000 - 0x0000000019254000 	C:\Program Files\Java\jdk1.8.0_161\jre\bin\api-ms-win-crt-stdio-l1-1-0.dll
0x0000000019260000 - 0x0000000019264000 	C:\Program Files\Java\jdk1.8.0_161\jre\bin\api-ms-win-crt-string-l1-1-0.dll
0x0000000019270000 - 0x0000000019273000 	C:\Program Files\Java\jdk1.8.0_161\jre\bin\api-ms-win-crt-time-l1-1-0.dll
0x0000000019280000 - 0x0000000019283000 	C:\Program Files\Java\jdk1.8.0_161\jre\bin\api-ms-win-crt-utility-l1-1-0.dll
0x00007ffd841a0000 - 0x00007ffd84296000 	C:\Program Files\Java\jdk1.8.0_161\jre\bin\ucrtbase.dll
0x00007ffd84d10000 - 0x00007ffd84d61000 	C:\Program Files\Java\jdk1.8.0_161\jre\bin\concrt140.dll
0x00007ffd99a50000 - 0x00007ffd99afa000 	C:\WINDOWS\SYSTEM32\MSVCP140.dll
0x00007ffd99b00000 - 0x00007ffd99b16000 	C:\WINDOWS\SYSTEM32\VCRUNTIME140.dll
0x00007ffd8e160000 - 0x00007ffd8e176000 	C:\Program Files\Java\jdk1.8.0_161\jre\bin\vcruntime140.dll
0x00007ffd6fec0000 - 0x00007ffd6ff5c000 	C:\Program Files\Java\jdk1.8.0_161\jre\bin\msvcp140.dll
0x000000005ab30000 - 0x000000005ab53000 	C:\Program Files\Java\jdk1.8.0_161\jre\bin\prism_d3d.dll
0x00007ffd463b0000 - 0x00007ffd46547000 	C:\WINDOWS\system32\d3d9.dll
0x00007ffd9a9e0000 - 0x00007ffd9aa09000 	C:\WINDOWS\SYSTEM32\dwmapi.dll
0x00007ffd998d0000 - 0x00007ffd99968000 	C:\WINDOWS\system32\uxtheme.dll
0x00007ffd9f070000 - 0x00007ffd9f1c1000 	C:\WINDOWS\System32\ole32.dll
0x00007ffd9f1d0000 - 0x00007ffd9f292000 	C:\WINDOWS\System32\OLEAUT32.dll
0x000000005aae0000 - 0x000000005ab29000 	C:\Program Files\Java\jdk1.8.0_161\jre\bin\glass.dll
0x00007ffd9fe70000 - 0x00007ffd9ff5d000 	C:\WINDOWS\System32\COMDLG32.dll
0x00007ffd9f9e0000 - 0x00007ffd9fb55000 	C:\WINDOWS\System32\MSCTF.dll
0x000000005aac0000 - 0x000000005aad4000 	C:\Program Files\Java\jdk1.8.0_161\jre\bin\javafx_font.dll
0x00007ffd8b010000 - 0x00007ffd8b32c000 	C:\WINDOWS\SYSTEM32\dwrite.dll
0x000000005ac60000 - 0x000000005ac84000 	C:\Program Files\Java\jdk1.8.0_161\jre\bin\sunec.dll
0x000000005acb0000 - 0x000000005acca000 	C:\Program Files\Java\jdk1.8.0_161\jre\bin\net.dll
0x00007ffd9bad0000 - 0x00007ffd9bb36000 	C:\WINDOWS\system32\mswsock.dll
0x00007ffd9b850000 - 0x00007ffd9b888000 	C:\WINDOWS\SYSTEM32\IPHLPAPI.DLL
0x00007ffda0130000 - 0x00007ffda0138000 	C:\WINDOWS\System32\NSI.dll
0x00007ffd94fc0000 - 0x00007ffd94fd6000 	C:\WINDOWS\SYSTEM32\dhcpcsvc6.DLL
0x00007ffd959b0000 - 0x00007ffd959ca000 	C:\WINDOWS\SYSTEM32\dhcpcsvc.DLL
0x000000005ac90000 - 0x000000005aca1000 	C:\Program Files\Java\jdk1.8.0_161\jre\bin\nio.dll
0x00007ffd9d730000 - 0x00007ffd9d7d0000 	C:\WINDOWS\System32\clbcatq.dll
0x00007ffd964f0000 - 0x00007ffd9669e000 	C:\WINDOWS\SYSTEM32\WindowsCodecs.dll
0x00007ffd614f0000 - 0x00007ffd61548000 	C:\WINDOWS\system32\dataexchange.dll
0x00007ffd98460000 - 0x00007ffd9876b000 	C:\WINDOWS\system32\d3d11.dll
0x00007ffd98d40000 - 0x00007ffd98edc000 	C:\WINDOWS\system32\dcomp.dll
0x00007ffd9afe0000 - 0x00007ffd9b09b000 	C:\WINDOWS\system32\dxgi.dll
0x00007ffd9a820000 - 0x00007ffd9a9d8000 	C:\WINDOWS\system32\twinapi.appcore.dll
0x00007ffd9a770000 - 0x00007ffd9a791000 	C:\WINDOWS\system32\RMCLIENT.dll
0x00007ffd83810000 - 0x00007ffd83844000 	C:\Program Files\Common Files\Microsoft Shared\Ink\rtscom.dll
0x00007ffd8ca60000 - 0x00007ffd8caf8000 	C:\WINDOWS\System32\TextInputFramework.dll
0x00007ffd95ef0000 - 0x00007ffd9620e000 	C:\WINDOWS\System32\CoreUIComponents.dll
0x00007ffd99220000 - 0x00007ffd992fa000 	C:\WINDOWS\System32\CoreMessaging.dll
0x00007ffd97720000 - 0x00007ffd9786d000 	C:\WINDOWS\SYSTEM32\wintypes.dll
0x00007ffd9b370000 - 0x00007ffd9b3a1000 	C:\WINDOWS\SYSTEM32\ntmarta.dll
0x000000005aa90000 - 0x000000005aab3000 	C:\Program Files\Java\jdk1.8.0_161\jre\bin\javafx_iio.dll
0x000000005aa70000 - 0x000000005aa82000 	C:\Program Files\Java\jdk1.8.0_161\jre\bin\prism_common.dll
0x00007ffd9c100000 - 0x00007ffd9c2c9000 	C:\WINDOWS\SYSTEM32\dbghelp.dll

VM Arguments:
jvm_args: -Dfile.encoding=UTF-8 
java_command: com.jeeves.vpl.Main
java_class_path (initial): C:\Program Files\Java\jdk1.8.0_161\jre\lib\resources.jar;C:\Program Files\Java\jdk1.8.0_161\jre\lib\rt.jar;C:\Program Files\Java\jdk1.8.0_161\jre\lib\jsse.jar;C:\Program Files\Java\jdk1.8.0_161\jre\lib\jce.jar;C:\Program Files\Java\jdk1.8.0_161\jre\lib\charsets.jar;C:\Program Files\Java\jdk1.8.0_161\jre\lib\jfr.jar;C:\Program Files\Java\jdk1.8.0_161\jre\lib\ext\access-bridge-64.jar;C:\Program Files\Java\jdk1.8.0_161\jre\lib\ext\cldrdata.jar;C:\Program Files\Java\jdk1.8.0_161\jre\lib\ext\dnsns.jar;C:\Program Files\Java\jdk1.8.0_161\jre\lib\ext\jaccess.jar;C:\Program Files\Java\jdk1.8.0_161\jre\lib\ext\jfxrt.jar;C:\Program Files\Java\jdk1.8.0_161\jre\lib\ext\localedata.jar;C:\Program Files\Java\jdk1.8.0_161\jre\lib\ext\nashorn.jar;C:\Program Files\Java\jdk1.8.0_161\jre\lib\ext\sunec.jar;C:\Program Files\Java\jdk1.8.0_161\jre\lib\ext\sunjce_provider.jar;C:\Program Files\Java\jdk1.8.0_161\jre\lib\ext\sunmscapi.jar;C:\Program Files\Java\jdk1.8.0_161\jre\lib\ext\sunpkcs11.jar;C:\Program Files\Java\jdk1.8.0_161\jre\lib\ext\zipfs.jar;C:\Users\danie\eclipse-workspace\Jeeves\target\classes;C:\Users\danie\eclipse-workspace\Jeeves\poi-3.15.jar;C:\Users\danie\eclipse-workspace\Jeeves\commons-lang3-3.5.jar;C:\Users\danie\eclipse-workspace\Jeeves\controlsfx-8.40.12.jar;C:\Users\danie\.m2\repository\commons-codec\commons-codec\1.9\commons-codec-1.9.jar;C:\Users\danie\.m2\repository\commons-validator\commons-validator\1.4.1\commons-validator-1.4.1.jar;C:\Users\danie\.m2\repository\commons-beanutils\commons-beanutils\1.8.3\commons-beanutils-1.8.3.jar;C:\Users\danie\.m2\repository\commons-digester\commons-digester\1.8.1\commons-digester-1.8.1.jar;C:\Users\danie\.m2\repository\commons-logging\commons-logging\1.2\commons-logging-1.2.jar;C:\Users\danie\.m2\repository\commons-collections\commons-collections\3.2.1\commons-collections-3.2.1.jar;C:\Users\danie\.m2\repository\org\apache\shiro\shiro-core\1.3.2\shiro-core-1.3.2.jar;C:\Users\danie\.m2\repository\org\
Launcher Type: SUN_STANDARD

Environment Variables:
JAVA_HOME=c:\program files\java\jdk1.8.0_161
PATH=C:/Program Files/Java/jdk1.8.0_161/bin/../jre/bin/server;C:/Program Files/Java/jdk1.8.0_161/bin/../jre/bin;C:/Program Files/Java/jdk1.8.0_161/bin/../jre/lib/amd64;C:\Program Files (x86)\Common Files\Oracle\Java\javapath;C:\ProgramData\Oracle\Java\javapath;C:\Program Files (x86)\Intel\Intel(R) Management Engine Components\iCLS\;C:\Program Files\Intel\Intel(R) Management Engine Components\iCLS\;C:\Windows\system32;C:\Windows;C:\Windows\System32\Wbem;C:\Windows\System32\WindowsPowerShell\v1.0\;C:\Program Files (x86)\Intel\Intel(R) Management Engine Components\DAL;C:\Program Files\Intel\Intel(R) Management Engine Components\DAL;C:\Program Files (x86)\Intel\Intel(R) Management Engine Components\IPT;C:\Program Files\Intel\Intel(R) Management Engine Components\IPT;C:\Program Files\Intel\WiFi\bin\;C:\Program Files\Common Files\Intel\WirelessCommon\;C:\Program Files (x86)\NVIDIA Corporation\PhysX\Common;C:\Python27;C:\Python27\Scripts;C:\Program Files\Git\cmd;C:\Program Files\Git\mingw64\bin;C:\Program Files\Git\usr\bin;C:\WINDOWS\system32;C:\WINDOWS;C:\WINDOWS\System32\Wbem;C:\WINDOWS\System32\WindowsPowerShell\v1.0\;C:\WINDOWS\System32\OpenSSH\;c:\jruby-9.1.8.0\bin;C:\Ruby24-x64\bin;C:\Users\danie\AppData\Local\Microsoft\WindowsApps;C:\Program Files\Heroku\bin;;C:\Users\danie\OneDrive\Desktop;
USERNAME=danie
OS=Windows_NT
PROCESSOR_IDENTIFIER=Intel64 Family 6 Model 158 Stepping 9, GenuineIntel



---------------  S Y S T E M  ---------------

OS: Windows 10.0 , 64 bit Build 17134 (10.0.17134.1)

CPU:total 4 (initial active 4) (4 cores per cpu, 1 threads per core) family 6 model 158 stepping 9, cmov, cx8, fxsr, mmx, sse, sse2, sse3, ssse3, sse4.1, sse4.2, popcnt, avx, avx2, aes, clmul, erms, 3dnowpref, lzcnt, tsc, tscinvbit, bmi1, bmi2, adx

Memory: 4k page, physical 8250724k(1971064k free), swap 15328612k(4337548k free)

vm_info: Java HotSpot(TM) 64-Bit Server VM (25.161-b12) for windows-amd64 JRE (1.8.0_161-b12), built on Dec 19 2017 17:52:25 by "java_re" with MS VC++ 10.0 (VS2010)

time: Fri Jun 15 00:39:19 2018
elapsed time: 5 seconds (0d 0h 0m 5s)

