#
# A fatal error has been detected by the Java Runtime Environment:
#
#  EXCEPTION_ACCESS_VIOLATION (0xc0000005) at pc=0x000000005ac5584a, pid=13812, tid=0x0000000000003b9c
#
# JRE version: Java(TM) SE Runtime Environment (8.0_121-b13) (build 1.8.0_121-b13)
# Java VM: Java HotSpot(TM) 64-Bit Server VM (25.121-b13 mixed mode windows-amd64 compressed oops)
# Problematic frame:
# C  [glass.dll+0x2584a]
#
# Failed to write core dump. Minidumps are not enabled by default on client versions of Windows
#
# If you would like to submit a bug report, please visit:
#   http://bugreport.java.com/bugreport/crash.jsp
#

---------------  T H R E A D  ---------------

Current thread (0x0000000017a48000):  VMThread [stack: 0x0000000018ad0000,0x0000000018bd0000] [id=15260]

siginfo: ExceptionCode=0xc0000005, reading address 0x0000000000000000

Registers:
RAX=0x0000000000000000, RBX=0x0000000019a52288, RCX=0x0000000017a48000, RDX=0x0000000019a52288
RSP=0x0000000018bcf840, RBP=0x0000000000fb8df0, RSI=0x0000000000000001, RDI=0x0000000000000000
R8 =0x0000000000010002, R9 =0x0000000000fb8df0, R10=0x0000000000000000, R11=0x0000000000000246
R12=0x0000000000fb8e20, R13=0x0000000000fb8df0, R14=0x0000000000fb8e00, R15=0x0000000000000000
RIP=0x000000005ac5584a, EFLAGS=0x0000000000010202

Top of Stack: (sp=0x0000000018bcf840)
0x0000000018bcf840:   0000000000000000 000000005ac55900
0x0000000018bcf850:   0000000000000000 0000000000fb8df0
0x0000000018bcf860:   000000005ac55830 000000005ac53224
0x0000000018bcf870:   000000005ac691b0 000000007ceca131
0x0000000018bcf880:   0000000017955400 00007ffcc9325aa2
0x0000000018bcf890:   000000005ac53384 000000005ac30000
0x0000000018bcf8a0:   00007ffccc5d31b0 000000005ac534a6
0x0000000018bcf8b0:   0000000000000001 0000000017955400
0x0000000018bcf8c0:   0000000000000000 0000000000000000
0x0000000018bcf8d0:   c000000500000001 0000000018bce9d0
0x0000000018bcf8e0:   000000005ac53384 00007ffccc4aa35f
0x0000000018bcf8f0:   0000000000000000 0000000000000001
0x0000000018bcf900:   000000005ac30000 0000000000000000
0x0000000018bcf910:   0000f141a8dead46 0000000000f98100
0x0000000018bcf920:   00007ffccbd14200 0000000002db2600
0x0000000018bcf930:   0000000002db2600 0000000000f9ccb0 

Instructions: (pc=0x000000005ac5584a)
0x000000005ac5582a:   83 c4 20 5d c3 cc 40 53 48 83 ec 20 48 8b 1d cb
0x000000005ac5583a:   5b 01 00 48 85 db 74 1a e8 19 93 ff ff 48 8b d3
0x000000005ac5584a:   4c 8b 00 48 8b c8 48 83 c4 20 5b 49 ff a0 b0 00
0x000000005ac5585a:   00 00 48 83 c4 20 5b c3 cc cc cc cc cc cc cc cc 


Register to memory mapping:

RAX=0x0000000000000000 is an unknown value
RBX=0x0000000019a52288 is a global jni handle
RCX=0x0000000017a48000 is an unknown value
RDX=0x0000000019a52288 is a global jni handle
RSP=0x0000000018bcf840 is an unknown value
RBP=0x0000000000fb8df0 is an unknown value
RSI=0x0000000000000001 is an unknown value
RDI=0x0000000000000000 is an unknown value
R8 =0x0000000000010002 is an unknown value
R9 =0x0000000000fb8df0 is an unknown value
R10=0x0000000000000000 is an unknown value
R11=0x0000000000000246 is an unknown value
R12=0x0000000000fb8e20 is an unknown value
R13=0x0000000000fb8df0 is an unknown value
R14=0x0000000000fb8e00 is an unknown value
R15=0x0000000000000000 is an unknown value


Stack: [0x0000000018ad0000,0x0000000018bd0000],  sp=0x0000000018bcf840,  free space=1022k
Native frames: (J=compiled Java code, j=interpreted, Vv=VM code, C=native code)
C  [glass.dll+0x2584a]
C  [glass.dll+0x23224]
C  [glass.dll+0x234a6]
C  [ntdll.dll+0x2a35f]
C  [ntdll.dll+0x806b]
C  [ntdll.dll+0x7d94]
C  [KERNEL32.DLL+0x1ce6a]
C  [msvcr100.dll+0x20ccd]
V  [jvm.dll+0x212cb5]
V  [jvm.dll+0x24bd17]
V  [jvm.dll+0x24afb6]
V  [jvm.dll+0x24b451]
V  [jvm.dll+0x24b66e]
V  [jvm.dll+0x29c69a]
C  [msvcr100.dll+0x21d9f]
C  [msvcr100.dll+0x21e3b]
C  [KERNEL32.DLL+0x8364]
C  [ntdll.dll+0x670d1]

VM_Operation (0x000000001a59ac30): Exit, mode: safepoint, requested by thread 0x00000000199cb000


---------------  P R O C E S S  ---------------

Java Threads: ( => current thread )
  0x000000001a083000 JavaThread "Prism Font Disposer" daemon [_thread_blocked, id=5380, stack(0x0000000021920000,0x0000000021a20000)]
  0x0000000019ab1000 JavaThread "JavaFX-Launcher" [_thread_blocked, id=1076, stack(0x000000001ec60000,0x000000001ed60000)]
  0x0000000019ab8800 JavaThread "Thread-2" daemon [_thread_in_native, id=3028, stack(0x000000001eb60000,0x000000001ec60000)]
  0x00000000199cb000 JavaThread "JavaFX Application Thread" [_thread_blocked, id=12764, stack(0x000000001a4a0000,0x000000001a5a0000)]
  0x00000000197bd000 JavaThread "Thread-1" daemon [_thread_blocked, id=11808, stack(0x000000001a3a0000,0x000000001a4a0000)]
  0x000000001978b800 JavaThread "QuantumRenderer-0" daemon [_thread_blocked, id=4232, stack(0x000000001a1c0000,0x000000001a2c0000)]
  0x00000000193f0800 JavaThread "Service Thread" daemon [_thread_blocked, id=4128, stack(0x00000000197c0000,0x00000000198c0000)]
  0x0000000017a92800 JavaThread "C1 CompilerThread2" daemon [_thread_blocked, id=13568, stack(0x00000000192c0000,0x00000000193c0000)]
  0x0000000017a83800 JavaThread "C2 CompilerThread1" daemon [_thread_blocked, id=13540, stack(0x00000000191c0000,0x00000000192c0000)]
  0x0000000017a80800 JavaThread "C2 CompilerThread0" daemon [_thread_blocked, id=13028, stack(0x00000000190c0000,0x00000000191c0000)]
  0x0000000017a7f000 JavaThread "Attach Listener" daemon [_thread_blocked, id=9760, stack(0x0000000018fc0000,0x00000000190c0000)]
  0x0000000017a7e000 JavaThread "Signal Dispatcher" daemon [_thread_blocked, id=10236, stack(0x0000000018ec0000,0x0000000018fc0000)]
  0x0000000017a6a800 JavaThread "Finalizer" daemon [_thread_blocked, id=15348, stack(0x0000000018cd0000,0x0000000018dd0000)]
  0x0000000002eb1800 JavaThread "Reference Handler" daemon [_thread_blocked, id=9064, stack(0x0000000018bd0000,0x0000000018cd0000)]
  0x0000000002dbe800 JavaThread "main" [_thread_blocked, id=8720, stack(0x0000000002c90000,0x0000000002d90000)]

Other Threads:
=>0x0000000017a48000 VMThread [stack: 0x0000000018ad0000,0x0000000018bd0000] [id=15260]

VM state:at safepoint (shutting down)

VM Mutex/Monitor currently owned by a thread:  ([mutex/lock_event])
[0x0000000002dc0b50] Threads_lock - owner thread: 0x0000000017a48000

Heap:
 PSYoungGen      total 79872K, used 56092K [0x00000000d5b00000, 0x00000000db800000, 0x0000000100000000)
  eden space 66560K, 84% used [0x00000000d5b00000,0x00000000d91c7008,0x00000000d9c00000)
  from space 13312K, 0% used [0x00000000dab00000,0x00000000dab00000,0x00000000db800000)
  to   space 14336K, 0% used [0x00000000d9c00000,0x00000000d9c00000,0x00000000daa00000)
 ParOldGen       total 72704K, used 18452K [0x0000000081000000, 0x0000000085700000, 0x00000000d5b00000)
  object space 72704K, 25% used [0x0000000081000000,0x00000000822050d0,0x0000000085700000)
 Metaspace       used 25889K, capacity 27960K, committed 28208K, reserved 1073152K
  class space    used 3788K, capacity 4141K, committed 4144K, reserved 1048576K

Card table byte_map: [0x0000000012280000,0x0000000012680000] byte_map_base: 0x0000000011e78000

Marking Bits: (ParMarkBitMap*) 0x000000005b57b6d0
 Begin Bits: [0x0000000012d30000, 0x0000000014cf0000)
 End Bits:   [0x0000000014cf0000, 0x0000000016cb0000)

Polling page: 0x00000000014f0000

CodeCache: size=245760Kb used=13693Kb max_used=13703Kb free=232066Kb
 bounds [0x0000000002ec0000, 0x0000000003c30000, 0x0000000011ec0000]
 total_blobs=5167 nmethods=4454 adapters=624
 compilation: enabled

Compilation events (10 events):
Event: 8.844 Thread 0x0000000017a92800 4525       3       java.util.concurrent.locks.ReentrantLock::lock (8 bytes)
Event: 8.845 Thread 0x0000000017a92800 nmethod 4525 0x0000000003c1f490 code [0x0000000003c1f600, 0x0000000003c1f828]
Event: 8.845 Thread 0x0000000017a92800 4526       3       java.util.concurrent.locks.ReentrantLock$NonfairSync::lock (25 bytes)
Event: 8.845 Thread 0x0000000017a92800 nmethod 4526 0x0000000003c27b10 code [0x0000000003c27ce0, 0x0000000003c28538]
Event: 8.847 Thread 0x0000000017a92800 4527       1       com.sun.javafx.tk.quantum.QuantumToolkit::getPerformanceTracker (5 bytes)
Event: 8.847 Thread 0x0000000017a92800 nmethod 4527 0x0000000003c28790 code [0x0000000003c288e0, 0x0000000003c289f0]
Event: 8.848 Thread 0x0000000017a80800 4528       4       java.util.ArrayList::rangeCheck (22 bytes)
Event: 8.848 Thread 0x0000000017a80800 nmethod 4528 0x0000000003c2b6d0 code [0x0000000003c2b800, 0x0000000003c2b878]
Event: 8.849 Thread 0x0000000017a92800 4529       1       java.util.logging.Logger::getName (5 bytes)
Event: 8.850 Thread 0x0000000017a92800 nmethod 4529 0x0000000003c2b410 code [0x0000000003c2b560, 0x0000000003c2b670]

GC Heap History (10 events):
Event: 2.733 GC heap before
{Heap before GC invocations=3 (full 0):
 PSYoungGen      total 38400K, used 38368K [0x00000000d5b00000, 0x00000000d8580000, 0x0000000100000000)
  eden space 33280K, 100% used [0x00000000d5b00000,0x00000000d7b80000,0x00000000d7b80000)
  from space 5120K, 99% used [0x00000000d8080000,0x00000000d85780a0,0x00000000d8580000)
  to   space 5120K, 0% used [0x00000000d7b80000,0x00000000d7b80000,0x00000000d8080000)
 ParOldGen       total 87552K, used 10674K [0x0000000081000000, 0x0000000086580000, 0x00000000d5b00000)
  object space 87552K, 12% used [0x0000000081000000,0x0000000081a6c940,0x0000000086580000)
 Metaspace       used 19014K, capacity 19904K, committed 20096K, reserved 1067008K
  class space    used 2683K, capacity 2877K, committed 2944K, reserved 1048576K
Event: 2.743 GC heap after
Heap after GC invocations=3 (full 0):
 PSYoungGen      total 38400K, used 5104K [0x00000000d5b00000, 0x00000000d8580000, 0x0000000100000000)
  eden space 33280K, 0% used [0x00000000d5b00000,0x00000000d5b00000,0x00000000d7b80000)
  from space 5120K, 99% used [0x00000000d7b80000,0x00000000d807c090,0x00000000d8080000)
  to   space 5120K, 0% used [0x00000000d8080000,0x00000000d8080000,0x00000000d8580000)
 ParOldGen       total 87552K, used 12204K [0x0000000081000000, 0x0000000086580000, 0x00000000d5b00000)
  object space 87552K, 13% used [0x0000000081000000,0x0000000081beb3f0,0x0000000086580000)
 Metaspace       used 19014K, capacity 19904K, committed 20096K, reserved 1067008K
  class space    used 2683K, capacity 2877K, committed 2944K, reserved 1048576K
}
Event: 3.834 GC heap before
{Heap before GC invocations=4 (full 0):
 PSYoungGen      total 38400K, used 38384K [0x00000000d5b00000, 0x00000000d8580000, 0x0000000100000000)
  eden space 33280K, 100% used [0x00000000d5b00000,0x00000000d7b80000,0x00000000d7b80000)
  from space 5120K, 99% used [0x00000000d7b80000,0x00000000d807c090,0x00000000d8080000)
  to   space 5120K, 0% used [0x00000000d8080000,0x00000000d8080000,0x00000000d8580000)
 ParOldGen       total 87552K, used 12204K [0x0000000081000000, 0x0000000086580000, 0x00000000d5b00000)
  object space 87552K, 13% used [0x0000000081000000,0x0000000081beb3f0,0x0000000086580000)
 Metaspace       used 19705K, capacity 20678K, committed 20736K, reserved 1067008K
  class space    used 2820K, capacity 3038K, committed 3072K, reserved 1048576K
Event: 3.844 GC heap after
Heap after GC invocations=4 (full 0):
 PSYoungGen      total 38400K, used 5088K [0x00000000d5b00000, 0x00000000d8580000, 0x0000000100000000)
  eden space 33280K, 0% used [0x00000000d5b00000,0x00000000d5b00000,0x00000000d7b80000)
  from space 5120K, 99% used [0x00000000d8080000,0x00000000d85780a0,0x00000000d8580000)
  to   space 5120K, 0% used [0x00000000d7b80000,0x00000000d7b80000,0x00000000d8080000)
 ParOldGen       total 87552K, used 13570K [0x0000000081000000, 0x0000000086580000, 0x00000000d5b00000)
  object space 87552K, 15% used [0x0000000081000000,0x0000000081d40870,0x0000000086580000)
 Metaspace       used 19705K, capacity 20678K, committed 20736K, reserved 1067008K
  class space    used 2820K, capacity 3038K, committed 3072K, reserved 1048576K
}
Event: 4.075 GC heap before
{Heap before GC invocations=5 (full 0):
 PSYoungGen      total 38400K, used 38368K [0x00000000d5b00000, 0x00000000d8580000, 0x0000000100000000)
  eden space 33280K, 100% used [0x00000000d5b00000,0x00000000d7b80000,0x00000000d7b80000)
  from space 5120K, 99% used [0x00000000d8080000,0x00000000d85780a0,0x00000000d8580000)
  to   space 5120K, 0% used [0x00000000d7b80000,0x00000000d7b80000,0x00000000d8080000)
 ParOldGen       total 87552K, used 13570K [0x0000000081000000, 0x0000000086580000, 0x00000000d5b00000)
  object space 87552K, 15% used [0x0000000081000000,0x0000000081d40870,0x0000000086580000)
 Metaspace       used 19844K, capacity 20892K, committed 20992K, reserved 1067008K
  class space    used 2826K, capacity 3049K, committed 3072K, reserved 1048576K
Event: 4.087 GC heap after
Heap after GC invocations=5 (full 0):
 PSYoungGen      total 38400K, used 5088K [0x00000000d5b00000, 0x00000000dba00000, 0x0000000100000000)
  eden space 33280K, 0% used [0x00000000d5b00000,0x00000000d5b00000,0x00000000d7b80000)
  from space 5120K, 99% used [0x00000000d7b80000,0x00000000d8078090,0x00000000d8080000)
  to   space 15360K, 0% used [0x00000000dab00000,0x00000000dab00000,0x00000000dba00000)
 ParOldGen       total 87552K, used 14674K [0x0000000081000000, 0x0000000086580000, 0x00000000d5b00000)
  object space 87552K, 16% used [0x0000000081000000,0x0000000081e548a0,0x0000000086580000)
 Metaspace       used 19844K, capacity 20892K, committed 20992K, reserved 1067008K
  class space    used 2826K, capacity 3049K, committed 3072K, reserved 1048576K
}
Event: 4.224 GC heap before
{Heap before GC invocations=6 (full 0):
 PSYoungGen      total 38400K, used 25063K [0x00000000d5b00000, 0x00000000dba00000, 0x0000000100000000)
  eden space 33280K, 60% used [0x00000000d5b00000,0x00000000d6e81b70,0x00000000d7b80000)
  from space 5120K, 99% used [0x00000000d7b80000,0x00000000d8078090,0x00000000d8080000)
  to   space 15360K, 0% used [0x00000000dab00000,0x00000000dab00000,0x00000000dba00000)
 ParOldGen       total 87552K, used 14674K [0x0000000081000000, 0x0000000086580000, 0x00000000d5b00000)
  object space 87552K, 16% used [0x0000000081000000,0x0000000081e548a0,0x0000000086580000)
 Metaspace       used 20175K, capacity 21248K, committed 21296K, reserved 1067008K
  class space    used 2875K, capacity 3095K, committed 3120K, reserved 1048576K
Event: 4.232 GC heap after
Heap after GC invocations=6 (full 0):
 PSYoungGen      total 79872K, used 5860K [0x00000000d5b00000, 0x00000000db800000, 0x0000000100000000)
  eden space 66560K, 0% used [0x00000000d5b00000,0x00000000d5b00000,0x00000000d9c00000)
  from space 13312K, 44% used [0x00000000dab00000,0x00000000db0b9340,0x00000000db800000)
  to   space 14336K, 0% used [0x00000000d9c00000,0x00000000d9c00000,0x00000000daa00000)
 ParOldGen       total 87552K, used 14674K [0x0000000081000000, 0x0000000086580000, 0x00000000d5b00000)
  object space 87552K, 16% used [0x0000000081000000,0x0000000081e548a0,0x0000000086580000)
 Metaspace       used 20175K, capacity 21248K, committed 21296K, reserved 1067008K
  class space    used 2875K, capacity 3095K, committed 3120K, reserved 1048576K
}
Event: 4.232 GC heap before
{Heap before GC invocations=7 (full 1):
 PSYoungGen      total 79872K, used 5860K [0x00000000d5b00000, 0x00000000db800000, 0x0000000100000000)
  eden space 66560K, 0% used [0x00000000d5b00000,0x00000000d5b00000,0x00000000d9c00000)
  from space 13312K, 44% used [0x00000000dab00000,0x00000000db0b9340,0x00000000db800000)
  to   space 14336K, 0% used [0x00000000d9c00000,0x00000000d9c00000,0x00000000daa00000)
 ParOldGen       total 87552K, used 14674K [0x0000000081000000, 0x0000000086580000, 0x00000000d5b00000)
  object space 87552K, 16% used [0x0000000081000000,0x0000000081e548a0,0x0000000086580000)
 Metaspace       used 20175K, capacity 21248K, committed 21296K, reserved 1067008K
  class space    used 2875K, capacity 3095K, committed 3120K, reserved 1048576K
Event: 4.288 GC heap after
Heap after GC invocations=7 (full 1):
 PSYoungGen      total 79872K, used 0K [0x00000000d5b00000, 0x00000000db800000, 0x0000000100000000)
  eden space 66560K, 0% used [0x00000000d5b00000,0x00000000d5b00000,0x00000000d9c00000)
  from space 13312K, 0% used [0x00000000dab00000,0x00000000dab00000,0x00000000db800000)
  to   space 14336K, 0% used [0x00000000d9c00000,0x00000000d9c00000,0x00000000daa00000)
 ParOldGen       total 72704K, used 18452K [0x0000000081000000, 0x0000000085700000, 0x00000000d5b00000)
  object space 72704K, 25% used [0x0000000081000000,0x00000000822050d0,0x0000000085700000)
 Metaspace       used 20175K, capacity 21248K, committed 21296K, reserved 1067008K
  class space    used 2875K, capacity 3095K, committed 3120K, reserved 1048576K
}

Deoptimization events (10 events):
Event: 6.069 Thread 0x000000001978b800 Uncommon trap: reason=class_check action=maybe_recompile pc=0x00000000039995a4 method=java.util.WeakHashMap.eq(Ljava/lang/Object;Ljava/lang/Object;)Z @ 7
Event: 6.071 Thread 0x000000001978b800 Uncommon trap: reason=class_check action=maybe_recompile pc=0x00000000039995a4 method=java.util.WeakHashMap.eq(Ljava/lang/Object;Ljava/lang/Object;)Z @ 7
Event: 6.285 Thread 0x00000000199cb000 Uncommon trap: reason=unstable_if action=reinterpret pc=0x00000000030ab780 method=java.lang.CharacterData.of(I)Ljava/lang/CharacterData; @ 4
Event: 6.317 Thread 0x00000000199cb000 Uncommon trap: reason=unstable_if action=reinterpret pc=0x0000000003a41594 method=javafx.scene.Node.markDirtyLayoutBranch()V @ 16
Event: 6.322 Thread 0x00000000199cb000 Uncommon trap: reason=unstable_if action=reinterpret pc=0x000000000361aa44 method=java.util.EnumMap.isValidKey(Ljava/lang/Object;)Z @ 16
Event: 6.448 Thread 0x00000000199cb000 Uncommon trap: reason=class_check action=maybe_recompile pc=0x00000000034f9eb0 method=java.io.FilterInputStream.read()I @ 4
Event: 6.448 Thread 0x00000000199cb000 Uncommon trap: reason=class_check action=maybe_recompile pc=0x00000000034f9eb0 method=java.io.FilterInputStream.read()I @ 4
Event: 6.448 Thread 0x00000000199cb000 Uncommon trap: reason=class_check action=maybe_recompile pc=0x00000000034f9eb0 method=java.io.FilterInputStream.read()I @ 4
Event: 6.448 Thread 0x00000000199cb000 Uncommon trap: reason=class_check action=maybe_recompile pc=0x00000000034f9eb0 method=java.io.FilterInputStream.read()I @ 4
Event: 7.807 Thread 0x00000000199cb000 Uncommon trap: reason=unstable_if action=reinterpret pc=0x00000000032c53e8 method=jdk.internal.org.objectweb.asm.Type.getArgumentsAndReturnSizes(Ljava/lang/String;)I @ 47

Internal exceptions (10 events):
Event: 1.778 Thread 0x00000000199cb000 Implicit null exception at 0x000000000325b994 to 0x000000000325bfcd
Event: 1.989 Thread 0x00000000199cb000 Implicit null exception at 0x0000000003132c16 to 0x0000000003132fb9
Event: 2.132 Thread 0x00000000199cb000 Exception <a 'java/lang/ArrayIndexOutOfBoundsException': 57> (0x00000000d5ff57c8) thrown at [C:\re\workspace\8-2-build-windows-amd64-cygwin\jdk8u121\8372\hotspot\src\share\vm\interpreter\interpreterRuntime.cpp, line 366]
Event: 2.565 Thread 0x00000000199cb000 Implicit null exception at 0x00000000031c3d75 to 0x00000000031c3f91
Event: 2.565 Thread 0x00000000199cb000 Implicit null exception at 0x00000000032e9058 to 0x00000000032e90e6
Event: 4.711 Thread 0x00000000199cb000 Implicit null exception at 0x0000000003829a9a to 0x000000000382a2a9
Event: 5.101 Thread 0x00000000199cb000 Implicit null exception at 0x00000000039549d5 to 0x000000000395863d
Event: 5.911 Thread 0x000000001978b800 Implicit null exception at 0x00000000036d239e to 0x00000000036d55d9
Event: 5.965 Thread 0x000000001978b800 Implicit null exception at 0x00000000036938b4 to 0x0000000003696d69
Event: 8.850 Thread 0x00000000289da000 Exception <a 'java/lang/IllegalStateException'> (0x00000000d90806b0) thrown at [C:\re\workspace\8-2-build-windows-amd64-cygwin\jdk8u121\8372\hotspot\src\share\vm\prims\jvm.cpp, line 1394]

Events (10 events):
Event: 8.849 loading class java/util/IdentityHashMap$KeyIterator done
Event: 8.849 Thread 0x00000000289da000 Thread added: 0x00000000289da000
Event: 8.849 Thread 0x00000000212a9000 Thread added: 0x00000000212a9000
Event: 8.849 loading class com/sun/javafx/tk/quantum/QuantumRenderer
Event: 8.849 loading class com/sun/javafx/tk/quantum/QuantumRenderer done
Event: 8.850 Thread 0x00000000212a9000 Thread exited: 0x00000000212a9000
Event: 8.850 loading class com/sun/javafx/tk/quantum/QuantumToolkit
Event: 8.850 loading class com/sun/javafx/tk/quantum/QuantumToolkit done
Event: 8.850 Thread 0x00000000289da000 Thread exited: 0x00000000289da000
Event: 8.850 Executing VM operation: Exit


Dynamic libraries:
0x00007ff666b80000 - 0x00007ff666bb7000 	C:\Program Files\Java\jdk1.8.0_121\bin\javaw.exe
0x00007ffccc480000 - 0x00007ffccc651000 	C:\WINDOWS\SYSTEM32\ntdll.dll
0x00007ffccba80000 - 0x00007ffccbb2c000 	C:\WINDOWS\System32\KERNEL32.DLL
0x00007ffcc9300000 - 0x00007ffcc951d000 	C:\WINDOWS\System32\KERNELBASE.dll
0x00007ffcc9a70000 - 0x00007ffcc9b12000 	C:\WINDOWS\System32\ADVAPI32.dll
0x00007ffccbb30000 - 0x00007ffccbbce000 	C:\WINDOWS\System32\msvcrt.dll
0x00007ffcc9b20000 - 0x00007ffcc9b79000 	C:\WINDOWS\System32\sechost.dll
0x00007ffccb210000 - 0x00007ffccb331000 	C:\WINDOWS\System32\RPCRT4.dll
0x00007ffcc9b90000 - 0x00007ffcc9cf5000 	C:\WINDOWS\System32\USER32.dll
0x00007ffcc8980000 - 0x00007ffcc899e000 	C:\WINDOWS\System32\win32u.dll
0x00007ffccb340000 - 0x00007ffccb374000 	C:\WINDOWS\System32\GDI32.dll
0x00007ffcc9890000 - 0x00007ffcc9a10000 	C:\WINDOWS\System32\gdi32full.dll
0x00007ffcc0b30000 - 0x00007ffcc0daa000 	C:\WINDOWS\WinSxS\amd64_microsoft.windows.common-controls_6595b64144ccf1df_6.0.14393.953_none_42151e83c686086b\COMCTL32.dll
0x00007ffccb380000 - 0x00007ffccb648000 	C:\WINDOWS\System32\combase.dll
0x00007ffcc9790000 - 0x00007ffcc9885000 	C:\WINDOWS\System32\ucrtbase.dll
0x00007ffcc8a50000 - 0x00007ffcc8aba000 	C:\WINDOWS\System32\bcryptPrimitives.dll
0x00007ffccc3c0000 - 0x00007ffccc3ee000 	C:\WINDOWS\System32\IMM32.DLL
0x000000005ac80000 - 0x000000005ad52000 	C:\Program Files\Java\jdk1.8.0_121\jre\bin\msvcr100.dll
0x000000005ad60000 - 0x000000005b5fb000 	C:\Program Files\Java\jdk1.8.0_121\jre\bin\server\jvm.dll
0x00007ffcc9b80000 - 0x00007ffcc9b88000 	C:\WINDOWS\System32\PSAPI.DLL
0x00007ffcc6e30000 - 0x00007ffcc6e53000 	C:\WINDOWS\SYSTEM32\WINMM.dll
0x00007ffcbe290000 - 0x00007ffcbe29a000 	C:\WINDOWS\SYSTEM32\VERSION.dll
0x00007ffcba860000 - 0x00007ffcba869000 	C:\WINDOWS\SYSTEM32\WSOCK32.dll
0x00007ffccc350000 - 0x00007ffccc3ba000 	C:\WINDOWS\System32\WS2_32.dll
0x0000000001520000 - 0x000000000154b000 	C:\WINDOWS\SYSTEM32\WINMMBASE.dll
0x00007ffcc92b0000 - 0x00007ffcc92f2000 	C:\WINDOWS\System32\cfgmgr32.dll
0x000000005b7e0000 - 0x000000005b7ef000 	C:\Program Files\Java\jdk1.8.0_121\jre\bin\verify.dll
0x000000005b7b0000 - 0x000000005b7d9000 	C:\Program Files\Java\jdk1.8.0_121\jre\bin\java.dll
0x000000005b790000 - 0x000000005b7a6000 	C:\Program Files\Java\jdk1.8.0_121\jre\bin\zip.dll
0x00007ffcc9d00000 - 0x00007ffccb208000 	C:\WINDOWS\System32\SHELL32.dll
0x00007ffcc8b70000 - 0x00007ffcc924a000 	C:\WINDOWS\System32\windows.storage.dll
0x00007ffcc8930000 - 0x00007ffcc897c000 	C:\WINDOWS\System32\powrprof.dll
0x00007ffccbf70000 - 0x00007ffccbfc2000 	C:\WINDOWS\System32\shlwapi.dll
0x00007ffcc8910000 - 0x00007ffcc891f000 	C:\WINDOWS\System32\kernel.appcore.dll
0x00007ffcc89a0000 - 0x00007ffcc8a49000 	C:\WINDOWS\System32\shcore.dll
0x00007ffcc88f0000 - 0x00007ffcc8904000 	C:\WINDOWS\System32\profapi.dll
0x00007ffca2280000 - 0x00007ffca236f000 	C:\Program Files\Java\jdk1.8.0_121\jre\bin\msvcr120.dll
0x00007ffca2b70000 - 0x00007ffca2c16000 	C:\Program Files\Java\jdk1.8.0_121\jre\bin\msvcp120.dll
0x000000005b6e0000 - 0x000000005b702000 	C:\Program Files\Java\jdk1.8.0_121\jre\bin\prism_d3d.dll
0x00007ffc986b0000 - 0x00007ffc9883d000 	C:\WINDOWS\system32\d3d9.dll
0x00007ffcc6b70000 - 0x00007ffcc6b96000 	C:\WINDOWS\SYSTEM32\dwmapi.dll
0x00007ffcc7070000 - 0x00007ffcc7105000 	C:\WINDOWS\system32\uxtheme.dll
0x00007ffccc290000 - 0x00007ffccc34f000 	C:\WINDOWS\System32\OLEAUT32.dll
0x00007ffcc96f0000 - 0x00007ffcc978c000 	C:\WINDOWS\System32\msvcp_win.dll
0x00007ffccbe30000 - 0x00007ffccbf68000 	C:\WINDOWS\System32\ole32.dll
0x000000005ac30000 - 0x000000005ac73000 	C:\Program Files\Java\jdk1.8.0_121\jre\bin\glass.dll
0x00007ffccbbd0000 - 0x00007ffccbcca000 	C:\WINDOWS\System32\COMDLG32.dll
0x00007ffccbcd0000 - 0x00007ffccbe2a000 	C:\WINDOWS\System32\MSCTF.dll
0x000000005ac10000 - 0x000000005ac24000 	C:\Program Files\Java\jdk1.8.0_121\jre\bin\javafx_font.dll
0x00007ffcbc710000 - 0x00007ffcbc979000 	C:\WINDOWS\SYSTEM32\dwrite.dll
0x000000005b720000 - 0x000000005b744000 	C:\Program Files\Java\jdk1.8.0_121\jre\bin\sunec.dll
0x000000005b770000 - 0x000000005b78a000 	C:\Program Files\Java\jdk1.8.0_121\jre\bin\net.dll
0x00007ffcc81c0000 - 0x00007ffcc821c000 	C:\WINDOWS\system32\mswsock.dll
0x00007ffcc7f40000 - 0x00007ffcc7f78000 	C:\WINDOWS\SYSTEM32\IPHLPAPI.DLL
0x00007ffccc470000 - 0x00007ffccc478000 	C:\WINDOWS\System32\NSI.dll
0x00007ffcc1c90000 - 0x00007ffcc1ca6000 	C:\WINDOWS\SYSTEM32\dhcpcsvc6.DLL
0x00007ffcc3120000 - 0x00007ffcc313a000 	C:\WINDOWS\SYSTEM32\dhcpcsvc.DLL
0x000000005b750000 - 0x000000005b761000 	C:\Program Files\Java\jdk1.8.0_121\jre\bin\nio.dll
0x00007ffccc030000 - 0x00007ffccc0cf000 	C:\WINDOWS\System32\clbcatq.dll
0x00007ffcc3830000 - 0x00007ffcc39d8000 	C:\WINDOWS\SYSTEM32\WindowsCodecs.dll
0x00007ffcab1d0000 - 0x00007ffcab219000 	C:\WINDOWS\system32\dataexchange.dll
0x00007ffcc6710000 - 0x00007ffcc6861000 	C:\WINDOWS\system32\dcomp.dll
0x00007ffcc5d70000 - 0x00007ffcc6026000 	C:\WINDOWS\system32\d3d11.dll
0x00007ffcc7870000 - 0x00007ffcc790f000 	C:\WINDOWS\system32\dxgi.dll
0x00007ffcc7310000 - 0x00007ffcc742c000 	C:\WINDOWS\system32\twinapi.appcore.dll
0x00007ffcc8840000 - 0x00007ffcc886b000 	C:\WINDOWS\system32\bcrypt.dll
0x00007ffcc3250000 - 0x00007ffcc3282000 	C:\Program Files\Common Files\Microsoft Shared\Ink\rtscom.dll
0x000000005abe0000 - 0x000000005ac03000 	C:\Program Files\Java\jdk1.8.0_121\jre\bin\javafx_iio.dll
0x000000005abc0000 - 0x000000005abd1000 	C:\Program Files\Java\jdk1.8.0_121\jre\bin\prism_common.dll
0x00007ffcbabb0000 - 0x00007ffcbad42000 	C:\WINDOWS\SYSTEM32\dbghelp.dll

VM Arguments:
jvm_args: -Dfile.encoding=UTF-8 
java_command: com.jeeves.vpl.Main
java_class_path (initial): C:\Users\Daniel\workspace\JeevesMaven\target\classes;C:\Users\Daniel\workspace\JeevesMaven\poi-3.15.jar;C:\Users\Daniel\workspace\JeevesMaven\commons-lang3-3.5.jar;C:\Users\Daniel\workspace\JeevesMaven\controlsfx-8.40.12.jar;C:\Users\Daniel\.m2\repository\commons-codec\commons-codec\1.9\commons-codec-1.9.jar;C:\Users\Daniel\.m2\repository\commons-validator\commons-validator\1.4.1\commons-validator-1.4.1.jar;C:\Users\Daniel\.m2\repository\commons-beanutils\commons-beanutils\1.8.3\commons-beanutils-1.8.3.jar;C:\Users\Daniel\.m2\repository\commons-digester\commons-digester\1.8.1\commons-digester-1.8.1.jar;C:\Users\Daniel\.m2\repository\commons-logging\commons-logging\1.2\commons-logging-1.2.jar;C:\Users\Daniel\.m2\repository\commons-collections\commons-collections\3.2.1\commons-collections-3.2.1.jar;C:\Users\Daniel\.m2\repository\org\apache\shiro\shiro-core\1.3.2\shiro-core-1.3.2.jar;C:\Users\Daniel\.m2\repository\org\slf4j\slf4j-api\1.6.4\slf4j-api-1.6.4.jar;C:\Users\Daniel\.m2\repository\com\google\firebase\firebase-admin\5.1.0\firebase-admin-5.1.0.jar;C:\Users\Daniel\.m2\repository\com\google\api-client\google-api-client\1.22.0\google-api-client-1.22.0.jar;C:\Users\Daniel\.m2\repository\com\google\oauth-client\google-oauth-client\1.22.0\google-oauth-client-1.22.0.jar;C:\Users\Daniel\.m2\repository\com\google\http-client\google-http-client-jackson2\1.22.0\google-http-client-jackson2-1.22.0.jar;C:\Users\Daniel\.m2\repository\com\fasterxml\jackson\core\jackson-core\2.1.3\jackson-core-2.1.3.jar;C:\Users\Daniel\.m2\repository\com\google\api-client\google-api-client-gson\1.22.0\google-api-client-gson-1.22.0.jar;C:\Users\Daniel\.m2\repository\com\google\http-client\google-http-client-gson\1.22.0\google-http-client-gson-1.22.0.jar;C:\Users\Daniel\.m2\repository\com\google\code\gson\gson\2.1\gson-2.1.jar;C:\Users\Daniel\.m2\repository\com\google\http-client\google-http-client\1.22.0\google-http-client-1.22.0.jar;C:\Users\Daniel\.m2\repository\com
Launcher Type: SUN_STANDARD

Environment Variables:
JAVA_HOME=C:\Program Files\Java\jdk1.8.0_121
CLASSPATH=.
USERNAME=Daniel
OS=Windows_NT
PROCESSOR_IDENTIFIER=Intel64 Family 6 Model 69 Stepping 1, GenuineIntel



---------------  S Y S T E M  ---------------

OS: Windows 10.0 , 64 bit Build 14393 (10.0.14393.1198)

CPU:total 4 (2 cores per cpu, 2 threads per core) family 6 model 69 stepping 1, cmov, cx8, fxsr, mmx, sse, sse2, sse3, ssse3, sse4.1, sse4.2, popcnt, avx, avx2, aes, clmul, erms, lzcnt, ht, tsc, tscinvbit, bmi1, bmi2

Memory: 4k page, physical 8317080k(2061500k free), swap 13297816k(4213932k free)

vm_info: Java HotSpot(TM) 64-Bit Server VM (25.121-b13) for windows-amd64 JRE (1.8.0_121-b13), built on Dec 12 2016 18:21:36 by "java_re" with MS VC++ 10.0 (VS2010)

time: Sat Jul 08 20:09:00 2017
elapsed time: 9 seconds (0d 0h 0m 9s)

