#
# A fatal error has been detected by the Java Runtime Environment:
#
#  EXCEPTION_ACCESS_VIOLATION (0xc0000005) at pc=0x00007ff8607a66f0, pid=9360, tid=18976
#
# JRE version: Java(TM) SE Runtime Environment (18.0+36) (build 18+36-2087)
# Java VM: Java HotSpot(TM) 64-Bit Server VM (18+36-2087, mixed mode, sharing, tiered, compressed oops, compressed class ptrs, g1 gc, windows-amd64)
# Problematic frame:
# C  [glass.dll+0x266f0]
#
# No core dump will be written. Minidumps are not enabled by default on client versions of Windows
#
# If you would like to submit a bug report, please visit:
#   https://bugreport.java.com/bugreport/crash.jsp
#

---------------  S U M M A R Y ------------

Command Line: -Dfile.encoding=UTF-8 -XX:+ShowCodeDetailsInExceptionMessages com.jeeves.vpl.NewMain

Host: Intel(R) Core(TM) i5-7300HQ CPU @ 2.50GHz, 4 cores, 7G,  Windows 10 , 64 bit Build 19041 (10.0.19041.1645)
Time: Wed Apr 27 00:33:20 2022 GMT Summer Time elapsed time: 9.945783 seconds (0d 0h 0m 9s)

---------------  T H R E A D  ---------------

Current thread (0x00000215d7bdc370):  VMThread "VM Thread" [stack: 0x00000085c4a00000,0x00000085c4b00000] [id=18976]

Stack: [0x00000085c4a00000,0x00000085c4b00000],  sp=0x00000085c4afedf0,  free space=1019k
Native frames: (J=compiled Java code, j=interpreted, Vv=VM code, C=native code)
C  [glass.dll+0x266f0]


siginfo: EXCEPTION_ACCESS_VIOLATION (0xc0000005), reading address 0x0000000000000000


Register to memory mapping:

RIP=0x00007ff8607a66f0 glass.dll
RAX=0x0 is NULL
RBX=0x00000215f53cf750 is a global jni handle
RCX=0x00000215d7bdc370 points into unknown readable memory: 0x00007fffde6aedc8 | c8 ed 6a de ff 7f 00 00
RDX=0x00000085c4afedf0 points into unknown readable memory: 0x0000000000000000 | 00 00 00 00 00 00 00 00
RSP=0x00000085c4afedf0 points into unknown readable memory: 0x0000000000000000 | 00 00 00 00 00 00 00 00
RBP=0x00000215fa3daad8 points into unknown readable memory: 0x00004acb08259331 | 31 93 25 08 cb 4a 00 00
RSI=0x00000215fa3daab0 points into unknown readable memory: 0x6cd84acbf7d553c5 | c5 53 d5 f7 cb 4a d8 6c
RDI=0x00004acb08259331 is an unknown value
R8 =0x0000000000010002 is an unknown value
R9 =0x00004acb08259331 is an unknown value
R10=0x0000000000008000 is an unknown value
R11=0x00000085c4afed90 points into unknown readable memory: 0x00000215fa3daab0 | b0 aa 3d fa 15 02 00 00
R12=0x00007ff8607a3b84 glass.dll
R13=0x00007fffde870b40 jvm.dll
R14=0x00000085c4afeef8 points into unknown readable memory: 0x00000085c4afeee0 | e0 ee af c4 85 00 00 00
R15=0x00000215fa3daab0 points into unknown readable memory: 0x6cd84acbf7d553c5 | c5 53 d5 f7 cb 4a d8 6c


Registers:
RAX=0x0000000000000000, RBX=0x00000215f53cf750, RCX=0x00000215d7bdc370, RDX=0x00000085c4afedf0
RSP=0x00000085c4afedf0, RBP=0x00000215fa3daad8, RSI=0x00000215fa3daab0, RDI=0x00004acb08259331
R8 =0x0000000000010002, R9 =0x00004acb08259331, R10=0x0000000000008000, R11=0x00000085c4afed90
R12=0x00007ff8607a3b84, R13=0x00007fffde870b40, R14=0x00000085c4afeef8, R15=0x00000215fa3daab0
RIP=0x00007ff8607a66f0, EFLAGS=0x0000000000010206

Top of Stack: (sp=0x00000085c4afedf0)
0x00000085c4afedf0:   0000000000000000 00007ff87e15f05b
0x00000085c4afee00:   00000215fa3daac0 00000215fa3daab0
0x00000085c4afee10:   fffffffffffffffe 00007ff8607a3b84
0x00000085c4afee20:   00000215fa3daab8 00007ff87e1642d6
0x00000085c4afee30:   00000215fa3daac0 0000021500000000
0x00000085c4afee40:   00000215fa3daad8 00000215fa3daab0
0x00000085c4afee50:   fffffffffffffffe 0000000000000000
0x00000085c4afee60:   0000000000000001 00007ff860780000
0x00000085c4afee70:   00000085c4afeee8 00007ff87e1641fb
0x00000085c4afee80:   0000000000000000 00000085c4afeef8
0x00000085c4afee90:   00000085c4aff1b0 00007ff87e240e40
0x00000085c4afeea0:   0000000000000000 00007ff87e1641b4
0x00000085c4afeeb0:   0000000000000000 0000000000000001
0x00000085c4afeec0:   000000000000000d 00000085c4afeee8
0x00000085c4afeed0:   0000000000000000 00007ff8607a3a12
0x00000085c4afeee0:   00007ff8607bd118 0000008500000002 

Instructions: (pc=0x00007ff8607a66f0)
0x00007ff8607a65f0:   8b 4d 60 e8 98 c9 ff ff 48 8b 55 68 48 8b 8d 08
0x00007ff8607a6600:   01 00 00 e8 49 be ff ff 33 d2 33 c9 e8 49 de ff
0x00007ff8607a6610:   ff 90 cc cc cc cc cc cc cc cc cc cc cc cc cc cc
0x00007ff8607a6620:   48 8d 8a 80 00 00 00 e9 14 e9 fe ff 48 89 54 24
0x00007ff8607a6630:   10 55 48 83 ec 20 48 8b ea 48 8d 05 dd ca ff ff
0x00007ff8607a6640:   48 83 c4 20 5d c3 cc 40 55 48 8b ea 48 8b 01 33
0x00007ff8607a6650:   c9 81 38 05 00 00 c0 0f 94 c1 8b c1 5d c3 cc 40
0x00007ff8607a6660:   55 48 83 ec 20 48 8b ea 8a 4d 40 48 83 c4 20 5d
0x00007ff8607a6670:   e9 df cd ff ff cc 40 55 48 83 ec 20 48 8b ea e8
0x00007ff8607a6680:   fc cb ff ff 8a 4d 38 48 83 c4 20 5d e9 c3 cd ff
0x00007ff8607a6690:   ff cc 40 55 48 83 ec 30 48 8b ea 48 8b 01 8b 10
0x00007ff8607a66a0:   48 89 4c 24 28 89 54 24 20 4c 8d 0d a4 d1 ff ff
0x00007ff8607a66b0:   4c 8b 45 70 8b 55 68 48 8b 4d 60 e8 30 cb ff ff
0x00007ff8607a66c0:   90 48 83 c4 30 5d c3 cc cc cc cc cc cc cc cc cc
0x00007ff8607a66d0:   40 53 48 83 ec 30 48 c7 44 24 20 fe ff ff ff 48
0x00007ff8607a66e0:   8b 1d 2a 64 01 00 48 85 db 74 16 e8 90 85 ff ff
0x00007ff8607a66f0:   4c 8b 00 48 8b d3 48 8b c8 41 ff 90 b0 00 00 00
0x00007ff8607a6700:   90 48 83 c4 30 5b c3 cc cc cc cc cc cc cc cc cc
0x00007ff8607a6710:   40 53 48 83 ec 20 48 8b 1d 9b 65 01 00 48 85 db
0x00007ff8607a6720:   74 57 b8 ff ff ff ff f0 0f c1 43 10 83 f8 01 75
0x00007ff8607a6730:   3d 48 85 db 74 38 48 8b 0b 48 85 c9 74 0d ff 15
0x00007ff8607a6740:   64 0b 00 00 48 c7 03 00 00 00 00 48 8b 4b 08 48
0x00007ff8607a6750:   85 c9 74 0d e8 37 c8 ff ff 48 c7 43 08 00 00 00
0x00007ff8607a6760:   00 ba 18 00 00 00 48 8b cb e8 22 c8 ff ff 48 c7
0x00007ff8607a6770:   05 3f 65 01 00 00 00 00 00 48 83 c4 20 5b c3 cc
0x00007ff8607a6780:   40 53 48 83 ec 20 48 8b 1d 0b 65 01 00 48 85 db
0x00007ff8607a6790:   74 57 b8 ff ff ff ff f0 0f c1 43 10 83 f8 01 75
0x00007ff8607a67a0:   3d 48 85 db 74 38 48 8b 0b 48 85 c9 74 0d ff 15
0x00007ff8607a67b0:   f4 0a 00 00 48 c7 03 00 00 00 00 48 8b 4b 08 48
0x00007ff8607a67c0:   85 c9 74 0d e8 c7 c7 ff ff 48 c7 43 08 00 00 00
0x00007ff8607a67d0:   00 ba 18 00 00 00 48 8b cb e8 b2 c7 ff ff 48 c7
0x00007ff8607a67e0:   05 af 64 01 00 00 00 00 00 48 83 c4 20 5b c3 cc 


Stack slot to memory mapping:
stack at sp + 0 slots: 0x0 is NULL
stack at sp + 1 slots: 0x00007ff87e15f05b ucrtbase.dll
stack at sp + 2 slots: 0x00000215fa3daac0 points into unknown readable memory: 0x00004acb08259331 | 31 93 25 08 cb 4a 00 00
stack at sp + 3 slots: 0x00000215fa3daab0 points into unknown readable memory: 0x6cd84acbf7d553c5 | c5 53 d5 f7 cb 4a d8 6c
stack at sp + 4 slots: 0xfffffffffffffffe is an unknown value
stack at sp + 5 slots: 0x00007ff8607a3b84 glass.dll
stack at sp + 6 slots: 0x00000215fa3daab8 points into unknown readable memory: 0x00004acb08259331 | 31 93 25 08 cb 4a 00 00
stack at sp + 7 slots: 0x00007ff87e1642d6 ucrtbase.dll

VM_Operation (0x00000085c5bfbfd0): Exit, mode: safepoint, requested by thread 0x00000215fa4d3b60


---------------  P R O C E S S  ---------------

Threads class SMR info:
_java_thread_list=0x00000215822d0f00, length=18, elements={
0x00000215d7b5ed30, 0x00000215f53baf70, 0x00000215f53bdbe0, 0x00000215f53d85f0,
0x00000215f53d8f90, 0x00000215f53da940, 0x00000215f53db610, 0x00000215f5406cb0,
0x00000215f541b3d0, 0x00000215f98b85c0, 0x00000215f98c38c0, 0x00000215f9b07120,
0x00000215fa0e6520, 0x00000215fa4e55e0, 0x00000215fa4d3b60, 0x00000215fa6cefc0,
0x00000215faafa880, 0x00000215faafc560
}

Java Threads: ( => current thread )
  0x00000215d7b5ed30 JavaThread "main" [_thread_blocked, id=17496, stack(0x00000085c4400000,0x00000085c4500000)]
  0x00000215f53baf70 JavaThread "Reference Handler" daemon [_thread_blocked, id=14540, stack(0x00000085c4b00000,0x00000085c4c00000)]
  0x00000215f53bdbe0 JavaThread "Finalizer" daemon [_thread_blocked, id=17296, stack(0x00000085c4c00000,0x00000085c4d00000)]
  0x00000215f53d85f0 JavaThread "Attach Listener" daemon [_thread_blocked, id=6568, stack(0x00000085c4e00000,0x00000085c4f00000)]
  0x00000215f53d8f90 JavaThread "Service Thread" daemon [_thread_blocked, id=20892, stack(0x00000085c4f00000,0x00000085c5000000)]
  0x00000215f53da940 JavaThread "Monitor Deflation Thread" daemon [_thread_blocked, id=18124, stack(0x00000085c5000000,0x00000085c5100000)]
  0x00000215f53db610 JavaThread "C2 CompilerThread0" daemon [_thread_blocked, id=12756, stack(0x00000085c5100000,0x00000085c5200000)]
  0x00000215f5406cb0 JavaThread "C1 CompilerThread0" daemon [_thread_blocked, id=7180, stack(0x00000085c5200000,0x00000085c5300000)]
  0x00000215f541b3d0 JavaThread "Sweeper thread" daemon [_thread_blocked, id=3684, stack(0x00000085c5300000,0x00000085c5400000)]
  0x00000215f98b85c0 JavaThread "Notification Thread" daemon [_thread_blocked, id=15452, stack(0x00000085c5400000,0x00000085c5500000)]
  0x00000215f98c38c0 JavaThread "Common-Cleaner" daemon [_thread_blocked, id=16712, stack(0x00000085c5600000,0x00000085c5700000)]
  0x00000215f9b07120 JavaThread "JavaFX-Launcher" [_thread_blocked, id=7888, stack(0x00000085c5800000,0x00000085c5900000)]
  0x00000215fa0e6520 JavaThread "QuantumRenderer-0" daemon [_thread_blocked, id=6900, stack(0x00000085c5900000,0x00000085c5a00000)]
  0x00000215fa4e55e0 JavaThread "InvokeLaterDispatcher" daemon [_thread_blocked, id=11012, stack(0x00000085c5700000,0x00000085c5800000)]
  0x00000215fa4d3b60 JavaThread "JavaFX Application Thread" [_thread_blocked, id=10452, stack(0x00000085c5b00000,0x00000085c5c00000)]
  0x00000215fa6cefc0 JavaThread "Thread-2" daemon [_thread_in_native, id=17072, stack(0x00000085c6200000,0x00000085c6300000)]
  0x00000215faafa880 JavaThread "Prism Font Disposer" daemon [_thread_blocked, id=8564, stack(0x00000085c6600000,0x00000085c6700000)]
  0x00000215faafc560 JavaThread "Cleaner-0" daemon [_thread_blocked, id=21396, stack(0x00000085c6b00000,0x00000085c6c00000)]

Other Threads:
=>0x00000215d7bdc370 VMThread "VM Thread" [stack: 0x00000085c4a00000,0x00000085c4b00000] [id=18976]
  0x00000215d7bbd030 WorkerThread "GC Thread#0" [stack: 0x00000085c4500000,0x00000085c4600000] [id=1488]
  0x00000215fa520bc0 WorkerThread "GC Thread#1" [stack: 0x00000085c5f00000,0x00000085c6000000] [id=20980]
  0x00000215fa730b10 WorkerThread "GC Thread#2" [stack: 0x00000085c6000000,0x00000085c6100000] [id=15448]
  0x00000215fa72fb50 WorkerThread "GC Thread#3" [stack: 0x00000085c6100000,0x00000085c6200000] [id=10272]
  0x00000215d7bcdb60 ConcurrentGCThread "G1 Main Marker" terminated
  0x00000215d7bcfd00 WorkerThread "G1 Conc#0" [stack: 0x00000085c4700000,0x00000085c4800000] [id=12280]
  0x00000215d7c11390 ConcurrentGCThread "G1 Refine#0" terminated
  0x00000215fa01ef80 ConcurrentGCThread "G1 Refine#1" terminated
  0x00000215fa5e5110 ConcurrentGCThread "G1 Refine#2" terminated
  0x00000215d7c11ca0 ConcurrentGCThread "G1 Service" terminated

Threads with active compile tasks:

VM state: at safepoint (shutting down)

VM Mutex/Monitor currently owned by a thread:  ([mutex/lock_event])
[0x00000215d7b5b140] Threads_lock - owner thread: 0x00000215d7bdc370
[0x00000215d7b59490] Heap_lock - owner thread: 0x00000215fa4d3b60

Heap address: 0x0000000082000000, size: 2016 MB, Compressed Oops mode: 32-bit

CDS archive(s) mapped at: [0x0000000800000000-0x0000000800ba0000-0x0000000800ba0000), size 12189696, SharedBaseAddress: 0x0000000800000000, ArchiveRelocationMode: 0.
Compressed class space mapped at: 0x0000000800c00000-0x0000000840c00000, reserved size: 1073741824
Narrow klass base: 0x0000000800000000, Narrow klass shift: 0, Narrow klass range: 0x100000000

GC Precious Log:
 CardTable entry size: 512
 Card Set container configuration: InlinePtr #cards 5 size 8 Array Of Cards #cards 12 size 40 Howl #buckets 4 coarsen threshold 1843 Howl Bitmap #cards 512 size 80 coarsen threshold 460 Card regions per heap region 1 cards per card region 2048
 CPUs: 4 total, 4 available
 Memory: 8057M
 Large Page Support: Disabled
 NUMA Support: Disabled
 Compressed Oops: Enabled (32-bit)
 Heap Region Size: 1M
 Heap Min Capacity: 8M
 Heap Initial Capacity: 126M
 Heap Max Capacity: 2016M
 Pre-touch: Disabled
 Parallel Workers: 4
 Concurrent Workers: 1
 Concurrent Refinement Workers: 4
 Periodic GC: Disabled

Heap:
 garbage-first heap   total 135168K, used 82529K [0x0000000082000000, 0x0000000100000000)
  region size 1024K, 7 young (7168K), 3 survivors (3072K)
 Metaspace       used 22839K, committed 23232K, reserved 1114112K
  class space    used 3338K, committed 3520K, reserved 1048576K

Heap Regions: E=young(eden), S=young(survivor), O=old, HS=humongous(starts), HC=humongous(continues), CS=collection set, F=free, OA=open archive, CA=closed archive, TAMS=top-at-mark-start (previous, next)
|   0|0x0000000082000000, 0x0000000082100000, 0x0000000082100000|100%| O|  |TAMS 0x0000000082100000, 0x0000000082000000| Untracked 
|   1|0x0000000082100000, 0x0000000082200000, 0x0000000082200000|100%|HS|  |TAMS 0x0000000082200000, 0x0000000082100000| Complete 
|   2|0x0000000082200000, 0x0000000082300000, 0x0000000082300000|100%| O|  |TAMS 0x0000000082300000, 0x0000000082200000| Untracked 
|   3|0x0000000082300000, 0x0000000082400000, 0x0000000082400000|100%| O|  |TAMS 0x0000000082400000, 0x0000000082300000| Untracked 
|   4|0x0000000082400000, 0x0000000082500000, 0x0000000082500000|100%| O|  |TAMS 0x0000000082500000, 0x0000000082400000| Untracked 
|   5|0x0000000082500000, 0x0000000082600000, 0x0000000082600000|100%| O|  |TAMS 0x0000000082600000, 0x0000000082500000| Untracked 
|   6|0x0000000082600000, 0x0000000082700000, 0x0000000082700000|100%|HS|  |TAMS 0x0000000082700000, 0x0000000082600000| Complete 
|   7|0x0000000082700000, 0x0000000082800000, 0x0000000082800000|100%|HC|  |TAMS 0x0000000082800000, 0x0000000082700000| Complete 
|   8|0x0000000082800000, 0x0000000082900000, 0x0000000082900000|100%| O|  |TAMS 0x0000000082900000, 0x0000000082800000| Untracked 
|   9|0x0000000082900000, 0x0000000082a00000, 0x0000000082a00000|100%|HS|  |TAMS 0x0000000082a00000, 0x0000000082900000| Complete 
|  10|0x0000000082a00000, 0x0000000082b00000, 0x0000000082b00000|100%|HC|  |TAMS 0x0000000082b00000, 0x0000000082a00000| Complete 
|  11|0x0000000082b00000, 0x0000000082c00000, 0x0000000082c00000|100%| O|  |TAMS 0x0000000082c00000, 0x0000000082b00000| Untracked 
|  12|0x0000000082c00000, 0x0000000082d00000, 0x0000000082d00000|100%| O|  |TAMS 0x0000000082d00000, 0x0000000082c00000| Untracked 
|  13|0x0000000082d00000, 0x0000000082e00000, 0x0000000082e00000|100%|HS|  |TAMS 0x0000000082e00000, 0x0000000082d00000| Complete 
|  14|0x0000000082e00000, 0x0000000082f00000, 0x0000000082f00000|100%|HC|  |TAMS 0x0000000082f00000, 0x0000000082e00000| Complete 
|  15|0x0000000082f00000, 0x0000000083000000, 0x0000000083000000|100%|HC|  |TAMS 0x0000000083000000, 0x0000000082f00000| Complete 
|  16|0x0000000083000000, 0x0000000083100000, 0x0000000083100000|100%|HC|  |TAMS 0x0000000083100000, 0x0000000083000000| Complete 
|  17|0x0000000083100000, 0x0000000083200000, 0x0000000083200000|100%|HC|  |TAMS 0x0000000083200000, 0x0000000083100000| Complete 
|  18|0x0000000083200000, 0x0000000083300000, 0x0000000083300000|100%|HC|  |TAMS 0x0000000083300000, 0x0000000083200000| Complete 
|  19|0x0000000083300000, 0x0000000083400000, 0x0000000083400000|100%|HC|  |TAMS 0x0000000083400000, 0x0000000083300000| Complete 
|  20|0x0000000083400000, 0x0000000083500000, 0x0000000083500000|100%|HS|  |TAMS 0x0000000083500000, 0x0000000083400000| Complete 
|  21|0x0000000083500000, 0x0000000083600000, 0x0000000083600000|100%|HC|  |TAMS 0x0000000083600000, 0x0000000083500000| Complete 
|  22|0x0000000083600000, 0x0000000083700000, 0x0000000083700000|100%| O|  |TAMS 0x0000000083700000, 0x0000000083600000| Untracked 
|  23|0x0000000083700000, 0x0000000083800000, 0x0000000083800000|100%|HS|  |TAMS 0x0000000083800000, 0x0000000083700000| Complete 
|  24|0x0000000083800000, 0x0000000083900000, 0x0000000083900000|100%|HC|  |TAMS 0x0000000083900000, 0x0000000083800000| Complete 
|  25|0x0000000083900000, 0x0000000083a00000, 0x0000000083a00000|100%|HC|  |TAMS 0x0000000083a00000, 0x0000000083900000| Complete 
|  26|0x0000000083a00000, 0x0000000083b00000, 0x0000000083b00000|100%|HC|  |TAMS 0x0000000083b00000, 0x0000000083a00000| Complete 
|  27|0x0000000083b00000, 0x0000000083c00000, 0x0000000083c00000|100%|HC|  |TAMS 0x0000000083c00000, 0x0000000083b00000| Complete 
|  28|0x0000000083c00000, 0x0000000083d00000, 0x0000000083d00000|100%|HS|  |TAMS 0x0000000083d00000, 0x0000000083c00000| Complete 
|  29|0x0000000083d00000, 0x0000000083e00000, 0x0000000083e00000|100%|HC|  |TAMS 0x0000000083e00000, 0x0000000083d00000| Complete 
|  30|0x0000000083e00000, 0x0000000083f00000, 0x0000000083f00000|100%|HC|  |TAMS 0x0000000083f00000, 0x0000000083e00000| Complete 
|  31|0x0000000083f00000, 0x0000000084000000, 0x0000000084000000|100%|HC|  |TAMS 0x0000000084000000, 0x0000000083f00000| Complete 
|  32|0x0000000084000000, 0x0000000084100000, 0x0000000084100000|100%|HC|  |TAMS 0x0000000084100000, 0x0000000084000000| Complete 
|  33|0x0000000084100000, 0x0000000084200000, 0x0000000084200000|100%| O|  |TAMS 0x0000000084200000, 0x0000000084100000| Untracked 
|  34|0x0000000084200000, 0x0000000084300000, 0x0000000084300000|100%| O|  |TAMS 0x0000000084300000, 0x0000000084200000| Untracked 
|  35|0x0000000084300000, 0x0000000084400000, 0x0000000084400000|100%| O|  |TAMS 0x0000000084400000, 0x0000000084300000| Untracked 
|  36|0x0000000084400000, 0x0000000084500000, 0x0000000084500000|100%|HS|  |TAMS 0x0000000084500000, 0x0000000084400000| Complete 
|  37|0x0000000084500000, 0x0000000084600000, 0x0000000084600000|100%|HC|  |TAMS 0x0000000084600000, 0x0000000084500000| Complete 
|  38|0x0000000084600000, 0x0000000084700000, 0x0000000084700000|100%|HC|  |TAMS 0x0000000084700000, 0x0000000084600000| Complete 
|  39|0x0000000084700000, 0x0000000084800000, 0x0000000084800000|100%|HC|  |TAMS 0x0000000084800000, 0x0000000084700000| Complete 
|  40|0x0000000084800000, 0x0000000084900000, 0x0000000084900000|100%|HC|  |TAMS 0x0000000084900000, 0x0000000084800000| Complete 
|  41|0x0000000084900000, 0x0000000084a00000, 0x0000000084a00000|100%|HS|  |TAMS 0x0000000084a00000, 0x0000000084900000| Complete 
|  42|0x0000000084a00000, 0x0000000084b00000, 0x0000000084b00000|100%|HC|  |TAMS 0x0000000084b00000, 0x0000000084a00000| Complete 
|  43|0x0000000084b00000, 0x0000000084c00000, 0x0000000084c00000|100%|HC|  |TAMS 0x0000000084c00000, 0x0000000084b00000| Complete 
|  44|0x0000000084c00000, 0x0000000084d00000, 0x0000000084d00000|100%|HC|  |TAMS 0x0000000084d00000, 0x0000000084c00000| Complete 
|  45|0x0000000084d00000, 0x0000000084e00000, 0x0000000084e00000|100%|HC|  |TAMS 0x0000000084e00000, 0x0000000084d00000| Complete 
|  46|0x0000000084e00000, 0x0000000084f00000, 0x0000000084f00000|100%| O|  |TAMS 0x0000000084f00000, 0x0000000084e00000| Untracked 
|  47|0x0000000084f00000, 0x0000000085000000, 0x0000000085000000|100%| O|  |TAMS 0x0000000085000000, 0x0000000084f00000| Untracked 
|  48|0x0000000085000000, 0x0000000085100000, 0x0000000085100000|100%| O|  |TAMS 0x0000000085100000, 0x0000000085000000| Untracked 
|  49|0x0000000085100000, 0x0000000085200000, 0x0000000085200000|100%|HS|  |TAMS 0x0000000085200000, 0x0000000085100000| Complete 
|  50|0x0000000085200000, 0x0000000085300000, 0x0000000085300000|100%|HC|  |TAMS 0x0000000085300000, 0x0000000085200000| Complete 
|  51|0x0000000085300000, 0x0000000085400000, 0x0000000085400000|100%|HS|  |TAMS 0x0000000085400000, 0x0000000085300000| Complete 
|  52|0x0000000085400000, 0x0000000085500000, 0x0000000085500000|100%|HC|  |TAMS 0x0000000085500000, 0x0000000085400000| Complete 
|  53|0x0000000085500000, 0x0000000085600000, 0x0000000085600000|100%|HS|  |TAMS 0x0000000085600000, 0x0000000085500000| Complete 
|  54|0x0000000085600000, 0x0000000085700000, 0x0000000085700000|100%|HC|  |TAMS 0x0000000085700000, 0x0000000085600000| Complete 
|  55|0x0000000085700000, 0x0000000085800000, 0x0000000085800000|100%| O|  |TAMS 0x0000000085800000, 0x0000000085700000| Untracked 
|  56|0x0000000085800000, 0x0000000085900000, 0x0000000085900000|100%| O|  |TAMS 0x0000000085900000, 0x0000000085800000| Untracked 
|  57|0x0000000085900000, 0x0000000085a00000, 0x0000000085a00000|100%| O|  |TAMS 0x0000000085a00000, 0x0000000085900000| Untracked 
|  58|0x0000000085a00000, 0x0000000085b00000, 0x0000000085b00000|100%| O|  |TAMS 0x0000000085b00000, 0x0000000085a00000| Untracked 
|  59|0x0000000085b00000, 0x0000000085c00000, 0x0000000085c00000|100%| O|  |TAMS 0x0000000085c00000, 0x0000000085b00000| Untracked 
|  60|0x0000000085c00000, 0x0000000085d00000, 0x0000000085d00000|100%| O|  |TAMS 0x0000000085d00000, 0x0000000085c00000| Untracked 
|  61|0x0000000085d00000, 0x0000000085e00000, 0x0000000085e00000|100%| O|  |TAMS 0x0000000085e00000, 0x0000000085d00000| Untracked 
|  62|0x0000000085e00000, 0x0000000085f00000, 0x0000000085f00000|100%| O|  |TAMS 0x0000000085f00000, 0x0000000085e00000| Untracked 
|  63|0x0000000085f00000, 0x0000000086000000, 0x0000000086000000|100%| O|  |TAMS 0x0000000086000000, 0x0000000085f00000| Untracked 
|  64|0x0000000086000000, 0x0000000086100000, 0x0000000086100000|100%| O|  |TAMS 0x0000000086100000, 0x0000000086000000| Untracked 
|  65|0x0000000086100000, 0x0000000086200000, 0x0000000086200000|100%| O|  |TAMS 0x0000000086200000, 0x0000000086100000| Untracked 
|  66|0x0000000086200000, 0x0000000086300000, 0x0000000086300000|100%| O|  |TAMS 0x0000000086300000, 0x0000000086200000| Untracked 
|  67|0x0000000086300000, 0x0000000086400000, 0x0000000086400000|100%| O|  |TAMS 0x0000000086376800, 0x0000000086300000| Untracked 
|  68|0x0000000086400000, 0x0000000086500000, 0x0000000086500000|100%| O|  |TAMS 0x0000000086400000, 0x0000000086400000| Untracked 
|  69|0x0000000086500000, 0x0000000086600000, 0x0000000086600000|100%| O|  |TAMS 0x0000000086500000, 0x0000000086500000| Untracked 
|  70|0x0000000086600000, 0x0000000086700000, 0x0000000086700000|100%| O|  |TAMS 0x0000000086600000, 0x0000000086600000| Untracked 
|  71|0x0000000086700000, 0x0000000086800000, 0x0000000086800000|100%| O|  |TAMS 0x0000000086700000, 0x0000000086700000| Untracked 
|  72|0x0000000086800000, 0x0000000086898400, 0x0000000086900000| 59%| O|  |TAMS 0x0000000086800000, 0x0000000086800000| Untracked 
|  73|0x0000000086900000, 0x0000000086a00000, 0x0000000086a00000|100%|HS|  |TAMS 0x0000000086900000, 0x0000000086900000| Complete 
|  74|0x0000000086a00000, 0x0000000086b00000, 0x0000000086b00000|100%|HC|  |TAMS 0x0000000086a00000, 0x0000000086a00000| Complete 
|  75|0x0000000086b00000, 0x0000000086b00000, 0x0000000086c00000|  0%| F|  |TAMS 0x0000000086b00000, 0x0000000086b00000| Untracked 
|  76|0x0000000086c00000, 0x0000000086c00000, 0x0000000086d00000|  0%| F|  |TAMS 0x0000000086c00000, 0x0000000086c00000| Untracked 
|  77|0x0000000086d00000, 0x0000000086d00000, 0x0000000086e00000|  0%| F|  |TAMS 0x0000000086d00000, 0x0000000086d00000| Untracked 
|  78|0x0000000086e00000, 0x0000000086e00000, 0x0000000086f00000|  0%| F|  |TAMS 0x0000000086e00000, 0x0000000086e00000| Untracked 
|  79|0x0000000086f00000, 0x0000000086f00000, 0x0000000087000000|  0%| F|  |TAMS 0x0000000086f00000, 0x0000000086f00000| Untracked 
|  80|0x0000000087000000, 0x0000000087000000, 0x0000000087100000|  0%| F|  |TAMS 0x0000000087000000, 0x0000000087000000| Untracked 
|  81|0x0000000087100000, 0x0000000087100000, 0x0000000087200000|  0%| F|  |TAMS 0x0000000087100000, 0x0000000087100000| Untracked 
|  82|0x0000000087200000, 0x0000000087200000, 0x0000000087300000|  0%| F|  |TAMS 0x0000000087200000, 0x0000000087200000| Untracked 
|  83|0x0000000087300000, 0x0000000087300000, 0x0000000087400000|  0%| F|  |TAMS 0x0000000087300000, 0x0000000087300000| Untracked 
|  84|0x0000000087400000, 0x0000000087400000, 0x0000000087500000|  0%| F|  |TAMS 0x0000000087400000, 0x0000000087400000| Untracked 
|  85|0x0000000087500000, 0x0000000087500000, 0x0000000087600000|  0%| F|  |TAMS 0x0000000087500000, 0x0000000087500000| Untracked 
|  86|0x0000000087600000, 0x0000000087600000, 0x0000000087700000|  0%| F|  |TAMS 0x0000000087600000, 0x0000000087600000| Untracked 
|  87|0x0000000087700000, 0x0000000087700000, 0x0000000087800000|  0%| F|  |TAMS 0x0000000087700000, 0x0000000087700000| Untracked 
|  88|0x0000000087800000, 0x0000000087800000, 0x0000000087900000|  0%| F|  |TAMS 0x0000000087800000, 0x0000000087800000| Untracked 
|  89|0x0000000087900000, 0x0000000087900000, 0x0000000087a00000|  0%| F|  |TAMS 0x0000000087900000, 0x0000000087900000| Untracked 
|  90|0x0000000087a00000, 0x0000000087a00000, 0x0000000087b00000|  0%| F|  |TAMS 0x0000000087a00000, 0x0000000087a00000| Untracked 
|  91|0x0000000087b00000, 0x0000000087b00000, 0x0000000087c00000|  0%| F|  |TAMS 0x0000000087b00000, 0x0000000087b00000| Untracked 
|  92|0x0000000087c00000, 0x0000000087c00000, 0x0000000087d00000|  0%| F|  |TAMS 0x0000000087c00000, 0x0000000087c00000| Untracked 
|  93|0x0000000087d00000, 0x0000000087d00000, 0x0000000087e00000|  0%| F|  |TAMS 0x0000000087d00000, 0x0000000087d00000| Untracked 
|  94|0x0000000087e00000, 0x0000000087e00000, 0x0000000087f00000|  0%| F|  |TAMS 0x0000000087e00000, 0x0000000087e00000| Untracked 
|  95|0x0000000087f00000, 0x0000000087f00000, 0x0000000088000000|  0%| F|  |TAMS 0x0000000087f00000, 0x0000000087f00000| Untracked 
|  96|0x0000000088000000, 0x0000000088000000, 0x0000000088100000|  0%| F|  |TAMS 0x0000000088000000, 0x0000000088000000| Untracked 
|  97|0x0000000088100000, 0x0000000088100000, 0x0000000088200000|  0%| F|  |TAMS 0x0000000088100000, 0x0000000088100000| Untracked 
|  98|0x0000000088200000, 0x0000000088200000, 0x0000000088300000|  0%| F|  |TAMS 0x0000000088200000, 0x0000000088200000| Untracked 
|  99|0x0000000088300000, 0x0000000088300000, 0x0000000088400000|  0%| F|  |TAMS 0x0000000088300000, 0x0000000088300000| Untracked 
| 100|0x0000000088400000, 0x0000000088400000, 0x0000000088500000|  0%| F|  |TAMS 0x0000000088400000, 0x0000000088400000| Untracked 
| 101|0x0000000088500000, 0x0000000088500000, 0x0000000088600000|  0%| F|  |TAMS 0x0000000088500000, 0x0000000088500000| Untracked 
| 102|0x0000000088600000, 0x0000000088600000, 0x0000000088700000|  0%| F|  |TAMS 0x0000000088600000, 0x0000000088600000| Untracked 
| 103|0x0000000088700000, 0x0000000088700000, 0x0000000088800000|  0%| F|  |TAMS 0x0000000088700000, 0x0000000088700000| Untracked 
| 104|0x0000000088800000, 0x0000000088800000, 0x0000000088900000|  0%| F|  |TAMS 0x0000000088800000, 0x0000000088800000| Untracked 
| 105|0x0000000088900000, 0x0000000088900000, 0x0000000088a00000|  0%| F|  |TAMS 0x0000000088900000, 0x0000000088900000| Untracked 
| 106|0x0000000088a00000, 0x0000000088a00000, 0x0000000088b00000|  0%| F|  |TAMS 0x0000000088a00000, 0x0000000088a00000| Untracked 
| 107|0x0000000088b00000, 0x0000000088b00000, 0x0000000088c00000|  0%| F|  |TAMS 0x0000000088b00000, 0x0000000088b00000| Untracked 
| 108|0x0000000088c00000, 0x0000000088c00000, 0x0000000088d00000|  0%| F|  |TAMS 0x0000000088c00000, 0x0000000088c00000| Untracked 
| 109|0x0000000088d00000, 0x0000000088d00000, 0x0000000088e00000|  0%| F|  |TAMS 0x0000000088d00000, 0x0000000088d00000| Untracked 
| 110|0x0000000088e00000, 0x0000000088e00000, 0x0000000088f00000|  0%| F|  |TAMS 0x0000000088e00000, 0x0000000088e00000| Untracked 
| 111|0x0000000088f00000, 0x0000000088f00000, 0x0000000089000000|  0%| F|  |TAMS 0x0000000088f00000, 0x0000000088f00000| Untracked 
| 112|0x0000000089000000, 0x0000000089000000, 0x0000000089100000|  0%| F|  |TAMS 0x0000000089000000, 0x0000000089000000| Untracked 
| 113|0x0000000089100000, 0x0000000089100000, 0x0000000089200000|  0%| F|  |TAMS 0x0000000089100000, 0x0000000089100000| Untracked 
| 114|0x0000000089200000, 0x0000000089200000, 0x0000000089300000|  0%| F|  |TAMS 0x0000000089200000, 0x0000000089200000| Untracked 
| 115|0x0000000089300000, 0x0000000089400000, 0x0000000089400000|100%| S|CS|TAMS 0x0000000089300000, 0x0000000089300000| Complete 
| 116|0x0000000089400000, 0x0000000089500000, 0x0000000089500000|100%| S|CS|TAMS 0x0000000089400000, 0x0000000089400000| Complete 
| 117|0x0000000089500000, 0x0000000089600000, 0x0000000089600000|100%| S|CS|TAMS 0x0000000089500000, 0x0000000089500000| Complete 
| 118|0x0000000089600000, 0x0000000089600000, 0x0000000089700000|  0%| F|  |TAMS 0x0000000089600000, 0x0000000089600000| Untracked 
| 119|0x0000000089700000, 0x0000000089700000, 0x0000000089800000|  0%| F|  |TAMS 0x0000000089700000, 0x0000000089700000| Untracked 
| 120|0x0000000089800000, 0x0000000089800000, 0x0000000089900000|  0%| F|  |TAMS 0x0000000089800000, 0x0000000089800000| Untracked 
| 121|0x0000000089900000, 0x0000000089900000, 0x0000000089a00000|  0%| F|  |TAMS 0x0000000089900000, 0x0000000089900000| Untracked 
| 122|0x0000000089a00000, 0x0000000089a00000, 0x0000000089b00000|  0%| F|  |TAMS 0x0000000089a00000, 0x0000000089a00000| Untracked 
| 123|0x0000000089b00000, 0x0000000089b00000, 0x0000000089c00000|  0%| F|  |TAMS 0x0000000089b00000, 0x0000000089b00000| Untracked 
| 124|0x0000000089c00000, 0x0000000089c00000, 0x0000000089d00000|  0%| F|  |TAMS 0x0000000089c00000, 0x0000000089c00000| Untracked 
| 125|0x0000000089d00000, 0x0000000089e00000, 0x0000000089e00000|100%| E|CS|TAMS 0x0000000089d00000, 0x0000000089d00000| Complete 
| 126|0x0000000089e00000, 0x0000000089e00000, 0x0000000089f00000|  0%| F|  |TAMS 0x0000000089e00000, 0x0000000089e00000| Untracked 
| 127|0x0000000089f00000, 0x0000000089f00000, 0x000000008a000000|  0%| F|  |TAMS 0x0000000089f00000, 0x0000000089f00000| Untracked 
| 128|0x000000008a000000, 0x000000008a000000, 0x000000008a100000|  0%| F|  |TAMS 0x000000008a000000, 0x000000008a000000| Untracked 
| 129|0x000000008a100000, 0x000000008a1a7e48, 0x000000008a200000| 65%| E|  |TAMS 0x000000008a100000, 0x000000008a100000| Complete 
| 130|0x000000008a200000, 0x000000008a300000, 0x000000008a300000|100%| E|CS|TAMS 0x000000008a200000, 0x000000008a200000| Complete 
| 131|0x000000008a300000, 0x000000008a400000, 0x000000008a400000|100%| E|CS|TAMS 0x000000008a300000, 0x000000008a300000| Complete 

Card table byte_map: [0x00000215ee870000,0x00000215eec60000] _byte_map_base: 0x00000215ee460000

Marking Bits (Prev, Next): (CMBitMap*) 0x00000215d7bbd630, (CMBitMap*) 0x00000215d7bbd670
 Prev Bits: [0x00000215ef050000, 0x00000215f0fd0000)
 Next Bits: [0x00000215f0fd0000, 0x00000215f2f50000)

Polling page: 0x00000215d5910000

Metaspace:

Usage:
  Non-class:     19.04 MB used.
      Class:      3.26 MB used.
       Both:     22.30 MB used.

Virtual space:
  Non-class space:       64.00 MB reserved,      19.25 MB ( 30%) committed,  1 nodes.
      Class space:        1.00 GB reserved,       3.44 MB ( <1%) committed,  1 nodes.
             Both:        1.06 GB reserved,      22.69 MB (  2%) committed. 

Chunk freelists:
   Non-Class:  672.00 KB
       Class:  560.00 KB
        Both:  1.20 MB

MaxMetaspaceSize: unlimited
CompressedClassSpaceSize: 1.00 GB
Initial GC threshold: 21.00 MB
Current GC threshold: 36.25 MB
CDS: on
MetaspaceReclaimPolicy: balanced
 - commit_granule_bytes: 65536.
 - commit_granule_words: 8192.
 - virtual_space_node_default_size: 8388608.
 - enlarge_chunks_in_place: 1.
 - new_chunks_are_fully_committed: 0.
 - uncommit_free_chunks: 1.
 - use_allocation_guard: 0.


Internal statistics:

num_allocs_failed_limit: 0.
num_arena_births: 374.
num_arena_deaths: 0.
num_vsnodes_births: 2.
num_vsnodes_deaths: 0.
num_space_committed: 363.
num_space_uncommitted: 0.
num_chunks_returned_to_freelist: 0.
num_chunks_taken_from_freelist: 1190.
num_chunk_merges: 0.
num_chunk_splits: 807.
num_chunks_enlarged: 608.
num_inconsistent_stats: 0.

CodeHeap 'non-profiled nmethods': size=120000Kb used=2565Kb max_used=2565Kb free=117434Kb
 bounds [0x00000215e6f50000, 0x00000215e71e0000, 0x00000215ee480000]
CodeHeap 'profiled nmethods': size=120000Kb used=11226Kb max_used=11226Kb free=108773Kb
 bounds [0x00000215dfa20000, 0x00000215e0520000, 0x00000215e6f50000]
CodeHeap 'non-nmethods': size=5760Kb used=1458Kb max_used=1562Kb free=4301Kb
 bounds [0x00000215df480000, 0x00000215df6f0000, 0x00000215dfa20000]
 total_blobs=6213 nmethods=5399 adapters=726
 compilation: enabled
              stopped_count=0, restarted_count=0
 full_count=0

Compilation events (20 events):
Event: 9.099 Thread 0x00000215f5406cb0 5430       3       com.sun.glass.ui.InvokeLaterDispatcher$Future::<init> (20 bytes)
Event: 9.100 Thread 0x00000215f5406cb0 nmethod 5430 0x00000215e0512810 code [0x00000215e05129c0, 0x00000215e0512bf8]
Event: 9.100 Thread 0x00000215f5406cb0 5432   !   3       com.sun.glass.ui.InvokeLaterDispatcher$Future::run (91 bytes)
Event: 9.100 Thread 0x00000215f5406cb0 nmethod 5432 0x00000215e0512d10 code [0x00000215e0512f00, 0x00000215e05133a8]
Event: 9.111 Thread 0x00000215f5406cb0 5433       3       java.lang.Object::wait (6 bytes)
Event: 9.111 Thread 0x00000215f5406cb0 nmethod 5433 0x00000215e0513710 code [0x00000215e05138a0, 0x00000215e05139e8]
Event: 9.254 Thread 0x00000215f5406cb0 5435   !   3       java.util.concurrent.locks.AbstractQueuedSynchronizer::acquire (407 bytes)
Event: 9.256 Thread 0x00000215f5406cb0 nmethod 5435 0x00000215e0513a90 code [0x00000215e0513e20, 0x00000215e05159a8]
Event: 9.271 Thread 0x00000215f53db610 5436       4       java.util.WeakHashMap$HashIterator::hasNext (95 bytes)
Event: 9.276 Thread 0x00000215f53db610 nmethod 5436 0x00000215e71cf210 code [0x00000215e71cf380, 0x00000215e71cf838]
Event: 9.302 Thread 0x00000215f5406cb0 5438       3       jdk.internal.misc.Unsafe::putIntOpaque (9 bytes)
Event: 9.303 Thread 0x00000215f5406cb0 nmethod 5438 0x00000215e0516290 code [0x00000215e0516420, 0x00000215e0516538]
Event: 9.334 Thread 0x00000215f5406cb0 5440       3       java.util.WeakHashMap$Entry::getKey (8 bytes)
Event: 9.334 Thread 0x00000215f5406cb0 nmethod 5440 0x00000215e0516610 code [0x00000215e05167c0, 0x00000215e0516a58]
Event: 9.387 Thread 0x00000215f53db610 5441  s!   4       com.sun.javafx.tk.Toolkit::getToolkit (226 bytes)
Event: 9.388 Thread 0x00000215f53db610 nmethod 5441 0x00000215e71d0190 code [0x00000215e71d0320, 0x00000215e71d04f8]
Event: 9.388 Thread 0x00000215f53db610 5442       4       java.lang.invoke.MemberName::getMethodOrFieldType (72 bytes)
Event: 9.393 Thread 0x00000215f53db610 nmethod 5442 0x00000215e71d0610 code [0x00000215e71d0840, 0x00000215e71d0f20]
Event: 9.396 Thread 0x00000215f53db610 5443       4       java.lang.invoke.MemberName::initResolved (53 bytes)
Event: 9.397 Thread 0x00000215f53db610 nmethod 5443 0x00000215e71d1410 code [0x00000215e71d1580, 0x00000215e71d1658]

GC Heap History (14 events):
Event: 1.007 GC heap before
{Heap before GC invocations=0 (full 0):
 garbage-first heap   total 129024K, used 12288K [0x0000000082000000, 0x0000000100000000)
  region size 1024K, 13 young (13312K), 0 survivors (0K)
 Metaspace       used 3617K, committed 3776K, reserved 1114112K
  class space    used 346K, committed 384K, reserved 1048576K
}
Event: 1.010 GC heap after
{Heap after GC invocations=1 (full 0):
 garbage-first heap   total 129024K, used 2703K [0x0000000082000000, 0x0000000100000000)
  region size 1024K, 2 young (2048K), 2 survivors (2048K)
 Metaspace       used 3617K, committed 3776K, reserved 1114112K
  class space    used 346K, committed 384K, reserved 1048576K
}
Event: 1.780 GC heap before
{Heap before GC invocations=1 (full 0):
 garbage-first heap   total 129024K, used 18063K [0x0000000082000000, 0x0000000100000000)
  region size 1024K, 17 young (17408K), 2 survivors (2048K)
 Metaspace       used 7822K, committed 8000K, reserved 1114112K
  class space    used 932K, committed 1024K, reserved 1048576K
}
Event: 1.786 GC heap after
{Heap after GC invocations=2 (full 0):
 garbage-first heap   total 129024K, used 8651K [0x0000000082000000, 0x0000000100000000)
  region size 1024K, 3 young (3072K), 3 survivors (3072K)
 Metaspace       used 7822K, committed 8000K, reserved 1114112K
  class space    used 932K, committed 1024K, reserved 1048576K
}
Event: 2.782 GC heap before
{Heap before GC invocations=2 (full 0):
 garbage-first heap   total 129024K, used 68043K [0x0000000082000000, 0x0000000100000000)
  region size 1024K, 21 young (21504K), 3 survivors (3072K)
 Metaspace       used 13215K, committed 13504K, reserved 1114112K
  class space    used 1849K, committed 1984K, reserved 1048576K
}
Event: 2.787 GC heap after
{Heap after GC invocations=3 (full 0):
 garbage-first heap   total 129024K, used 43661K [0x0000000082000000, 0x0000000100000000)
  region size 1024K, 3 young (3072K), 3 survivors (3072K)
 Metaspace       used 13215K, committed 13504K, reserved 1114112K
  class space    used 1849K, committed 1984K, reserved 1048576K
}
Event: 3.819 GC heap before
{Heap before GC invocations=3 (full 0):
 garbage-first heap   total 129024K, used 97933K [0x0000000082000000, 0x0000000100000000)
  region size 1024K, 44 young (45056K), 3 survivors (3072K)
 Metaspace       used 16213K, committed 16512K, reserved 1114112K
  class space    used 2313K, committed 2496K, reserved 1048576K
}
Event: 3.829 GC heap after
{Heap after GC invocations=4 (full 0):
 garbage-first heap   total 129024K, used 57982K [0x0000000082000000, 0x0000000100000000)
  region size 1024K, 6 young (6144K), 6 survivors (6144K)
 Metaspace       used 16213K, committed 16512K, reserved 1114112K
  class space    used 2313K, committed 2496K, reserved 1048576K
}
Event: 4.299 GC heap before
{Heap before GC invocations=4 (full 0):
 garbage-first heap   total 129024K, used 93822K [0x0000000082000000, 0x0000000100000000)
  region size 1024K, 41 young (41984K), 6 survivors (6144K)
 Metaspace       used 18965K, committed 19328K, reserved 1114112K
  class space    used 2851K, committed 3008K, reserved 1048576K
}
Event: 4.309 GC heap after
{Heap after GC invocations=5 (full 0):
 garbage-first heap   total 129024K, used 61329K [0x0000000082000000, 0x0000000100000000)
  region size 1024K, 3 young (3072K), 3 survivors (3072K)
 Metaspace       used 18965K, committed 19328K, reserved 1114112K
  class space    used 2851K, committed 3008K, reserved 1048576K
}
Event: 4.917 GC heap before
{Heap before GC invocations=5 (full 0):
 garbage-first heap   total 129024K, used 96145K [0x0000000082000000, 0x0000000100000000)
  region size 1024K, 38 young (38912K), 3 survivors (3072K)
 Metaspace       used 20617K, committed 20928K, reserved 1114112K
  class space    used 3139K, committed 3264K, reserved 1048576K
}
Event: 4.937 GC heap after
{Heap after GC invocations=6 (full 0):
 garbage-first heap   total 129024K, used 74202K [0x0000000082000000, 0x0000000100000000)
  region size 1024K, 5 young (5120K), 5 survivors (5120K)
 Metaspace       used 20617K, committed 20928K, reserved 1114112K
  class space    used 3139K, committed 3264K, reserved 1048576K
}
Event: 5.408 GC heap before
{Heap before GC invocations=7 (full 0):
 garbage-first heap   total 129024K, used 81370K [0x0000000082000000, 0x0000000100000000)
  region size 1024K, 13 young (13312K), 5 survivors (5120K)
 Metaspace       used 21858K, committed 22208K, reserved 1114112K
  class space    used 3277K, committed 3456K, reserved 1048576K
}
Event: 5.415 GC heap after
{Heap after GC invocations=8 (full 0):
 garbage-first heap   total 129024K, used 77409K [0x0000000082000000, 0x0000000100000000)
  region size 1024K, 3 young (3072K), 3 survivors (3072K)
 Metaspace       used 21858K, committed 22208K, reserved 1114112K
  class space    used 3277K, committed 3456K, reserved 1048576K
}

Deoptimization events (20 events):
Event: 5.592 Thread 0x00000215fa0e6520 DEOPT PACKING pc=0x00000215e03badc4 sp=0x00000085c59fb380
Event: 5.592 Thread 0x00000215fa0e6520 DEOPT UNPACKING pc=0x00000215df4d2b43 sp=0x00000085c59fa7d8 mode 0
Event: 5.596 Thread 0x00000215fa0e6520 DEOPT PACKING pc=0x00000215e03badc4 sp=0x00000085c59fb0a0
Event: 5.596 Thread 0x00000215fa0e6520 DEOPT UNPACKING pc=0x00000215df4d2b43 sp=0x00000085c59fa4f8 mode 0
Event: 5.648 Thread 0x00000215fa0e6520 DEOPT PACKING pc=0x00000215e03ce077 sp=0x00000085c59fc900
Event: 5.648 Thread 0x00000215fa0e6520 DEOPT UNPACKING pc=0x00000215df4d2b43 sp=0x00000085c59fbd20 mode 0
Event: 5.723 Thread 0x00000215fa0e6520 Uncommon trap: trap_request=0xffffff45 fr.pc=0x00000215e7176cd0 relative=0x0000000000000050
Event: 5.724 Thread 0x00000215fa0e6520 Uncommon trap: reason=unstable_if action=reinterpret pc=0x00000215e7176cd0 method=java.lang.Float.isNaN(F)Z @ 3 c2
Event: 5.724 Thread 0x00000215fa0e6520 DEOPT PACKING pc=0x00000215e7176cd0 sp=0x00000085c59fdbf0
Event: 5.724 Thread 0x00000215fa0e6520 DEOPT UNPACKING pc=0x00000215df4d23a3 sp=0x00000085c59fdb80 mode 2
Event: 6.600 Thread 0x00000215fa0e6520 DEOPT PACKING pc=0x00000215e03f5f7c sp=0x00000085c59fd580
Event: 6.600 Thread 0x00000215fa0e6520 DEOPT UNPACKING pc=0x00000215df4d2b43 sp=0x00000085c59fc9b8 mode 0
Event: 7.015 Thread 0x00000215fa4d3b60 Uncommon trap: trap_request=0xffffff45 fr.pc=0x00000215e70219fc relative=0x00000000000006bc
Event: 7.015 Thread 0x00000215fa4d3b60 Uncommon trap: reason=unstable_if action=reinterpret pc=0x00000215e70219fc method=java.util.WeakHashMap.expungeStaleEntries()V @ 66 c2
Event: 7.015 Thread 0x00000215fa4d3b60 DEOPT PACKING pc=0x00000215e70219fc sp=0x00000085c5bfc570
Event: 7.015 Thread 0x00000215fa4d3b60 DEOPT UNPACKING pc=0x00000215df4d23a3 sp=0x00000085c5bfc4f0 mode 2
Event: 8.541 Thread 0x00000215fa4d3b60 Uncommon trap: trap_request=0xffffffbe fr.pc=0x00000215e7161ca4 relative=0x0000000000006784
Event: 8.541 Thread 0x00000215fa4d3b60 Uncommon trap: reason=profile_predicate action=maybe_recompile pc=0x00000215e7161ca4 method=javafx.scene.CssStyleHelper$CacheContainer.<init>(Ljavafx/scene/Node;Lcom/sun/javafx/css/StyleMap;I)V @ 164 c2
Event: 8.541 Thread 0x00000215fa4d3b60 DEOPT PACKING pc=0x00000215e7161ca4 sp=0x00000085c5bfbf40
Event: 8.542 Thread 0x00000215fa4d3b60 DEOPT UNPACKING pc=0x00000215df4d23a3 sp=0x00000085c5bfbde8 mode 2

Classes loaded (20 events):
Event: 5.067 Loading class java/util/EnumMap$ValueIterator
Event: 5.067 Loading class java/util/EnumMap$EnumMapIterator
Event: 5.068 Loading class java/util/EnumMap$EnumMapIterator done
Event: 5.068 Loading class java/util/EnumMap$ValueIterator done
Event: 5.317 Loading class java/util/concurrent/ConcurrentLinkedQueue
Event: 5.317 Loading class java/util/concurrent/ConcurrentLinkedQueue done
Event: 5.317 Loading class java/util/concurrent/ConcurrentLinkedQueue$Node
Event: 5.318 Loading class java/util/concurrent/ConcurrentLinkedQueue$Node done
Event: 5.335 Loading class java/nio/ShortBuffer
Event: 5.336 Loading class java/nio/ShortBuffer done
Event: 5.336 Loading class java/nio/DoubleBuffer
Event: 5.336 Loading class java/nio/DoubleBuffer done
Event: 5.339 Loading class java/nio/DirectFloatBufferU
Event: 5.339 Loading class java/nio/DirectFloatBufferU done
Event: 5.380 Loading class jdk/internal/ref/CleanerImpl$InnocuousThreadFactory
Event: 5.381 Loading class jdk/internal/ref/CleanerImpl$InnocuousThreadFactory done
Event: 5.387 Loading class sun/misc/Unsafe
Event: 5.387 Loading class sun/misc/Unsafe done
Event: 5.388 Loading class java/lang/invoke/DirectMethodHandle$StaticAccessor
Event: 5.388 Loading class java/lang/invoke/DirectMethodHandle$StaticAccessor done

Classes unloaded (0 events):
No events

Classes redefined (0 events):
No events

Internal exceptions (20 events):
Event: 3.696 Thread 0x00000215fa4d3b60 Exception <a 'java/lang/NoSuchMethodError'{0x000000008738c1f0}: 'java.lang.Object java.lang.invoke.DirectMethodHandle$Holder.invokeInterface(java.lang.Object, java.lang.Object)'> (0x000000008738c1f0) 
thrown [t:\workspace\open\src\hotspot\share\interpreter\linkResolver.cpp, line 766]
Event: 3.818 Thread 0x00000215fa4d3b60 Implicit null exception at 0x00000215e6fa890c to 0x00000215e6fa8b9c
Event: 3.835 Thread 0x00000215fa4d3b60 Implicit null exception at 0x00000215e6fa540c to 0x00000215e6fa569c
Event: 3.853 Thread 0x00000215fa4d3b60 Exception <a 'java/lang/NoSuchMethodError'{0x0000000089d4b4d8}: 'java.lang.Object java.lang.invoke.DirectMethodHandle$Holder.invokeInterface(java.lang.Object, java.lang.Object, java.lang.Object)'> (0x0000000089d4b4d8) 
thrown [t:\workspace\open\src\hotspot\share\interpreter\linkResolver.cpp, line 766]
Event: 3.853 Thread 0x00000215fa4d3b60 Exception <a 'java/lang/IncompatibleClassChangeError'{0x0000000089d4ee58}: Found class java.lang.Object, but interface was expected> (0x0000000089d4ee58) 
thrown [t:\workspace\open\src\hotspot\share\interpreter\linkResolver.cpp, line 833]
Event: 4.149 Thread 0x00000215fa4d3b60 Implicit null exception at 0x00000215e70b2db2 to 0x00000215e70b3528
Event: 4.192 Thread 0x00000215fa4d3b60 Implicit null exception at 0x00000215e70c4a89 to 0x00000215e70c6438
Event: 4.407 Thread 0x00000215fa4d3b60 Exception <a 'java/lang/NoSuchMethodError'{0x0000000089a9e420}: 'void java.lang.invoke.DirectMethodHandle$Holder.invokeSpecialIFC(java.lang.Object, java.lang.Object, java.lang.Object, java.lang.Object)'> (0x0000000089a9e420) 
thrown [t:\workspace\open\src\hotspot\share\interpreter\linkResolver.cpp, line 766]
Event: 4.644 Thread 0x00000215fa4d3b60 Implicit null exception at 0x00000215e70ebf63 to 0x00000215e70f3140
Event: 4.696 Thread 0x00000215fa4d3b60 Exception <a 'java/lang/NoSuchMethodError'{0x000000008841b068}: 'void java.lang.invoke.DirectMethodHandle$Holder.invokeSpecial(java.lang.Object, java.lang.Object, int, int)'> (0x000000008841b068) 
thrown [t:\workspace\open\src\hotspot\share\interpreter\linkResolver.cpp, line 766]
Event: 4.697 Thread 0x00000215fa4d3b60 Exception <a 'java/lang/NoSuchMethodError'{0x0000000088421ad8}: 'java.lang.Object java.lang.invoke.DirectMethodHandle$Holder.newInvokeSpecial(java.lang.Object, java.lang.Object, int, int)'> (0x0000000088421ad8) 
thrown [t:\workspace\open\src\hotspot\share\interpreter\linkResolver.cpp, line 766]
Event: 4.697 Thread 0x00000215fa4d3b60 Exception <a 'java/lang/NoSuchMethodError'{0x0000000088425cd0}: 'java.lang.Object java.lang.invoke.DirectMethodHandle$Holder.invokeSpecial(java.lang.Object, java.lang.Object, java.lang.Object, int, int)'> (0x0000000088425cd0) 
thrown [t:\workspace\open\src\hotspot\share\interpreter\linkResolver.cpp, line 766]
Event: 4.820 Thread 0x00000215fa4d3b60 Exception <a 'java/lang/NoSuchMethodError'{0x00000000881b8190}: 'java.lang.Object java.lang.invoke.DirectMethodHandle$Holder.newInvokeSpecial(java.lang.Object, java.lang.Object, int)'> (0x00000000881b8190) 
thrown [t:\workspace\open\src\hotspot\share\interpreter\linkResolver.cpp, line 766]
Event: 4.990 Thread 0x00000215fa4d3b60 Implicit null exception at 0x00000215e7100540 to 0x00000215e710368c
Event: 5.261 Thread 0x00000215fa0e6520 Exception <a 'java/lang/NoSuchMethodError'{0x0000000089813600}: 'int java.lang.invoke.DirectMethodHandle$Holder.invokeStaticInit(java.lang.Object, java.lang.Object)'> (0x0000000089813600) 
thrown [t:\workspace\open\src\hotspot\share\interpreter\linkResolver.cpp, line 766]
Event: 5.319 Thread 0x00000215fa4d3b60 Exception <a 'java/lang/NoSuchMethodError'{0x00000000899c9798}: 'long java.lang.invoke.DirectMethodHandle$Holder.invokeStatic(java.lang.Object, java.lang.Object, java.lang.Object)'> (0x00000000899c9798) 
thrown [t:\workspace\open\src\hotspot\share\interpreter\linkResolver.cpp, line 766]
Event: 5.319 Thread 0x00000215fa4d3b60 Exception <a 'java/lang/NoSuchMethodError'{0x00000000899cd1e0}: 'long java.lang.invoke.DirectMethodHandle$Holder.invokeStaticInit(java.lang.Object, java.lang.Object, java.lang.Object)'> (0x00000000899cd1e0) 
thrown [t:\workspace\open\src\hotspot\share\interpreter\linkResolver.cpp, line 766]
Event: 5.324 Thread 0x00000215fa4d3b60 Exception <a 'java/lang/NoSuchMethodError'{0x00000000899e5c20}: 'java.lang.Object java.lang.invoke.DirectMethodHandle$Holder.newInvokeSpecial(java.lang.Object, java.lang.Object, long)'> (0x00000000899e5c20) 
thrown [t:\workspace\open\src\hotspot\share\interpreter\linkResolver.cpp, line 766]
Event: 5.325 Thread 0x00000215fa4d3b60 Exception <a 'java/lang/NoSuchMethodError'{0x00000000899e9798}: 'java.lang.Object java.lang.invoke.Invokers$Holder.linkToTargetMethod(java.lang.Object, long, java.lang.Object)'> (0x00000000899e9798) 
thrown [t:\workspace\open\src\hotspot\share\interpreter\linkResolver.cpp, line 766]
Event: 5.535 Thread 0x00000215fa0e6520 Exception <a 'java/lang/NoSuchMethodError'{0x0000000089dc6c10}: 'java.lang.Object java.lang.invoke.DirectMethodHandle$Holder.invokeStaticInit(java.lang.Object, int)'> (0x0000000089dc6c10) 
thrown [t:\workspace\open\src\hotspot\share\interpreter\linkResolver.cpp, line 766]

VM Operations (20 events):
Event: 4.715 Executing VM operation: ICBufferFull done
Event: 4.917 Executing VM operation: G1CollectForAllocation
Event: 4.951 Executing VM operation: G1CollectForAllocation done
Event: 4.975 Executing VM operation: G1Concurrent
Event: 4.978 Executing VM operation: G1Concurrent done
Event: 4.998 Executing VM operation: G1Concurrent
Event: 4.998 Executing VM operation: G1Concurrent done
Event: 5.407 Executing VM operation: G1TryInitiateConcMark
Event: 5.419 Executing VM operation: G1TryInitiateConcMark done
Event: 5.463 Executing VM operation: G1Concurrent
Event: 5.466 Executing VM operation: G1Concurrent done
Event: 5.493 Executing VM operation: G1Concurrent
Event: 5.494 Executing VM operation: G1Concurrent done
Event: 6.494 Executing VM operation: Cleanup
Event: 6.494 Executing VM operation: Cleanup done
Event: 7.494 Executing VM operation: Cleanup
Event: 7.494 Executing VM operation: Cleanup done
Event: 8.495 Executing VM operation: Cleanup
Event: 8.495 Executing VM operation: Cleanup done
Event: 9.398 Executing VM operation: Exit

Events (20 events):
Event: 0.762 Loaded shared library C:\Users\danie\.openjfx\cache\13\concrt140.dll
Event: 0.818 Thread 0x00000215fa0e6520 Thread added: 0x00000215fa0e6520
Event: 0.832 Loaded shared library C:\Users\danie\.openjfx\cache\13\prism_d3d.dll
Event: 0.911 Thread 0x00000215f9a30390 Thread exited: 0x00000215f9a30390
Event: 0.944 Loaded shared library C:\Users\danie\.openjfx\cache\13\glass.dll
Event: 0.947 Thread 0x00000215fa4e55e0 Thread added: 0x00000215fa4e55e0
Event: 0.951 Thread 0x00000215fa4d3b60 Thread added: 0x00000215fa4d3b60
Event: 1.079 Thread 0x00000215fa6cefc0 Thread added: 0x00000215fa6cefc0
Event: 1.658 Loaded shared library C:\Users\danie\.openjfx\cache\13\javafx_font.dll
Event: 1.741 Thread 0x00000215fa6c0df0 Thread added: 0x00000215fa6c0df0
Event: 2.407 Loaded shared library C:\Program Files\Java\jdk-18\bin\verify.dll
Event: 2.772 Thread 0x00000215faafa880 Thread added: 0x00000215faafa880
Event: 4.606 Loaded shared library C:\Users\danie\.openjfx\cache\13\javafx_iio.dll
Event: 5.381 Thread 0x00000215faafc560 Thread added: 0x00000215faafc560
Event: 5.990 Thread 0x00000215fa6c0df0 Thread exited: 0x00000215fa6c0df0
Event: 9.395 Thread 0x0000021581e52860 Thread added: 0x0000021581e52860
Event: 9.395 Thread 0x0000021581e52d30 Thread added: 0x0000021581e52d30
Event: 9.395 Thread 0x0000021581e52860 Thread exited: 0x0000021581e52860
Event: 9.397 Thread 0x0000021581e52d30 Thread exited: 0x0000021581e52d30
Event: 9.398 Thread 0x00000215f53d7c50 Thread exited: 0x00000215f53d7c50


Dynamic libraries:
0x00007ff7586a0000 - 0x00007ff7586b0000 	C:\Program Files\Java\jdk-18\bin\javaw.exe
0x00007ff880a30000 - 0x00007ff880c25000 	C:\WINDOWS\SYSTEM32\ntdll.dll
0x00007ff87f580000 - 0x00007ff87f63e000 	C:\WINDOWS\System32\KERNEL32.DLL
0x00007ff87e670000 - 0x00007ff87e938000 	C:\WINDOWS\System32\KERNELBASE.dll
0x00007ff87e150000 - 0x00007ff87e250000 	C:\WINDOWS\System32\ucrtbase.dll
0x00007ff8736a0000 - 0x00007ff8736b8000 	C:\Program Files\Java\jdk-18\bin\jli.dll
0x00007ff87f290000 - 0x00007ff87f33e000 	C:\WINDOWS\System32\ADVAPI32.dll
0x00007ff87f0a0000 - 0x00007ff87f13e000 	C:\WINDOWS\System32\msvcrt.dll
0x00007ff87efd0000 - 0x00007ff87f06c000 	C:\WINDOWS\System32\sechost.dll
0x00007ff87fec0000 - 0x00007ff87ffe5000 	C:\WINDOWS\System32\RPCRT4.dll
0x00007ff878900000 - 0x00007ff87891a000 	C:\Program Files\Java\jdk-18\bin\VCRUNTIME140.dll
0x00007ff8807e0000 - 0x00007ff880980000 	C:\WINDOWS\System32\USER32.dll
0x00007ff87e4c0000 - 0x00007ff87e4e2000 	C:\WINDOWS\System32\win32u.dll
0x00007ff87efa0000 - 0x00007ff87efca000 	C:\WINDOWS\System32\GDI32.dll
0x00007ff87e250000 - 0x00007ff87e35b000 	C:\WINDOWS\System32\gdi32full.dll
0x00007ff87e540000 - 0x00007ff87e5dd000 	C:\WINDOWS\System32\msvcp_win.dll
0x00007ff8692f0000 - 0x00007ff86958a000 	C:\WINDOWS\WinSxS\amd64_microsoft.windows.common-controls_6595b64144ccf1df_6.0.19041.1110_none_60b5254171f9507e\COMCTL32.dll
0x00007ff876d70000 - 0x00007ff876d7a000 	C:\WINDOWS\SYSTEM32\VERSION.dll
0x00007ff87f070000 - 0x00007ff87f0a0000 	C:\WINDOWS\System32\IMM32.DLL
0x00007ff877620000 - 0x00007ff87762c000 	C:\Program Files\Java\jdk-18\bin\vcruntime140_1.dll
0x00007ff8604d0000 - 0x00007ff86055d000 	C:\Program Files\Java\jdk-18\bin\msvcp140.dll
0x00007fffddd00000 - 0x00007fffde911000 	C:\Program Files\Java\jdk-18\bin\server\jvm.dll
0x00007ff8807d0000 - 0x00007ff8807d8000 	C:\WINDOWS\System32\PSAPI.DLL
0x00007ff866bc0000 - 0x00007ff866be7000 	C:\WINDOWS\SYSTEM32\WINMM.dll
0x00007ff864320000 - 0x00007ff864329000 	C:\WINDOWS\SYSTEM32\WSOCK32.dll
0x00007ff880980000 - 0x00007ff8809eb000 	C:\WINDOWS\System32\WS2_32.dll
0x00007ff87ca30000 - 0x00007ff87ca42000 	C:\WINDOWS\SYSTEM32\kernel.appcore.dll
0x00007ff868be0000 - 0x00007ff868bea000 	C:\Program Files\Java\jdk-18\bin\jimage.dll
0x00007ff87c710000 - 0x00007ff87c8f4000 	C:\WINDOWS\SYSTEM32\DBGHELP.DLL
0x00007ff875540000 - 0x00007ff87556c000 	C:\WINDOWS\SYSTEM32\dbgcore.DLL
0x00007ff87e5e0000 - 0x00007ff87e662000 	C:\WINDOWS\System32\bcryptPrimitives.dll
0x00007ff860320000 - 0x00007ff860345000 	C:\Program Files\Java\jdk-18\bin\java.dll
0x00007ff844380000 - 0x00007ff844456000 	C:\Program Files\Java\jdk-18\bin\jsvml.dll
0x00007ff87f640000 - 0x00007ff87fd84000 	C:\WINDOWS\System32\SHELL32.dll
0x00007ff87bea0000 - 0x00007ff87c634000 	C:\WINDOWS\SYSTEM32\windows.storage.dll
0x00007ff87ec40000 - 0x00007ff87ef94000 	C:\WINDOWS\System32\combase.dll
0x00007ff87dbc0000 - 0x00007ff87dbec000 	C:\WINDOWS\SYSTEM32\Wldp.dll
0x00007ff87f4d0000 - 0x00007ff87f57d000 	C:\WINDOWS\System32\SHCORE.dll
0x00007ff87f150000 - 0x00007ff87f1a5000 	C:\WINDOWS\System32\shlwapi.dll
0x00007ff87e090000 - 0x00007ff87e0af000 	C:\WINDOWS\SYSTEM32\profapi.dll
0x00007ff8611e0000 - 0x00007ff8611f3000 	C:\Program Files\Java\jdk-18\bin\net.dll
0x00007ff86fa60000 - 0x00007ff86fb6a000 	C:\WINDOWS\SYSTEM32\WINHTTP.dll
0x00007ff87d920000 - 0x00007ff87d98a000 	C:\WINDOWS\system32\mswsock.dll
0x00007ff860d30000 - 0x00007ff860d46000 	C:\Program Files\Java\jdk-18\bin\nio.dll
0x00007ff860090000 - 0x00007ff8600a8000 	C:\Program Files\Java\jdk-18\bin\zip.dll
0x00000215d5aa0000 - 0x00000215d5aa3000 	C:\Users\danie\.openjfx\cache\13\api-ms-win-core-console-l1-1-0.dll
0x00000215d5ab0000 - 0x00000215d5ab3000 	C:\Users\danie\.openjfx\cache\13\api-ms-win-core-datetime-l1-1-0.dll
0x00000215d5ac0000 - 0x00000215d5ac3000 	C:\Users\danie\.openjfx\cache\13\api-ms-win-core-debug-l1-1-0.dll
0x00000215d5ad0000 - 0x00000215d5ad3000 	C:\Users\danie\.openjfx\cache\13\api-ms-win-core-errorhandling-l1-1-0.dll
0x00000215d5ae0000 - 0x00000215d5ae4000 	C:\Users\danie\.openjfx\cache\13\api-ms-win-core-file-l1-1-0.dll
0x00000215d5af0000 - 0x00000215d5af3000 	C:\Users\danie\.openjfx\cache\13\api-ms-win-core-file-l1-2-0.dll
0x00000215d5b00000 - 0x00000215d5b03000 	C:\Users\danie\.openjfx\cache\13\api-ms-win-core-file-l2-1-0.dll
0x00000215d5b10000 - 0x00000215d5b13000 	C:\Users\danie\.openjfx\cache\13\api-ms-win-core-handle-l1-1-0.dll
0x00000215d5b20000 - 0x00000215d5b23000 	C:\Users\danie\.openjfx\cache\13\api-ms-win-core-heap-l1-1-0.dll
0x00000215d5b30000 - 0x00000215d5b33000 	C:\Users\danie\.openjfx\cache\13\api-ms-win-core-interlocked-l1-1-0.dll
0x00000215d5b40000 - 0x00000215d5b43000 	C:\Users\danie\.openjfx\cache\13\api-ms-win-core-libraryloader-l1-1-0.dll
0x00000215d5b50000 - 0x00000215d5b53000 	C:\Users\danie\.openjfx\cache\13\api-ms-win-core-localization-l1-2-0.dll
0x00000215d5b60000 - 0x00000215d5b63000 	C:\Users\danie\.openjfx\cache\13\api-ms-win-core-memory-l1-1-0.dll
0x00000215d7a60000 - 0x00000215d7a63000 	C:\Users\danie\.openjfx\cache\13\api-ms-win-core-namedpipe-l1-1-0.dll
0x00000215d7a70000 - 0x00000215d7a73000 	C:\Users\danie\.openjfx\cache\13\api-ms-win-core-processenvironment-l1-1-0.dll
0x00000215d7a80000 - 0x00000215d7a83000 	C:\Users\danie\.openjfx\cache\13\api-ms-win-core-processthreads-l1-1-0.dll
0x00000215d7a90000 - 0x00000215d7a93000 	C:\Users\danie\.openjfx\cache\13\api-ms-win-core-processthreads-l1-1-1.dll
0x00000215d7aa0000 - 0x00000215d7aa3000 	C:\Users\danie\.openjfx\cache\13\api-ms-win-core-profile-l1-1-0.dll
0x00000215d7ab0000 - 0x00000215d7ab3000 	C:\Users\danie\.openjfx\cache\13\api-ms-win-core-rtlsupport-l1-1-0.dll
0x00000215d7ac0000 - 0x00000215d7ac3000 	C:\Users\danie\.openjfx\cache\13\api-ms-win-core-string-l1-1-0.dll
0x00000215d7ad0000 - 0x00000215d7ad3000 	C:\Users\danie\.openjfx\cache\13\api-ms-win-core-synch-l1-1-0.dll
0x00000215d7ae0000 - 0x00000215d7ae3000 	C:\Users\danie\.openjfx\cache\13\api-ms-win-core-synch-l1-2-0.dll
0x00000215d7af0000 - 0x00000215d7af3000 	C:\Users\danie\.openjfx\cache\13\api-ms-win-core-sysinfo-l1-1-0.dll
0x00000215d7b00000 - 0x00000215d7b03000 	C:\Users\danie\.openjfx\cache\13\api-ms-win-core-timezone-l1-1-0.dll
0x00000215d7b10000 - 0x00000215d7b13000 	C:\Users\danie\.openjfx\cache\13\api-ms-win-core-util-l1-1-0.dll
0x00000215f5580000 - 0x00000215f5583000 	C:\Users\danie\.openjfx\cache\13\api-ms-win-crt-conio-l1-1-0.dll
0x00000215f5590000 - 0x00000215f5594000 	C:\Users\danie\.openjfx\cache\13\api-ms-win-crt-convert-l1-1-0.dll
0x00000215f55a0000 - 0x00000215f55a3000 	C:\Users\danie\.openjfx\cache\13\api-ms-win-crt-environment-l1-1-0.dll
0x00000215f55b0000 - 0x00000215f55b3000 	C:\Users\danie\.openjfx\cache\13\api-ms-win-crt-filesystem-l1-1-0.dll
0x00000215f55c0000 - 0x00000215f55c3000 	C:\Users\danie\.openjfx\cache\13\api-ms-win-crt-heap-l1-1-0.dll
0x00000215f55d0000 - 0x00000215f55d3000 	C:\Users\danie\.openjfx\cache\13\api-ms-win-crt-locale-l1-1-0.dll
0x00000215f55e0000 - 0x00000215f55e5000 	C:\Users\danie\.openjfx\cache\13\api-ms-win-crt-math-l1-1-0.dll
0x00000215f55f0000 - 0x00000215f55f5000 	C:\Users\danie\.openjfx\cache\13\api-ms-win-crt-multibyte-l1-1-0.dll
0x00000215f5600000 - 0x00000215f5610000 	C:\Users\danie\.openjfx\cache\13\api-ms-win-crt-private-l1-1-0.dll
0x00000215f5610000 - 0x00000215f5613000 	C:\Users\danie\.openjfx\cache\13\api-ms-win-crt-process-l1-1-0.dll
0x00000215f5620000 - 0x00000215f5624000 	C:\Users\danie\.openjfx\cache\13\api-ms-win-crt-runtime-l1-1-0.dll
0x00000215f5630000 - 0x00000215f5634000 	C:\Users\danie\.openjfx\cache\13\api-ms-win-crt-stdio-l1-1-0.dll
0x00000215f5640000 - 0x00000215f5644000 	C:\Users\danie\.openjfx\cache\13\api-ms-win-crt-string-l1-1-0.dll
0x00000215f5650000 - 0x00000215f5653000 	C:\Users\danie\.openjfx\cache\13\api-ms-win-crt-time-l1-1-0.dll
0x00000215f5660000 - 0x00000215f5663000 	C:\Users\danie\.openjfx\cache\13\api-ms-win-crt-utility-l1-1-0.dll
0x00007ff8603d0000 - 0x00007ff8604cc000 	C:\Users\danie\.openjfx\cache\13\ucrtbase.dll
0x00007ff873340000 - 0x00007ff873355000 	C:\Users\danie\.openjfx\cache\13\vcruntime140.dll
0x00007ff85faf0000 - 0x00007ff85fb8b000 	C:\Users\danie\.openjfx\cache\13\msvcp140.dll
0x00007ff873270000 - 0x00007ff8732c1000 	C:\Users\danie\.openjfx\cache\13\concrt140.dll
0x00007ff868ad0000 - 0x00007ff868af3000 	C:\Users\danie\.openjfx\cache\13\prism_d3d.dll
0x00007ff849630000 - 0x00007ff8497ff000 	C:\WINDOWS\system32\d3d9.dll
0x00007ff87bbb0000 - 0x00007ff87bbdf000 	C:\WINDOWS\SYSTEM32\dwmapi.dll
0x00007ff87b050000 - 0x00007ff87b0ee000 	C:\WINDOWS\system32\uxtheme.dll
0x00007ff87fd90000 - 0x00007ff87feba000 	C:\WINDOWS\System32\ole32.dll
0x00007ff87f340000 - 0x00007ff87f40d000 	C:\WINDOWS\System32\OLEAUT32.dll
0x00007ff87e4f0000 - 0x00007ff87e53e000 	C:\WINDOWS\System32\cfgmgr32.dll
0x00007ff87ea60000 - 0x00007ff87ea87000 	C:\WINDOWS\System32\bcrypt.dll
0x00007ff87e360000 - 0x00007ff87e4b6000 	C:\WINDOWS\System32\crypt32.dll
0x00007ff865480000 - 0x00007ff8654b1000 	C:\WINDOWS\SYSTEM32\cryptnet.dll
0x00007ff87db10000 - 0x00007ff87db1c000 	C:\WINDOWS\SYSTEM32\cryptbase.dll
0x00007ff87e940000 - 0x00007ff87e9a8000 	C:\WINDOWS\System32\WINTRUST.DLL
0x00007ff87dd40000 - 0x00007ff87dd52000 	C:\WINDOWS\SYSTEM32\MSASN1.dll
0x00007ff8806d0000 - 0x00007ff8806ed000 	C:\WINDOWS\System32\imagehlp.dll
0x00007ff87db20000 - 0x00007ff87db38000 	C:\WINDOWS\SYSTEM32\CRYPTSP.dll
0x00007ff87d230000 - 0x00007ff87d264000 	C:\WINDOWS\system32\rsaenh.dll
0x00007ff860780000 - 0x00007ff8607c5000 	C:\Users\danie\.openjfx\cache\13\glass.dll
0x00007ff87f1b0000 - 0x00007ff87f28b000 	C:\WINDOWS\System32\COMDLG32.dll
0x00007ff8804f0000 - 0x00007ff880605000 	C:\WINDOWS\System32\MSCTF.dll
0x00007ff86e030000 - 0x00007ff86e06b000 	C:\WINDOWS\SYSTEM32\dxcore.dll
0x00007ff868ab0000 - 0x00007ff868ac4000 	C:\Users\danie\.openjfx\cache\13\javafx_font.dll
0x00007ff8651f0000 - 0x00007ff86546f000 	C:\WINDOWS\SYSTEM32\dwrite.dll
0x00007ff860310000 - 0x00007ff860320000 	C:\Program Files\Java\jdk-18\bin\verify.dll
0x00007ff880610000 - 0x00007ff8806b9000 	C:\WINDOWS\System32\clbcatq.dll
0x00007ff86fd30000 - 0x00007ff86fee4000 	C:\WINDOWS\SYSTEM32\WindowsCodecs.dll
0x00007ff8431d0000 - 0x00007ff84320e000 	C:\WINDOWS\system32\dataexchange.dll
0x00007ff87a410000 - 0x00007ff87a5f5000 	C:\WINDOWS\system32\dcomp.dll
0x00007ff87a1a0000 - 0x00007ff87a404000 	C:\WINDOWS\system32\d3d11.dll
0x00007ff87ca70000 - 0x00007ff87cb63000 	C:\WINDOWS\system32\dxgi.dll
0x00007ff876db0000 - 0x00007ff876fb1000 	C:\WINDOWS\system32\twinapi.appcore.dll
0x00007ff860c50000 - 0x00007ff860c84000 	C:\Program Files\Common Files\Microsoft Shared\Ink\rtscom.dll
0x00007ff868310000 - 0x00007ff868409000 	C:\WINDOWS\SYSTEM32\textinputframework.dll
0x00007ff87ace0000 - 0x00007ff87add2000 	C:\WINDOWS\System32\CoreMessaging.dll
0x00007ff87a600000 - 0x00007ff87a95e000 	C:\WINDOWS\System32\CoreUIComponents.dll
0x00007ff87cf80000 - 0x00007ff87cfb3000 	C:\WINDOWS\SYSTEM32\ntmarta.dll
0x00007ff879620000 - 0x00007ff879774000 	C:\WINDOWS\SYSTEM32\wintypes.dll
0x00007ff860a40000 - 0x00007ff860a6c000 	C:\Users\danie\.openjfx\cache\13\javafx_iio.dll

dbghelp: loaded successfully - version: 4.0.5 - missing functions: none
symbol engine: initialized successfully - sym options: 0x614 - pdb path: .;C:\Program Files\Java\jdk-18\bin;C:\WINDOWS\SYSTEM32;C:\WINDOWS\WinSxS\amd64_microsoft.windows.common-controls_6595b64144ccf1df_6.0.19041.1110_none_60b5254171f9507e;C:\Program Files\Java\jdk-18\bin\server;C:\Users\danie\.openjfx\cache\13;C:\WINDOWS\System32\DriverStore\FileRepository\igdlh64.inf_amd64_65c474a29ee01b9d;C:\WINDOWS\System32\DriverStore\FileRepository\nvdm.inf_amd64_b1996f0d09e49357;C:\Program Files\Common Files\Microsoft Shared\Ink

VM Arguments:
jvm_args: -Dfile.encoding=UTF-8 -XX:+ShowCodeDetailsInExceptionMessages 
java_command: com.jeeves.vpl.NewMain
java_class_path (initial): C:\Users\danie\eclipse-workspace\Jeeves\target\classes;C:\Users\danie\.m2\repository\org\openjfx\javafx-controls\13\javafx-controls-13.jar;C:\Users\danie\.m2\repository\org\openjfx\javafx-controls\13\javafx-controls-13-win.jar;C:\Users\danie\.m2\repository\org\openjfx\javafx-graphics\13\javafx-graphics-13.jar;C:\Users\danie\.m2\repository\org\openjfx\javafx-graphics\13\javafx-graphics-13-win.jar;C:\Users\danie\.m2\repository\org\openjfx\javafx-base\13\javafx-base-13.jar;C:\Users\danie\.m2\repository\org\openjfx\javafx-base\13\javafx-base-13-win.jar;C:\Users\danie\.m2\repository\org\openjfx\javafx-fxml\13\javafx-fxml-13.jar;C:\Users\danie\.m2\repository\org\openjfx\javafx-fxml\13\javafx-fxml-13-win.jar;C:\Users\danie\.m2\repository\commons-codec\commons-codec\1.11\commons-codec-1.11.jar;C:\Users\danie\.m2\repository\commons-validator\commons-validator\1.4.1\commons-validator-1.4.1.jar;C:\Users\danie\.m2\repository\commons-beanutils\commons-beanutils\1.8.3\commons-beanutils-1.8.3.jar;C:\Users\danie\.m2\repository\commons-digester\commons-digester\1.8.1\commons-digester-1.8.1.jar;C:\Users\danie\.m2\repository\commons-logging\commons-logging\1.2\commons-logging-1.2.jar;C:\Users\danie\.m2\repository\commons-collections\commons-collections\3.2.1\commons-collections-3.2.1.jar;C:\Users\danie\.m2\repository\org\apache\shiro\shiro-core\1.3.2\shiro-core-1.3.2.jar;C:\Users\danie\.m2\repository\com\google\firebase\firebase-admin\8.1.0\firebase-admin-8.1.0.jar;C:\Users\danie\.m2\repository\com\google\api-client\google-api-client\1.32.1\google-api-client-1.32.1.jar;C:\Users\danie\.m2\repository\com\google\oauth-client\google-oauth-client\1.31.5\google-oauth-client-1.31.5.jar;C:\Users\danie\.m2\repository\com\google\http-client\google-http-client-gson\1.39.2\google-http-client-gson-1.39.2.jar;C:\Users\danie\.m2\repository\com\google\http-client\google-http-client-apache-v2\1.39.2\google-http-client-apache-v2-1.39.2.jar;C:\Users\danie\.m2\repository\org\apache\httpcomponents\httpcore\4.4.14\httpcore-4.4.14.jar;C:\Users\danie\.m2\repository\org\apache\httpcomponents\httpclient\4.5.13\httpclient-4.5.13.jar;C:\Users\danie\.m2\repository\com\google\api-client\google-api-client-gson\1.32.1\google-api-client-gson-1.32.1.jar;C:\Users\danie\.m2\repository\com\google\http-client\google-http-client\1.39.2\google-http-client-1.39.2.jar;C:\Users\danie\.m2\repository\com\google\code\findbugs\jsr305\3.0.2\jsr305-3.0.2.jar;C:\Users\danie\.m2\repository\com\google\j2objc\j2objc-annotations\1.3\j2objc-annotations-1.3.jar;C:\Users\danie\.m2\repository\io\opencensus\opencensus-api\0.28.0\opencensus-api-0.28.0.jar;C:\Users\danie\.m2\repository\io\opencensus\opencensus-contrib-http-util\0.28.0\opencensus-contrib-http-util-0.28.0.jar;C:\Users\danie\.m2\repository\com\google\api\api-common\1.10.4\api-common-1.10.4.jar;C:\Users\danie\.m2\repository\javax\annotation\javax.annotation-api\1.3.2\javax.annotation-api-1.3.2.jar;C:\Users\danie\.m2\repository\com\google\auto\value\auto-value-annotations\1.8.1\auto-value-annotations-1.8.1.jar;C:\Users\danie\.m2\repository\com\google\auth\google-auth-library-oauth2-http\0.26.0\google-auth-library-oauth2-http-0.26.0.jar;C:\Users\danie\.m2\repository\com\google\auth\google-auth-library-credentials\0.26.0\google-auth-library-credentials-0.26.0.jar;C:\Users\danie\.m2\repository\com\google\cloud\google-cloud-storage\1.118.0\google-cloud-storage-1.118.0.jar;C:\Users\danie\.m2\repository\com\google\guava\failureaccess\1.0.1\failureaccess-1.0.1.jar;C:\Users\danie\.m2\repository\com\google\guava\listenablefuture\9999.0-empty-to-avoid-conflict-with-guava\listenablefuture-9999.0-empty-to-avoid-conflict-with-guava.jar;C:\Users\danie\.m2\repository\org\checkerframework\checker-compat-qual\2.5.5\checker-compat-qual-2.5.5.jar;C:\Users\danie\.m2\repository\com\google\errorprone\error_prone_annotations\2.7.1\error_prone_annotations-2.7.1.jar;C:\Users\danie\.m2\repository\com\google\http-client\google-http-client-jackson2\1.39.2\google-http-client-jackson2-1.39.2.jar;C:\Users\danie\.m2\repository\com\fasterxml\jackson\core\jackson-core\2.12.3\jackson-core-2.12.3.jar;C:\Users\danie\.m2\repository\com\google\apis\google-api-services-storage\v1-rev20210127-1.32.1\google-api-services-storage-v1-rev20210127-1.32.1.jar;C:\Users\danie\.m2\repository\com\google\code\gson\gson\2.8.7\gson-2.8.7.jar;C:\Users\danie\.m2\repository\com\google\cloud\google-cloud-core\1.95.4\google-cloud-core-1.95.4.jar;C:\Users\danie\.m2\repository\com\google\api\grpc\proto-google-common-protos\2.3.2\proto-google-common-protos-2.3.2.jar;C:\Users\danie\.m2\repository\com\google\cloud\google-cloud-core-http\1.95.4\google-cloud-core-http-1.95.4.jar;C:\Users\danie\.m2\repository\com\google\http-client\google-http-client-appengine\1.39.2\google-http-client-appengine-1.39.2.jar;C:\Users\danie\.m2\repository\com\google\api\gax-httpjson\0.83.0\gax-httpjson-0.83.0.jar;C:\Users\danie\.m2\repository\com\google\api\gax\1.66.0\gax-1.66.0.jar;C:\Users\danie\.m2\repository\io\grpc\grpc-context\1.39.0\grpc-context-1.39.0.jar;C:\Users\danie\.m2\repository\com\google\api\grpc\proto-google-iam-v1\1.0.14\proto-google-iam-v1-1.0.14.jar;C:\Users\danie\.m2\repository\com\google\protobuf\protobuf-java\3.17.3\protobuf-java-3.17.3.jar;C:\Users\danie\.m2\repository\com\google\protobuf\protobuf-java-util\3.17.3\protobuf-java-util-3.17.3.jar;C:\Users\danie\.m2\repository\org\threeten\threetenbp\1.5.1\threetenbp-1.5.1.jar;C:\Users\danie\.m2\repository\com\google\cloud\google-cloud-firestore\2.6.1\google-cloud-firestore-2.6.1.jar;C:\Users\danie\.m2\repository\com\google\cloud\google-cloud-core-grpc\1.95.4\google-cloud-core-grpc-1.95.4.jar;C:\Users\danie\.m2\repository\io\grpc\grpc-core\1.39.0\grpc-core-1.39.0.jar;C:\Users\danie\.m2\repository\com\google\android\annotations\4.1.1.4\annotations-4.1.1.4.jar;C:\Users\danie\.m2\repository\org\codehaus\mojo\animal-sniffer-annotations\1.20\animal-sniffer-annotations-1.20.jar;C:\Users\danie\.m2\repository\io\perfmark\perfmark-api\0.23.0\perfmark-api-0.23.0.jar;C:\Users\danie\.m2\repository\com\google\api\grpc\proto-google-cloud-firestore-v1\2.6.1\proto-google-cloud-firestore-v1-2.6.1.jar;C:\Users\danie\.m2\repository\com\google\cloud\proto-google-cloud-firestore-bundle-v1\2.6.1\proto-google-cloud-firestore-bundle-v1-2.6.1.jar;C:\Users\danie\.m2\repository\io\opencensus\opencensus-contrib-grpc-util\0.28.0\opencensus-contrib-grpc-util-0.28.0.jar;C:\Users\danie\.m2\repository\io\grpc\grpc-protobuf\1.39.0\grpc-protobuf-1.39.0.jar;C:\Users\danie\.m2\repository\io\grpc\grpc-protobuf-lite\1.39.0\grpc-protobuf-lite-1.39.0.jar;C:\Users\danie\.m2\repository\io\grpc\grpc-api\1.39.0\grpc-api-1.39.0.jar;C:\Users\danie\.m2\repository\com\google\api\gax-grpc\1.66.0\gax-grpc-1.66.0.jar;C:\Users\danie\.m2\repository\io\grpc\grpc-auth\1.39.0\grpc-auth-1.39.0.jar;C:\Users\danie\.m2\repository\io\grpc\grpc-netty-shaded\1.39.0\grpc-netty-shaded-1.39.0.jar;C:\Users\danie\.m2\repository\io\grpc\grpc-alts\1.39.0\grpc-alts-1.39.0.jar;C:\Users\danie\.m2\repository\io\grpc\grpc-grpclb\1.39.0\grpc-grpclb-1.39.0.jar;C:\Users\danie\.m2\repository\org\conscrypt\conscrypt-openjdk-uber\2.5.1\conscrypt-openjdk-uber-2.5.1.jar;C:\Users\danie\.m2\repository\io\grpc\grpc-stub\1.39.0\grpc-stub-1.39.0.jar;C:\Users\danie\.m2\repository\com\google\guava\guava\30.1.1-android\guava-30.1.1-android.jar;C:\Users\danie\.m2\repository\io\netty\netty-codec-http\4.1.67.Final\netty-codec-http-4.1.67.Final.jar;C:\Users\danie\.m2\repository\io\netty\netty-common\4.1.67.Final\netty-common-4.1.67.Final.jar;C:\Users\danie\.m2\repository\io\netty\netty-buffer\4.1.67.Final\netty-buffer-4.1.67.Final.jar;C:\Users\danie\.m2\repository\io\netty\netty-codec\4.1.67.Final\netty-codec-4.1.67.Final.jar;C:\Users\danie\.m2\repository\io\netty\netty-handler\4.1.67.Final\netty-handler-4.1.67.Final.jar;C:\Users\danie\.m2\repository\io\netty\netty-resolver\4.1.67.Final\netty-resolver-4.1.67.Final.jar;C:\Users\danie\.m2\repository\io\netty\netty-transport\4.1.67.Final\netty-transport-4.1.67.Final.jar;C:\Users\danie\.m2\repository\io\github\lukehutch\fast-classpath-scanner\2.0.5\fast-classpath-scanner-2.0.5.jar;C:\Users\danie\.m2\repository\com\fasterxml\jackson\core\jackson-annotations\2.8.4\jackson-annotations-2.8.4.jar;C:\Users\danie\.m2\repository\org\apache\poi\poi\4.0.1\poi-4.0.1.jar;C:\Users\danie\.m2\repository\org\apache\commons\commons-collections4\4.2\commons-collections4-4.2.jar;C:\Users\danie\.m2\repository\org\apache\commons\commons-math3\3.6.1\commons-math3-3.6.1.jar;C:\Users\danie\.m2\repository\org\apache\poi\poi-ooxml\4.0.1\poi-ooxml-4.0.1.jar;C:\Users\danie\.m2\repository\org\apache\poi\poi-ooxml-schemas\4.0.1\poi-ooxml-schemas-4.0.1.jar;C:\Users\danie\.m2\repository\org\apache\xmlbeans\xmlbeans\3.0.2\xmlbeans-3.0.2.jar;C:\Users\danie\.m2\repository\org\apache\commons\commons-compress\1.18\commons-compress-1.18.jar;C:\Users\danie\.m2\repository\com\github\virtuald\curvesapi\1.05\curvesapi-1.05.jar;C:\Users\danie\.m2\repository\org\apache\commons\commons-lang3\3.0\commons-lang3-3.0.jar;C:\Users\danie\.m2\repository\org\slf4j\slf4j-api\1.7.25\slf4j-api-1.7.25.jar;C:\Users\danie\.m2\repository\org\slf4j\slf4j-simple\1.7.25\slf4j-simple-1.7.25.jar
Launcher Type: SUN_STANDARD

[Global flags]
     intx CICompilerCount                          = 3                                         {product} {ergonomic}
     uint ConcGCThreads                            = 1                                         {product} {ergonomic}
     uint G1ConcRefinementThreads                  = 4                                         {product} {ergonomic}
   size_t G1HeapRegionSize                         = 1048576                                   {product} {ergonomic}
    uintx GCDrainStackTargetSize                   = 64                                        {product} {ergonomic}
   size_t InitialHeapSize                          = 132120576                                 {product} {ergonomic}
   size_t MarkStackSize                            = 4194304                                   {product} {ergonomic}
   size_t MaxHeapSize                              = 2113929216                                {product} {ergonomic}
   size_t MaxNewSize                               = 1267728384                                {product} {ergonomic}
   size_t MinHeapDeltaBytes                        = 1048576                                   {product} {ergonomic}
   size_t MinHeapSize                              = 8388608                                   {product} {ergonomic}
    uintx NonNMethodCodeHeapSize                   = 5832780                                {pd product} {ergonomic}
    uintx NonProfiledCodeHeapSize                  = 122912730                              {pd product} {ergonomic}
    uintx ProfiledCodeHeapSize                     = 122912730                              {pd product} {ergonomic}
    uintx ReservedCodeCacheSize                    = 251658240                              {pd product} {ergonomic}
     bool SegmentedCodeCache                       = true                                      {product} {ergonomic}
     bool ShowCodeDetailsInExceptionMessages       = true                                   {manageable} {command line}
   size_t SoftMaxHeapSize                          = 2113929216                             {manageable} {ergonomic}
     bool UseCompressedClassPointers               = true                           {product lp64_product} {ergonomic}
     bool UseCompressedOops                        = true                           {product lp64_product} {ergonomic}
     bool UseG1GC                                  = true                                      {product} {ergonomic}
     bool UseLargePagesIndividualAllocation        = false                                  {pd product} {ergonomic}

Logging:
Log output configuration:
 #0: stdout all=off uptime,level,tags foldmultilines=false
 #1: stderr all=off uptime,level,tags foldmultilines=false

Environment Variables:
PATH=C:/Program Files/Java/jdk-18/bin/server;C:/Program Files/Java/jdk-18/bin;C:\Program Files\Common Files\Oracle\Java\javapath;C:\Windows\system32;C:\Windows;C:\Windows\System32\Wbem;C:\Windows\System32\WindowsPowerShell\v1.0\;C:\Program Files\Intel\WiFi\bin\;C:\Program Files\Common Files\Intel\WirelessCommon\;C:\Program Files (x86)\NVIDIA Corporation\PhysX\Common;C:\WINDOWS\system32;C:\WINDOWS;C:\WINDOWS\System32\Wbem;C:\WINDOWS\System32\WindowsPowerShell\v1.0\;C:\WINDOWS\System32\OpenSSH\;C:\Program Files (x86)\Intel\Intel(R) Management Engine Components\DAL;C:\Program Files\Intel\Intel(R) Management Engine Components\DAL;C:\Program Files\Git\cmd;C:\Program Files\Microsoft SQL Server\120\Tools\Binn\;C:\Program Files\dotnet\;C:\Users\danie\AppData\Local\Programs\Python\Python310\Scripts\;C:\Users\danie\AppData\Local\Programs\Python\Python310\;C:\Users\danie\AppData\Local\Microsoft\WindowsApps;C:\Users\danie\AppData\Local\atom\bin;C:\Program Files\Microsoft SQL Server\140\Tools\Binn\;C:\WINDOWS\system32;
USERNAME=danie
OS=Windows_NT
PROCESSOR_IDENTIFIER=Intel64 Family 6 Model 158 Stepping 9, GenuineIntel



---------------  S Y S T E M  ---------------

OS:
 Windows 10 , 64 bit Build 19041 (10.0.19041.1645)
OS uptime: 8 days 21:29 hours

CPU: total 4 (initial active 4) (4 cores per cpu, 1 threads per core) family 6 model 158 stepping 9 microcode 0xea, cx8, cmov, fxsr, mmx, 3dnowpref, sse, sse2, sse3, ssse3, sse4.1, sse4.2, popcnt, lzcnt, tsc, tscinvbit, avx, avx2, aes, erms, clmul, bmi1, bmi2, adx, fma, vzeroupper, clflush, clflushopt

Memory: 4k page, system-wide physical 8057M (926M free)
TotalPageFile size 29307M (AvailPageFile size 3795M)
current process WorkingSet (physical memory assigned to process): 318M, peak: 353M
current process commit charge ("private bytes"): 359M, peak: 398M

vm_info: Java HotSpot(TM) 64-Bit Server VM (18+36-2087) for windows-amd64 JRE (18+36-2087), built on Feb 15 2022 09:43:11 by "mach5one" with MS VC++ 16.8 / 16.9 (VS2019)

END.
