#
# A fatal error has been detected by the Java Runtime Environment:
#
#  EXCEPTION_ACCESS_VIOLATION (0xc0000005) at pc=0x00000000667c78b0, pid=7288, tid=0x00000000000037f0
#
# JRE version: Java(TM) SE Runtime Environment (8.0_151-b12) (build 1.8.0_151-b12)
# Java VM: Java HotSpot(TM) 64-Bit Server VM (25.151-b12 mixed mode windows-amd64 compressed oops)
# Problematic frame:
# C  [glass.dll+0x278b0]
#
# Failed to write core dump. Minidumps are not enabled by default on client versions of Windows
#
# If you would like to submit a bug report, please visit:
#   http://bugreport.java.com/bugreport/crash.jsp
#

---------------  T H R E A D  ---------------

Current thread (0x0000000019347800):  VMThread [stack: 0x000000001a3e0000,0x000000001a4e0000] [id=14320]

siginfo: ExceptionCode=0xc0000005, reading address 0x0000000000000000

Registers:
RAX=0x0000000000000000, RBX=0x000000001bb50fd8, RCX=0x0000000019347800, RDX=0x0000000067edc658
RSP=0x000000001a4df200, RBP=0x0000000002862db8, RSI=0x0000000002862d90, RDI=0x00007a43752b787e
R8 =0x0000000000010002, R9 =0x000000000000003e, R10=0x00007a43752b787e, R11=0x000000001a4df100
R12=0x0000000000000000, R13=0x0000000000000040, R14=0x000000001a4df318, R15=0x0000000002862d90
RIP=0x00000000667c78b0, EFLAGS=0x0000000000010202

Top of Stack: (sp=0x000000001a4df200)
0x000000001a4df200:   0000000000000000 00007ff86f3ed00b
0x000000001a4df210:   0000000002862da0 0000000002862da0
0x000000001a4df220:   fffffffffffffffe 0000000002862db8
0x000000001a4df230:   0000000002862d98 00007ff86f3f85f3
0x000000001a4df240:   00000000667dc1b0 00007ff800000000
0x000000001a4df250:   0000000000000000 0000000000000000
0x000000001a4df260:   fffffffffffffffe 0000000000000000
0x000000001a4df270:   0000000000000001 00000000667a0000
0x000000001a4df280:   0000000002cc1638 00000000667c48dc
0x000000001a4df290:   000000001a4df308 00007ff86f3ed157
0x000000001a4df2a0:   0000000000000000 000000001a4df318
0x000000001a4df2b0:   0000000019255400 00007ff86f4c70e0
0x000000001a4df2c0:   0000000000000000 00007ff86f3f16ee
0x000000001a4df2d0:   0000000000000000 0000000000000001
0x000000001a4df2e0:   0000000000000001 000000001a4df308
0x000000001a4df2f0:   0000000000000000 00000000667c4752 

Instructions: (pc=0x00000000667c78b0)
0x00000000667c7890:   40 53 48 83 ec 30 48 c7 44 24 20 fe ff ff ff 48
0x00000000667c78a0:   8b 1d 7a 72 01 00 48 85 db 74 16 e8 00 81 ff ff
0x00000000667c78b0:   4c 8b 00 48 8b d3 48 8b c8 41 ff 90 b0 00 00 00
0x00000000667c78c0:   90 48 83 c4 30 5b c3 cc cc cc cc cc cc cc cc cc 


Register to memory mapping:

RAX=0x0000000000000000 is an unknown value
RBX=0x000000001bb50fd8 is a global jni handle
RCX=0x0000000019347800 is an unknown value
RDX=0x0000000067edc658 is an unknown value
RSP=0x000000001a4df200 is an unknown value
RBP=0x0000000002862db8 is an unknown value
RSI=0x0000000002862d90 is an unknown value
RDI=0x00007a43752b787e is an unknown value
R8 =0x0000000000010002 is an unknown value
R9 =0x000000000000003e is an unknown value
R10=0x00007a43752b787e is an unknown value
R11=0x000000001a4df100 is an unknown value
R12=0x0000000000000000 is an unknown value
R13=0x0000000000000040 is an unknown value
R14=0x000000001a4df318 is an unknown value
R15=0x0000000002862d90 is an unknown value


Stack: [0x000000001a3e0000,0x000000001a4e0000],  sp=0x000000001a4df200,  free space=1020k
Native frames: (J=compiled Java code, j=interpreted, Vv=VM code, C=native code)
C  [glass.dll+0x278b0]
C  [ucrtbase.dll+0x185f3]
C  [ucrtbase.dll+0xd157]
C  [ucrtbase.dll+0x116ee]
C  [glass.dll+0x24752]
C  [glass.dll+0x24850]
C  [ntdll.dll+0x11493]
C  [ntdll.dll+0x406b5]
C  [ntdll.dll+0x40574]
C  [KERNEL32.DLL+0xf06a]
C  [msvcr100.dll+0x20ccd]
V  [jvm.dll+0x212a95]
V  [jvm.dll+0x24b9a7]
V  [jvm.dll+0x24ac46]
V  [jvm.dll+0x24b0e1]
V  [jvm.dll+0x24b2fe]
V  [jvm.dll+0x29c3ea]
C  [msvcr100.dll+0x21d9f]
C  [msvcr100.dll+0x21e3b]
C  [KERNEL32.DLL+0x11fe4]
C  [ntdll.dll+0x6efb1]

VM_Operation (0x000000001c1cac80): Exit, mode: safepoint, requested by thread 0x000000001b571800


---------------  P R O C E S S  ---------------

Java Threads: ( => current thread )
  0x000000001b91c000 JavaThread "Prism Font Disposer" daemon [_thread_blocked, id=10636, stack(0x0000000023750000,0x0000000023850000)]
  0x000000001b628800 JavaThread "JavaFX-Launcher" [_thread_blocked, id=11480, stack(0x0000000020860000,0x0000000020960000)]
  0x000000001b5fb800 JavaThread "Thread-2" daemon [_thread_in_native, id=16280, stack(0x0000000020760000,0x0000000020860000)]
  0x000000001b571800 JavaThread "JavaFX Application Thread" [_thread_blocked, id=13424, stack(0x000000001c0d0000,0x000000001c1d0000)]
  0x000000001b582800 JavaThread "Thread-1" daemon [_thread_blocked, id=15612, stack(0x000000001bfd0000,0x000000001c0d0000)]
  0x000000001b0b2000 JavaThread "QuantumRenderer-0" daemon [_thread_blocked, id=768, stack(0x000000001bd50000,0x000000001be50000)]
  0x000000001ad18800 JavaThread "Service Thread" daemon [_thread_blocked, id=14132, stack(0x000000001b0d0000,0x000000001b1d0000)]
  0x000000001938b800 JavaThread "C1 CompilerThread2" daemon [_thread_blocked, id=7476, stack(0x000000001abd0000,0x000000001acd0000)]
  0x0000000019386000 JavaThread "C2 CompilerThread1" daemon [_thread_blocked, id=13456, stack(0x000000001aad0000,0x000000001abd0000)]
  0x0000000019383800 JavaThread "C2 CompilerThread0" daemon [_thread_blocked, id=15168, stack(0x000000001a9d0000,0x000000001aad0000)]
  0x0000000019382000 JavaThread "Attach Listener" daemon [_thread_blocked, id=16264, stack(0x000000001a8d0000,0x000000001a9d0000)]
  0x0000000019381000 JavaThread "Signal Dispatcher" daemon [_thread_blocked, id=14000, stack(0x000000001a7d0000,0x000000001a8d0000)]
  0x000000001936a800 JavaThread "Finalizer" daemon [_thread_blocked, id=9620, stack(0x000000001a5e0000,0x000000001a6e0000)]
  0x00000000047b3000 JavaThread "Reference Handler" daemon [_thread_blocked, id=14120, stack(0x000000001a4e0000,0x000000001a5e0000)]
  0x00000000046c3800 JavaThread "main" [_thread_blocked, id=13104, stack(0x00000000045c0000,0x00000000046c0000)]

Other Threads:
=>0x0000000019347800 VMThread [stack: 0x000000001a3e0000,0x000000001a4e0000] [id=14320]

VM state:at safepoint (shutting down)

VM Mutex/Monitor currently owned by a thread:  ([mutex/lock_event])
[0x00000000046c0e50] Threads_lock - owner thread: 0x0000000019347800

Heap:
 PSYoungGen      total 134656K, used 39371K [0x00000000d5b00000, 0x00000000e0e80000, 0x0000000100000000)
  eden space 120320K, 24% used [0x00000000d5b00000,0x00000000d77a34d0,0x00000000dd080000)
  from space 14336K, 70% used [0x00000000dd080000,0x00000000dda4fa80,0x00000000dde80000)
  to   space 14848K, 0% used [0x00000000e0000000,0x00000000e0000000,0x00000000e0e80000)
 ParOldGen       total 73216K, used 16679K [0x0000000081000000, 0x0000000085780000, 0x00000000d5b00000)
  object space 73216K, 22% used [0x0000000081000000,0x0000000082049d80,0x0000000085780000)
 Metaspace       used 26298K, capacity 28160K, committed 28288K, reserved 1073152K
  class space    used 3884K, capacity 4218K, committed 4224K, reserved 1048576K

Card table byte_map: [0x0000000013b80000,0x0000000013f80000] byte_map_base: 0x0000000013778000

Marking Bits: (ParMarkBitMap*) 0x00000000680cd850
 Begin Bits: [0x0000000014630000, 0x00000000165f0000)
 End Bits:   [0x00000000165f0000, 0x00000000185b0000)

Polling page: 0x0000000002cb0000

CodeCache: size=245760Kb used=13828Kb max_used=13828Kb free=231931Kb
 bounds [0x00000000047c0000, 0x0000000005550000, 0x00000000137c0000]
 total_blobs=5284 nmethods=4547 adapters=646
 compilation: enabled

Compilation events (10 events):
Event: 7.186 Thread 0x000000001938b800 nmethod 4564 0x0000000005545d90 code [0x0000000005545f00, 0x0000000005546208]
Event: 7.186 Thread 0x000000001938b800 4565       3       jdk.internal.org.objectweb.asm.FieldWriter::visitEnd (1 bytes)
Event: 7.186 Thread 0x000000001938b800 nmethod 4565 0x0000000005545a90 code [0x0000000005545be0, 0x0000000005545d30]
Event: 7.191 Thread 0x000000001938b800 4566       3       java.util.ArrayList::remove (77 bytes)
Event: 7.191 Thread 0x0000000019386000 4567       4       jdk.internal.org.objectweb.asm.Item::isEqualTo (354 bytes)
Event: 7.191 Thread 0x000000001938b800 nmethod 4566 0x0000000005548890 code [0x0000000005548a40, 0x0000000005548f88]
Event: 7.194 Thread 0x000000001938b800 4568       1       java.util.logging.Logger::getName (5 bytes)
Event: 7.194 Thread 0x000000001938b800 nmethod 4568 0x00000000055457d0 code [0x0000000005545920, 0x0000000005545a30]
Event: 7.195 Thread 0x000000001938b800 4569       1       java.util.concurrent.atomic.AtomicInteger::get (5 bytes)
Event: 7.195 Thread 0x000000001938b800 nmethod 4569 0x00000000055491d0 code [0x0000000005549320, 0x0000000005549430]

GC Heap History (10 events):
Event: 2.152 GC heap before
{Heap before GC invocations=4 (full 0):
 PSYoungGen      total 38400K, used 38368K [0x00000000d5b00000, 0x00000000da600000, 0x0000000100000000)
  eden space 33280K, 100% used [0x00000000d5b00000,0x00000000d7b80000,0x00000000d7b80000)
  from space 5120K, 99% used [0x00000000d7b80000,0x00000000d8078080,0x00000000d8080000)
  to   space 5120K, 0% used [0x00000000da100000,0x00000000da100000,0x00000000da600000)
 ParOldGen       total 87552K, used 12577K [0x0000000081000000, 0x0000000086580000, 0x00000000d5b00000)
  object space 87552K, 14% used [0x0000000081000000,0x0000000081c48418,0x0000000086580000)
 Metaspace       used 19899K, capacity 20798K, committed 20992K, reserved 1067008K
  class space    used 2869K, capacity 3061K, committed 3072K, reserved 1048576K
Event: 2.160 GC heap after
Heap after GC invocations=4 (full 0):
 PSYoungGen      total 71680K, used 5095K [0x00000000d5b00000, 0x00000000da600000, 0x0000000100000000)
  eden space 66560K, 0% used [0x00000000d5b00000,0x00000000d5b00000,0x00000000d9c00000)
  from space 5120K, 99% used [0x00000000da100000,0x00000000da5f9cf0,0x00000000da600000)
  to   space 5120K, 0% used [0x00000000d9c00000,0x00000000d9c00000,0x00000000da100000)
 ParOldGen       total 87552K, used 13558K [0x0000000081000000, 0x0000000086580000, 0x00000000d5b00000)
  object space 87552K, 15% used [0x0000000081000000,0x0000000081d3d918,0x0000000086580000)
 Metaspace       used 19899K, capacity 20798K, committed 20992K, reserved 1067008K
  class space    used 2869K, capacity 3061K, committed 3072K, reserved 1048576K
}
Event: 2.272 GC heap before
{Heap before GC invocations=5 (full 0):
 PSYoungGen      total 71680K, used 28100K [0x00000000d5b00000, 0x00000000da600000, 0x0000000100000000)
  eden space 66560K, 34% used [0x00000000d5b00000,0x00000000d7177438,0x00000000d9c00000)
  from space 5120K, 99% used [0x00000000da100000,0x00000000da5f9cf0,0x00000000da600000)
  to   space 5120K, 0% used [0x00000000d9c00000,0x00000000d9c00000,0x00000000da100000)
 ParOldGen       total 87552K, used 13558K [0x0000000081000000, 0x0000000086580000, 0x00000000d5b00000)
  object space 87552K, 15% used [0x0000000081000000,0x0000000081d3d918,0x0000000086580000)
 Metaspace       used 20297K, capacity 21260K, committed 21296K, reserved 1067008K
  class space    used 2958K, capacity 3166K, committed 3200K, reserved 1048576K
Event: 2.279 GC heap after
Heap after GC invocations=5 (full 0):
 PSYoungGen      total 71680K, used 5111K [0x00000000d5b00000, 0x00000000df800000, 0x0000000100000000)
  eden space 66560K, 0% used [0x00000000d5b00000,0x00000000d5b00000,0x00000000d9c00000)
  from space 5120K, 99% used [0x00000000d9c00000,0x00000000da0fdd00,0x00000000da100000)
  to   space 13824K, 0% used [0x00000000dea80000,0x00000000dea80000,0x00000000df800000)
 ParOldGen       total 87552K, used 13814K [0x0000000081000000, 0x0000000086580000, 0x00000000d5b00000)
  object space 87552K, 15% used [0x0000000081000000,0x0000000081d7d918,0x0000000086580000)
 Metaspace       used 20297K, capacity 21260K, committed 21296K, reserved 1067008K
  class space    used 2958K, capacity 3166K, committed 3200K, reserved 1048576K
}
Event: 2.279 GC heap before
{Heap before GC invocations=6 (full 1):
 PSYoungGen      total 71680K, used 5111K [0x00000000d5b00000, 0x00000000df800000, 0x0000000100000000)
  eden space 66560K, 0% used [0x00000000d5b00000,0x00000000d5b00000,0x00000000d9c00000)
  from space 5120K, 99% used [0x00000000d9c00000,0x00000000da0fdd00,0x00000000da100000)
  to   space 13824K, 0% used [0x00000000dea80000,0x00000000dea80000,0x00000000df800000)
 ParOldGen       total 87552K, used 13814K [0x0000000081000000, 0x0000000086580000, 0x00000000d5b00000)
  object space 87552K, 15% used [0x0000000081000000,0x0000000081d7d918,0x0000000086580000)
 Metaspace       used 20297K, capacity 21260K, committed 21296K, reserved 1067008K
  class space    used 2958K, capacity 3166K, committed 3200K, reserved 1048576K
Event: 2.319 GC heap after
Heap after GC invocations=6 (full 1):
 PSYoungGen      total 71680K, used 0K [0x00000000d5b00000, 0x00000000df800000, 0x0000000100000000)
  eden space 66560K, 0% used [0x00000000d5b00000,0x00000000d5b00000,0x00000000d9c00000)
  from space 5120K, 0% used [0x00000000d9c00000,0x00000000d9c00000,0x00000000da100000)
  to   space 13824K, 0% used [0x00000000dea80000,0x00000000dea80000,0x00000000df800000)
 ParOldGen       total 73216K, used 16671K [0x0000000081000000, 0x0000000085780000, 0x00000000d5b00000)
  object space 73216K, 22% used [0x0000000081000000,0x0000000082047d80,0x0000000085780000)
 Metaspace       used 20297K, capacity 21260K, committed 21296K, reserved 1067008K
  class space    used 2958K, capacity 3166K, committed 3200K, reserved 1048576K
}
Event: 2.717 GC heap before
{Heap before GC invocations=7 (full 1):
 PSYoungGen      total 71680K, used 66560K [0x00000000d5b00000, 0x00000000df800000, 0x0000000100000000)
  eden space 66560K, 100% used [0x00000000d5b00000,0x00000000d9c00000,0x00000000d9c00000)
  from space 5120K, 0% used [0x00000000d9c00000,0x00000000d9c00000,0x00000000da100000)
  to   space 13824K, 0% used [0x00000000dea80000,0x00000000dea80000,0x00000000df800000)
 ParOldGen       total 73216K, used 16671K [0x0000000081000000, 0x0000000085780000, 0x00000000d5b00000)
  object space 73216K, 22% used [0x0000000081000000,0x0000000082047d80,0x0000000085780000)
 Metaspace       used 20959K, capacity 22010K, committed 22272K, reserved 1069056K
  class space    used 3098K, capacity 3307K, committed 3328K, reserved 1048576K
Event: 2.720 GC heap after
Heap after GC invocations=7 (full 1):
 PSYoungGen      total 103936K, used 1915K [0x00000000d5b00000, 0x00000000dec80000, 0x0000000100000000)
  eden space 101888K, 0% used [0x00000000d5b00000,0x00000000d5b00000,0x00000000dbe80000)
  from space 2048K, 93% used [0x00000000dea80000,0x00000000dec5ef00,0x00000000dec80000)
  to   space 14336K, 0% used [0x00000000dd080000,0x00000000dd080000,0x00000000dde80000)
 ParOldGen       total 73216K, used 16679K [0x0000000081000000, 0x0000000085780000, 0x00000000d5b00000)
  object space 73216K, 22% used [0x0000000081000000,0x0000000082049d80,0x0000000085780000)
 Metaspace       used 20959K, capacity 22010K, committed 22272K, reserved 1069056K
  class space    used 3098K, capacity 3307K, committed 3328K, reserved 1048576K
}
Event: 3.909 GC heap before
{Heap before GC invocations=8 (full 1):
 PSYoungGen      total 103936K, used 103803K [0x00000000d5b00000, 0x00000000dec80000, 0x0000000100000000)
  eden space 101888K, 100% used [0x00000000d5b00000,0x00000000dbe80000,0x00000000dbe80000)
  from space 2048K, 93% used [0x00000000dea80000,0x00000000dec5ef00,0x00000000dec80000)
  to   space 14336K, 0% used [0x00000000dd080000,0x00000000dd080000,0x00000000dde80000)
 ParOldGen       total 73216K, used 16679K [0x0000000081000000, 0x0000000085780000, 0x00000000d5b00000)
  object space 73216K, 22% used [0x0000000081000000,0x0000000082049d80,0x0000000085780000)
 Metaspace       used 24298K, capacity 25988K, committed 26240K, reserved 1071104K
  class space    used 3672K, capacity 3950K, committed 3968K, reserved 1048576K
Event: 3.926 GC heap after
Heap after GC invocations=8 (full 1):
 PSYoungGen      total 134656K, used 10046K [0x00000000d5b00000, 0x00000000e0e80000, 0x0000000100000000)
  eden space 120320K, 0% used [0x00000000d5b00000,0x00000000d5b00000,0x00000000dd080000)
  from space 14336K, 70% used [0x00000000dd080000,0x00000000dda4fa80,0x00000000dde80000)
  to   space 14848K, 0% used [0x00000000e0000000,0x00000000e0000000,0x00000000e0e80000)
 ParOldGen       total 73216K, used 16679K [0x0000000081000000, 0x0000000085780000, 0x00000000d5b00000)
  object space 73216K, 22% used [0x0000000081000000,0x0000000082049d80,0x0000000085780000)
 Metaspace       used 24298K, capacity 25988K, committed 26240K, reserved 1071104K
  class space    used 3672K, capacity 3950K, committed 3968K, reserved 1048576K
}

Deoptimization events (10 events):
Event: 4.465 Thread 0x000000001b0b2000 Uncommon trap: reason=unstable_if action=reinterpret pc=0x00000000050328cc method=java.lang.Class.arrayContentsEq([Ljava/lang/Object;[Ljava/lang/Object;)Z @ 1
Event: 4.515 Thread 0x000000001b0b2000 Uncommon trap: reason=unstable_if action=reinterpret pc=0x00000000050277dc method=java.lang.Class.arrayContentsEq([Ljava/lang/Object;[Ljava/lang/Object;)Z @ 1
Event: 4.656 Thread 0x000000001b0b2000 Uncommon trap: reason=bimorphic action=maybe_recompile pc=0x000000000541e560 method=java.util.WeakHashMap.eq(Ljava/lang/Object;Ljava/lang/Object;)Z @ 7
Event: 4.658 Thread 0x000000001b0b2000 Uncommon trap: reason=bimorphic action=maybe_recompile pc=0x000000000541e560 method=java.util.WeakHashMap.eq(Ljava/lang/Object;Ljava/lang/Object;)Z @ 7
Event: 4.659 Thread 0x000000001b0b2000 Uncommon trap: reason=bimorphic action=maybe_recompile pc=0x000000000541e560 method=java.util.WeakHashMap.eq(Ljava/lang/Object;Ljava/lang/Object;)Z @ 7
Event: 4.660 Thread 0x000000001b0b2000 Uncommon trap: reason=bimorphic action=maybe_recompile pc=0x000000000541e560 method=java.util.WeakHashMap.eq(Ljava/lang/Object;Ljava/lang/Object;)Z @ 7
Event: 4.797 Thread 0x000000001b571800 Uncommon trap: reason=unstable_if action=reinterpret pc=0x000000000538d510 method=javafx.scene.CssStyleHelper.getStyleMap(Ljavafx/css/Styleable;)Lcom/sun/javafx/css/StyleMap; @ 4
Event: 4.807 Thread 0x000000001b571800 Uncommon trap: reason=unstable_if action=reinterpret pc=0x0000000004fa8984 method=java.util.EnumMap.isValidKey(Ljava/lang/Object;)Z @ 16
Event: 4.809 Thread 0x000000001b571800 Uncommon trap: reason=unstable_if action=reinterpret pc=0x0000000004faa29c method=java.util.EnumMap.isValidKey(Ljava/lang/Object;)Z @ 16
Event: 4.837 Thread 0x000000001b571800 Uncommon trap: reason=unstable_if action=reinterpret pc=0x0000000004bfbde8 method=jdk.internal.org.objectweb.asm.Type.getArgumentsAndReturnSizes(Ljava/lang/String;)I @ 47

Internal exceptions (10 events):
Event: 0.819 Thread 0x000000001b571800 Exception <a 'java/lang/ArrayIndexOutOfBoundsException'> (0x00000000d6138080) thrown at [C:\re\workspace\8-2-build-windows-amd64-cygwin\jdk8u151\9699\hotspot\src\share\vm\runtime\sharedRuntime.cpp, line 605]
Event: 1.063 Thread 0x000000001b571800 Exception <a 'java/io/FileNotFoundException'> (0x00000000d73c4eb8) thrown at [C:\re\workspace\8-2-build-windows-amd64-cygwin\jdk8u151\9699\hotspot\src\share\vm\prims\jni.cpp, line 709]
Event: 1.220 Thread 0x000000001b571800 Exception <a 'java/lang/NoClassDefFoundError': org/slf4j/impl/StaticLoggerBinder> (0x00000000d78a5138) thrown at [C:\re\workspace\8-2-build-windows-amd64-cygwin\jdk8u151\9699\hotspot\src\share\vm\classfile\systemDictionary.cpp, line 199]
Event: 1.889 Thread 0x000000001b571800 Exception <a 'java/lang/ArrayIndexOutOfBoundsException': 57> (0x00000000d5e23330) thrown at [C:\re\workspace\8-2-build-windows-amd64-cygwin\jdk8u151\9699\hotspot\src\share\vm\interpreter\interpreterRuntime.cpp, line 366]
Event: 2.148 Thread 0x000000001b571800 Implicit null exception at 0x0000000004af2cf5 to 0x0000000004af2f0d
Event: 2.148 Thread 0x000000001b571800 Implicit null exception at 0x0000000004c21698 to 0x0000000004c21726
Event: 4.465 Thread 0x000000001b0b2000 Implicit null exception at 0x000000000502f6d4 to 0x000000000503285d
Event: 4.515 Thread 0x000000001b0b2000 Implicit null exception at 0x0000000005024324 to 0x0000000005027769
Event: 4.797 Thread 0x000000001b571800 Implicit null exception at 0x00000000053888c6 to 0x000000000538d4f5
Event: 7.196 Thread 0x000000002545e800 Exception <a 'java/lang/IllegalStateException'> (0x00000000d754fea8) thrown at [C:\re\workspace\8-2-build-windows-amd64-cygwin\jdk8u151\9699\hotspot\src\share\vm\prims\jvm.cpp, line 1394]

Events (10 events):
Event: 7.193 loading class java/util/IdentityHashMap$KeyIterator done
Event: 7.194 Thread 0x000000002545e800 Thread added: 0x000000002545e800
Event: 7.194 Thread 0x000000002805d000 Thread added: 0x000000002805d000
Event: 7.194 Thread 0x000000002805d000 Thread exited: 0x000000002805d000
Event: 7.194 loading class com/sun/javafx/tk/quantum/QuantumRenderer
Event: 7.194 loading class com/sun/javafx/tk/quantum/QuantumRenderer done
Event: 7.195 loading class com/sun/javafx/tk/quantum/QuantumToolkit
Event: 7.195 loading class com/sun/javafx/tk/quantum/QuantumToolkit done
Event: 7.196 Thread 0x000000002545e800 Thread exited: 0x000000002545e800
Event: 7.196 Executing VM operation: Exit


Dynamic libraries:
0x00007ff71cf40000 - 0x00007ff71cf77000 	C:\Program Files\Java\jre1.8.0_151\bin\javaw.exe
0x00007ff872f70000 - 0x00007ff873150000 	C:\WINDOWS\SYSTEM32\ntdll.dll
0x00007ff8706d0000 - 0x00007ff87077e000 	C:\WINDOWS\System32\KERNEL32.DLL
0x00007ff86f4e0000 - 0x00007ff86f746000 	C:\WINDOWS\System32\KERNELBASE.dll
0x00007ff872ad0000 - 0x00007ff872b71000 	C:\WINDOWS\System32\ADVAPI32.dll
0x00007ff872e50000 - 0x00007ff872eed000 	C:\WINDOWS\System32\msvcrt.dll
0x00007ff870810000 - 0x00007ff87086b000 	C:\WINDOWS\System32\sechost.dll
0x00007ff870e60000 - 0x00007ff870f7f000 	C:\WINDOWS\System32\RPCRT4.dll
0x00007ff8710d0000 - 0x00007ff87125f000 	C:\WINDOWS\System32\USER32.dll
0x00007ff86f3c0000 - 0x00007ff86f3e0000 	C:\WINDOWS\System32\win32u.dll
0x00007ff8712d0000 - 0x00007ff8712f8000 	C:\WINDOWS\System32\GDI32.dll
0x00007ff86f8e0000 - 0x00007ff86fa73000 	C:\WINDOWS\System32\gdi32full.dll
0x00007ff8703a0000 - 0x00007ff87043b000 	C:\WINDOWS\System32\msvcp_win.dll
0x00007ff86f3e0000 - 0x00007ff86f4d6000 	C:\WINDOWS\System32\ucrtbase.dll
0x00007ff8685a0000 - 0x00007ff868809000 	C:\WINDOWS\WinSxS\amd64_microsoft.windows.common-controls_6595b64144ccf1df_6.0.16299.192_none_15c8cdae9364c23b\COMCTL32.dll
0x00007ff871300000 - 0x00007ff871608000 	C:\WINDOWS\System32\combase.dll
0x00007ff86f800000 - 0x00007ff86f872000 	C:\WINDOWS\System32\bcryptPrimitives.dll
0x00007ff872f00000 - 0x00007ff872f2d000 	C:\WINDOWS\System32\IMM32.DLL
0x0000000067140000 - 0x0000000067212000 	C:\Program Files\Java\jre1.8.0_151\bin\msvcr100.dll
0x00000000678b0000 - 0x000000006814d000 	C:\Program Files\Java\jre1.8.0_151\bin\server\jvm.dll
0x00007ff872f30000 - 0x00007ff872f38000 	C:\WINDOWS\System32\PSAPI.DLL
0x00007ff868fb0000 - 0x00007ff868fd3000 	C:\WINDOWS\SYSTEM32\WINMM.dll
0x00007ff864f90000 - 0x00007ff864f99000 	C:\WINDOWS\SYSTEM32\WSOCK32.dll
0x00007ff867670000 - 0x00007ff86767a000 	C:\WINDOWS\SYSTEM32\VERSION.dll
0x00007ff871260000 - 0x00007ff8712cc000 	C:\WINDOWS\System32\WS2_32.dll
0x00007ff868f80000 - 0x00007ff868faa000 	C:\WINDOWS\SYSTEM32\WINMMBASE.dll
0x00007ff86f370000 - 0x00007ff86f3ba000 	C:\WINDOWS\System32\cfgmgr32.dll
0x00000000678a0000 - 0x00000000678af000 	C:\Program Files\Java\jre1.8.0_151\bin\verify.dll
0x0000000067870000 - 0x0000000067899000 	C:\Program Files\Java\jre1.8.0_151\bin\java.dll
0x0000000067850000 - 0x0000000067866000 	C:\Program Files\Java\jre1.8.0_151\bin\zip.dll
0x00007ff871630000 - 0x00007ff872a66000 	C:\WINDOWS\System32\SHELL32.dll
0x00007ff870440000 - 0x00007ff8704e6000 	C:\WINDOWS\System32\shcore.dll
0x00007ff86fc50000 - 0x00007ff870397000 	C:\WINDOWS\System32\windows.storage.dll
0x00007ff872a70000 - 0x00007ff872ac1000 	C:\WINDOWS\System32\shlwapi.dll
0x00007ff86f300000 - 0x00007ff86f311000 	C:\WINDOWS\System32\kernel.appcore.dll
0x00007ff86f320000 - 0x00007ff86f36c000 	C:\WINDOWS\System32\powrprof.dll
0x00007ff86f2e0000 - 0x00007ff86f2fb000 	C:\WINDOWS\System32\profapi.dll
0x000000001b2d0000 - 0x000000001b2d3000 	C:\Program Files\Java\jre1.8.0_151\bin\api-ms-win-core-console-l1-1-0.dll
0x000000001b2e0000 - 0x000000001b2e3000 	C:\Program Files\Java\jre1.8.0_151\bin\api-ms-win-core-datetime-l1-1-0.dll
0x000000001b2f0000 - 0x000000001b2f3000 	C:\Program Files\Java\jre1.8.0_151\bin\api-ms-win-core-debug-l1-1-0.dll
0x000000001b300000 - 0x000000001b303000 	C:\Program Files\Java\jre1.8.0_151\bin\api-ms-win-core-errorhandling-l1-1-0.dll
0x000000001b310000 - 0x000000001b314000 	C:\Program Files\Java\jre1.8.0_151\bin\api-ms-win-core-file-l1-1-0.dll
0x000000001b320000 - 0x000000001b323000 	C:\Program Files\Java\jre1.8.0_151\bin\api-ms-win-core-file-l1-2-0.dll
0x000000001b330000 - 0x000000001b333000 	C:\Program Files\Java\jre1.8.0_151\bin\api-ms-win-core-file-l2-1-0.dll
0x000000001b340000 - 0x000000001b343000 	C:\Program Files\Java\jre1.8.0_151\bin\api-ms-win-core-handle-l1-1-0.dll
0x000000001b350000 - 0x000000001b353000 	C:\Program Files\Java\jre1.8.0_151\bin\api-ms-win-core-heap-l1-1-0.dll
0x000000001b360000 - 0x000000001b363000 	C:\Program Files\Java\jre1.8.0_151\bin\api-ms-win-core-interlocked-l1-1-0.dll
0x000000001b370000 - 0x000000001b373000 	C:\Program Files\Java\jre1.8.0_151\bin\api-ms-win-core-libraryloader-l1-1-0.dll
0x000000001b380000 - 0x000000001b383000 	C:\Program Files\Java\jre1.8.0_151\bin\api-ms-win-core-localization-l1-2-0.dll
0x000000001b390000 - 0x000000001b393000 	C:\Program Files\Java\jre1.8.0_151\bin\api-ms-win-core-memory-l1-1-0.dll
0x000000001b3a0000 - 0x000000001b3a3000 	C:\Program Files\Java\jre1.8.0_151\bin\api-ms-win-core-namedpipe-l1-1-0.dll
0x000000001b3b0000 - 0x000000001b3b3000 	C:\Program Files\Java\jre1.8.0_151\bin\api-ms-win-core-processenvironment-l1-1-0.dll
0x000000001b3c0000 - 0x000000001b3c3000 	C:\Program Files\Java\jre1.8.0_151\bin\api-ms-win-core-processthreads-l1-1-0.dll
0x000000001b3d0000 - 0x000000001b3d3000 	C:\Program Files\Java\jre1.8.0_151\bin\api-ms-win-core-processthreads-l1-1-1.dll
0x000000001b3e0000 - 0x000000001b3e3000 	C:\Program Files\Java\jre1.8.0_151\bin\api-ms-win-core-profile-l1-1-0.dll
0x000000001b3f0000 - 0x000000001b3f3000 	C:\Program Files\Java\jre1.8.0_151\bin\api-ms-win-core-rtlsupport-l1-1-0.dll
0x000000001b400000 - 0x000000001b403000 	C:\Program Files\Java\jre1.8.0_151\bin\api-ms-win-core-string-l1-1-0.dll
0x000000001b410000 - 0x000000001b413000 	C:\Program Files\Java\jre1.8.0_151\bin\api-ms-win-core-synch-l1-1-0.dll
0x000000001b420000 - 0x000000001b423000 	C:\Program Files\Java\jre1.8.0_151\bin\api-ms-win-core-synch-l1-2-0.dll
0x000000001b430000 - 0x000000001b433000 	C:\Program Files\Java\jre1.8.0_151\bin\api-ms-win-core-sysinfo-l1-1-0.dll
0x000000001b440000 - 0x000000001b443000 	C:\Program Files\Java\jre1.8.0_151\bin\api-ms-win-core-timezone-l1-1-0.dll
0x000000001b450000 - 0x000000001b453000 	C:\Program Files\Java\jre1.8.0_151\bin\api-ms-win-core-util-l1-1-0.dll
0x000000001b460000 - 0x000000001b463000 	C:\Program Files\Java\jre1.8.0_151\bin\api-ms-win-crt-conio-l1-1-0.dll
0x000000001b470000 - 0x000000001b474000 	C:\Program Files\Java\jre1.8.0_151\bin\api-ms-win-crt-convert-l1-1-0.dll
0x000000001b480000 - 0x000000001b483000 	C:\Program Files\Java\jre1.8.0_151\bin\api-ms-win-crt-environment-l1-1-0.dll
0x000000001b490000 - 0x000000001b493000 	C:\Program Files\Java\jre1.8.0_151\bin\api-ms-win-crt-filesystem-l1-1-0.dll
0x000000001b4a0000 - 0x000000001b4a3000 	C:\Program Files\Java\jre1.8.0_151\bin\api-ms-win-crt-heap-l1-1-0.dll
0x000000001b4b0000 - 0x000000001b4b3000 	C:\Program Files\Java\jre1.8.0_151\bin\api-ms-win-crt-locale-l1-1-0.dll
0x000000001b4c0000 - 0x000000001b4c5000 	C:\Program Files\Java\jre1.8.0_151\bin\api-ms-win-crt-math-l1-1-0.dll
0x000000001b4d0000 - 0x000000001b4d5000 	C:\Program Files\Java\jre1.8.0_151\bin\api-ms-win-crt-multibyte-l1-1-0.dll
0x000000001b4e0000 - 0x000000001b4f0000 	C:\Program Files\Java\jre1.8.0_151\bin\api-ms-win-crt-private-l1-1-0.dll
0x000000001b4f0000 - 0x000000001b4f3000 	C:\Program Files\Java\jre1.8.0_151\bin\api-ms-win-crt-process-l1-1-0.dll
0x000000001b500000 - 0x000000001b504000 	C:\Program Files\Java\jre1.8.0_151\bin\api-ms-win-crt-runtime-l1-1-0.dll
0x000000001b510000 - 0x000000001b514000 	C:\Program Files\Java\jre1.8.0_151\bin\api-ms-win-crt-stdio-l1-1-0.dll
0x000000001b520000 - 0x000000001b524000 	C:\Program Files\Java\jre1.8.0_151\bin\api-ms-win-crt-string-l1-1-0.dll
0x000000001b530000 - 0x000000001b533000 	C:\Program Files\Java\jre1.8.0_151\bin\api-ms-win-crt-time-l1-1-0.dll
0x000000001b540000 - 0x000000001b543000 	C:\Program Files\Java\jre1.8.0_151\bin\api-ms-win-crt-utility-l1-1-0.dll
0x00007ff862de0000 - 0x00007ff862ed6000 	C:\Program Files\Java\jre1.8.0_151\bin\ucrtbase.dll
0x00007ff85c030000 - 0x00007ff85c081000 	C:\Program Files\Java\jre1.8.0_151\bin\concrt140.dll
0x00007ff865510000 - 0x00007ff865526000 	C:\Program Files\Java\jre1.8.0_151\bin\VCRUNTIME140.dll
0x00007ff859680000 - 0x00007ff85971c000 	C:\Program Files\Java\jre1.8.0_151\bin\MSVCP140.dll
0x00000000667f0000 - 0x0000000066813000 	C:\Program Files\Java\jre1.8.0_151\bin\prism_d3d.dll
0x00007ff848dc0000 - 0x00007ff848f55000 	C:\WINDOWS\system32\d3d9.dll
0x00007ff86de30000 - 0x00007ff86de5a000 	C:\WINDOWS\SYSTEM32\dwmapi.dll
0x00007ff86dd60000 - 0x00007ff86ddf5000 	C:\WINDOWS\system32\uxtheme.dll
0x00007ff8704f0000 - 0x00007ff8705b5000 	C:\WINDOWS\System32\OLEAUT32.dll
0x00007ff870f80000 - 0x00007ff8710c9000 	C:\WINDOWS\System32\ole32.dll
0x00000000667a0000 - 0x00000000667e9000 	C:\Program Files\Java\jre1.8.0_151\bin\glass.dll
0x00007ff8705c0000 - 0x00007ff8706ca000 	C:\WINDOWS\System32\COMDLG32.dll
0x00007ff872b80000 - 0x00007ff872ce7000 	C:\WINDOWS\System32\MSCTF.dll
0x0000000066780000 - 0x0000000066794000 	C:\Program Files\Java\jre1.8.0_151\bin\javafx_font.dll
0x00007ff84e800000 - 0x00007ff84eb0f000 	C:\WINDOWS\SYSTEM32\dwrite.dll
0x00000000677e0000 - 0x0000000067804000 	C:\Program Files\Java\jre1.8.0_151\bin\sunec.dll
0x0000000067830000 - 0x000000006784a000 	C:\Program Files\Java\jre1.8.0_151\bin\net.dll
0x00007ff86eaf0000 - 0x00007ff86eb56000 	C:\WINDOWS\system32\mswsock.dll
0x00007ff86e880000 - 0x00007ff86e8b9000 	C:\WINDOWS\SYSTEM32\IPHLPAPI.DLL
0x00007ff872ef0000 - 0x00007ff872ef8000 	C:\WINDOWS\System32\NSI.dll
0x00007ff869370000 - 0x00007ff869386000 	C:\WINDOWS\SYSTEM32\dhcpcsvc6.DLL
0x00007ff869550000 - 0x00007ff86956a000 	C:\WINDOWS\SYSTEM32\dhcpcsvc.DLL
0x0000000067810000 - 0x0000000067821000 	C:\Program Files\Java\jre1.8.0_151\bin\nio.dll
0x00007ff872db0000 - 0x00007ff872e4e000 	C:\WINDOWS\System32\clbcatq.dll
0x00007ff861340000 - 0x00007ff8614eb000 	C:\WINDOWS\SYSTEM32\WindowsCodecs.dll
0x00007ff85df20000 - 0x00007ff85df6f000 	C:\WINDOWS\system32\dataexchange.dll
0x00007ff86d770000 - 0x00007ff86d8b2000 	C:\WINDOWS\system32\dcomp.dll
0x00007ff86c7c0000 - 0x00007ff86caa1000 	C:\WINDOWS\system32\d3d11.dll
0x00007ff86e0e0000 - 0x00007ff86e18f000 	C:\WINDOWS\system32\dxgi.dll
0x00007ff86da60000 - 0x00007ff86dbdb000 	C:\WINDOWS\system32\twinapi.appcore.dll
0x00007ff86dbe0000 - 0x00007ff86dc00000 	C:\WINDOWS\system32\RMCLIENT.dll
0x00007ff86edc0000 - 0x00007ff86ede5000 	C:\WINDOWS\system32\bcrypt.dll
0x00007ff865040000 - 0x00007ff865074000 	C:\Program Files\Common Files\Microsoft Shared\Ink\rtscom.dll
0x00007ff860310000 - 0x00007ff8603a8000 	C:\WINDOWS\System32\TextInputFramework.dll
0x00007ff860020000 - 0x00007ff86030e000 	C:\WINDOWS\System32\CoreUIComponents.dll
0x00007ff86c6e0000 - 0x00007ff86c7bc000 	C:\WINDOWS\System32\CoreMessaging.dll
0x00007ff86e3d0000 - 0x00007ff86e401000 	C:\WINDOWS\SYSTEM32\ntmarta.dll
0x00007ff86bc80000 - 0x00007ff86bdb6000 	C:\WINDOWS\SYSTEM32\wintypes.dll
0x0000000066750000 - 0x0000000066773000 	C:\Program Files\Java\jre1.8.0_151\bin\javafx_iio.dll
0x0000000066730000 - 0x0000000066742000 	C:\Program Files\Java\jre1.8.0_151\bin\prism_common.dll
0x00007ff868cf0000 - 0x00007ff868eb8000 	C:\WINDOWS\SYSTEM32\dbghelp.dll

VM Arguments:
jvm_args: -Dfile.encoding=UTF-8 
java_command: com.jeeves.vpl.Main
java_class_path (initial): C:\Program Files\Java\jre1.8.0_151\lib\resources.jar;C:\Program Files\Java\jre1.8.0_151\lib\rt.jar;C:\Program Files\Java\jre1.8.0_151\lib\jsse.jar;C:\Program Files\Java\jre1.8.0_151\lib\jce.jar;C:\Program Files\Java\jre1.8.0_151\lib\charsets.jar;C:\Program Files\Java\jre1.8.0_151\lib\jfr.jar;C:\Program Files\Java\jre1.8.0_151\lib\ext\access-bridge-64.jar;C:\Program Files\Java\jre1.8.0_151\lib\ext\cldrdata.jar;C:\Program Files\Java\jre1.8.0_151\lib\ext\dnsns.jar;C:\Program Files\Java\jre1.8.0_151\lib\ext\dns_sd.jar;C:\Program Files\Java\jre1.8.0_151\lib\ext\jaccess.jar;C:\Program Files\Java\jre1.8.0_151\lib\ext\jfxrt.jar;C:\Program Files\Java\jre1.8.0_151\lib\ext\localedata.jar;C:\Program Files\Java\jre1.8.0_151\lib\ext\nashorn.jar;C:\Program Files\Java\jre1.8.0_151\lib\ext\sunec.jar;C:\Program Files\Java\jre1.8.0_151\lib\ext\sunjce_provider.jar;C:\Program Files\Java\jre1.8.0_151\lib\ext\sunmscapi.jar;C:\Program Files\Java\jre1.8.0_151\lib\ext\sunpkcs11.jar;C:\Program Files\Java\jre1.8.0_151\lib\ext\zipfs.jar;C:\Users\Cath\Documents\workspace\Jeeves\target\classes;C:\Users\Cath\Documents\workspace\Jeeves\poi-3.15.jar;C:\Users\Cath\Documents\workspace\Jeeves\commons-lang3-3.5.jar;C:\Users\Cath\Documents\workspace\Jeeves\controlsfx-8.40.12.jar;C:\Users\Cath\.m2\repository\commons-codec\commons-codec\1.9\commons-codec-1.9.jar;C:\Users\Cath\.m2\repository\commons-validator\commons-validator\1.4.1\commons-validator-1.4.1.jar;C:\Users\Cath\.m2\repository\commons-beanutils\commons-beanutils\1.8.3\commons-beanutils-1.8.3.jar;C:\Users\Cath\.m2\repository\commons-digester\commons-digester\1.8.1\commons-digester-1.8.1.jar;C:\Users\Cath\.m2\repository\commons-logging\commons-logging\1.2\commons-logging-1.2.jar;C:\Users\Cath\.m2\repository\commons-collections\commons-collections\3.2.1\commons-collections-3.2.1.jar;C:\Users\Cath\.m2\repository\org\apache\shiro\shiro-core\1.3.2\shiro-core-1.3.2.jar;C:\Users\Cath\.m2\repository\org\slf4j\slf4j-api\1.6.4\
Launcher Type: SUN_STANDARD

Environment Variables:
JAVA_HOME=C:\Program Files\Java\jdk1.8.0_151
PATH=C:/Program Files/Java/jre1.8.0_151/bin/server;C:/Program Files/Java/jre1.8.0_151/bin;C:/Program Files/Java/jre1.8.0_151/lib/amd64;C:\ProgramData\Oracle\Java\javapath;C:\WINDOWS\system32;C:\WINDOWS;C:\WINDOWS\System32\Wbem;C:\WINDOWS\System32\WindowsPowerShell\v1.0\;C:\Program Files\Git\cmd;C:\Program Files\Java\jdk1.8.0_151\bin;C:\Users\Cath\AppData\Local\Microsoft\WindowsApps;C:\MinGW\bin;C:\MinGW\msys\1.0\bin;;C:\Users\Cath\Desktop;
USERNAME=Cath
OS=Windows_NT
PROCESSOR_IDENTIFIER=Intel64 Family 6 Model 69 Stepping 1, GenuineIntel



---------------  S Y S T E M  ---------------

OS: Windows 10.0 , 64 bit Build 16299 (10.0.16299.15)

CPU:total 4 (initial active 4) (2 cores per cpu, 2 threads per core) family 6 model 69 stepping 1, cmov, cx8, fxsr, mmx, sse, sse2, sse3, ssse3, sse4.1, sse4.2, popcnt, avx, avx2, aes, clmul, erms, lzcnt, ht, tsc, tscinvbit, bmi1, bmi2

Memory: 4k page, physical 8317080k(1462344k free), swap 14913676k(3004164k free)

vm_info: Java HotSpot(TM) 64-Bit Server VM (25.151-b12) for windows-amd64 JRE (1.8.0_151-b12), built on Sep  5 2017 19:33:46 by "java_re" with MS VC++ 10.0 (VS2010)

time: Wed Jan 10 15:23:18 2018
elapsed time: 7 seconds (0d 0h 0m 7s)

