#
# A fatal error has been detected by the Java Runtime Environment:
#
#  EXCEPTION_ACCESS_VIOLATION (0xc0000005) at pc=0x00000000755b78b0, pid=980, tid=0x00000000000000ac
#
# JRE version: Java(TM) SE Runtime Environment (8.0_151-b12) (build 1.8.0_151-b12)
# Java VM: Java HotSpot(TM) 64-Bit Server VM (25.151-b12 mixed mode windows-amd64 compressed oops)
# Problematic frame:
# C  [glass.dll+0x278b0]
#
# Failed to write core dump. Minidumps are not enabled by default on client versions of Windows
#
# If you would like to submit a bug report, please visit:
#   http://bugreport.java.com/bugreport/crash.jsp
#

---------------  T H R E A D  ---------------

Current thread (0x0000000019268000):  VMThread [stack: 0x000000001a300000,0x000000001a400000] [id=172]

siginfo: ExceptionCode=0xc0000005, reading address 0x0000000000000000

Registers:
RAX=0x0000000000000000, RBX=0x000000001b979998, RCX=0x0000000019268000, RDX=0x00000000764bc658
RSP=0x000000001a3ff490, RBP=0x00000000027a28b8, RSI=0x00000000027a2890, RDI=0x0000e71efca797bb
R8 =0x0000000000010002, R9 =0x000000000000003b, R10=0x0000e71efca797bb, R11=0x000000001a3ff390
R12=0x0000000000000000, R13=0x0000000000000040, R14=0x000000001a3ff5a8, R15=0x00000000027a2890
RIP=0x00000000755b78b0, EFLAGS=0x0000000000010206

Top of Stack: (sp=0x000000001a3ff490)
0x000000001a3ff490:   0000000000000000 00007ff90625d00b
0x000000001a3ff4a0:   00000000027a28a0 00000000027a28a0
0x000000001a3ff4b0:   fffffffffffffffe 00000000027a28b8
0x000000001a3ff4c0:   00000000027a2898 00007ff9062685f3
0x000000001a3ff4d0:   00000000755cc1b0 00007ff900000000
0x000000001a3ff4e0:   0000000000000000 0000000000000000
0x000000001a3ff4f0:   fffffffffffffffe 0000000000000000
0x000000001a3ff500:   0000000000000001 0000000075590000
0x000000001a3ff510:   0000000004601638 00000000755b48dc
0x000000001a3ff520:   000000001a3ff598 00007ff90625d157
0x000000001a3ff530:   0000000000000000 000000001a3ff5a8
0x000000001a3ff540:   0000000019175400 00007ff9063370e0
0x000000001a3ff550:   0000000000000000 00007ff9062616ee
0x000000001a3ff560:   0000000000000000 0000000000000001
0x000000001a3ff570:   0000000000000001 000000001a3ff598
0x000000001a3ff580:   0000000000000000 00000000755b4752 

Instructions: (pc=0x00000000755b78b0)
0x00000000755b7890:   40 53 48 83 ec 30 48 c7 44 24 20 fe ff ff ff 48
0x00000000755b78a0:   8b 1d 7a 72 01 00 48 85 db 74 16 e8 00 81 ff ff
0x00000000755b78b0:   4c 8b 00 48 8b d3 48 8b c8 41 ff 90 b0 00 00 00
0x00000000755b78c0:   90 48 83 c4 30 5b c3 cc cc cc cc cc cc cc cc cc 


Register to memory mapping:

RAX=0x0000000000000000 is an unknown value
RBX=0x000000001b979998 is a global jni handle
RCX=0x0000000019268000 is an unknown value
RDX=0x00000000764bc658 is an unknown value
RSP=0x000000001a3ff490 is an unknown value
RBP=0x00000000027a28b8 is an unknown value
RSI=0x00000000027a2890 is an unknown value
RDI=0x0000e71efca797bb is an unknown value
R8 =0x0000000000010002 is an unknown value
R9 =0x000000000000003b is an unknown value
R10=0x0000e71efca797bb is an unknown value
R11=0x000000001a3ff390 is an unknown value
R12=0x0000000000000000 is an unknown value
R13=0x0000000000000040 is an unknown value
R14=0x000000001a3ff5a8 is an unknown value
R15=0x00000000027a2890 is an unknown value


Stack: [0x000000001a300000,0x000000001a400000],  sp=0x000000001a3ff490,  free space=1021k
Native frames: (J=compiled Java code, j=interpreted, Vv=VM code, C=native code)
C  [glass.dll+0x278b0]
C  [ucrtbase.dll+0x185f3]
C  [ucrtbase.dll+0xd157]
C  [ucrtbase.dll+0x116ee]
C  [glass.dll+0x24752]
C  [glass.dll+0x24850]
C  [ntdll.dll+0x11473]
C  [ntdll.dll+0x40695]
C  [ntdll.dll+0x40554]
C  [KERNEL32.DLL+0xf06a]
C  [msvcr100.dll+0x20ccd]
V  [jvm.dll+0x212a95]
V  [jvm.dll+0x24b9a7]
V  [jvm.dll+0x24ac46]
V  [jvm.dll+0x24b0e1]
V  [jvm.dll+0x24b2fe]
V  [jvm.dll+0x29c3ea]
C  [msvcr100.dll+0x21d9f]
C  [msvcr100.dll+0x21e3b]
C  [KERNEL32.DLL+0x11fe4]
C  [ntdll.dll+0x6ef91]

VM_Operation (0x000000001c05aa20): Exit, mode: safepoint, requested by thread 0x000000001b3f1800


---------------  P R O C E S S  ---------------

Java Threads: ( => current thread )
  0x0000000022412800 JavaThread "Prism Font Disposer" daemon [_thread_blocked, id=8052, stack(0x00000000235c0000,0x00000000236c0000)]
  0x000000001b4a5800 JavaThread "JavaFX-Launcher" [_thread_blocked, id=5132, stack(0x00000000206f0000,0x00000000207f0000)]
  0x000000001b4b9800 JavaThread "Thread-2" daemon [_thread_in_native, id=8892, stack(0x00000000205f0000,0x00000000206f0000)]
  0x000000001b3f1800 JavaThread "JavaFX Application Thread" [_thread_blocked, id=7280, stack(0x000000001bf60000,0x000000001c060000)]
  0x000000001b3ed800 JavaThread "Thread-1" daemon [_thread_blocked, id=3816, stack(0x000000001be60000,0x000000001bf60000)]
  0x000000001b3d3800 JavaThread "QuantumRenderer-0" daemon [_thread_blocked, id=7260, stack(0x000000001bbc0000,0x000000001bcc0000)]
  0x000000001ac18800 JavaThread "Service Thread" daemon [_thread_blocked, id=4924, stack(0x000000001aff0000,0x000000001b0f0000)]
  0x00000000192ab000 JavaThread "C1 CompilerThread2" daemon [_thread_blocked, id=12828, stack(0x000000001aaf0000,0x000000001abf0000)]
  0x00000000192a2800 JavaThread "C2 CompilerThread1" daemon [_thread_blocked, id=8688, stack(0x000000001a9f0000,0x000000001aaf0000)]
  0x00000000192a0000 JavaThread "C2 CompilerThread0" daemon [_thread_blocked, id=4416, stack(0x000000001a8f0000,0x000000001a9f0000)]
  0x000000001929f000 JavaThread "Attach Listener" daemon [_thread_blocked, id=10660, stack(0x000000001a7f0000,0x000000001a8f0000)]
  0x000000001928a800 JavaThread "Finalizer" daemon [_thread_blocked, id=6032, stack(0x000000001a500000,0x000000001a600000)]
  0x0000000004702000 JavaThread "Reference Handler" daemon [_thread_blocked, id=10748, stack(0x000000001a400000,0x000000001a500000)]
  0x000000000460e800 JavaThread "main" [_thread_blocked, id=4688, stack(0x00000000044c0000,0x00000000045c0000)]

Other Threads:
=>0x0000000019268000 VMThread [stack: 0x000000001a300000,0x000000001a400000] [id=172]

VM state:at safepoint (shutting down)

VM Mutex/Monitor currently owned by a thread:  ([mutex/lock_event])
[0x000000000460dd20] Threads_lock - owner thread: 0x0000000019268000

Heap:
 PSYoungGen      total 134144K, used 20664K [0x00000000d5b00000, 0x00000000e0300000, 0x0000000100000000)
  eden space 120320K, 5% used [0x00000000d5b00000,0x00000000d61b0c18,0x00000000dd080000)
  from space 13824K, 99% used [0x00000000dd080000,0x00000000dddfd570,0x00000000dde00000)
  to   space 18432K, 0% used [0x00000000df100000,0x00000000df100000,0x00000000e0300000)
 ParOldGen       total 76800K, used 20536K [0x0000000081000000, 0x0000000085b00000, 0x00000000d5b00000)
  object space 76800K, 26% used [0x0000000081000000,0x000000008240e068,0x0000000085b00000)
 Metaspace       used 25944K, capacity 27845K, committed 28032K, reserved 1073152K
  class space    used 3800K, capacity 4155K, committed 4224K, reserved 1048576K

Card table byte_map: [0x0000000013ad0000,0x0000000013ed0000] byte_map_base: 0x00000000136c8000

Marking Bits: (ParMarkBitMap*) 0x00000000766ad850
 Begin Bits: [0x0000000014580000, 0x0000000016540000)
 End Bits:   [0x0000000016540000, 0x0000000018500000)

Polling page: 0x0000000002760000

CodeCache: size=245760Kb used=12949Kb max_used=15094Kb free=232810Kb
 bounds [0x0000000004710000, 0x00000000055e0000, 0x0000000013710000]
 total_blobs=5068 nmethods=4354 adapters=625
 compilation: enabled

Compilation events (10 events):
Event: 19.438 Thread 0x00000000192a0000 nmethod 4906 0x0000000004939990 code [0x0000000004939ba0, 0x0000000004939d98]
Event: 19.445 Thread 0x00000000192ab000 4908       3       com.sun.javafx.scene.EnteredExitedHandler::dispatchBubblingEvent (204 bytes)
Event: 19.451 Thread 0x00000000192ab000 nmethod 4908 0x0000000004c55a50 code [0x0000000004c55de0, 0x0000000004c584d8]
Event: 19.451 Thread 0x00000000192ab000 4909  s!   3       com.sun.scenario.effect.impl.ImagePool::checkOut (447 bytes)
Event: 19.457 Thread 0x00000000192ab000 nmethod 4909 0x0000000004c9e690 code [0x0000000004c9eaa0, 0x0000000004ca15f8]
Event: 19.753 Thread 0x00000000192ab000 4910       3       com.sun.glass.ui.Window::getPlatformScale (5 bytes)
Event: 19.753 Thread 0x00000000192ab000 nmethod 4910 0x00000000049766d0 code [0x0000000004976820, 0x0000000004976970]
Event: 19.761 Thread 0x00000000192a2800 4911       4       jdk.internal.org.objectweb.asm.Item::isEqualTo (354 bytes)
Event: 19.768 Thread 0x00000000192ab000 4912       1       java.util.logging.Logger::getName (5 bytes)
Event: 19.768 Thread 0x00000000192ab000 nmethod 4912 0x0000000004df5450 code [0x0000000004df55a0, 0x0000000004df56b0]

GC Heap History (10 events):
Event: 1.871 GC heap before
{Heap before GC invocations=4 (full 0):
 PSYoungGen      total 38400K, used 38393K [0x00000000d5b00000, 0x00000000da600000, 0x0000000100000000)
  eden space 33280K, 100% used [0x00000000d5b00000,0x00000000d7b80000,0x00000000d7b80000)
  from space 5120K, 99% used [0x00000000d7b80000,0x00000000d807e570,0x00000000d8080000)
  to   space 5120K, 0% used [0x00000000da100000,0x00000000da100000,0x00000000da600000)
 ParOldGen       total 87552K, used 11938K [0x0000000081000000, 0x0000000086580000, 0x00000000d5b00000)
  object space 87552K, 13% used [0x0000000081000000,0x0000000081ba8ab0,0x0000000086580000)
 Metaspace       used 19375K, capacity 20310K, committed 20480K, reserved 1067008K
  class space    used 2804K, capacity 3001K, committed 3072K, reserved 1048576K
Event: 1.877 GC heap after
Heap after GC invocations=4 (full 0):
 PSYoungGen      total 71680K, used 5113K [0x00000000d5b00000, 0x00000000da600000, 0x0000000100000000)
  eden space 66560K, 0% used [0x00000000d5b00000,0x00000000d5b00000,0x00000000d9c00000)
  from space 5120K, 99% used [0x00000000da100000,0x00000000da5fe550,0x00000000da600000)
  to   space 5120K, 0% used [0x00000000d9c00000,0x00000000d9c00000,0x00000000da100000)
 ParOldGen       total 87552K, used 12880K [0x0000000081000000, 0x0000000086580000, 0x00000000d5b00000)
  object space 87552K, 14% used [0x0000000081000000,0x0000000081c941c0,0x0000000086580000)
 Metaspace       used 19375K, capacity 20310K, committed 20480K, reserved 1067008K
  class space    used 2804K, capacity 3001K, committed 3072K, reserved 1048576K
}
Event: 2.163 GC heap before
{Heap before GC invocations=5 (full 0):
 PSYoungGen      total 71680K, used 31969K [0x00000000d5b00000, 0x00000000da600000, 0x0000000100000000)
  eden space 66560K, 40% used [0x00000000d5b00000,0x00000000d753a000,0x00000000d9c00000)
  from space 5120K, 99% used [0x00000000da100000,0x00000000da5fe550,0x00000000da600000)
  to   space 5120K, 0% used [0x00000000d9c00000,0x00000000d9c00000,0x00000000da100000)
 ParOldGen       total 87552K, used 12880K [0x0000000081000000, 0x0000000086580000, 0x00000000d5b00000)
  object space 87552K, 14% used [0x0000000081000000,0x0000000081c941c0,0x0000000086580000)
 Metaspace       used 20149K, capacity 21201K, committed 21296K, reserved 1067008K
  class space    used 2977K, capacity 3200K, committed 3200K, reserved 1048576K
Event: 2.173 GC heap after
Heap after GC invocations=5 (full 0):
 PSYoungGen      total 71680K, used 4532K [0x00000000d5b00000, 0x00000000df700000, 0x0000000100000000)
  eden space 66560K, 0% used [0x00000000d5b00000,0x00000000d5b00000,0x00000000d9c00000)
  from space 5120K, 88% used [0x00000000d9c00000,0x00000000da06d300,0x00000000da100000)
  to   space 13312K, 0% used [0x00000000dea00000,0x00000000dea00000,0x00000000df700000)
 ParOldGen       total 87552K, used 14601K [0x0000000081000000, 0x0000000086580000, 0x00000000d5b00000)
  object space 87552K, 16% used [0x0000000081000000,0x0000000081e426d0,0x0000000086580000)
 Metaspace       used 20149K, capacity 21201K, committed 21296K, reserved 1067008K
  class space    used 2977K, capacity 3200K, committed 3200K, reserved 1048576K
}
Event: 2.173 GC heap before
{Heap before GC invocations=6 (full 1):
 PSYoungGen      total 71680K, used 4532K [0x00000000d5b00000, 0x00000000df700000, 0x0000000100000000)
  eden space 66560K, 0% used [0x00000000d5b00000,0x00000000d5b00000,0x00000000d9c00000)
  from space 5120K, 88% used [0x00000000d9c00000,0x00000000da06d300,0x00000000da100000)
  to   space 13312K, 0% used [0x00000000dea00000,0x00000000dea00000,0x00000000df700000)
 ParOldGen       total 87552K, used 14601K [0x0000000081000000, 0x0000000086580000, 0x00000000d5b00000)
  object space 87552K, 16% used [0x0000000081000000,0x0000000081e426d0,0x0000000086580000)
 Metaspace       used 20149K, capacity 21201K, committed 21296K, reserved 1067008K
  class space    used 2977K, capacity 3200K, committed 3200K, reserved 1048576K
Event: 2.219 GC heap after
Heap after GC invocations=6 (full 1):
 PSYoungGen      total 71680K, used 0K [0x00000000d5b00000, 0x00000000df700000, 0x0000000100000000)
  eden space 66560K, 0% used [0x00000000d5b00000,0x00000000d5b00000,0x00000000d9c00000)
  from space 5120K, 0% used [0x00000000d9c00000,0x00000000d9c00000,0x00000000da100000)
  to   space 13312K, 0% used [0x00000000dea00000,0x00000000dea00000,0x00000000df700000)
 ParOldGen       total 76800K, used 17308K [0x0000000081000000, 0x0000000085b00000, 0x00000000d5b00000)
  object space 76800K, 22% used [0x0000000081000000,0x00000000820e7320,0x0000000085b00000)
 Metaspace       used 20149K, capacity 21201K, committed 21296K, reserved 1067008K
  class space    used 2977K, capacity 3200K, committed 3200K, reserved 1048576K
}
Event: 2.558 GC heap before
{Heap before GC invocations=7 (full 1):
 PSYoungGen      total 71680K, used 66560K [0x00000000d5b00000, 0x00000000df700000, 0x0000000100000000)
  eden space 66560K, 100% used [0x00000000d5b00000,0x00000000d9c00000,0x00000000d9c00000)
  from space 5120K, 0% used [0x00000000d9c00000,0x00000000d9c00000,0x00000000da100000)
  to   space 13312K, 0% used [0x00000000dea00000,0x00000000dea00000,0x00000000df700000)
 ParOldGen       total 76800K, used 17308K [0x0000000081000000, 0x0000000085b00000, 0x00000000d5b00000)
  object space 76800K, 22% used [0x0000000081000000,0x00000000820e7320,0x0000000085b00000)
 Metaspace       used 20309K, capacity 21403K, committed 21680K, reserved 1067008K
  class space    used 3003K, capacity 3212K, committed 3328K, reserved 1048576K
Event: 2.561 GC heap after
Heap after GC invocations=7 (full 1):
 PSYoungGen      total 97280K, used 1063K [0x00000000d5b00000, 0x00000000deb80000, 0x0000000100000000)
  eden space 95744K, 0% used [0x00000000d5b00000,0x00000000d5b00000,0x00000000db880000)
  from space 1536K, 69% used [0x00000000dea00000,0x00000000deb09c50,0x00000000deb80000)
  to   space 13824K, 0% used [0x00000000dd080000,0x00000000dd080000,0x00000000dde00000)
 ParOldGen       total 76800K, used 17316K [0x0000000081000000, 0x0000000085b00000, 0x00000000d5b00000)
  object space 76800K, 22% used [0x0000000081000000,0x00000000820e9320,0x0000000085b00000)
 Metaspace       used 20309K, capacity 21403K, committed 21680K, reserved 1067008K
  class space    used 3003K, capacity 3212K, committed 3328K, reserved 1048576K
}
Event: 7.875 GC heap before
{Heap before GC invocations=8 (full 1):
 PSYoungGen      total 97280K, used 96807K [0x00000000d5b00000, 0x00000000deb80000, 0x0000000100000000)
  eden space 95744K, 100% used [0x00000000d5b00000,0x00000000db880000,0x00000000db880000)
  from space 1536K, 69% used [0x00000000dea00000,0x00000000deb09c50,0x00000000deb80000)
  to   space 13824K, 0% used [0x00000000dd080000,0x00000000dd080000,0x00000000dde00000)
 ParOldGen       total 76800K, used 17316K [0x0000000081000000, 0x0000000085b00000, 0x00000000d5b00000)
  object space 76800K, 22% used [0x0000000081000000,0x00000000820e9320,0x0000000085b00000)
 Metaspace       used 25728K, capacity 27615K, committed 27776K, reserved 1073152K
  class space    used 3794K, capacity 4150K, committed 4224K, reserved 1048576K
Event: 7.923 GC heap after
Heap after GC invocations=8 (full 1):
 PSYoungGen      total 134144K, used 13813K [0x00000000d5b00000, 0x00000000e0300000, 0x0000000100000000)
  eden space 120320K, 0% used [0x00000000d5b00000,0x00000000d5b00000,0x00000000dd080000)
  from space 13824K, 99% used [0x00000000dd080000,0x00000000dddfd570,0x00000000dde00000)
  to   space 18432K, 0% used [0x00000000df100000,0x00000000df100000,0x00000000e0300000)
 ParOldGen       total 76800K, used 20536K [0x0000000081000000, 0x0000000085b00000, 0x00000000d5b00000)
  object space 76800K, 26% used [0x0000000081000000,0x000000008240e068,0x0000000085b00000)
 Metaspace       used 25728K, capacity 27615K, committed 27776K, reserved 1073152K
  class space    used 3794K, capacity 4150K, committed 4224K, reserved 1048576K
}

Deoptimization events (10 events):
Event: 4.314 Thread 0x000000001b3d3800 Uncommon trap: reason=class_check action=maybe_recompile pc=0x00000000052fde78 method=java.util.WeakHashMap.eq(Ljava/lang/Object;Ljava/lang/Object;)Z @ 7
Event: 4.416 Thread 0x000000001b3f1800 Uncommon trap: reason=unstable_if action=reinterpret pc=0x0000000005304de4 method=javafx.scene.CssStyleHelper.canReuseStyleHelper(Ljavafx/scene/Node;Lcom/sun/javafx/css/StyleMap;)Z @ 57
Event: 4.424 Thread 0x000000001b3f1800 Uncommon trap: reason=unstable_if action=reinterpret pc=0x00000000048d05c0 method=java.lang.CharacterData.of(I)Ljava/lang/CharacterData; @ 4
Event: 4.445 Thread 0x000000001b3f1800 Uncommon trap: reason=unstable_if action=reinterpret pc=0x00000000052c8a50 method=javafx.scene.CssStyleHelper.getStyle(Ljavafx/css/Styleable;Ljava/lang/String;Lcom/sun/javafx/css/StyleMap;Ljava/util/Set;)Lcom/sun/javafx/css/CascadingStyle; @ 1
Event: 4.447 Thread 0x000000001b3f1800 Uncommon trap: reason=unstable_if action=reinterpret pc=0x00000000053ad2ac method=java.lang.StrictMath.floorOrCeil(DDDD)D @ 24
Event: 4.462 Thread 0x000000001b3f1800 Uncommon trap: reason=unstable_if action=reinterpret pc=0x0000000005349478 method=javafx.scene.Node.impl_markDirty(Lcom/sun/javafx/scene/DirtyBits;)V @ 4
Event: 4.493 Thread 0x000000001b3f1800 Uncommon trap: reason=unstable_if action=reinterpret pc=0x0000000004d6f168 method=jdk.internal.org.objectweb.asm.Type.getArgumentsAndReturnSizes(Ljava/lang/String;)I @ 47
Event: 5.747 Thread 0x000000001b3f1800 Uncommon trap: reason=unstable_if action=reinterpret pc=0x0000000004ebe944 method=java.util.EnumMap.isValidKey(Ljava/lang/Object;)Z @ 16
Event: 6.866 Thread 0x000000001b3f1800 Uncommon trap: reason=unstable_if action=reinterpret pc=0x00000000053e6a00 method=javafx.collections.ListChangeBuilder.commit()V @ 16
Event: 7.129 Thread 0x000000001b3f1800 Uncommon trap: reason=unstable_if action=reinterpret pc=0x00000000053ee6c0 method=javafx.scene.Scene.addToDirtyList(Ljavafx/scene/Node;)V @ 4

Internal exceptions (10 events):
Event: 0.714 Thread 0x000000001b3f1800 Exception <a 'java/lang/ArrayIndexOutOfBoundsException': 58> (0x00000000d5f1fa78) thrown at [C:\re\workspace\8-2-build-windows-amd64-cygwin\jdk8u151\9699\hotspot\src\share\vm\interpreter\interpreterRuntime.cpp, line 366]
Event: 0.950 Thread 0x000000001b3f1800 Exception <a 'java/io/FileNotFoundException'> (0x00000000d71e8538) thrown at [C:\re\workspace\8-2-build-windows-amd64-cygwin\jdk8u151\9699\hotspot\src\share\vm\prims\jni.cpp, line 709]
Event: 1.578 Thread 0x000000001b3f1800 Implicit null exception at 0x0000000004974496 to 0x0000000004974831
Event: 1.825 Thread 0x000000001b3f1800 Implicit null exception at 0x0000000004a318f5 to 0x0000000004a31b05
Event: 1.825 Thread 0x000000001b3f1800 Implicit null exception at 0x0000000004aa9d98 to 0x0000000004aa9e26
Event: 3.738 Thread 0x000000001b3f1800 Implicit null exception at 0x000000000512f721 to 0x0000000005131099
Event: 4.208 Thread 0x000000001b3d3800 Implicit null exception at 0x0000000004f36654 to 0x0000000004f397d9
Event: 4.254 Thread 0x000000001b3d3800 Implicit null exception at 0x0000000004f4fba4 to 0x0000000004f52ff1
Event: 4.445 Thread 0x000000001b3f1800 Implicit null exception at 0x00000000052c2f7e to 0x00000000052c8a39
Event: 19.774 Thread 0x000000001b3d9800 Exception <a 'java/lang/IllegalStateException'> (0x00000000d60ee768) thrown at [C:\re\workspace\8-2-build-windows-amd64-cygwin\jdk8u151\9699\hotspot\src\share\vm\prims\jvm.cpp, line 1394]

Events (10 events):
Event: 19.766 Thread 0x000000001b4bf800 Thread added: 0x000000001b4bf800
Event: 19.767 Thread 0x000000001b3d9800 Thread added: 0x000000001b3d9800
Event: 19.768 Thread 0x000000001b4bf800 Thread exited: 0x000000001b4bf800
Event: 19.770 loading class com/sun/javafx/tk/quantum/QuantumRenderer
Event: 19.770 loading class com/sun/javafx/tk/quantum/QuantumRenderer done
Event: 19.772 loading class com/sun/javafx/tk/quantum/QuantumToolkit
Event: 19.772 loading class com/sun/javafx/tk/quantum/QuantumToolkit done
Event: 19.774 Thread 0x000000001b3d9800 Thread exited: 0x000000001b3d9800
Event: 19.775 Thread 0x000000001929d800 Thread exited: 0x000000001929d800
Event: 19.775 Executing VM operation: Exit


Dynamic libraries:
0x00007ff6cbe50000 - 0x00007ff6cbe87000 	C:\Program Files\Java\jre1.8.0_151\bin\javaw.exe
0x00007ff908e80000 - 0x00007ff909060000 	C:\WINDOWS\SYSTEM32\ntdll.dll
0x00007ff908d00000 - 0x00007ff908dae000 	C:\WINDOWS\System32\KERNEL32.DLL
0x00007ff905ab0000 - 0x00007ff905d16000 	C:\WINDOWS\System32\KERNELBASE.dll
0x00007ff9087e0000 - 0x00007ff908881000 	C:\WINDOWS\System32\ADVAPI32.dll
0x00007ff908ac0000 - 0x00007ff908b5d000 	C:\WINDOWS\System32\msvcrt.dll
0x00007ff908a60000 - 0x00007ff908abb000 	C:\WINDOWS\System32\sechost.dll
0x00007ff908940000 - 0x00007ff908a5f000 	C:\WINDOWS\System32\RPCRT4.dll
0x00007ff906e80000 - 0x00007ff90700f000 	C:\WINDOWS\System32\USER32.dll
0x00007ff906230000 - 0x00007ff906250000 	C:\WINDOWS\System32\win32u.dll
0x00007ff906910000 - 0x00007ff906938000 	C:\WINDOWS\System32\GDI32.dll
0x00007ff905d70000 - 0x00007ff905f03000 	C:\WINDOWS\System32\gdi32full.dll
0x00007ff905f10000 - 0x00007ff905fab000 	C:\WINDOWS\System32\msvcp_win.dll
0x00007ff906250000 - 0x00007ff906346000 	C:\WINDOWS\System32\ucrtbase.dll
0x00007ff8fd560000 - 0x00007ff8fd7c9000 	C:\WINDOWS\WinSxS\amd64_microsoft.windows.common-controls_6595b64144ccf1df_6.0.16299.125_none_15cbcf8893620c09\COMCTL32.dll
0x00007ff906b70000 - 0x00007ff906e78000 	C:\WINDOWS\System32\combase.dll
0x00007ff905280000 - 0x00007ff9052f2000 	C:\WINDOWS\System32\bcryptPrimitives.dll
0x00007ff908e20000 - 0x00007ff908e4d000 	C:\WINDOWS\System32\IMM32.DLL
0x0000000075850000 - 0x0000000075922000 	C:\Program Files\Java\jre1.8.0_151\bin\msvcr100.dll
0x0000000075e90000 - 0x000000007672d000 	C:\Program Files\Java\jre1.8.0_151\bin\server\jvm.dll
0x00007ff908e10000 - 0x00007ff908e18000 	C:\WINDOWS\System32\PSAPI.DLL
0x00007ff8fba00000 - 0x00007ff8fba0a000 	C:\WINDOWS\SYSTEM32\VERSION.dll
0x00007ff8fdba0000 - 0x00007ff8fdbc3000 	C:\WINDOWS\SYSTEM32\WINMM.dll
0x00007ff8fdb70000 - 0x00007ff8fdb9a000 	C:\WINDOWS\SYSTEM32\winmmbase.dll
0x00007ff905d20000 - 0x00007ff905d6a000 	C:\WINDOWS\System32\cfgmgr32.dll
0x00007ff8fa850000 - 0x00007ff8fa859000 	C:\WINDOWS\SYSTEM32\WSOCK32.dll
0x00007ff9068a0000 - 0x00007ff90690c000 	C:\WINDOWS\System32\WS2_32.dll
0x0000000075e80000 - 0x0000000075e8f000 	C:\Program Files\Java\jre1.8.0_151\bin\verify.dll
0x0000000075e50000 - 0x0000000075e79000 	C:\Program Files\Java\jre1.8.0_151\bin\java.dll
0x0000000075e30000 - 0x0000000075e46000 	C:\Program Files\Java\jre1.8.0_151\bin\zip.dll
0x00007ff907070000 - 0x00007ff9084a6000 	C:\WINDOWS\System32\SHELL32.dll
0x00007ff908890000 - 0x00007ff908936000 	C:\WINDOWS\System32\shcore.dll
0x00007ff905300000 - 0x00007ff905a47000 	C:\WINDOWS\System32\windows.storage.dll
0x00007ff907010000 - 0x00007ff907061000 	C:\WINDOWS\System32\shlwapi.dll
0x00007ff9051d0000 - 0x00007ff9051e1000 	C:\WINDOWS\System32\kernel.appcore.dll
0x00007ff9051f0000 - 0x00007ff90523c000 	C:\WINDOWS\System32\powrprof.dll
0x00007ff905260000 - 0x00007ff90527b000 	C:\WINDOWS\System32\profapi.dll
0x0000000004440000 - 0x0000000004443000 	C:\Program Files\Java\jre1.8.0_151\bin\api-ms-win-core-console-l1-1-0.dll
0x0000000004450000 - 0x0000000004453000 	C:\Program Files\Java\jre1.8.0_151\bin\api-ms-win-core-datetime-l1-1-0.dll
0x0000000004460000 - 0x0000000004463000 	C:\Program Files\Java\jre1.8.0_151\bin\api-ms-win-core-debug-l1-1-0.dll
0x0000000004470000 - 0x0000000004473000 	C:\Program Files\Java\jre1.8.0_151\bin\api-ms-win-core-errorhandling-l1-1-0.dll
0x0000000004480000 - 0x0000000004484000 	C:\Program Files\Java\jre1.8.0_151\bin\api-ms-win-core-file-l1-1-0.dll
0x0000000004490000 - 0x0000000004493000 	C:\Program Files\Java\jre1.8.0_151\bin\api-ms-win-core-file-l1-2-0.dll
0x00000000044a0000 - 0x00000000044a3000 	C:\Program Files\Java\jre1.8.0_151\bin\api-ms-win-core-file-l2-1-0.dll
0x00000000045c0000 - 0x00000000045c3000 	C:\Program Files\Java\jre1.8.0_151\bin\api-ms-win-core-handle-l1-1-0.dll
0x00000000045d0000 - 0x00000000045d3000 	C:\Program Files\Java\jre1.8.0_151\bin\api-ms-win-core-heap-l1-1-0.dll
0x00000000045e0000 - 0x00000000045e3000 	C:\Program Files\Java\jre1.8.0_151\bin\api-ms-win-core-interlocked-l1-1-0.dll
0x00000000045f0000 - 0x00000000045f3000 	C:\Program Files\Java\jre1.8.0_151\bin\api-ms-win-core-libraryloader-l1-1-0.dll
0x000000001b1f0000 - 0x000000001b1f3000 	C:\Program Files\Java\jre1.8.0_151\bin\api-ms-win-core-localization-l1-2-0.dll
0x000000001b200000 - 0x000000001b203000 	C:\Program Files\Java\jre1.8.0_151\bin\api-ms-win-core-memory-l1-1-0.dll
0x000000001b210000 - 0x000000001b213000 	C:\Program Files\Java\jre1.8.0_151\bin\api-ms-win-core-namedpipe-l1-1-0.dll
0x000000001b220000 - 0x000000001b223000 	C:\Program Files\Java\jre1.8.0_151\bin\api-ms-win-core-processenvironment-l1-1-0.dll
0x000000001b230000 - 0x000000001b233000 	C:\Program Files\Java\jre1.8.0_151\bin\api-ms-win-core-processthreads-l1-1-0.dll
0x000000001b240000 - 0x000000001b243000 	C:\Program Files\Java\jre1.8.0_151\bin\api-ms-win-core-processthreads-l1-1-1.dll
0x000000001b250000 - 0x000000001b253000 	C:\Program Files\Java\jre1.8.0_151\bin\api-ms-win-core-profile-l1-1-0.dll
0x000000001b260000 - 0x000000001b263000 	C:\Program Files\Java\jre1.8.0_151\bin\api-ms-win-core-rtlsupport-l1-1-0.dll
0x000000001b270000 - 0x000000001b273000 	C:\Program Files\Java\jre1.8.0_151\bin\api-ms-win-core-string-l1-1-0.dll
0x000000001b280000 - 0x000000001b283000 	C:\Program Files\Java\jre1.8.0_151\bin\api-ms-win-core-synch-l1-1-0.dll
0x000000001b290000 - 0x000000001b293000 	C:\Program Files\Java\jre1.8.0_151\bin\api-ms-win-core-synch-l1-2-0.dll
0x000000001b2a0000 - 0x000000001b2a3000 	C:\Program Files\Java\jre1.8.0_151\bin\api-ms-win-core-sysinfo-l1-1-0.dll
0x000000001b2b0000 - 0x000000001b2b3000 	C:\Program Files\Java\jre1.8.0_151\bin\api-ms-win-core-timezone-l1-1-0.dll
0x000000001b2c0000 - 0x000000001b2c3000 	C:\Program Files\Java\jre1.8.0_151\bin\api-ms-win-core-util-l1-1-0.dll
0x000000001b2d0000 - 0x000000001b2d3000 	C:\Program Files\Java\jre1.8.0_151\bin\api-ms-win-crt-conio-l1-1-0.dll
0x000000001b2e0000 - 0x000000001b2e4000 	C:\Program Files\Java\jre1.8.0_151\bin\api-ms-win-crt-convert-l1-1-0.dll
0x000000001b2f0000 - 0x000000001b2f3000 	C:\Program Files\Java\jre1.8.0_151\bin\api-ms-win-crt-environment-l1-1-0.dll
0x000000001b300000 - 0x000000001b303000 	C:\Program Files\Java\jre1.8.0_151\bin\api-ms-win-crt-filesystem-l1-1-0.dll
0x000000001b310000 - 0x000000001b313000 	C:\Program Files\Java\jre1.8.0_151\bin\api-ms-win-crt-heap-l1-1-0.dll
0x000000001b320000 - 0x000000001b323000 	C:\Program Files\Java\jre1.8.0_151\bin\api-ms-win-crt-locale-l1-1-0.dll
0x000000001b330000 - 0x000000001b335000 	C:\Program Files\Java\jre1.8.0_151\bin\api-ms-win-crt-math-l1-1-0.dll
0x000000001b340000 - 0x000000001b345000 	C:\Program Files\Java\jre1.8.0_151\bin\api-ms-win-crt-multibyte-l1-1-0.dll
0x000000001b350000 - 0x000000001b360000 	C:\Program Files\Java\jre1.8.0_151\bin\api-ms-win-crt-private-l1-1-0.dll
0x000000001b360000 - 0x000000001b363000 	C:\Program Files\Java\jre1.8.0_151\bin\api-ms-win-crt-process-l1-1-0.dll
0x000000001b370000 - 0x000000001b374000 	C:\Program Files\Java\jre1.8.0_151\bin\api-ms-win-crt-runtime-l1-1-0.dll
0x000000001b380000 - 0x000000001b384000 	C:\Program Files\Java\jre1.8.0_151\bin\api-ms-win-crt-stdio-l1-1-0.dll
0x000000001b390000 - 0x000000001b394000 	C:\Program Files\Java\jre1.8.0_151\bin\api-ms-win-crt-string-l1-1-0.dll
0x000000001b3a0000 - 0x000000001b3a3000 	C:\Program Files\Java\jre1.8.0_151\bin\api-ms-win-crt-time-l1-1-0.dll
0x000000001b3b0000 - 0x000000001b3b3000 	C:\Program Files\Java\jre1.8.0_151\bin\api-ms-win-crt-utility-l1-1-0.dll
0x00007ff8dfde0000 - 0x00007ff8dfed6000 	C:\Program Files\Java\jre1.8.0_151\bin\ucrtbase.dll
0x00007ff8ee850000 - 0x00007ff8ee8a1000 	C:\Program Files\Java\jre1.8.0_151\bin\concrt140.dll
0x00007ff8df5a0000 - 0x00007ff8df63c000 	C:\Program Files\Java\jre1.8.0_151\bin\MSVCP140.dll
0x00007ff903bb0000 - 0x00007ff903bc6000 	C:\Program Files\Java\jre1.8.0_151\bin\VCRUNTIME140.dll
0x00000000755e0000 - 0x0000000075603000 	C:\Program Files\Java\jre1.8.0_151\bin\prism_d3d.dll
0x00007ff8cbb90000 - 0x00007ff8cbd25000 	C:\WINDOWS\system32\d3d9.dll
0x00007ff9033f0000 - 0x00007ff90341a000 	C:\WINDOWS\SYSTEM32\dwmapi.dll
0x00007ff903320000 - 0x00007ff9033b5000 	C:\WINDOWS\system32\uxtheme.dll
0x00007ff906aa0000 - 0x00007ff906b65000 	C:\WINDOWS\System32\OLEAUT32.dll
0x00007ff906940000 - 0x00007ff906a89000 	C:\WINDOWS\System32\ole32.dll
0x0000000075590000 - 0x00000000755d9000 	C:\Program Files\Java\jre1.8.0_151\bin\glass.dll
0x00007ff9084d0000 - 0x00007ff9085da000 	C:\WINDOWS\System32\COMDLG32.dll
0x00007ff9085e0000 - 0x00007ff908747000 	C:\WINDOWS\System32\MSCTF.dll
0x0000000075570000 - 0x0000000075584000 	C:\Program Files\Java\jre1.8.0_151\bin\javafx_font.dll
0x00007ff8ef9f0000 - 0x00007ff8efcff000 	C:\WINDOWS\SYSTEM32\dwrite.dll
0x0000000075dc0000 - 0x0000000075de4000 	C:\Program Files\Java\jre1.8.0_151\bin\sunec.dll
0x0000000075e10000 - 0x0000000075e2a000 	C:\Program Files\Java\jre1.8.0_151\bin\net.dll
0x00007ff9046b0000 - 0x00007ff904716000 	C:\WINDOWS\system32\mswsock.dll
0x00007ff904440000 - 0x00007ff904479000 	C:\WINDOWS\SYSTEM32\IPHLPAPI.DLL
0x00007ff908750000 - 0x00007ff908758000 	C:\WINDOWS\System32\NSI.dll
0x00007ff9007a0000 - 0x00007ff9007b6000 	C:\WINDOWS\SYSTEM32\dhcpcsvc6.DLL
0x00007ff900b50000 - 0x00007ff900b6a000 	C:\WINDOWS\SYSTEM32\dhcpcsvc.DLL
0x0000000075df0000 - 0x0000000075e01000 	C:\Program Files\Java\jre1.8.0_151\bin\nio.dll
0x00007ff906800000 - 0x00007ff90689e000 	C:\WINDOWS\System32\clbcatq.dll
0x00007ff8f7510000 - 0x00007ff8f76bb000 	C:\WINDOWS\SYSTEM32\WindowsCodecs.dll
0x00007ff8eaf80000 - 0x00007ff8eafcf000 	C:\WINDOWS\system32\dataexchange.dll
0x00007ff8fee90000 - 0x00007ff8fefd2000 	C:\WINDOWS\system32\dcomp.dll
0x00007ff901b50000 - 0x00007ff901e31000 	C:\WINDOWS\system32\d3d11.dll
0x00007ff903c70000 - 0x00007ff903d1f000 	C:\WINDOWS\system32\dxgi.dll
0x00007ff903040000 - 0x00007ff9031bb000 	C:\WINDOWS\system32\twinapi.appcore.dll
0x00007ff9031c0000 - 0x00007ff9031e0000 	C:\WINDOWS\system32\RMCLIENT.dll
0x00007ff904c30000 - 0x00007ff904c55000 	C:\WINDOWS\system32\bcrypt.dll
0x00007ff9038f0000 - 0x00007ff903924000 	C:\Program Files\Common Files\Microsoft Shared\Ink\rtscom.dll
0x0000000075540000 - 0x0000000075563000 	C:\Program Files\Java\jre1.8.0_151\bin\javafx_iio.dll
0x0000000075520000 - 0x0000000075532000 	C:\Program Files\Java\jre1.8.0_151\bin\prism_common.dll
0x00007ff8f6a20000 - 0x00007ff8f6ab8000 	C:\WINDOWS\System32\TextInputFramework.dll
0x00007ff8f6730000 - 0x00007ff8f6a1e000 	C:\WINDOWS\System32\CoreUIComponents.dll
0x00007ff8feac0000 - 0x00007ff8feb9d000 	C:\WINDOWS\System32\CoreMessaging.dll
0x00007ff903f90000 - 0x00007ff903fc1000 	C:\WINDOWS\SYSTEM32\ntmarta.dll
0x00007ff901f00000 - 0x00007ff902036000 	C:\WINDOWS\SYSTEM32\wintypes.dll
0x00007ff904cd0000 - 0x00007ff904e98000 	C:\WINDOWS\SYSTEM32\dbghelp.dll

VM Arguments:
jvm_args: -Dfile.encoding=UTF-8 
java_command: com.jeeves.vpl.Main
java_class_path (initial): C:\Program Files\Java\jre1.8.0_151\lib\resources.jar;C:\Program Files\Java\jre1.8.0_151\lib\rt.jar;C:\Program Files\Java\jre1.8.0_151\lib\jsse.jar;C:\Program Files\Java\jre1.8.0_151\lib\jce.jar;C:\Program Files\Java\jre1.8.0_151\lib\charsets.jar;C:\Program Files\Java\jre1.8.0_151\lib\jfr.jar;C:\Program Files\Java\jre1.8.0_151\lib\ext\access-bridge-64.jar;C:\Program Files\Java\jre1.8.0_151\lib\ext\cldrdata.jar;C:\Program Files\Java\jre1.8.0_151\lib\ext\dnsns.jar;C:\Program Files\Java\jre1.8.0_151\lib\ext\dns_sd.jar;C:\Program Files\Java\jre1.8.0_151\lib\ext\jaccess.jar;C:\Program Files\Java\jre1.8.0_151\lib\ext\jfxrt.jar;C:\Program Files\Java\jre1.8.0_151\lib\ext\localedata.jar;C:\Program Files\Java\jre1.8.0_151\lib\ext\nashorn.jar;C:\Program Files\Java\jre1.8.0_151\lib\ext\sunec.jar;C:\Program Files\Java\jre1.8.0_151\lib\ext\sunjce_provider.jar;C:\Program Files\Java\jre1.8.0_151\lib\ext\sunmscapi.jar;C:\Program Files\Java\jre1.8.0_151\lib\ext\sunpkcs11.jar;C:\Program Files\Java\jre1.8.0_151\lib\ext\zipfs.jar;C:\Users\Cath\Documents\workspace\Jeeves\target\classes;C:\Users\Cath\Documents\workspace\Jeeves\poi-3.15.jar;C:\Users\Cath\Documents\workspace\Jeeves\commons-lang3-3.5.jar;C:\Users\Cath\Documents\workspace\Jeeves\controlsfx-8.40.12.jar;C:\Users\Cath\.m2\repository\commons-codec\commons-codec\1.9\commons-codec-1.9.jar;C:\Users\Cath\.m2\repository\commons-validator\commons-validator\1.4.1\commons-validator-1.4.1.jar;C:\Users\Cath\.m2\repository\commons-beanutils\commons-beanutils\1.8.3\commons-beanutils-1.8.3.jar;C:\Users\Cath\.m2\repository\commons-digester\commons-digester\1.8.1\commons-digester-1.8.1.jar;C:\Users\Cath\.m2\repository\commons-logging\commons-logging\1.2\commons-logging-1.2.jar;C:\Users\Cath\.m2\repository\commons-collections\commons-collections\3.2.1\commons-collections-3.2.1.jar;C:\Users\Cath\.m2\repository\org\apache\shiro\shiro-core\1.3.2\shiro-core-1.3.2.jar;C:\Users\Cath\.m2\repository\org\slf4j\slf4j-api\1.6.4\
Launcher Type: SUN_STANDARD

Environment Variables:
PATH=C:/Program Files/Java/jre1.8.0_151/bin/server;C:/Program Files/Java/jre1.8.0_151/bin;C:/Program Files/Java/jre1.8.0_151/lib/amd64;C:\ProgramData\Oracle\Java\javapath;C:\WINDOWS\system32;C:\WINDOWS;C:\WINDOWS\System32\Wbem;C:\WINDOWS\System32\WindowsPowerShell\v1.0\;C:\Program Files\Git\cmd;C:\Users\Cath\AppData\Local\Microsoft\WindowsApps;C:\MinGW\bin;C:\MinGW\msys\1.0\bin;;C:\Users\Cath\Desktop;
USERNAME=Cath
OS=Windows_NT
PROCESSOR_IDENTIFIER=Intel64 Family 6 Model 69 Stepping 1, GenuineIntel



---------------  S Y S T E M  ---------------

OS: Windows 10.0 , 64 bit Build 16299 (10.0.16299.15)

CPU:total 4 (initial active 4) (2 cores per cpu, 2 threads per core) family 6 model 69 stepping 1, cmov, cx8, fxsr, mmx, sse, sse2, sse3, ssse3, sse4.1, sse4.2, popcnt, avx, avx2, aes, clmul, erms, lzcnt, ht, tsc, tscinvbit, bmi1, bmi2

Memory: 4k page, physical 8317080k(2526924k free), swap 14668224k(4739196k free)

vm_info: Java HotSpot(TM) 64-Bit Server VM (25.151-b12) for windows-amd64 JRE (1.8.0_151-b12), built on Sep  5 2017 19:33:46 by "java_re" with MS VC++ 10.0 (VS2010)

time: Tue Jan 02 23:19:35 2018
elapsed time: 20 seconds (0d 0h 0m 20s)

