#
# A fatal error has been detected by the Java Runtime Environment:
#
#  EXCEPTION_ACCESS_VIOLATION (0xc0000005) at pc=0x000000005d95584a, pid=11600, tid=0x00000000000001c8
#
# JRE version: Java(TM) SE Runtime Environment (8.0_121-b13) (build 1.8.0_121-b13)
# Java VM: Java HotSpot(TM) 64-Bit Server VM (25.121-b13 mixed mode windows-amd64 compressed oops)
# Problematic frame:
# C  [glass.dll+0x2584a]
#
# Failed to write core dump. Minidumps are not enabled by default on client versions of Windows
#
# If you would like to submit a bug report, please visit:
#   http://bugreport.java.com/bugreport/crash.jsp
#

---------------  T H R E A D  ---------------

Current thread (0x0000000017c77800):  VMThread [stack: 0x0000000018d20000,0x0000000018e20000] [id=456]

siginfo: ExceptionCode=0xc0000005, reading address 0x0000000000000000

Registers:
RAX=0x0000000000000000, RBX=0x0000000019fd7780, RCX=0x0000000017c77800, RDX=0x0000000019fd7780
RSP=0x0000000018e1eed0, RBP=0x00000000012a6300, RSI=0x0000000000000001, RDI=0x0000000000000000
R8 =0x0000000000010002, R9 =0x00000000012a6300, R10=0x0000000000000000, R11=0x0000000000000246
R12=0x00000000012a6330, R13=0x00000000012a6300, R14=0x00000000012a6310, R15=0x0000000000000000
RIP=0x000000005d95584a, EFLAGS=0x0000000000010202

Top of Stack: (sp=0x0000000018e1eed0)
0x0000000018e1eed0:   0000000000000000 000000005d955900
0x0000000018e1eee0:   0000000000000000 00000000012a6300
0x0000000018e1eef0:   000000005d955830 000000005d953224
0x0000000018e1ef00:   000000005d9691b0 00007ffafb901813
0x0000000018e1ef10:   0000000000000001 0000000017b85400
0x0000000018e1ef20:   000000005d953384 000000005d930000
0x0000000018e1ef30:   00007ffa183c31b0 000000005d9534a6
0x0000000018e1ef40:   0000000000000001 0000000017b85400
0x0000000018e1ef50:   0000000000000000 0000000000000000
0x0000000018e1ef60:   c000000500000001 0000000018e1e050
0x0000000018e1ef70:   000000005d953384 00007ffa1829a35f
0x0000000018e1ef80:   0000000000000000 0000000000000001
0x0000000018e1ef90:   000000005d930000 0000000000000000
0x0000000018e1efa0:   0000de59c0de07c2 0000000001285af0
0x0000000018e1efb0:   00007ffa158c4200 0000000003016200
0x0000000018e1efc0:   0000000003016200 0000000001289860 

Instructions: (pc=0x000000005d95584a)
0x000000005d95582a:   83 c4 20 5d c3 cc 40 53 48 83 ec 20 48 8b 1d cb
0x000000005d95583a:   5b 01 00 48 85 db 74 1a e8 19 93 ff ff 48 8b d3
0x000000005d95584a:   4c 8b 00 48 8b c8 48 83 c4 20 5b 49 ff a0 b0 00
0x000000005d95585a:   00 00 48 83 c4 20 5b c3 cc cc cc cc cc cc cc cc 


Register to memory mapping:

RAX=0x0000000000000000 is an unknown value
RBX=0x0000000019fd7780 is a global jni handle
RCX=0x0000000017c77800 is an unknown value
RDX=0x0000000019fd7780 is a global jni handle
RSP=0x0000000018e1eed0 is an unknown value
RBP=0x00000000012a6300 is an unknown value
RSI=0x0000000000000001 is an unknown value
RDI=0x0000000000000000 is an unknown value
R8 =0x0000000000010002 is an unknown value
R9 =0x00000000012a6300 is an unknown value
R10=0x0000000000000000 is an unknown value
R11=0x0000000000000246 is an unknown value
R12=0x00000000012a6330 is an unknown value
R13=0x00000000012a6300 is an unknown value
R14=0x00000000012a6310 is an unknown value
R15=0x0000000000000000 is an unknown value


Stack: [0x0000000018d20000,0x0000000018e20000],  sp=0x0000000018e1eed0,  free space=1019k
Native frames: (J=compiled Java code, j=interpreted, Vv=VM code, C=native code)
C  [glass.dll+0x2584a]
C  [glass.dll+0x23224]
C  [glass.dll+0x234a6]
C  [ntdll.dll+0x2a35f]
C  [ntdll.dll+0x806b]
C  [ntdll.dll+0x7d94]
C  [KERNEL32.DLL+0x1ce6a]
C  [msvcr100.dll+0x20ccd]
V  [jvm.dll+0x212cb5]
V  [jvm.dll+0x24bd17]
V  [jvm.dll+0x24afb6]
V  [jvm.dll+0x24b451]
V  [jvm.dll+0x24b66e]
V  [jvm.dll+0x29c69a]
C  [msvcr100.dll+0x21d9f]
C  [msvcr100.dll+0x21e3b]
C  [KERNEL32.DLL+0x8364]
C  [ntdll.dll+0x670d1]

VM_Operation (0x000000001a7cad40): Exit, mode: safepoint, requested by thread 0x0000000019c15800


---------------  P R O C E S S  ---------------

Java Threads: ( => current thread )
  0x000000001a0ad800 JavaThread "Prism Font Disposer" daemon [_thread_blocked, id=15548, stack(0x0000000020b80000,0x0000000020c80000)]
  0x0000000019c9e800 JavaThread "JavaFX-Launcher" [_thread_blocked, id=9476, stack(0x000000001ee90000,0x000000001ef90000)]
  0x0000000019ca5000 JavaThread "Thread-2" daemon [_thread_in_native, id=3388, stack(0x000000001ed90000,0x000000001ee90000)]
  0x0000000019c15800 JavaThread "JavaFX Application Thread" [_thread_blocked, id=6580, stack(0x000000001a6d0000,0x000000001a7d0000)]
  0x0000000019c14800 JavaThread "Thread-1" daemon [_thread_blocked, id=7388, stack(0x000000001a5d0000,0x000000001a6d0000)]
  0x00000000199f2000 JavaThread "QuantumRenderer-0" daemon [_thread_blocked, id=12136, stack(0x000000001a410000,0x000000001a510000)]
  0x0000000019648800 JavaThread "Service Thread" daemon [_thread_blocked, id=17092, stack(0x0000000019a10000,0x0000000019b10000)]
  0x0000000017cc2000 JavaThread "C1 CompilerThread2" daemon [_thread_blocked, id=12532, stack(0x0000000019510000,0x0000000019610000)]
  0x0000000017cb3000 JavaThread "C2 CompilerThread1" daemon [_thread_blocked, id=16116, stack(0x0000000019410000,0x0000000019510000)]
  0x0000000017cb0000 JavaThread "C2 CompilerThread0" daemon [_thread_blocked, id=14644, stack(0x0000000019310000,0x0000000019410000)]
  0x0000000017caf000 JavaThread "Attach Listener" daemon [_thread_blocked, id=15212, stack(0x0000000019210000,0x0000000019310000)]
  0x0000000017cad800 JavaThread "Signal Dispatcher" daemon [_thread_blocked, id=10912, stack(0x0000000019110000,0x0000000019210000)]
  0x0000000017c9a800 JavaThread "Finalizer" daemon [_thread_blocked, id=15396, stack(0x0000000018f20000,0x0000000019020000)]
  0x0000000003111000 JavaThread "Reference Handler" daemon [_thread_blocked, id=9660, stack(0x0000000018e20000,0x0000000018f20000)]
  0x0000000003022800 JavaThread "main" [_thread_blocked, id=16320, stack(0x0000000002e80000,0x0000000002f80000)]

Other Threads:
=>0x0000000017c77800 VMThread [stack: 0x0000000018d20000,0x0000000018e20000] [id=456]

VM state:at safepoint (shutting down)

VM Mutex/Monitor currently owned by a thread:  ([mutex/lock_event])
[0x000000000301e520] Threads_lock - owner thread: 0x0000000017c77800

Heap:
 PSYoungGen      total 71680K, used 41087K [0x00000000d5b00000, 0x00000000df700000, 0x0000000100000000)
  eden space 66560K, 61% used [0x00000000d5b00000,0x00000000d831fc90,0x00000000d9c00000)
  from space 5120K, 0% used [0x00000000d9c00000,0x00000000d9c00000,0x00000000da100000)
  to   space 13312K, 0% used [0x00000000dea00000,0x00000000dea00000,0x00000000df700000)
 ParOldGen       total 82944K, used 18397K [0x0000000081000000, 0x0000000086100000, 0x00000000d5b00000)
  object space 82944K, 22% used [0x0000000081000000,0x00000000821f7598,0x0000000086100000)
 Metaspace       used 23106K, capacity 24966K, committed 25088K, reserved 1071104K
  class space    used 3400K, capacity 3739K, committed 3840K, reserved 1048576K

Card table byte_map: [0x00000000124e0000,0x00000000128e0000] byte_map_base: 0x00000000120d8000

Marking Bits: (ParMarkBitMap*) 0x000000005ebab6d0
 Begin Bits: [0x0000000012f90000, 0x0000000014f50000)
 End Bits:   [0x0000000014f50000, 0x0000000016f10000)

Polling page: 0x0000000002e50000

CodeCache: size=245760Kb used=12829Kb max_used=12854Kb free=232930Kb
 bounds [0x0000000003120000, 0x0000000003dc0000, 0x0000000012120000]
 total_blobs=4711 nmethods=4028 adapters=594
 compilation: enabled

Compilation events (10 events):
Event: 5.839 Thread 0x0000000017cc2000 nmethod 4045 0x0000000003da3350 code [0x0000000003da34c0, 0x0000000003da36b0]
Event: 5.839 Thread 0x0000000017cc2000 4046       3       javafx.scene.Scene::isDirtyEmpty (13 bytes)
Event: 5.839 Thread 0x0000000017cc2000 nmethod 4046 0x0000000003da3790 code [0x0000000003da38e0, 0x0000000003da3a90]
Event: 5.888 Thread 0x0000000017cb3000 nmethod 4028% 0x0000000003daa910 code [0x0000000003daac80, 0x0000000003daed00]
Event: 5.953 Thread 0x0000000017cc2000 4047       3       com.sun.javafx.event.EventDispatchChainImpl::insertFirst (42 bytes)
Event: 5.954 Thread 0x0000000017cc2000 nmethod 4047 0x0000000003daa3d0 code [0x0000000003daa540, 0x0000000003daa7f0]
Event: 5.964 Thread 0x0000000017cc2000 4048       1       java.util.logging.Logger::getName (5 bytes)
Event: 5.964 Thread 0x0000000017cc2000 nmethod 4048 0x0000000003daa110 code [0x0000000003daa260, 0x0000000003daa370]
Event: 5.964 Thread 0x0000000017cc2000 4049       1       java.util.concurrent.atomic.AtomicInteger::get (5 bytes)
Event: 5.965 Thread 0x0000000017cc2000 nmethod 4049 0x0000000003da9e50 code [0x0000000003da9fa0, 0x0000000003daa0b0]

GC Heap History (10 events):
Event: 1.304 GC heap before
{Heap before GC invocations=2 (full 0):
 PSYoungGen      total 38400K, used 38396K [0x00000000d5b00000, 0x00000000d8580000, 0x0000000100000000)
  eden space 33280K, 100% used [0x00000000d5b00000,0x00000000d7b80000,0x00000000d7b80000)
  from space 5120K, 99% used [0x00000000d7b80000,0x00000000d807f3d0,0x00000000d8080000)
  to   space 5120K, 0% used [0x00000000d8080000,0x00000000d8080000,0x00000000d8580000)
 ParOldGen       total 87552K, used 397K [0x0000000081000000, 0x0000000086580000, 0x00000000d5b00000)
  object space 87552K, 0% used [0x0000000081000000,0x00000000810637d8,0x0000000086580000)
 Metaspace       used 15911K, capacity 16720K, committed 16896K, reserved 1062912K
  class space    used 2321K, capacity 2514K, committed 2560K, reserved 1048576K
Event: 1.312 GC heap after
Heap after GC invocations=2 (full 0):
 PSYoungGen      total 38400K, used 5104K [0x00000000d5b00000, 0x00000000da600000, 0x0000000100000000)
  eden space 33280K, 0% used [0x00000000d5b00000,0x00000000d5b00000,0x00000000d7b80000)
  from space 5120K, 99% used [0x00000000d8080000,0x00000000d857c0b0,0x00000000d8580000)
  to   space 5120K, 0% used [0x00000000d7b80000,0x00000000d7b80000,0x00000000d8080000)
 ParOldGen       total 87552K, used 9069K [0x0000000081000000, 0x0000000086580000, 0x00000000d5b00000)
  object space 87552K, 10% used [0x0000000081000000,0x00000000818db538,0x0000000086580000)
 Metaspace       used 15911K, capacity 16720K, committed 16896K, reserved 1062912K
  class space    used 2321K, capacity 2514K, committed 2560K, reserved 1048576K
}
Event: 1.629 GC heap before
{Heap before GC invocations=3 (full 0):
 PSYoungGen      total 38400K, used 38384K [0x00000000d5b00000, 0x00000000da600000, 0x0000000100000000)
  eden space 33280K, 100% used [0x00000000d5b00000,0x00000000d7b80000,0x00000000d7b80000)
  from space 5120K, 99% used [0x00000000d8080000,0x00000000d857c0b0,0x00000000d8580000)
  to   space 5120K, 0% used [0x00000000d7b80000,0x00000000d7b80000,0x00000000d8080000)
 ParOldGen       total 87552K, used 9069K [0x0000000081000000, 0x0000000086580000, 0x00000000d5b00000)
  object space 87552K, 10% used [0x0000000081000000,0x00000000818db538,0x0000000086580000)
 Metaspace       used 16829K, capacity 17762K, committed 17920K, reserved 1064960K
  class space    used 2486K, capacity 2715K, committed 2816K, reserved 1048576K
Event: 1.635 GC heap after
Heap after GC invocations=3 (full 0):
 PSYoungGen      total 38400K, used 5088K [0x00000000d5b00000, 0x00000000da600000, 0x0000000100000000)
  eden space 33280K, 0% used [0x00000000d5b00000,0x00000000d5b00000,0x00000000d7b80000)
  from space 5120K, 99% used [0x00000000d7b80000,0x00000000d8078020,0x00000000d8080000)
  to   space 5120K, 0% used [0x00000000da100000,0x00000000da100000,0x00000000da600000)
 ParOldGen       total 87552K, used 10436K [0x0000000081000000, 0x0000000086580000, 0x00000000d5b00000)
  object space 87552K, 11% used [0x0000000081000000,0x0000000081a31210,0x0000000086580000)
 Metaspace       used 16829K, capacity 17762K, committed 17920K, reserved 1064960K
  class space    used 2486K, capacity 2715K, committed 2816K, reserved 1048576K
}
Event: 1.967 GC heap before
{Heap before GC invocations=4 (full 0):
 PSYoungGen      total 38400K, used 38368K [0x00000000d5b00000, 0x00000000da600000, 0x0000000100000000)
  eden space 33280K, 100% used [0x00000000d5b00000,0x00000000d7b80000,0x00000000d7b80000)
  from space 5120K, 99% used [0x00000000d7b80000,0x00000000d8078020,0x00000000d8080000)
  to   space 5120K, 0% used [0x00000000da100000,0x00000000da100000,0x00000000da600000)
 ParOldGen       total 87552K, used 10436K [0x0000000081000000, 0x0000000086580000, 0x00000000d5b00000)
  object space 87552K, 11% used [0x0000000081000000,0x0000000081a31210,0x0000000086580000)
 Metaspace       used 17079K, capacity 18078K, committed 18176K, reserved 1064960K
  class space    used 2519K, capacity 2733K, committed 2816K, reserved 1048576K
Event: 1.975 GC heap after
Heap after GC invocations=4 (full 0):
 PSYoungGen      total 71680K, used 5104K [0x00000000d5b00000, 0x00000000da600000, 0x0000000100000000)
  eden space 66560K, 0% used [0x00000000d5b00000,0x00000000d5b00000,0x00000000d9c00000)
  from space 5120K, 99% used [0x00000000da100000,0x00000000da5fc030,0x00000000da600000)
  to   space 5120K, 0% used [0x00000000d9c00000,0x00000000d9c00000,0x00000000da100000)
 ParOldGen       total 87552K, used 11290K [0x0000000081000000, 0x0000000086580000, 0x00000000d5b00000)
  object space 87552K, 12% used [0x0000000081000000,0x0000000081b06858,0x0000000086580000)
 Metaspace       used 17079K, capacity 18078K, committed 18176K, reserved 1064960K
  class space    used 2519K, capacity 2733K, committed 2816K, reserved 1048576K
}
Event: 2.540 GC heap before
{Heap before GC invocations=5 (full 0):
 PSYoungGen      total 71680K, used 57097K [0x00000000d5b00000, 0x00000000da600000, 0x0000000100000000)
  eden space 66560K, 78% used [0x00000000d5b00000,0x00000000d8dc6718,0x00000000d9c00000)
  from space 5120K, 99% used [0x00000000da100000,0x00000000da5fc030,0x00000000da600000)
  to   space 5120K, 0% used [0x00000000d9c00000,0x00000000d9c00000,0x00000000da100000)
 ParOldGen       total 87552K, used 11290K [0x0000000081000000, 0x0000000086580000, 0x00000000d5b00000)
  object space 87552K, 12% used [0x0000000081000000,0x0000000081b06858,0x0000000086580000)
 Metaspace       used 19645K, capacity 21104K, committed 21248K, reserved 1067008K
  class space    used 2942K, capacity 3218K, committed 3328K, reserved 1048576K
Event: 2.555 GC heap after
Heap after GC invocations=5 (full 0):
 PSYoungGen      total 71680K, used 5117K [0x00000000d5b00000, 0x00000000df700000, 0x0000000100000000)
  eden space 66560K, 0% used [0x00000000d5b00000,0x00000000d5b00000,0x00000000d9c00000)
  from space 5120K, 99% used [0x00000000d9c00000,0x00000000da0ff6a0,0x00000000da100000)
  to   space 13312K, 0% used [0x00000000dea00000,0x00000000dea00000,0x00000000df700000)
 ParOldGen       total 87552K, used 13814K [0x0000000081000000, 0x0000000086580000, 0x00000000d5b00000)
  object space 87552K, 15% used [0x0000000081000000,0x0000000081d7da28,0x0000000086580000)
 Metaspace       used 19645K, capacity 21104K, committed 21248K, reserved 1067008K
  class space    used 2942K, capacity 3218K, committed 3328K, reserved 1048576K
}
Event: 2.555 GC heap before
{Heap before GC invocations=6 (full 1):
 PSYoungGen      total 71680K, used 5117K [0x00000000d5b00000, 0x00000000df700000, 0x0000000100000000)
  eden space 66560K, 0% used [0x00000000d5b00000,0x00000000d5b00000,0x00000000d9c00000)
  from space 5120K, 99% used [0x00000000d9c00000,0x00000000da0ff6a0,0x00000000da100000)
  to   space 13312K, 0% used [0x00000000dea00000,0x00000000dea00000,0x00000000df700000)
 ParOldGen       total 87552K, used 13814K [0x0000000081000000, 0x0000000086580000, 0x00000000d5b00000)
  object space 87552K, 15% used [0x0000000081000000,0x0000000081d7da28,0x0000000086580000)
 Metaspace       used 19645K, capacity 21104K, committed 21248K, reserved 1067008K
  class space    used 2942K, capacity 3218K, committed 3328K, reserved 1048576K
Event: 2.659 GC heap after
Heap after GC invocations=6 (full 1):
 PSYoungGen      total 71680K, used 0K [0x00000000d5b00000, 0x00000000df700000, 0x0000000100000000)
  eden space 66560K, 0% used [0x00000000d5b00000,0x00000000d5b00000,0x00000000d9c00000)
  from space 5120K, 0% used [0x00000000d9c00000,0x00000000d9c00000,0x00000000da100000)
  to   space 13312K, 0% used [0x00000000dea00000,0x00000000dea00000,0x00000000df700000)
 ParOldGen       total 82944K, used 18397K [0x0000000081000000, 0x0000000086100000, 0x00000000d5b00000)
  object space 82944K, 22% used [0x0000000081000000,0x00000000821f7598,0x0000000086100000)
 Metaspace       used 19645K, capacity 21104K, committed 21248K, reserved 1067008K
  class space    used 2942K, capacity 3218K, committed 3328K, reserved 1048576K
}

Deoptimization events (10 events):
Event: 3.438 Thread 0x00000000199f2000 Uncommon trap: reason=class_check action=maybe_recompile pc=0x0000000003a02ac0 method=java.util.WeakHashMap.eq(Ljava/lang/Object;Ljava/lang/Object;)Z @ 7
Event: 3.438 Thread 0x00000000199f2000 Uncommon trap: reason=class_check action=maybe_recompile pc=0x0000000003a02ac0 method=java.util.WeakHashMap.eq(Ljava/lang/Object;Ljava/lang/Object;)Z @ 7
Event: 3.449 Thread 0x00000000199f2000 Uncommon trap: reason=class_check action=maybe_recompile pc=0x0000000003a02ac0 method=java.util.WeakHashMap.eq(Ljava/lang/Object;Ljava/lang/Object;)Z @ 7
Event: 3.451 Thread 0x00000000199f2000 Uncommon trap: reason=class_check action=maybe_recompile pc=0x0000000003a02ac0 method=java.util.WeakHashMap.eq(Ljava/lang/Object;Ljava/lang/Object;)Z @ 7
Event: 3.679 Thread 0x0000000019c15800 Uncommon trap: reason=unstable_if action=reinterpret pc=0x0000000003300dc0 method=java.lang.CharacterData.of(I)Ljava/lang/CharacterData; @ 4
Event: 3.710 Thread 0x0000000019c15800 Uncommon trap: reason=unstable_if action=reinterpret pc=0x0000000003b6a62c method=java.lang.StrictMath.floorOrCeil(DDDD)D @ 24
Event: 3.718 Thread 0x0000000019c15800 Uncommon trap: reason=unstable_if action=reinterpret pc=0x0000000003c37ea8 method=javafx.scene.Node.impl_markDirty(Lcom/sun/javafx/scene/DirtyBits;)V @ 4
Event: 3.740 Thread 0x0000000019c15800 Uncommon trap: reason=unstable_if action=reinterpret pc=0x0000000003773844 method=java.util.EnumMap.isValidKey(Ljava/lang/Object;)Z @ 16
Event: 3.741 Thread 0x0000000019c15800 Uncommon trap: reason=unstable_if action=reinterpret pc=0x0000000003770c1c method=java.util.EnumMap.isValidKey(Ljava/lang/Object;)Z @ 16
Event: 3.750 Thread 0x0000000019c15800 Uncommon trap: reason=unstable_if action=reinterpret pc=0x00000000035abd28 method=jdk.internal.org.objectweb.asm.Type.getArgumentsAndReturnSizes(Ljava/lang/String;)I @ 47

Internal exceptions (10 events):
Event: 0.763 Thread 0x0000000019c15800 Exception <a 'java/lang/ArrayIndexOutOfBoundsException': 58> (0x00000000d77f2a88) thrown at [C:\re\workspace\8-2-build-windows-amd64-cygwin\jdk8u121\8372\hotspot\src\share\vm\interpreter\interpreterRuntime.cpp, line 366]
Event: 1.010 Thread 0x0000000019c15800 Exception <a 'java/io/FileNotFoundException'> (0x00000000d6a4d048) thrown at [C:\re\workspace\8-2-build-windows-amd64-cygwin\jdk8u121\8372\hotspot\src\share\vm\prims\jni.cpp, line 709]
Event: 1.199 Thread 0x0000000019c15800 Implicit null exception at 0x00000000034194f5 to 0x000000000341970d
Event: 1.200 Thread 0x0000000019c15800 Implicit null exception at 0x000000000352f458 to 0x000000000352f4e6
Event: 1.201 Thread 0x0000000019c15800 Implicit null exception at 0x00000000033b026f to 0x00000000033b02d9
Event: 3.013 Thread 0x0000000019c15800 Implicit null exception at 0x0000000003a990eb to 0x0000000003a9aa31
Event: 3.013 Thread 0x0000000019c15800 Implicit null exception at 0x000000000399585a to 0x0000000003995ff1
Event: 3.014 Thread 0x0000000019c15800 Implicit null exception at 0x0000000003ab4cab to 0x0000000003ab6659
Event: 3.155 Thread 0x0000000019c15800 Implicit null exception at 0x0000000003b05f55 to 0x0000000003b06c7d
Event: 5.965 Thread 0x0000000022902800 Exception <a 'java/lang/IllegalStateException'> (0x00000000d827fa08) thrown at [C:\re\workspace\8-2-build-windows-amd64-cygwin\jdk8u121\8372\hotspot\src\share\vm\prims\jvm.cpp, line 1394]

Events (10 events):
Event: 5.962 loading class java/util/IdentityHashMap$KeyIterator done
Event: 5.963 Thread 0x0000000023481800 Thread added: 0x0000000023481800
Event: 5.963 Thread 0x0000000022902800 Thread added: 0x0000000022902800
Event: 5.964 loading class com/sun/javafx/tk/quantum/QuantumRenderer
Event: 5.964 loading class com/sun/javafx/tk/quantum/QuantumRenderer done
Event: 5.964 Thread 0x0000000023481800 Thread exited: 0x0000000023481800
Event: 5.965 loading class com/sun/javafx/tk/quantum/QuantumToolkit
Event: 5.965 loading class com/sun/javafx/tk/quantum/QuantumToolkit done
Event: 5.965 Thread 0x0000000022902800 Thread exited: 0x0000000022902800
Event: 5.966 Executing VM operation: Exit


Dynamic libraries:
0x00007ff6f1bc0000 - 0x00007ff6f1bf7000 	C:\Program Files\Java\jdk1.8.0_121\bin\javaw.exe
0x00007ffa18270000 - 0x00007ffa18441000 	C:\WINDOWS\SYSTEM32\ntdll.dll
0x00007ffa15ab0000 - 0x00007ffa15b5c000 	C:\WINDOWS\System32\KERNEL32.DLL
0x00007ffa14980000 - 0x00007ffa14b9d000 	C:\WINDOWS\System32\KERNELBASE.dll
0x00007ffa16b10000 - 0x00007ffa16bb2000 	C:\WINDOWS\System32\ADVAPI32.dll
0x00007ffa181d0000 - 0x00007ffa1826e000 	C:\WINDOWS\System32\msvcrt.dll
0x00007ffa169f0000 - 0x00007ffa16a49000 	C:\WINDOWS\System32\sechost.dll
0x00007ffa16090000 - 0x00007ffa161b1000 	C:\WINDOWS\System32\RPCRT4.dll
0x00007ffa15bc0000 - 0x00007ffa15d25000 	C:\WINDOWS\System32\USER32.dll
0x00007ffa14ba0000 - 0x00007ffa14bbe000 	C:\WINDOWS\System32\win32u.dll
0x00007ffa16000000 - 0x00007ffa16034000 	C:\WINDOWS\System32\GDI32.dll
0x00007ffa15670000 - 0x00007ffa157f2000 	C:\WINDOWS\System32\gdi32full.dll
0x00007ffa0da40000 - 0x00007ffa0dcba000 	C:\WINDOWS\WinSxS\amd64_microsoft.windows.common-controls_6595b64144ccf1df_6.0.14393.953_none_42151e83c686086b\COMCTL32.dll
0x00007ffa15d30000 - 0x00007ffa15ff8000 	C:\WINDOWS\System32\combase.dll
0x00007ffa14760000 - 0x00007ffa14855000 	C:\WINDOWS\System32\ucrtbase.dll
0x00007ffa14910000 - 0x00007ffa1497a000 	C:\WINDOWS\System32\bcryptPrimitives.dll
0x00007ffa16060000 - 0x00007ffa1608e000 	C:\WINDOWS\System32\IMM32.DLL
0x000000005d9b0000 - 0x000000005da82000 	C:\Program Files\Java\jdk1.8.0_121\jre\bin\msvcr100.dll
0x000000005e390000 - 0x000000005ec2b000 	C:\Program Files\Java\jdk1.8.0_121\jre\bin\server\jvm.dll
0x00007ffa16040000 - 0x00007ffa16048000 	C:\WINDOWS\System32\PSAPI.DLL
0x00007ffa128d0000 - 0x00007ffa128f3000 	C:\WINDOWS\SYSTEM32\WINMM.dll
0x00007ffa09a10000 - 0x00007ffa09a1a000 	C:\WINDOWS\SYSTEM32\VERSION.dll
0x00007ffa07c30000 - 0x00007ffa07c39000 	C:\WINDOWS\SYSTEM32\WSOCK32.dll
0x00007ffa16970000 - 0x00007ffa169da000 	C:\WINDOWS\System32\WS2_32.dll
0x0000000002e20000 - 0x0000000002e4b000 	C:\WINDOWS\SYSTEM32\WINMMBASE.dll
0x00007ffa14c60000 - 0x00007ffa14ca2000 	C:\WINDOWS\System32\cfgmgr32.dll
0x000000005e380000 - 0x000000005e38f000 	C:\Program Files\Java\jdk1.8.0_121\jre\bin\verify.dll
0x000000005e350000 - 0x000000005e379000 	C:\Program Files\Java\jdk1.8.0_121\jre\bin\java.dll
0x000000005e330000 - 0x000000005e346000 	C:\Program Files\Java\jdk1.8.0_121\jre\bin\zip.dll
0x00007ffa16cc0000 - 0x00007ffa181c8000 	C:\WINDOWS\System32\SHELL32.dll
0x00007ffa14f90000 - 0x00007ffa1566a000 	C:\WINDOWS\System32\windows.storage.dll
0x00007ffa146e0000 - 0x00007ffa1472c000 	C:\WINDOWS\System32\powrprof.dll
0x00007ffa15b60000 - 0x00007ffa15bb2000 	C:\WINDOWS\System32\shlwapi.dll
0x00007ffa14730000 - 0x00007ffa1473f000 	C:\WINDOWS\System32\kernel.appcore.dll
0x00007ffa14ee0000 - 0x00007ffa14f89000 	C:\WINDOWS\System32\shcore.dll
0x00007ffa14740000 - 0x00007ffa14754000 	C:\WINDOWS\System32\profapi.dll
0x00007ff9f0a60000 - 0x00007ff9f0b4f000 	C:\Program Files\Java\jdk1.8.0_121\jre\bin\msvcr120.dll
0x00007ff9ef760000 - 0x00007ff9ef806000 	C:\Program Files\Java\jdk1.8.0_121\jre\bin\msvcp120.dll
0x000000005d980000 - 0x000000005d9a2000 	C:\Program Files\Java\jdk1.8.0_121\jre\bin\prism_d3d.dll
0x00007ff9e4300000 - 0x00007ff9e448d000 	C:\WINDOWS\system32\d3d9.dll
0x00007ffa11d40000 - 0x00007ffa11d66000 	C:\WINDOWS\SYSTEM32\dwmapi.dll
0x00007ffa12e10000 - 0x00007ffa12ea5000 	C:\WINDOWS\system32\uxtheme.dll
0x00007ffa16a50000 - 0x00007ffa16b0f000 	C:\WINDOWS\System32\OLEAUT32.dll
0x00007ffa14bc0000 - 0x00007ffa14c5c000 	C:\WINDOWS\System32\msvcp_win.dll
0x00007ffa161c0000 - 0x00007ffa162f8000 	C:\WINDOWS\System32\ole32.dll
0x000000005d930000 - 0x000000005d973000 	C:\Program Files\Java\jdk1.8.0_121\jre\bin\glass.dll
0x00007ffa16bc0000 - 0x00007ffa16cba000 	C:\WINDOWS\System32\COMDLG32.dll
0x00007ffa15880000 - 0x00007ffa159da000 	C:\WINDOWS\System32\MSCTF.dll
0x000000005d910000 - 0x000000005d924000 	C:\Program Files\Java\jdk1.8.0_121\jre\bin\javafx_font.dll
0x00007ffa09210000 - 0x00007ffa09479000 	C:\WINDOWS\SYSTEM32\dwrite.dll
0x00007ffa168d0000 - 0x00007ffa1696f000 	C:\WINDOWS\System32\clbcatq.dll
0x00007ffa108c0000 - 0x00007ffa10a68000 	C:\WINDOWS\SYSTEM32\WindowsCodecs.dll
0x00007ff9fa290000 - 0x00007ff9fa2d9000 	C:\WINDOWS\system32\dataexchange.dll
0x00007ffa11d70000 - 0x00007ffa12026000 	C:\WINDOWS\system32\d3d11.dll
0x00007ffa12470000 - 0x00007ffa125c1000 	C:\WINDOWS\system32\dcomp.dll
0x00007ffa13650000 - 0x00007ffa136ef000 	C:\WINDOWS\system32\dxgi.dll
0x00007ffa130f0000 - 0x00007ffa1320c000 	C:\WINDOWS\system32\twinapi.appcore.dll
0x00007ffa14620000 - 0x00007ffa1464b000 	C:\WINDOWS\system32\bcrypt.dll
0x00007ffa0adc0000 - 0x00007ffa0adf2000 	C:\Program Files\Common Files\Microsoft Shared\Ink\rtscom.dll
0x000000005d820000 - 0x000000005d843000 	C:\Program Files\Java\jdk1.8.0_121\jre\bin\javafx_iio.dll
0x000000005d800000 - 0x000000005d811000 	C:\Program Files\Java\jdk1.8.0_121\jre\bin\prism_common.dll
0x00007ffa07cd0000 - 0x00007ffa07e62000 	C:\WINDOWS\SYSTEM32\dbghelp.dll

VM Arguments:
jvm_args: -Dfile.encoding=UTF-8 
java_command: com.jeeves.vpl.Main
java_class_path (initial): C:\Users\Daniel\workspace\JeevesMaven\target\classes;C:\Users\Daniel\workspace\JeevesMaven\poi-3.15.jar;C:\Users\Daniel\workspace\JeevesMaven\commons-lang3-3.5.jar;C:\Users\Daniel\workspace\JeevesMaven\controlsfx-8.40.12.jar;C:\Users\Daniel\.m2\repository\commons-codec\commons-codec\1.9\commons-codec-1.9.jar;C:\Users\Daniel\.m2\repository\org\apache\shiro\shiro-core\1.3.2\shiro-core-1.3.2.jar;C:\Users\Daniel\.m2\repository\org\slf4j\slf4j-api\1.6.4\slf4j-api-1.6.4.jar;C:\Users\Daniel\.m2\repository\commons-beanutils\commons-beanutils\1.8.3\commons-beanutils-1.8.3.jar;C:\Users\Daniel\.m2\repository\com\google\firebase\firebase-admin\5.1.0\firebase-admin-5.1.0.jar;C:\Users\Daniel\.m2\repository\com\google\api-client\google-api-client\1.22.0\google-api-client-1.22.0.jar;C:\Users\Daniel\.m2\repository\com\google\oauth-client\google-oauth-client\1.22.0\google-oauth-client-1.22.0.jar;C:\Users\Daniel\.m2\repository\com\google\http-client\google-http-client-jackson2\1.22.0\google-http-client-jackson2-1.22.0.jar;C:\Users\Daniel\.m2\repository\com\fasterxml\jackson\core\jackson-core\2.1.3\jackson-core-2.1.3.jar;C:\Users\Daniel\.m2\repository\com\google\api-client\google-api-client-gson\1.22.0\google-api-client-gson-1.22.0.jar;C:\Users\Daniel\.m2\repository\com\google\http-client\google-http-client-gson\1.22.0\google-http-client-gson-1.22.0.jar;C:\Users\Daniel\.m2\repository\com\google\code\gson\gson\2.1\gson-2.1.jar;C:\Users\Daniel\.m2\repository\com\google\http-client\google-http-client\1.22.0\google-http-client-1.22.0.jar;C:\Users\Daniel\.m2\repository\com\google\code\findbugs\jsr305\1.3.9\jsr305-1.3.9.jar;C:\Users\Daniel\.m2\repository\org\apache\httpcomponents\httpclient\4.0.1\httpclient-4.0.1.jar;C:\Users\Daniel\.m2\repository\org\apache\httpcomponents\httpcore\4.0.1\httpcore-4.0.1.jar;C:\Users\Daniel\.m2\repository\commons-logging\commons-logging\1.1.1\commons-logging-1.1.1.jar;C:\Users\Daniel\.m2\repository\org\json\json\20160810\json-20160
Launcher Type: SUN_STANDARD

Environment Variables:
JAVA_HOME=C:\Program Files\Java\jdk1.8.0_121
CLASSPATH=.
USERNAME=Daniel
OS=Windows_NT
PROCESSOR_IDENTIFIER=Intel64 Family 6 Model 69 Stepping 1, GenuineIntel



---------------  S Y S T E M  ---------------

OS: Windows 10.0 , 64 bit Build 14393 (10.0.14393.1198)

CPU:total 4 (2 cores per cpu, 2 threads per core) family 6 model 69 stepping 1, cmov, cx8, fxsr, mmx, sse, sse2, sse3, ssse3, sse4.1, sse4.2, popcnt, avx, avx2, aes, clmul, erms, lzcnt, ht, tsc, tscinvbit, bmi1, bmi2

Memory: 4k page, physical 8317080k(1190348k free), swap 15469568k(4708128k free)

vm_info: Java HotSpot(TM) 64-Bit Server VM (25.121-b13) for windows-amd64 JRE (1.8.0_121-b13), built on Dec 12 2016 18:21:36 by "java_re" with MS VC++ 10.0 (VS2010)

time: Sun Jun 11 22:37:11 2017
elapsed time: 6 seconds (0d 0h 0m 6s)

