#
# A fatal error has been detected by the Java Runtime Environment:
#
#  EXCEPTION_ACCESS_VIOLATION (0xc0000005) at pc=0x000000005d95584a, pid=13320, tid=0x0000000000003d54
#
# JRE version: Java(TM) SE Runtime Environment (8.0_121-b13) (build 1.8.0_121-b13)
# Java VM: Java HotSpot(TM) 64-Bit Server VM (25.121-b13 mixed mode windows-amd64 compressed oops)
# Problematic frame:
# C  [glass.dll+0x2584a]
#
# Failed to write core dump. Minidumps are not enabled by default on client versions of Windows
#
# If you would like to submit a bug report, please visit:
#   http://bugreport.java.com/bugreport/crash.jsp
#

---------------  T H R E A D  ---------------

Current thread (0x00000000177e7800):  VMThread [stack: 0x0000000018890000,0x0000000018990000] [id=15700]

siginfo: ExceptionCode=0xc0000005, reading address 0x0000000000000000

Registers:
RAX=0x0000000000000000, RBX=0x000000001a2ecfc0, RCX=0x00000000177e7800, RDX=0x000000001a2ecfc0
RSP=0x000000001898f530, RBP=0x0000000000fc75a0, RSI=0x0000000000000001, RDI=0x0000000000000000
R8 =0x0000000000010002, R9 =0x0000000000fc75a0, R10=0x0000000000000000, R11=0x0000000000000246
R12=0x0000000000fc75d0, R13=0x0000000000fc75a0, R14=0x0000000000fc75b0, R15=0x0000000000000000
RIP=0x000000005d95584a, EFLAGS=0x0000000000010206

Top of Stack: (sp=0x000000001898f530)
0x000000001898f530:   0000000000000000 000000005d955900
0x000000001898f540:   0000000000000000 0000000000fc75a0
0x000000001898f550:   000000005d955830 000000005d953224
0x000000001898f560:   000000005d9691b0 00007ffa02f7e4ba
0x000000001898f570:   0000000000000001 0000000000fecfc0
0x000000001898f580:   000000005d953384 000000005d930000
0x000000001898f590:   00007ffa183c31b0 000000005d9534a6
0x000000001898f5a0:   0000000000000001 00000000176f5400
0x000000001898f5b0:   0000000000000000 0000000000000000
0x000000001898f5c0:   c000000500000001 000000001898e690
0x000000001898f5d0:   000000005d953384 00007ffa1829a35f
0x000000001898f5e0:   0000000000000000 0000000000000001
0x000000001898f5f0:   000000005d930000 0000000000000000
0x000000001898f600:   0000837bf98a6865 0000000000fa8a90
0x000000001898f610:   00007ffa158c4200 0000000000f76200
0x000000001898f620:   0000000000f76200 0000000000fab670 

Instructions: (pc=0x000000005d95584a)
0x000000005d95582a:   83 c4 20 5d c3 cc 40 53 48 83 ec 20 48 8b 1d cb
0x000000005d95583a:   5b 01 00 48 85 db 74 1a e8 19 93 ff ff 48 8b d3
0x000000005d95584a:   4c 8b 00 48 8b c8 48 83 c4 20 5b 49 ff a0 b0 00
0x000000005d95585a:   00 00 48 83 c4 20 5b c3 cc cc cc cc cc cc cc cc 


Register to memory mapping:

RAX=0x0000000000000000 is an unknown value
RBX=0x000000001a2ecfc0 is a global jni handle
RCX=0x00000000177e7800 is an unknown value
RDX=0x000000001a2ecfc0 is a global jni handle
RSP=0x000000001898f530 is an unknown value
RBP=0x0000000000fc75a0 is an unknown value
RSI=0x0000000000000001 is an unknown value
RDI=0x0000000000000000 is an unknown value
R8 =0x0000000000010002 is an unknown value
R9 =0x0000000000fc75a0 is an unknown value
R10=0x0000000000000000 is an unknown value
R11=0x0000000000000246 is an unknown value
R12=0x0000000000fc75d0 is an unknown value
R13=0x0000000000fc75a0 is an unknown value
R14=0x0000000000fc75b0 is an unknown value
R15=0x0000000000000000 is an unknown value


Stack: [0x0000000018890000,0x0000000018990000],  sp=0x000000001898f530,  free space=1021k
Native frames: (J=compiled Java code, j=interpreted, Vv=VM code, C=native code)
C  [glass.dll+0x2584a]
C  [glass.dll+0x23224]
C  [glass.dll+0x234a6]
C  [ntdll.dll+0x2a35f]
C  [ntdll.dll+0x806b]
C  [ntdll.dll+0x7d94]
C  [KERNEL32.DLL+0x1ce6a]
C  [msvcr100.dll+0x20ccd]
V  [jvm.dll+0x212cb5]
V  [jvm.dll+0x24bd17]
V  [jvm.dll+0x24afb6]
V  [jvm.dll+0x24b487]
V  [jvm.dll+0x24b66e]
V  [jvm.dll+0x29c69a]
C  [msvcr100.dll+0x21d9f]
C  [msvcr100.dll+0x21e3b]
C  [KERNEL32.DLL+0x8364]
C  [ntdll.dll+0x670d1]

VM_Operation (0x0000000019c6ac20): Exit, mode: safepoint, requested by thread 0x000000001966d000


---------------  P R O C E S S  ---------------

Java Threads: ( => current thread )
  0x0000000020c71800 JavaThread "Glass/Prism Shutdown Hook" [_thread_blocked, id=5868, stack(0x0000000028c10000,0x0000000028d10000)]
  0x0000000020c75800 JavaThread "SessionValidationThread-1" daemon [_thread_blocked, id=12864, stack(0x0000000028a10000,0x0000000028b10000)]
  0x0000000020c6f800 JavaThread "TubeSockWriter-2" [_thread_blocked, id=14460, stack(0x00000000245c0000,0x00000000246c0000)]
  0x0000000020c74000 JavaThread "TubeSockReader-2" [_thread_in_native, id=9992, stack(0x00000000240c0000,0x00000000241c0000)]
  0x0000000020c6e800 JavaThread "pool-6-thread-1" [_thread_blocked, id=2648, stack(0x0000000022bf0000,0x0000000022cf0000)]
  0x000000001a35b000 JavaThread "Prism Font Disposer" daemon [_thread_blocked, id=16240, stack(0x00000000220f0000,0x00000000221f0000)]
  0x000000001a0ac000 JavaThread "FirebaseDatabaseEventTarget" daemon [_thread_blocked, id=6580, stack(0x000000001f000000,0x000000001f100000)]
  0x0000000019e5c000 JavaThread "FirebaseDatabaseWorker" daemon [_thread_blocked, id=2360, stack(0x000000001ec00000,0x000000001ed00000)]
  0x0000000019cd3000 JavaThread "JavaFX-Launcher" [_thread_blocked, id=4168, stack(0x000000001eb00000,0x000000001ec00000)]
  0x0000000019d56000 JavaThread "Thread-2" daemon [_thread_in_native, id=16204, stack(0x000000001ea00000,0x000000001eb00000)]
  0x000000001966d000 JavaThread "JavaFX Application Thread" [_thread_blocked, id=7388, stack(0x0000000019b70000,0x0000000019c70000)]
  0x0000000019652800 JavaThread "Thread-1" daemon [_thread_blocked, id=2060, stack(0x00000000199a0000,0x0000000019aa0000)]
  0x000000001963c800 JavaThread "QuantumRenderer-0" daemon [_thread_blocked, id=16048, stack(0x0000000019880000,0x0000000019980000)]
  0x00000000192b3000 JavaThread "Service Thread" daemon [_thread_blocked, id=14452, stack(0x0000000019680000,0x0000000019780000)]
  0x0000000017835000 JavaThread "C1 CompilerThread2" daemon [_thread_blocked, id=9412, stack(0x0000000019180000,0x0000000019280000)]
  0x0000000017823000 JavaThread "C2 CompilerThread1" daemon [_thread_blocked, id=6536, stack(0x0000000019080000,0x0000000019180000)]
  0x0000000017820800 JavaThread "C2 CompilerThread0" daemon [_thread_blocked, id=11484, stack(0x0000000018f80000,0x0000000019080000)]
  0x000000001781f000 JavaThread "Attach Listener" daemon [_thread_blocked, id=15852, stack(0x0000000018e80000,0x0000000018f80000)]
  0x000000001780a800 JavaThread "Finalizer" daemon [_thread_blocked, id=13984, stack(0x0000000018a90000,0x0000000018b90000)]
  0x0000000002c81000 JavaThread "Reference Handler" daemon [_thread_blocked, id=880, stack(0x0000000018990000,0x0000000018a90000)]
  0x0000000002b92800 JavaThread "main" [_thread_blocked, id=15688, stack(0x0000000002a90000,0x0000000002b90000)]

Other Threads:
=>0x00000000177e7800 VMThread [stack: 0x0000000018890000,0x0000000018990000] [id=15700]

VM state:at safepoint (shutting down)

VM Mutex/Monitor currently owned by a thread:  ([mutex/lock_event])
[0x0000000000f7dd20] Threads_lock - owner thread: 0x00000000177e7800

Heap:
 PSYoungGen      total 82944K, used 15820K [0x00000000d5b00000, 0x00000000ddf00000, 0x0000000100000000)
  eden space 67584K, 0% used [0x00000000d5b00000,0x00000000d5b79098,0x00000000d9d00000)
  from space 15360K, 99% used [0x00000000d9d00000,0x00000000dabfa090,0x00000000dac00000)
  to   space 22528K, 0% used [0x00000000dc900000,0x00000000dc900000,0x00000000ddf00000)
 ParOldGen       total 78336K, used 24051K [0x0000000081000000, 0x0000000085c80000, 0x00000000d5b00000)
  object space 78336K, 30% used [0x0000000081000000,0x000000008277cea8,0x0000000085c80000)
 Metaspace       used 32065K, capacity 34158K, committed 34432K, reserved 1079296K
  class space    used 4507K, capacity 4873K, committed 4992K, reserved 1048576K

Card table byte_map: [0x0000000012050000,0x0000000012450000] byte_map_base: 0x0000000011c48000

Marking Bits: (ParMarkBitMap*) 0x000000005ebab6d0
 Begin Bits: [0x0000000012b00000, 0x0000000014ac0000)
 End Bits:   [0x0000000014ac0000, 0x0000000016a80000)

Polling page: 0x0000000000bf0000

CodeCache: size=245760Kb used=15114Kb max_used=17022Kb free=230645Kb
 bounds [0x0000000002c90000, 0x0000000003d40000, 0x0000000011c90000]
 total_blobs=5724 nmethods=4952 adapters=681
 compilation: enabled

Compilation events (10 events):
Event: 76.765 Thread 0x0000000017820800 nmethod 5589 0x0000000002f9db50 code [0x0000000002f9dca0, 0x0000000002f9de18]
Event: 76.838 Thread 0x0000000017835000 5590       3       com.sun.scenario.effect.ImageData::unref (103 bytes)
Event: 76.840 Thread 0x0000000017835000 nmethod 5590 0x0000000002e02390 code [0x0000000002e02580, 0x0000000002e02e68]
Event: 77.087 Thread 0x0000000017835000 5591       3       java.util.logging.LogManager::access$100 (4 bytes)
Event: 77.087 Thread 0x0000000017835000 nmethod 5591 0x00000000033a7d10 code [0x00000000033a7e60, 0x00000000033a7f90]
Event: 77.087 Thread 0x0000000017835000 5593       3       java.util.Hashtable$Enumerator::nextElement (111 bytes)
Event: 77.088 Thread 0x0000000017835000 nmethod 5593 0x0000000002f652d0 code [0x0000000002f65460, 0x0000000002f658c8]
Event: 77.088 Thread 0x0000000017835000 5592       3       java.util.logging.LogManager$LoggerContext::requiresDefaultLoggers (29 bytes)
Event: 77.088 Thread 0x0000000017835000 nmethod 5592 0x000000000308e310 code [0x000000000308e480, 0x000000000308e8a8]
Event: 77.088 Thread 0x0000000017835000 5594       3       sun.misc.Unsafe::getAndAddLong (27 bytes)

GC Heap History (10 events):
Event: 1.493 GC heap before
{Heap before GC invocations=4 (full 1):
 PSYoungGen      total 38400K, used 5088K [0x00000000d5b00000, 0x00000000da600000, 0x0000000100000000)
  eden space 33280K, 0% used [0x00000000d5b00000,0x00000000d5b00000,0x00000000d7b80000)
  from space 5120K, 99% used [0x00000000d7b80000,0x00000000d80780c0,0x00000000d8080000)
  to   space 5120K, 0% used [0x00000000da100000,0x00000000da100000,0x00000000da600000)
 ParOldGen       total 87552K, used 11794K [0x0000000081000000, 0x0000000086580000, 0x00000000d5b00000)
  object space 87552K, 13% used [0x0000000081000000,0x0000000081b848b0,0x0000000086580000)
 Metaspace       used 20436K, capacity 21082K, committed 21248K, reserved 1067008K
  class space    used 2780K, capacity 2949K, committed 3072K, reserved 1048576K
Event: 1.533 GC heap after
Heap after GC invocations=4 (full 1):
 PSYoungGen      total 38400K, used 0K [0x00000000d5b00000, 0x00000000da600000, 0x0000000100000000)
  eden space 33280K, 0% used [0x00000000d5b00000,0x00000000d5b00000,0x00000000d7b80000)
  from space 5120K, 0% used [0x00000000d7b80000,0x00000000d7b80000,0x00000000d8080000)
  to   space 5120K, 0% used [0x00000000da100000,0x00000000da100000,0x00000000da600000)
 ParOldGen       total 78336K, used 15860K [0x0000000081000000, 0x0000000085c80000, 0x00000000d5b00000)
  object space 78336K, 20% used [0x0000000081000000,0x0000000081f7d3c8,0x0000000085c80000)
 Metaspace       used 20436K, capacity 21082K, committed 21248K, reserved 1067008K
  class space    used 2780K, capacity 2949K, committed 3072K, reserved 1048576K
}
Event: 1.832 GC heap before
{Heap before GC invocations=5 (full 1):
 PSYoungGen      total 38400K, used 33280K [0x00000000d5b00000, 0x00000000da600000, 0x0000000100000000)
  eden space 33280K, 100% used [0x00000000d5b00000,0x00000000d7b80000,0x00000000d7b80000)
  from space 5120K, 0% used [0x00000000d7b80000,0x00000000d7b80000,0x00000000d8080000)
  to   space 5120K, 0% used [0x00000000da100000,0x00000000da100000,0x00000000da600000)
 ParOldGen       total 78336K, used 15860K [0x0000000081000000, 0x0000000085c80000, 0x00000000d5b00000)
  object space 78336K, 20% used [0x0000000081000000,0x0000000081f7d3c8,0x0000000085c80000)
 Metaspace       used 23261K, capacity 24254K, committed 24448K, reserved 1071104K
  class space    used 3229K, capacity 3435K, committed 3456K, reserved 1048576K
Event: 1.837 GC heap after
Heap after GC invocations=5 (full 1):
 PSYoungGen      total 50688K, used 2860K [0x00000000d5b00000, 0x00000000da400000, 0x0000000100000000)
  eden space 47616K, 0% used [0x00000000d5b00000,0x00000000d5b00000,0x00000000d8980000)
  from space 3072K, 93% used [0x00000000da100000,0x00000000da3cb100,0x00000000da400000)
  to   space 5120K, 0% used [0x00000000d9a00000,0x00000000d9a00000,0x00000000d9f00000)
 ParOldGen       total 78336K, used 15868K [0x0000000081000000, 0x0000000085c80000, 0x00000000d5b00000)
  object space 78336K, 20% used [0x0000000081000000,0x0000000081f7f3c8,0x0000000085c80000)
 Metaspace       used 23261K, capacity 24254K, committed 24448K, reserved 1071104K
  class space    used 3229K, capacity 3435K, committed 3456K, reserved 1048576K
}
Event: 2.249 GC heap before
{Heap before GC invocations=6 (full 1):
 PSYoungGen      total 50688K, used 50476K [0x00000000d5b00000, 0x00000000da400000, 0x0000000100000000)
  eden space 47616K, 100% used [0x00000000d5b00000,0x00000000d8980000,0x00000000d8980000)
  from space 3072K, 93% used [0x00000000da100000,0x00000000da3cb100,0x00000000da400000)
  to   space 5120K, 0% used [0x00000000d9a00000,0x00000000d9a00000,0x00000000d9f00000)
 ParOldGen       total 78336K, used 15868K [0x0000000081000000, 0x0000000085c80000, 0x00000000d5b00000)
  object space 78336K, 20% used [0x0000000081000000,0x0000000081f7f3c8,0x0000000085c80000)
 Metaspace       used 24098K, capacity 25202K, committed 25472K, reserved 1071104K
  class space    used 3392K, capacity 3601K, committed 3712K, reserved 1048576K
Event: 2.258 GC heap after
Heap after GC invocations=6 (full 1):
 PSYoungGen      total 69632K, used 3319K [0x00000000d5b00000, 0x00000000dbb00000, 0x0000000100000000)
  eden space 64512K, 0% used [0x00000000d5b00000,0x00000000d5b00000,0x00000000d9a00000)
  from space 5120K, 64% used [0x00000000d9a00000,0x00000000d9d3dfc0,0x00000000d9f00000)
  to   space 15360K, 0% used [0x00000000dac00000,0x00000000dac00000,0x00000000dbb00000)
 ParOldGen       total 78336K, used 15876K [0x0000000081000000, 0x0000000085c80000, 0x00000000d5b00000)
  object space 78336K, 20% used [0x0000000081000000,0x0000000081f813c8,0x0000000085c80000)
 Metaspace       used 24098K, capacity 25202K, committed 25472K, reserved 1071104K
  class space    used 3392K, capacity 3601K, committed 3712K, reserved 1048576K
}
Event: 3.182 GC heap before
{Heap before GC invocations=7 (full 1):
 PSYoungGen      total 69632K, used 67831K [0x00000000d5b00000, 0x00000000dbb00000, 0x0000000100000000)
  eden space 64512K, 100% used [0x00000000d5b00000,0x00000000d9a00000,0x00000000d9a00000)
  from space 5120K, 64% used [0x00000000d9a00000,0x00000000d9d3dfc0,0x00000000d9f00000)
  to   space 15360K, 0% used [0x00000000dac00000,0x00000000dac00000,0x00000000dbb00000)
 ParOldGen       total 78336K, used 15876K [0x0000000081000000, 0x0000000085c80000, 0x00000000d5b00000)
  object space 78336K, 20% used [0x0000000081000000,0x0000000081f813c8,0x0000000085c80000)
 Metaspace       used 27799K, capacity 29666K, committed 29824K, reserved 1075200K
  class space    used 4045K, capacity 4375K, committed 4480K, reserved 1048576K
Event: 3.194 GC heap after
Heap after GC invocations=7 (full 1):
 PSYoungGen      total 82944K, used 9387K [0x00000000d5b00000, 0x00000000dd100000, 0x0000000100000000)
  eden space 67584K, 0% used [0x00000000d5b00000,0x00000000d5b00000,0x00000000d9d00000)
  from space 15360K, 61% used [0x00000000dac00000,0x00000000db52ae10,0x00000000dbb00000)
  to   space 15360K, 0% used [0x00000000d9d00000,0x00000000d9d00000,0x00000000dac00000)
 ParOldGen       total 78336K, used 15884K [0x0000000081000000, 0x0000000085c80000, 0x00000000d5b00000)
  object space 78336K, 20% used [0x0000000081000000,0x0000000081f833c8,0x0000000085c80000)
 Metaspace       used 27799K, capacity 29666K, committed 29824K, reserved 1075200K
  class space    used 4045K, capacity 4375K, committed 4480K, reserved 1048576K
}
Event: 77.040 GC heap before
{Heap before GC invocations=8 (full 1):
 PSYoungGen      total 82944K, used 76971K [0x00000000d5b00000, 0x00000000dd100000, 0x0000000100000000)
  eden space 67584K, 100% used [0x00000000d5b00000,0x00000000d9d00000,0x00000000d9d00000)
  from space 15360K, 61% used [0x00000000dac00000,0x00000000db52ae10,0x00000000dbb00000)
  to   space 15360K, 0% used [0x00000000d9d00000,0x00000000d9d00000,0x00000000dac00000)
 ParOldGen       total 78336K, used 15884K [0x0000000081000000, 0x0000000085c80000, 0x00000000d5b00000)
  object space 78336K, 20% used [0x0000000081000000,0x0000000081f833c8,0x0000000085c80000)
 Metaspace       used 32058K, capacity 34146K, committed 34432K, reserved 1079296K
  class space    used 4506K, capacity 4871K, committed 4992K, reserved 1048576K
Event: 77.087 GC heap after
Heap after GC invocations=8 (full 1):
 PSYoungGen      total 82944K, used 15336K [0x00000000d5b00000, 0x00000000ddf00000, 0x0000000100000000)
  eden space 67584K, 0% used [0x00000000d5b00000,0x00000000d5b00000,0x00000000d9d00000)
  from space 15360K, 99% used [0x00000000d9d00000,0x00000000dabfa090,0x00000000dac00000)
  to   space 22528K, 0% used [0x00000000dc900000,0x00000000dc900000,0x00000000ddf00000)
 ParOldGen       total 78336K, used 24051K [0x0000000081000000, 0x0000000085c80000, 0x00000000d5b00000)
  object space 78336K, 30% used [0x0000000081000000,0x000000008277cea8,0x0000000085c80000)
 Metaspace       used 32058K, capacity 34146K, committed 34432K, reserved 1079296K
  class space    used 4506K, capacity 4871K, committed 4992K, reserved 1048576K
}

Deoptimization events (10 events):
Event: 3.994 Thread 0x000000001966d000 Uncommon trap: reason=unstable_if action=reinterpret pc=0x0000000003920c40 method=javafx.scene.CssStyleHelper.getStyle(Ljavafx/css/Styleable;Ljava/lang/String;Lcom/sun/javafx/css/StyleMap;Ljava/util/Set;)Lcom/sun/javafx/css/CascadingStyle; @ 1
Event: 3.997 Thread 0x000000001966d000 Uncommon trap: reason=unstable_if action=reinterpret pc=0x00000000039a7fec method=java.lang.StrictMath.floorOrCeil(DDDD)D @ 24
Event: 4.010 Thread 0x000000001966d000 Uncommon trap: reason=unstable_if action=reinterpret pc=0x00000000034d3504 method=java.util.EnumMap.isValidKey(Ljava/lang/Object;)Z @ 16
Event: 4.012 Thread 0x000000001966d000 Uncommon trap: reason=unstable_if action=reinterpret pc=0x00000000034ba1dc method=java.util.EnumMap.isValidKey(Ljava/lang/Object;)Z @ 16
Event: 4.012 Thread 0x000000001966d000 Uncommon trap: reason=unstable_if action=reinterpret pc=0x0000000003930a9c method=javafx.scene.Node.impl_isDirtyEmpty()Z @ 4
Event: 4.056 Thread 0x000000001966d000 Uncommon trap: reason=unstable_if action=reinterpret pc=0x00000000038e0294 method=javafx.scene.Node.markDirtyLayoutBranch()V @ 16
Event: 4.065 Thread 0x000000001966d000 Uncommon trap: reason=unstable_if action=reinterpret pc=0x0000000003281ca8 method=jdk.internal.org.objectweb.asm.Type.getArgumentsAndReturnSizes(Ljava/lang/String;)I @ 47
Event: 7.748 Thread 0x000000001966d000 Uncommon trap: reason=unstable_if action=reinterpret pc=0x0000000002e734c0 method=java.lang.CharacterData.of(I)Ljava/lang/CharacterData; @ 4
Event: 8.534 Thread 0x000000001966d000 Uncommon trap: reason=class_check action=maybe_recompile pc=0x0000000003ac4260 method=javafx.scene.Node.updateLocalToParentTransform()V @ 11
Event: 22.965 Thread 0x000000001966d000 Uncommon trap: reason=unstable_if action=reinterpret pc=0x0000000003d2f0e4 method=javafx.scene.Node.updateBounds()V @ 47

Internal exceptions (10 events):
Event: 3.922 Thread 0x000000001966d000 Exception <a 'java/lang/ClassNotFoundException': org/apache/shiro/realm/AuthorizingRealmCustomizer> (0x00000000d76ef1c8) thrown at [C:\re\workspace\8-2-build-windows-amd64-cygwin\jdk8u121\8372\hotspot\src\share\vm\classfile\systemDictionary.cpp, line 210]
Event: 3.928 Thread 0x000000001966d000 Exception <a 'java/lang/ClassNotFoundException': org/apache/shiro/realm/SimpleAccountRealmCustomizer> (0x00000000d7726510) thrown at [C:\re\workspace\8-2-build-windows-amd64-cygwin\jdk8u121\8372\hotspot\src\share\vm\classfile\systemDictionary.cpp, line 21
Event: 3.930 Thread 0x000000001966d000 Exception <a 'java/lang/ClassNotFoundException': org/apache/shiro/realm/text/TextConfigurationRealmCustomizer> (0x00000000d773c228) thrown at [C:\re\workspace\8-2-build-windows-amd64-cygwin\jdk8u121\8372\hotspot\src\share\vm\classfile\systemDictionary.cpp
Event: 3.931 Thread 0x000000001966d000 Exception <a 'java/lang/ClassNotFoundException': org/apache/shiro/realm/text/IniRealmCustomizer> (0x00000000d77533e0) thrown at [C:\re\workspace\8-2-build-windows-amd64-cygwin\jdk8u121\8372\hotspot\src\share\vm\classfile\systemDictionary.cpp, line 210]
Event: 3.994 Thread 0x000000001966d000 Implicit null exception at 0x000000000391dcbd to 0x0000000003920c29
Event: 17.777 Thread 0x000000001966d000 Exception <a 'java/lang/reflect/InvocationTargetException'> (0x00000000d990f448) thrown at [C:\re\workspace\8-2-build-windows-amd64-cygwin\jdk8u121\8372\hotspot\src\share\vm\runtime\reflection.cpp, line 1092]
Event: 17.777 Thread 0x000000001966d000 Exception <a 'java/lang/RuntimeException'> (0x00000000d9910008) thrown at [C:\re\workspace\8-2-build-windows-amd64-cygwin\jdk8u121\8372\hotspot\src\share\vm\prims\jvm.cpp, line 1394]
Event: 19.672 Thread 0x000000001966d000 Exception <a 'java/lang/reflect/InvocationTargetException'> (0x00000000d9966c98) thrown at [C:\re\workspace\8-2-build-windows-amd64-cygwin\jdk8u121\8372\hotspot\src\share\vm\runtime\reflection.cpp, line 1092]
Event: 19.672 Thread 0x000000001966d000 Exception <a 'java/lang/RuntimeException'> (0x00000000d9967858) thrown at [C:\re\workspace\8-2-build-windows-amd64-cygwin\jdk8u121\8372\hotspot\src\share\vm\prims\jvm.cpp, line 1394]
Event: 77.088 Thread 0x0000000020c71800 Exception <a 'java/lang/IllegalStateException'> (0x00000000d5b06328) thrown at [C:\re\workspace\8-2-build-windows-amd64-cygwin\jdk8u121\8372\hotspot\src\share\vm\prims\jvm.cpp, line 1394]

Events (10 events):
Event: 77.039 Thread 0x0000000020c71800 Thread added: 0x0000000020c71800
Event: 77.040 Executing VM operation: ParallelGCFailedAllocation
Event: 77.087 Executing VM operation: ParallelGCFailedAllocation done
Event: 77.087 loading class com/sun/javafx/tk/quantum/QuantumRenderer
Event: 77.087 loading class com/sun/javafx/tk/quantum/QuantumRenderer done
Event: 77.087 Thread 0x0000000020c71000 Thread exited: 0x0000000020c71000
Event: 77.088 loading class com/sun/javafx/tk/quantum/QuantumToolkit
Event: 77.088 loading class com/sun/javafx/tk/quantum/QuantumToolkit done
Event: 77.088 Thread 0x000000001781d800 Thread exited: 0x000000001781d800
Event: 77.088 Executing VM operation: RevokeBias


Dynamic libraries:
0x00007ff74c050000 - 0x00007ff74c087000 	C:\Program Files\Java\jdk1.8.0_121\bin\javaw.exe
0x00007ffa18270000 - 0x00007ffa18441000 	C:\WINDOWS\SYSTEM32\ntdll.dll
0x00007ffa15ab0000 - 0x00007ffa15b5c000 	C:\WINDOWS\System32\KERNEL32.DLL
0x00007ffa14980000 - 0x00007ffa14b9d000 	C:\WINDOWS\System32\KERNELBASE.dll
0x00007ffa16b10000 - 0x00007ffa16bb2000 	C:\WINDOWS\System32\ADVAPI32.dll
0x00007ffa181d0000 - 0x00007ffa1826e000 	C:\WINDOWS\System32\msvcrt.dll
0x00007ffa169f0000 - 0x00007ffa16a49000 	C:\WINDOWS\System32\sechost.dll
0x00007ffa16090000 - 0x00007ffa161b1000 	C:\WINDOWS\System32\RPCRT4.dll
0x00007ffa15bc0000 - 0x00007ffa15d25000 	C:\WINDOWS\System32\USER32.dll
0x00007ffa14ba0000 - 0x00007ffa14bbe000 	C:\WINDOWS\System32\win32u.dll
0x00007ffa16000000 - 0x00007ffa16034000 	C:\WINDOWS\System32\GDI32.dll
0x00007ffa15670000 - 0x00007ffa157f2000 	C:\WINDOWS\System32\gdi32full.dll
0x00007ffa0da40000 - 0x00007ffa0dcba000 	C:\WINDOWS\WinSxS\amd64_microsoft.windows.common-controls_6595b64144ccf1df_6.0.14393.953_none_42151e83c686086b\COMCTL32.dll
0x00007ffa15d30000 - 0x00007ffa15ff8000 	C:\WINDOWS\System32\combase.dll
0x00007ffa14760000 - 0x00007ffa14855000 	C:\WINDOWS\System32\ucrtbase.dll
0x00007ffa14910000 - 0x00007ffa1497a000 	C:\WINDOWS\System32\bcryptPrimitives.dll
0x00007ffa16060000 - 0x00007ffa1608e000 	C:\WINDOWS\System32\IMM32.DLL
0x000000005d9b0000 - 0x000000005da82000 	C:\Program Files\Java\jdk1.8.0_121\jre\bin\msvcr100.dll
0x000000005e390000 - 0x000000005ec2b000 	C:\Program Files\Java\jdk1.8.0_121\jre\bin\server\jvm.dll
0x00007ffa16040000 - 0x00007ffa16048000 	C:\WINDOWS\System32\PSAPI.DLL
0x00007ffa07c30000 - 0x00007ffa07c39000 	C:\WINDOWS\SYSTEM32\WSOCK32.dll
0x00007ffa16970000 - 0x00007ffa169da000 	C:\WINDOWS\System32\WS2_32.dll
0x00007ffa128d0000 - 0x00007ffa128f3000 	C:\WINDOWS\SYSTEM32\WINMM.dll
0x00007ffa09a10000 - 0x00007ffa09a1a000 	C:\WINDOWS\SYSTEM32\VERSION.dll
0x00007ffa12870000 - 0x00007ffa1289b000 	C:\WINDOWS\SYSTEM32\WINMMBASE.dll
0x00007ffa14c60000 - 0x00007ffa14ca2000 	C:\WINDOWS\System32\cfgmgr32.dll
0x000000005e380000 - 0x000000005e38f000 	C:\Program Files\Java\jdk1.8.0_121\jre\bin\verify.dll
0x000000005e350000 - 0x000000005e379000 	C:\Program Files\Java\jdk1.8.0_121\jre\bin\java.dll
0x000000005e330000 - 0x000000005e346000 	C:\Program Files\Java\jdk1.8.0_121\jre\bin\zip.dll
0x00007ffa16cc0000 - 0x00007ffa181c8000 	C:\WINDOWS\System32\SHELL32.dll
0x00007ffa14f90000 - 0x00007ffa1566a000 	C:\WINDOWS\System32\windows.storage.dll
0x00007ffa146e0000 - 0x00007ffa1472c000 	C:\WINDOWS\System32\powrprof.dll
0x00007ffa15b60000 - 0x00007ffa15bb2000 	C:\WINDOWS\System32\shlwapi.dll
0x00007ffa14730000 - 0x00007ffa1473f000 	C:\WINDOWS\System32\kernel.appcore.dll
0x00007ffa14ee0000 - 0x00007ffa14f89000 	C:\WINDOWS\System32\shcore.dll
0x00007ffa14740000 - 0x00007ffa14754000 	C:\WINDOWS\System32\profapi.dll
0x00007ff9ef760000 - 0x00007ff9ef84f000 	C:\Program Files\Java\jdk1.8.0_121\jre\bin\msvcr120.dll
0x00007ff9df590000 - 0x00007ff9df636000 	C:\Program Files\Java\jdk1.8.0_121\jre\bin\msvcp120.dll
0x000000005d980000 - 0x000000005d9a2000 	C:\Program Files\Java\jdk1.8.0_121\jre\bin\prism_d3d.dll
0x00007ff9e4300000 - 0x00007ff9e448d000 	C:\WINDOWS\system32\d3d9.dll
0x00007ffa11d40000 - 0x00007ffa11d66000 	C:\WINDOWS\SYSTEM32\dwmapi.dll
0x00007ffa12e10000 - 0x00007ffa12ea5000 	C:\WINDOWS\system32\uxtheme.dll
0x00007ff9cb4f0000 - 0x00007ff9cda2d000 	C:\WINDOWS\SYSTEM32\igdumdim64.dll
0x00007ffa16a50000 - 0x00007ffa16b0f000 	C:\WINDOWS\System32\OLEAUT32.dll
0x00007ffa14bc0000 - 0x00007ffa14c5c000 	C:\WINDOWS\System32\msvcp_win.dll
0x00007ffa161c0000 - 0x00007ffa162f8000 	C:\WINDOWS\System32\ole32.dll
0x00007ffa164a0000 - 0x00007ffa168c9000 	C:\WINDOWS\System32\SETUPAPI.dll
0x000000005d930000 - 0x000000005d973000 	C:\Program Files\Java\jdk1.8.0_121\jre\bin\glass.dll
0x00007ffa16bc0000 - 0x00007ffa16cba000 	C:\WINDOWS\System32\COMDLG32.dll
0x00007ffa15880000 - 0x00007ffa159da000 	C:\WINDOWS\System32\MSCTF.dll
0x00007ffa0bf10000 - 0x00007ffa0c950000 	C:\WINDOWS\SYSTEM32\igdusc64.dll
0x00007ffa14140000 - 0x00007ffa14157000 	C:\WINDOWS\SYSTEM32\CRYPTSP.dll
0x00007ffa13ba0000 - 0x00007ffa13bd3000 	C:\WINDOWS\system32\rsaenh.dll
0x00007ffa14620000 - 0x00007ffa1464b000 	C:\WINDOWS\SYSTEM32\bcrypt.dll
0x00007ffa13e20000 - 0x00007ffa13e3f000 	C:\WINDOWS\SYSTEM32\USERENV.dll
0x00007ffa14160000 - 0x00007ffa1416b000 	C:\WINDOWS\SYSTEM32\CRYPTBASE.dll
0x000000005e310000 - 0x000000005e32a000 	C:\Program Files\Java\jdk1.8.0_121\jre\bin\net.dll
0x00007ffa13fa0000 - 0x00007ffa13ffc000 	C:\WINDOWS\system32\mswsock.dll
0x00007ffa13d20000 - 0x00007ffa13d58000 	C:\WINDOWS\SYSTEM32\IPHLPAPI.DLL
0x00007ffa16050000 - 0x00007ffa16058000 	C:\WINDOWS\System32\NSI.dll
0x00007ffa0f930000 - 0x00007ffa0f946000 	C:\WINDOWS\SYSTEM32\dhcpcsvc6.DLL
0x00007ffa0f910000 - 0x00007ffa0f92a000 	C:\WINDOWS\SYSTEM32\dhcpcsvc.DLL
0x000000005d910000 - 0x000000005d924000 	C:\Program Files\Java\jdk1.8.0_121\jre\bin\javafx_font.dll
0x00007ffa09210000 - 0x00007ffa09479000 	C:\WINDOWS\SYSTEM32\dwrite.dll
0x000000005e2f0000 - 0x000000005e301000 	C:\Program Files\Java\jdk1.8.0_121\jre\bin\nio.dll
0x000000005d5f0000 - 0x000000005d614000 	C:\Program Files\Java\jdk1.8.0_121\jre\bin\sunec.dll
0x000000005e2e0000 - 0x000000005e2eb000 	C:\Program Files\Java\jdk1.8.0_121\jre\bin\sunmscapi.dll
0x00007ffa14cb0000 - 0x00007ffa14e79000 	C:\WINDOWS\System32\CRYPT32.dll
0x00007ffa146d0000 - 0x00007ffa146e0000 	C:\WINDOWS\System32\MSASN1.dll
0x00007ffa13d60000 - 0x00007ffa13e01000 	C:\WINDOWS\SYSTEM32\DNSAPI.dll
0x000000005f500000 - 0x000000005f526000 	C:\Program Files\Bonjour\mdnsNSP.dll
0x00007ffa08800000 - 0x00007ffa0880a000 	C:\Windows\System32\rasadhlp.dll
0x00007ffa0de50000 - 0x00007ffa0deba000 	C:\WINDOWS\System32\fwpuclnt.dll
0x00007ffa168d0000 - 0x00007ffa1696f000 	C:\WINDOWS\System32\clbcatq.dll
0x00007ffa108c0000 - 0x00007ffa10a68000 	C:\WINDOWS\SYSTEM32\WindowsCodecs.dll
0x00007ff9fa290000 - 0x00007ff9fa2d9000 	C:\WINDOWS\system32\dataexchange.dll
0x00007ffa11d70000 - 0x00007ffa12026000 	C:\WINDOWS\system32\d3d11.dll
0x00007ffa12470000 - 0x00007ffa125c1000 	C:\WINDOWS\system32\dcomp.dll
0x00007ffa13650000 - 0x00007ffa136ef000 	C:\WINDOWS\system32\dxgi.dll
0x00007ffa130f0000 - 0x00007ffa1320c000 	C:\WINDOWS\system32\twinapi.appcore.dll
0x00007ffa02a50000 - 0x00007ffa02a82000 	C:\Program Files\Common Files\Microsoft Shared\Ink\rtscom.dll
0x000000005d8e0000 - 0x000000005d903000 	C:\Program Files\Java\jdk1.8.0_121\jre\bin\javafx_iio.dll
0x000000005d8c0000 - 0x000000005d8d1000 	C:\Program Files\Java\jdk1.8.0_121\jre\bin\prism_common.dll
0x00007ffa07cd0000 - 0x00007ffa07e62000 	C:\WINDOWS\SYSTEM32\dbghelp.dll

VM Arguments:
jvm_args: -Dfile.encoding=UTF-8 
java_command: com.jeeves.vpl.Main
java_class_path (initial): C:\Users\Daniel\workspace\JeevesMaven\target\classes;C:\Users\Daniel\workspace\JeevesMaven\poi-3.15.jar;C:\Users\Daniel\workspace\JeevesMaven\commons-lang3-3.5.jar;C:\Users\Daniel\workspace\JeevesMaven\controlsfx-8.40.12.jar;C:\Users\Daniel\.m2\repository\org\apache\shiro\shiro-core\1.3.2\shiro-core-1.3.2.jar;C:\Users\Daniel\.m2\repository\org\slf4j\slf4j-api\1.6.4\slf4j-api-1.6.4.jar;C:\Users\Daniel\.m2\repository\commons-beanutils\commons-beanutils\1.8.3\commons-beanutils-1.8.3.jar;C:\Users\Daniel\.m2\repository\com\google\firebase\firebase-admin\5.1.0\firebase-admin-5.1.0.jar;C:\Users\Daniel\.m2\repository\com\google\api-client\google-api-client\1.22.0\google-api-client-1.22.0.jar;C:\Users\Daniel\.m2\repository\com\google\oauth-client\google-oauth-client\1.22.0\google-oauth-client-1.22.0.jar;C:\Users\Daniel\.m2\repository\com\google\http-client\google-http-client-jackson2\1.22.0\google-http-client-jackson2-1.22.0.jar;C:\Users\Daniel\.m2\repository\com\fasterxml\jackson\core\jackson-core\2.1.3\jackson-core-2.1.3.jar;C:\Users\Daniel\.m2\repository\com\google\api-client\google-api-client-gson\1.22.0\google-api-client-gson-1.22.0.jar;C:\Users\Daniel\.m2\repository\com\google\http-client\google-http-client-gson\1.22.0\google-http-client-gson-1.22.0.jar;C:\Users\Daniel\.m2\repository\com\google\code\gson\gson\2.1\gson-2.1.jar;C:\Users\Daniel\.m2\repository\com\google\http-client\google-http-client\1.22.0\google-http-client-1.22.0.jar;C:\Users\Daniel\.m2\repository\com\google\code\findbugs\jsr305\1.3.9\jsr305-1.3.9.jar;C:\Users\Daniel\.m2\repository\org\apache\httpcomponents\httpclient\4.0.1\httpclient-4.0.1.jar;C:\Users\Daniel\.m2\repository\org\apache\httpcomponents\httpcore\4.0.1\httpcore-4.0.1.jar;C:\Users\Daniel\.m2\repository\commons-logging\commons-logging\1.1.1\commons-logging-1.1.1.jar;C:\Users\Daniel\.m2\repository\commons-codec\commons-codec\1.3\commons-codec-1.3.jar;C:\Users\Daniel\.m2\repository\org\json\json\20160810\json-20160
Launcher Type: SUN_STANDARD

Environment Variables:
JAVA_HOME=C:\Program Files\Java\jdk1.8.0_121
CLASSPATH=.
USERNAME=Daniel
OS=Windows_NT
PROCESSOR_IDENTIFIER=Intel64 Family 6 Model 69 Stepping 1, GenuineIntel



---------------  S Y S T E M  ---------------

OS: Windows 10.0 , 64 bit Build 14393 (10.0.14393.1198)

CPU:total 4 (2 cores per cpu, 2 threads per core) family 6 model 69 stepping 1, cmov, cx8, fxsr, mmx, sse, sse2, sse3, ssse3, sse4.1, sse4.2, popcnt, avx, avx2, aes, clmul, erms, lzcnt, ht, tsc, tscinvbit, bmi1, bmi2

Memory: 4k page, physical 8317080k(2230152k free), swap 15469568k(5507488k free)

vm_info: Java HotSpot(TM) 64-Bit Server VM (25.121-b13) for windows-amd64 JRE (1.8.0_121-b13), built on Dec 12 2016 18:21:36 by "java_re" with MS VC++ 10.0 (VS2010)

time: Fri Jun 09 16:14:49 2017
elapsed time: 77 seconds (0d 0h 1m 17s)

