#
# A fatal error has been detected by the Java Runtime Environment:
#
#  EXCEPTION_ACCESS_VIOLATION (0xc0000005) at pc=0x000000005d5c78b0, pid=20444, tid=0x0000000000004fa8
#
# JRE version: Java(TM) SE Runtime Environment (8.0_161-b12) (build 1.8.0_161-b12)
# Java VM: Java HotSpot(TM) 64-Bit Server VM (25.161-b12 mixed mode windows-amd64 compressed oops)
# Problematic frame:
# C  [glass.dll+0x278b0]
#
# Failed to write core dump. Minidumps are not enabled by default on client versions of Windows
#
# If you would like to submit a bug report, please visit:
#   http://bugreport.java.com/bugreport/crash.jsp
#

---------------  T H R E A D  ---------------

Current thread (0x00000000172b7000):  VMThread [stack: 0x0000000018340000,0x0000000018440000] [id=20392]

siginfo: ExceptionCode=0xc0000005, reading address 0x0000000000000000

Registers:
RAX=0x0000000000000000, RBX=0x0000000018da0cd0, RCX=0x00000000172b7000, RDX=0x000000005de1dc78
RSP=0x000000001843f080, RBP=0x0000000000895378, RSI=0x0000000000895350, RDI=0x00002fec229afb5a
R8 =0x0000000000010002, R9 =0x000000000000001a, R10=0x00002fec229afb5a, R11=0x000000001843ef90
R12=0x0000000000000000, R13=0x0000000000000040, R14=0x000000001843f198, R15=0x0000000000895350
RIP=0x000000005d5c78b0, EFLAGS=0x0000000000010206

Top of Stack: (sp=0x000000001843f080)
0x000000001843f080:   0000000000000000 00007ffd6a2888db
0x000000001843f090:   0000000000895360 0000000000895360
0x000000001843f0a0:   fffffffffffffffe 000000005d5dc1b0
0x000000001843f0b0:   0000000000895358 00007ffd6a28fcb3
0x000000001843f0c0:   0000000000895370 00007ffd00000000
0x000000001843f0d0:   0000c9e5f8dfd719 0000000000000000
0x000000001843f0e0:   fffffffffffffffe 00007ffd6a28fb5d
0x000000001843f0f0:   0000000000000001 000000005d5a0000
0x000000001843f100:   00000000026f1638 000000005d5c48dc
0x000000001843f110:   000000001843f188 00007ffd6a28f967
0x000000001843f120:   0000000000000000 000000001843f198
0x000000001843f130:   00000000171c5400 00007ffd6a36a080
0x000000001843f140:   0000000000000000 00007ffd6a28f924
0x000000001843f150:   0000000000000000 0000000000000001
0x000000001843f160:   0000000021480560 000000001843f188
0x000000001843f170:   0000000000000000 000000005d5c4752 

Instructions: (pc=0x000000005d5c78b0)
0x000000005d5c7890:   40 53 48 83 ec 30 48 c7 44 24 20 fe ff ff ff 48
0x000000005d5c78a0:   8b 1d 7a 72 01 00 48 85 db 74 16 e8 00 81 ff ff
0x000000005d5c78b0:   4c 8b 00 48 8b d3 48 8b c8 41 ff 90 b0 00 00 00
0x000000005d5c78c0:   90 48 83 c4 30 5b c3 cc cc cc cc cc cc cc cc cc 


Register to memory mapping:

RAX=0x0000000000000000 is an unknown value
RBX=0x0000000018da0cd0 is a global jni handle
RCX=0x00000000172b7000 is an unknown value
RDX=0x000000005de1dc78 is an unknown value
RSP=0x000000001843f080 is an unknown value
RBP=0x0000000000895378 is an unknown value
RSI=0x0000000000895350 is an unknown value
RDI=0x00002fec229afb5a is an unknown value
R8 =0x0000000000010002 is an unknown value
R9 =0x000000000000001a is an unknown value
R10=0x00002fec229afb5a is an unknown value
R11=0x000000001843ef90 is an unknown value
R12=0x0000000000000000 is an unknown value
R13=0x0000000000000040 is an unknown value
R14=0x000000001843f198 is an unknown value
R15=0x0000000000895350 is an unknown value


Stack: [0x0000000018340000,0x0000000018440000],  sp=0x000000001843f080,  free space=1020k
Native frames: (J=compiled Java code, j=interpreted, Vv=VM code, C=native code)
C  [glass.dll+0x278b0]
C  [ucrtbase.dll+0xfcb3]
C  [ucrtbase.dll+0xf967]
C  [ucrtbase.dll+0xf924]
C  [glass.dll+0x24752]
C  [glass.dll+0x24850]
C  [ntdll.dll+0x3b583]
C  [ntdll.dll+0x47f85]
C  [ntdll.dll+0x47e48]
C  [KERNEL32.DLL+0x1ca7a]
C  [msvcr100.dll+0x20ccd]
V  [jvm.dll+0x212e95]
V  [jvm.dll+0x24c227]
V  [jvm.dll+0x24b4c6]
V  [jvm.dll+0x24b961]
V  [jvm.dll+0x24bb7e]
V  [jvm.dll+0x29cc4a]
C  [msvcr100.dll+0x21d9f]
C  [msvcr100.dll+0x21e3b]
C  [KERNEL32.DLL+0x14034]
C  [ntdll.dll+0x73691]

VM_Operation (0x000000001991aa00): Exit, mode: safepoint, requested by thread 0x0000000018da0000


---------------  P R O C E S S  ---------------

Java Threads: ( => current thread )
  0x0000000021f6e800 JavaThread "Glass/Prism Shutdown Hook" [_thread_blocked, id=1692, stack(0x0000000027ca0000,0x0000000027da0000)]
  0x00000000215ac800 JavaThread "Prism Font Disposer" daemon [_thread_blocked, id=12404, stack(0x0000000023c20000,0x0000000023d20000)]
  0x00000000203a9000 JavaThread "JavaFX-Launcher" [_thread_blocked, id=12548, stack(0x0000000020e90000,0x0000000020f90000)]
  0x0000000020397000 JavaThread "Thread-2" daemon [_thread_in_native, id=10036, stack(0x0000000020d90000,0x0000000020e90000)]
  0x0000000018da0000 JavaThread "JavaFX Application Thread" [_thread_blocked, id=12720, stack(0x0000000019820000,0x0000000019920000)]
  0x0000000018d9d000 JavaThread "Thread-1" daemon [_thread_blocked, id=17348, stack(0x0000000019720000,0x0000000019820000)]
  0x0000000018d7b800 JavaThread "QuantumRenderer-0" daemon [_thread_blocked, id=19232, stack(0x00000000194e0000,0x00000000195e0000)]
  0x0000000018a66800 JavaThread "Service Thread" daemon [_thread_blocked, id=19476, stack(0x0000000019030000,0x0000000019130000)]
  0x0000000018a3a000 JavaThread "C1 CompilerThread2" daemon [_thread_blocked, id=16920, stack(0x0000000018f30000,0x0000000019030000)]
  0x0000000017348800 JavaThread "C2 CompilerThread1" daemon [_thread_blocked, id=18768, stack(0x0000000018e30000,0x0000000018f30000)]
  0x00000000172f5000 JavaThread "C2 CompilerThread0" daemon [_thread_blocked, id=13844, stack(0x0000000018930000,0x0000000018a30000)]
  0x00000000172f4000 JavaThread "Attach Listener" daemon [_thread_blocked, id=3044, stack(0x0000000018830000,0x0000000018930000)]
  0x00000000172de800 JavaThread "Finalizer" daemon [_thread_blocked, id=9888, stack(0x0000000018540000,0x0000000018640000)]
  0x00000000027f6000 JavaThread "Reference Handler" daemon [_thread_blocked, id=2984, stack(0x0000000018440000,0x0000000018540000)]
  0x0000000002706000 JavaThread "main" [_thread_blocked, id=19196, stack(0x0000000002590000,0x0000000002690000)]

Other Threads:
=>0x00000000172b7000 VMThread [stack: 0x0000000018340000,0x0000000018440000] [id=20392]

VM state:at safepoint (shutting down)

VM Mutex/Monitor currently owned by a thread:  ([mutex/lock_event])
[0x0000000002702ed0] Threads_lock - owner thread: 0x00000000172b7000

Heap:
 PSYoungGen      total 111104K, used 21973K [0x00000000d6000000, 0x00000000e1780000, 0x0000000100000000)
  eden space 96768K, 7% used [0x00000000d6000000,0x00000000d6779508,0x00000000dbe80000)
  from space 14336K, 99% used [0x00000000dbe80000,0x00000000dcc7c2b0,0x00000000dcc80000)
  to   space 23552K, 0% used [0x00000000e0080000,0x00000000e0080000,0x00000000e1780000)
 ParOldGen       total 74752K, used 29819K [0x0000000082000000, 0x0000000086900000, 0x00000000d6000000)
  object space 74752K, 39% used [0x0000000082000000,0x0000000083d1ef88,0x0000000086900000)
 Metaspace       used 28179K, capacity 30292K, committed 30592K, reserved 1075200K
  class space    used 4064K, capacity 4426K, committed 4480K, reserved 1048576K

Card table byte_map: [0x0000000011bc0000,0x0000000011fc0000] byte_map_base: 0x00000000117b0000

Marking Bits: (ParMarkBitMap*) 0x000000005e00f860
 Begin Bits: [0x0000000012660000, 0x00000000145e0000)
 End Bits:   [0x00000000145e0000, 0x0000000016560000)

Polling page: 0x0000000000820000

CodeCache: size=245760Kb used=15523Kb max_used=15535Kb free=230236Kb
 bounds [0x0000000002800000, 0x0000000003740000, 0x0000000011800000]
 total_blobs=5556 nmethods=4822 adapters=645
 compilation: enabled

Compilation events (10 events):
Event: 13.142 Thread 0x0000000018a3a000 4879       3       com.sun.prism.BasicStroke::getLineWidth (5 bytes)
Event: 13.143 Thread 0x0000000018a3a000 nmethod 4879 0x0000000003731910 code [0x0000000003731a60, 0x0000000003731bb0]
Event: 13.285 Thread 0x00000000172f5000 4880       4       java.lang.String::equalsIgnoreCase (48 bytes)
Event: 13.288 Thread 0x0000000018a3a000 4881       3       sun.reflect.DelegatingMethodAccessorImpl::setDelegate (6 bytes)
Event: 13.288 Thread 0x0000000018a3a000 nmethod 4881 0x0000000003731c50 code [0x0000000003731da0, 0x0000000003731f10]
Event: 13.294 Thread 0x00000000172f5000 nmethod 4880 0x00000000037352d0 code [0x0000000003735460, 0x0000000003735b78]
Event: 13.294 Thread 0x0000000018a3a000 4882       1       java.util.logging.LogManager::access$500 (5 bytes)
Event: 13.294 Thread 0x0000000018a3a000 nmethod 4882 0x000000000371f890 code [0x000000000371f9e0, 0x000000000371fad0]
Event: 13.295 Thread 0x0000000017348800 4883       4       java.lang.invoke.MethodType::hashCode (53 bytes)
Event: 13.295 Thread 0x00000000172f5000 4884   !   4       java.lang.ref.ReferenceQueue::poll (28 bytes)

GC Heap History (10 events):
Event: 3.944 GC heap before
{Heap before GC invocations=4 (full 0):
 PSYoungGen      total 37888K, used 21634K [0x00000000d6000000, 0x00000000daa00000, 0x0000000100000000)
  eden space 32768K, 50% used [0x00000000d6000000,0x00000000d70288e0,0x00000000d8000000)
  from space 5120K, 99% used [0x00000000d8000000,0x00000000d84f8080,0x00000000d8500000)
  to   space 5120K, 0% used [0x00000000da500000,0x00000000da500000,0x00000000daa00000)
 ParOldGen       total 86016K, used 12895K [0x0000000082000000, 0x0000000087400000, 0x00000000d6000000)
  object space 86016K, 14% used [0x0000000082000000,0x0000000082c97cd0,0x0000000087400000)
 Metaspace       used 20369K, capacity 21242K, committed 21296K, reserved 1067008K
  class space    used 2871K, capacity 3063K, committed 3072K, reserved 1048576K
Event: 3.954 GC heap after
Heap after GC invocations=4 (full 0):
 PSYoungGen      total 70656K, used 5089K [0x00000000d6000000, 0x00000000daa00000, 0x0000000100000000)
  eden space 65536K, 0% used [0x00000000d6000000,0x00000000d6000000,0x00000000da000000)
  from space 5120K, 99% used [0x00000000da500000,0x00000000da9f8530,0x00000000daa00000)
  to   space 5120K, 0% used [0x00000000da000000,0x00000000da000000,0x00000000da500000)
 ParOldGen       total 86016K, used 13698K [0x0000000082000000, 0x0000000087400000, 0x00000000d6000000)
  object space 86016K, 15% used [0x0000000082000000,0x0000000082d60b98,0x0000000087400000)
 Metaspace       used 20369K, capacity 21242K, committed 21296K, reserved 1067008K
  class space    used 2871K, capacity 3063K, committed 3072K, reserved 1048576K
}
Event: 3.954 GC heap before
{Heap before GC invocations=5 (full 1):
 PSYoungGen      total 70656K, used 5089K [0x00000000d6000000, 0x00000000daa00000, 0x0000000100000000)
  eden space 65536K, 0% used [0x00000000d6000000,0x00000000d6000000,0x00000000da000000)
  from space 5120K, 99% used [0x00000000da500000,0x00000000da9f8530,0x00000000daa00000)
  to   space 5120K, 0% used [0x00000000da000000,0x00000000da000000,0x00000000da500000)
 ParOldGen       total 86016K, used 13698K [0x0000000082000000, 0x0000000087400000, 0x00000000d6000000)
  object space 86016K, 15% used [0x0000000082000000,0x0000000082d60b98,0x0000000087400000)
 Metaspace       used 20369K, capacity 21242K, committed 21296K, reserved 1067008K
  class space    used 2871K, capacity 3063K, committed 3072K, reserved 1048576K
Event: 4.037 GC heap after
Heap after GC invocations=5 (full 1):
 PSYoungGen      total 70656K, used 0K [0x00000000d6000000, 0x00000000daa00000, 0x0000000100000000)
  eden space 65536K, 0% used [0x00000000d6000000,0x00000000d6000000,0x00000000da000000)
  from space 5120K, 0% used [0x00000000da500000,0x00000000da500000,0x00000000daa00000)
  to   space 5120K, 0% used [0x00000000da000000,0x00000000da000000,0x00000000da500000)
 ParOldGen       total 74752K, used 16233K [0x0000000082000000, 0x0000000086900000, 0x00000000d6000000)
  object space 74752K, 21% used [0x0000000082000000,0x0000000082fda720,0x0000000086900000)
 Metaspace       used 20369K, capacity 21242K, committed 21296K, reserved 1067008K
  class space    used 2871K, capacity 3063K, committed 3072K, reserved 1048576K
}
Event: 4.510 GC heap before
{Heap before GC invocations=6 (full 1):
 PSYoungGen      total 70656K, used 65536K [0x00000000d6000000, 0x00000000daa00000, 0x0000000100000000)
  eden space 65536K, 100% used [0x00000000d6000000,0x00000000da000000,0x00000000da000000)
  from space 5120K, 0% used [0x00000000da500000,0x00000000da500000,0x00000000daa00000)
  to   space 5120K, 0% used [0x00000000da000000,0x00000000da000000,0x00000000da500000)
 ParOldGen       total 74752K, used 16233K [0x0000000082000000, 0x0000000086900000, 0x00000000d6000000)
  object space 74752K, 21% used [0x0000000082000000,0x0000000082fda720,0x0000000086900000)
 Metaspace       used 21343K, capacity 22696K, committed 22912K, reserved 1069056K
  class space    used 3087K, capacity 3342K, committed 3456K, reserved 1048576K
Event: 4.525 GC heap after
Heap after GC invocations=6 (full 1):
 PSYoungGen      total 70656K, used 2011K [0x00000000d6000000, 0x00000000dde00000, 0x0000000100000000)
  eden space 65536K, 0% used [0x00000000d6000000,0x00000000d6000000,0x00000000da000000)
  from space 5120K, 39% used [0x00000000da000000,0x00000000da1f6ef0,0x00000000da500000)
  to   space 14848K, 0% used [0x00000000dcf80000,0x00000000dcf80000,0x00000000dde00000)
 ParOldGen       total 74752K, used 16233K [0x0000000082000000, 0x0000000086900000, 0x00000000d6000000)
  object space 74752K, 21% used [0x0000000082000000,0x0000000082fda720,0x0000000086900000)
 Metaspace       used 21343K, capacity 22696K, committed 22912K, reserved 1069056K
  class space    used 3087K, capacity 3342K, committed 3456K, reserved 1048576K
}
Event: 5.140 GC heap before
{Heap before GC invocations=7 (full 1):
 PSYoungGen      total 70656K, used 67547K [0x00000000d6000000, 0x00000000dde00000, 0x0000000100000000)
  eden space 65536K, 100% used [0x00000000d6000000,0x00000000da000000,0x00000000da000000)
  from space 5120K, 39% used [0x00000000da000000,0x00000000da1f6ef0,0x00000000da500000)
  to   space 14848K, 0% used [0x00000000dcf80000,0x00000000dcf80000,0x00000000dde00000)
 ParOldGen       total 74752K, used 16233K [0x0000000082000000, 0x0000000086900000, 0x00000000d6000000)
  object space 74752K, 21% used [0x0000000082000000,0x0000000082fda720,0x0000000086900000)
 Metaspace       used 22670K, capacity 24024K, committed 24320K, reserved 1071104K
  class space    used 3256K, capacity 3514K, committed 3584K, reserved 1048576K
Event: 5.146 GC heap after
Heap after GC invocations=7 (full 1):
 PSYoungGen      total 108032K, used 8253K [0x00000000d6000000, 0x00000000dda80000, 0x0000000100000000)
  eden space 96768K, 0% used [0x00000000d6000000,0x00000000d6000000,0x00000000dbe80000)
  from space 11264K, 73% used [0x00000000dcf80000,0x00000000dd78f600,0x00000000dda80000)
  to   space 14336K, 0% used [0x00000000dbe80000,0x00000000dbe80000,0x00000000dcc80000)
 ParOldGen       total 74752K, used 16241K [0x0000000082000000, 0x0000000086900000, 0x00000000d6000000)
  object space 74752K, 21% used [0x0000000082000000,0x0000000082fdc720,0x0000000086900000)
 Metaspace       used 22670K, capacity 24024K, committed 24320K, reserved 1071104K
  class space    used 3256K, capacity 3514K, committed 3584K, reserved 1048576K
}
Event: 6.697 GC heap before
{Heap before GC invocations=8 (full 1):
 PSYoungGen      total 108032K, used 105021K [0x00000000d6000000, 0x00000000dda80000, 0x0000000100000000)
  eden space 96768K, 100% used [0x00000000d6000000,0x00000000dbe80000,0x00000000dbe80000)
  from space 11264K, 73% used [0x00000000dcf80000,0x00000000dd78f600,0x00000000dda80000)
  to   space 14336K, 0% used [0x00000000dbe80000,0x00000000dbe80000,0x00000000dcc80000)
 ParOldGen       total 74752K, used 16241K [0x0000000082000000, 0x0000000086900000, 0x00000000d6000000)
  object space 74752K, 21% used [0x0000000082000000,0x0000000082fdc720,0x0000000086900000)
 Metaspace       used 27647K, capacity 29700K, committed 29824K, reserved 1075200K
  class space    used 4024K, capacity 4368K, committed 4480K, reserved 1048576K
Event: 6.718 GC heap after
Heap after GC invocations=8 (full 1):
 PSYoungGen      total 111104K, used 14320K [0x00000000d6000000, 0x00000000e1780000, 0x0000000100000000)
  eden space 96768K, 0% used [0x00000000d6000000,0x00000000d6000000,0x00000000dbe80000)
  from space 14336K, 99% used [0x00000000dbe80000,0x00000000dcc7c2b0,0x00000000dcc80000)
  to   space 23552K, 0% used [0x00000000e0080000,0x00000000e0080000,0x00000000e1780000)
 ParOldGen       total 74752K, used 29819K [0x0000000082000000, 0x0000000086900000, 0x00000000d6000000)
  object space 74752K, 39% used [0x0000000082000000,0x0000000083d1ef88,0x0000000086900000)
 Metaspace       used 27647K, capacity 29700K, committed 29824K, reserved 1075200K
  class space    used 4024K, capacity 4368K, committed 4480K, reserved 1048576K
}

Deoptimization events (10 events):
Event: 6.528 Thread 0x0000000018d7b800 Uncommon trap: reason=bimorphic action=maybe_recompile pc=0x000000000332ae9c method=java.util.WeakHashMap.eq(Ljava/lang/Object;Ljava/lang/Object;)Z @ 7
Event: 6.678 Thread 0x0000000018da0000 Uncommon trap: reason=unstable_if action=reinterpret pc=0x0000000003182160 method=javafx.fxml.FXMLLoader$ControllerAccessor.addAccessibleMethods(Ljava/lang/Class;I)V @ 80
Event: 6.719 Thread 0x0000000018da0000 Uncommon trap: reason=unstable_if action=reinterpret pc=0x00000000034a4508 method=javafx.scene.CssStyleHelper.lookup(Ljavafx/css/Styleable;Ljavafx/css/CssMetaData;Lcom/sun/javafx/css/StyleMap;Ljava/util/Set;Ljavafx/css/Styleable;Lcom/sun/javafx/css/Calcul
Event: 6.732 Thread 0x0000000018da0000 Uncommon trap: reason=unstable_if action=reinterpret pc=0x0000000003412c50 method=javafx.scene.CssStyleHelper.getStyle(Ljavafx/css/Styleable;Ljava/lang/String;Lcom/sun/javafx/css/StyleMap;Ljava/util/Set;)Lcom/sun/javafx/css/CascadingStyle; @ 1
Event: 6.733 Thread 0x0000000018da0000 Uncommon trap: reason=unstable_if action=reinterpret pc=0x0000000003534184 method=java.lang.StrictMath.floorOrCeil(DDDD)D @ 24
Event: 6.737 Thread 0x0000000018da0000 Uncommon trap: reason=unstable_if action=reinterpret pc=0x000000000351af54 method=javafx.scene.Node.markDirtyLayoutBranch()V @ 16
Event: 6.745 Thread 0x0000000018da0000 Uncommon trap: reason=unstable_if action=reinterpret pc=0x00000000035152f8 method=javafx.scene.Node.impl_markDirty(Lcom/sun/javafx/scene/DirtyBits;)V @ 4
Event: 6.762 Thread 0x0000000018da0000 Uncommon trap: reason=unstable_if action=reinterpret pc=0x0000000002ec6028 method=jdk.internal.org.objectweb.asm.Type.getArgumentsAndReturnSizes(Ljava/lang/String;)I @ 47
Event: 12.162 Thread 0x0000000018da0000 Uncommon trap: reason=unstable_if action=reinterpret pc=0x0000000003049c84 method=java.util.EnumMap.isValidKey(Ljava/lang/Object;)Z @ 16
Event: 12.163 Thread 0x0000000018da0000 Uncommon trap: reason=unstable_if action=reinterpret pc=0x0000000003044c1c method=java.util.EnumMap.isValidKey(Ljava/lang/Object;)Z @ 16

Classes redefined (0 events):
No events

Internal exceptions (10 events):
Event: 2.157 Thread 0x0000000018da0000 Exception <a 'java/io/FileNotFoundException'> (0x00000000d7b629d8) thrown at [C:\re\workspace\8-2-build-windows-amd64-cygwin\jdk8u161\10277\hotspot\src\share\vm\prims\jni.cpp, line 709]
Event: 3.868 Thread 0x0000000018da0000 Exception <a 'java/lang/ArrayIndexOutOfBoundsException': 57> (0x00000000d6c8da20) thrown at [C:\re\workspace\8-2-build-windows-amd64-cygwin\jdk8u161\10277\hotspot\src\share\vm\interpreter\interpreterRuntime.cpp, line 366]
Event: 4.200 Thread 0x0000000018da0000 Implicit null exception at 0x0000000002b529b5 to 0x0000000002b52bcd
Event: 4.200 Thread 0x0000000018da0000 Implicit null exception at 0x0000000002d9ca9b to 0x0000000002d9d1dd
Event: 5.988 Thread 0x0000000018da0000 Implicit null exception at 0x00000000033def45 to 0x00000000033e01d1
Event: 5.988 Thread 0x0000000018da0000 Implicit null exception at 0x00000000032fd3e1 to 0x00000000032feb9d
Event: 6.374 Thread 0x0000000018d7b800 Implicit null exception at 0x000000000309e3e9 to 0x00000000030a1b89
Event: 6.424 Thread 0x0000000018d7b800 Implicit null exception at 0x000000000308cf50 to 0x0000000003090b4d
Event: 6.732 Thread 0x0000000018da0000 Implicit null exception at 0x000000000340fcbd to 0x0000000003412c39
Event: 13.295 Thread 0x0000000021f6e800 Exception <a 'java/lang/IllegalStateException'> (0x00000000d66de5e0) thrown at [C:\re\workspace\8-2-build-windows-amd64-cygwin\jdk8u161\10277\hotspot\src\share\vm\prims\jvm.cpp, line 1394]

Events (10 events):
Event: 13.292 Thread 0x0000000021f6e800 Thread added: 0x0000000021f6e800
Event: 13.294 loading class com/sun/javafx/tk/quantum/QuantumRenderer
Event: 13.294 loading class com/sun/javafx/tk/quantum/QuantumRenderer done
Event: 13.294 Executing VM operation: RevokeBias
Event: 13.294 Executing VM operation: RevokeBias done
Event: 13.294 Thread 0x0000000021f6e000 Thread exited: 0x0000000021f6e000
Event: 13.295 loading class com/sun/javafx/tk/quantum/QuantumToolkit
Event: 13.295 loading class com/sun/javafx/tk/quantum/QuantumToolkit done
Event: 13.295 Thread 0x00000000172f2800 Thread exited: 0x00000000172f2800
Event: 13.295 Executing VM operation: Exit


Dynamic libraries:
0x00007ff71ead0000 - 0x00007ff71eb07000 	C:\Program Files\Java\jdk1.8.0_161\bin\javaw.exe
0x00007ffd6cef0000 - 0x00007ffd6d0d1000 	C:\WINDOWS\SYSTEM32\ntdll.dll
0x00007ffd6b490000 - 0x00007ffd6b541000 	C:\WINDOWS\System32\KERNEL32.DLL
0x00007ffd69620000 - 0x00007ffd69893000 	C:\WINDOWS\System32\KERNELBASE.dll
0x00007ffd6aad0000 - 0x00007ffd6ab71000 	C:\WINDOWS\System32\ADVAPI32.dll
0x00007ffd6b5b0000 - 0x00007ffd6b64e000 	C:\WINDOWS\System32\msvcrt.dll
0x00007ffd6a590000 - 0x00007ffd6a5eb000 	C:\WINDOWS\System32\sechost.dll
0x00007ffd6ab90000 - 0x00007ffd6acb4000 	C:\WINDOWS\System32\RPCRT4.dll
0x00007ffd6ad30000 - 0x00007ffd6aec0000 	C:\WINDOWS\System32\USER32.dll
0x00007ffd69410000 - 0x00007ffd69430000 	C:\WINDOWS\System32\win32u.dll
0x00007ffd6a940000 - 0x00007ffd6a968000 	C:\WINDOWS\System32\GDI32.dll
0x00007ffd6a060000 - 0x00007ffd6a1f2000 	C:\WINDOWS\System32\gdi32full.dll
0x00007ffd69320000 - 0x00007ffd693bf000 	C:\WINDOWS\System32\msvcp_win.dll
0x00007ffd6a280000 - 0x00007ffd6a378000 	C:\WINDOWS\System32\ucrtbase.dll
0x00007ffd5d210000 - 0x00007ffd5d479000 	C:\WINDOWS\WinSxS\amd64_microsoft.windows.common-controls_6595b64144ccf1df_6.0.17134.706_none_fb43a2cb30647007\COMCTL32.dll
0x00007ffd6a610000 - 0x00007ffd6a932000 	C:\WINDOWS\System32\combase.dll
0x00007ffd6a200000 - 0x00007ffd6a27a000 	C:\WINDOWS\System32\bcryptPrimitives.dll
0x00007ffd6b700000 - 0x00007ffd6b72d000 	C:\WINDOWS\System32\IMM32.DLL
0x000000005d620000 - 0x000000005d6f2000 	C:\Program Files\Java\jdk1.8.0_161\jre\bin\msvcr100.dll
0x000000005d7f0000 - 0x000000005e08f000 	C:\Program Files\Java\jdk1.8.0_161\jre\bin\server\jvm.dll
0x00007ffd6ab80000 - 0x00007ffd6ab88000 	C:\WINDOWS\System32\PSAPI.DLL
0x00007ffd5af30000 - 0x00007ffd5af39000 	C:\WINDOWS\SYSTEM32\WSOCK32.dll
0x00007ffd6acc0000 - 0x00007ffd6ad2c000 	C:\WINDOWS\System32\WS2_32.dll
0x00007ffd647c0000 - 0x00007ffd647e3000 	C:\WINDOWS\SYSTEM32\WINMM.dll
0x00007ffd63ac0000 - 0x00007ffd63aca000 	C:\WINDOWS\SYSTEM32\VERSION.dll
0x00007ffd64790000 - 0x00007ffd647ba000 	C:\WINDOWS\SYSTEM32\WINMMBASE.dll
0x00007ffd693c0000 - 0x00007ffd69409000 	C:\WINDOWS\System32\cfgmgr32.dll
0x000000005d7e0000 - 0x000000005d7ef000 	C:\Program Files\Java\jdk1.8.0_161\jre\bin\verify.dll
0x000000005d7b0000 - 0x000000005d7d9000 	C:\Program Files\Java\jdk1.8.0_161\jre\bin\java.dll
0x000000005d790000 - 0x000000005d7a6000 	C:\Program Files\Java\jdk1.8.0_161\jre\bin\zip.dll
0x00007ffd6ba70000 - 0x00007ffd6ceb0000 	C:\WINDOWS\System32\SHELL32.dll
0x00007ffd6b650000 - 0x00007ffd6b6f9000 	C:\WINDOWS\System32\shcore.dll
0x00007ffd69950000 - 0x00007ffd6a05d000 	C:\WINDOWS\System32\windows.storage.dll
0x00007ffd6b550000 - 0x00007ffd6b5a1000 	C:\WINDOWS\System32\shlwapi.dll
0x00007ffd69280000 - 0x00007ffd69291000 	C:\WINDOWS\System32\kernel.appcore.dll
0x00007ffd692a0000 - 0x00007ffd692bf000 	C:\WINDOWS\System32\profapi.dll
0x00007ffd69210000 - 0x00007ffd6925c000 	C:\WINDOWS\System32\powrprof.dll
0x00007ffd69200000 - 0x00007ffd6920a000 	C:\WINDOWS\System32\FLTLIB.DLL
0x0000000002510000 - 0x0000000002513000 	C:\Program Files\Java\jdk1.8.0_161\jre\bin\api-ms-win-core-console-l1-1-0.dll
0x0000000002520000 - 0x0000000002523000 	C:\Program Files\Java\jdk1.8.0_161\jre\bin\api-ms-win-core-datetime-l1-1-0.dll
0x0000000002530000 - 0x0000000002533000 	C:\Program Files\Java\jdk1.8.0_161\jre\bin\api-ms-win-core-debug-l1-1-0.dll
0x0000000002540000 - 0x0000000002543000 	C:\Program Files\Java\jdk1.8.0_161\jre\bin\api-ms-win-core-errorhandling-l1-1-0.dll
0x0000000002550000 - 0x0000000002554000 	C:\Program Files\Java\jdk1.8.0_161\jre\bin\api-ms-win-core-file-l1-1-0.dll
0x0000000002560000 - 0x0000000002563000 	C:\Program Files\Java\jdk1.8.0_161\jre\bin\api-ms-win-core-file-l1-2-0.dll
0x0000000002570000 - 0x0000000002573000 	C:\Program Files\Java\jdk1.8.0_161\jre\bin\api-ms-win-core-file-l2-1-0.dll
0x0000000002690000 - 0x0000000002693000 	C:\Program Files\Java\jdk1.8.0_161\jre\bin\api-ms-win-core-handle-l1-1-0.dll
0x00000000026a0000 - 0x00000000026a3000 	C:\Program Files\Java\jdk1.8.0_161\jre\bin\api-ms-win-core-heap-l1-1-0.dll
0x00000000026b0000 - 0x00000000026b3000 	C:\Program Files\Java\jdk1.8.0_161\jre\bin\api-ms-win-core-interlocked-l1-1-0.dll
0x00000000026c0000 - 0x00000000026c3000 	C:\Program Files\Java\jdk1.8.0_161\jre\bin\api-ms-win-core-libraryloader-l1-1-0.dll
0x00000000026d0000 - 0x00000000026d3000 	C:\Program Files\Java\jdk1.8.0_161\jre\bin\api-ms-win-core-localization-l1-2-0.dll
0x00000000026e0000 - 0x00000000026e3000 	C:\Program Files\Java\jdk1.8.0_161\jre\bin\api-ms-win-core-memory-l1-1-0.dll
0x0000000019230000 - 0x0000000019233000 	C:\Program Files\Java\jdk1.8.0_161\jre\bin\api-ms-win-core-namedpipe-l1-1-0.dll
0x0000000019240000 - 0x0000000019243000 	C:\Program Files\Java\jdk1.8.0_161\jre\bin\api-ms-win-core-processenvironment-l1-1-0.dll
0x0000000019250000 - 0x0000000019253000 	C:\Program Files\Java\jdk1.8.0_161\jre\bin\api-ms-win-core-processthreads-l1-1-0.dll
0x0000000019260000 - 0x0000000019263000 	C:\Program Files\Java\jdk1.8.0_161\jre\bin\api-ms-win-core-processthreads-l1-1-1.dll
0x0000000019270000 - 0x0000000019273000 	C:\Program Files\Java\jdk1.8.0_161\jre\bin\api-ms-win-core-profile-l1-1-0.dll
0x0000000019280000 - 0x0000000019283000 	C:\Program Files\Java\jdk1.8.0_161\jre\bin\api-ms-win-core-rtlsupport-l1-1-0.dll
0x0000000019290000 - 0x0000000019293000 	C:\Program Files\Java\jdk1.8.0_161\jre\bin\api-ms-win-core-string-l1-1-0.dll
0x00000000192a0000 - 0x00000000192a3000 	C:\Program Files\Java\jdk1.8.0_161\jre\bin\api-ms-win-core-synch-l1-1-0.dll
0x00000000192b0000 - 0x00000000192b3000 	C:\Program Files\Java\jdk1.8.0_161\jre\bin\api-ms-win-core-synch-l1-2-0.dll
0x00000000192c0000 - 0x00000000192c3000 	C:\Program Files\Java\jdk1.8.0_161\jre\bin\api-ms-win-core-sysinfo-l1-1-0.dll
0x00000000192d0000 - 0x00000000192d3000 	C:\Program Files\Java\jdk1.8.0_161\jre\bin\api-ms-win-core-timezone-l1-1-0.dll
0x00000000192e0000 - 0x00000000192e3000 	C:\Program Files\Java\jdk1.8.0_161\jre\bin\api-ms-win-core-util-l1-1-0.dll
0x00000000192f0000 - 0x00000000192f3000 	C:\Program Files\Java\jdk1.8.0_161\jre\bin\api-ms-win-crt-conio-l1-1-0.dll
0x0000000019300000 - 0x0000000019304000 	C:\Program Files\Java\jdk1.8.0_161\jre\bin\api-ms-win-crt-convert-l1-1-0.dll
0x0000000019310000 - 0x0000000019313000 	C:\Program Files\Java\jdk1.8.0_161\jre\bin\api-ms-win-crt-environment-l1-1-0.dll
0x0000000019320000 - 0x0000000019323000 	C:\Program Files\Java\jdk1.8.0_161\jre\bin\api-ms-win-crt-filesystem-l1-1-0.dll
0x0000000019330000 - 0x0000000019333000 	C:\Program Files\Java\jdk1.8.0_161\jre\bin\api-ms-win-crt-heap-l1-1-0.dll
0x0000000019340000 - 0x0000000019343000 	C:\Program Files\Java\jdk1.8.0_161\jre\bin\api-ms-win-crt-locale-l1-1-0.dll
0x0000000019350000 - 0x0000000019355000 	C:\Program Files\Java\jdk1.8.0_161\jre\bin\api-ms-win-crt-math-l1-1-0.dll
0x0000000019360000 - 0x0000000019365000 	C:\Program Files\Java\jdk1.8.0_161\jre\bin\api-ms-win-crt-multibyte-l1-1-0.dll
0x0000000019370000 - 0x0000000019380000 	C:\Program Files\Java\jdk1.8.0_161\jre\bin\api-ms-win-crt-private-l1-1-0.dll
0x0000000019380000 - 0x0000000019383000 	C:\Program Files\Java\jdk1.8.0_161\jre\bin\api-ms-win-crt-process-l1-1-0.dll
0x0000000019390000 - 0x0000000019394000 	C:\Program Files\Java\jdk1.8.0_161\jre\bin\api-ms-win-crt-runtime-l1-1-0.dll
0x00000000193a0000 - 0x00000000193a4000 	C:\Program Files\Java\jdk1.8.0_161\jre\bin\api-ms-win-crt-stdio-l1-1-0.dll
0x00000000193b0000 - 0x00000000193b4000 	C:\Program Files\Java\jdk1.8.0_161\jre\bin\api-ms-win-crt-string-l1-1-0.dll
0x00000000193c0000 - 0x00000000193c3000 	C:\Program Files\Java\jdk1.8.0_161\jre\bin\api-ms-win-crt-time-l1-1-0.dll
0x00000000193d0000 - 0x00000000193d3000 	C:\Program Files\Java\jdk1.8.0_161\jre\bin\api-ms-win-crt-utility-l1-1-0.dll
0x00007ffd4cd40000 - 0x00007ffd4ce36000 	C:\Program Files\Java\jdk1.8.0_161\jre\bin\ucrtbase.dll
0x00007ffd4cce0000 - 0x00007ffd4cd31000 	C:\Program Files\Java\jdk1.8.0_161\jre\bin\concrt140.dll
0x00007ffd66e60000 - 0x00007ffd66efb000 	C:\WINDOWS\SYSTEM32\MSVCP140.dll
0x00007ffd66f00000 - 0x00007ffd66f15000 	C:\WINDOWS\SYSTEM32\VCRUNTIME140.dll
0x00007ffd65be0000 - 0x00007ffd65bf6000 	C:\Program Files\Java\jdk1.8.0_161\jre\bin\vcruntime140.dll
0x00007ffd4cc40000 - 0x00007ffd4ccdc000 	C:\Program Files\Java\jdk1.8.0_161\jre\bin\msvcp140.dll
0x000000005d5f0000 - 0x000000005d613000 	C:\Program Files\Java\jdk1.8.0_161\jre\bin\prism_d3d.dll
0x00007ffd613d0000 - 0x00007ffd61567000 	C:\WINDOWS\system32\d3d9.dll
0x00007ffd67580000 - 0x00007ffd675a9000 	C:\WINDOWS\SYSTEM32\dwmapi.dll
0x00007ffd66b40000 - 0x00007ffd66bd8000 	C:\WINDOWS\system32\uxtheme.dll
0x00007ffd6a970000 - 0x00007ffd6aac1000 	C:\WINDOWS\System32\ole32.dll
0x00007ffd6b730000 - 0x00007ffd6b7f2000 	C:\WINDOWS\System32\OLEAUT32.dll
0x000000005d5a0000 - 0x000000005d5e9000 	C:\Program Files\Java\jdk1.8.0_161\jre\bin\glass.dll
0x00007ffd6a4a0000 - 0x00007ffd6a58d000 	C:\WINDOWS\System32\COMDLG32.dll
0x00007ffd6aec0000 - 0x00007ffd6b033000 	C:\WINDOWS\System32\MSCTF.dll
0x000000005d580000 - 0x000000005d594000 	C:\Program Files\Java\jdk1.8.0_161\jre\bin\javafx_font.dll
0x00007ffd438e0000 - 0x00007ffd43bfc000 	C:\WINDOWS\SYSTEM32\dwrite.dll
0x000000005d720000 - 0x000000005d744000 	C:\Program Files\Java\jdk1.8.0_161\jre\bin\sunec.dll
0x000000005d770000 - 0x000000005d78a000 	C:\Program Files\Java\jdk1.8.0_161\jre\bin\net.dll
0x00007ffd68a80000 - 0x00007ffd68ae6000 	C:\WINDOWS\system32\mswsock.dll
0x00007ffd68800000 - 0x00007ffd68838000 	C:\WINDOWS\SYSTEM32\IPHLPAPI.DLL
0x00007ffd6ceb0000 - 0x00007ffd6ceb8000 	C:\WINDOWS\System32\NSI.dll
0x00007ffd62df0000 - 0x00007ffd62e06000 	C:\WINDOWS\SYSTEM32\dhcpcsvc6.DLL
0x00007ffd62dd0000 - 0x00007ffd62dea000 	C:\WINDOWS\SYSTEM32\dhcpcsvc.DLL
0x000000005d750000 - 0x000000005d761000 	C:\Program Files\Java\jdk1.8.0_161\jre\bin\nio.dll
0x00007ffd6a380000 - 0x00007ffd6a420000 	C:\WINDOWS\System32\clbcatq.dll
0x00007ffd637c0000 - 0x00007ffd6396e000 	C:\WINDOWS\SYSTEM32\WindowsCodecs.dll
0x00007ffd41b00000 - 0x00007ffd41b58000 	C:\WINDOWS\system32\dataexchange.dll
0x00007ffd66070000 - 0x00007ffd6637b000 	C:\WINDOWS\system32\d3d11.dll
0x00007ffd66380000 - 0x00007ffd6651c000 	C:\WINDOWS\system32\dcomp.dll
0x00007ffd67fc0000 - 0x00007ffd6807b000 	C:\WINDOWS\system32\dxgi.dll
0x00007ffd67710000 - 0x00007ffd678c8000 	C:\WINDOWS\system32\twinapi.appcore.dll
0x00007ffd676b0000 - 0x00007ffd676d9000 	C:\WINDOWS\system32\RMCLIENT.dll
0x00007ffd5be60000 - 0x00007ffd5be94000 	C:\Program Files\Common Files\Microsoft Shared\Ink\rtscom.dll
0x00007ffd45cb0000 - 0x00007ffd45d46000 	C:\WINDOWS\System32\TextInputFramework.dll
0x00007ffd63240000 - 0x00007ffd6355e000 	C:\WINDOWS\System32\CoreUIComponents.dll
0x00007ffd66860000 - 0x00007ffd6693a000 	C:\WINDOWS\System32\CoreMessaging.dll
0x00007ffd682f0000 - 0x00007ffd68321000 	C:\WINDOWS\SYSTEM32\ntmarta.dll
0x00007ffd64d80000 - 0x00007ffd64ecd000 	C:\WINDOWS\SYSTEM32\wintypes.dll
0x000000005d550000 - 0x000000005d573000 	C:\Program Files\Java\jdk1.8.0_161\jre\bin\javafx_iio.dll
0x000000005d530000 - 0x000000005d542000 	C:\Program Files\Java\jdk1.8.0_161\jre\bin\prism_common.dll
0x00007ffd67c50000 - 0x00007ffd67e19000 	C:\WINDOWS\SYSTEM32\dbghelp.dll

VM Arguments:
jvm_args: -Dfile.encoding=UTF-8 
java_command: com.jeeves.vpl.Main
java_class_path (initial): C:\Program Files\Java\jdk1.8.0_161\jre\lib\resources.jar;C:\Program Files\Java\jdk1.8.0_161\jre\lib\rt.jar;C:\Program Files\Java\jdk1.8.0_161\jre\lib\jsse.jar;C:\Program Files\Java\jdk1.8.0_161\jre\lib\jce.jar;C:\Program Files\Java\jdk1.8.0_161\jre\lib\charsets.jar;C:\Program Files\Java\jdk1.8.0_161\jre\lib\jfr.jar;C:\Program Files\Java\jdk1.8.0_161\jre\lib\ext\access-bridge-64.jar;C:\Program Files\Java\jdk1.8.0_161\jre\lib\ext\cldrdata.jar;C:\Program Files\Java\jdk1.8.0_161\jre\lib\ext\dnsns.jar;C:\Program Files\Java\jdk1.8.0_161\jre\lib\ext\jaccess.jar;C:\Program Files\Java\jdk1.8.0_161\jre\lib\ext\jfxrt.jar;C:\Program Files\Java\jdk1.8.0_161\jre\lib\ext\localedata.jar;C:\Program Files\Java\jdk1.8.0_161\jre\lib\ext\nashorn.jar;C:\Program Files\Java\jdk1.8.0_161\jre\lib\ext\sunec.jar;C:\Program Files\Java\jdk1.8.0_161\jre\lib\ext\sunjce_provider.jar;C:\Program Files\Java\jdk1.8.0_161\jre\lib\ext\sunmscapi.jar;C:\Program Files\Java\jdk1.8.0_161\jre\lib\ext\sunpkcs11.jar;C:\Program Files\Java\jdk1.8.0_161\jre\lib\ext\zipfs.jar;C:\Users\danie\eclipse-workspace\Jeeves\target\classes;C:\Users\danie\.m2\repository\commons-codec\commons-codec\1.11\commons-codec-1.11.jar;C:\Users\danie\.m2\repository\commons-validator\commons-validator\1.4.1\commons-validator-1.4.1.jar;C:\Users\danie\.m2\repository\commons-beanutils\commons-beanutils\1.8.3\commons-beanutils-1.8.3.jar;C:\Users\danie\.m2\repository\commons-digester\commons-digester\1.8.1\commons-digester-1.8.1.jar;C:\Users\danie\.m2\repository\commons-logging\commons-logging\1.2\commons-logging-1.2.jar;C:\Users\danie\.m2\repository\commons-collections\commons-collections\3.2.1\commons-collections-3.2.1.jar;C:\Users\danie\.m2\repository\org\apache\shiro\shiro-core\1.3.2\shiro-core-1.3.2.jar;C:\Users\danie\.m2\repository\com\google\firebase\firebase-admin\6.6.0\firebase-admin-6.6.0.jar;C:\Users\danie\.m2\repository\com\google\api-client\google-api-client\1.25.0\google-api-client-1.25.0.jar;C:\Users
Launcher Type: SUN_STANDARD

Environment Variables:
JAVA_HOME=c:\program files\java\jdk1.8.0_161
PATH=C:/Program Files/Java/jdk1.8.0_161/bin/../jre/bin/server;C:/Program Files/Java/jdk1.8.0_161/bin/../jre/bin;C:/Program Files/Java/jdk1.8.0_161/bin/../jre/lib/amd64;C:\Program Files (x86)\Common Files\Oracle\Java\javapath;C:\ProgramData\Oracle\Java\javapath;C:\Program Files (x86)\Intel\Intel(R) Management Engine Components\iCLS\;C:\Program Files\Intel\Intel(R) Management Engine Components\iCLS\;C:\Windows\system32;C:\Windows;C:\Windows\System32\Wbem;C:\Windows\System32\WindowsPowerShell\v1.0\;C:\Program Files (x86)\Intel\Intel(R) Management Engine Components\DAL;C:\Program Files\Intel\Intel(R) Management Engine Components\DAL;C:\Program Files (x86)\Intel\Intel(R) Management Engine Components\IPT;C:\Program Files\Intel\Intel(R) Management Engine Components\IPT;C:\Program Files (x86)\NVIDIA Corporation\PhysX\Common;C:\Python27;C:\Python27\Scripts;C:\Program Files\Git\cmd;C:\Program Files\Git\mingw64\bin;C:\Program Files\Git\usr\bin;C:\WINDOWS\system32;C:\WINDOWS;C:\WINDOWS\System32\Wbem;C:\WINDOWS\System32\WindowsPowerShell\v1.0\;C:\WINDOWS\System32\OpenSSH\;C:\Program Files\PuTTY\;C:\Program Files\Microsoft SQL Server\120\Tools\Binn\;C:\Program Files\Intel\WiFi\bin\;C:\Program Files\Common Files\Intel\WirelessCommon\;C:\Program Files\IBM\SPSS\Statistics\25\JRE\bin;C:\Program Files\nodejs\;C:\Program Files\MATLAB\R2019a\bin;C:\Users\danie\scoop\shims;c:\jruby-9.1.8.0\bin;C:\Ruby24-x64\bin;C:\Users\danie\AppData\Local\Microsoft\WindowsApps;C:\Program Files\Heroku\bin;C:\Users\danie\AppData\Roaming\npm;C:\Shortcuts;;C:\WINDOWS\system32;
USERNAME=danie
OS=Windows_NT
PROCESSOR_IDENTIFIER=Intel64 Family 6 Model 158 Stepping 9, GenuineIntel



---------------  S Y S T E M  ---------------

OS: Windows 10.0 , 64 bit Build 17134 (10.0.17134.706)

CPU:total 4 (initial active 4) (4 cores per cpu, 1 threads per core) family 6 model 158 stepping 9, cmov, cx8, fxsr, mmx, sse, sse2, sse3, ssse3, sse4.1, sse4.2, popcnt, avx, avx2, aes, clmul, erms, 3dnowpref, lzcnt, tsc, tscinvbit, bmi1, bmi2, adx

Memory: 4k page, physical 8250724k(1333740k free), swap 16639332k(5659492k free)

vm_info: Java HotSpot(TM) 64-Bit Server VM (25.161-b12) for windows-amd64 JRE (1.8.0_161-b12), built on Dec 19 2017 17:52:25 by "java_re" with MS VC++ 10.0 (VS2010)

time: Thu Apr 18 10:45:59 2019
elapsed time: 13 seconds (0d 0h 0m 13s)

