#
# A fatal error has been detected by the Java Runtime Environment:
#
#  EXCEPTION_ACCESS_VIOLATION (0xc0000005) at pc=0x000000005ac5584a, pid=8032, tid=0x00000000000028bc
#
# JRE version: Java(TM) SE Runtime Environment (8.0_121-b13) (build 1.8.0_121-b13)
# Java VM: Java HotSpot(TM) 64-Bit Server VM (25.121-b13 mixed mode windows-amd64 compressed oops)
# Problematic frame:
# C  [glass.dll+0x2584a]
#
# Failed to write core dump. Minidumps are not enabled by default on client versions of Windows
#
# If you would like to submit a bug report, please visit:
#   http://bugreport.java.com/bugreport/crash.jsp
#

---------------  T H R E A D  ---------------

Current thread (0x0000000016e98000):  VMThread [stack: 0x0000000017f30000,0x0000000018030000] [id=10428]

siginfo: ExceptionCode=0xc0000005, reading address 0x0000000000000000

Registers:
RAX=0x0000000000000000, RBX=0x000000001919c5c0, RCX=0x0000000016e98000, RDX=0x000000001919c5c0
RSP=0x000000001802f2d0, RBP=0x0000000000549ed0, RSI=0x0000000000000001, RDI=0x0000000000000000
R8 =0x0000000000010002, R9 =0x0000000000549ed0, R10=0x0000000000000000, R11=0x0000000000000246
R12=0x0000000000549f00, R13=0x0000000000549ed0, R14=0x0000000000549ee0, R15=0x0000000000000000
RIP=0x000000005ac5584a, EFLAGS=0x0000000000010202

Top of Stack: (sp=0x000000001802f2d0)
0x000000001802f2d0:   0000000000000000 000000005ac55900
0x000000001802f2e0:   0000000000000000 0000000000549ed0
0x000000001802f2f0:   000000005ac55830 000000005ac53224
0x000000001802f300:   000000005ac691b0 00007ffcb7fa098b
0x000000001802f310:   0000000016da5400 00007ffcc9325aa2
0x000000001802f320:   000000005ac53384 000000005ac30000
0x000000001802f330:   00007ffccc5d31b0 000000005ac534a6
0x000000001802f340:   0000000000000001 0000000016da5400
0x000000001802f350:   0000000000000000 0000000000000000
0x000000001802f360:   c000000500000001 000000001802e450
0x000000001802f370:   000000005ac53384 00007ffccc4aa35f
0x000000001802f380:   0000000000000000 0000000000000001
0x000000001802f390:   000000005ac30000 0000000000000000
0x000000001802f3a0:   000077b57ae30f3c 000000000052c070
0x000000001802f3b0:   00007ffccbd14200 0000000002182600
0x000000001802f3c0:   0000000002182600 0000000000520c90 

Instructions: (pc=0x000000005ac5584a)
0x000000005ac5582a:   83 c4 20 5d c3 cc 40 53 48 83 ec 20 48 8b 1d cb
0x000000005ac5583a:   5b 01 00 48 85 db 74 1a e8 19 93 ff ff 48 8b d3
0x000000005ac5584a:   4c 8b 00 48 8b c8 48 83 c4 20 5b 49 ff a0 b0 00
0x000000005ac5585a:   00 00 48 83 c4 20 5b c3 cc cc cc cc cc cc cc cc 


Register to memory mapping:

RAX=0x0000000000000000 is an unknown value
RBX=0x000000001919c5c0 is a global jni handle
RCX=0x0000000016e98000 is an unknown value
RDX=0x000000001919c5c0 is a global jni handle
RSP=0x000000001802f2d0 is an unknown value
RBP=0x0000000000549ed0 is an unknown value
RSI=0x0000000000000001 is an unknown value
RDI=0x0000000000000000 is an unknown value
R8 =0x0000000000010002 is an unknown value
R9 =0x0000000000549ed0 is an unknown value
R10=0x0000000000000000 is an unknown value
R11=0x0000000000000246 is an unknown value
R12=0x0000000000549f00 is an unknown value
R13=0x0000000000549ed0 is an unknown value
R14=0x0000000000549ee0 is an unknown value
R15=0x0000000000000000 is an unknown value


Stack: [0x0000000017f30000,0x0000000018030000],  sp=0x000000001802f2d0,  free space=1020k
Native frames: (J=compiled Java code, j=interpreted, Vv=VM code, C=native code)
C  [glass.dll+0x2584a]
C  [glass.dll+0x23224]
C  [glass.dll+0x234a6]
C  [ntdll.dll+0x2a35f]
C  [ntdll.dll+0x806b]
C  [ntdll.dll+0x7d94]
C  [KERNEL32.DLL+0x1ce6a]
C  [msvcr100.dll+0x20ccd]
V  [jvm.dll+0x212cb5]
V  [jvm.dll+0x24bd17]
V  [jvm.dll+0x24afb6]
V  [jvm.dll+0x24b451]
V  [jvm.dll+0x24b66e]
V  [jvm.dll+0x29c69a]
C  [msvcr100.dll+0x21d9f]
C  [msvcr100.dll+0x21e3b]
C  [KERNEL32.DLL+0x8364]
C  [ntdll.dll+0x670d1]

VM_Operation (0x0000000019a2aa30): Exit, mode: safepoint, requested by thread 0x0000000018e3d000


---------------  P R O C E S S  ---------------

Java Threads: ( => current thread )
  0x00000000203d2000 JavaThread "Prism Font Disposer" daemon [_thread_blocked, id=4840, stack(0x0000000021380000,0x0000000021480000)]
  0x0000000018ee8800 JavaThread "JavaFX-Launcher" [_thread_blocked, id=15700, stack(0x000000001e4c0000,0x000000001e5c0000)]
  0x0000000018eca000 JavaThread "Thread-2" daemon [_thread_in_native, id=4536, stack(0x000000001e3c0000,0x000000001e4c0000)]
  0x0000000018e3d000 JavaThread "JavaFX Application Thread" [_thread_blocked, id=14384, stack(0x0000000019930000,0x0000000019a30000)]
  0x0000000018e24800 JavaThread "Thread-1" daemon [_thread_blocked, id=2428, stack(0x0000000019830000,0x0000000019930000)]
  0x0000000018be3800 JavaThread "QuantumRenderer-0" daemon [_thread_blocked, id=15980, stack(0x0000000019620000,0x0000000019720000)]
  0x0000000016f2d000 JavaThread "Service Thread" daemon [_thread_blocked, id=13028, stack(0x0000000018c20000,0x0000000018d20000)]
  0x0000000016ee4800 JavaThread "C1 CompilerThread2" daemon [_thread_blocked, id=7812, stack(0x0000000018720000,0x0000000018820000)]
  0x0000000016ed3800 JavaThread "C2 CompilerThread1" daemon [_thread_blocked, id=1040, stack(0x0000000018620000,0x0000000018720000)]
  0x0000000016ed0800 JavaThread "C2 CompilerThread0" daemon [_thread_blocked, id=14952, stack(0x0000000018520000,0x0000000018620000)]
  0x0000000016ecf000 JavaThread "Attach Listener" daemon [_thread_blocked, id=5468, stack(0x0000000018420000,0x0000000018520000)]
  0x0000000016ece000 JavaThread "Signal Dispatcher" daemon [_thread_blocked, id=4968, stack(0x0000000018320000,0x0000000018420000)]
  0x0000000016eba800 JavaThread "Finalizer" daemon [_thread_blocked, id=14588, stack(0x0000000018130000,0x0000000018230000)]
  0x0000000002331800 JavaThread "Reference Handler" daemon [_thread_blocked, id=2456, stack(0x0000000018030000,0x0000000018130000)]
  0x000000000218e800 JavaThread "main" [_thread_blocked, id=14400, stack(0x0000000002080000,0x0000000002180000)]

Other Threads:
=>0x0000000016e98000 VMThread [stack: 0x0000000017f30000,0x0000000018030000] [id=10428]

VM state:at safepoint (shutting down)

VM Mutex/Monitor currently owned by a thread:  ([mutex/lock_event])
[0x00000000022409d0] Threads_lock - owner thread: 0x0000000016e98000

Heap:
 PSYoungGen      total 80896K, used 54739K [0x00000000d5b00000, 0x00000000db900000, 0x0000000100000000)
  eden space 66560K, 82% used [0x00000000d5b00000,0x00000000d9074e60,0x00000000d9c00000)
  from space 14336K, 0% used [0x00000000dab00000,0x00000000dab00000,0x00000000db900000)
  to   space 14848K, 0% used [0x00000000d9c00000,0x00000000d9c00000,0x00000000daa80000)
 ParOldGen       total 69120K, used 18523K [0x0000000081000000, 0x0000000085380000, 0x00000000d5b00000)
  object space 69120K, 26% used [0x0000000081000000,0x0000000082216d60,0x0000000085380000)
 Metaspace       used 25516K, capacity 27540K, committed 27696K, reserved 1073152K
  class space    used 3706K, capacity 4056K, committed 4144K, reserved 1048576K

Card table byte_map: [0x0000000011700000,0x0000000011b00000] byte_map_base: 0x00000000112f8000

Marking Bits: (ParMarkBitMap*) 0x000000005b57b6d0
 Begin Bits: [0x00000000121b0000, 0x0000000014170000)
 End Bits:   [0x0000000014170000, 0x0000000016130000)

Polling page: 0x0000000000940000

CodeCache: size=245760Kb used=12854Kb max_used=12908Kb free=232905Kb
 bounds [0x0000000002340000, 0x0000000002ff0000, 0x0000000011340000]
 total_blobs=4886 nmethods=4177 adapters=619
 compilation: enabled

Compilation events (10 events):
Event: 10.991 Thread 0x0000000016ee4800 nmethod 4436 0x0000000002fb89d0 code [0x0000000002fb8b20, 0x0000000002fb8c70]
Event: 10.992 Thread 0x0000000016ee4800 4437       3       java.util.concurrent.locks.ReentrantLock::unlock (10 bytes)
Event: 10.993 Thread 0x0000000016ee4800 nmethod 4437 0x0000000002fb8310 code [0x0000000002fb84a0, 0x0000000002fb8898]
Event: 10.993 Thread 0x0000000016ed3800 nmethod 4433 0x0000000002fb5110 code [0x0000000002fb5260, 0x0000000002fb53b8]
Event: 11.010 Thread 0x0000000016ee4800 4438       3       java.util.concurrent.locks.ReentrantLock::lock (8 bytes)
Event: 11.011 Thread 0x0000000016ee4800 nmethod 4438 0x0000000002fb7ed0 code [0x0000000002fb8040, 0x0000000002fb8268]
Event: 11.011 Thread 0x0000000016ee4800 4439       3       java.util.concurrent.locks.ReentrantLock$NonfairSync::lock (25 bytes)
Event: 11.011 Thread 0x0000000016ee4800 nmethod 4439 0x0000000002fb7250 code [0x0000000002fb7420, 0x0000000002fb7c78]
Event: 11.016 Thread 0x0000000016ee4800 4440       1       java.util.logging.Logger::getName (5 bytes)
Event: 11.016 Thread 0x0000000016ee4800 nmethod 4440 0x0000000002fb6f90 code [0x0000000002fb70e0, 0x0000000002fb71f0]

GC Heap History (10 events):
Event: 5.470 GC heap before
{Heap before GC invocations=3 (full 0):
 PSYoungGen      total 38400K, used 38377K [0x00000000d5b00000, 0x00000000d8580000, 0x0000000100000000)
  eden space 33280K, 100% used [0x00000000d5b00000,0x00000000d7b80000,0x00000000d7b80000)
  from space 5120K, 99% used [0x00000000d8080000,0x00000000d857a590,0x00000000d8580000)
  to   space 5120K, 0% used [0x00000000d7b80000,0x00000000d7b80000,0x00000000d8080000)
 ParOldGen       total 87552K, used 10649K [0x0000000081000000, 0x0000000086580000, 0x00000000d5b00000)
  object space 87552K, 12% used [0x0000000081000000,0x0000000081a66628,0x0000000086580000)
 Metaspace       used 19040K, capacity 20010K, committed 20096K, reserved 1067008K
  class space    used 2688K, capacity 2907K, committed 2944K, reserved 1048576K
Event: 5.480 GC heap after
Heap after GC invocations=3 (full 0):
 PSYoungGen      total 38400K, used 5113K [0x00000000d5b00000, 0x00000000d8580000, 0x0000000100000000)
  eden space 33280K, 0% used [0x00000000d5b00000,0x00000000d5b00000,0x00000000d7b80000)
  from space 5120K, 99% used [0x00000000d7b80000,0x00000000d807e570,0x00000000d8080000)
  to   space 5120K, 0% used [0x00000000d8080000,0x00000000d8080000,0x00000000d8580000)
 ParOldGen       total 87552K, used 12244K [0x0000000081000000, 0x0000000086580000, 0x00000000d5b00000)
  object space 87552K, 13% used [0x0000000081000000,0x0000000081bf50d8,0x0000000086580000)
 Metaspace       used 19040K, capacity 20010K, committed 20096K, reserved 1067008K
  class space    used 2688K, capacity 2907K, committed 2944K, reserved 1048576K
}
Event: 7.532 GC heap before
{Heap before GC invocations=4 (full 0):
 PSYoungGen      total 38400K, used 38393K [0x00000000d5b00000, 0x00000000d8580000, 0x0000000100000000)
  eden space 33280K, 100% used [0x00000000d5b00000,0x00000000d7b80000,0x00000000d7b80000)
  from space 5120K, 99% used [0x00000000d7b80000,0x00000000d807e570,0x00000000d8080000)
  to   space 5120K, 0% used [0x00000000d8080000,0x00000000d8080000,0x00000000d8580000)
 ParOldGen       total 87552K, used 12244K [0x0000000081000000, 0x0000000086580000, 0x00000000d5b00000)
  object space 87552K, 13% used [0x0000000081000000,0x0000000081bf50d8,0x0000000086580000)
 Metaspace       used 19747K, capacity 20752K, committed 20992K, reserved 1067008K
  class space    used 2823K, capacity 3036K, committed 3072K, reserved 1048576K
Event: 7.541 GC heap after
Heap after GC invocations=4 (full 0):
 PSYoungGen      total 38400K, used 5113K [0x00000000d5b00000, 0x00000000d8580000, 0x0000000100000000)
  eden space 33280K, 0% used [0x00000000d5b00000,0x00000000d5b00000,0x00000000d7b80000)
  from space 5120K, 99% used [0x00000000d8080000,0x00000000d857e520,0x00000000d8580000)
  to   space 5120K, 0% used [0x00000000d7b80000,0x00000000d7b80000,0x00000000d8080000)
 ParOldGen       total 87552K, used 13656K [0x0000000081000000, 0x0000000086580000, 0x00000000d5b00000)
  object space 87552K, 15% used [0x0000000081000000,0x0000000081d56278,0x0000000086580000)
 Metaspace       used 19747K, capacity 20752K, committed 20992K, reserved 1067008K
  class space    used 2823K, capacity 3036K, committed 3072K, reserved 1048576K
}
Event: 7.814 GC heap before
{Heap before GC invocations=5 (full 0):
 PSYoungGen      total 38400K, used 38393K [0x00000000d5b00000, 0x00000000d8580000, 0x0000000100000000)
  eden space 33280K, 100% used [0x00000000d5b00000,0x00000000d7b80000,0x00000000d7b80000)
  from space 5120K, 99% used [0x00000000d8080000,0x00000000d857e520,0x00000000d8580000)
  to   space 5120K, 0% used [0x00000000d7b80000,0x00000000d7b80000,0x00000000d8080000)
 ParOldGen       total 87552K, used 13656K [0x0000000081000000, 0x0000000086580000, 0x00000000d5b00000)
  object space 87552K, 15% used [0x0000000081000000,0x0000000081d56278,0x0000000086580000)
 Metaspace       used 19877K, capacity 20958K, committed 20992K, reserved 1067008K
  class space    used 2829K, capacity 3047K, committed 3072K, reserved 1048576K
Event: 7.825 GC heap after
Heap after GC invocations=5 (full 0):
 PSYoungGen      total 38400K, used 4576K [0x00000000d5b00000, 0x00000000dba00000, 0x0000000100000000)
  eden space 33280K, 0% used [0x00000000d5b00000,0x00000000d5b00000,0x00000000d7b80000)
  from space 5120K, 89% used [0x00000000d7b80000,0x00000000d7ff8030,0x00000000d8080000)
  to   space 15360K, 0% used [0x00000000dab00000,0x00000000dab00000,0x00000000dba00000)
 ParOldGen       total 87552K, used 15377K [0x0000000081000000, 0x0000000086580000, 0x00000000d5b00000)
  object space 87552K, 17% used [0x0000000081000000,0x0000000081f04788,0x0000000086580000)
 Metaspace       used 19877K, capacity 20958K, committed 20992K, reserved 1067008K
  class space    used 2829K, capacity 3047K, committed 3072K, reserved 1048576K
}
Event: 7.999 GC heap before
{Heap before GC invocations=6 (full 0):
 PSYoungGen      total 38400K, used 24555K [0x00000000d5b00000, 0x00000000dba00000, 0x0000000100000000)
  eden space 33280K, 60% used [0x00000000d5b00000,0x00000000d6e82c70,0x00000000d7b80000)
  from space 5120K, 89% used [0x00000000d7b80000,0x00000000d7ff8030,0x00000000d8080000)
  to   space 15360K, 0% used [0x00000000dab00000,0x00000000dab00000,0x00000000dba00000)
 ParOldGen       total 87552K, used 15377K [0x0000000081000000, 0x0000000086580000, 0x00000000d5b00000)
  object space 87552K, 17% used [0x0000000081000000,0x0000000081f04788,0x0000000086580000)
 Metaspace       used 20143K, capacity 21246K, committed 21296K, reserved 1067008K
  class space    used 2869K, capacity 3091K, committed 3120K, reserved 1048576K
Event: 8.011 GC heap after
Heap after GC invocations=6 (full 0):
 PSYoungGen      total 80896K, used 5268K [0x00000000d5b00000, 0x00000000db900000, 0x0000000100000000)
  eden space 66560K, 0% used [0x00000000d5b00000,0x00000000d5b00000,0x00000000d9c00000)
  from space 14336K, 36% used [0x00000000dab00000,0x00000000db0252b0,0x00000000db900000)
  to   space 14848K, 0% used [0x00000000d9c00000,0x00000000d9c00000,0x00000000daa80000)
 ParOldGen       total 87552K, used 15377K [0x0000000081000000, 0x0000000086580000, 0x00000000d5b00000)
  object space 87552K, 17% used [0x0000000081000000,0x0000000081f04788,0x0000000086580000)
 Metaspace       used 20143K, capacity 21246K, committed 21296K, reserved 1067008K
  class space    used 2869K, capacity 3091K, committed 3120K, reserved 1048576K
}
Event: 8.011 GC heap before
{Heap before GC invocations=7 (full 1):
 PSYoungGen      total 80896K, used 5268K [0x00000000d5b00000, 0x00000000db900000, 0x0000000100000000)
  eden space 66560K, 0% used [0x00000000d5b00000,0x00000000d5b00000,0x00000000d9c00000)
  from space 14336K, 36% used [0x00000000dab00000,0x00000000db0252b0,0x00000000db900000)
  to   space 14848K, 0% used [0x00000000d9c00000,0x00000000d9c00000,0x00000000daa80000)
 ParOldGen       total 87552K, used 15377K [0x0000000081000000, 0x0000000086580000, 0x00000000d5b00000)
  object space 87552K, 17% used [0x0000000081000000,0x0000000081f04788,0x0000000086580000)
 Metaspace       used 20143K, capacity 21246K, committed 21296K, reserved 1067008K
  class space    used 2869K, capacity 3091K, committed 3120K, reserved 1048576K
Event: 8.073 GC heap after
Heap after GC invocations=7 (full 1):
 PSYoungGen      total 80896K, used 0K [0x00000000d5b00000, 0x00000000db900000, 0x0000000100000000)
  eden space 66560K, 0% used [0x00000000d5b00000,0x00000000d5b00000,0x00000000d9c00000)
  from space 14336K, 0% used [0x00000000dab00000,0x00000000dab00000,0x00000000db900000)
  to   space 14848K, 0% used [0x00000000d9c00000,0x00000000d9c00000,0x00000000daa80000)
 ParOldGen       total 69120K, used 18523K [0x0000000081000000, 0x0000000085380000, 0x00000000d5b00000)
  object space 69120K, 26% used [0x0000000081000000,0x0000000082216d60,0x0000000085380000)
 Metaspace       used 20143K, capacity 21246K, committed 21296K, reserved 1067008K
  class space    used 2869K, capacity 3091K, committed 3120K, reserved 1048576K
}

Deoptimization events (10 events):
Event: 9.904 Thread 0x0000000018e3d000 Uncommon trap: reason=unstable_if action=reinterpret pc=0x0000000002539040 method=java.lang.CharacterData.of(I)Ljava/lang/CharacterData; @ 4
Event: 9.932 Thread 0x0000000018e3d000 Uncommon trap: reason=array_check action=maybe_recompile pc=0x0000000002efe354 method=com.sun.javafx.css.CompoundSelector.applies(Ljavafx/css/Styleable;[Ljava/util/Set;I)Z @ 128
Event: 9.932 Thread 0x0000000018e3d000 Uncommon trap: reason=array_check action=maybe_recompile pc=0x0000000002efe354 method=com.sun.javafx.css.CompoundSelector.applies(Ljavafx/css/Styleable;[Ljava/util/Set;I)Z @ 128
Event: 9.932 Thread 0x0000000018e3d000 Uncommon trap: reason=array_check action=maybe_recompile pc=0x0000000002efe354 method=com.sun.javafx.css.CompoundSelector.applies(Ljavafx/css/Styleable;[Ljava/util/Set;I)Z @ 128
Event: 9.932 Thread 0x0000000018e3d000 Uncommon trap: reason=array_check action=maybe_recompile pc=0x0000000002efe354 method=com.sun.javafx.css.CompoundSelector.applies(Ljavafx/css/Styleable;[Ljava/util/Set;I)Z @ 128
Event: 9.935 Thread 0x0000000018e3d000 Uncommon trap: reason=unstable_if action=reinterpret pc=0x0000000002ebc848 method=java.lang.StrictMath.floorOrCeil(DDDD)D @ 24
Event: 9.951 Thread 0x0000000018e3d000 Uncommon trap: reason=unstable_if action=reinterpret pc=0x0000000002ab3ac4 method=java.util.EnumMap.isValidKey(Ljava/lang/Object;)Z @ 16
Event: 9.953 Thread 0x0000000018e3d000 Uncommon trap: reason=unstable_if action=reinterpret pc=0x0000000002ab875c method=java.util.EnumMap.isValidKey(Ljava/lang/Object;)Z @ 16
Event: 9.954 Thread 0x0000000018e3d000 Uncommon trap: reason=unstable_if action=reinterpret pc=0x0000000002e2402c method=javafx.scene.Node.impl_isDirtyEmpty()Z @ 4
Event: 9.987 Thread 0x0000000018e3d000 Uncommon trap: reason=unstable_if action=reinterpret pc=0x00000000028c5ee8 method=jdk.internal.org.objectweb.asm.Type.getArgumentsAndReturnSizes(Ljava/lang/String;)I @ 47

Internal exceptions (10 events):
Event: 2.644 Thread 0x0000000018e3d000 Implicit null exception at 0x00000000026bef5b to 0x00000000026bf929
Event: 2.648 Thread 0x0000000018e3d000 Implicit null exception at 0x00000000026cf09b to 0x00000000026cfa69
Event: 3.036 Thread 0x0000000018e3d000 Implicit null exception at 0x00000000025b24d6 to 0x00000000025b2879
Event: 3.393 Thread 0x0000000018e3d000 Exception <a 'java/lang/ArrayIndexOutOfBoundsException': 57> (0x00000000d6044248) thrown at [C:\re\workspace\8-2-build-windows-amd64-cygwin\jdk8u121\8372\hotspot\src\share\vm\interpreter\interpreterRuntime.cpp, line 366]
Event: 4.552 Thread 0x0000000018e3d000 Implicit null exception at 0x000000000264f0f5 to 0x000000000264f311
Event: 4.552 Thread 0x0000000018e3d000 Implicit null exception at 0x000000000275a258 to 0x000000000275a2e6
Event: 8.547 Thread 0x0000000018e3d000 Implicit null exception at 0x0000000002c9fd9a to 0x0000000002ca05a9
Event: 9.570 Thread 0x0000000018be3800 Implicit null exception at 0x0000000002b0ae11 to 0x0000000002b0df99
Event: 9.615 Thread 0x0000000018be3800 Implicit null exception at 0x0000000002afd164 to 0x0000000002b005a1
Event: 11.017 Thread 0x0000000022130800 Exception <a 'java/lang/IllegalStateException'> (0x00000000d8f2e538) thrown at [C:\re\workspace\8-2-build-windows-amd64-cygwin\jdk8u121\8372\hotspot\src\share\vm\prims\jvm.cpp, line 1394]

Events (10 events):
Event: 11.015 Thread 0x0000000022130800 Thread added: 0x0000000022130800
Event: 11.016 loading class com/sun/javafx/tk/quantum/QuantumRenderer
Event: 11.016 loading class com/sun/javafx/tk/quantum/QuantumRenderer done
Event: 11.016 Thread 0x0000000020992000 Thread exited: 0x0000000020992000
Event: 11.016 Executing VM operation: RevokeBias
Event: 11.016 Executing VM operation: RevokeBias done
Event: 11.017 loading class com/sun/javafx/tk/quantum/QuantumToolkit
Event: 11.017 loading class com/sun/javafx/tk/quantum/QuantumToolkit done
Event: 11.017 Thread 0x0000000022130800 Thread exited: 0x0000000022130800
Event: 11.017 Executing VM operation: Exit


Dynamic libraries:
0x00007ff666b80000 - 0x00007ff666bb7000 	C:\Program Files\Java\jdk1.8.0_121\bin\javaw.exe
0x00007ffccc480000 - 0x00007ffccc651000 	C:\WINDOWS\SYSTEM32\ntdll.dll
0x00007ffccba80000 - 0x00007ffccbb2c000 	C:\WINDOWS\System32\KERNEL32.DLL
0x00007ffcc9300000 - 0x00007ffcc951d000 	C:\WINDOWS\System32\KERNELBASE.dll
0x00007ffcc9a70000 - 0x00007ffcc9b12000 	C:\WINDOWS\System32\ADVAPI32.dll
0x00007ffccbb30000 - 0x00007ffccbbce000 	C:\WINDOWS\System32\msvcrt.dll
0x00007ffcc9b20000 - 0x00007ffcc9b79000 	C:\WINDOWS\System32\sechost.dll
0x00007ffccb210000 - 0x00007ffccb331000 	C:\WINDOWS\System32\RPCRT4.dll
0x00007ffcc9b90000 - 0x00007ffcc9cf5000 	C:\WINDOWS\System32\USER32.dll
0x00007ffcc8980000 - 0x00007ffcc899e000 	C:\WINDOWS\System32\win32u.dll
0x00007ffccb340000 - 0x00007ffccb374000 	C:\WINDOWS\System32\GDI32.dll
0x00007ffcc9890000 - 0x00007ffcc9a10000 	C:\WINDOWS\System32\gdi32full.dll
0x00007ffcc0b30000 - 0x00007ffcc0daa000 	C:\WINDOWS\WinSxS\amd64_microsoft.windows.common-controls_6595b64144ccf1df_6.0.14393.953_none_42151e83c686086b\COMCTL32.dll
0x00007ffccb380000 - 0x00007ffccb648000 	C:\WINDOWS\System32\combase.dll
0x00007ffcc9790000 - 0x00007ffcc9885000 	C:\WINDOWS\System32\ucrtbase.dll
0x00007ffcc8a50000 - 0x00007ffcc8aba000 	C:\WINDOWS\System32\bcryptPrimitives.dll
0x00007ffccc3c0000 - 0x00007ffccc3ee000 	C:\WINDOWS\System32\IMM32.DLL
0x000000005ac80000 - 0x000000005ad52000 	C:\Program Files\Java\jdk1.8.0_121\jre\bin\msvcr100.dll
0x000000005ad60000 - 0x000000005b5fb000 	C:\Program Files\Java\jdk1.8.0_121\jre\bin\server\jvm.dll
0x00007ffcc9b80000 - 0x00007ffcc9b88000 	C:\WINDOWS\System32\PSAPI.DLL
0x00007ffcc6e30000 - 0x00007ffcc6e53000 	C:\WINDOWS\SYSTEM32\WINMM.dll
0x00007ffcbe290000 - 0x00007ffcbe29a000 	C:\WINDOWS\SYSTEM32\VERSION.dll
0x00007ffcba860000 - 0x00007ffcba869000 	C:\WINDOWS\SYSTEM32\WSOCK32.dll
0x00007ffccc350000 - 0x00007ffccc3ba000 	C:\WINDOWS\System32\WS2_32.dll
0x00007ffcc6d80000 - 0x00007ffcc6dab000 	C:\WINDOWS\SYSTEM32\WINMMBASE.dll
0x00007ffcc92b0000 - 0x00007ffcc92f2000 	C:\WINDOWS\System32\cfgmgr32.dll
0x000000005b7e0000 - 0x000000005b7ef000 	C:\Program Files\Java\jdk1.8.0_121\jre\bin\verify.dll
0x000000005b7b0000 - 0x000000005b7d9000 	C:\Program Files\Java\jdk1.8.0_121\jre\bin\java.dll
0x000000005b790000 - 0x000000005b7a6000 	C:\Program Files\Java\jdk1.8.0_121\jre\bin\zip.dll
0x00007ffcc9d00000 - 0x00007ffccb208000 	C:\WINDOWS\System32\SHELL32.dll
0x00007ffcc8b70000 - 0x00007ffcc924a000 	C:\WINDOWS\System32\windows.storage.dll
0x00007ffcc8930000 - 0x00007ffcc897c000 	C:\WINDOWS\System32\powrprof.dll
0x00007ffccbf70000 - 0x00007ffccbfc2000 	C:\WINDOWS\System32\shlwapi.dll
0x00007ffcc8910000 - 0x00007ffcc891f000 	C:\WINDOWS\System32\kernel.appcore.dll
0x00007ffcc89a0000 - 0x00007ffcc8a49000 	C:\WINDOWS\System32\shcore.dll
0x00007ffcc88f0000 - 0x00007ffcc8904000 	C:\WINDOWS\System32\profapi.dll
0x00007ffca0f50000 - 0x00007ffca103f000 	C:\Program Files\Java\jdk1.8.0_121\jre\bin\msvcr120.dll
0x00007ffca0c00000 - 0x00007ffca0ca6000 	C:\Program Files\Java\jdk1.8.0_121\jre\bin\msvcp120.dll
0x000000005b6e0000 - 0x000000005b702000 	C:\Program Files\Java\jdk1.8.0_121\jre\bin\prism_d3d.dll
0x00007ffc986b0000 - 0x00007ffc9883d000 	C:\WINDOWS\system32\d3d9.dll
0x00007ffcc6b70000 - 0x00007ffcc6b96000 	C:\WINDOWS\SYSTEM32\dwmapi.dll
0x00007ffcc7070000 - 0x00007ffcc7105000 	C:\WINDOWS\system32\uxtheme.dll
0x00007ffccc290000 - 0x00007ffccc34f000 	C:\WINDOWS\System32\OLEAUT32.dll
0x00007ffcc96f0000 - 0x00007ffcc978c000 	C:\WINDOWS\System32\msvcp_win.dll
0x00007ffccbe30000 - 0x00007ffccbf68000 	C:\WINDOWS\System32\ole32.dll
0x000000005ac30000 - 0x000000005ac73000 	C:\Program Files\Java\jdk1.8.0_121\jre\bin\glass.dll
0x00007ffccbbd0000 - 0x00007ffccbcca000 	C:\WINDOWS\System32\COMDLG32.dll
0x00007ffccbcd0000 - 0x00007ffccbe2a000 	C:\WINDOWS\System32\MSCTF.dll
0x00007ffc839d0000 - 0x00007ffc84516000 	C:\WINDOWS\SYSTEM32\ig75icd64.dll
0x00007ffcbe5c0000 - 0x00007ffcbf000000 	C:\WINDOWS\SYSTEM32\igdusc64.dll
0x00007ffcc5790000 - 0x00007ffcc57a3000 	C:\WINDOWS\SYSTEM32\WTSAPI32.dll
0x00007ffc9e290000 - 0x00007ffc9e3b3000 	C:\WINDOWS\SYSTEM32\OPENGL32.dll
0x00007ffc9e0b0000 - 0x00007ffc9e1a7000 	C:\WINDOWS\SYSTEM32\DDRAW.dll
0x00007ffc9e220000 - 0x00007ffc9e24d000 	C:\WINDOWS\SYSTEM32\GLU32.dll
0x00007ffc9f6c0000 - 0x00007ffc9f6c8000 	C:\WINDOWS\SYSTEM32\DCIMAN32.dll
0x000000005ac10000 - 0x000000005ac24000 	C:\Program Files\Java\jdk1.8.0_121\jre\bin\javafx_font.dll
0x00007ffcbc710000 - 0x00007ffcbc979000 	C:\WINDOWS\SYSTEM32\dwrite.dll
0x000000005b720000 - 0x000000005b744000 	C:\Program Files\Java\jdk1.8.0_121\jre\bin\sunec.dll
0x000000005b770000 - 0x000000005b78a000 	C:\Program Files\Java\jdk1.8.0_121\jre\bin\net.dll
0x00007ffcc81c0000 - 0x00007ffcc821c000 	C:\WINDOWS\system32\mswsock.dll
0x00007ffcc7f40000 - 0x00007ffcc7f78000 	C:\WINDOWS\SYSTEM32\IPHLPAPI.DLL
0x00007ffccc470000 - 0x00007ffccc478000 	C:\WINDOWS\System32\NSI.dll
0x00007ffcc1c90000 - 0x00007ffcc1ca6000 	C:\WINDOWS\SYSTEM32\dhcpcsvc6.DLL
0x00007ffcc3120000 - 0x00007ffcc313a000 	C:\WINDOWS\SYSTEM32\dhcpcsvc.DLL
0x000000005b750000 - 0x000000005b761000 	C:\Program Files\Java\jdk1.8.0_121\jre\bin\nio.dll
0x00007ffccc030000 - 0x00007ffccc0cf000 	C:\WINDOWS\System32\clbcatq.dll
0x00007ffcc3830000 - 0x00007ffcc39d8000 	C:\WINDOWS\SYSTEM32\WindowsCodecs.dll
0x00007ffcab1d0000 - 0x00007ffcab219000 	C:\WINDOWS\system32\dataexchange.dll
0x00007ffcc5d70000 - 0x00007ffcc6026000 	C:\WINDOWS\system32\d3d11.dll
0x00007ffcc6710000 - 0x00007ffcc6861000 	C:\WINDOWS\system32\dcomp.dll
0x00007ffcc7870000 - 0x00007ffcc790f000 	C:\WINDOWS\system32\dxgi.dll
0x00007ffcc7310000 - 0x00007ffcc742c000 	C:\WINDOWS\system32\twinapi.appcore.dll
0x00007ffcc8840000 - 0x00007ffcc886b000 	C:\WINDOWS\system32\bcrypt.dll
0x00007ffca21a0000 - 0x00007ffca21d2000 	C:\Program Files\Common Files\Microsoft Shared\Ink\rtscom.dll
0x000000005abe0000 - 0x000000005ac03000 	C:\Program Files\Java\jdk1.8.0_121\jre\bin\javafx_iio.dll
0x000000005abc0000 - 0x000000005abd1000 	C:\Program Files\Java\jdk1.8.0_121\jre\bin\prism_common.dll
0x00007ffcbabb0000 - 0x00007ffcbad42000 	C:\WINDOWS\SYSTEM32\dbghelp.dll

VM Arguments:
jvm_args: -Dfile.encoding=UTF-8 
java_command: com.jeeves.vpl.Main
java_class_path (initial): C:\Users\Daniel\workspace\JeevesMaven\target\classes;C:\Users\Daniel\workspace\JeevesMaven\poi-3.15.jar;C:\Users\Daniel\workspace\JeevesMaven\commons-lang3-3.5.jar;C:\Users\Daniel\workspace\JeevesMaven\controlsfx-8.40.12.jar;C:\Users\Daniel\.m2\repository\commons-codec\commons-codec\1.9\commons-codec-1.9.jar;C:\Users\Daniel\.m2\repository\commons-validator\commons-validator\1.4.1\commons-validator-1.4.1.jar;C:\Users\Daniel\.m2\repository\commons-beanutils\commons-beanutils\1.8.3\commons-beanutils-1.8.3.jar;C:\Users\Daniel\.m2\repository\commons-digester\commons-digester\1.8.1\commons-digester-1.8.1.jar;C:\Users\Daniel\.m2\repository\commons-logging\commons-logging\1.2\commons-logging-1.2.jar;C:\Users\Daniel\.m2\repository\commons-collections\commons-collections\3.2.1\commons-collections-3.2.1.jar;C:\Users\Daniel\.m2\repository\org\apache\shiro\shiro-core\1.3.2\shiro-core-1.3.2.jar;C:\Users\Daniel\.m2\repository\org\slf4j\slf4j-api\1.6.4\slf4j-api-1.6.4.jar;C:\Users\Daniel\.m2\repository\com\google\firebase\firebase-admin\5.1.0\firebase-admin-5.1.0.jar;C:\Users\Daniel\.m2\repository\com\google\api-client\google-api-client\1.22.0\google-api-client-1.22.0.jar;C:\Users\Daniel\.m2\repository\com\google\oauth-client\google-oauth-client\1.22.0\google-oauth-client-1.22.0.jar;C:\Users\Daniel\.m2\repository\com\google\http-client\google-http-client-jackson2\1.22.0\google-http-client-jackson2-1.22.0.jar;C:\Users\Daniel\.m2\repository\com\fasterxml\jackson\core\jackson-core\2.1.3\jackson-core-2.1.3.jar;C:\Users\Daniel\.m2\repository\com\google\api-client\google-api-client-gson\1.22.0\google-api-client-gson-1.22.0.jar;C:\Users\Daniel\.m2\repository\com\google\http-client\google-http-client-gson\1.22.0\google-http-client-gson-1.22.0.jar;C:\Users\Daniel\.m2\repository\com\google\code\gson\gson\2.1\gson-2.1.jar;C:\Users\Daniel\.m2\repository\com\google\http-client\google-http-client\1.22.0\google-http-client-1.22.0.jar;C:\Users\Daniel\.m2\repository\com
Launcher Type: SUN_STANDARD

Environment Variables:
JAVA_HOME=C:\Program Files\Java\jdk1.8.0_121
CLASSPATH=.
USERNAME=Daniel
OS=Windows_NT
PROCESSOR_IDENTIFIER=Intel64 Family 6 Model 69 Stepping 1, GenuineIntel



---------------  S Y S T E M  ---------------

OS: Windows 10.0 , 64 bit Build 14393 (10.0.14393.1198)

CPU:total 4 (2 cores per cpu, 2 threads per core) family 6 model 69 stepping 1, cmov, cx8, fxsr, mmx, sse, sse2, sse3, ssse3, sse4.1, sse4.2, popcnt, avx, avx2, aes, clmul, erms, lzcnt, ht, tsc, tscinvbit, bmi1, bmi2

Memory: 4k page, physical 8317080k(1343564k free), swap 15286376k(1966448k free)

vm_info: Java HotSpot(TM) 64-Bit Server VM (25.121-b13) for windows-amd64 JRE (1.8.0_121-b13), built on Dec 12 2016 18:21:36 by "java_re" with MS VC++ 10.0 (VS2010)

time: Tue Jul 11 01:33:33 2017
elapsed time: 11 seconds (0d 0h 0m 11s)

