#
# A fatal error has been detected by the Java Runtime Environment:
#
#  EXCEPTION_ACCESS_VIOLATION (0xc0000005) at pc=0x000000005d95584a, pid=3924, tid=0x0000000000003cc4
#
# JRE version: Java(TM) SE Runtime Environment (8.0_121-b13) (build 1.8.0_121-b13)
# Java VM: Java HotSpot(TM) 64-Bit Server VM (25.121-b13 mixed mode windows-amd64 compressed oops)
# Problematic frame:
# C  [glass.dll+0x2584a]
#
# Failed to write core dump. Minidumps are not enabled by default on client versions of Windows
#
# If you would like to submit a bug report, please visit:
#   http://bugreport.java.com/bugreport/crash.jsp
#

---------------  T H R E A D  ---------------

Current thread (0x0000000017807800):  VMThread [stack: 0x00000000188a0000,0x00000000189a0000] [id=15556]

siginfo: ExceptionCode=0xc0000005, reading address 0x0000000000000000

Registers:
RAX=0x0000000000000000, RBX=0x0000000019cebb28, RCX=0x0000000017807800, RDX=0x0000000019cebb28
RSP=0x000000001899f520, RBP=0x0000000000d77f90, RSI=0x0000000000000001, RDI=0x0000000000000000
R8 =0x0000000000010002, R9 =0x0000000000d77f90, R10=0x0000000000000000, R11=0x0000000000000246
R12=0x0000000000d77fc0, R13=0x0000000000d77f90, R14=0x0000000000d77fa0, R15=0x0000000000000000
RIP=0x000000005d95584a, EFLAGS=0x0000000000010206

Top of Stack: (sp=0x000000001899f520)
0x000000001899f520:   0000000000000000 000000005d955900
0x000000001899f530:   0000000000000000 0000000000d77f90
0x000000001899f540:   000000005d955830 000000005d953224
0x000000001899f550:   000000005d9691b0 00007ffa989c013f
0x000000001899f560:   0000000000000001 0000000000dc8bc0
0x000000001899f570:   000000005d953384 000000005d930000
0x000000001899f580:   00007ffa183c31b0 000000005d9534a6
0x000000001899f590:   0000000000000001 0000000017715400
0x000000001899f5a0:   0000000000000000 0000000000000000
0x000000001899f5b0:   c000000500000001 000000001899e690
0x000000001899f5c0:   000000005d953384 00007ffa1829a35f
0x000000001899f5d0:   0000000000000000 0000000000000001
0x000000001899f5e0:   000000005d930000 0000000000000000
0x000000001899f5f0:   00004b20cf44fd5b 0000000000d58c80
0x000000001899f600:   00007ffa158c4200 0000000002a06200
0x000000001899f610:   0000000002a06200 0000000000d5cca0 

Instructions: (pc=0x000000005d95584a)
0x000000005d95582a:   83 c4 20 5d c3 cc 40 53 48 83 ec 20 48 8b 1d cb
0x000000005d95583a:   5b 01 00 48 85 db 74 1a e8 19 93 ff ff 48 8b d3
0x000000005d95584a:   4c 8b 00 48 8b c8 48 83 c4 20 5b 49 ff a0 b0 00
0x000000005d95585a:   00 00 48 83 c4 20 5b c3 cc cc cc cc cc cc cc cc 


Register to memory mapping:

RAX=0x0000000000000000 is an unknown value
RBX=0x0000000019cebb28 is a global jni handle
RCX=0x0000000017807800 is an unknown value
RDX=0x0000000019cebb28 is a global jni handle
RSP=0x000000001899f520 is an unknown value
RBP=0x0000000000d77f90 is an unknown value
RSI=0x0000000000000001 is an unknown value
RDI=0x0000000000000000 is an unknown value
R8 =0x0000000000010002 is an unknown value
R9 =0x0000000000d77f90 is an unknown value
R10=0x0000000000000000 is an unknown value
R11=0x0000000000000246 is an unknown value
R12=0x0000000000d77fc0 is an unknown value
R13=0x0000000000d77f90 is an unknown value
R14=0x0000000000d77fa0 is an unknown value
R15=0x0000000000000000 is an unknown value


Stack: [0x00000000188a0000,0x00000000189a0000],  sp=0x000000001899f520,  free space=1021k
Native frames: (J=compiled Java code, j=interpreted, Vv=VM code, C=native code)
C  [glass.dll+0x2584a]
C  [glass.dll+0x23224]
C  [glass.dll+0x234a6]
C  [ntdll.dll+0x2a35f]
C  [ntdll.dll+0x806b]
C  [ntdll.dll+0x7d94]
C  [KERNEL32.DLL+0x1ce6a]
C  [msvcr100.dll+0x20ccd]
V  [jvm.dll+0x212cb5]
V  [jvm.dll+0x24bd17]
V  [jvm.dll+0x24afb6]
V  [jvm.dll+0x24b451]
V  [jvm.dll+0x24b66e]
V  [jvm.dll+0x29c69a]
C  [msvcr100.dll+0x21d9f]
C  [msvcr100.dll+0x21e3b]
C  [KERNEL32.DLL+0x8364]
C  [ntdll.dll+0x670d1]

VM_Operation (0x000000001a35ab10): Exit, mode: safepoint, requested by thread 0x00000000197a3000


---------------  P R O C E S S  ---------------

Java Threads: ( => current thread )
  0x0000000020ced800 JavaThread "pool-5-thread-3" [_thread_blocked, id=4684, stack(0x000000002a8e0000,0x000000002a9e0000)]
  0x0000000020cec800 JavaThread "Keep-Alive-Timer" daemon [_thread_blocked, id=7924, stack(0x0000000026260000,0x0000000026360000)]
  0x0000000020ceb000 JavaThread "SessionValidationThread-1" daemon [_thread_blocked, id=15976, stack(0x0000000025bf0000,0x0000000025cf0000)]
  0x0000000020ce7800 JavaThread "TubeSockWriter-2" [_thread_blocked, id=13168, stack(0x0000000024b20000,0x0000000024c20000)]
  0x0000000020ce9000 JavaThread "TubeSockReader-2" [_thread_in_native, id=11596, stack(0x0000000024820000,0x0000000024920000)]
  0x0000000020cea800 JavaThread "pool-6-thread-1" [_thread_blocked, id=11308, stack(0x0000000022d50000,0x0000000022e50000)]
  0x0000000020c72000 JavaThread "Prism Font Disposer" daemon [_thread_blocked, id=14032, stack(0x0000000021e30000,0x0000000021f30000)]
  0x0000000019af9000 JavaThread "FirebaseDatabaseEventTarget" daemon [_thread_blocked, id=14788, stack(0x000000001eef0000,0x000000001eff0000)]
  0x0000000019bf6800 JavaThread "pool-5-thread-1" [_thread_blocked, id=3900, stack(0x000000001edf0000,0x000000001eef0000)]
  0x00000000199d1800 JavaThread "FirebaseDatabaseWorker" daemon [_thread_blocked, id=1388, stack(0x000000001eaf0000,0x000000001ebf0000)]
  0x000000001987c800 JavaThread "JavaFX-Launcher" [_thread_blocked, id=10856, stack(0x000000001e9f0000,0x000000001eaf0000)]
  0x0000000019876000 JavaThread "Thread-2" daemon [_thread_in_native, id=14604, stack(0x000000001e8f0000,0x000000001e9f0000)]
  0x00000000197a3000 JavaThread "JavaFX Application Thread" [_thread_blocked, id=14704, stack(0x000000001a260000,0x000000001a360000)]
  0x0000000019584000 JavaThread "Thread-1" daemon [_thread_blocked, id=12592, stack(0x000000001a160000,0x000000001a260000)]
  0x0000000019570000 JavaThread "QuantumRenderer-0" daemon [_thread_blocked, id=8644, stack(0x0000000019f90000,0x000000001a090000)]
  0x000000001789e800 JavaThread "Service Thread" daemon [_thread_blocked, id=8464, stack(0x0000000019590000,0x0000000019690000)]
  0x000000001784c000 JavaThread "C1 CompilerThread2" daemon [_thread_blocked, id=14100, stack(0x0000000019090000,0x0000000019190000)]
  0x0000000017843000 JavaThread "C2 CompilerThread1" daemon [_thread_blocked, id=10960, stack(0x0000000018f90000,0x0000000019090000)]
  0x0000000017840000 JavaThread "C2 CompilerThread0" daemon [_thread_blocked, id=11808, stack(0x0000000018e90000,0x0000000018f90000)]
  0x000000001783f000 JavaThread "Attach Listener" daemon [_thread_blocked, id=13232, stack(0x0000000018d90000,0x0000000018e90000)]
  0x000000001783d800 JavaThread "Signal Dispatcher" daemon [_thread_blocked, id=15216, stack(0x0000000018c90000,0x0000000018d90000)]
  0x000000001782a800 JavaThread "Finalizer" daemon [_thread_blocked, id=9112, stack(0x0000000018aa0000,0x0000000018ba0000)]
  0x0000000002ca1000 JavaThread "Reference Handler" daemon [_thread_blocked, id=13344, stack(0x00000000189a0000,0x0000000018aa0000)]
  0x0000000002bb2800 JavaThread "main" [_thread_blocked, id=12928, stack(0x0000000002ab0000,0x0000000002bb0000)]

Other Threads:
=>0x0000000017807800 VMThread [stack: 0x00000000188a0000,0x00000000189a0000] [id=15556]

VM state:at safepoint (shutting down)

VM Mutex/Monitor currently owned by a thread:  ([mutex/lock_event])
[0x0000000002a0dca0] Threads_lock - owner thread: 0x0000000017807800

Heap:
 PSYoungGen      total 68096K, used 47925K [0x00000000d5b00000, 0x00000000dc480000, 0x0000000100000000)
  eden space 53760K, 62% used [0x00000000d5b00000,0x00000000d7bcff18,0x00000000d8f80000)
  from space 14336K, 99% used [0x00000000d8f80000,0x00000000d9d7d790,0x00000000d9d80000)
  to   space 19968K, 0% used [0x00000000db100000,0x00000000db100000,0x00000000dc480000)
 ParOldGen       total 83968K, used 21172K [0x0000000081000000, 0x0000000086200000, 0x00000000d5b00000)
  object space 83968K, 25% used [0x0000000081000000,0x00000000824ad028,0x0000000086200000)
 Metaspace       used 32675K, capacity 34810K, committed 34944K, reserved 1079296K
  class space    used 4610K, capacity 4979K, committed 4992K, reserved 1048576K

Card table byte_map: [0x0000000012070000,0x0000000012470000] byte_map_base: 0x0000000011c68000

Marking Bits: (ParMarkBitMap*) 0x000000005ebab6d0
 Begin Bits: [0x0000000012b20000, 0x0000000014ae0000)
 End Bits:   [0x0000000014ae0000, 0x0000000016aa0000)

Polling page: 0x0000000002920000

CodeCache: size=245760Kb used=15708Kb max_used=17093Kb free=230051Kb
 bounds [0x0000000002cb0000, 0x0000000003da0000, 0x0000000011cb0000]
 total_blobs=5839 nmethods=5063 adapters=685
 compilation: enabled

Compilation events (10 events):
Event: 28.792 Thread 0x000000001784c000 5666       3       com.sun.javafx.geom.Rectangle::setBounds (67 bytes)
Event: 28.794 Thread 0x000000001784c000 nmethod 5666 0x0000000002dd63d0 code [0x0000000002dd66a0, 0x0000000002dd6fd8]
Event: 28.794 Thread 0x000000001784c000 5667       3       com.sun.scenario.effect.impl.state.BoxRenderState::validateWeights (477 bytes)
Event: 28.800 Thread 0x000000001784c000 nmethod 5667 0x0000000003437810 code [0x0000000003437b60, 0x0000000003439188]
Event: 28.807 Thread 0x0000000017840000 5668       4       com.sun.prism.impl.ManagedResource::_isgone (42 bytes)
Event: 28.808 Thread 0x0000000017840000 nmethod 5668 0x0000000002f3e090 code [0x0000000002f3e1e0, 0x0000000002f3e2b8]
Event: 29.142 Thread 0x000000001784c000 5669       3       java.util.logging.LogManager::access$100 (4 bytes)
Event: 29.142 Thread 0x000000001784c000 nmethod 5669 0x0000000002fbb290 code [0x0000000002fbb3e0, 0x0000000002fbb510]
Event: 29.142 Thread 0x000000001784c000 5670       3       java.util.logging.LogManager$LoggerContext::requiresDefaultLoggers (29 bytes)
Event: 29.143 Thread 0x000000001784c000 nmethod 5670 0x0000000002dcd010 code [0x0000000002dcd180, 0x0000000002dcd5a8]

GC Heap History (10 events):
Event: 1.566 GC heap before
{Heap before GC invocations=4 (full 1):
 PSYoungGen      total 38400K, used 5097K [0x00000000d5b00000, 0x00000000da600000, 0x0000000100000000)
  eden space 33280K, 0% used [0x00000000d5b00000,0x00000000d5b00000,0x00000000d7b80000)
  from space 5120K, 99% used [0x00000000d7b80000,0x00000000d807a5a0,0x00000000d8080000)
  to   space 5120K, 0% used [0x00000000da100000,0x00000000da100000,0x00000000da600000)
 ParOldGen       total 87552K, used 11724K [0x0000000081000000, 0x0000000086580000, 0x00000000d5b00000)
  object space 87552K, 13% used [0x0000000081000000,0x0000000081b732c0,0x0000000086580000)
 Metaspace       used 20450K, capacity 21082K, committed 21248K, reserved 1067008K
  class space    used 2799K, capacity 2949K, committed 3072K, reserved 1048576K
Event: 1.637 GC heap after
Heap after GC invocations=4 (full 1):
 PSYoungGen      total 38400K, used 0K [0x00000000d5b00000, 0x00000000da600000, 0x0000000100000000)
  eden space 33280K, 0% used [0x00000000d5b00000,0x00000000d5b00000,0x00000000d7b80000)
  from space 5120K, 0% used [0x00000000d7b80000,0x00000000d7b80000,0x00000000d8080000)
  to   space 5120K, 0% used [0x00000000da100000,0x00000000da100000,0x00000000da600000)
 ParOldGen       total 83968K, used 15803K [0x0000000081000000, 0x0000000086200000, 0x00000000d5b00000)
  object space 83968K, 18% used [0x0000000081000000,0x0000000081f6efd8,0x0000000086200000)
 Metaspace       used 20450K, capacity 21082K, committed 21248K, reserved 1067008K
  class space    used 2799K, capacity 2949K, committed 3072K, reserved 1048576K
}
Event: 1.952 GC heap before
{Heap before GC invocations=5 (full 1):
 PSYoungGen      total 38400K, used 33280K [0x00000000d5b00000, 0x00000000da600000, 0x0000000100000000)
  eden space 33280K, 100% used [0x00000000d5b00000,0x00000000d7b80000,0x00000000d7b80000)
  from space 5120K, 0% used [0x00000000d7b80000,0x00000000d7b80000,0x00000000d8080000)
  to   space 5120K, 0% used [0x00000000da100000,0x00000000da100000,0x00000000da600000)
 ParOldGen       total 83968K, used 15803K [0x0000000081000000, 0x0000000086200000, 0x00000000d5b00000)
  object space 83968K, 18% used [0x0000000081000000,0x0000000081f6efd8,0x0000000086200000)
 Metaspace       used 22941K, capacity 23908K, committed 24192K, reserved 1071104K
  class space    used 3185K, capacity 3404K, committed 3456K, reserved 1048576K
Event: 1.955 GC heap after
Heap after GC invocations=5 (full 1):
 PSYoungGen      total 44544K, used 2579K [0x00000000d5b00000, 0x00000000da400000, 0x0000000100000000)
  eden space 41472K, 0% used [0x00000000d5b00000,0x00000000d5b00000,0x00000000d8380000)
  from space 3072K, 83% used [0x00000000da100000,0x00000000da384f40,0x00000000da400000)
  to   space 5120K, 0% used [0x00000000d9a00000,0x00000000d9a00000,0x00000000d9f00000)
 ParOldGen       total 83968K, used 15803K [0x0000000081000000, 0x0000000086200000, 0x00000000d5b00000)
  object space 83968K, 18% used [0x0000000081000000,0x0000000081f6efd8,0x0000000086200000)
 Metaspace       used 22941K, capacity 23908K, committed 24192K, reserved 1071104K
  class space    used 3185K, capacity 3404K, committed 3456K, reserved 1048576K
}
Event: 2.259 GC heap before
{Heap before GC invocations=6 (full 1):
 PSYoungGen      total 44544K, used 44051K [0x00000000d5b00000, 0x00000000da400000, 0x0000000100000000)
  eden space 41472K, 100% used [0x00000000d5b00000,0x00000000d8380000,0x00000000d8380000)
  from space 3072K, 83% used [0x00000000da100000,0x00000000da384f40,0x00000000da400000)
  to   space 5120K, 0% used [0x00000000d9a00000,0x00000000d9a00000,0x00000000d9f00000)
 ParOldGen       total 83968K, used 15803K [0x0000000081000000, 0x0000000086200000, 0x00000000d5b00000)
  object space 83968K, 18% used [0x0000000081000000,0x0000000081f6efd8,0x0000000086200000)
 Metaspace       used 24047K, capacity 25128K, committed 25472K, reserved 1071104K
  class space    used 3394K, capacity 3600K, committed 3712K, reserved 1048576K
Event: 2.264 GC heap after
Heap after GC invocations=6 (full 1):
 PSYoungGen      total 55808K, used 3413K [0x00000000d5b00000, 0x00000000dac00000, 0x0000000100000000)
  eden space 52224K, 0% used [0x00000000d5b00000,0x00000000d5b00000,0x00000000d8e00000)
  from space 3584K, 95% used [0x00000000d9a00000,0x00000000d9d55628,0x00000000d9d80000)
  to   space 14848K, 0% used [0x00000000d9d80000,0x00000000d9d80000,0x00000000dac00000)
 ParOldGen       total 83968K, used 15811K [0x0000000081000000, 0x0000000086200000, 0x00000000d5b00000)
  object space 83968K, 18% used [0x0000000081000000,0x0000000081f70fd8,0x0000000086200000)
 Metaspace       used 24047K, capacity 25128K, committed 25472K, reserved 1071104K
  class space    used 3394K, capacity 3600K, committed 3712K, reserved 1048576K
}
Event: 2.835 GC heap before
{Heap before GC invocations=7 (full 1):
 PSYoungGen      total 55808K, used 55637K [0x00000000d5b00000, 0x00000000dac00000, 0x0000000100000000)
  eden space 52224K, 100% used [0x00000000d5b00000,0x00000000d8e00000,0x00000000d8e00000)
  from space 3584K, 95% used [0x00000000d9a00000,0x00000000d9d55628,0x00000000d9d80000)
  to   space 14848K, 0% used [0x00000000d9d80000,0x00000000d9d80000,0x00000000dac00000)
 ParOldGen       total 83968K, used 15811K [0x0000000081000000, 0x0000000086200000, 0x00000000d5b00000)
  object space 83968K, 18% used [0x0000000081000000,0x0000000081f70fd8,0x0000000086200000)
 Metaspace       used 26538K, capacity 27986K, committed 28288K, reserved 1073152K
  class space    used 3846K, capacity 4149K, committed 4224K, reserved 1048576K
Event: 2.841 GC heap after
Heap after GC invocations=7 (full 1):
 PSYoungGen      total 68608K, used 5274K [0x00000000d5b00000, 0x00000000db600000, 0x0000000100000000)
  eden space 53760K, 0% used [0x00000000d5b00000,0x00000000d5b00000,0x00000000d8f80000)
  from space 14848K, 35% used [0x00000000d9d80000,0x00000000da2a6b08,0x00000000dac00000)
  to   space 14336K, 0% used [0x00000000d8f80000,0x00000000d8f80000,0x00000000d9d80000)
 ParOldGen       total 83968K, used 15819K [0x0000000081000000, 0x0000000086200000, 0x00000000d5b00000)
  object space 83968K, 18% used [0x0000000081000000,0x0000000081f72fd8,0x0000000086200000)
 Metaspace       used 26538K, capacity 27986K, committed 28288K, reserved 1073152K
  class space    used 3846K, capacity 4149K, committed 4224K, reserved 1048576K
}
Event: 4.696 GC heap before
{Heap before GC invocations=8 (full 1):
 PSYoungGen      total 68608K, used 59034K [0x00000000d5b00000, 0x00000000db600000, 0x0000000100000000)
  eden space 53760K, 100% used [0x00000000d5b00000,0x00000000d8f80000,0x00000000d8f80000)
  from space 14848K, 35% used [0x00000000d9d80000,0x00000000da2a6b08,0x00000000dac00000)
  to   space 14336K, 0% used [0x00000000d8f80000,0x00000000d8f80000,0x00000000d9d80000)
 ParOldGen       total 83968K, used 15819K [0x0000000081000000, 0x0000000086200000, 0x00000000d5b00000)
  object space 83968K, 18% used [0x0000000081000000,0x0000000081f72fd8,0x0000000086200000)
 Metaspace       used 30985K, capacity 32994K, committed 33280K, reserved 1077248K
  class space    used 4437K, capacity 4799K, committed 4864K, reserved 1048576K
Event: 4.738 GC heap after
Heap after GC invocations=8 (full 1):
 PSYoungGen      total 68096K, used 14325K [0x00000000d5b00000, 0x00000000dc480000, 0x0000000100000000)
  eden space 53760K, 0% used [0x00000000d5b00000,0x00000000d5b00000,0x00000000d8f80000)
  from space 14336K, 99% used [0x00000000d8f80000,0x00000000d9d7d790,0x00000000d9d80000)
  to   space 19968K, 0% used [0x00000000db100000,0x00000000db100000,0x00000000dc480000)
 ParOldGen       total 83968K, used 21172K [0x0000000081000000, 0x0000000086200000, 0x00000000d5b00000)
  object space 83968K, 25% used [0x0000000081000000,0x00000000824ad028,0x0000000086200000)
 Metaspace       used 30985K, capacity 32994K, committed 33280K, reserved 1077248K
  class space    used 4437K, capacity 4799K, committed 4864K, reserved 1048576K
}

Deoptimization events (10 events):
Event: 4.248 Thread 0x00000000197a3000 Uncommon trap: reason=unstable_if action=reinterpret pc=0x000000000399c148 method=java.lang.StrictMath.floorOrCeil(DDDD)D @ 24
Event: 4.281 Thread 0x00000000197a3000 Uncommon trap: reason=unstable_if action=reinterpret pc=0x00000000034d7f84 method=java.util.EnumMap.isValidKey(Ljava/lang/Object;)Z @ 16
Event: 4.289 Thread 0x00000000197a3000 Uncommon trap: reason=unstable_if action=reinterpret pc=0x00000000032adbe8 method=jdk.internal.org.objectweb.asm.Type.getArgumentsAndReturnSizes(Ljava/lang/String;)I @ 47
Event: 8.926 Thread 0x00000000197a3000 Uncommon trap: reason=unstable_if action=reinterpret pc=0x0000000002e98d00 method=java.lang.CharacterData.of(I)Ljava/lang/CharacterData; @ 4
Event: 13.383 Thread 0x00000000197a3000 Uncommon trap: reason=unstable_if action=reinterpret pc=0x000000000397622c method=java.lang.StrictMath.floorOrCeil(DDDD)D @ 24
Event: 23.603 Thread 0x0000000019bf6800 Uncommon trap: reason=predicate action=maybe_recompile pc=0x00000000036f4a74 method=java.util.regex.Pattern$SliceI.match(Ljava/util/regex/Matcher;ILjava/lang/CharSequence;)Z @ 21
Event: 28.790 Thread 0x00000000197a3000 Uncommon trap: reason=class_check action=maybe_recompile pc=0x0000000003d224d4 method=javafx.scene.Node$MiscProperties.getEffect()Ljavafx/scene/effect/Effect; @ 20
Event: 28.791 Thread 0x00000000197a3000 Uncommon trap: reason=class_check action=maybe_recompile pc=0x0000000003d224d4 method=javafx.scene.Node$MiscProperties.getEffect()Ljavafx/scene/effect/Effect; @ 20
Event: 28.805 Thread 0x00000000197a3000 Uncommon trap: reason=class_check action=maybe_recompile pc=0x0000000003d224d4 method=javafx.scene.Node$MiscProperties.getEffect()Ljavafx/scene/effect/Effect; @ 20
Event: 28.813 Thread 0x00000000197a3000 Uncommon trap: reason=class_check action=maybe_recompile pc=0x0000000003d224d4 method=javafx.scene.Node$MiscProperties.getEffect()Ljavafx/scene/effect/Effect; @ 20

Internal exceptions (10 events):
Event: 4.177 Thread 0x00000000197a3000 Exception <a 'java/lang/ClassNotFoundException': java/lang/ObjectCustomizer> (0x00000000d888f1e8) thrown at [C:\re\workspace\8-2-build-windows-amd64-cygwin\jdk8u121\8372\hotspot\src\share\vm\classfile\systemDictionary.cpp, line 210]
Event: 4.181 Thread 0x00000000197a3000 Exception <a 'java/lang/ClassNotFoundException': org/apache/shiro/realm/CachingRealmCustomizer> (0x00000000d889de80) thrown at [C:\re\workspace\8-2-build-windows-amd64-cygwin\jdk8u121\8372\hotspot\src\share\vm\classfile\systemDictionary.cpp, line 210]
Event: 4.182 Thread 0x00000000197a3000 Exception <a 'java/lang/ClassNotFoundException': org/apache/shiro/realm/AuthenticatingRealmCustomizer> (0x00000000d88afb50) thrown at [C:\re\workspace\8-2-build-windows-amd64-cygwin\jdk8u121\8372\hotspot\src\share\vm\classfile\systemDictionary.cpp, line 2
Event: 4.185 Thread 0x00000000197a3000 Exception <a 'java/lang/ClassNotFoundException': org/apache/shiro/realm/AuthorizingRealmCustomizer> (0x00000000d88d1df0) thrown at [C:\re\workspace\8-2-build-windows-amd64-cygwin\jdk8u121\8372\hotspot\src\share\vm\classfile\systemDictionary.cpp, line 210]
Event: 4.188 Thread 0x00000000197a3000 Exception <a 'java/lang/ClassNotFoundException': org/apache/shiro/realm/SimpleAccountRealmCustomizer> (0x00000000d8909120) thrown at [C:\re\workspace\8-2-build-windows-amd64-cygwin\jdk8u121\8372\hotspot\src\share\vm\classfile\systemDictionary.cpp, line 21
Event: 4.190 Thread 0x00000000197a3000 Exception <a 'java/lang/ClassNotFoundException': org/apache/shiro/realm/text/TextConfigurationRealmCustomizer> (0x00000000d891ee38) thrown at [C:\re\workspace\8-2-build-windows-amd64-cygwin\jdk8u121\8372\hotspot\src\share\vm\classfile\systemDictionary.cpp
Event: 4.192 Thread 0x00000000197a3000 Exception <a 'java/lang/ClassNotFoundException': org/apache/shiro/realm/text/IniRealmCustomizer> (0x00000000d89360e8) thrown at [C:\re\workspace\8-2-build-windows-amd64-cygwin\jdk8u121\8372\hotspot\src\share\vm\classfile\systemDictionary.cpp, line 210]
Event: 4.245 Thread 0x00000000197a3000 Implicit null exception at 0x00000000038824fd to 0x0000000003885491
Event: 24.059 Thread 0x0000000019bf6800 Exception <a 'java/net/SocketTimeoutException': Read timed out> (0x00000000d7a33ef0) thrown at [C:\re\workspace\8-2-build-windows-amd64-cygwin\jdk8u121\8372\hotspot\src\share\vm\prims\jni.cpp, line 735]
Event: 29.144 Thread 0x00000000239ba000 Exception <a 'java/lang/IllegalStateException'> (0x00000000d7b7c920) thrown at [C:\re\workspace\8-2-build-windows-amd64-cygwin\jdk8u121\8372\hotspot\src\share\vm\prims\jvm.cpp, line 1394]

Events (10 events):
Event: 29.141 loading class java/util/IdentityHashMap$KeyIterator done
Event: 29.141 Thread 0x0000000020cee000 Thread added: 0x0000000020cee000
Event: 29.141 Thread 0x00000000239ba000 Thread added: 0x00000000239ba000
Event: 29.142 loading class com/sun/javafx/tk/quantum/QuantumRenderer
Event: 29.142 loading class com/sun/javafx/tk/quantum/QuantumRenderer done
Event: 29.142 Thread 0x0000000020cee000 Thread exited: 0x0000000020cee000
Event: 29.143 loading class com/sun/javafx/tk/quantum/QuantumToolkit
Event: 29.143 loading class com/sun/javafx/tk/quantum/QuantumToolkit done
Event: 29.144 Thread 0x00000000239ba000 Thread exited: 0x00000000239ba000
Event: 29.144 Executing VM operation: Exit


Dynamic libraries:
0x00007ff74c050000 - 0x00007ff74c087000 	C:\Program Files\Java\jdk1.8.0_121\bin\javaw.exe
0x00007ffa18270000 - 0x00007ffa18441000 	C:\WINDOWS\SYSTEM32\ntdll.dll
0x00007ffa15ab0000 - 0x00007ffa15b5c000 	C:\WINDOWS\System32\KERNEL32.DLL
0x00007ffa14980000 - 0x00007ffa14b9d000 	C:\WINDOWS\System32\KERNELBASE.dll
0x00007ffa16b10000 - 0x00007ffa16bb2000 	C:\WINDOWS\System32\ADVAPI32.dll
0x00007ffa181d0000 - 0x00007ffa1826e000 	C:\WINDOWS\System32\msvcrt.dll
0x00007ffa169f0000 - 0x00007ffa16a49000 	C:\WINDOWS\System32\sechost.dll
0x00007ffa16090000 - 0x00007ffa161b1000 	C:\WINDOWS\System32\RPCRT4.dll
0x00007ffa15bc0000 - 0x00007ffa15d25000 	C:\WINDOWS\System32\USER32.dll
0x00007ffa14ba0000 - 0x00007ffa14bbe000 	C:\WINDOWS\System32\win32u.dll
0x00007ffa16000000 - 0x00007ffa16034000 	C:\WINDOWS\System32\GDI32.dll
0x00007ffa15670000 - 0x00007ffa157f2000 	C:\WINDOWS\System32\gdi32full.dll
0x00007ffa0da40000 - 0x00007ffa0dcba000 	C:\WINDOWS\WinSxS\amd64_microsoft.windows.common-controls_6595b64144ccf1df_6.0.14393.953_none_42151e83c686086b\COMCTL32.dll
0x00007ffa15d30000 - 0x00007ffa15ff8000 	C:\WINDOWS\System32\combase.dll
0x00007ffa14760000 - 0x00007ffa14855000 	C:\WINDOWS\System32\ucrtbase.dll
0x00007ffa14910000 - 0x00007ffa1497a000 	C:\WINDOWS\System32\bcryptPrimitives.dll
0x00007ffa16060000 - 0x00007ffa1608e000 	C:\WINDOWS\System32\IMM32.DLL
0x000000005d9b0000 - 0x000000005da82000 	C:\Program Files\Java\jdk1.8.0_121\jre\bin\msvcr100.dll
0x000000005e390000 - 0x000000005ec2b000 	C:\Program Files\Java\jdk1.8.0_121\jre\bin\server\jvm.dll
0x00007ffa16040000 - 0x00007ffa16048000 	C:\WINDOWS\System32\PSAPI.DLL
0x00007ffa09a10000 - 0x00007ffa09a1a000 	C:\WINDOWS\SYSTEM32\VERSION.dll
0x00007ffa128d0000 - 0x00007ffa128f3000 	C:\WINDOWS\SYSTEM32\WINMM.dll
0x00007ffa07c30000 - 0x00007ffa07c39000 	C:\WINDOWS\SYSTEM32\WSOCK32.dll
0x00007ffa16970000 - 0x00007ffa169da000 	C:\WINDOWS\System32\WS2_32.dll
0x0000000000d00000 - 0x0000000000d2b000 	C:\WINDOWS\SYSTEM32\WINMMBASE.dll
0x00007ffa14c60000 - 0x00007ffa14ca2000 	C:\WINDOWS\System32\cfgmgr32.dll
0x000000005e380000 - 0x000000005e38f000 	C:\Program Files\Java\jdk1.8.0_121\jre\bin\verify.dll
0x000000005e350000 - 0x000000005e379000 	C:\Program Files\Java\jdk1.8.0_121\jre\bin\java.dll
0x000000005e330000 - 0x000000005e346000 	C:\Program Files\Java\jdk1.8.0_121\jre\bin\zip.dll
0x00007ffa16cc0000 - 0x00007ffa181c8000 	C:\WINDOWS\System32\SHELL32.dll
0x00007ffa14f90000 - 0x00007ffa1566a000 	C:\WINDOWS\System32\windows.storage.dll
0x00007ffa146e0000 - 0x00007ffa1472c000 	C:\WINDOWS\System32\powrprof.dll
0x00007ffa15b60000 - 0x00007ffa15bb2000 	C:\WINDOWS\System32\shlwapi.dll
0x00007ffa14730000 - 0x00007ffa1473f000 	C:\WINDOWS\System32\kernel.appcore.dll
0x00007ffa14ee0000 - 0x00007ffa14f89000 	C:\WINDOWS\System32\shcore.dll
0x00007ffa14740000 - 0x00007ffa14754000 	C:\WINDOWS\System32\profapi.dll
0x00007ff9ef760000 - 0x00007ff9ef84f000 	C:\Program Files\Java\jdk1.8.0_121\jre\bin\msvcr120.dll
0x00007ff9df590000 - 0x00007ff9df636000 	C:\Program Files\Java\jdk1.8.0_121\jre\bin\msvcp120.dll
0x000000005d980000 - 0x000000005d9a2000 	C:\Program Files\Java\jdk1.8.0_121\jre\bin\prism_d3d.dll
0x00007ff9e4300000 - 0x00007ff9e448d000 	C:\WINDOWS\system32\d3d9.dll
0x00007ffa11d40000 - 0x00007ffa11d66000 	C:\WINDOWS\SYSTEM32\dwmapi.dll
0x00007ffa12e10000 - 0x00007ffa12ea5000 	C:\WINDOWS\system32\uxtheme.dll
0x00007ffa16a50000 - 0x00007ffa16b0f000 	C:\WINDOWS\System32\OLEAUT32.dll
0x00007ffa14bc0000 - 0x00007ffa14c5c000 	C:\WINDOWS\System32\msvcp_win.dll
0x00007ffa161c0000 - 0x00007ffa162f8000 	C:\WINDOWS\System32\ole32.dll
0x000000005d930000 - 0x000000005d973000 	C:\Program Files\Java\jdk1.8.0_121\jre\bin\glass.dll
0x00007ffa16bc0000 - 0x00007ffa16cba000 	C:\WINDOWS\System32\COMDLG32.dll
0x00007ffa15880000 - 0x00007ffa159da000 	C:\WINDOWS\System32\MSCTF.dll
0x00007ffa14140000 - 0x00007ffa14157000 	C:\WINDOWS\SYSTEM32\CRYPTSP.dll
0x00007ffa13ba0000 - 0x00007ffa13bd3000 	C:\WINDOWS\system32\rsaenh.dll
0x00007ffa14620000 - 0x00007ffa1464b000 	C:\WINDOWS\SYSTEM32\bcrypt.dll
0x00007ffa13e20000 - 0x00007ffa13e3f000 	C:\WINDOWS\SYSTEM32\USERENV.dll
0x00007ffa14160000 - 0x00007ffa1416b000 	C:\WINDOWS\SYSTEM32\CRYPTBASE.dll
0x000000005e310000 - 0x000000005e32a000 	C:\Program Files\Java\jdk1.8.0_121\jre\bin\net.dll
0x00007ffa13fa0000 - 0x00007ffa13ffc000 	C:\WINDOWS\system32\mswsock.dll
0x00007ffa13d20000 - 0x00007ffa13d58000 	C:\WINDOWS\SYSTEM32\IPHLPAPI.DLL
0x00007ffa16050000 - 0x00007ffa16058000 	C:\WINDOWS\System32\NSI.dll
0x00007ffa0f930000 - 0x00007ffa0f946000 	C:\WINDOWS\SYSTEM32\dhcpcsvc6.DLL
0x00007ffa0f910000 - 0x00007ffa0f92a000 	C:\WINDOWS\SYSTEM32\dhcpcsvc.DLL
0x000000005d910000 - 0x000000005d924000 	C:\Program Files\Java\jdk1.8.0_121\jre\bin\javafx_font.dll
0x00007ffa09210000 - 0x00007ffa09479000 	C:\WINDOWS\SYSTEM32\dwrite.dll
0x000000005e2f0000 - 0x000000005e301000 	C:\Program Files\Java\jdk1.8.0_121\jre\bin\nio.dll
0x000000005d5f0000 - 0x000000005d614000 	C:\Program Files\Java\jdk1.8.0_121\jre\bin\sunec.dll
0x000000005e2e0000 - 0x000000005e2eb000 	C:\Program Files\Java\jdk1.8.0_121\jre\bin\sunmscapi.dll
0x00007ffa14cb0000 - 0x00007ffa14e79000 	C:\WINDOWS\System32\CRYPT32.dll
0x00007ffa146d0000 - 0x00007ffa146e0000 	C:\WINDOWS\System32\MSASN1.dll
0x00007ffa13d60000 - 0x00007ffa13e01000 	C:\WINDOWS\SYSTEM32\DNSAPI.dll
0x000000005f500000 - 0x000000005f526000 	C:\Program Files\Bonjour\mdnsNSP.dll
0x00007ffa08800000 - 0x00007ffa0880a000 	C:\Windows\System32\rasadhlp.dll
0x00007ffa0de50000 - 0x00007ffa0deba000 	C:\WINDOWS\System32\fwpuclnt.dll
0x00007ffa168d0000 - 0x00007ffa1696f000 	C:\WINDOWS\System32\clbcatq.dll
0x00007ffa108c0000 - 0x00007ffa10a68000 	C:\WINDOWS\SYSTEM32\WindowsCodecs.dll
0x00007ff9fa290000 - 0x00007ff9fa2d9000 	C:\WINDOWS\system32\dataexchange.dll
0x00007ffa12470000 - 0x00007ffa125c1000 	C:\WINDOWS\system32\dcomp.dll
0x00007ffa11d70000 - 0x00007ffa12026000 	C:\WINDOWS\system32\d3d11.dll
0x00007ffa13650000 - 0x00007ffa136ef000 	C:\WINDOWS\system32\dxgi.dll
0x00007ffa130f0000 - 0x00007ffa1320c000 	C:\WINDOWS\system32\twinapi.appcore.dll
0x00007ffa02a50000 - 0x00007ffa02a82000 	C:\Program Files\Common Files\Microsoft Shared\Ink\rtscom.dll
0x000000005d8e0000 - 0x000000005d903000 	C:\Program Files\Java\jdk1.8.0_121\jre\bin\javafx_iio.dll
0x000000005d8c0000 - 0x000000005d8d1000 	C:\Program Files\Java\jdk1.8.0_121\jre\bin\prism_common.dll
0x00007ffa07cd0000 - 0x00007ffa07e62000 	C:\WINDOWS\SYSTEM32\dbghelp.dll

VM Arguments:
jvm_args: -Dfile.encoding=UTF-8 
java_command: com.jeeves.vpl.Main
java_class_path (initial): C:\Users\Daniel\workspace\JeevesMaven\target\classes;C:\Users\Daniel\workspace\JeevesMaven\poi-3.15.jar;C:\Users\Daniel\workspace\JeevesMaven\commons-lang3-3.5.jar;C:\Users\Daniel\workspace\JeevesMaven\controlsfx-8.40.12.jar;C:\Users\Daniel\.m2\repository\org\apache\shiro\shiro-core\1.3.2\shiro-core-1.3.2.jar;C:\Users\Daniel\.m2\repository\org\slf4j\slf4j-api\1.6.4\slf4j-api-1.6.4.jar;C:\Users\Daniel\.m2\repository\commons-beanutils\commons-beanutils\1.8.3\commons-beanutils-1.8.3.jar;C:\Users\Daniel\.m2\repository\com\google\firebase\firebase-admin\5.1.0\firebase-admin-5.1.0.jar;C:\Users\Daniel\.m2\repository\com\google\api-client\google-api-client\1.22.0\google-api-client-1.22.0.jar;C:\Users\Daniel\.m2\repository\com\google\oauth-client\google-oauth-client\1.22.0\google-oauth-client-1.22.0.jar;C:\Users\Daniel\.m2\repository\com\google\http-client\google-http-client-jackson2\1.22.0\google-http-client-jackson2-1.22.0.jar;C:\Users\Daniel\.m2\repository\com\fasterxml\jackson\core\jackson-core\2.1.3\jackson-core-2.1.3.jar;C:\Users\Daniel\.m2\repository\com\google\api-client\google-api-client-gson\1.22.0\google-api-client-gson-1.22.0.jar;C:\Users\Daniel\.m2\repository\com\google\http-client\google-http-client-gson\1.22.0\google-http-client-gson-1.22.0.jar;C:\Users\Daniel\.m2\repository\com\google\code\gson\gson\2.1\gson-2.1.jar;C:\Users\Daniel\.m2\repository\com\google\http-client\google-http-client\1.22.0\google-http-client-1.22.0.jar;C:\Users\Daniel\.m2\repository\com\google\code\findbugs\jsr305\1.3.9\jsr305-1.3.9.jar;C:\Users\Daniel\.m2\repository\org\apache\httpcomponents\httpclient\4.0.1\httpclient-4.0.1.jar;C:\Users\Daniel\.m2\repository\org\apache\httpcomponents\httpcore\4.0.1\httpcore-4.0.1.jar;C:\Users\Daniel\.m2\repository\commons-logging\commons-logging\1.1.1\commons-logging-1.1.1.jar;C:\Users\Daniel\.m2\repository\commons-codec\commons-codec\1.3\commons-codec-1.3.jar;C:\Users\Daniel\.m2\repository\org\json\json\20160810\json-20160
Launcher Type: SUN_STANDARD

Environment Variables:
JAVA_HOME=C:\Program Files\Java\jdk1.8.0_121
CLASSPATH=.
USERNAME=Daniel
OS=Windows_NT
PROCESSOR_IDENTIFIER=Intel64 Family 6 Model 69 Stepping 1, GenuineIntel



---------------  S Y S T E M  ---------------

OS: Windows 10.0 , 64 bit Build 14393 (10.0.14393.1198)

CPU:total 4 (2 cores per cpu, 2 threads per core) family 6 model 69 stepping 1, cmov, cx8, fxsr, mmx, sse, sse2, sse3, ssse3, sse4.1, sse4.2, popcnt, avx, avx2, aes, clmul, erms, lzcnt, ht, tsc, tscinvbit, bmi1, bmi2

Memory: 4k page, physical 8317080k(2249360k free), swap 15469568k(5549068k free)

vm_info: Java HotSpot(TM) 64-Bit Server VM (25.121-b13) for windows-amd64 JRE (1.8.0_121-b13), built on Dec 12 2016 18:21:36 by "java_re" with MS VC++ 10.0 (VS2010)

time: Fri Jun 09 16:15:24 2017
elapsed time: 29 seconds (0d 0h 0m 29s)

