#
# A fatal error has been detected by the Java Runtime Environment:
#
#  EXCEPTION_ACCESS_VIOLATION (0xc0000005) at pc=0x000000005ac5584a, pid=14992, tid=0x0000000000002104
#
# JRE version: Java(TM) SE Runtime Environment (8.0_121-b13) (build 1.8.0_121-b13)
# Java VM: Java HotSpot(TM) 64-Bit Server VM (25.121-b13 mixed mode windows-amd64 compressed oops)
# Problematic frame:
# C  [glass.dll+0x2584a]
#
# Failed to write core dump. Minidumps are not enabled by default on client versions of Windows
#
# If you would like to submit a bug report, please visit:
#   http://bugreport.java.com/bugreport/crash.jsp
#

---------------  T H R E A D  ---------------

Current thread (0x00000000177b8000):  VMThread [stack: 0x0000000018850000,0x0000000018950000] [id=8452]

siginfo: ExceptionCode=0xc0000005, reading address 0x0000000000000000

Registers:
RAX=0x0000000000000000, RBX=0x00000000197d5770, RCX=0x00000000177b8000, RDX=0x00000000197d5770
RSP=0x000000001894f200, RBP=0x0000000000e8b3e0, RSI=0x0000000000000001, RDI=0x0000000000000000
R8 =0x0000000000010002, R9 =0x0000000000e8b3e0, R10=0x0000000000000000, R11=0x0000000000000246
R12=0x0000000000e8b410, R13=0x0000000000e8b3e0, R14=0x0000000000e8b3f0, R15=0x0000000000000000
RIP=0x000000005ac5584a, EFLAGS=0x0000000000010202

Top of Stack: (sp=0x000000001894f200)
0x000000001894f200:   0000000000000000 000000005ac55900
0x000000001894f210:   0000000000000000 0000000000e8b3e0
0x000000001894f220:   000000005ac55830 000000005ac53224
0x000000001894f230:   000000005ac691b0 000000002ef0b315
0x000000001894f240:   00000000176c5400 00007ffcc9325aa2
0x000000001894f250:   000000005ac53384 000000005ac30000
0x000000001894f260:   00007ffccc5d31b0 000000005ac534a6
0x000000001894f270:   0000000000000001 00000000176c5400
0x000000001894f280:   0000000000000000 0000000000000000
0x000000001894f290:   c000000500000001 000000001894e390
0x000000001894f2a0:   000000005ac53384 00007ffccc4aa35f
0x000000001894f2b0:   0000000000000000 0000000000000001
0x000000001894f2c0:   000000005ac30000 0000000000000000
0x000000001894f2d0:   0000ee1c8c59a16a 0000000000e6c170
0x000000001894f2e0:   00007ffccbd14200 0000000002a52600
0x000000001894f2f0:   0000000002a52600 0000000000e5f0e0 

Instructions: (pc=0x000000005ac5584a)
0x000000005ac5582a:   83 c4 20 5d c3 cc 40 53 48 83 ec 20 48 8b 1d cb
0x000000005ac5583a:   5b 01 00 48 85 db 74 1a e8 19 93 ff ff 48 8b d3
0x000000005ac5584a:   4c 8b 00 48 8b c8 48 83 c4 20 5b 49 ff a0 b0 00
0x000000005ac5585a:   00 00 48 83 c4 20 5b c3 cc cc cc cc cc cc cc cc 


Register to memory mapping:

RAX=0x0000000000000000 is an unknown value
RBX=0x00000000197d5770 is a global jni handle
RCX=0x00000000177b8000 is an unknown value
RDX=0x00000000197d5770 is a global jni handle
RSP=0x000000001894f200 is an unknown value
RBP=0x0000000000e8b3e0 is an unknown value
RSI=0x0000000000000001 is an unknown value
RDI=0x0000000000000000 is an unknown value
R8 =0x0000000000010002 is an unknown value
R9 =0x0000000000e8b3e0 is an unknown value
R10=0x0000000000000000 is an unknown value
R11=0x0000000000000246 is an unknown value
R12=0x0000000000e8b410 is an unknown value
R13=0x0000000000e8b3e0 is an unknown value
R14=0x0000000000e8b3f0 is an unknown value
R15=0x0000000000000000 is an unknown value


Stack: [0x0000000018850000,0x0000000018950000],  sp=0x000000001894f200,  free space=1020k
Native frames: (J=compiled Java code, j=interpreted, Vv=VM code, C=native code)
C  [glass.dll+0x2584a]
C  [glass.dll+0x23224]
C  [glass.dll+0x234a6]
C  [ntdll.dll+0x2a35f]
C  [ntdll.dll+0x806b]
C  [ntdll.dll+0x7d94]
C  [KERNEL32.DLL+0x1ce6a]
C  [msvcr100.dll+0x20ccd]
V  [jvm.dll+0x212cb5]
V  [jvm.dll+0x24bd17]
V  [jvm.dll+0x24afb6]
V  [jvm.dll+0x24b451]
V  [jvm.dll+0x24b66e]
V  [jvm.dll+0x29c69a]
C  [msvcr100.dll+0x21d9f]
C  [msvcr100.dll+0x21e3b]
C  [KERNEL32.DLL+0x8364]
C  [ntdll.dll+0x670d1]

VM_Operation (0x000000001a37a9e0): Exit, mode: safepoint, requested by thread 0x0000000019756800


---------------  P R O C E S S  ---------------

Java Threads: ( => current thread )
  0x0000000019eb1000 JavaThread "Prism Font Disposer" daemon [_thread_blocked, id=2300, stack(0x00000000216d0000,0x00000000217d0000)]
  0x00000000197ce800 JavaThread "JavaFX-Launcher" [_thread_blocked, id=5752, stack(0x000000001ea10000,0x000000001eb10000)]
  0x00000000197ce000 JavaThread "Thread-2" daemon [_thread_in_native, id=7016, stack(0x000000001e910000,0x000000001ea10000)]
  0x0000000019756800 JavaThread "JavaFX Application Thread" [_thread_blocked, id=4856, stack(0x000000001a280000,0x000000001a380000)]
  0x0000000019754000 JavaThread "Thread-1" daemon [_thread_blocked, id=3416, stack(0x000000001a180000,0x000000001a280000)]
  0x0000000019514800 JavaThread "QuantumRenderer-0" daemon [_thread_blocked, id=11124, stack(0x0000000019f40000,0x000000001a040000)]
  0x0000000019168800 JavaThread "Service Thread" daemon [_thread_blocked, id=9356, stack(0x0000000019540000,0x0000000019640000)]
  0x00000000177fa000 JavaThread "C1 CompilerThread2" daemon [_thread_blocked, id=8840, stack(0x0000000019040000,0x0000000019140000)]
  0x00000000177f4000 JavaThread "C2 CompilerThread1" daemon [_thread_blocked, id=10256, stack(0x0000000018f40000,0x0000000019040000)]
  0x00000000177f1800 JavaThread "C2 CompilerThread0" daemon [_thread_blocked, id=11608, stack(0x0000000018e40000,0x0000000018f40000)]
  0x00000000177f0000 JavaThread "Attach Listener" daemon [_thread_blocked, id=10496, stack(0x0000000018d40000,0x0000000018e40000)]
  0x00000000177ef000 JavaThread "Signal Dispatcher" daemon [_thread_blocked, id=8720, stack(0x0000000018c40000,0x0000000018d40000)]
  0x00000000177da800 JavaThread "Finalizer" daemon [_thread_blocked, id=2620, stack(0x0000000018a50000,0x0000000018b50000)]
  0x0000000002c51800 JavaThread "Reference Handler" daemon [_thread_blocked, id=12696, stack(0x0000000018950000,0x0000000018a50000)]
  0x0000000002a5e800 JavaThread "main" [_thread_blocked, id=9572, stack(0x0000000002a60000,0x0000000002b60000)]

Other Threads:
=>0x00000000177b8000 VMThread [stack: 0x0000000018850000,0x0000000018950000] [id=8452]

VM state:at safepoint (shutting down)

VM Mutex/Monitor currently owned by a thread:  ([mutex/lock_event])
[0x0000000002b60c50] Threads_lock - owner thread: 0x00000000177b8000

Heap:
 PSYoungGen      total 71680K, used 55527K [0x00000000d5b00000, 0x00000000dfa00000, 0x0000000100000000)
  eden space 66560K, 83% used [0x00000000d5b00000,0x00000000d9139cb0,0x00000000d9c00000)
  from space 5120K, 0% used [0x00000000d9c00000,0x00000000d9c00000,0x00000000da100000)
  to   space 14848K, 0% used [0x00000000deb80000,0x00000000deb80000,0x00000000dfa00000)
 ParOldGen       total 86016K, used 20210K [0x0000000081000000, 0x0000000086400000, 0x00000000d5b00000)
  object space 86016K, 23% used [0x0000000081000000,0x00000000823bc8d0,0x0000000086400000)
 Metaspace       used 25516K, capacity 27534K, committed 27648K, reserved 1073152K
  class space    used 3707K, capacity 4058K, committed 4096K, reserved 1048576K

Card table byte_map: [0x0000000012020000,0x0000000012420000] byte_map_base: 0x0000000011c18000

Marking Bits: (ParMarkBitMap*) 0x000000005b57b6d0
 Begin Bits: [0x0000000012ad0000, 0x0000000014a90000)
 End Bits:   [0x0000000014a90000, 0x0000000016a50000)

Polling page: 0x0000000000df0000

CodeCache: size=245760Kb used=13239Kb max_used=13248Kb free=232520Kb
 bounds [0x0000000002c60000, 0x0000000003960000, 0x0000000011c60000]
 total_blobs=5158 nmethods=4449 adapters=619
 compilation: enabled

Compilation events (10 events):
Event: 7.071 Thread 0x00000000177fa000 4450       3       javafx.scene.Scene::isDirtyEmpty (13 bytes)
Event: 7.072 Thread 0x00000000177fa000 nmethod 4450 0x0000000003954a10 code [0x0000000003954b60, 0x0000000003954d10]
Event: 7.084 Thread 0x00000000177f4000 4451       4       java.util.concurrent.ConcurrentHashMap::putIfAbsent (8 bytes)
Event: 7.085 Thread 0x00000000177f4000 nmethod 4451 0x0000000003957a10 code [0x0000000003957b60, 0x0000000003957be8]
Event: 7.085 Thread 0x00000000177fa000 4452       1       com.sun.javafx.stage.WindowEventDispatcher::getLastDispatcher (5 bytes)
Event: 7.085 Thread 0x00000000177fa000 nmethod 4452 0x0000000003957750 code [0x00000000039578a0, 0x00000000039579b0]
Event: 7.098 Thread 0x00000000177fa000 4453       1       java.util.logging.Logger::getName (5 bytes)
Event: 7.098 Thread 0x00000000177fa000 nmethod 4453 0x0000000003957490 code [0x00000000039575e0, 0x00000000039576f0]
Event: 7.098 Thread 0x00000000177fa000 4454       1       java.util.concurrent.atomic.AtomicInteger::get (5 bytes)
Event: 7.099 Thread 0x00000000177fa000 nmethod 4454 0x00000000039571d0 code [0x0000000003957320, 0x0000000003957430]

GC Heap History (10 events):
Event: 1.601 GC heap before
{Heap before GC invocations=2 (full 0):
 PSYoungGen      total 38400K, used 38380K [0x00000000d5b00000, 0x00000000d8580000, 0x0000000100000000)
  eden space 33280K, 100% used [0x00000000d5b00000,0x00000000d7b80000,0x00000000d7b80000)
  from space 5120K, 99% used [0x00000000d7b80000,0x00000000d807b3c0,0x00000000d8080000)
  to   space 5120K, 0% used [0x00000000d8080000,0x00000000d8080000,0x00000000d8580000)
 ParOldGen       total 87552K, used 364K [0x0000000081000000, 0x0000000086580000, 0x00000000d5b00000)
  object space 87552K, 0% used [0x0000000081000000,0x000000008105b240,0x0000000086580000)
 Metaspace       used 16780K, capacity 17454K, committed 17664K, reserved 1064960K
  class space    used 2311K, capacity 2474K, committed 2560K, reserved 1048576K
Event: 1.613 GC heap after
Heap after GC invocations=2 (full 0):
 PSYoungGen      total 38400K, used 5113K [0x00000000d5b00000, 0x00000000d8580000, 0x0000000100000000)
  eden space 33280K, 0% used [0x00000000d5b00000,0x00000000d5b00000,0x00000000d7b80000)
  from space 5120K, 99% used [0x00000000d8080000,0x00000000d857e590,0x00000000d8580000)
  to   space 5120K, 0% used [0x00000000d7b80000,0x00000000d7b80000,0x00000000d8080000)
 ParOldGen       total 87552K, used 10620K [0x0000000081000000, 0x0000000086580000, 0x00000000d5b00000)
  object space 87552K, 12% used [0x0000000081000000,0x0000000081a5f108,0x0000000086580000)
 Metaspace       used 16780K, capacity 17454K, committed 17664K, reserved 1064960K
  class space    used 2311K, capacity 2474K, committed 2560K, reserved 1048576K
}
Event: 2.024 GC heap before
{Heap before GC invocations=3 (full 0):
 PSYoungGen      total 38400K, used 38393K [0x00000000d5b00000, 0x00000000d8580000, 0x0000000100000000)
  eden space 33280K, 100% used [0x00000000d5b00000,0x00000000d7b80000,0x00000000d7b80000)
  from space 5120K, 99% used [0x00000000d8080000,0x00000000d857e590,0x00000000d8580000)
  to   space 5120K, 0% used [0x00000000d7b80000,0x00000000d7b80000,0x00000000d8080000)
 ParOldGen       total 87552K, used 10620K [0x0000000081000000, 0x0000000086580000, 0x00000000d5b00000)
  object space 87552K, 12% used [0x0000000081000000,0x0000000081a5f108,0x0000000086580000)
 Metaspace       used 19043K, capacity 19976K, committed 20096K, reserved 1067008K
  class space    used 2683K, capacity 2877K, committed 2944K, reserved 1048576K
Event: 2.030 GC heap after
Heap after GC invocations=3 (full 0):
 PSYoungGen      total 38400K, used 5026K [0x00000000d5b00000, 0x00000000da600000, 0x0000000100000000)
  eden space 33280K, 0% used [0x00000000d5b00000,0x00000000d5b00000,0x00000000d7b80000)
  from space 5120K, 98% used [0x00000000d7b80000,0x00000000d8068b10,0x00000000d8080000)
  to   space 5120K, 0% used [0x00000000da100000,0x00000000da100000,0x00000000da600000)
 ParOldGen       total 87552K, used 12349K [0x0000000081000000, 0x0000000086580000, 0x00000000d5b00000)
  object space 87552K, 14% used [0x0000000081000000,0x0000000081c0f618,0x0000000086580000)
 Metaspace       used 19043K, capacity 19976K, committed 20096K, reserved 1067008K
  class space    used 2683K, capacity 2877K, committed 2944K, reserved 1048576K
}
Event: 2.291 GC heap before
{Heap before GC invocations=4 (full 0):
 PSYoungGen      total 38400K, used 38306K [0x00000000d5b00000, 0x00000000da600000, 0x0000000100000000)
  eden space 33280K, 100% used [0x00000000d5b00000,0x00000000d7b80000,0x00000000d7b80000)
  from space 5120K, 98% used [0x00000000d7b80000,0x00000000d8068b10,0x00000000d8080000)
  to   space 5120K, 0% used [0x00000000da100000,0x00000000da100000,0x00000000da600000)
 ParOldGen       total 87552K, used 12349K [0x0000000081000000, 0x0000000086580000, 0x00000000d5b00000)
  object space 87552K, 14% used [0x0000000081000000,0x0000000081c0f618,0x0000000086580000)
 Metaspace       used 19681K, capacity 20686K, committed 20736K, reserved 1067008K
  class space    used 2816K, capacity 3038K, committed 3072K, reserved 1048576K
Event: 2.303 GC heap after
Heap after GC invocations=4 (full 0):
 PSYoungGen      total 71680K, used 5108K [0x00000000d5b00000, 0x00000000da600000, 0x0000000100000000)
  eden space 66560K, 0% used [0x00000000d5b00000,0x00000000d5b00000,0x00000000d9c00000)
  from space 5120K, 99% used [0x00000000da100000,0x00000000da5fd340,0x00000000da600000)
  to   space 5120K, 0% used [0x00000000d9c00000,0x00000000d9c00000,0x00000000da100000)
 ParOldGen       total 87552K, used 13440K [0x0000000081000000, 0x0000000086580000, 0x00000000d5b00000)
  object space 87552K, 15% used [0x0000000081000000,0x0000000081d20268,0x0000000086580000)
 Metaspace       used 19681K, capacity 20686K, committed 20736K, reserved 1067008K
  class space    used 2816K, capacity 3038K, committed 3072K, reserved 1048576K
}
Event: 3.106 GC heap before
{Heap before GC invocations=5 (full 0):
 PSYoungGen      total 71680K, used 69868K [0x00000000d5b00000, 0x00000000da600000, 0x0000000100000000)
  eden space 66560K, 97% used [0x00000000d5b00000,0x00000000d9a3dcc0,0x00000000d9c00000)
  from space 5120K, 99% used [0x00000000da100000,0x00000000da5fd340,0x00000000da600000)
  to   space 5120K, 0% used [0x00000000d9c00000,0x00000000d9c00000,0x00000000da100000)
 ParOldGen       total 87552K, used 13440K [0x0000000081000000, 0x0000000086580000, 0x00000000d5b00000)
  object space 87552K, 15% used [0x0000000081000000,0x0000000081d20268,0x0000000086580000)
 Metaspace       used 20081K, capacity 21188K, committed 21296K, reserved 1067008K
  class space    used 2866K, capacity 3093K, committed 3200K, reserved 1048576K
Event: 3.115 GC heap after
Heap after GC invocations=5 (full 0):
 PSYoungGen      total 71680K, used 5096K [0x00000000d5b00000, 0x00000000dfa00000, 0x0000000100000000)
  eden space 66560K, 0% used [0x00000000d5b00000,0x00000000d5b00000,0x00000000d9c00000)
  from space 5120K, 99% used [0x00000000d9c00000,0x00000000da0fa310,0x00000000da100000)
  to   space 14848K, 0% used [0x00000000deb80000,0x00000000deb80000,0x00000000dfa00000)
 ParOldGen       total 87552K, used 15602K [0x0000000081000000, 0x0000000086580000, 0x00000000d5b00000)
  object space 87552K, 17% used [0x0000000081000000,0x0000000081f3cb98,0x0000000086580000)
 Metaspace       used 20081K, capacity 21188K, committed 21296K, reserved 1067008K
  class space    used 2866K, capacity 3093K, committed 3200K, reserved 1048576K
}
Event: 3.115 GC heap before
{Heap before GC invocations=6 (full 1):
 PSYoungGen      total 71680K, used 5096K [0x00000000d5b00000, 0x00000000dfa00000, 0x0000000100000000)
  eden space 66560K, 0% used [0x00000000d5b00000,0x00000000d5b00000,0x00000000d9c00000)
  from space 5120K, 99% used [0x00000000d9c00000,0x00000000da0fa310,0x00000000da100000)
  to   space 14848K, 0% used [0x00000000deb80000,0x00000000deb80000,0x00000000dfa00000)
 ParOldGen       total 87552K, used 15602K [0x0000000081000000, 0x0000000086580000, 0x00000000d5b00000)
  object space 87552K, 17% used [0x0000000081000000,0x0000000081f3cb98,0x0000000086580000)
 Metaspace       used 20081K, capacity 21188K, committed 21296K, reserved 1067008K
  class space    used 2866K, capacity 3093K, committed 3200K, reserved 1048576K
Event: 3.230 GC heap after
Heap after GC invocations=6 (full 1):
 PSYoungGen      total 71680K, used 0K [0x00000000d5b00000, 0x00000000dfa00000, 0x0000000100000000)
  eden space 66560K, 0% used [0x00000000d5b00000,0x00000000d5b00000,0x00000000d9c00000)
  from space 5120K, 0% used [0x00000000d9c00000,0x00000000d9c00000,0x00000000da100000)
  to   space 14848K, 0% used [0x00000000deb80000,0x00000000deb80000,0x00000000dfa00000)
 ParOldGen       total 86016K, used 20210K [0x0000000081000000, 0x0000000086400000, 0x00000000d5b00000)
  object space 86016K, 23% used [0x0000000081000000,0x00000000823bc8d0,0x0000000086400000)
 Metaspace       used 20081K, capacity 21188K, committed 21296K, reserved 1067008K
  class space    used 2866K, capacity 3093K, committed 3200K, reserved 1048576K
}

Deoptimization events (10 events):
Event: 4.566 Thread 0x0000000019514800 Uncommon trap: reason=unstable_if action=reinterpret pc=0x000000000343be1c method=java.lang.Class.arrayContentsEq([Ljava/lang/Object;[Ljava/lang/Object;)Z @ 1
Event: 4.648 Thread 0x0000000019514800 Uncommon trap: reason=class_check action=maybe_recompile pc=0x000000000367cdb8 method=java.util.WeakHashMap.eq(Ljava/lang/Object;Ljava/lang/Object;)Z @ 7
Event: 4.648 Thread 0x0000000019514800 Uncommon trap: reason=class_check action=maybe_recompile pc=0x000000000367cdb8 method=java.util.WeakHashMap.eq(Ljava/lang/Object;Ljava/lang/Object;)Z @ 7
Event: 4.661 Thread 0x0000000019514800 Uncommon trap: reason=class_check action=maybe_recompile pc=0x000000000367cdb8 method=java.util.WeakHashMap.eq(Ljava/lang/Object;Ljava/lang/Object;)Z @ 7
Event: 4.664 Thread 0x0000000019514800 Uncommon trap: reason=class_check action=maybe_recompile pc=0x000000000367cdb8 method=java.util.WeakHashMap.eq(Ljava/lang/Object;Ljava/lang/Object;)Z @ 7
Event: 4.879 Thread 0x0000000019756800 Uncommon trap: reason=unstable_if action=reinterpret pc=0x0000000002e43140 method=java.lang.CharacterData.of(I)Ljava/lang/CharacterData; @ 4
Event: 4.918 Thread 0x0000000019756800 Uncommon trap: reason=unstable_if action=reinterpret pc=0x00000000033b11c4 method=java.util.EnumMap.isValidKey(Ljava/lang/Object;)Z @ 16
Event: 4.920 Thread 0x0000000019756800 Uncommon trap: reason=unstable_if action=reinterpret pc=0x00000000033ad95c method=java.util.EnumMap.isValidKey(Ljava/lang/Object;)Z @ 16
Event: 4.921 Thread 0x0000000019756800 Uncommon trap: reason=unstable_if action=reinterpret pc=0x00000000037ad62c method=javafx.scene.Node.impl_isDirtyEmpty()Z @ 4
Event: 4.949 Thread 0x0000000019756800 Uncommon trap: reason=unstable_if action=reinterpret pc=0x00000000031d3028 method=jdk.internal.org.objectweb.asm.Type.getArgumentsAndReturnSizes(Ljava/lang/String;)I @ 47

Internal exceptions (10 events):
Event: 1.327 Thread 0x0000000019756800 Implicit null exception at 0x0000000002feb0f7 to 0x0000000002febbd9
Event: 1.534 Thread 0x0000000019756800 Implicit null exception at 0x0000000002fedf1b to 0x0000000002fee8e9
Event: 1.539 Thread 0x0000000019756800 Implicit null exception at 0x0000000002fff89b to 0x0000000003000269
Event: 1.676 Thread 0x0000000019756800 Implicit null exception at 0x0000000002edcd96 to 0x0000000002edd139
Event: 1.701 Thread 0x0000000019756800 Exception <a 'java/lang/ArrayIndexOutOfBoundsException': 57> (0x00000000d600ae60) thrown at [C:\re\workspace\8-2-build-windows-amd64-cygwin\jdk8u121\8372\hotspot\src\share\vm\interpreter\interpreterRuntime.cpp, line 366]
Event: 1.955 Thread 0x0000000019756800 Implicit null exception at 0x0000000002f8a135 to 0x0000000002f8a351
Event: 1.955 Thread 0x0000000019756800 Implicit null exception at 0x000000000308c498 to 0x000000000308c526
Event: 4.511 Thread 0x0000000019514800 Implicit null exception at 0x000000000345de11 to 0x0000000003460fb9
Event: 4.566 Thread 0x0000000019514800 Implicit null exception at 0x0000000003438964 to 0x000000000343bda9
Event: 7.099 Thread 0x000000002147d800 Exception <a 'java/lang/IllegalStateException'> (0x00000000d90d11a0) thrown at [C:\re\workspace\8-2-build-windows-amd64-cygwin\jdk8u121\8372\hotspot\src\share\vm\prims\jvm.cpp, line 1394]

Events (10 events):
Event: 7.097 loading class java/util/IdentityHashMap$KeyIterator done
Event: 7.097 Thread 0x000000002147d800 Thread added: 0x000000002147d800
Event: 7.097 Thread 0x000000002147e800 Thread added: 0x000000002147e800
Event: 7.098 loading class com/sun/javafx/tk/quantum/QuantumRenderer
Event: 7.098 loading class com/sun/javafx/tk/quantum/QuantumRenderer done
Event: 7.098 Thread 0x000000002147e800 Thread exited: 0x000000002147e800
Event: 7.098 loading class com/sun/javafx/tk/quantum/QuantumToolkit
Event: 7.098 loading class com/sun/javafx/tk/quantum/QuantumToolkit done
Event: 7.099 Thread 0x000000002147d800 Thread exited: 0x000000002147d800
Event: 7.099 Executing VM operation: Exit


Dynamic libraries:
0x00007ff6c27d0000 - 0x00007ff6c2807000 	C:\Program Files\Java\jdk1.8.0_121\bin\javaw.exe
0x00007ffccc480000 - 0x00007ffccc651000 	C:\WINDOWS\SYSTEM32\ntdll.dll
0x00007ffccba80000 - 0x00007ffccbb2c000 	C:\WINDOWS\System32\KERNEL32.DLL
0x00007ffcc9300000 - 0x00007ffcc951d000 	C:\WINDOWS\System32\KERNELBASE.dll
0x00007ffcc9a70000 - 0x00007ffcc9b12000 	C:\WINDOWS\System32\ADVAPI32.dll
0x00007ffccbb30000 - 0x00007ffccbbce000 	C:\WINDOWS\System32\msvcrt.dll
0x00007ffcc9b20000 - 0x00007ffcc9b79000 	C:\WINDOWS\System32\sechost.dll
0x00007ffccb210000 - 0x00007ffccb331000 	C:\WINDOWS\System32\RPCRT4.dll
0x00007ffcc9b90000 - 0x00007ffcc9cf5000 	C:\WINDOWS\System32\USER32.dll
0x00007ffcc8980000 - 0x00007ffcc899e000 	C:\WINDOWS\System32\win32u.dll
0x00007ffccb340000 - 0x00007ffccb374000 	C:\WINDOWS\System32\GDI32.dll
0x00007ffcc9890000 - 0x00007ffcc9a10000 	C:\WINDOWS\System32\gdi32full.dll
0x00007ffcc0b30000 - 0x00007ffcc0daa000 	C:\WINDOWS\WinSxS\amd64_microsoft.windows.common-controls_6595b64144ccf1df_6.0.14393.953_none_42151e83c686086b\COMCTL32.dll
0x00007ffccb380000 - 0x00007ffccb648000 	C:\WINDOWS\System32\combase.dll
0x00007ffcc9790000 - 0x00007ffcc9885000 	C:\WINDOWS\System32\ucrtbase.dll
0x00007ffcc8a50000 - 0x00007ffcc8aba000 	C:\WINDOWS\System32\bcryptPrimitives.dll
0x00007ffccc3c0000 - 0x00007ffccc3ee000 	C:\WINDOWS\System32\IMM32.DLL
0x000000005ac80000 - 0x000000005ad52000 	C:\Program Files\Java\jdk1.8.0_121\jre\bin\msvcr100.dll
0x000000005ad60000 - 0x000000005b5fb000 	C:\Program Files\Java\jdk1.8.0_121\jre\bin\server\jvm.dll
0x00007ffcc9b80000 - 0x00007ffcc9b88000 	C:\WINDOWS\System32\PSAPI.DLL
0x00007ffcba860000 - 0x00007ffcba869000 	C:\WINDOWS\SYSTEM32\WSOCK32.dll
0x00007ffcc6e30000 - 0x00007ffcc6e53000 	C:\WINDOWS\SYSTEM32\WINMM.dll
0x00007ffccc350000 - 0x00007ffccc3ba000 	C:\WINDOWS\System32\WS2_32.dll
0x00007ffcbe290000 - 0x00007ffcbe29a000 	C:\WINDOWS\SYSTEM32\VERSION.dll
0x00007ffcc6d80000 - 0x00007ffcc6dab000 	C:\WINDOWS\SYSTEM32\WINMMBASE.dll
0x00007ffcc92b0000 - 0x00007ffcc92f2000 	C:\WINDOWS\System32\cfgmgr32.dll
0x000000005b7e0000 - 0x000000005b7ef000 	C:\Program Files\Java\jdk1.8.0_121\jre\bin\verify.dll
0x000000005b7b0000 - 0x000000005b7d9000 	C:\Program Files\Java\jdk1.8.0_121\jre\bin\java.dll
0x000000005b790000 - 0x000000005b7a6000 	C:\Program Files\Java\jdk1.8.0_121\jre\bin\zip.dll
0x00007ffcc9d00000 - 0x00007ffccb208000 	C:\WINDOWS\System32\SHELL32.dll
0x00007ffcc8b70000 - 0x00007ffcc924a000 	C:\WINDOWS\System32\windows.storage.dll
0x00007ffcc8930000 - 0x00007ffcc897c000 	C:\WINDOWS\System32\powrprof.dll
0x00007ffccbf70000 - 0x00007ffccbfc2000 	C:\WINDOWS\System32\shlwapi.dll
0x00007ffcc8910000 - 0x00007ffcc891f000 	C:\WINDOWS\System32\kernel.appcore.dll
0x00007ffcc89a0000 - 0x00007ffcc8a49000 	C:\WINDOWS\System32\shcore.dll
0x00007ffcc88f0000 - 0x00007ffcc8904000 	C:\WINDOWS\System32\profapi.dll
0x00007ffc91c00000 - 0x00007ffc91cef000 	C:\Program Files\Java\jdk1.8.0_121\jre\bin\msvcr120.dll
0x00007ffc91e20000 - 0x00007ffc91ec6000 	C:\Program Files\Java\jdk1.8.0_121\jre\bin\msvcp120.dll
0x000000005b6e0000 - 0x000000005b702000 	C:\Program Files\Java\jdk1.8.0_121\jre\bin\prism_d3d.dll
0x00007ffc986b0000 - 0x00007ffc9883d000 	C:\WINDOWS\system32\d3d9.dll
0x00007ffcc6b70000 - 0x00007ffcc6b96000 	C:\WINDOWS\SYSTEM32\dwmapi.dll
0x00007ffcc7070000 - 0x00007ffcc7105000 	C:\WINDOWS\system32\uxtheme.dll
0x00007ffccc290000 - 0x00007ffccc34f000 	C:\WINDOWS\System32\OLEAUT32.dll
0x00007ffcc96f0000 - 0x00007ffcc978c000 	C:\WINDOWS\System32\msvcp_win.dll
0x00007ffccbe30000 - 0x00007ffccbf68000 	C:\WINDOWS\System32\ole32.dll
0x000000005ac30000 - 0x000000005ac73000 	C:\Program Files\Java\jdk1.8.0_121\jre\bin\glass.dll
0x00007ffccbbd0000 - 0x00007ffccbcca000 	C:\WINDOWS\System32\COMDLG32.dll
0x00007ffccbcd0000 - 0x00007ffccbe2a000 	C:\WINDOWS\System32\MSCTF.dll
0x000000005ac10000 - 0x000000005ac24000 	C:\Program Files\Java\jdk1.8.0_121\jre\bin\javafx_font.dll
0x00007ffcbc710000 - 0x00007ffcbc979000 	C:\WINDOWS\SYSTEM32\dwrite.dll
0x000000005b720000 - 0x000000005b744000 	C:\Program Files\Java\jdk1.8.0_121\jre\bin\sunec.dll
0x000000005b770000 - 0x000000005b78a000 	C:\Program Files\Java\jdk1.8.0_121\jre\bin\net.dll
0x00007ffcc81c0000 - 0x00007ffcc821c000 	C:\WINDOWS\system32\mswsock.dll
0x00007ffcc7f40000 - 0x00007ffcc7f78000 	C:\WINDOWS\SYSTEM32\IPHLPAPI.DLL
0x00007ffccc470000 - 0x00007ffccc478000 	C:\WINDOWS\System32\NSI.dll
0x00007ffcc1c90000 - 0x00007ffcc1ca6000 	C:\WINDOWS\SYSTEM32\dhcpcsvc6.DLL
0x00007ffcc3120000 - 0x00007ffcc313a000 	C:\WINDOWS\SYSTEM32\dhcpcsvc.DLL
0x000000005b750000 - 0x000000005b761000 	C:\Program Files\Java\jdk1.8.0_121\jre\bin\nio.dll
0x00007ffccc030000 - 0x00007ffccc0cf000 	C:\WINDOWS\System32\clbcatq.dll
0x00007ffcc3830000 - 0x00007ffcc39d8000 	C:\WINDOWS\SYSTEM32\WindowsCodecs.dll
0x00007ffcab1d0000 - 0x00007ffcab219000 	C:\WINDOWS\system32\dataexchange.dll
0x00007ffcc5d70000 - 0x00007ffcc6026000 	C:\WINDOWS\system32\d3d11.dll
0x00007ffcc6710000 - 0x00007ffcc6861000 	C:\WINDOWS\system32\dcomp.dll
0x00007ffcc7870000 - 0x00007ffcc790f000 	C:\WINDOWS\system32\dxgi.dll
0x00007ffcc7310000 - 0x00007ffcc742c000 	C:\WINDOWS\system32\twinapi.appcore.dll
0x00007ffcc8840000 - 0x00007ffcc886b000 	C:\WINDOWS\system32\bcrypt.dll
0x00007ffc962f0000 - 0x00007ffc96322000 	C:\Program Files\Common Files\Microsoft Shared\Ink\rtscom.dll
0x000000005abe0000 - 0x000000005ac03000 	C:\Program Files\Java\jdk1.8.0_121\jre\bin\javafx_iio.dll
0x000000005abc0000 - 0x000000005abd1000 	C:\Program Files\Java\jdk1.8.0_121\jre\bin\prism_common.dll
0x00007ffcbabb0000 - 0x00007ffcbad42000 	C:\WINDOWS\SYSTEM32\dbghelp.dll

VM Arguments:
jvm_args: -Dfile.encoding=UTF-8 
java_command: com.jeeves.vpl.Main
java_class_path (initial): C:\Users\Daniel\workspace\JeevesMaven\target\classes;C:\Users\Daniel\workspace\JeevesMaven\poi-3.15.jar;C:\Users\Daniel\workspace\JeevesMaven\commons-lang3-3.5.jar;C:\Users\Daniel\workspace\JeevesMaven\controlsfx-8.40.12.jar;C:\Users\Daniel\.m2\repository\commons-codec\commons-codec\1.9\commons-codec-1.9.jar;C:\Users\Daniel\.m2\repository\commons-validator\commons-validator\1.4.1\commons-validator-1.4.1.jar;C:\Users\Daniel\.m2\repository\commons-beanutils\commons-beanutils\1.8.3\commons-beanutils-1.8.3.jar;C:\Users\Daniel\.m2\repository\commons-digester\commons-digester\1.8.1\commons-digester-1.8.1.jar;C:\Users\Daniel\.m2\repository\commons-logging\commons-logging\1.2\commons-logging-1.2.jar;C:\Users\Daniel\.m2\repository\commons-collections\commons-collections\3.2.1\commons-collections-3.2.1.jar;C:\Users\Daniel\.m2\repository\org\apache\shiro\shiro-core\1.3.2\shiro-core-1.3.2.jar;C:\Users\Daniel\.m2\repository\org\slf4j\slf4j-api\1.6.4\slf4j-api-1.6.4.jar;C:\Users\Daniel\.m2\repository\com\google\firebase\firebase-admin\5.1.0\firebase-admin-5.1.0.jar;C:\Users\Daniel\.m2\repository\com\google\api-client\google-api-client\1.22.0\google-api-client-1.22.0.jar;C:\Users\Daniel\.m2\repository\com\google\oauth-client\google-oauth-client\1.22.0\google-oauth-client-1.22.0.jar;C:\Users\Daniel\.m2\repository\com\google\http-client\google-http-client-jackson2\1.22.0\google-http-client-jackson2-1.22.0.jar;C:\Users\Daniel\.m2\repository\com\fasterxml\jackson\core\jackson-core\2.1.3\jackson-core-2.1.3.jar;C:\Users\Daniel\.m2\repository\com\google\api-client\google-api-client-gson\1.22.0\google-api-client-gson-1.22.0.jar;C:\Users\Daniel\.m2\repository\com\google\http-client\google-http-client-gson\1.22.0\google-http-client-gson-1.22.0.jar;C:\Users\Daniel\.m2\repository\com\google\code\gson\gson\2.1\gson-2.1.jar;C:\Users\Daniel\.m2\repository\com\google\http-client\google-http-client\1.22.0\google-http-client-1.22.0.jar;C:\Users\Daniel\.m2\repository\com
Launcher Type: SUN_STANDARD

Environment Variables:
JAVA_HOME=C:\Program Files\Java\jdk1.8.0_121
CLASSPATH=.
USERNAME=Daniel
OS=Windows_NT
PROCESSOR_IDENTIFIER=Intel64 Family 6 Model 69 Stepping 1, GenuineIntel



---------------  S Y S T E M  ---------------

OS: Windows 10.0 , 64 bit Build 14393 (10.0.14393.1198)

CPU:total 4 (2 cores per cpu, 2 threads per core) family 6 model 69 stepping 1, cmov, cx8, fxsr, mmx, sse, sse2, sse3, ssse3, sse4.1, sse4.2, popcnt, avx, avx2, aes, clmul, erms, lzcnt, ht, tsc, tscinvbit, bmi1, bmi2

Memory: 4k page, physical 8317080k(2060932k free), swap 13297816k(4671972k free)

vm_info: Java HotSpot(TM) 64-Bit Server VM (25.121-b13) for windows-amd64 JRE (1.8.0_121-b13), built on Dec 12 2016 18:21:36 by "java_re" with MS VC++ 10.0 (VS2010)

time: Fri Jul 07 19:35:25 2017
elapsed time: 7 seconds (0d 0h 0m 7s)

