#
# A fatal error has been detected by the Java Runtime Environment:
#
#  EXCEPTION_ACCESS_VIOLATION (0xc0000005) at pc=0x00000000667c78b0, pid=8724, tid=0x0000000000001634
#
# JRE version: Java(TM) SE Runtime Environment (8.0_151-b12) (build 1.8.0_151-b12)
# Java VM: Java HotSpot(TM) 64-Bit Server VM (25.151-b12 mixed mode windows-amd64 compressed oops)
# Problematic frame:
# C  [glass.dll+0x278b0]
#
# Failed to write core dump. Minidumps are not enabled by default on client versions of Windows
#
# If you would like to submit a bug report, please visit:
#   http://bugreport.java.com/bugreport/crash.jsp
#

---------------  T H R E A D  ---------------

Current thread (0x0000000019bf7800):  VMThread [stack: 0x000000001ac80000,0x000000001ad80000] [id=5684]

siginfo: ExceptionCode=0xc0000005, reading address 0x0000000000000000

Registers:
RAX=0x0000000000000000, RBX=0x000000001c11db38, RCX=0x0000000019bf7800, RDX=0x0000000067edc658
RSP=0x000000001ad7f5f0, RBP=0x0000000003162928, RSI=0x0000000003162900, RDI=0x000088d8535cfad0
R8 =0x0000000000010002, R9 =0x0000000000000010, R10=0x000088d8535cfad0, R11=0x000000001ad7f4f0
R12=0x0000000000000000, R13=0x0000000000000040, R14=0x000000001ad7f708, R15=0x0000000003162900
RIP=0x00000000667c78b0, EFLAGS=0x0000000000010206

Top of Stack: (sp=0x000000001ad7f5f0)
0x000000001ad7f5f0:   0000000000000000 00007ff86f3ed00b
0x000000001ad7f600:   0000000003162910 0000000003162910
0x000000001ad7f610:   fffffffffffffffe 0000000003162928
0x000000001ad7f620:   0000000003162908 00007ff86f3f85f3
0x000000001ad7f630:   00000000667dc1b0 00007ff800000000
0x000000001ad7f640:   0000000000000001 00007ff85c3c0000
0x000000001ad7f650:   fffffffffffffffe 00000000031bb190
0x000000001ad7f660:   0000000000000001 00000000667a0000
0x000000001ad7f670:   0000000004f91638 00000000667c48dc
0x000000001ad7f680:   000000001ad7f6f8 00007ff86f3ed157
0x000000001ad7f690:   0000000000000000 000000001ad7f708
0x000000001ad7f6a0:   0000000019b05400 00007ff86f4c70e0
0x000000001ad7f6b0:   0000000000000000 00007ff86f3f16ee
0x000000001ad7f6c0:   0000000000000000 0000000000000001
0x000000001ad7f6d0:   0000000000000001 000000001ad7f6f8
0x000000001ad7f6e0:   0000000000000001 00000000667c4752 

Instructions: (pc=0x00000000667c78b0)
0x00000000667c7890:   40 53 48 83 ec 30 48 c7 44 24 20 fe ff ff ff 48
0x00000000667c78a0:   8b 1d 7a 72 01 00 48 85 db 74 16 e8 00 81 ff ff
0x00000000667c78b0:   4c 8b 00 48 8b d3 48 8b c8 41 ff 90 b0 00 00 00
0x00000000667c78c0:   90 48 83 c4 30 5b c3 cc cc cc cc cc cc cc cc cc 


Register to memory mapping:

RAX=0x0000000000000000 is an unknown value
RBX=0x000000001c11db38 is a global jni handle
RCX=0x0000000019bf7800 is an unknown value
RDX=0x0000000067edc658 is an unknown value
RSP=0x000000001ad7f5f0 is an unknown value
RBP=0x0000000003162928 is an unknown value
RSI=0x0000000003162900 is an unknown value
RDI=0x000088d8535cfad0 is an unknown value
R8 =0x0000000000010002 is an unknown value
R9 =0x0000000000000010 is an unknown value
R10=0x000088d8535cfad0 is an unknown value
R11=0x000000001ad7f4f0 is an unknown value
R12=0x0000000000000000 is an unknown value
R13=0x0000000000000040 is an unknown value
R14=0x000000001ad7f708 is an unknown value
R15=0x0000000003162900 is an unknown value


Stack: [0x000000001ac80000,0x000000001ad80000],  sp=0x000000001ad7f5f0,  free space=1021k
Native frames: (J=compiled Java code, j=interpreted, Vv=VM code, C=native code)
C  [glass.dll+0x278b0]
C  [ucrtbase.dll+0x185f3]
C  [ucrtbase.dll+0xd157]
C  [ucrtbase.dll+0x116ee]
C  [glass.dll+0x24752]
C  [glass.dll+0x24850]
C  [ntdll.dll+0x11493]
C  [ntdll.dll+0x406b5]
C  [ntdll.dll+0x40574]
C  [KERNEL32.DLL+0xf06a]
C  [msvcr100.dll+0x20ccd]
V  [jvm.dll+0x212a95]
V  [jvm.dll+0x24b9a7]
V  [jvm.dll+0x24ac46]
V  [jvm.dll+0x24b0e1]
V  [jvm.dll+0x24b2fe]
V  [jvm.dll+0x29c3ea]
C  [msvcr100.dll+0x21d9f]
C  [msvcr100.dll+0x21e3b]
C  [KERNEL32.DLL+0x11fe4]
C  [ntdll.dll+0x6efb1]

VM_Operation (0x000000001c9ea6e0): Exit, mode: safepoint, requested by thread 0x000000001bc6c800


---------------  P R O C E S S  ---------------

Java Threads: ( => current thread )
  0x00000000214c9800 JavaThread "Prism Font Disposer" daemon [_thread_blocked, id=9016, stack(0x0000000023f50000,0x0000000024050000)]
  0x000000001bce6000 JavaThread "JavaFX-Launcher" [_thread_blocked, id=10448, stack(0x0000000021080000,0x0000000021180000)]
  0x000000001bcff800 JavaThread "Thread-2" daemon [_thread_in_native, id=11932, stack(0x0000000020f80000,0x0000000021080000)]
  0x000000001bc6c800 JavaThread "JavaFX Application Thread" [_thread_blocked, id=9712, stack(0x000000001c8f0000,0x000000001c9f0000)]
  0x000000001bc56800 JavaThread "Thread-1" daemon [_thread_blocked, id=2932, stack(0x000000001c7f0000,0x000000001c8f0000)]
  0x000000001bc46800 JavaThread "QuantumRenderer-0" daemon [_thread_blocked, id=7468, stack(0x000000001c560000,0x000000001c660000)]
  0x000000001b5ab800 JavaThread "Service Thread" daemon [_thread_blocked, id=11412, stack(0x000000001b970000,0x000000001ba70000)]
  0x0000000019c3c800 JavaThread "C1 CompilerThread2" daemon [_thread_blocked, id=16056, stack(0x000000001b470000,0x000000001b570000)]
  0x0000000019c35000 JavaThread "C2 CompilerThread1" daemon [_thread_blocked, id=6584, stack(0x000000001b370000,0x000000001b470000)]
  0x0000000019c32800 JavaThread "C2 CompilerThread0" daemon [_thread_blocked, id=9908, stack(0x000000001b270000,0x000000001b370000)]
  0x0000000019c31000 JavaThread "Attach Listener" daemon [_thread_blocked, id=9960, stack(0x000000001b170000,0x000000001b270000)]
  0x0000000019c2f800 JavaThread "Signal Dispatcher" daemon [_thread_blocked, id=14228, stack(0x000000001b070000,0x000000001b170000)]
  0x0000000019c1a000 JavaThread "Finalizer" daemon [_thread_blocked, id=6100, stack(0x000000001ae80000,0x000000001af80000)]
  0x0000000005093000 JavaThread "Reference Handler" daemon [_thread_blocked, id=14468, stack(0x000000001ad80000,0x000000001ae80000)]
  0x0000000004fa3800 JavaThread "main" [_thread_blocked, id=3764, stack(0x0000000004dc0000,0x0000000004ec0000)]

Other Threads:
=>0x0000000019bf7800 VMThread [stack: 0x000000001ac80000,0x000000001ad80000] [id=5684]

VM state:at safepoint (shutting down)

VM Mutex/Monitor currently owned by a thread:  ([mutex/lock_event])
[0x0000000004fa11d0] Threads_lock - owner thread: 0x0000000019bf7800

Heap:
 PSYoungGen      total 111104K, used 14815K [0x00000000d5b00000, 0x00000000de400000, 0x0000000100000000)
  eden space 101376K, 5% used [0x00000000d5b00000,0x00000000d5ffe160,0x00000000dbe00000)
  from space 9728K, 99% used [0x00000000dce80000,0x00000000dd7f9e50,0x00000000dd800000)
  to   space 16896K, 0% used [0x00000000dbe00000,0x00000000dbe00000,0x00000000dce80000)
 ParOldGen       total 64000K, used 29455K [0x0000000081000000, 0x0000000084e80000, 0x00000000d5b00000)
  object space 64000K, 46% used [0x0000000081000000,0x0000000082cc3eb8,0x0000000084e80000)
 Metaspace       used 26414K, capacity 28290K, committed 28544K, reserved 1073152K
  class space    used 3893K, capacity 4222K, committed 4224K, reserved 1048576K

Card table byte_map: [0x0000000014460000,0x0000000014860000] byte_map_base: 0x0000000014058000

Marking Bits: (ParMarkBitMap*) 0x00000000680cd850
 Begin Bits: [0x0000000014f10000, 0x0000000016ed0000)
 End Bits:   [0x0000000016ed0000, 0x0000000018e90000)

Polling page: 0x0000000004d80000

CodeCache: size=245760Kb used=14711Kb max_used=14711Kb free=231048Kb
 bounds [0x00000000050a0000, 0x0000000005f10000, 0x00000000140a0000]
 total_blobs=5404 nmethods=4668 adapters=647
 compilation: enabled

Compilation events (10 events):
Event: 11.054 Thread 0x0000000019c3c800 4744       3       com.sun.prism.d3d.D3DTextureResource::isValid (28 bytes)
Event: 11.055 Thread 0x0000000019c3c800 nmethod 4744 0x0000000005f07350 code [0x0000000005f074c0, 0x0000000005f07890]
Event: 11.073 Thread 0x0000000019c3c800 4745       3       javafx.application.Platform::isSupported (5 bytes)
Event: 11.073 Thread 0x0000000019c3c800 nmethod 4745 0x0000000005f07990 code [0x0000000005f07b00, 0x0000000005f07c68]
Event: 11.113 Thread 0x0000000019c3c800 4746       3       javafx.scene.Node::impl_pickNodeLocal (8 bytes)
Event: 11.113 Thread 0x0000000019c3c800 nmethod 4746 0x0000000005f07d10 code [0x0000000005f07e80, 0x0000000005f08088]
Event: 11.263 Thread 0x0000000019c3c800 4747       3       jdk.internal.org.objectweb.asm.FieldVisitor::<init> (35 bytes)
Event: 11.263 Thread 0x0000000019c3c800 nmethod 4747 0x0000000005f08110 code [0x0000000005f08280, 0x0000000005f08588]
Event: 11.292 Thread 0x0000000019c3c800 4748       1       java.util.logging.Logger::getName (5 bytes)
Event: 11.292 Thread 0x0000000019c3c800 nmethod 4748 0x0000000005f08690 code [0x0000000005f087e0, 0x0000000005f088f0]

GC Heap History (10 events):
Event: 3.278 GC heap before
{Heap before GC invocations=5 (full 0):
 PSYoungGen      total 38400K, used 9499K [0x00000000d5b00000, 0x00000000d8580000, 0x0000000100000000)
  eden space 33280K, 13% used [0x00000000d5b00000,0x00000000d5f6c828,0x00000000d7b80000)
  from space 5120K, 97% used [0x00000000d8080000,0x00000000d855a760,0x00000000d8580000)
  to   space 5120K, 0% used [0x00000000d7b80000,0x00000000d7b80000,0x00000000d8080000)
 ParOldGen       total 87552K, used 13934K [0x0000000081000000, 0x0000000086580000, 0x00000000d5b00000)
  object space 87552K, 15% used [0x0000000081000000,0x0000000081d9bbe0,0x0000000086580000)
 Metaspace       used 20290K, capacity 21262K, committed 21296K, reserved 1067008K
  class space    used 2959K, capacity 3168K, committed 3200K, reserved 1048576K
Event: 3.284 GC heap after
Heap after GC invocations=5 (full 0):
 PSYoungGen      total 38400K, used 5052K [0x00000000d5b00000, 0x00000000db100000, 0x0000000100000000)
  eden space 33280K, 0% used [0x00000000d5b00000,0x00000000d5b00000,0x00000000d7b80000)
  from space 5120K, 98% used [0x00000000d7b80000,0x00000000d806f1e0,0x00000000d8080000)
  to   space 10752K, 0% used [0x00000000da680000,0x00000000da680000,0x00000000db100000)
 ParOldGen       total 87552K, used 13942K [0x0000000081000000, 0x0000000086580000, 0x00000000d5b00000)
  object space 87552K, 15% used [0x0000000081000000,0x0000000081d9dbe0,0x0000000086580000)
 Metaspace       used 20290K, capacity 21262K, committed 21296K, reserved 1067008K
  class space    used 2959K, capacity 3168K, committed 3200K, reserved 1048576K
}
Event: 3.284 GC heap before
{Heap before GC invocations=6 (full 1):
 PSYoungGen      total 38400K, used 5052K [0x00000000d5b00000, 0x00000000db100000, 0x0000000100000000)
  eden space 33280K, 0% used [0x00000000d5b00000,0x00000000d5b00000,0x00000000d7b80000)
  from space 5120K, 98% used [0x00000000d7b80000,0x00000000d806f1e0,0x00000000d8080000)
  to   space 10752K, 0% used [0x00000000da680000,0x00000000da680000,0x00000000db100000)
 ParOldGen       total 87552K, used 13942K [0x0000000081000000, 0x0000000086580000, 0x00000000d5b00000)
  object space 87552K, 15% used [0x0000000081000000,0x0000000081d9dbe0,0x0000000086580000)
 Metaspace       used 20290K, capacity 21262K, committed 21296K, reserved 1067008K
  class space    used 2959K, capacity 3168K, committed 3200K, reserved 1048576K
Event: 3.318 GC heap after
Heap after GC invocations=6 (full 1):
 PSYoungGen      total 38400K, used 0K [0x00000000d5b00000, 0x00000000db100000, 0x0000000100000000)
  eden space 33280K, 0% used [0x00000000d5b00000,0x00000000d5b00000,0x00000000d7b80000)
  from space 5120K, 0% used [0x00000000d7b80000,0x00000000d7b80000,0x00000000d8080000)
  to   space 10752K, 0% used [0x00000000da680000,0x00000000da680000,0x00000000db100000)
 ParOldGen       total 64000K, used 16698K [0x0000000081000000, 0x0000000084e80000, 0x00000000d5b00000)
  object space 64000K, 26% used [0x0000000081000000,0x000000008204e9d8,0x0000000084e80000)
 Metaspace       used 20290K, capacity 21262K, committed 21296K, reserved 1067008K
  class space    used 2959K, capacity 3168K, committed 3200K, reserved 1048576K
}
Event: 4.218 GC heap before
{Heap before GC invocations=7 (full 1):
 PSYoungGen      total 38400K, used 33280K [0x00000000d5b00000, 0x00000000db100000, 0x0000000100000000)
  eden space 33280K, 100% used [0x00000000d5b00000,0x00000000d7b80000,0x00000000d7b80000)
  from space 5120K, 0% used [0x00000000d7b80000,0x00000000d7b80000,0x00000000d8080000)
  to   space 10752K, 0% used [0x00000000da680000,0x00000000da680000,0x00000000db100000)
 ParOldGen       total 64000K, used 16698K [0x0000000081000000, 0x0000000084e80000, 0x00000000d5b00000)
  object space 64000K, 26% used [0x0000000081000000,0x000000008204e9d8,0x0000000084e80000)
 Metaspace       used 20954K, capacity 22066K, committed 22272K, reserved 1069056K
  class space    used 3101K, capacity 3308K, committed 3328K, reserved 1048576K
Event: 4.220 GC heap after
Heap after GC invocations=7 (full 1):
 PSYoungGen      total 64000K, used 3452K [0x00000000d5b00000, 0x00000000daa00000, 0x0000000100000000)
  eden space 60416K, 0% used [0x00000000d5b00000,0x00000000d5b00000,0x00000000d9600000)
  from space 3584K, 96% used [0x00000000da680000,0x00000000da9df2c0,0x00000000daa00000)
  to   space 10240K, 0% used [0x00000000d9600000,0x00000000d9600000,0x00000000da000000)
 ParOldGen       total 64000K, used 16706K [0x0000000081000000, 0x0000000084e80000, 0x00000000d5b00000)
  object space 64000K, 26% used [0x0000000081000000,0x00000000820509d8,0x0000000084e80000)
 Metaspace       used 20954K, capacity 22066K, committed 22272K, reserved 1069056K
  class space    used 3101K, capacity 3308K, committed 3328K, reserved 1048576K
}
Event: 4.548 GC heap before
{Heap before GC invocations=8 (full 1):
 PSYoungGen      total 64000K, used 63222K [0x00000000d5b00000, 0x00000000daa00000, 0x0000000100000000)
  eden space 60416K, 98% used [0x00000000d5b00000,0x00000000d955e738,0x00000000d9600000)
  from space 3584K, 96% used [0x00000000da680000,0x00000000da9df2c0,0x00000000daa00000)
  to   space 10240K, 0% used [0x00000000d9600000,0x00000000d9600000,0x00000000da000000)
 ParOldGen       total 64000K, used 16706K [0x0000000081000000, 0x0000000084e80000, 0x00000000d5b00000)
  object space 64000K, 26% used [0x0000000081000000,0x00000000820509d8,0x0000000084e80000)
 Metaspace       used 21111K, capacity 22240K, committed 22272K, reserved 1069056K
  class space    used 3111K, capacity 3325K, committed 3328K, reserved 1048576K
Event: 4.555 GC heap after
Heap after GC invocations=8 (full 1):
 PSYoungGen      total 70656K, used 4920K [0x00000000d5b00000, 0x00000000dd800000, 0x0000000100000000)
  eden space 60416K, 0% used [0x00000000d5b00000,0x00000000d5b00000,0x00000000d9600000)
  from space 10240K, 48% used [0x00000000d9600000,0x00000000d9ace1c0,0x00000000da000000)
  to   space 9728K, 0% used [0x00000000dce80000,0x00000000dce80000,0x00000000dd800000)
 ParOldGen       total 64000K, used 16706K [0x0000000081000000, 0x0000000084e80000, 0x00000000d5b00000)
  object space 64000K, 26% used [0x0000000081000000,0x00000000820509d8,0x0000000084e80000)
 Metaspace       used 21111K, capacity 22240K, committed 22272K, reserved 1069056K
  class space    used 3111K, capacity 3325K, committed 3328K, reserved 1048576K
}
Event: 7.004 GC heap before
{Heap before GC invocations=9 (full 1):
 PSYoungGen      total 70656K, used 65336K [0x00000000d5b00000, 0x00000000dd800000, 0x0000000100000000)
  eden space 60416K, 100% used [0x00000000d5b00000,0x00000000d9600000,0x00000000d9600000)
  from space 10240K, 48% used [0x00000000d9600000,0x00000000d9ace1c0,0x00000000da000000)
  to   space 9728K, 0% used [0x00000000dce80000,0x00000000dce80000,0x00000000dd800000)
 ParOldGen       total 64000K, used 16706K [0x0000000081000000, 0x0000000084e80000, 0x00000000d5b00000)
  object space 64000K, 26% used [0x0000000081000000,0x00000000820509d8,0x0000000084e80000)
 Metaspace       used 26091K, capacity 27992K, committed 28032K, reserved 1073152K
  class space    used 3874K, capacity 4215K, committed 4224K, reserved 1048576K
Event: 7.033 GC heap after
Heap after GC invocations=9 (full 1):
 PSYoungGen      total 111104K, used 9703K [0x00000000d5b00000, 0x00000000de400000, 0x0000000100000000)
  eden space 101376K, 0% used [0x00000000d5b00000,0x00000000d5b00000,0x00000000dbe00000)
  from space 9728K, 99% used [0x00000000dce80000,0x00000000dd7f9e50,0x00000000dd800000)
  to   space 16896K, 0% used [0x00000000dbe00000,0x00000000dbe00000,0x00000000dce80000)
 ParOldGen       total 64000K, used 29455K [0x0000000081000000, 0x0000000084e80000, 0x00000000d5b00000)
  object space 64000K, 46% used [0x0000000081000000,0x0000000082cc3eb8,0x0000000084e80000)
 Metaspace       used 26091K, capacity 27992K, committed 28032K, reserved 1073152K
  class space    used 3874K, capacity 4215K, committed 4224K, reserved 1048576K
}

Deoptimization events (10 events):
Event: 6.080 Thread 0x000000001bc46800 Uncommon trap: reason=bimorphic action=maybe_recompile pc=0x00000000056063f0 method=java.io.BufferedInputStream.read1([BII)I @ 39
Event: 6.081 Thread 0x000000001bc46800 Uncommon trap: reason=unstable_if action=reinterpret pc=0x0000000005606220 method=java.io.BufferedInputStream.read1([BII)I @ 60
Event: 6.148 Thread 0x000000001bc46800 Uncommon trap: reason=unstable_if action=reinterpret pc=0x000000000590496c method=java.lang.Class.arrayContentsEq([Ljava/lang/Object;[Ljava/lang/Object;)Z @ 1
Event: 6.211 Thread 0x000000001bc46800 Uncommon trap: reason=unstable_if action=reinterpret pc=0x00000000058f9868 method=java.lang.Class.arrayContentsEq([Ljava/lang/Object;[Ljava/lang/Object;)Z @ 1
Event: 6.470 Thread 0x000000001bc6c800 Uncommon trap: reason=null_check action=make_not_entrant pc=0x0000000005dba26c method=com.sun.javafx.css.StyleManager$CacheContainer.getCacheMap(Ljava/util/List;Ljava/lang/String;)Ljava/util/Map; @ 218
Event: 6.517 Thread 0x000000001bc6c800 Uncommon trap: reason=unstable_if action=reinterpret pc=0x0000000005c7dfac method=java.lang.StrictMath.floorOrCeil(DDDD)D @ 24
Event: 6.528 Thread 0x000000001bc6c800 Uncommon trap: reason=unstable_if action=reinterpret pc=0x000000000589c504 method=java.util.EnumMap.isValidKey(Ljava/lang/Object;)Z @ 16
Event: 6.530 Thread 0x000000001bc6c800 Uncommon trap: reason=unstable_if action=reinterpret pc=0x000000000587791c method=java.util.EnumMap.isValidKey(Ljava/lang/Object;)Z @ 16
Event: 6.531 Thread 0x000000001bc6c800 Uncommon trap: reason=unstable_if action=reinterpret pc=0x0000000005c9eb08 method=javafx.scene.Node.impl_isDirtyEmpty()Z @ 4
Event: 6.579 Thread 0x000000001bc6c800 Uncommon trap: reason=unstable_if action=reinterpret pc=0x000000000549e6a8 method=jdk.internal.org.objectweb.asm.Type.getArgumentsAndReturnSizes(Ljava/lang/String;)I @ 47

Internal exceptions (10 events):
Event: 2.902 Thread 0x000000001bc6c800 Implicit null exception at 0x0000000005430a58 to 0x0000000005430ae6
Event: 5.241 Thread 0x000000001bc6c800 Implicit null exception at 0x0000000005b611b5 to 0x0000000005b612a5
Event: 5.479 Thread 0x000000001bc6c800 Implicit null exception at 0x0000000005c33d45 to 0x0000000005c34fe5
Event: 5.479 Thread 0x000000001bc6c800 Implicit null exception at 0x0000000005c20ffd to 0x0000000005c23489
Event: 5.479 Thread 0x000000001bc6c800 Implicit null exception at 0x0000000005c09bf5 to 0x0000000005c0f08d
Event: 5.480 Thread 0x000000001bc6c800 Implicit null exception at 0x0000000005b3398e to 0x0000000005b352bd
Event: 6.148 Thread 0x000000001bc46800 Implicit null exception at 0x0000000005901794 to 0x00000000059048fd
Event: 6.211 Thread 0x000000001bc46800 Implicit null exception at 0x00000000058f63a4 to 0x00000000058f97f5
Event: 6.470 Thread 0x000000001bc6c800 Implicit null exception at 0x0000000005db59f3 to 0x0000000005dba23f
Event: 11.293 Thread 0x0000000027b63000 Exception <a 'java/lang/IllegalStateException'> (0x00000000d5eb2618) thrown at [C:\re\workspace\8-2-build-windows-amd64-cygwin\jdk8u151\9699\hotspot\src\share\vm\prims\jvm.cpp, line 1394]

Events (10 events):
Event: 11.292 Thread 0x000000001b7df000 Thread added: 0x000000001b7df000
Event: 11.292 Executing VM operation: RevokeBias
Event: 11.292 Executing VM operation: RevokeBias done
Event: 11.292 Thread 0x000000001b7df000 Thread exited: 0x000000001b7df000
Event: 11.292 loading class com/sun/javafx/tk/quantum/QuantumRenderer
Event: 11.292 loading class com/sun/javafx/tk/quantum/QuantumRenderer done
Event: 11.293 loading class com/sun/javafx/tk/quantum/QuantumToolkit
Event: 11.293 loading class com/sun/javafx/tk/quantum/QuantumToolkit done
Event: 11.293 Thread 0x0000000027b63000 Thread exited: 0x0000000027b63000
Event: 11.293 Executing VM operation: Exit


Dynamic libraries:
0x00007ff71cf40000 - 0x00007ff71cf77000 	C:\Program Files\Java\jre1.8.0_151\bin\javaw.exe
0x00007ff872f70000 - 0x00007ff873150000 	C:\WINDOWS\SYSTEM32\ntdll.dll
0x00007ff8706d0000 - 0x00007ff87077e000 	C:\WINDOWS\System32\KERNEL32.DLL
0x00007ff86f4e0000 - 0x00007ff86f746000 	C:\WINDOWS\System32\KERNELBASE.dll
0x00007ff872ad0000 - 0x00007ff872b71000 	C:\WINDOWS\System32\ADVAPI32.dll
0x00007ff872e50000 - 0x00007ff872eed000 	C:\WINDOWS\System32\msvcrt.dll
0x00007ff870810000 - 0x00007ff87086b000 	C:\WINDOWS\System32\sechost.dll
0x00007ff870e60000 - 0x00007ff870f7f000 	C:\WINDOWS\System32\RPCRT4.dll
0x00007ff8710d0000 - 0x00007ff87125f000 	C:\WINDOWS\System32\USER32.dll
0x00007ff86f3c0000 - 0x00007ff86f3e0000 	C:\WINDOWS\System32\win32u.dll
0x00007ff8712d0000 - 0x00007ff8712f8000 	C:\WINDOWS\System32\GDI32.dll
0x00007ff86f8e0000 - 0x00007ff86fa73000 	C:\WINDOWS\System32\gdi32full.dll
0x00007ff8703a0000 - 0x00007ff87043b000 	C:\WINDOWS\System32\msvcp_win.dll
0x00007ff86f3e0000 - 0x00007ff86f4d6000 	C:\WINDOWS\System32\ucrtbase.dll
0x00007ff8685a0000 - 0x00007ff868809000 	C:\WINDOWS\WinSxS\amd64_microsoft.windows.common-controls_6595b64144ccf1df_6.0.16299.192_none_15c8cdae9364c23b\COMCTL32.dll
0x00007ff871300000 - 0x00007ff871608000 	C:\WINDOWS\System32\combase.dll
0x00007ff86f800000 - 0x00007ff86f872000 	C:\WINDOWS\System32\bcryptPrimitives.dll
0x00007ff872f00000 - 0x00007ff872f2d000 	C:\WINDOWS\System32\IMM32.DLL
0x0000000067140000 - 0x0000000067212000 	C:\Program Files\Java\jre1.8.0_151\bin\msvcr100.dll
0x00000000678b0000 - 0x000000006814d000 	C:\Program Files\Java\jre1.8.0_151\bin\server\jvm.dll
0x00007ff872f30000 - 0x00007ff872f38000 	C:\WINDOWS\System32\PSAPI.DLL
0x00007ff864f90000 - 0x00007ff864f99000 	C:\WINDOWS\SYSTEM32\WSOCK32.dll
0x00007ff867670000 - 0x00007ff86767a000 	C:\WINDOWS\SYSTEM32\VERSION.dll
0x00007ff868fb0000 - 0x00007ff868fd3000 	C:\WINDOWS\SYSTEM32\WINMM.dll
0x00007ff871260000 - 0x00007ff8712cc000 	C:\WINDOWS\System32\WS2_32.dll
0x00007ff868f80000 - 0x00007ff868faa000 	C:\WINDOWS\SYSTEM32\WINMMBASE.dll
0x00007ff86f370000 - 0x00007ff86f3ba000 	C:\WINDOWS\System32\cfgmgr32.dll
0x00000000678a0000 - 0x00000000678af000 	C:\Program Files\Java\jre1.8.0_151\bin\verify.dll
0x0000000067870000 - 0x0000000067899000 	C:\Program Files\Java\jre1.8.0_151\bin\java.dll
0x0000000067850000 - 0x0000000067866000 	C:\Program Files\Java\jre1.8.0_151\bin\zip.dll
0x00007ff871630000 - 0x00007ff872a66000 	C:\WINDOWS\System32\SHELL32.dll
0x00007ff870440000 - 0x00007ff8704e6000 	C:\WINDOWS\System32\shcore.dll
0x00007ff86fc50000 - 0x00007ff870397000 	C:\WINDOWS\System32\windows.storage.dll
0x00007ff872a70000 - 0x00007ff872ac1000 	C:\WINDOWS\System32\shlwapi.dll
0x00007ff86f300000 - 0x00007ff86f311000 	C:\WINDOWS\System32\kernel.appcore.dll
0x00007ff86f320000 - 0x00007ff86f36c000 	C:\WINDOWS\System32\powrprof.dll
0x00007ff86f2e0000 - 0x00007ff86f2fb000 	C:\WINDOWS\System32\profapi.dll
0x0000000004f00000 - 0x0000000004f03000 	C:\Program Files\Java\jre1.8.0_151\bin\api-ms-win-core-console-l1-1-0.dll
0x0000000004f10000 - 0x0000000004f13000 	C:\Program Files\Java\jre1.8.0_151\bin\api-ms-win-core-datetime-l1-1-0.dll
0x0000000004f20000 - 0x0000000004f23000 	C:\Program Files\Java\jre1.8.0_151\bin\api-ms-win-core-debug-l1-1-0.dll
0x0000000004f30000 - 0x0000000004f33000 	C:\Program Files\Java\jre1.8.0_151\bin\api-ms-win-core-errorhandling-l1-1-0.dll
0x0000000004f40000 - 0x0000000004f44000 	C:\Program Files\Java\jre1.8.0_151\bin\api-ms-win-core-file-l1-1-0.dll
0x0000000004f50000 - 0x0000000004f53000 	C:\Program Files\Java\jre1.8.0_151\bin\api-ms-win-core-file-l1-2-0.dll
0x0000000004f60000 - 0x0000000004f63000 	C:\Program Files\Java\jre1.8.0_151\bin\api-ms-win-core-file-l2-1-0.dll
0x0000000004f70000 - 0x0000000004f73000 	C:\Program Files\Java\jre1.8.0_151\bin\api-ms-win-core-handle-l1-1-0.dll
0x0000000004f80000 - 0x0000000004f83000 	C:\Program Files\Java\jre1.8.0_151\bin\api-ms-win-core-heap-l1-1-0.dll
0x000000001bb70000 - 0x000000001bb73000 	C:\Program Files\Java\jre1.8.0_151\bin\api-ms-win-core-interlocked-l1-1-0.dll
0x000000001bb80000 - 0x000000001bb83000 	C:\Program Files\Java\jre1.8.0_151\bin\api-ms-win-core-libraryloader-l1-1-0.dll
0x000000001bb90000 - 0x000000001bb93000 	C:\Program Files\Java\jre1.8.0_151\bin\api-ms-win-core-localization-l1-2-0.dll
0x000000001bba0000 - 0x000000001bba3000 	C:\Program Files\Java\jre1.8.0_151\bin\api-ms-win-core-memory-l1-1-0.dll
0x000000001bbb0000 - 0x000000001bbb3000 	C:\Program Files\Java\jre1.8.0_151\bin\api-ms-win-core-namedpipe-l1-1-0.dll
0x000000001bbc0000 - 0x000000001bbc3000 	C:\Program Files\Java\jre1.8.0_151\bin\api-ms-win-core-processenvironment-l1-1-0.dll
0x000000001bbd0000 - 0x000000001bbd3000 	C:\Program Files\Java\jre1.8.0_151\bin\api-ms-win-core-processthreads-l1-1-0.dll
0x000000001bbe0000 - 0x000000001bbe3000 	C:\Program Files\Java\jre1.8.0_151\bin\api-ms-win-core-processthreads-l1-1-1.dll
0x000000001bbf0000 - 0x000000001bbf3000 	C:\Program Files\Java\jre1.8.0_151\bin\api-ms-win-core-profile-l1-1-0.dll
0x000000001bc00000 - 0x000000001bc03000 	C:\Program Files\Java\jre1.8.0_151\bin\api-ms-win-core-rtlsupport-l1-1-0.dll
0x000000001bc10000 - 0x000000001bc13000 	C:\Program Files\Java\jre1.8.0_151\bin\api-ms-win-core-string-l1-1-0.dll
0x000000001c420000 - 0x000000001c423000 	C:\Program Files\Java\jre1.8.0_151\bin\api-ms-win-core-synch-l1-1-0.dll
0x000000001c430000 - 0x000000001c433000 	C:\Program Files\Java\jre1.8.0_151\bin\api-ms-win-core-synch-l1-2-0.dll
0x000000001c440000 - 0x000000001c443000 	C:\Program Files\Java\jre1.8.0_151\bin\api-ms-win-core-sysinfo-l1-1-0.dll
0x000000001c450000 - 0x000000001c453000 	C:\Program Files\Java\jre1.8.0_151\bin\api-ms-win-core-timezone-l1-1-0.dll
0x000000001c460000 - 0x000000001c463000 	C:\Program Files\Java\jre1.8.0_151\bin\api-ms-win-core-util-l1-1-0.dll
0x000000001c470000 - 0x000000001c473000 	C:\Program Files\Java\jre1.8.0_151\bin\api-ms-win-crt-conio-l1-1-0.dll
0x000000001c480000 - 0x000000001c484000 	C:\Program Files\Java\jre1.8.0_151\bin\api-ms-win-crt-convert-l1-1-0.dll
0x000000001c490000 - 0x000000001c493000 	C:\Program Files\Java\jre1.8.0_151\bin\api-ms-win-crt-environment-l1-1-0.dll
0x000000001c4a0000 - 0x000000001c4a3000 	C:\Program Files\Java\jre1.8.0_151\bin\api-ms-win-crt-filesystem-l1-1-0.dll
0x000000001c4b0000 - 0x000000001c4b3000 	C:\Program Files\Java\jre1.8.0_151\bin\api-ms-win-crt-heap-l1-1-0.dll
0x000000001c4c0000 - 0x000000001c4c3000 	C:\Program Files\Java\jre1.8.0_151\bin\api-ms-win-crt-locale-l1-1-0.dll
0x000000001c4d0000 - 0x000000001c4d5000 	C:\Program Files\Java\jre1.8.0_151\bin\api-ms-win-crt-math-l1-1-0.dll
0x000000001c4e0000 - 0x000000001c4e5000 	C:\Program Files\Java\jre1.8.0_151\bin\api-ms-win-crt-multibyte-l1-1-0.dll
0x000000001c4f0000 - 0x000000001c500000 	C:\Program Files\Java\jre1.8.0_151\bin\api-ms-win-crt-private-l1-1-0.dll
0x000000001c500000 - 0x000000001c503000 	C:\Program Files\Java\jre1.8.0_151\bin\api-ms-win-crt-process-l1-1-0.dll
0x000000001c510000 - 0x000000001c514000 	C:\Program Files\Java\jre1.8.0_151\bin\api-ms-win-crt-runtime-l1-1-0.dll
0x000000001c520000 - 0x000000001c524000 	C:\Program Files\Java\jre1.8.0_151\bin\api-ms-win-crt-stdio-l1-1-0.dll
0x000000001c530000 - 0x000000001c534000 	C:\Program Files\Java\jre1.8.0_151\bin\api-ms-win-crt-string-l1-1-0.dll
0x000000001c540000 - 0x000000001c543000 	C:\Program Files\Java\jre1.8.0_151\bin\api-ms-win-crt-time-l1-1-0.dll
0x000000001c550000 - 0x000000001c553000 	C:\Program Files\Java\jre1.8.0_151\bin\api-ms-win-crt-utility-l1-1-0.dll
0x00007ff862de0000 - 0x00007ff862ed6000 	C:\Program Files\Java\jre1.8.0_151\bin\ucrtbase.dll
0x00007ff85c030000 - 0x00007ff85c081000 	C:\Program Files\Java\jre1.8.0_151\bin\concrt140.dll
0x00007ff865510000 - 0x00007ff865526000 	C:\Program Files\Java\jre1.8.0_151\bin\VCRUNTIME140.dll
0x00007ff859680000 - 0x00007ff85971c000 	C:\Program Files\Java\jre1.8.0_151\bin\MSVCP140.dll
0x00000000667f0000 - 0x0000000066813000 	C:\Program Files\Java\jre1.8.0_151\bin\prism_d3d.dll
0x00007ff848dc0000 - 0x00007ff848f55000 	C:\WINDOWS\system32\d3d9.dll
0x00007ff86de30000 - 0x00007ff86de5a000 	C:\WINDOWS\SYSTEM32\dwmapi.dll
0x00007ff86dd60000 - 0x00007ff86ddf5000 	C:\WINDOWS\system32\uxtheme.dll
0x00007ff803630000 - 0x00007ff805b6d000 	C:\WINDOWS\SYSTEM32\igdumdim64.dll
0x00007ff8704f0000 - 0x00007ff8705b5000 	C:\WINDOWS\System32\OLEAUT32.dll
0x00007ff870f80000 - 0x00007ff8710c9000 	C:\WINDOWS\System32\ole32.dll
0x00007ff870870000 - 0x00007ff870cbe000 	C:\WINDOWS\System32\SETUPAPI.dll
0x00000000667a0000 - 0x00000000667e9000 	C:\Program Files\Java\jre1.8.0_151\bin\glass.dll
0x00007ff8705c0000 - 0x00007ff8706ca000 	C:\WINDOWS\System32\COMDLG32.dll
0x00007ff872b80000 - 0x00007ff872ce7000 	C:\WINDOWS\System32\MSCTF.dll
0x00007ff85c3c0000 - 0x00007ff85cdff000 	C:\WINDOWS\SYSTEM32\igdusc64.dll
0x0000000066780000 - 0x0000000066794000 	C:\Program Files\Java\jre1.8.0_151\bin\javafx_font.dll
0x00007ff84e800000 - 0x00007ff84eb0f000 	C:\WINDOWS\SYSTEM32\dwrite.dll
0x00000000677e0000 - 0x0000000067804000 	C:\Program Files\Java\jre1.8.0_151\bin\sunec.dll
0x0000000067830000 - 0x000000006784a000 	C:\Program Files\Java\jre1.8.0_151\bin\net.dll
0x00007ff86eaf0000 - 0x00007ff86eb56000 	C:\WINDOWS\system32\mswsock.dll
0x00007ff86e880000 - 0x00007ff86e8b9000 	C:\WINDOWS\SYSTEM32\IPHLPAPI.DLL
0x00007ff872ef0000 - 0x00007ff872ef8000 	C:\WINDOWS\System32\NSI.dll
0x00007ff869370000 - 0x00007ff869386000 	C:\WINDOWS\SYSTEM32\dhcpcsvc6.DLL
0x00007ff869550000 - 0x00007ff86956a000 	C:\WINDOWS\SYSTEM32\dhcpcsvc.DLL
0x0000000067810000 - 0x0000000067821000 	C:\Program Files\Java\jre1.8.0_151\bin\nio.dll
0x00007ff872db0000 - 0x00007ff872e4e000 	C:\WINDOWS\System32\clbcatq.dll
0x00007ff861340000 - 0x00007ff8614eb000 	C:\WINDOWS\SYSTEM32\WindowsCodecs.dll
0x00007ff85df20000 - 0x00007ff85df6f000 	C:\WINDOWS\system32\dataexchange.dll
0x00007ff86c7c0000 - 0x00007ff86caa1000 	C:\WINDOWS\system32\d3d11.dll
0x00007ff86d770000 - 0x00007ff86d8b2000 	C:\WINDOWS\system32\dcomp.dll
0x00007ff86e0e0000 - 0x00007ff86e18f000 	C:\WINDOWS\system32\dxgi.dll
0x00007ff86da60000 - 0x00007ff86dbdb000 	C:\WINDOWS\system32\twinapi.appcore.dll
0x00007ff86dbe0000 - 0x00007ff86dc00000 	C:\WINDOWS\system32\RMCLIENT.dll
0x00007ff86edc0000 - 0x00007ff86ede5000 	C:\WINDOWS\system32\bcrypt.dll
0x00007ff865040000 - 0x00007ff865074000 	C:\Program Files\Common Files\Microsoft Shared\Ink\rtscom.dll
0x00007ff860310000 - 0x00007ff8603a8000 	C:\WINDOWS\System32\TextInputFramework.dll
0x00007ff860020000 - 0x00007ff86030e000 	C:\WINDOWS\System32\CoreUIComponents.dll
0x00007ff86c6e0000 - 0x00007ff86c7bc000 	C:\WINDOWS\System32\CoreMessaging.dll
0x00007ff86e3d0000 - 0x00007ff86e401000 	C:\WINDOWS\SYSTEM32\ntmarta.dll
0x00007ff86bc80000 - 0x00007ff86bdb6000 	C:\WINDOWS\SYSTEM32\wintypes.dll
0x0000000066750000 - 0x0000000066773000 	C:\Program Files\Java\jre1.8.0_151\bin\javafx_iio.dll
0x0000000066730000 - 0x0000000066742000 	C:\Program Files\Java\jre1.8.0_151\bin\prism_common.dll
0x00007ff868cf0000 - 0x00007ff868eb8000 	C:\WINDOWS\SYSTEM32\dbghelp.dll

VM Arguments:
jvm_args: -Dfile.encoding=UTF-8 
java_command: com.jeeves.vpl.Main
java_class_path (initial): C:\Program Files\Java\jre1.8.0_151\lib\resources.jar;C:\Program Files\Java\jre1.8.0_151\lib\rt.jar;C:\Program Files\Java\jre1.8.0_151\lib\jsse.jar;C:\Program Files\Java\jre1.8.0_151\lib\jce.jar;C:\Program Files\Java\jre1.8.0_151\lib\charsets.jar;C:\Program Files\Java\jre1.8.0_151\lib\jfr.jar;C:\Program Files\Java\jre1.8.0_151\lib\ext\access-bridge-64.jar;C:\Program Files\Java\jre1.8.0_151\lib\ext\cldrdata.jar;C:\Program Files\Java\jre1.8.0_151\lib\ext\dnsns.jar;C:\Program Files\Java\jre1.8.0_151\lib\ext\dns_sd.jar;C:\Program Files\Java\jre1.8.0_151\lib\ext\jaccess.jar;C:\Program Files\Java\jre1.8.0_151\lib\ext\jfxrt.jar;C:\Program Files\Java\jre1.8.0_151\lib\ext\localedata.jar;C:\Program Files\Java\jre1.8.0_151\lib\ext\nashorn.jar;C:\Program Files\Java\jre1.8.0_151\lib\ext\sunec.jar;C:\Program Files\Java\jre1.8.0_151\lib\ext\sunjce_provider.jar;C:\Program Files\Java\jre1.8.0_151\lib\ext\sunmscapi.jar;C:\Program Files\Java\jre1.8.0_151\lib\ext\sunpkcs11.jar;C:\Program Files\Java\jre1.8.0_151\lib\ext\zipfs.jar;C:\Users\Cath\Documents\workspace\Jeeves\target\classes;C:\Users\Cath\Documents\workspace\Jeeves\poi-3.15.jar;C:\Users\Cath\Documents\workspace\Jeeves\commons-lang3-3.5.jar;C:\Users\Cath\Documents\workspace\Jeeves\controlsfx-8.40.12.jar;C:\Users\Cath\.m2\repository\commons-codec\commons-codec\1.9\commons-codec-1.9.jar;C:\Users\Cath\.m2\repository\commons-validator\commons-validator\1.4.1\commons-validator-1.4.1.jar;C:\Users\Cath\.m2\repository\commons-beanutils\commons-beanutils\1.8.3\commons-beanutils-1.8.3.jar;C:\Users\Cath\.m2\repository\commons-digester\commons-digester\1.8.1\commons-digester-1.8.1.jar;C:\Users\Cath\.m2\repository\commons-logging\commons-logging\1.2\commons-logging-1.2.jar;C:\Users\Cath\.m2\repository\commons-collections\commons-collections\3.2.1\commons-collections-3.2.1.jar;C:\Users\Cath\.m2\repository\org\apache\shiro\shiro-core\1.3.2\shiro-core-1.3.2.jar;C:\Users\Cath\.m2\repository\org\slf4j\slf4j-api\1.6.4\
Launcher Type: SUN_STANDARD

Environment Variables:
JAVA_HOME=C:\Program Files\Java\jdk1.8.0_151
PATH=C:/Program Files/Java/jre1.8.0_151/bin/server;C:/Program Files/Java/jre1.8.0_151/bin;C:/Program Files/Java/jre1.8.0_151/lib/amd64;C:\ProgramData\Oracle\Java\javapath;C:\WINDOWS\system32;C:\WINDOWS;C:\WINDOWS\System32\Wbem;C:\WINDOWS\System32\WindowsPowerShell\v1.0\;C:\Program Files\Git\cmd;C:\Program Files\Java\jdk1.8.0_151\bin;C:\Users\Cath\AppData\Local\Microsoft\WindowsApps;C:\MinGW\bin;C:\MinGW\msys\1.0\bin;;C:\Users\Cath\Desktop;
USERNAME=Cath
OS=Windows_NT
PROCESSOR_IDENTIFIER=Intel64 Family 6 Model 69 Stepping 1, GenuineIntel



---------------  S Y S T E M  ---------------

OS: Windows 10.0 , 64 bit Build 16299 (10.0.16299.15)

CPU:total 4 (initial active 4) (2 cores per cpu, 2 threads per core) family 6 model 69 stepping 1, cmov, cx8, fxsr, mmx, sse, sse2, sse3, ssse3, sse4.1, sse4.2, popcnt, avx, avx2, aes, clmul, erms, lzcnt, ht, tsc, tscinvbit, bmi1, bmi2

Memory: 4k page, physical 8317080k(555124k free), swap 15851420k(2921092k free)

vm_info: Java HotSpot(TM) 64-Bit Server VM (25.151-b12) for windows-amd64 JRE (1.8.0_151-b12), built on Sep  5 2017 19:33:46 by "java_re" with MS VC++ 10.0 (VS2010)

time: Thu Jan 11 16:26:05 2018
elapsed time: 12 seconds (0d 0h 0m 12s)

