#
# A fatal error has been detected by the Java Runtime Environment:
#
#  EXCEPTION_ACCESS_VIOLATION (0xc0000005) at pc=0x00000000587278b0, pid=4220, tid=0x0000000000000aa8
#
# JRE version: Java(TM) SE Runtime Environment (8.0_161-b12) (build 1.8.0_161-b12)
# Java VM: Java HotSpot(TM) 64-Bit Server VM (25.161-b12 mixed mode windows-amd64 compressed oops)
# Problematic frame:
# C  [glass.dll+0x278b0]
#
# Failed to write core dump. Minidumps are not enabled by default on client versions of Windows
#
# If you would like to submit a bug report, please visit:
#   http://bugreport.java.com/bugreport/crash.jsp
#

---------------  T H R E A D  ---------------

Current thread (0x0000000017cb7800):  VMThread [stack: 0x0000000018d50000,0x0000000018e50000] [id=2728]

siginfo: ExceptionCode=0xc0000005, reading address 0x0000000000000000

Registers:
RAX=0x0000000000000000, RBX=0x00000000197ae0d0, RCX=0x0000000017cb7800, RDX=0x0000000056dadc78
RSP=0x0000000018e4f3d0, RBP=0x00000000014242c8, RSI=0x00000000014242a0, RDI=0x000059249b75fdd7
R8 =0x0000000000010002, R9 =0x0000000000000017, R10=0x000059249b75fdd7, R11=0x0000000018e4f2e0
R12=0x0000000000000000, R13=0x0000000000000040, R14=0x0000000018e4f4e8, R15=0x00000000014242a0
RIP=0x00000000587278b0, EFLAGS=0x0000000000010202

Top of Stack: (sp=0x0000000018e4f3d0)
0x0000000018e4f3d0:   0000000000000000 00007ffe006bd92b
0x0000000018e4f3e0:   00000000014242b0 00000000014242b0
0x0000000018e4f3f0:   fffffffffffffffe 00000000014242c8
0x0000000018e4f400:   00000000014242a8 00007ffe006c1243
0x0000000018e4f410:   000000005873c1b0 00007ffd00000000
0x0000000018e4f420:   0000d4d0828e3467 00007ffdf9205270
0x0000000018e4f430:   fffffffffffffffe 00007ffe006c0f0d
0x0000000018e4f440:   0000000000000001 0000000058700000
0x0000000018e4f450:   0000000002ff1638 00000000587248dc
0x0000000018e4f460:   0000000018e4f4d8 00007ffe006c1017
0x0000000018e4f470:   0000000000000000 0000000018e4f4e8
0x0000000018e4f480:   0000000017bc5400 00007ffe0079b080
0x0000000018e4f490:   0000000000000000 00007ffe006c0fd4
0x0000000018e4f4a0:   0000000000000000 0000000000000001
0x0000000018e4f4b0:   0000000000000000 0000000018e4f4d8
0x0000000018e4f4c0:   0000000000000000 0000000058724752 

Instructions: (pc=0x00000000587278b0)
0x0000000058727890:   40 53 48 83 ec 30 48 c7 44 24 20 fe ff ff ff 48
0x00000000587278a0:   8b 1d 7a 72 01 00 48 85 db 74 16 e8 00 81 ff ff
0x00000000587278b0:   4c 8b 00 48 8b d3 48 8b c8 41 ff 90 b0 00 00 00
0x00000000587278c0:   90 48 83 c4 30 5b c3 cc cc cc cc cc cc cc cc cc 


Register to memory mapping:

RAX=0x0000000000000000 is an unknown value
RBX=0x00000000197ae0d0 is a global jni handle
RCX=0x0000000017cb7800 is an unknown value
RDX=0x0000000056dadc78 is an unknown value
RSP=0x0000000018e4f3d0 is an unknown value
RBP=0x00000000014242c8 is an unknown value
RSI=0x00000000014242a0 is an unknown value
RDI=0x000059249b75fdd7 is an unknown value
R8 =0x0000000000010002 is an unknown value
R9 =0x0000000000000017 is an unknown value
R10=0x000059249b75fdd7 is an unknown value
R11=0x0000000018e4f2e0 is an unknown value
R12=0x0000000000000000 is an unknown value
R13=0x0000000000000040 is an unknown value
R14=0x0000000018e4f4e8 is an unknown value
R15=0x00000000014242a0 is an unknown value


Stack: [0x0000000018d50000,0x0000000018e50000],  sp=0x0000000018e4f3d0,  free space=1020k
Native frames: (J=compiled Java code, j=interpreted, Vv=VM code, C=native code)
C  [glass.dll+0x278b0]
C  [ucrtbase.dll+0x11243]
C  [ucrtbase.dll+0x11017]
C  [ucrtbase.dll+0x10fd4]
C  [glass.dll+0x24752]
C  [glass.dll+0x24850]
C  [ntdll.dll+0x34053]
C  [ntdll.dll+0x40a05]
C  [ntdll.dll+0x408c8]
C  [KERNEL32.DLL+0x1b19a]
C  [msvcr100.dll+0x20ccd]
V  [jvm.dll+0x212e95]
V  [jvm.dll+0x24c227]
V  [jvm.dll+0x24b4c6]
V  [jvm.dll+0x24b961]
V  [jvm.dll+0x24bb7e]
V  [jvm.dll+0x29cc4a]
C  [msvcr100.dll+0x21d9f]
C  [msvcr100.dll+0x21e3b]
C  [KERNEL32.DLL+0x13034]
C  [ntdll.dll+0x71461]

VM_Operation (0x000000001a26a690): Exit, mode: safepoint, requested by thread 0x00000000197a0800


---------------  P R O C E S S  ---------------

Java Threads: ( => current thread )
  0x0000000020f06800 JavaThread "Prism Font Disposer" daemon [_thread_blocked, id=16884, stack(0x0000000024590000,0x0000000024690000)]
  0x0000000020f06000 JavaThread "JavaFX-Launcher" [_thread_blocked, id=2740, stack(0x0000000021800000,0x0000000021900000)]
  0x0000000020f64000 JavaThread "Thread-2" daemon [_thread_in_native, id=20168, stack(0x0000000021700000,0x0000000021800000)]
  0x00000000197a0800 JavaThread "JavaFX Application Thread" [_thread_blocked, id=19728, stack(0x000000001a170000,0x000000001a270000)]
  0x00000000197b3800 JavaThread "Thread-1" daemon [_thread_blocked, id=25956, stack(0x000000001a070000,0x000000001a170000)]
  0x0000000019781800 JavaThread "QuantumRenderer-0" daemon [_thread_blocked, id=8636, stack(0x0000000019e40000,0x0000000019f40000)]
  0x000000001944b000 JavaThread "Service Thread" daemon [_thread_blocked, id=22568, stack(0x0000000019a40000,0x0000000019b40000)]
  0x0000000019446800 JavaThread "C1 CompilerThread2" daemon [_thread_blocked, id=15000, stack(0x0000000019940000,0x0000000019a40000)]
  0x0000000019442000 JavaThread "C2 CompilerThread1" daemon [_thread_blocked, id=15864, stack(0x0000000019840000,0x0000000019940000)]
  0x0000000017cfe000 JavaThread "C2 CompilerThread0" daemon [_thread_blocked, id=19340, stack(0x0000000019340000,0x0000000019440000)]
  0x0000000017cfd000 JavaThread "Attach Listener" daemon [_thread_blocked, id=2904, stack(0x0000000019240000,0x0000000019340000)]
  0x0000000017cfb800 JavaThread "Signal Dispatcher" daemon [_thread_blocked, id=17816, stack(0x0000000019140000,0x0000000019240000)]
  0x0000000017cdb000 JavaThread "Finalizer" daemon [_thread_blocked, id=23812, stack(0x0000000018f50000,0x0000000019050000)]
  0x00000000031f5000 JavaThread "Reference Handler" daemon [_thread_blocked, id=4224, stack(0x0000000018e50000,0x0000000018f50000)]
  0x0000000003104800 JavaThread "main" [_thread_blocked, id=13292, stack(0x0000000003000000,0x0000000003100000)]

Other Threads:
=>0x0000000017cb7800 VMThread [stack: 0x0000000018d50000,0x0000000018e50000] [id=2728]

VM state:at safepoint (shutting down)

VM Mutex/Monitor currently owned by a thread:  ([mutex/lock_event])
[0x00000000031019d0] Threads_lock - owner thread: 0x0000000017cb7800

Heap:
 PSYoungGen      total 112128K, used 94600K [0x00000000d6000000, 0x00000000deb00000, 0x0000000100000000)
  eden space 97280K, 81% used [0x00000000d6000000,0x00000000dade2bf8,0x00000000dbf00000)
  from space 14848K, 99% used [0x00000000dd200000,0x00000000de07f780,0x00000000de080000)
  to   space 19456K, 0% used [0x00000000dbf00000,0x00000000dbf00000,0x00000000dd200000)
 ParOldGen       total 74752K, used 21853K [0x0000000082000000, 0x0000000086900000, 0x00000000d6000000)
  object space 74752K, 29% used [0x0000000082000000,0x0000000083557590,0x0000000086900000)
 Metaspace       used 27635K, capacity 29562K, committed 29744K, reserved 1075200K
  class space    used 3978K, capacity 4319K, committed 4400K, reserved 1048576K

Card table byte_map: [0x00000000125c0000,0x00000000129c0000] byte_map_base: 0x00000000121b0000

Marking Bits: (ParMarkBitMap*) 0x0000000056f9f860
 Begin Bits: [0x0000000013060000, 0x0000000014fe0000)
 End Bits:   [0x0000000014fe0000, 0x0000000016f60000)

Polling page: 0x0000000002f00000

CodeCache: size=245760Kb used=14098Kb max_used=14463Kb free=231661Kb
 bounds [0x0000000003200000, 0x0000000004030000, 0x0000000012200000]
 total_blobs=5372 nmethods=4639 adapters=644
 compilation: enabled

Compilation events (10 events):
Event: 7988.084 Thread 0x0000000019446800 nmethod 5308 0x0000000003e9f8d0 code [0x0000000003e9fa40, 0x0000000003e9fd90]
Event: 7988.085 Thread 0x0000000019446800 5309       3       com.sun.javafx.application.PlatformImpl::isSupportedImpl (430 bytes)
Event: 7988.091 Thread 0x0000000019446800 nmethod 5309 0x0000000003d02350 code [0x0000000003d02980, 0x0000000003d067a8]
Event: 7988.092 Thread 0x0000000019446800 5310       3       com.sun.javafx.tk.quantum.QuantumToolkit::isSupported (142 bytes)
Event: 7988.094 Thread 0x0000000019446800 nmethod 5310 0x0000000003fb57d0 code [0x0000000003fb5a80, 0x0000000003fb6d28]
Event: 7988.143 Thread 0x0000000019446800 5311       3       com.sun.javafx.event.EventDispatchChainImpl::insertFirst (42 bytes)
Event: 7988.143 Thread 0x0000000019446800 nmethod 5311 0x0000000003e9f390 code [0x0000000003e9f500, 0x0000000003e9f7b0]
Event: 7988.384 Thread 0x0000000019446800 5312       3       javafx.beans.binding.ObjectBinding::invalidate (24 bytes)
Event: 7988.384 Thread 0x0000000019446800 nmethod 5312 0x0000000003451950 code [0x0000000003451ae0, 0x0000000003451e98]
Event: 7988.392 Thread 0x0000000017cfe000 5313 % !   4       java.util.concurrent.ConcurrentHashMap::transfer @ 99 (832 bytes)

GC Heap History (10 events):
Event: 1.986 GC heap before
{Heap before GC invocations=3 (full 0):
 PSYoungGen      total 37888K, used 37865K [0x00000000d6000000, 0x00000000d8a00000, 0x0000000100000000)
  eden space 32768K, 100% used [0x00000000d6000000,0x00000000d8000000,0x00000000d8000000)
  from space 5120K, 99% used [0x00000000d8500000,0x00000000d89fa5c0,0x00000000d8a00000)
  to   space 5120K, 0% used [0x00000000d8000000,0x00000000d8000000,0x00000000d8500000)
 ParOldGen       total 86016K, used 10852K [0x0000000082000000, 0x0000000087400000, 0x00000000d6000000)
  object space 86016K, 12% used [0x0000000082000000,0x0000000082a99168,0x0000000087400000)
 Metaspace       used 20035K, capacity 20830K, committed 20992K, reserved 1067008K
  class space    used 2856K, capacity 3047K, committed 3072K, reserved 1048576K
Event: 1.993 GC heap after
Heap after GC invocations=3 (full 0):
 PSYoungGen      total 37888K, used 5104K [0x00000000d6000000, 0x00000000daa00000, 0x0000000100000000)
  eden space 32768K, 0% used [0x00000000d6000000,0x00000000d6000000,0x00000000d8000000)
  from space 5120K, 99% used [0x00000000d8000000,0x00000000d84fc090,0x00000000d8500000)
  to   space 5120K, 0% used [0x00000000da500000,0x00000000da500000,0x00000000daa00000)
 ParOldGen       total 86016K, used 13178K [0x0000000082000000, 0x0000000087400000, 0x00000000d6000000)
  object space 86016K, 15% used [0x0000000082000000,0x0000000082cdea30,0x0000000087400000)
 Metaspace       used 20035K, capacity 20830K, committed 20992K, reserved 1067008K
  class space    used 2856K, capacity 3047K, committed 3072K, reserved 1048576K
}
Event: 2.119 GC heap before
{Heap before GC invocations=4 (full 0):
 PSYoungGen      total 37888K, used 22186K [0x00000000d6000000, 0x00000000daa00000, 0x0000000100000000)
  eden space 32768K, 52% used [0x00000000d6000000,0x00000000d70ae7d0,0x00000000d8000000)
  from space 5120K, 99% used [0x00000000d8000000,0x00000000d84fc090,0x00000000d8500000)
  to   space 5120K, 0% used [0x00000000da500000,0x00000000da500000,0x00000000daa00000)
 ParOldGen       total 86016K, used 13178K [0x0000000082000000, 0x0000000087400000, 0x00000000d6000000)
  object space 86016K, 15% used [0x0000000082000000,0x0000000082cdea30,0x0000000087400000)
 Metaspace       used 20309K, capacity 21168K, committed 21296K, reserved 1067008K
  class space    used 2904K, capacity 3098K, committed 3120K, reserved 1048576K
Event: 2.125 GC heap after
Heap after GC invocations=4 (full 0):
 PSYoungGen      total 70656K, used 5111K [0x00000000d6000000, 0x00000000daa00000, 0x0000000100000000)
  eden space 65536K, 0% used [0x00000000d6000000,0x00000000d6000000,0x00000000da000000)
  from space 5120K, 99% used [0x00000000da500000,0x00000000da9fdce0,0x00000000daa00000)
  to   space 5120K, 0% used [0x00000000da000000,0x00000000da000000,0x00000000da500000)
 ParOldGen       total 86016K, used 13577K [0x0000000082000000, 0x0000000087400000, 0x00000000d6000000)
  object space 86016K, 15% used [0x0000000082000000,0x0000000082d42690,0x0000000087400000)
 Metaspace       used 20309K, capacity 21168K, committed 21296K, reserved 1067008K
  class space    used 2904K, capacity 3098K, committed 3120K, reserved 1048576K
}
Event: 2.125 GC heap before
{Heap before GC invocations=5 (full 1):
 PSYoungGen      total 70656K, used 5111K [0x00000000d6000000, 0x00000000daa00000, 0x0000000100000000)
  eden space 65536K, 0% used [0x00000000d6000000,0x00000000d6000000,0x00000000da000000)
  from space 5120K, 99% used [0x00000000da500000,0x00000000da9fdce0,0x00000000daa00000)
  to   space 5120K, 0% used [0x00000000da000000,0x00000000da000000,0x00000000da500000)
 ParOldGen       total 86016K, used 13577K [0x0000000082000000, 0x0000000087400000, 0x00000000d6000000)
  object space 86016K, 15% used [0x0000000082000000,0x0000000082d42690,0x0000000087400000)
 Metaspace       used 20309K, capacity 21168K, committed 21296K, reserved 1067008K
  class space    used 2904K, capacity 3098K, committed 3120K, reserved 1048576K
Event: 2.155 GC heap after
Heap after GC invocations=5 (full 1):
 PSYoungGen      total 70656K, used 0K [0x00000000d6000000, 0x00000000daa00000, 0x0000000100000000)
  eden space 65536K, 0% used [0x00000000d6000000,0x00000000d6000000,0x00000000da000000)
  from space 5120K, 0% used [0x00000000da500000,0x00000000da500000,0x00000000daa00000)
  to   space 5120K, 0% used [0x00000000da000000,0x00000000da000000,0x00000000da500000)
 ParOldGen       total 74752K, used 16617K [0x0000000082000000, 0x0000000086900000, 0x00000000d6000000)
  object space 74752K, 22% used [0x0000000082000000,0x000000008303a518,0x0000000086900000)
 Metaspace       used 20309K, capacity 21168K, committed 21296K, reserved 1067008K
  class space    used 2904K, capacity 3098K, committed 3120K, reserved 1048576K
}
Event: 2.687 GC heap before
{Heap before GC invocations=6 (full 1):
 PSYoungGen      total 70656K, used 65536K [0x00000000d6000000, 0x00000000daa00000, 0x0000000100000000)
  eden space 65536K, 100% used [0x00000000d6000000,0x00000000da000000,0x00000000da000000)
  from space 5120K, 0% used [0x00000000da500000,0x00000000da500000,0x00000000daa00000)
  to   space 5120K, 0% used [0x00000000da000000,0x00000000da000000,0x00000000da500000)
 ParOldGen       total 74752K, used 16617K [0x0000000082000000, 0x0000000086900000, 0x00000000d6000000)
  object space 74752K, 22% used [0x0000000082000000,0x000000008303a518,0x0000000086900000)
 Metaspace       used 22064K, capacity 23182K, committed 23216K, reserved 1069056K
  class space    used 3213K, capacity 3477K, committed 3504K, reserved 1048576K
Event: 2.693 GC heap after
Heap after GC invocations=6 (full 1):
 PSYoungGen      total 70656K, used 5109K [0x00000000d6000000, 0x00000000de080000, 0x0000000100000000)
  eden space 65536K, 0% used [0x00000000d6000000,0x00000000d6000000,0x00000000da000000)
  from space 5120K, 99% used [0x00000000da000000,0x00000000da4fd6a0,0x00000000da500000)
  to   space 14848K, 0% used [0x00000000dd200000,0x00000000dd200000,0x00000000de080000)
 ParOldGen       total 74752K, used 18658K [0x0000000082000000, 0x0000000086900000, 0x00000000d6000000)
  object space 74752K, 24% used [0x0000000082000000,0x0000000083238b50,0x0000000086900000)
 Metaspace       used 22064K, capacity 23182K, committed 23216K, reserved 1069056K
  class space    used 3213K, capacity 3477K, committed 3504K, reserved 1048576K
}
Event: 3.534 GC heap before
{Heap before GC invocations=7 (full 1):
 PSYoungGen      total 70656K, used 70645K [0x00000000d6000000, 0x00000000de080000, 0x0000000100000000)
  eden space 65536K, 100% used [0x00000000d6000000,0x00000000da000000,0x00000000da000000)
  from space 5120K, 99% used [0x00000000da000000,0x00000000da4fd6a0,0x00000000da500000)
  to   space 14848K, 0% used [0x00000000dd200000,0x00000000dd200000,0x00000000de080000)
 ParOldGen       total 74752K, used 18658K [0x0000000082000000, 0x0000000086900000, 0x00000000d6000000)
  object space 74752K, 24% used [0x0000000082000000,0x0000000083238b50,0x0000000086900000)
 Metaspace       used 25324K, capacity 27034K, committed 27184K, reserved 1073152K
  class space    used 3771K, capacity 4083K, committed 4144K, reserved 1048576K
Event: 3.554 GC heap after
Heap after GC invocations=7 (full 1):
 PSYoungGen      total 112128K, used 14845K [0x00000000d6000000, 0x00000000deb00000, 0x0000000100000000)
  eden space 97280K, 0% used [0x00000000d6000000,0x00000000d6000000,0x00000000dbf00000)
  from space 14848K, 99% used [0x00000000dd200000,0x00000000de07f780,0x00000000de080000)
  to   space 19456K, 0% used [0x00000000dbf00000,0x00000000dbf00000,0x00000000dd200000)
 ParOldGen       total 74752K, used 21853K [0x0000000082000000, 0x0000000086900000, 0x00000000d6000000)
  object space 74752K, 29% used [0x0000000082000000,0x0000000083557590,0x0000000086900000)
 Metaspace       used 25324K, capacity 27034K, committed 27184K, reserved 1073152K
  class space    used 3771K, capacity 4083K, committed 4144K, reserved 1048576K
}

Deoptimization events (10 events):
Event: 7986.661 Thread 0x0000000019781800 Uncommon trap: reason=class_check action=maybe_recompile pc=0x0000000003674b0c method=com.sun.javafx.sg.prism.NGNode.getOpaqueRegion()Lcom/sun/javafx/geom/RectBounds; @ 20
Event: 7987.092 Thread 0x0000000019781800 Uncommon trap: reason=unstable_if action=reinterpret pc=0x0000000003b8d650 method=com.sun.javafx.geom.RectBounds.contains(Lcom/sun/javafx/geom/RectBounds;)Z @ 49
Event: 7987.093 Thread 0x0000000019781800 Uncommon trap: reason=class_check action=maybe_recompile pc=0x0000000003674b0c method=com.sun.javafx.sg.prism.NGNode.getOpaqueRegion()Lcom/sun/javafx/geom/RectBounds; @ 20
Event: 7987.395 Thread 0x0000000019781800 Uncommon trap: reason=class_check action=maybe_recompile pc=0x0000000003674b0c method=com.sun.javafx.sg.prism.NGNode.getOpaqueRegion()Lcom/sun/javafx/geom/RectBounds; @ 20
Event: 7987.395 Thread 0x0000000019781800 Uncommon trap: reason=class_check action=maybe_recompile pc=0x00000000038f7070 method=com.sun.javafx.sg.prism.NGNode.doRender(Lcom/sun/prism/Graphics;)V @ 319
Event: 7988.115 Thread 0x0000000019781800 Uncommon trap: reason=class_check action=maybe_recompile pc=0x00000000038f7070 method=com.sun.javafx.sg.prism.NGNode.doRender(Lcom/sun/prism/Graphics;)V @ 319
Event: 7988.398 Thread 0x0000000020f07800 Uncommon trap: reason=unstable_if action=reinterpret pc=0x0000000003606b14 method=java.util.concurrent.locks.ReentrantLock$NonfairSync.lock()V @ 6
Event: 7988.398 Thread 0x0000000020f07800 Uncommon trap: reason=unstable_if action=reinterpret pc=0x0000000003475a94 method=java.util.concurrent.locks.ReentrantLock$Sync.nonfairTryAcquire(I)Z @ 10
Event: 7988.398 Thread 0x0000000020f07800 Uncommon trap: reason=unstable_if action=reinterpret pc=0x00000000033d15b8 method=java.util.concurrent.locks.ReentrantLock$Sync.tryRelease(I)Z @ 28
Event: 7988.399 Thread 0x0000000019781800 Uncommon trap: reason=unstable_if action=reinterpret pc=0x00000000033aa40c method=java.util.concurrent.locks.AbstractQueuedSynchronizer$ConditionObject.checkInterruptWhileWaiting(Ljava/util/concurrent/locks/AbstractQueuedSynchronizer$Node;)I @ 3

Classes redefined (0 events):
No events

Internal exceptions (10 events):
Event: 0.972 Thread 0x00000000197a0800 Exception <a 'java/lang/ArrayIndexOutOfBoundsException'> (0x00000000d7f2ae78) thrown at [C:\re\workspace\8-2-build-windows-amd64-cygwin\jdk8u161\10277\hotspot\src\share\vm\runtime\sharedRuntime.cpp, line 605]
Event: 1.196 Thread 0x00000000197a0800 Exception <a 'java/io/FileNotFoundException'> (0x00000000d70a55c8) thrown at [C:\re\workspace\8-2-build-windows-amd64-cygwin\jdk8u161\10277\hotspot\src\share\vm\prims\jni.cpp, line 709]
Event: 1.318 Thread 0x00000000197a0800 Exception <a 'java/lang/NoClassDefFoundError': org/slf4j/impl/StaticLoggerBinder> (0x00000000d753c750) thrown at [C:\re\workspace\8-2-build-windows-amd64-cygwin\jdk8u161\10277\hotspot\src\share\vm\classfile\systemDictionary.cpp, line 199]
Event: 1.870 Thread 0x00000000197a0800 Exception <a 'java/lang/ArrayIndexOutOfBoundsException': 57> (0x00000000d7450b08) thrown at [C:\re\workspace\8-2-build-windows-amd64-cygwin\jdk8u161\10277\hotspot\src\share\vm\interpreter\interpreterRuntime.cpp, line 366]
Event: 2.070 Thread 0x00000000197a0800 Implicit null exception at 0x0000000003524a75 to 0x0000000003524c89
Event: 2.070 Thread 0x00000000197a0800 Implicit null exception at 0x000000000375d2fb to 0x000000000375d7b9
Event: 3.916 Thread 0x0000000019781800 Implicit null exception at 0x0000000003a437ac to 0x0000000003a46931
Event: 3.966 Thread 0x0000000019781800 Implicit null exception at 0x0000000003a56e15 to 0x0000000003a57dd1
Event: 4.314 Thread 0x00000000197a0800 Implicit null exception at 0x0000000003e06a87 to 0x0000000003e0bf85
Event: 7988.399 Thread 0x0000000020f07800 Exception <a 'java/lang/IllegalStateException'> (0x00000000daca4b20) thrown at [C:\re\workspace\8-2-build-windows-amd64-cygwin\jdk8u161\10277\hotspot\src\share\vm\prims\jvm.cpp, line 1394]

Events (10 events):
Event: 7988.398 Thread 0x0000000020f07800 Uncommon trap: trap_request=0xffffff65 fr.pc=0x00000000033d15b8
Event: 7988.398 Thread 0x0000000020f07800 DEOPT PACKING pc=0x00000000033d15b8 sp=0x0000000029c7e040
Event: 7988.399 Thread 0x0000000020f07800 DEOPT UNPACKING pc=0x000000000324583b sp=0x0000000029c7df10 mode 2
Event: 7988.399 Thread 0x0000000019781800 Uncommon trap: trap_request=0xffffff65 fr.pc=0x00000000033aa40c
Event: 7988.399 Thread 0x0000000019781800 DEOPT PACKING pc=0x00000000033aa40c sp=0x0000000019f3f110
Event: 7988.399 Thread 0x0000000019781800 DEOPT UNPACKING pc=0x000000000324583b sp=0x0000000019f3f068 mode 2
Event: 7988.399 loading class com/sun/javafx/tk/quantum/QuantumToolkit
Event: 7988.399 loading class com/sun/javafx/tk/quantum/QuantumToolkit done
Event: 7988.399 Thread 0x0000000020f07800 Thread exited: 0x0000000020f07800
Event: 7988.399 Executing VM operation: Exit


Dynamic libraries:
0x00007ff675180000 - 0x00007ff6751b7000 	C:\Program Files\Java\jdk1.8.0_161\bin\javaw.exe
0x00007ffe03c20000 - 0x00007ffe03e01000 	C:\WINDOWS\SYSTEM32\ntdll.dll
0x00007ffe037b0000 - 0x00007ffe03862000 	C:\WINDOWS\System32\KERNEL32.DLL
0x00007ffdffff0000 - 0x00007ffe00263000 	C:\WINDOWS\System32\KERNELBASE.dll
0x00007ffe03870000 - 0x00007ffe03911000 	C:\WINDOWS\System32\ADVAPI32.dll
0x00007ffe03710000 - 0x00007ffe037ae000 	C:\WINDOWS\System32\msvcrt.dll
0x00007ffe02d20000 - 0x00007ffe02d7b000 	C:\WINDOWS\System32\sechost.dll
0x00007ffe03230000 - 0x00007ffe03354000 	C:\WINDOWS\System32\RPCRT4.dll
0x00007ffe02f20000 - 0x00007ffe030b0000 	C:\WINDOWS\System32\USER32.dll
0x00007ffe008b0000 - 0x00007ffe008d0000 	C:\WINDOWS\System32\win32u.dll
0x00007ffe02cf0000 - 0x00007ffe02d18000 	C:\WINDOWS\System32\GDI32.dll
0x00007ffe00270000 - 0x00007ffe00402000 	C:\WINDOWS\System32\gdi32full.dll
0x00007ffe00810000 - 0x00007ffe008af000 	C:\WINDOWS\System32\msvcp_win.dll
0x00007ffe006b0000 - 0x00007ffe007aa000 	C:\WINDOWS\System32\ucrtbase.dll
0x00007ffdf3500000 - 0x00007ffdf3769000 	C:\WINDOWS\WinSxS\amd64_microsoft.windows.common-controls_6595b64144ccf1df_6.0.17134.286_none_fb43982d306480cc\COMCTL32.dll
0x00007ffe03360000 - 0x00007ffe03683000 	C:\WINDOWS\System32\combase.dll
0x00007ffe00920000 - 0x00007ffe0099a000 	C:\WINDOWS\System32\bcryptPrimitives.dll
0x00007ffe039f0000 - 0x00007ffe03a1d000 	C:\WINDOWS\System32\IMM32.DLL
0x00000000587d0000 - 0x00000000588a2000 	C:\Program Files\Java\jdk1.8.0_161\jre\bin\msvcr100.dll
0x0000000056780000 - 0x000000005701f000 	C:\Program Files\Java\jdk1.8.0_161\jre\bin\server\jvm.dll
0x00007ffe01780000 - 0x00007ffe01788000 	C:\WINDOWS\System32\PSAPI.DLL
0x00007ffdf17d0000 - 0x00007ffdf17d9000 	C:\WINDOWS\SYSTEM32\WSOCK32.dll
0x00007ffe03a20000 - 0x00007ffe03a8c000 	C:\WINDOWS\System32\WS2_32.dll
0x00007ffdfbcc0000 - 0x00007ffdfbce3000 	C:\WINDOWS\SYSTEM32\WINMM.dll
0x00007ffdf82a0000 - 0x00007ffdf82aa000 	C:\WINDOWS\SYSTEM32\VERSION.dll
0x00007ffdfbc90000 - 0x00007ffdfbcba000 	C:\WINDOWS\SYSTEM32\WINMMBASE.dll
0x00007ffe008d0000 - 0x00007ffe00919000 	C:\WINDOWS\System32\cfgmgr32.dll
0x0000000058a70000 - 0x0000000058a7f000 	C:\Program Files\Java\jdk1.8.0_161\jre\bin\verify.dll
0x00000000587a0000 - 0x00000000587c9000 	C:\Program Files\Java\jdk1.8.0_161\jre\bin\java.dll
0x0000000058780000 - 0x0000000058796000 	C:\Program Files\Java\jdk1.8.0_161\jre\bin\zip.dll
0x00007ffe01790000 - 0x00007ffe02bd0000 	C:\WINDOWS\System32\SHELL32.dll
0x00007ffe010b0000 - 0x00007ffe01159000 	C:\WINDOWS\System32\shcore.dll
0x00007ffe009a0000 - 0x00007ffe010ad000 	C:\WINDOWS\System32\windows.storage.dll
0x00007ffe02c90000 - 0x00007ffe02ce1000 	C:\WINDOWS\System32\shlwapi.dll
0x00007ffdfffb0000 - 0x00007ffdfffc1000 	C:\WINDOWS\System32\kernel.appcore.dll
0x00007ffdfffd0000 - 0x00007ffdfffef000 	C:\WINDOWS\System32\profapi.dll
0x00007ffdfff50000 - 0x00007ffdfff9c000 	C:\WINDOWS\System32\powrprof.dll
0x00007ffdfffa0000 - 0x00007ffdfffaa000 	C:\WINDOWS\System32\FLTLIB.DLL
0x0000000002f70000 - 0x0000000002f73000 	C:\Program Files\Java\jdk1.8.0_161\jre\bin\api-ms-win-core-console-l1-1-0.dll
0x0000000002f80000 - 0x0000000002f83000 	C:\Program Files\Java\jdk1.8.0_161\jre\bin\api-ms-win-core-datetime-l1-1-0.dll
0x0000000002f90000 - 0x0000000002f93000 	C:\Program Files\Java\jdk1.8.0_161\jre\bin\api-ms-win-core-debug-l1-1-0.dll
0x0000000002fa0000 - 0x0000000002fa3000 	C:\Program Files\Java\jdk1.8.0_161\jre\bin\api-ms-win-core-errorhandling-l1-1-0.dll
0x0000000002fb0000 - 0x0000000002fb4000 	C:\Program Files\Java\jdk1.8.0_161\jre\bin\api-ms-win-core-file-l1-1-0.dll
0x0000000002fc0000 - 0x0000000002fc3000 	C:\Program Files\Java\jdk1.8.0_161\jre\bin\api-ms-win-core-file-l1-2-0.dll
0x0000000002fd0000 - 0x0000000002fd3000 	C:\Program Files\Java\jdk1.8.0_161\jre\bin\api-ms-win-core-file-l2-1-0.dll
0x0000000002fe0000 - 0x0000000002fe3000 	C:\Program Files\Java\jdk1.8.0_161\jre\bin\api-ms-win-core-handle-l1-1-0.dll
0x0000000019c40000 - 0x0000000019c43000 	C:\Program Files\Java\jdk1.8.0_161\jre\bin\api-ms-win-core-heap-l1-1-0.dll
0x0000000019c50000 - 0x0000000019c53000 	C:\Program Files\Java\jdk1.8.0_161\jre\bin\api-ms-win-core-interlocked-l1-1-0.dll
0x0000000019c60000 - 0x0000000019c63000 	C:\Program Files\Java\jdk1.8.0_161\jre\bin\api-ms-win-core-libraryloader-l1-1-0.dll
0x0000000019c70000 - 0x0000000019c73000 	C:\Program Files\Java\jdk1.8.0_161\jre\bin\api-ms-win-core-localization-l1-2-0.dll
0x0000000019c80000 - 0x0000000019c83000 	C:\Program Files\Java\jdk1.8.0_161\jre\bin\api-ms-win-core-memory-l1-1-0.dll
0x0000000019c90000 - 0x0000000019c93000 	C:\Program Files\Java\jdk1.8.0_161\jre\bin\api-ms-win-core-namedpipe-l1-1-0.dll
0x0000000019ca0000 - 0x0000000019ca3000 	C:\Program Files\Java\jdk1.8.0_161\jre\bin\api-ms-win-core-processenvironment-l1-1-0.dll
0x0000000019cb0000 - 0x0000000019cb3000 	C:\Program Files\Java\jdk1.8.0_161\jre\bin\api-ms-win-core-processthreads-l1-1-0.dll
0x0000000019cc0000 - 0x0000000019cc3000 	C:\Program Files\Java\jdk1.8.0_161\jre\bin\api-ms-win-core-processthreads-l1-1-1.dll
0x0000000019cd0000 - 0x0000000019cd3000 	C:\Program Files\Java\jdk1.8.0_161\jre\bin\api-ms-win-core-profile-l1-1-0.dll
0x0000000019ce0000 - 0x0000000019ce3000 	C:\Program Files\Java\jdk1.8.0_161\jre\bin\api-ms-win-core-rtlsupport-l1-1-0.dll
0x0000000019cf0000 - 0x0000000019cf3000 	C:\Program Files\Java\jdk1.8.0_161\jre\bin\api-ms-win-core-string-l1-1-0.dll
0x0000000019d00000 - 0x0000000019d03000 	C:\Program Files\Java\jdk1.8.0_161\jre\bin\api-ms-win-core-synch-l1-1-0.dll
0x0000000019d10000 - 0x0000000019d13000 	C:\Program Files\Java\jdk1.8.0_161\jre\bin\api-ms-win-core-synch-l1-2-0.dll
0x0000000019d20000 - 0x0000000019d23000 	C:\Program Files\Java\jdk1.8.0_161\jre\bin\api-ms-win-core-sysinfo-l1-1-0.dll
0x0000000019d30000 - 0x0000000019d33000 	C:\Program Files\Java\jdk1.8.0_161\jre\bin\api-ms-win-core-timezone-l1-1-0.dll
0x0000000019d40000 - 0x0000000019d43000 	C:\Program Files\Java\jdk1.8.0_161\jre\bin\api-ms-win-core-util-l1-1-0.dll
0x0000000019d50000 - 0x0000000019d53000 	C:\Program Files\Java\jdk1.8.0_161\jre\bin\api-ms-win-crt-conio-l1-1-0.dll
0x0000000019d60000 - 0x0000000019d64000 	C:\Program Files\Java\jdk1.8.0_161\jre\bin\api-ms-win-crt-convert-l1-1-0.dll
0x0000000019d70000 - 0x0000000019d73000 	C:\Program Files\Java\jdk1.8.0_161\jre\bin\api-ms-win-crt-environment-l1-1-0.dll
0x0000000019d80000 - 0x0000000019d83000 	C:\Program Files\Java\jdk1.8.0_161\jre\bin\api-ms-win-crt-filesystem-l1-1-0.dll
0x0000000019d90000 - 0x0000000019d93000 	C:\Program Files\Java\jdk1.8.0_161\jre\bin\api-ms-win-crt-heap-l1-1-0.dll
0x0000000019da0000 - 0x0000000019da3000 	C:\Program Files\Java\jdk1.8.0_161\jre\bin\api-ms-win-crt-locale-l1-1-0.dll
0x0000000019db0000 - 0x0000000019db5000 	C:\Program Files\Java\jdk1.8.0_161\jre\bin\api-ms-win-crt-math-l1-1-0.dll
0x0000000019dc0000 - 0x0000000019dc5000 	C:\Program Files\Java\jdk1.8.0_161\jre\bin\api-ms-win-crt-multibyte-l1-1-0.dll
0x0000000019dd0000 - 0x0000000019de0000 	C:\Program Files\Java\jdk1.8.0_161\jre\bin\api-ms-win-crt-private-l1-1-0.dll
0x0000000019de0000 - 0x0000000019de3000 	C:\Program Files\Java\jdk1.8.0_161\jre\bin\api-ms-win-crt-process-l1-1-0.dll
0x0000000019df0000 - 0x0000000019df4000 	C:\Program Files\Java\jdk1.8.0_161\jre\bin\api-ms-win-crt-runtime-l1-1-0.dll
0x0000000019e00000 - 0x0000000019e04000 	C:\Program Files\Java\jdk1.8.0_161\jre\bin\api-ms-win-crt-stdio-l1-1-0.dll
0x0000000019e10000 - 0x0000000019e14000 	C:\Program Files\Java\jdk1.8.0_161\jre\bin\api-ms-win-crt-string-l1-1-0.dll
0x0000000019e20000 - 0x0000000019e23000 	C:\Program Files\Java\jdk1.8.0_161\jre\bin\api-ms-win-crt-time-l1-1-0.dll
0x0000000019e30000 - 0x0000000019e33000 	C:\Program Files\Java\jdk1.8.0_161\jre\bin\api-ms-win-crt-utility-l1-1-0.dll
0x00007ffdd4c30000 - 0x00007ffdd4d26000 	C:\Program Files\Java\jdk1.8.0_161\jre\bin\ucrtbase.dll
0x00007ffdd5700000 - 0x00007ffdd5751000 	C:\Program Files\Java\jdk1.8.0_161\jre\bin\concrt140.dll
0x00007ffdfdb90000 - 0x00007ffdfdc37000 	C:\WINDOWS\SYSTEM32\MSVCP140.dll
0x00007ffdfdc40000 - 0x00007ffdfdc56000 	C:\WINDOWS\SYSTEM32\VCRUNTIME140.dll
0x00007ffdeaf30000 - 0x00007ffdeaf46000 	C:\Program Files\Java\jdk1.8.0_161\jre\bin\vcruntime140.dll
0x00007ffdd4b90000 - 0x00007ffdd4c2c000 	C:\Program Files\Java\jdk1.8.0_161\jre\bin\msvcp140.dll
0x0000000058750000 - 0x0000000058773000 	C:\Program Files\Java\jdk1.8.0_161\jre\bin\prism_d3d.dll
0x00007ffdc7080000 - 0x00007ffdc7217000 	C:\WINDOWS\system32\d3d9.dll
0x00007ffdfe330000 - 0x00007ffdfe359000 	C:\WINDOWS\SYSTEM32\dwmapi.dll
0x00007ffdfd860000 - 0x00007ffdfd8f8000 	C:\WINDOWS\system32\uxtheme.dll
0x00007ffda1780000 - 0x00007ffda548b000 	C:\WINDOWS\System32\DriverStore\FileRepository\ki125173.inf_amd64_6f141e257f4fffee\igdumdim64.dll
0x00007ffe012d0000 - 0x00007ffe0171b000 	C:\WINDOWS\System32\SETUPAPI.dll
0x00007ffe01160000 - 0x00007ffe012b1000 	C:\WINDOWS\System32\ole32.dll
0x00007ffe03920000 - 0x00007ffe039e2000 	C:\WINDOWS\System32\OLEAUT32.dll
0x0000000058700000 - 0x0000000058749000 	C:\Program Files\Java\jdk1.8.0_161\jre\bin\glass.dll
0x00007ffe03b00000 - 0x00007ffe03bed000 	C:\WINDOWS\System32\COMDLG32.dll
0x00007ffe030b0000 - 0x00007ffe03225000 	C:\WINDOWS\System32\MSCTF.dll
0x00007ffdf8620000 - 0x00007ffdf9c2c000 	C:\WINDOWS\System32\DriverStore\FileRepository\ki125173.inf_amd64_6f141e257f4fffee\igc64.dll
0x00000000586e0000 - 0x00000000586f4000 	C:\Program Files\Java\jdk1.8.0_161\jre\bin\javafx_font.dll
0x00007ffddb5c0000 - 0x00007ffddb8dc000 	C:\WINDOWS\SYSTEM32\dwrite.dll
0x00000000586b0000 - 0x00000000586d4000 	C:\Program Files\Java\jdk1.8.0_161\jre\bin\sunec.dll
0x0000000058690000 - 0x00000000586aa000 	C:\Program Files\Java\jdk1.8.0_161\jre\bin\net.dll
0x00007ffdff7b0000 - 0x00007ffdff816000 	C:\WINDOWS\system32\mswsock.dll
0x00007ffdff530000 - 0x00007ffdff568000 	C:\WINDOWS\SYSTEM32\IPHLPAPI.DLL
0x00007ffe012c0000 - 0x00007ffe012c8000 	C:\WINDOWS\System32\NSI.dll
0x00007ffdf83e0000 - 0x00007ffdf83f6000 	C:\WINDOWS\SYSTEM32\dhcpcsvc6.DLL
0x00007ffdf8490000 - 0x00007ffdf84aa000 	C:\WINDOWS\SYSTEM32\dhcpcsvc.DLL
0x0000000058670000 - 0x0000000058681000 	C:\Program Files\Java\jdk1.8.0_161\jre\bin\nio.dll
0x00007ffe02bd0000 - 0x00007ffe02c70000 	C:\WINDOWS\System32\clbcatq.dll
0x00007ffdfab80000 - 0x00007ffdfad2e000 	C:\WINDOWS\SYSTEM32\WindowsCodecs.dll
0x00007ffdead40000 - 0x00007ffdead98000 	C:\WINDOWS\system32\dataexchange.dll
0x00007ffdfc7c0000 - 0x00007ffdfcacb000 	C:\WINDOWS\system32\d3d11.dll
0x00007ffdfd0a0000 - 0x00007ffdfd23c000 	C:\WINDOWS\system32\dcomp.dll
0x00007ffdfecf0000 - 0x00007ffdfedab000 	C:\WINDOWS\system32\dxgi.dll
0x00007ffdfe4c0000 - 0x00007ffdfe678000 	C:\WINDOWS\system32\twinapi.appcore.dll
0x00007ffdfe410000 - 0x00007ffdfe431000 	C:\WINDOWS\system32\RMCLIENT.dll
0x00007ffdd7c00000 - 0x00007ffdd7c34000 	C:\Program Files\Common Files\Microsoft Shared\Ink\rtscom.dll
0x00007ffdf5e40000 - 0x00007ffdf5ed7000 	C:\WINDOWS\System32\TextInputFramework.dll
0x00007ffdfa100000 - 0x00007ffdfa41e000 	C:\WINDOWS\System32\CoreUIComponents.dll
0x00007ffdfd580000 - 0x00007ffdfd65a000 	C:\WINDOWS\System32\CoreMessaging.dll
0x00007ffdff020000 - 0x00007ffdff051000 	C:\WINDOWS\SYSTEM32\ntmarta.dll
0x00007ffdfb7f0000 - 0x00007ffdfb93d000 	C:\WINDOWS\SYSTEM32\wintypes.dll
0x0000000058640000 - 0x0000000058663000 	C:\Program Files\Java\jdk1.8.0_161\jre\bin\javafx_iio.dll
0x0000000058620000 - 0x0000000058632000 	C:\Program Files\Java\jdk1.8.0_161\jre\bin\prism_common.dll
0x00007ffdfe980000 - 0x00007ffdfeb49000 	C:\WINDOWS\SYSTEM32\dbghelp.dll

VM Arguments:
jvm_args: -Dfile.encoding=UTF-8 
java_command: com.jeeves.vpl.Main
java_class_path (initial): C:\Users\danie\eclipse-workspace\Jeeves\target\classes;C:\Users\danie\eclipse-workspace\Jeeves\poi-3.15.jar;C:\Users\danie\eclipse-workspace\Jeeves\commons-lang3-3.5.jar;C:\Users\danie\eclipse-workspace\Jeeves\controlsfx-8.40.12.jar;C:\Users\danie\.m2\repository\commons-codec\commons-codec\1.9\commons-codec-1.9.jar;C:\Users\danie\.m2\repository\commons-validator\commons-validator\1.4.1\commons-validator-1.4.1.jar;C:\Users\danie\.m2\repository\commons-beanutils\commons-beanutils\1.8.3\commons-beanutils-1.8.3.jar;C:\Users\danie\.m2\repository\commons-digester\commons-digester\1.8.1\commons-digester-1.8.1.jar;C:\Users\danie\.m2\repository\commons-logging\commons-logging\1.2\commons-logging-1.2.jar;C:\Users\danie\.m2\repository\commons-collections\commons-collections\3.2.1\commons-collections-3.2.1.jar;C:\Users\danie\.m2\repository\org\apache\shiro\shiro-core\1.3.2\shiro-core-1.3.2.jar;C:\Users\danie\.m2\repository\org\slf4j\slf4j-api\1.6.4\slf4j-api-1.6.4.jar;C:\Users\danie\.m2\repository\com\google\firebase\firebase-admin\5.6.0\firebase-admin-5.6.0.jar;C:\Users\danie\.m2\repository\com\google\api-client\google-api-client\1.22.0\google-api-client-1.22.0.jar;C:\Users\danie\.m2\repository\com\google\oauth-client\google-oauth-client\1.22.0\google-oauth-client-1.22.0.jar;C:\Users\danie\.m2\repository\com\google\http-client\google-http-client-jackson2\1.22.0\google-http-client-jackson2-1.22.0.jar;C:\Users\danie\.m2\repository\com\fasterxml\jackson\core\jackson-core\2.1.3\jackson-core-2.1.3.jar;C:\Users\danie\.m2\repository\com\google\api-client\google-api-client-gson\1.22.0\google-api-client-gson-1.22.0.jar;C:\Users\danie\.m2\repository\com\google\http-client\google-http-client-gson\1.22.0\google-http-client-gson-1.22.0.jar;C:\Users\danie\.m2\repository\com\google\code\gson\gson\2.1\gson-2.1.jar;C:\Users\danie\.m2\repository\com\google\http-client\google-http-client\1.22.0\google-http-client-1.22.0.jar;C:\Users\danie\.m2\repository\com\google\co
Launcher Type: SUN_STANDARD

Environment Variables:
JAVA_HOME=c:\program files\java\jdk1.8.0_161
PATH=C:/Program Files/Java/jre1.8.0_171/bin/server;C:/Program Files/Java/jre1.8.0_171/bin;C:/Program Files/Java/jre1.8.0_171/lib/amd64;C:\Program Files (x86)\Common Files\Oracle\Java\javapath;C:\ProgramData\Oracle\Java\javapath;C:\Program Files (x86)\Intel\Intel(R) Management Engine Components\iCLS\;C:\Program Files\Intel\Intel(R) Management Engine Components\iCLS\;C:\Windows\system32;C:\Windows;C:\Windows\System32\Wbem;C:\Windows\System32\WindowsPowerShell\v1.0\;C:\Program Files (x86)\Intel\Intel(R) Management Engine Components\DAL;C:\Program Files\Intel\Intel(R) Management Engine Components\DAL;C:\Program Files (x86)\Intel\Intel(R) Management Engine Components\IPT;C:\Program Files\Intel\Intel(R) Management Engine Components\IPT;C:\Program Files\Intel\WiFi\bin\;C:\Program Files\Common Files\Intel\WirelessCommon\;C:\Program Files (x86)\NVIDIA Corporation\PhysX\Common;C:\Python27;C:\Python27\Scripts;C:\Program Files\Git\cmd;C:\Program Files\Git\mingw64\bin;C:\Program Files\Git\usr\bin;C:\WINDOWS\system32;C:\WINDOWS;C:\WINDOWS\System32\Wbem;C:\WINDOWS\System32\WindowsPowerShell\v1.0\;C:\WINDOWS\System32\OpenSSH\;C:\Program Files\PuTTY\;C:\Program Files\Microsoft SQL Server\120\Tools\Binn\;C:\Users\danie\scoop\shims;c:\jruby-9.1.8.0\bin;C:\Ruby24-x64\bin;C:\Users\danie\AppData\Local\Microsoft\WindowsApps;C:\Program Files\Heroku\bin;;C:\Users\danie\OneDrive\Desktop;
USERNAME=danie
OS=Windows_NT
PROCESSOR_IDENTIFIER=Intel64 Family 6 Model 158 Stepping 9, GenuineIntel



---------------  S Y S T E M  ---------------

OS: Windows 10.0 , 64 bit Build 17134 (10.0.17134.1)

CPU:total 4 (initial active 4) (4 cores per cpu, 1 threads per core) family 6 model 158 stepping 9, cmov, cx8, fxsr, mmx, sse, sse2, sse3, ssse3, sse4.1, sse4.2, popcnt, avx, avx2, aes, clmul, erms, 3dnowpref, lzcnt, tsc, tscinvbit, bmi1, bmi2, adx

Memory: 4k page, physical 8250724k(2440192k free), swap 18736484k(7811952k free)

vm_info: Java HotSpot(TM) 64-Bit Server VM (25.161-b12) for windows-amd64 JRE (1.8.0_161-b12), built on Dec 19 2017 17:52:25 by "java_re" with MS VC++ 10.0 (VS2010)

time: Fri Oct 05 23:40:19 2018
elapsed time: 7988 seconds (0d 2h 13m 8s)

