#
# A fatal error has been detected by the Java Runtime Environment:
#
#  EXCEPTION_ACCESS_VIOLATION (0xc0000005) at pc=0x0000000054df78b0, pid=10840, tid=0x000000000000396c
#
# JRE version: Java(TM) SE Runtime Environment (8.0_151-b12) (build 1.8.0_151-b12)
# Java VM: Java HotSpot(TM) 64-Bit Server VM (25.151-b12 mixed mode windows-amd64 compressed oops)
# Problematic frame:
# C  [glass.dll+0x278b0]
#
# Failed to write core dump. Minidumps are not enabled by default on client versions of Windows
#
# If you would like to submit a bug report, please visit:
#   http://bugreport.java.com/bugreport/crash.jsp
#

---------------  T H R E A D  ---------------

Current thread (0x0000000018ff7800):  VMThread [stack: 0x000000001a090000,0x000000001a190000] [id=14700]

siginfo: ExceptionCode=0xc0000005, reading address 0x0000000000000000

Registers:
RAX=0x0000000000000000, RBX=0x000000001b9e17d0, RCX=0x0000000018ff7800, RDX=0x000000005581c658
RSP=0x000000001a18eff0, RBP=0x0000000002514908, RSI=0x00000000025148e0, RDI=0x00007f1068e6a0e3
R8 =0x0000000000010002, R9 =0x0000000000000023, R10=0x00007f1068e6a0e3, R11=0x000000001a18ed70
R12=0x0000000000000000, R13=0x0000000000000040, R14=0x000000001a18f108, R15=0x00000000025148e0
RIP=0x0000000054df78b0, EFLAGS=0x0000000000010206

Top of Stack: (sp=0x000000001a18eff0)
0x000000001a18eff0:   0000000000000000 00007ffd1f46d00b
0x000000001a18f000:   00000000025148f0 00000000025148f0
0x000000001a18f010:   fffffffffffffffe 0000000002514908
0x000000001a18f020:   00000000025148e8 00007ffd1f4785f3
0x000000001a18f030:   0000000054e0c1b0 00007ffd00000000
0x000000001a18f040:   0000000000000000 0000000000000000
0x000000001a18f050:   fffffffffffffffe 0000000000000000
0x000000001a18f060:   0000000000000001 0000000054dd0000
0x000000001a18f070:   0000000002961638 0000000054df48dc
0x000000001a18f080:   000000001a18f0f8 00007ffd1f46d157
0x000000001a18f090:   0000000000000000 000000001a18f108
0x000000001a18f0a0:   0000000004445520 00007ffd1f5470e0
0x000000001a18f0b0:   0000000000000000 00007ffd1f4716ee
0x000000001a18f0c0:   0000000000000000 0000000000000001
0x000000001a18f0d0:   0000000000000001 000000001a18f0f8
0x000000001a18f0e0:   0000000000000000 0000000054df4752 

Instructions: (pc=0x0000000054df78b0)
0x0000000054df7890:   40 53 48 83 ec 30 48 c7 44 24 20 fe ff ff ff 48
0x0000000054df78a0:   8b 1d 7a 72 01 00 48 85 db 74 16 e8 00 81 ff ff
0x0000000054df78b0:   4c 8b 00 48 8b d3 48 8b c8 41 ff 90 b0 00 00 00
0x0000000054df78c0:   90 48 83 c4 30 5b c3 cc cc cc cc cc cc cc cc cc 


Register to memory mapping:

RAX=0x0000000000000000 is an unknown value
RBX=0x000000001b9e17d0 is a global jni handle
RCX=0x0000000018ff7800 is an unknown value
RDX=0x000000005581c658 is an unknown value
RSP=0x000000001a18eff0 is an unknown value
RBP=0x0000000002514908 is an unknown value
RSI=0x00000000025148e0 is an unknown value
RDI=0x00007f1068e6a0e3 is an unknown value
R8 =0x0000000000010002 is an unknown value
R9 =0x0000000000000023 is an unknown value
R10=0x00007f1068e6a0e3 is an unknown value
R11=0x000000001a18ed70 is an unknown value
R12=0x0000000000000000 is an unknown value
R13=0x0000000000000040 is an unknown value
R14=0x000000001a18f108 is an unknown value
R15=0x00000000025148e0 is an unknown value


Stack: [0x000000001a090000,0x000000001a190000],  sp=0x000000001a18eff0,  free space=1019k
Native frames: (J=compiled Java code, j=interpreted, Vv=VM code, C=native code)
C  [glass.dll+0x278b0]
C  [ucrtbase.dll+0x185f3]
C  [ucrtbase.dll+0xd157]
C  [ucrtbase.dll+0x116ee]
C  [glass.dll+0x24752]
C  [glass.dll+0x24850]
C  [ntdll.dll+0x11493]
C  [ntdll.dll+0x406b5]
C  [ntdll.dll+0x40574]
C  [KERNEL32.DLL+0xf06a]
C  [msvcr100.dll+0x20ccd]
V  [jvm.dll+0x212a95]
V  [jvm.dll+0x24b9a7]
V  [jvm.dll+0x24ac46]
V  [jvm.dll+0x24b0e1]
V  [jvm.dll+0x24b2fe]
V  [jvm.dll+0x29c3ea]
C  [msvcr100.dll+0x21d9f]
C  [msvcr100.dll+0x21e3b]
C  [KERNEL32.DLL+0x11fe4]
C  [ntdll.dll+0x6efb1]

VM_Operation (0x000000001bdfae80): Exit, mode: safepoint, requested by thread 0x000000001b207800


---------------  P R O C E S S  ---------------

Java Threads: ( => current thread )
  0x000000001b908000 JavaThread "Glass/Prism Shutdown Hook" [_thread_blocked, id=10416, stack(0x00000000258b0000,0x00000000259b0000)]
  0x000000001ab78800 JavaThread "Prism Font Disposer" daemon [_thread_blocked, id=6312, stack(0x00000000233d0000,0x00000000234d0000)]
  0x000000001b289000 JavaThread "JavaFX-Launcher" [_thread_blocked, id=8732, stack(0x00000000204c0000,0x00000000205c0000)]
  0x000000001b27e800 JavaThread "Thread-2" daemon [_thread_in_native, id=11496, stack(0x00000000203c0000,0x00000000204c0000)]
  0x000000001b207800 JavaThread "JavaFX Application Thread" [_thread_blocked, id=11748, stack(0x000000001bd00000,0x000000001be00000)]
  0x000000001b1f5800 JavaThread "Thread-1" daemon [_thread_blocked, id=14576, stack(0x000000001bc00000,0x000000001bd00000)]
  0x000000001ad52000 JavaThread "QuantumRenderer-0" daemon [_thread_blocked, id=12992, stack(0x000000001b9f0000,0x000000001baf0000)]
  0x000000001a9b9800 JavaThread "Service Thread" daemon [_thread_blocked, id=10156, stack(0x000000001ad80000,0x000000001ae80000)]
  0x0000000019039800 JavaThread "C1 CompilerThread2" daemon [_thread_blocked, id=11788, stack(0x000000001a880000,0x000000001a980000)]
  0x0000000019035000 JavaThread "C2 CompilerThread1" daemon [_thread_blocked, id=8484, stack(0x000000001a780000,0x000000001a880000)]
  0x0000000019032800 JavaThread "C2 CompilerThread0" daemon [_thread_blocked, id=12068, stack(0x000000001a680000,0x000000001a780000)]
  0x0000000019031000 JavaThread "Attach Listener" daemon [_thread_blocked, id=5404, stack(0x000000001a580000,0x000000001a680000)]
  0x0000000019030800 JavaThread "Signal Dispatcher" daemon [_thread_blocked, id=9468, stack(0x000000001a480000,0x000000001a580000)]
  0x0000000019020000 JavaThread "Finalizer" daemon [_thread_blocked, id=13212, stack(0x000000001a290000,0x000000001a390000)]
  0x0000000018ff9000 JavaThread "Reference Handler" daemon [_thread_blocked, id=9472, stack(0x000000001a190000,0x000000001a290000)]
  0x00000000043a3800 JavaThread "main" [_thread_blocked, id=4868, stack(0x00000000042a0000,0x00000000043a0000)]

Other Threads:
=>0x0000000018ff7800 VMThread [stack: 0x000000001a090000,0x000000001a190000] [id=14700]

VM state:at safepoint (shutting down)

VM Mutex/Monitor currently owned by a thread:  ([mutex/lock_event])
[0x00000000043a0cd0] Threads_lock - owner thread: 0x0000000018ff7800

Heap:
 PSYoungGen      total 67072K, used 21237K [0x00000000d5b00000, 0x00000000dc700000, 0x0000000100000000)
  eden space 54272K, 15% used [0x00000000d5b00000,0x00000000d6342a78,0x00000000d9000000)
  from space 12800K, 99% used [0x00000000d9000000,0x00000000d9c7aba0,0x00000000d9c80000)
  to   space 17920K, 0% used [0x00000000db580000,0x00000000db580000,0x00000000dc700000)
 ParOldGen       total 74752K, used 26289K [0x0000000081000000, 0x0000000085900000, 0x00000000d5b00000)
  object space 74752K, 35% used [0x0000000081000000,0x00000000829ac560,0x0000000085900000)
 Metaspace       used 27159K, capacity 29100K, committed 29184K, reserved 1075200K
  class space    used 3975K, capacity 4317K, committed 4352K, reserved 1048576K

Card table byte_map: [0x0000000013860000,0x0000000013c60000] byte_map_base: 0x0000000013458000

Marking Bits: (ParMarkBitMap*) 0x0000000055a0d850
 Begin Bits: [0x0000000014310000, 0x00000000162d0000)
 End Bits:   [0x00000000162d0000, 0x0000000018290000)

Polling page: 0x0000000002950000

CodeCache: size=245760Kb used=13247Kb max_used=13609Kb free=232513Kb
 bounds [0x00000000044a0000, 0x0000000005210000, 0x00000000134a0000]
 total_blobs=4984 nmethods=4250 adapters=644
 compilation: enabled

Compilation events (10 events):
Event: 22.508 Thread 0x0000000019039800 4764   !   3       com.sun.glass.ui.InvokeLaterDispatcher$Future::run (91 bytes)
Event: 22.509 Thread 0x0000000019039800 nmethod 4764 0x0000000004e46610 code [0x0000000004e467c0, 0x0000000004e46f68]
Event: 22.632 Thread 0x0000000019039800 4765   !   3       java.util.concurrent.locks.AbstractQueuedSynchronizer::fullyRelease (54 bytes)
Event: 22.633 Thread 0x0000000019039800 nmethod 4765 0x0000000004e66250 code [0x0000000004e66400, 0x0000000004e669e8]
Event: 22.726 Thread 0x0000000019039800 4766       3       jdk.internal.org.objectweb.asm.FieldWriter::visitEnd (1 bytes)
Event: 22.726 Thread 0x0000000019039800 nmethod 4766 0x0000000004de32d0 code [0x0000000004de3420, 0x0000000004de3570]
Event: 22.732 Thread 0x0000000019039800 4767       3       java.util.concurrent.CopyOnWriteArrayList::size (6 bytes)
Event: 22.733 Thread 0x0000000019039800 nmethod 4767 0x0000000004de2ed0 code [0x0000000004de3020, 0x0000000004de3210]
Event: 22.735 Thread 0x0000000019039800 4768       3       jdk.internal.org.objectweb.asm.FieldVisitor::<init> (35 bytes)
Event: 22.736 Thread 0x0000000019039800 nmethod 4768 0x0000000004e46090 code [0x0000000004e46200, 0x0000000004e46508]

GC Heap History (10 events):
Event: 10.185 GC heap before
{Heap before GC invocations=6 (full 1):
 PSYoungGen      total 37888K, used 5024K [0x00000000d5b00000, 0x00000000d9600000, 0x0000000100000000)
  eden space 32768K, 0% used [0x00000000d5b00000,0x00000000d5b00000,0x00000000d7b00000)
  from space 5120K, 98% used [0x00000000d7b80000,0x00000000d80681d0,0x00000000d8080000)
  to   space 13824K, 0% used [0x00000000d8880000,0x00000000d8880000,0x00000000d9600000)
 ParOldGen       total 87552K, used 14242K [0x0000000081000000, 0x0000000086580000, 0x00000000d5b00000)
  object space 87552K, 16% used [0x0000000081000000,0x0000000081de8a90,0x0000000086580000)
 Metaspace       used 20302K, capacity 21262K, committed 21296K, reserved 1067008K
  class space    used 2956K, capacity 3168K, committed 3200K, reserved 1048576K
Event: 10.250 GC heap after
Heap after GC invocations=6 (full 1):
 PSYoungGen      total 37888K, used 0K [0x00000000d5b00000, 0x00000000d9600000, 0x0000000100000000)
  eden space 32768K, 0% used [0x00000000d5b00000,0x00000000d5b00000,0x00000000d7b00000)
  from space 5120K, 0% used [0x00000000d7b80000,0x00000000d7b80000,0x00000000d8080000)
  to   space 13824K, 0% used [0x00000000d8880000,0x00000000d8880000,0x00000000d9600000)
 ParOldGen       total 74752K, used 18197K [0x0000000081000000, 0x0000000085900000, 0x00000000d5b00000)
  object space 74752K, 24% used [0x0000000081000000,0x00000000821c5640,0x0000000085900000)
 Metaspace       used 20302K, capacity 21262K, committed 21296K, reserved 1067008K
  class space    used 2956K, capacity 3168K, committed 3200K, reserved 1048576K
}
Event: 11.208 GC heap before
{Heap before GC invocations=7 (full 1):
 PSYoungGen      total 37888K, used 32768K [0x00000000d5b00000, 0x00000000d9600000, 0x0000000100000000)
  eden space 32768K, 100% used [0x00000000d5b00000,0x00000000d7b00000,0x00000000d7b00000)
  from space 5120K, 0% used [0x00000000d7b80000,0x00000000d7b80000,0x00000000d8080000)
  to   space 13824K, 0% used [0x00000000d8880000,0x00000000d8880000,0x00000000d9600000)
 ParOldGen       total 74752K, used 18197K [0x0000000081000000, 0x0000000085900000, 0x00000000d5b00000)
  object space 74752K, 24% used [0x0000000081000000,0x00000000821c5640,0x0000000085900000)
 Metaspace       used 21756K, capacity 22830K, committed 22912K, reserved 1069056K
  class space    used 3193K, capacity 3436K, committed 3456K, reserved 1048576K
Event: 11.212 GC heap after
Heap after GC invocations=7 (full 1):
 PSYoungGen      total 47104K, used 4266K [0x00000000d5b00000, 0x00000000da600000, 0x0000000100000000)
  eden space 33280K, 0% used [0x00000000d5b00000,0x00000000d5b00000,0x00000000d7b80000)
  from space 13824K, 30% used [0x00000000d8880000,0x00000000d8caa9a0,0x00000000d9600000)
  to   space 13312K, 0% used [0x00000000d7b80000,0x00000000d7b80000,0x00000000d8880000)
 ParOldGen       total 74752K, used 18205K [0x0000000081000000, 0x0000000085900000, 0x00000000d5b00000)
  object space 74752K, 24% used [0x0000000081000000,0x00000000821c7640,0x0000000085900000)
 Metaspace       used 21756K, capacity 22830K, committed 22912K, reserved 1069056K
  class space    used 3193K, capacity 3436K, committed 3456K, reserved 1048576K
}
Event: 11.519 GC heap before
{Heap before GC invocations=8 (full 1):
 PSYoungGen      total 47104K, used 37546K [0x00000000d5b00000, 0x00000000da600000, 0x0000000100000000)
  eden space 33280K, 100% used [0x00000000d5b00000,0x00000000d7b80000,0x00000000d7b80000)
  from space 13824K, 30% used [0x00000000d8880000,0x00000000d8caa9a0,0x00000000d9600000)
  to   space 13312K, 0% used [0x00000000d7b80000,0x00000000d7b80000,0x00000000d8880000)
 ParOldGen       total 74752K, used 18205K [0x0000000081000000, 0x0000000085900000, 0x00000000d5b00000)
  object space 74752K, 24% used [0x0000000081000000,0x00000000821c7640,0x0000000085900000)
 Metaspace       used 21809K, capacity 22856K, committed 22912K, reserved 1069056K
  class space    used 3194K, capacity 3439K, committed 3456K, reserved 1048576K
Event: 11.525 GC heap after
Heap after GC invocations=8 (full 1):
 PSYoungGen      total 46592K, used 3907K [0x00000000d5b00000, 0x00000000da980000, 0x0000000100000000)
  eden space 33280K, 0% used [0x00000000d5b00000,0x00000000d5b00000,0x00000000d7b80000)
  from space 13312K, 29% used [0x00000000d7b80000,0x00000000d7f50f10,0x00000000d8880000)
  to   space 13312K, 0% used [0x00000000d9c80000,0x00000000d9c80000,0x00000000da980000)
 ParOldGen       total 74752K, used 18205K [0x0000000081000000, 0x0000000085900000, 0x00000000d5b00000)
  object space 74752K, 24% used [0x0000000081000000,0x00000000821c7640,0x0000000085900000)
 Metaspace       used 21809K, capacity 22856K, committed 22912K, reserved 1069056K
  class space    used 3194K, capacity 3439K, committed 3456K, reserved 1048576K
}
Event: 11.911 GC heap before
{Heap before GC invocations=9 (full 1):
 PSYoungGen      total 46592K, used 36014K [0x00000000d5b00000, 0x00000000da980000, 0x0000000100000000)
  eden space 33280K, 96% used [0x00000000d5b00000,0x00000000d7a5a9c0,0x00000000d7b80000)
  from space 13312K, 29% used [0x00000000d7b80000,0x00000000d7f50f10,0x00000000d8880000)
  to   space 13312K, 0% used [0x00000000d9c80000,0x00000000d9c80000,0x00000000da980000)
 ParOldGen       total 74752K, used 18205K [0x0000000081000000, 0x0000000085900000, 0x00000000d5b00000)
  object space 74752K, 24% used [0x0000000081000000,0x00000000821c7640,0x0000000085900000)
 Metaspace       used 21918K, capacity 23072K, committed 23168K, reserved 1069056K
  class space    used 3202K, capacity 3453K, committed 3456K, reserved 1048576K
Event: 11.917 GC heap after
Heap after GC invocations=9 (full 1):
 PSYoungGen      total 67584K, used 5080K [0x00000000d5b00000, 0x00000000da980000, 0x0000000100000000)
  eden space 54272K, 0% used [0x00000000d5b00000,0x00000000d5b00000,0x00000000d9000000)
  from space 13312K, 38% used [0x00000000d9c80000,0x00000000da1761c0,0x00000000da980000)
  to   space 12800K, 0% used [0x00000000d9000000,0x00000000d9000000,0x00000000d9c80000)
 ParOldGen       total 74752K, used 18205K [0x0000000081000000, 0x0000000085900000, 0x00000000d5b00000)
  object space 74752K, 24% used [0x0000000081000000,0x00000000821c7640,0x0000000085900000)
 Metaspace       used 21918K, capacity 23072K, committed 23168K, reserved 1069056K
  class space    used 3202K, capacity 3453K, committed 3456K, reserved 1048576K
}
Event: 16.611 GC heap before
{Heap before GC invocations=10 (full 1):
 PSYoungGen      total 67584K, used 59352K [0x00000000d5b00000, 0x00000000da980000, 0x0000000100000000)
  eden space 54272K, 100% used [0x00000000d5b00000,0x00000000d9000000,0x00000000d9000000)
  from space 13312K, 38% used [0x00000000d9c80000,0x00000000da1761c0,0x00000000da980000)
  to   space 12800K, 0% used [0x00000000d9000000,0x00000000d9000000,0x00000000d9c80000)
 ParOldGen       total 74752K, used 18205K [0x0000000081000000, 0x0000000085900000, 0x00000000d5b00000)
  object space 74752K, 24% used [0x0000000081000000,0x00000000821c7640,0x0000000085900000)
 Metaspace       used 26670K, capacity 28506K, committed 28672K, reserved 1073152K
  class space    used 3933K, capacity 4258K, committed 4352K, reserved 1048576K
Event: 16.655 GC heap after
Heap after GC invocations=10 (full 1):
 PSYoungGen      total 67072K, used 12778K [0x00000000d5b00000, 0x00000000dc700000, 0x0000000100000000)
  eden space 54272K, 0% used [0x00000000d5b00000,0x00000000d5b00000,0x00000000d9000000)
  from space 12800K, 99% used [0x00000000d9000000,0x00000000d9c7aba0,0x00000000d9c80000)
  to   space 17920K, 0% used [0x00000000db580000,0x00000000db580000,0x00000000dc700000)
 ParOldGen       total 74752K, used 26289K [0x0000000081000000, 0x0000000085900000, 0x00000000d5b00000)
  object space 74752K, 35% used [0x0000000081000000,0x00000000829ac560,0x0000000085900000)
 Metaspace       used 26670K, capacity 28506K, committed 28672K, reserved 1073152K
  class space    used 3933K, capacity 4258K, committed 4352K, reserved 1048576K
}

Deoptimization events (10 events):
Event: 16.007 Thread 0x000000001ad52000 Uncommon trap: reason=bimorphic action=maybe_recompile pc=0x0000000004fc491c method=java.util.WeakHashMap.eq(Ljava/lang/Object;Ljava/lang/Object;)Z @ 7
Event: 16.013 Thread 0x000000001ad52000 Uncommon trap: reason=bimorphic action=maybe_recompile pc=0x0000000004fc491c method=java.util.WeakHashMap.eq(Ljava/lang/Object;Ljava/lang/Object;)Z @ 7
Event: 16.016 Thread 0x000000001ad52000 Uncommon trap: reason=bimorphic action=maybe_recompile pc=0x0000000004fc491c method=java.util.WeakHashMap.eq(Ljava/lang/Object;Ljava/lang/Object;)Z @ 7
Event: 16.017 Thread 0x000000001ad52000 Uncommon trap: reason=bimorphic action=maybe_recompile pc=0x0000000004fc491c method=java.util.WeakHashMap.eq(Ljava/lang/Object;Ljava/lang/Object;)Z @ 7
Event: 16.821 Thread 0x000000001b207800 Uncommon trap: reason=unstable_if action=reinterpret pc=0x00000000050bada8 method=javafx.scene.CssStyleHelper.getStyleMap(Ljavafx/css/Styleable;)Lcom/sun/javafx/css/StyleMap; @ 4
Event: 16.824 Thread 0x000000001b207800 Uncommon trap: reason=unstable_if action=reinterpret pc=0x0000000004818f88 method=java.lang.StrictMath.floorOrCeil(DDDD)D @ 24
Event: 16.836 Thread 0x000000001b207800 Uncommon trap: reason=unstable_if action=reinterpret pc=0x0000000004651d94 method=javafx.scene.Node.markDirtyLayoutBranch()V @ 16
Event: 16.842 Thread 0x000000001b207800 Uncommon trap: reason=unstable_if action=reinterpret pc=0x000000000506588c method=javafx.scene.Node.impl_isDirtyEmpty()Z @ 4
Event: 16.935 Thread 0x000000001b207800 Uncommon trap: reason=unstable_if action=reinterpret pc=0x000000000495a8a8 method=jdk.internal.org.objectweb.asm.Type.getArgumentsAndReturnSizes(Ljava/lang/String;)I @ 47
Event: 19.441 Thread 0x000000001b207800 Uncommon trap: reason=unstable_if action=reinterpret pc=0x0000000004c88744 method=java.util.EnumMap.isValidKey(Ljava/lang/Object;)Z @ 16

Internal exceptions (10 events):
Event: 7.127 Thread 0x000000001b207800 Exception <a 'java/lang/ArrayIndexOutOfBoundsException': 58> (0x00000000d61675d8) thrown at [C:\re\workspace\8-2-build-windows-amd64-cygwin\jdk8u151\9699\hotspot\src\share\vm\interpreter\interpreterRuntime.cpp, line 366]
Event: 7.497 Thread 0x000000001b207800 Exception <a 'java/io/FileNotFoundException'> (0x00000000d749c780) thrown at [C:\re\workspace\8-2-build-windows-amd64-cygwin\jdk8u151\9699\hotspot\src\share\vm\prims\jni.cpp, line 709]
Event: 7.759 Thread 0x000000001b207800 Exception <a 'java/lang/NoClassDefFoundError': org/slf4j/impl/StaticLoggerBinder> (0x00000000d797e168) thrown at [C:\re\workspace\8-2-build-windows-amd64-cygwin\jdk8u151\9699\hotspot\src\share\vm\classfile\systemDictionary.cpp, line 199]
Event: 9.756 Thread 0x000000001b207800 Implicit null exception at 0x00000000047e5c75 to 0x00000000047e5e8d
Event: 9.756 Thread 0x000000001b207800 Implicit null exception at 0x00000000049c4afb to 0x00000000049c4fd1
Event: 14.516 Thread 0x000000001b207800 Implicit null exception at 0x000000000503c6bd to 0x0000000005041681
Event: 15.695 Thread 0x000000001ad52000 Implicit null exception at 0x0000000004cee094 to 0x0000000004cf1215
Event: 15.794 Thread 0x000000001ad52000 Implicit null exception at 0x0000000004ce2ce4 to 0x0000000004ce612d
Event: 16.821 Thread 0x000000001b207800 Implicit null exception at 0x00000000050b5912 to 0x00000000050bad7d
Event: 22.759 Thread 0x000000001b908000 Exception <a 'java/lang/IllegalStateException'> (0x00000000d6293f60) thrown at [C:\re\workspace\8-2-build-windows-amd64-cygwin\jdk8u151\9699\hotspot\src\share\vm\prims\jvm.cpp, line 1394]

Events (10 events):
Event: 22.757 Executing VM operation: RevokeBias
Event: 22.757 loading class com/sun/javafx/tk/quantum/QuantumRenderer
Event: 22.757 loading class com/sun/javafx/tk/quantum/QuantumRenderer done
Event: 22.757 Executing VM operation: RevokeBias done
Event: 22.757 Executing VM operation: RevokeBias
Event: 22.757 Executing VM operation: RevokeBias done
Event: 22.758 Thread 0x000000001b81d800 Thread exited: 0x000000001b81d800
Event: 22.758 loading class com/sun/javafx/tk/quantum/QuantumToolkit
Event: 22.758 loading class com/sun/javafx/tk/quantum/QuantumToolkit done
Event: 22.760 Executing VM operation: Exit


Dynamic libraries:
0x00007ff63c2f0000 - 0x00007ff63c327000 	C:\Program Files\Java\jre1.8.0_151\bin\javaw.exe
0x00007ffd22e90000 - 0x00007ffd23070000 	C:\WINDOWS\SYSTEM32\ntdll.dll
0x00007ffd20c90000 - 0x00007ffd20d3e000 	C:\WINDOWS\System32\KERNEL32.DLL
0x00007ffd1ff60000 - 0x00007ffd201c6000 	C:\WINDOWS\System32\KERNELBASE.dll
0x00007ffd22850000 - 0x00007ffd228f1000 	C:\WINDOWS\System32\ADVAPI32.dll
0x00007ffd22900000 - 0x00007ffd2299d000 	C:\WINDOWS\System32\msvcrt.dll
0x00007ffd20f30000 - 0x00007ffd20f8b000 	C:\WINDOWS\System32\sechost.dll
0x00007ffd20e10000 - 0x00007ffd20f2f000 	C:\WINDOWS\System32\RPCRT4.dll
0x00007ffd20a00000 - 0x00007ffd20b8f000 	C:\WINDOWS\System32\USER32.dll
0x00007ffd201d0000 - 0x00007ffd201f0000 	C:\WINDOWS\System32\win32u.dll
0x00007ffd20370000 - 0x00007ffd20398000 	C:\WINDOWS\System32\GDI32.dll
0x00007ffd1fdc0000 - 0x00007ffd1ff53000 	C:\WINDOWS\System32\gdi32full.dll
0x00007ffd201f0000 - 0x00007ffd2028b000 	C:\WINDOWS\System32\msvcp_win.dll
0x00007ffd1f460000 - 0x00007ffd1f556000 	C:\WINDOWS\System32\ucrtbase.dll
0x00007ffd177c0000 - 0x00007ffd17a29000 	C:\WINDOWS\WinSxS\amd64_microsoft.windows.common-controls_6595b64144ccf1df_6.0.16299.192_none_15c8cdae9364c23b\COMCTL32.dll
0x00007ffd20550000 - 0x00007ffd20858000 	C:\WINDOWS\System32\combase.dll
0x00007ffd20290000 - 0x00007ffd20302000 	C:\WINDOWS\System32\bcryptPrimitives.dll
0x00007ffd21110000 - 0x00007ffd2113d000 	C:\WINDOWS\System32\IMM32.DLL
0x0000000054e50000 - 0x0000000054f22000 	C:\Program Files\Java\jre1.8.0_151\bin\msvcr100.dll
0x00000000551f0000 - 0x0000000055a8d000 	C:\Program Files\Java\jre1.8.0_151\bin\server\jvm.dll
0x00007ffd229a0000 - 0x00007ffd229a8000 	C:\WINDOWS\System32\PSAPI.DLL
0x00007ffd1b5d0000 - 0x00007ffd1b5f3000 	C:\WINDOWS\SYSTEM32\WINMM.dll
0x00007ffd15510000 - 0x00007ffd1551a000 	C:\WINDOWS\SYSTEM32\VERSION.dll
0x00007ffd0f9b0000 - 0x00007ffd0f9b9000 	C:\WINDOWS\SYSTEM32\WSOCK32.dll
0x00007ffd1b5a0000 - 0x00007ffd1b5ca000 	C:\WINDOWS\SYSTEM32\winmmbase.dll
0x00007ffd20da0000 - 0x00007ffd20e0c000 	C:\WINDOWS\System32\WS2_32.dll
0x00007ffd20310000 - 0x00007ffd2035a000 	C:\WINDOWS\System32\cfgmgr32.dll
0x00000000551e0000 - 0x00000000551ef000 	C:\Program Files\Java\jre1.8.0_151\bin\verify.dll
0x00000000551b0000 - 0x00000000551d9000 	C:\Program Files\Java\jre1.8.0_151\bin\java.dll
0x0000000055190000 - 0x00000000551a6000 	C:\Program Files\Java\jre1.8.0_151\bin\zip.dll
0x00007ffd212b0000 - 0x00007ffd226e6000 	C:\WINDOWS\System32\SHELL32.dll
0x00007ffd20f90000 - 0x00007ffd21036000 	C:\WINDOWS\System32\shcore.dll
0x00007ffd1f5c0000 - 0x00007ffd1fd07000 	C:\WINDOWS\System32\windows.storage.dll
0x00007ffd20c30000 - 0x00007ffd20c81000 	C:\WINDOWS\System32\shlwapi.dll
0x00007ffd1f270000 - 0x00007ffd1f281000 	C:\WINDOWS\System32\kernel.appcore.dll
0x00007ffd1f200000 - 0x00007ffd1f24c000 	C:\WINDOWS\System32\powrprof.dll
0x00007ffd1f1e0000 - 0x00007ffd1f1fb000 	C:\WINDOWS\System32\profapi.dll
0x0000000004280000 - 0x0000000004283000 	C:\Program Files\Java\jre1.8.0_151\bin\api-ms-win-core-console-l1-1-0.dll
0x000000001af80000 - 0x000000001af83000 	C:\Program Files\Java\jre1.8.0_151\bin\api-ms-win-core-datetime-l1-1-0.dll
0x000000001af90000 - 0x000000001af93000 	C:\Program Files\Java\jre1.8.0_151\bin\api-ms-win-core-debug-l1-1-0.dll
0x000000001afa0000 - 0x000000001afa3000 	C:\Program Files\Java\jre1.8.0_151\bin\api-ms-win-core-errorhandling-l1-1-0.dll
0x000000001afb0000 - 0x000000001afb4000 	C:\Program Files\Java\jre1.8.0_151\bin\api-ms-win-core-file-l1-1-0.dll
0x000000001afc0000 - 0x000000001afc3000 	C:\Program Files\Java\jre1.8.0_151\bin\api-ms-win-core-file-l1-2-0.dll
0x000000001afd0000 - 0x000000001afd3000 	C:\Program Files\Java\jre1.8.0_151\bin\api-ms-win-core-file-l2-1-0.dll
0x000000001afe0000 - 0x000000001afe3000 	C:\Program Files\Java\jre1.8.0_151\bin\api-ms-win-core-handle-l1-1-0.dll
0x000000001aff0000 - 0x000000001aff3000 	C:\Program Files\Java\jre1.8.0_151\bin\api-ms-win-core-heap-l1-1-0.dll
0x000000001b000000 - 0x000000001b003000 	C:\Program Files\Java\jre1.8.0_151\bin\api-ms-win-core-interlocked-l1-1-0.dll
0x000000001b010000 - 0x000000001b013000 	C:\Program Files\Java\jre1.8.0_151\bin\api-ms-win-core-libraryloader-l1-1-0.dll
0x000000001b020000 - 0x000000001b023000 	C:\Program Files\Java\jre1.8.0_151\bin\api-ms-win-core-localization-l1-2-0.dll
0x000000001b030000 - 0x000000001b033000 	C:\Program Files\Java\jre1.8.0_151\bin\api-ms-win-core-memory-l1-1-0.dll
0x000000001b040000 - 0x000000001b043000 	C:\Program Files\Java\jre1.8.0_151\bin\api-ms-win-core-namedpipe-l1-1-0.dll
0x000000001b050000 - 0x000000001b053000 	C:\Program Files\Java\jre1.8.0_151\bin\api-ms-win-core-processenvironment-l1-1-0.dll
0x000000001b060000 - 0x000000001b063000 	C:\Program Files\Java\jre1.8.0_151\bin\api-ms-win-core-processthreads-l1-1-0.dll
0x000000001b070000 - 0x000000001b073000 	C:\Program Files\Java\jre1.8.0_151\bin\api-ms-win-core-processthreads-l1-1-1.dll
0x000000001b080000 - 0x000000001b083000 	C:\Program Files\Java\jre1.8.0_151\bin\api-ms-win-core-profile-l1-1-0.dll
0x000000001b090000 - 0x000000001b093000 	C:\Program Files\Java\jre1.8.0_151\bin\api-ms-win-core-rtlsupport-l1-1-0.dll
0x000000001b0a0000 - 0x000000001b0a3000 	C:\Program Files\Java\jre1.8.0_151\bin\api-ms-win-core-string-l1-1-0.dll
0x000000001b0b0000 - 0x000000001b0b3000 	C:\Program Files\Java\jre1.8.0_151\bin\api-ms-win-core-synch-l1-1-0.dll
0x000000001b0c0000 - 0x000000001b0c3000 	C:\Program Files\Java\jre1.8.0_151\bin\api-ms-win-core-synch-l1-2-0.dll
0x000000001b0d0000 - 0x000000001b0d3000 	C:\Program Files\Java\jre1.8.0_151\bin\api-ms-win-core-sysinfo-l1-1-0.dll
0x000000001b0e0000 - 0x000000001b0e3000 	C:\Program Files\Java\jre1.8.0_151\bin\api-ms-win-core-timezone-l1-1-0.dll
0x000000001b0f0000 - 0x000000001b0f3000 	C:\Program Files\Java\jre1.8.0_151\bin\api-ms-win-core-util-l1-1-0.dll
0x000000001b100000 - 0x000000001b103000 	C:\Program Files\Java\jre1.8.0_151\bin\api-ms-win-crt-conio-l1-1-0.dll
0x000000001b110000 - 0x000000001b114000 	C:\Program Files\Java\jre1.8.0_151\bin\api-ms-win-crt-convert-l1-1-0.dll
0x000000001b120000 - 0x000000001b123000 	C:\Program Files\Java\jre1.8.0_151\bin\api-ms-win-crt-environment-l1-1-0.dll
0x000000001b130000 - 0x000000001b133000 	C:\Program Files\Java\jre1.8.0_151\bin\api-ms-win-crt-filesystem-l1-1-0.dll
0x000000001b140000 - 0x000000001b143000 	C:\Program Files\Java\jre1.8.0_151\bin\api-ms-win-crt-heap-l1-1-0.dll
0x000000001b150000 - 0x000000001b153000 	C:\Program Files\Java\jre1.8.0_151\bin\api-ms-win-crt-locale-l1-1-0.dll
0x000000001b160000 - 0x000000001b165000 	C:\Program Files\Java\jre1.8.0_151\bin\api-ms-win-crt-math-l1-1-0.dll
0x000000001b170000 - 0x000000001b175000 	C:\Program Files\Java\jre1.8.0_151\bin\api-ms-win-crt-multibyte-l1-1-0.dll
0x000000001b180000 - 0x000000001b190000 	C:\Program Files\Java\jre1.8.0_151\bin\api-ms-win-crt-private-l1-1-0.dll
0x000000001b190000 - 0x000000001b193000 	C:\Program Files\Java\jre1.8.0_151\bin\api-ms-win-crt-process-l1-1-0.dll
0x000000001b1a0000 - 0x000000001b1a4000 	C:\Program Files\Java\jre1.8.0_151\bin\api-ms-win-crt-runtime-l1-1-0.dll
0x000000001b1b0000 - 0x000000001b1b4000 	C:\Program Files\Java\jre1.8.0_151\bin\api-ms-win-crt-stdio-l1-1-0.dll
0x000000001b1c0000 - 0x000000001b1c4000 	C:\Program Files\Java\jre1.8.0_151\bin\api-ms-win-crt-string-l1-1-0.dll
0x000000001b1d0000 - 0x000000001b1d3000 	C:\Program Files\Java\jre1.8.0_151\bin\api-ms-win-crt-time-l1-1-0.dll
0x000000001b1e0000 - 0x000000001b1e3000 	C:\Program Files\Java\jre1.8.0_151\bin\api-ms-win-crt-utility-l1-1-0.dll
0x00007ffcec960000 - 0x00007ffceca56000 	C:\Program Files\Java\jre1.8.0_151\bin\ucrtbase.dll
0x00007ffd1d670000 - 0x00007ffd1d6c1000 	C:\Program Files\Java\jre1.8.0_151\bin\concrt140.dll
0x00007ffd1d5c0000 - 0x00007ffd1d5d6000 	C:\Program Files\Java\jre1.8.0_151\bin\VCRUNTIME140.dll
0x00007ffcec8c0000 - 0x00007ffcec95c000 	C:\Program Files\Java\jre1.8.0_151\bin\MSVCP140.dll
0x0000000054e20000 - 0x0000000054e43000 	C:\Program Files\Java\jre1.8.0_151\bin\prism_d3d.dll
0x00007ffce7300000 - 0x00007ffce7495000 	C:\WINDOWS\system32\d3d9.dll
0x00007ffd1d400000 - 0x00007ffd1d42a000 	C:\WINDOWS\SYSTEM32\dwmapi.dll
0x00007ffd1d260000 - 0x00007ffd1d2f5000 	C:\WINDOWS\system32\uxtheme.dll
0x00007ffd21040000 - 0x00007ffd21105000 	C:\WINDOWS\System32\OLEAUT32.dll
0x00007ffd226f0000 - 0x00007ffd22839000 	C:\WINDOWS\System32\ole32.dll
0x0000000054dd0000 - 0x0000000054e19000 	C:\Program Files\Java\jre1.8.0_151\bin\glass.dll
0x00007ffd203a0000 - 0x00007ffd204aa000 	C:\WINDOWS\System32\COMDLG32.dll
0x00007ffd21140000 - 0x00007ffd212a7000 	C:\WINDOWS\System32\MSCTF.dll
0x0000000054db0000 - 0x0000000054dc4000 	C:\Program Files\Java\jre1.8.0_151\bin\javafx_font.dll
0x00007ffd11400000 - 0x00007ffd1170f000 	C:\WINDOWS\SYSTEM32\dwrite.dll
0x0000000055120000 - 0x0000000055144000 	C:\Program Files\Java\jre1.8.0_151\bin\sunec.dll
0x0000000055170000 - 0x000000005518a000 	C:\Program Files\Java\jre1.8.0_151\bin\net.dll
0x00007ffd1e6c0000 - 0x00007ffd1e726000 	C:\WINDOWS\system32\mswsock.dll
0x00007ffd1e450000 - 0x00007ffd1e489000 	C:\WINDOWS\SYSTEM32\IPHLPAPI.DLL
0x00007ffd22840000 - 0x00007ffd22848000 	C:\WINDOWS\System32\NSI.dll
0x00007ffd17df0000 - 0x00007ffd17e06000 	C:\WINDOWS\SYSTEM32\dhcpcsvc6.DLL
0x00007ffd187f0000 - 0x00007ffd1880a000 	C:\WINDOWS\SYSTEM32\dhcpcsvc.DLL
0x0000000055150000 - 0x0000000055161000 	C:\Program Files\Java\jre1.8.0_151\bin\nio.dll
0x00007ffd204b0000 - 0x00007ffd2054e000 	C:\WINDOWS\System32\clbcatq.dll
0x00007ffd175e0000 - 0x00007ffd1778b000 	C:\WINDOWS\SYSTEM32\WindowsCodecs.dll
0x00007ffcff3c0000 - 0x00007ffcff40f000 	C:\WINDOWS\system32\dataexchange.dll
0x00007ffd1bcb0000 - 0x00007ffd1bf91000 	C:\WINDOWS\system32\d3d11.dll
0x00007ffd1dc80000 - 0x00007ffd1dd2f000 	C:\WINDOWS\system32\dxgi.dll
0x00007ffd1cd40000 - 0x00007ffd1ce82000 	C:\WINDOWS\system32\dcomp.dll
0x00007ffd1d030000 - 0x00007ffd1d1ab000 	C:\WINDOWS\system32\twinapi.appcore.dll
0x00007ffd1d1b0000 - 0x00007ffd1d1d0000 	C:\WINDOWS\system32\RMCLIENT.dll
0x00007ffd1ec40000 - 0x00007ffd1ec65000 	C:\WINDOWS\system32\bcrypt.dll
0x00007ffd0b920000 - 0x00007ffd0b954000 	C:\Program Files\Common Files\Microsoft Shared\Ink\rtscom.dll
0x0000000054d80000 - 0x0000000054da3000 	C:\Program Files\Java\jre1.8.0_151\bin\javafx_iio.dll
0x0000000054d60000 - 0x0000000054d72000 	C:\Program Files\Java\jre1.8.0_151\bin\prism_common.dll
0x00007ffd15e70000 - 0x00007ffd15f08000 	C:\WINDOWS\System32\TextInputFramework.dll
0x00007ffd1bfa0000 - 0x00007ffd1c07c000 	C:\WINDOWS\System32\CoreMessaging.dll
0x00007ffd17140000 - 0x00007ffd1742e000 	C:\WINDOWS\System32\CoreUIComponents.dll
0x00007ffd1ae10000 - 0x00007ffd1af46000 	C:\WINDOWS\SYSTEM32\wintypes.dll
0x00007ffd1dfa0000 - 0x00007ffd1dfd1000 	C:\WINDOWS\SYSTEM32\ntmarta.dll
0x00007ffd1ec70000 - 0x00007ffd1ee38000 	C:\WINDOWS\SYSTEM32\dbghelp.dll

VM Arguments:
jvm_args: -Dfile.encoding=UTF-8 
java_command: com.jeeves.vpl.Main
java_class_path (initial): C:\Program Files\Java\jre1.8.0_151\lib\resources.jar;C:\Program Files\Java\jre1.8.0_151\lib\rt.jar;C:\Program Files\Java\jre1.8.0_151\lib\jsse.jar;C:\Program Files\Java\jre1.8.0_151\lib\jce.jar;C:\Program Files\Java\jre1.8.0_151\lib\charsets.jar;C:\Program Files\Java\jre1.8.0_151\lib\jfr.jar;C:\Program Files\Java\jre1.8.0_151\lib\ext\access-bridge-64.jar;C:\Program Files\Java\jre1.8.0_151\lib\ext\cldrdata.jar;C:\Program Files\Java\jre1.8.0_151\lib\ext\dnsns.jar;C:\Program Files\Java\jre1.8.0_151\lib\ext\dns_sd.jar;C:\Program Files\Java\jre1.8.0_151\lib\ext\jaccess.jar;C:\Program Files\Java\jre1.8.0_151\lib\ext\jfxrt.jar;C:\Program Files\Java\jre1.8.0_151\lib\ext\localedata.jar;C:\Program Files\Java\jre1.8.0_151\lib\ext\nashorn.jar;C:\Program Files\Java\jre1.8.0_151\lib\ext\sunec.jar;C:\Program Files\Java\jre1.8.0_151\lib\ext\sunjce_provider.jar;C:\Program Files\Java\jre1.8.0_151\lib\ext\sunmscapi.jar;C:\Program Files\Java\jre1.8.0_151\lib\ext\sunpkcs11.jar;C:\Program Files\Java\jre1.8.0_151\lib\ext\zipfs.jar;C:\Users\Cath\Documents\workspace\Jeeves\target\classes;C:\Users\Cath\Documents\workspace\Jeeves\poi-3.15.jar;C:\Users\Cath\Documents\workspace\Jeeves\commons-lang3-3.5.jar;C:\Users\Cath\Documents\workspace\Jeeves\controlsfx-8.40.12.jar;C:\Users\Cath\.m2\repository\commons-codec\commons-codec\1.9\commons-codec-1.9.jar;C:\Users\Cath\.m2\repository\commons-validator\commons-validator\1.4.1\commons-validator-1.4.1.jar;C:\Users\Cath\.m2\repository\commons-beanutils\commons-beanutils\1.8.3\commons-beanutils-1.8.3.jar;C:\Users\Cath\.m2\repository\commons-digester\commons-digester\1.8.1\commons-digester-1.8.1.jar;C:\Users\Cath\.m2\repository\commons-logging\commons-logging\1.2\commons-logging-1.2.jar;C:\Users\Cath\.m2\repository\commons-collections\commons-collections\3.2.1\commons-collections-3.2.1.jar;C:\Users\Cath\.m2\repository\org\apache\shiro\shiro-core\1.3.2\shiro-core-1.3.2.jar;C:\Users\Cath\.m2\repository\org\slf4j\slf4j-api\1.6.4\
Launcher Type: SUN_STANDARD

Environment Variables:
JAVA_HOME=C:\Program Files\Java\jdk1.8.0_151
PATH=C:/Program Files/Java/jre1.8.0_151/bin/server;C:/Program Files/Java/jre1.8.0_151/bin;C:/Program Files/Java/jre1.8.0_151/lib/amd64;C:\ProgramData\Oracle\Java\javapath;C:\WINDOWS\system32;C:\WINDOWS;C:\WINDOWS\System32\Wbem;C:\WINDOWS\System32\WindowsPowerShell\v1.0\;C:\Program Files\Git\cmd;C:\Program Files\Java\jdk1.8.0_151\bin;C:\Users\Cath\AppData\Local\Microsoft\WindowsApps;C:\MinGW\bin;C:\MinGW\msys\1.0\bin;;C:\Users\Cath\Desktop;
USERNAME=Cath
OS=Windows_NT
PROCESSOR_IDENTIFIER=Intel64 Family 6 Model 69 Stepping 1, GenuineIntel



---------------  S Y S T E M  ---------------

OS: Windows 10.0 , 64 bit Build 16299 (10.0.16299.15)

CPU:total 4 (initial active 4) (2 cores per cpu, 2 threads per core) family 6 model 69 stepping 1, cmov, cx8, fxsr, mmx, sse, sse2, sse3, ssse3, sse4.1, sse4.2, popcnt, avx, avx2, aes, clmul, erms, lzcnt, ht, tsc, tscinvbit, bmi1, bmi2

Memory: 4k page, physical 8317080k(2999604k free), swap 13559960k(6135036k free)

vm_info: Java HotSpot(TM) 64-Bit Server VM (25.151-b12) for windows-amd64 JRE (1.8.0_151-b12), built on Sep  5 2017 19:33:46 by "java_re" with MS VC++ 10.0 (VS2010)

time: Thu Jan 18 12:52:09 2018
elapsed time: 23 seconds (0d 0h 0m 23s)

