#
# A fatal error has been detected by the Java Runtime Environment:
#
#  EXCEPTION_ACCESS_VIOLATION (0xc0000005) at pc=0x00000000717f78b0, pid=15308, tid=0x0000000000003244
#
# JRE version: Java(TM) SE Runtime Environment (8.0_151-b12) (build 1.8.0_151-b12)
# Java VM: Java HotSpot(TM) 64-Bit Server VM (25.151-b12 mixed mode windows-amd64 compressed oops)
# Problematic frame:
# C  [glass.dll+0x278b0]
#
# Failed to write core dump. Minidumps are not enabled by default on client versions of Windows
#
# If you would like to submit a bug report, please visit:
#   http://bugreport.java.com/bugreport/crash.jsp
#

---------------  T H R E A D  ---------------

Current thread (0x0000000019117800):  VMThread [stack: 0x000000001a1a0000,0x000000001a2a0000] [id=12868]

siginfo: ExceptionCode=0xc0000005, reading address 0x0000000000000000

Registers:
RAX=0x0000000000000000, RBX=0x000000001b352cb8, RCX=0x0000000019117800, RDX=0x000000007128c658
RSP=0x000000001a29f2c0, RBP=0x0000000002564818, RSI=0x00000000025647f0, RDI=0x0000fa58f5ff992c
R8 =0x0000000000010002, R9 =0x000000000000002c, R10=0x0000fa58f5ff992c, R11=0x000000001a29f1c0
R12=0x0000000000000000, R13=0x0000000000000040, R14=0x000000001a29f3d8, R15=0x00000000025647f0
RIP=0x00000000717f78b0, EFLAGS=0x0000000000010206

Top of Stack: (sp=0x000000001a29f2c0)
0x000000001a29f2c0:   0000000000000000 00007fff74b7d00b
0x000000001a29f2d0:   0000000002564800 0000000002564800
0x000000001a29f2e0:   fffffffffffffffe 0000000002564818
0x000000001a29f2f0:   00000000025647f8 00007fff74b885f3
0x000000001a29f300:   000000007180c1b0 00007fff00000000
0x000000001a29f310:   0000000000000000 0000000000000000
0x000000001a29f320:   fffffffffffffffe 0000000000000000
0x000000001a29f330:   0000000000000001 00000000717d0000
0x000000001a29f340:   0000000000181638 00000000717f48dc
0x000000001a29f350:   000000001a29f3c8 00007fff74b7d157
0x000000001a29f360:   0000000000000000 000000001a29f3d8
0x000000001a29f370:   0000000019025400 00007fff74c570e0
0x000000001a29f380:   0000000000000000 00007fff74b816ee
0x000000001a29f390:   0000000000000000 0000000000000001
0x000000001a29f3a0:   0000000000000001 000000001a29f3c8
0x000000001a29f3b0:   0000000000000000 00000000717f4752 

Instructions: (pc=0x00000000717f78b0)
0x00000000717f7890:   40 53 48 83 ec 30 48 c7 44 24 20 fe ff ff ff 48
0x00000000717f78a0:   8b 1d 7a 72 01 00 48 85 db 74 16 e8 00 81 ff ff
0x00000000717f78b0:   4c 8b 00 48 8b d3 48 8b c8 41 ff 90 b0 00 00 00
0x00000000717f78c0:   90 48 83 c4 30 5b c3 cc cc cc cc cc cc cc cc cc 


Register to memory mapping:

RAX=0x0000000000000000 is an unknown value
RBX=0x000000001b352cb8 is a global jni handle
RCX=0x0000000019117800 is an unknown value
RDX=0x000000007128c658 is an unknown value
RSP=0x000000001a29f2c0 is an unknown value
RBP=0x0000000002564818 is an unknown value
RSI=0x00000000025647f0 is an unknown value
RDI=0x0000fa58f5ff992c is an unknown value
R8 =0x0000000000010002 is an unknown value
R9 =0x000000000000002c is an unknown value
R10=0x0000fa58f5ff992c is an unknown value
R11=0x000000001a29f1c0 is an unknown value
R12=0x0000000000000000 is an unknown value
R13=0x0000000000000040 is an unknown value
R14=0x000000001a29f3d8 is an unknown value
R15=0x00000000025647f0 is an unknown value


Stack: [0x000000001a1a0000,0x000000001a2a0000],  sp=0x000000001a29f2c0,  free space=1020k
Native frames: (J=compiled Java code, j=interpreted, Vv=VM code, C=native code)
C  [glass.dll+0x278b0]
C  [ucrtbase.dll+0x185f3]
C  [ucrtbase.dll+0xd157]
C  [ucrtbase.dll+0x116ee]
C  [glass.dll+0x24752]
C  [glass.dll+0x24850]
C  [ntdll.dll+0x11493]
C  [ntdll.dll+0x406b5]
C  [ntdll.dll+0x40574]
C  [KERNEL32.DLL+0xf06a]
C  [msvcr100.dll+0x20ccd]
V  [jvm.dll+0x212a95]
V  [jvm.dll+0x24b9a7]
V  [jvm.dll+0x24ac46]
V  [jvm.dll+0x24b0e1]
V  [jvm.dll+0x24b2fe]
V  [jvm.dll+0x29c3ea]
C  [msvcr100.dll+0x21d9f]
C  [msvcr100.dll+0x21e3b]
C  [KERNEL32.DLL+0x11fe4]
C  [ntdll.dll+0x6efb1]

VM_Operation (0x000000001bf1a960): Exit, mode: safepoint, requested by thread 0x000000001b348800


---------------  P R O C E S S  ---------------

Java Threads: ( => current thread )
  0x0000000026e80800 JavaThread "firebase-websocket-worker" daemon [_thread_in_native, id=15572, stack(0x000000002ef10000,0x000000002f010000)]
  0x0000000026e85800 JavaThread "threadDeathWatcher-2-1" daemon [_thread_blocked, id=15356, stack(0x000000002cbf0000,0x000000002ccf0000)]
  0x0000000026e87000 JavaThread "FirebaseDatabaseWorker" daemon [_thread_blocked, id=12808, stack(0x000000002caf0000,0x000000002cbf0000)]
  0x0000000026e81000 JavaThread "firebase-scheduled-worker" daemon [_thread_blocked, id=14660, stack(0x000000002c9f0000,0x000000002caf0000)]
  0x000000001b302800 JavaThread "firebase-default-0" daemon [_thread_blocked, id=7156, stack(0x0000000027fa0000,0x00000000280a0000)]
  0x000000002096a800 JavaThread "Prism Font Disposer" daemon [_thread_blocked, id=11252, stack(0x00000000239a0000,0x0000000023aa0000)]
  0x000000001b3c0000 JavaThread "JavaFX-Launcher" [_thread_blocked, id=6740, stack(0x00000000205d0000,0x00000000206d0000)]
  0x000000001b374800 JavaThread "Thread-2" daemon [_thread_in_native, id=14820, stack(0x00000000204d0000,0x00000000205d0000)]
  0x000000001b348800 JavaThread "JavaFX Application Thread" [_thread_blocked, id=11232, stack(0x000000001be20000,0x000000001bf20000)]
  0x000000001b32b000 JavaThread "Thread-1" daemon [_thread_blocked, id=12608, stack(0x000000001bd20000,0x000000001be20000)]
  0x000000001b320800 JavaThread "QuantumRenderer-0" daemon [_thread_blocked, id=15068, stack(0x000000001bb00000,0x000000001bc00000)]
  0x000000001aac8800 JavaThread "Service Thread" daemon [_thread_blocked, id=12720, stack(0x000000001ae90000,0x000000001af90000)]
  0x0000000019164800 JavaThread "C1 CompilerThread2" daemon [_thread_blocked, id=14008, stack(0x000000001a990000,0x000000001aa90000)]
  0x0000000019154800 JavaThread "C2 CompilerThread1" daemon [_thread_blocked, id=15768, stack(0x000000001a890000,0x000000001a990000)]
  0x0000000019151800 JavaThread "C2 CompilerThread0" daemon [_thread_blocked, id=13948, stack(0x000000001a790000,0x000000001a890000)]
  0x0000000019150000 JavaThread "Attach Listener" daemon [_thread_blocked, id=13624, stack(0x000000001a690000,0x000000001a790000)]
  0x000000001914f000 JavaThread "Signal Dispatcher" daemon [_thread_blocked, id=15524, stack(0x000000001a590000,0x000000001a690000)]
  0x000000000458d800 JavaThread "Finalizer" daemon [_thread_blocked, id=2472, stack(0x000000001a3a0000,0x000000001a4a0000)]
  0x0000000004583000 JavaThread "Reference Handler" daemon [_thread_blocked, id=11768, stack(0x000000001a2a0000,0x000000001a3a0000)]
  0x0000000004493800 JavaThread "main" [_thread_blocked, id=14736, stack(0x0000000004390000,0x0000000004490000)]

Other Threads:
=>0x0000000019117800 VMThread [stack: 0x000000001a1a0000,0x000000001a2a0000] [id=12868]

VM state:at safepoint (shutting down)

VM Mutex/Monitor currently owned by a thread:  ([mutex/lock_event])
[0x00000000044905d0] Threads_lock - owner thread: 0x0000000019117800

Heap:
 PSYoungGen      total 171008K, used 32660K [0x00000000d5b00000, 0x00000000e3900000, 0x0000000100000000)
  eden space 150528K, 21% used [0x00000000d5b00000,0x00000000d7ae50f0,0x00000000dee00000)
  from space 20480K, 0% used [0x00000000e0480000,0x00000000e0480000,0x00000000e1880000)
  to   space 23040K, 0% used [0x00000000dee00000,0x00000000dee00000,0x00000000e0480000)
 ParOldGen       total 122880K, used 43164K [0x0000000081000000, 0x0000000088800000, 0x00000000d5b00000)
  object space 122880K, 35% used [0x0000000081000000,0x0000000083a27228,0x0000000088800000)
 Metaspace       used 35552K, capacity 37550K, committed 38016K, reserved 1081344K
  class space    used 5033K, capacity 5379K, committed 5504K, reserved 1048576K

Card table byte_map: [0x0000000013950000,0x0000000013d50000] byte_map_base: 0x0000000013548000

Marking Bits: (ParMarkBitMap*) 0x000000007147d850
 Begin Bits: [0x0000000014400000, 0x00000000163c0000)
 End Bits:   [0x00000000163c0000, 0x0000000018380000)

Polling page: 0x0000000004230000

CodeCache: size=245760Kb used=14180Kb max_used=14373Kb free=231579Kb
 bounds [0x0000000004590000, 0x00000000053d0000, 0x0000000013590000]
 total_blobs=5641 nmethods=4830 adapters=720
 compilation: enabled

Compilation events (10 events):
Event: 88.532 Thread 0x0000000019164800 5612       3       javafx.scene.Scene$MouseHandler::updateCursor (36 bytes)
Event: 88.533 Thread 0x0000000019164800 nmethod 5612 0x0000000004a005d0 code [0x0000000004a00760, 0x0000000004a00b18]
Event: 88.602 Thread 0x0000000019164800 5613       3       com.sun.javafx.scene.input.PickResultChooser::computePoint (55 bytes)
Event: 88.603 Thread 0x0000000019164800 nmethod 5613 0x0000000004ae8f90 code [0x0000000004ae9100, 0x0000000004ae93d0]
Event: 88.603 Thread 0x0000000019164800 5614       3       com.sun.javafx.scene.input.PickResultChooser::processOffer (146 bytes)
Event: 88.606 Thread 0x0000000019164800 nmethod 5614 0x0000000004f6b790 code [0x0000000004f6b9a0, 0x0000000004f6c708]
Event: 88.921 Thread 0x0000000019154800 5615       4       javafx.scene.Node::localToScene (21 bytes)
Event: 88.942 Thread 0x0000000019164800 5616       3       java.util.logging.LogManager$LoggerContext::ensureDefaultLogger (70 bytes)
Event: 88.945 Thread 0x0000000019164800 nmethod 5616 0x0000000004ae8350 code [0x0000000004ae8500, 0x0000000004ae8d88]
Event: 88.948 Thread 0x0000000019154800 nmethod 5615 0x0000000004f25a10 code [0x0000000004f25bc0, 0x0000000004f25fe8]

GC Heap History (10 events):
Event: 2.480 GC heap before
{Heap before GC invocations=6 (full 1):
 PSYoungGen      total 71680K, used 5095K [0x00000000d5b00000, 0x00000000df800000, 0x0000000100000000)
  eden space 66560K, 0% used [0x00000000d5b00000,0x00000000d5b00000,0x00000000d9c00000)
  from space 5120K, 99% used [0x00000000d9c00000,0x00000000da0f9cb0,0x00000000da100000)
  to   space 13824K, 0% used [0x00000000dea80000,0x00000000dea80000,0x00000000df800000)
 ParOldGen       total 87552K, used 13951K [0x0000000081000000, 0x0000000086580000, 0x00000000d5b00000)
  object space 87552K, 15% used [0x0000000081000000,0x0000000081d9ff78,0x0000000086580000)
 Metaspace       used 20288K, capacity 21260K, committed 21296K, reserved 1067008K
  class space    used 2956K, capacity 3166K, committed 3200K, reserved 1048576K
Event: 2.524 GC heap after
Heap after GC invocations=6 (full 1):
 PSYoungGen      total 71680K, used 0K [0x00000000d5b00000, 0x00000000df800000, 0x0000000100000000)
  eden space 66560K, 0% used [0x00000000d5b00000,0x00000000d5b00000,0x00000000d9c00000)
  from space 5120K, 0% used [0x00000000d9c00000,0x00000000d9c00000,0x00000000da100000)
  to   space 13824K, 0% used [0x00000000dea80000,0x00000000dea80000,0x00000000df800000)
 ParOldGen       total 73216K, used 16773K [0x0000000081000000, 0x0000000085780000, 0x00000000d5b00000)
  object space 73216K, 22% used [0x0000000081000000,0x00000000820614c0,0x0000000085780000)
 Metaspace       used 20288K, capacity 21260K, committed 21296K, reserved 1067008K
  class space    used 2956K, capacity 3166K, committed 3200K, reserved 1048576K
}
Event: 3.002 GC heap before
{Heap before GC invocations=7 (full 1):
 PSYoungGen      total 71680K, used 66560K [0x00000000d5b00000, 0x00000000df800000, 0x0000000100000000)
  eden space 66560K, 100% used [0x00000000d5b00000,0x00000000d9c00000,0x00000000d9c00000)
  from space 5120K, 0% used [0x00000000d9c00000,0x00000000d9c00000,0x00000000da100000)
  to   space 13824K, 0% used [0x00000000dea80000,0x00000000dea80000,0x00000000df800000)
 ParOldGen       total 73216K, used 16773K [0x0000000081000000, 0x0000000085780000, 0x00000000d5b00000)
  object space 73216K, 22% used [0x0000000081000000,0x00000000820614c0,0x0000000085780000)
 Metaspace       used 21778K, capacity 22850K, committed 22912K, reserved 1069056K
  class space    used 3195K, capacity 3437K, committed 3456K, reserved 1048576K
Event: 3.006 GC heap after
Heap after GC invocations=7 (full 1):
 PSYoungGen      total 108544K, used 4754K [0x00000000d5b00000, 0x00000000def80000, 0x0000000100000000)
  eden space 103424K, 0% used [0x00000000d5b00000,0x00000000d5b00000,0x00000000dc000000)
  from space 5120K, 92% used [0x00000000dea80000,0x00000000def24868,0x00000000def80000)
  to   space 13312K, 0% used [0x00000000dd580000,0x00000000dd580000,0x00000000de280000)
 ParOldGen       total 73216K, used 16781K [0x0000000081000000, 0x0000000085780000, 0x00000000d5b00000)
  object space 73216K, 22% used [0x0000000081000000,0x00000000820634c0,0x0000000085780000)
 Metaspace       used 21778K, capacity 22850K, committed 22912K, reserved 1069056K
  class space    used 3195K, capacity 3437K, committed 3456K, reserved 1048576K
}
Event: 45.014 GC heap before
{Heap before GC invocations=8 (full 1):
 PSYoungGen      total 108544K, used 108178K [0x00000000d5b00000, 0x00000000def80000, 0x0000000100000000)
  eden space 103424K, 100% used [0x00000000d5b00000,0x00000000dc000000,0x00000000dc000000)
  from space 5120K, 92% used [0x00000000dea80000,0x00000000def24868,0x00000000def80000)
  to   space 13312K, 0% used [0x00000000dd580000,0x00000000dd580000,0x00000000de280000)
 ParOldGen       total 73216K, used 16781K [0x0000000081000000, 0x0000000085780000, 0x00000000d5b00000)
  object space 73216K, 22% used [0x0000000081000000,0x00000000820634c0,0x0000000085780000)
 Metaspace       used 27789K, capacity 29712K, committed 29824K, reserved 1075200K
  class space    used 4049K, capacity 4376K, committed 4480K, reserved 1048576K
Event: 45.042 GC heap after
Heap after GC invocations=8 (full 1):
 PSYoungGen      total 138752K, used 13287K [0x00000000d5b00000, 0x00000000e1880000, 0x0000000100000000)
  eden space 125440K, 0% used [0x00000000d5b00000,0x00000000d5b00000,0x00000000dd580000)
  from space 13312K, 99% used [0x00000000dd580000,0x00000000de279e90,0x00000000de280000)
  to   space 20480K, 0% used [0x00000000e0480000,0x00000000e0480000,0x00000000e1880000)
 ParOldGen       total 73216K, used 26744K [0x0000000081000000, 0x0000000085780000, 0x00000000d5b00000)
  object space 73216K, 36% used [0x0000000081000000,0x0000000082a1e0f0,0x0000000085780000)
 Metaspace       used 27789K, capacity 29712K, committed 29824K, reserved 1075200K
  class space    used 4049K, capacity 4376K, committed 4480K, reserved 1048576K
}
Event: 47.701 GC heap before
{Heap before GC invocations=9 (full 1):
 PSYoungGen      total 138752K, used 55763K [0x00000000d5b00000, 0x00000000e1880000, 0x0000000100000000)
  eden space 125440K, 33% used [0x00000000d5b00000,0x00000000d847afc0,0x00000000dd580000)
  from space 13312K, 99% used [0x00000000dd580000,0x00000000de279e90,0x00000000de280000)
  to   space 20480K, 0% used [0x00000000e0480000,0x00000000e0480000,0x00000000e1880000)
 ParOldGen       total 73216K, used 26744K [0x0000000081000000, 0x0000000085780000, 0x00000000d5b00000)
  object space 73216K, 36% used [0x0000000081000000,0x0000000082a1e0f0,0x0000000085780000)
 Metaspace       used 33494K, capacity 35402K, committed 35496K, reserved 1079296K
  class space    used 4764K, capacity 5117K, committed 5120K, reserved 1048576K
Event: 47.721 GC heap after
Heap after GC invocations=9 (full 1):
 PSYoungGen      total 171008K, used 17864K [0x00000000d5b00000, 0x00000000e3900000, 0x0000000100000000)
  eden space 150528K, 0% used [0x00000000d5b00000,0x00000000d5b00000,0x00000000dee00000)
  from space 20480K, 87% used [0x00000000e0480000,0x00000000e15f2218,0x00000000e1880000)
  to   space 23040K, 0% used [0x00000000dee00000,0x00000000dee00000,0x00000000e0480000)
 ParOldGen       total 73216K, used 26752K [0x0000000081000000, 0x0000000085780000, 0x00000000d5b00000)
  object space 73216K, 36% used [0x0000000081000000,0x0000000082a200f0,0x0000000085780000)
 Metaspace       used 33494K, capacity 35402K, committed 35496K, reserved 1079296K
  class space    used 4764K, capacity 5117K, committed 5120K, reserved 1048576K
}
Event: 47.721 GC heap before
{Heap before GC invocations=10 (full 2):
 PSYoungGen      total 171008K, used 17864K [0x00000000d5b00000, 0x00000000e3900000, 0x0000000100000000)
  eden space 150528K, 0% used [0x00000000d5b00000,0x00000000d5b00000,0x00000000dee00000)
  from space 20480K, 87% used [0x00000000e0480000,0x00000000e15f2218,0x00000000e1880000)
  to   space 23040K, 0% used [0x00000000dee00000,0x00000000dee00000,0x00000000e0480000)
 ParOldGen       total 73216K, used 26752K [0x0000000081000000, 0x0000000085780000, 0x00000000d5b00000)
  object space 73216K, 36% used [0x0000000081000000,0x0000000082a200f0,0x0000000085780000)
 Metaspace       used 33494K, capacity 35402K, committed 35496K, reserved 1079296K
  class space    used 4764K, capacity 5117K, committed 5120K, reserved 1048576K
Event: 47.915 GC heap after
Heap after GC invocations=10 (full 2):
 PSYoungGen      total 171008K, used 0K [0x00000000d5b00000, 0x00000000e3900000, 0x0000000100000000)
  eden space 150528K, 0% used [0x00000000d5b00000,0x00000000d5b00000,0x00000000dee00000)
  from space 20480K, 0% used [0x00000000e0480000,0x00000000e0480000,0x00000000e1880000)
  to   space 23040K, 0% used [0x00000000dee00000,0x00000000dee00000,0x00000000e0480000)
 ParOldGen       total 122880K, used 43164K [0x0000000081000000, 0x0000000088800000, 0x00000000d5b00000)
  object space 122880K, 35% used [0x0000000081000000,0x0000000083a27228,0x0000000088800000)
 Metaspace       used 33494K, capacity 35402K, committed 35496K, reserved 1079296K
  class space    used 4764K, capacity 5117K, committed 5120K, reserved 1048576K
}

Deoptimization events (10 events):
Event: 47.375 Thread 0x0000000026e87000 Uncommon trap: reason=unstable_if action=reinterpret pc=0x0000000004a94f80 method=java.math.BigInteger.intArrayCmpToLen([I[II)I @ 42
Event: 47.387 Thread 0x0000000026e87000 Uncommon trap: reason=unstable_if action=reinterpret pc=0x00000000046f6808 method=java.math.MutableBigInteger.divideOneWord(ILjava/math/MutableBigInteger;)I @ 88
Event: 47.387 Thread 0x0000000026e87000 Uncommon trap: reason=unstable_if action=reinterpret pc=0x0000000004c12a58 method=java.math.BigInteger.squareToLen([II[I)[I @ 5
Event: 47.431 Thread 0x0000000026e87000 Uncommon trap: reason=unstable_if action=reinterpret pc=0x00000000048d1d8c method=java.math.MutableBigInteger.add(Ljava/math/MutableBigInteger;)V @ 171
Event: 47.936 Thread 0x0000000026e87000 Uncommon trap: reason=class_check action=maybe_recompile pc=0x0000000004e3711c method=java.util.regex.Matcher.search(I)Z @ 86
Event: 47.936 Thread 0x0000000026e87000 Uncommon trap: reason=class_check action=maybe_recompile pc=0x0000000004e3711c method=java.util.regex.Matcher.search(I)Z @ 86
Event: 47.936 Thread 0x0000000026e87000 Uncommon trap: reason=class_check action=maybe_recompile pc=0x0000000004e3711c method=java.util.regex.Matcher.search(I)Z @ 86
Event: 47.936 Thread 0x0000000026e87000 Uncommon trap: reason=class_check action=maybe_recompile pc=0x0000000004e3711c method=java.util.regex.Matcher.search(I)Z @ 86
Event: 78.241 Thread 0x0000000026e83800 Uncommon trap: reason=class_check action=maybe_recompile pc=0x000000000482dd9c method=java.util.HashMap.removeNode(ILjava/lang/Object;Ljava/lang/Object;ZZ)Ljava/util/HashMap$Node; @ 68
Event: 79.003 Thread 0x0000000026e80800 Uncommon trap: reason=predicate action=maybe_recompile pc=0x00000000050f2764 method=java.util.regex.Pattern$SliceI.match(Ljava/util/regex/Matcher;ILjava/lang/CharSequence;)Z @ 21

Internal exceptions (10 events):
Event: 2.345 Thread 0x000000001b348800 Implicit null exception at 0x0000000004ad06bb to 0x0000000004ad0b91
Event: 4.196 Thread 0x000000001b348800 Implicit null exception at 0x00000000050d1cd5 to 0x00000000050d3651
Event: 4.197 Thread 0x000000001b348800 Implicit null exception at 0x00000000050a6afd to 0x00000000050a9481
Event: 4.197 Thread 0x000000001b348800 Implicit null exception at 0x000000000503d2ce to 0x000000000503ebf9
Event: 4.654 Thread 0x000000001b320800 Implicit null exception at 0x0000000004dde594 to 0x0000000004de1701
Event: 4.718 Thread 0x000000001b320800 Implicit null exception at 0x0000000004dd31f4 to 0x0000000004dd6635
Event: 46.310 Thread 0x0000000026e87000 Exception <a 'java/lang/NoClassDefFoundError': org/apache/log4j/Priority> (0x00000000d71ce4a8) thrown at [C:\re\workspace\8-2-build-windows-amd64-cygwin\jdk8u151\9699\hotspot\src\share\vm\classfile\systemDictionary.cpp, line 199]
Event: 47.387 Thread 0x0000000026e87000 Implicit null exception at 0x0000000004c1287e to 0x0000000004c12a49
Event: 47.937 Thread 0x0000000026e87000 Exception <a 'java/lang/Exception': Failed to initialize SSL_CTX (error:00000000:invalid library (0):OPENSSL_internal:invalid library (0))> (0x00000000d5d41748) thrown at [C:\re\workspace\8-2-build-windows-amd64-cygwin\jdk8u151\9699\hotspot\src\share\vm\p
Event: 88.951 Thread 0x0000000026e82000 Exception <a 'java/lang/IllegalStateException'> (0x00000000d79be350) thrown at [C:\re\workspace\8-2-build-windows-amd64-cygwin\jdk8u151\9699\hotspot\src\share\vm\prims\jvm.cpp, line 1394]

Events (10 events):
Event: 88.937 Thread 0x0000000026e82800 Thread added: 0x0000000026e82800
Event: 88.939 loading class com/sun/javafx/tk/quantum/QuantumRenderer
Event: 88.940 loading class com/sun/javafx/tk/quantum/QuantumRenderer done
Event: 88.942 Thread 0x0000000026e82800 Thread exited: 0x0000000026e82800
Event: 88.946 loading class com/sun/javafx/tk/quantum/QuantumToolkit
Event: 88.946 loading class com/sun/javafx/tk/quantum/QuantumToolkit done
Event: 88.951 Executing VM operation: RevokeBias
Event: 88.953 Executing VM operation: RevokeBias done
Event: 88.953 Thread 0x0000000026e82000 Thread exited: 0x0000000026e82000
Event: 88.957 Executing VM operation: Exit


Dynamic libraries:
0x00007ff746620000 - 0x00007ff746657000 	C:\Program Files\Java\jre1.8.0_151\bin\javaw.exe
0x00007fff77ef0000 - 0x00007fff780d0000 	C:\WINDOWS\SYSTEM32\ntdll.dll
0x00007fff75cc0000 - 0x00007fff75d6e000 	C:\WINDOWS\System32\KERNEL32.DLL
0x00007fff74800000 - 0x00007fff74a66000 	C:\WINDOWS\System32\KERNELBASE.dll
0x00007fff77a50000 - 0x00007fff77af1000 	C:\WINDOWS\System32\ADVAPI32.dll
0x00007fff779b0000 - 0x00007fff77a4d000 	C:\WINDOWS\System32\msvcrt.dll
0x00007fff762b0000 - 0x00007fff7630b000 	C:\WINDOWS\System32\sechost.dll
0x00007fff756d0000 - 0x00007fff757ef000 	C:\WINDOWS\System32\RPCRT4.dll
0x00007fff75b30000 - 0x00007fff75cbf000 	C:\WINDOWS\System32\USER32.dll
0x00007fff74520000 - 0x00007fff74540000 	C:\WINDOWS\System32\win32u.dll
0x00007fff75d90000 - 0x00007fff75db8000 	C:\WINDOWS\System32\GDI32.dll
0x00007fff745c0000 - 0x00007fff74753000 	C:\WINDOWS\System32\gdi32full.dll
0x00007fff74760000 - 0x00007fff747fb000 	C:\WINDOWS\System32\msvcp_win.dll
0x00007fff74b70000 - 0x00007fff74c66000 	C:\WINDOWS\System32\ucrtbase.dll
0x00007fff6c3b0000 - 0x00007fff6c619000 	C:\WINDOWS\WinSxS\amd64_microsoft.windows.common-controls_6595b64144ccf1df_6.0.16299.192_none_15c8cdae9364c23b\COMCTL32.dll
0x00007fff753c0000 - 0x00007fff756c8000 	C:\WINDOWS\System32\combase.dll
0x00007fff74540000 - 0x00007fff745b2000 	C:\WINDOWS\System32\bcryptPrimitives.dll
0x00007fff76210000 - 0x00007fff7623d000 	C:\WINDOWS\System32\IMM32.DLL
0x0000000071850000 - 0x0000000071922000 	C:\Program Files\Java\jre1.8.0_151\bin\msvcr100.dll
0x0000000070c60000 - 0x00000000714fd000 	C:\Program Files\Java\jre1.8.0_151\bin\server\jvm.dll
0x00007fff75b20000 - 0x00007fff75b28000 	C:\WINDOWS\System32\PSAPI.DLL
0x00007fff69e80000 - 0x00007fff69e89000 	C:\WINDOWS\SYSTEM32\WSOCK32.dll
0x00007fff6d4d0000 - 0x00007fff6d4f3000 	C:\WINDOWS\SYSTEM32\WINMM.dll
0x00007fff77be0000 - 0x00007fff77c4c000 	C:\WINDOWS\System32\WS2_32.dll
0x00007fff6b960000 - 0x00007fff6b96a000 	C:\WINDOWS\SYSTEM32\VERSION.dll
0x00007fff6d4a0000 - 0x00007fff6d4ca000 	C:\WINDOWS\SYSTEM32\WINMMBASE.dll
0x00007fff74a70000 - 0x00007fff74aba000 	C:\WINDOWS\System32\cfgmgr32.dll
0x0000000071a30000 - 0x0000000071a3f000 	C:\Program Files\Java\jre1.8.0_151\bin\verify.dll
0x0000000071a00000 - 0x0000000071a29000 	C:\Program Files\Java\jre1.8.0_151\bin\java.dll
0x00000000719e0000 - 0x00000000719f6000 	C:\Program Files\Java\jre1.8.0_151\bin\zip.dll
0x00007fff76460000 - 0x00007fff77896000 	C:\WINDOWS\System32\SHELL32.dll
0x00007fff77900000 - 0x00007fff779a6000 	C:\WINDOWS\System32\shcore.dll
0x00007fff74c70000 - 0x00007fff753b7000 	C:\WINDOWS\System32\windows.storage.dll
0x00007fff76250000 - 0x00007fff762a1000 	C:\WINDOWS\System32\shlwapi.dll
0x00007fff74280000 - 0x00007fff74291000 	C:\WINDOWS\System32\kernel.appcore.dll
0x00007fff742a0000 - 0x00007fff742ec000 	C:\WINDOWS\System32\powrprof.dll
0x00007fff74260000 - 0x00007fff7427b000 	C:\WINDOWS\System32\profapi.dll
0x0000000004270000 - 0x0000000004273000 	C:\Program Files\Java\jre1.8.0_151\bin\api-ms-win-core-console-l1-1-0.dll
0x000000001b090000 - 0x000000001b093000 	C:\Program Files\Java\jre1.8.0_151\bin\api-ms-win-core-datetime-l1-1-0.dll
0x000000001b0a0000 - 0x000000001b0a3000 	C:\Program Files\Java\jre1.8.0_151\bin\api-ms-win-core-debug-l1-1-0.dll
0x000000001b0b0000 - 0x000000001b0b3000 	C:\Program Files\Java\jre1.8.0_151\bin\api-ms-win-core-errorhandling-l1-1-0.dll
0x000000001b0c0000 - 0x000000001b0c4000 	C:\Program Files\Java\jre1.8.0_151\bin\api-ms-win-core-file-l1-1-0.dll
0x000000001b0d0000 - 0x000000001b0d3000 	C:\Program Files\Java\jre1.8.0_151\bin\api-ms-win-core-file-l1-2-0.dll
0x000000001b0e0000 - 0x000000001b0e3000 	C:\Program Files\Java\jre1.8.0_151\bin\api-ms-win-core-file-l2-1-0.dll
0x000000001b0f0000 - 0x000000001b0f3000 	C:\Program Files\Java\jre1.8.0_151\bin\api-ms-win-core-handle-l1-1-0.dll
0x000000001b100000 - 0x000000001b103000 	C:\Program Files\Java\jre1.8.0_151\bin\api-ms-win-core-heap-l1-1-0.dll
0x000000001b110000 - 0x000000001b113000 	C:\Program Files\Java\jre1.8.0_151\bin\api-ms-win-core-interlocked-l1-1-0.dll
0x000000001b120000 - 0x000000001b123000 	C:\Program Files\Java\jre1.8.0_151\bin\api-ms-win-core-libraryloader-l1-1-0.dll
0x000000001b130000 - 0x000000001b133000 	C:\Program Files\Java\jre1.8.0_151\bin\api-ms-win-core-localization-l1-2-0.dll
0x000000001b140000 - 0x000000001b143000 	C:\Program Files\Java\jre1.8.0_151\bin\api-ms-win-core-memory-l1-1-0.dll
0x000000001b150000 - 0x000000001b153000 	C:\Program Files\Java\jre1.8.0_151\bin\api-ms-win-core-namedpipe-l1-1-0.dll
0x000000001b160000 - 0x000000001b163000 	C:\Program Files\Java\jre1.8.0_151\bin\api-ms-win-core-processenvironment-l1-1-0.dll
0x000000001b170000 - 0x000000001b173000 	C:\Program Files\Java\jre1.8.0_151\bin\api-ms-win-core-processthreads-l1-1-0.dll
0x000000001b180000 - 0x000000001b183000 	C:\Program Files\Java\jre1.8.0_151\bin\api-ms-win-core-processthreads-l1-1-1.dll
0x000000001b190000 - 0x000000001b193000 	C:\Program Files\Java\jre1.8.0_151\bin\api-ms-win-core-profile-l1-1-0.dll
0x000000001b1a0000 - 0x000000001b1a3000 	C:\Program Files\Java\jre1.8.0_151\bin\api-ms-win-core-rtlsupport-l1-1-0.dll
0x000000001b1b0000 - 0x000000001b1b3000 	C:\Program Files\Java\jre1.8.0_151\bin\api-ms-win-core-string-l1-1-0.dll
0x000000001b1c0000 - 0x000000001b1c3000 	C:\Program Files\Java\jre1.8.0_151\bin\api-ms-win-core-synch-l1-1-0.dll
0x000000001b1d0000 - 0x000000001b1d3000 	C:\Program Files\Java\jre1.8.0_151\bin\api-ms-win-core-synch-l1-2-0.dll
0x000000001b1e0000 - 0x000000001b1e3000 	C:\Program Files\Java\jre1.8.0_151\bin\api-ms-win-core-sysinfo-l1-1-0.dll
0x000000001b1f0000 - 0x000000001b1f3000 	C:\Program Files\Java\jre1.8.0_151\bin\api-ms-win-core-timezone-l1-1-0.dll
0x000000001b200000 - 0x000000001b203000 	C:\Program Files\Java\jre1.8.0_151\bin\api-ms-win-core-util-l1-1-0.dll
0x000000001b210000 - 0x000000001b213000 	C:\Program Files\Java\jre1.8.0_151\bin\api-ms-win-crt-conio-l1-1-0.dll
0x000000001b220000 - 0x000000001b224000 	C:\Program Files\Java\jre1.8.0_151\bin\api-ms-win-crt-convert-l1-1-0.dll
0x000000001b230000 - 0x000000001b233000 	C:\Program Files\Java\jre1.8.0_151\bin\api-ms-win-crt-environment-l1-1-0.dll
0x000000001b240000 - 0x000000001b243000 	C:\Program Files\Java\jre1.8.0_151\bin\api-ms-win-crt-filesystem-l1-1-0.dll
0x000000001b250000 - 0x000000001b253000 	C:\Program Files\Java\jre1.8.0_151\bin\api-ms-win-crt-heap-l1-1-0.dll
0x000000001b260000 - 0x000000001b263000 	C:\Program Files\Java\jre1.8.0_151\bin\api-ms-win-crt-locale-l1-1-0.dll
0x000000001b270000 - 0x000000001b275000 	C:\Program Files\Java\jre1.8.0_151\bin\api-ms-win-crt-math-l1-1-0.dll
0x000000001b280000 - 0x000000001b285000 	C:\Program Files\Java\jre1.8.0_151\bin\api-ms-win-crt-multibyte-l1-1-0.dll
0x000000001b290000 - 0x000000001b2a0000 	C:\Program Files\Java\jre1.8.0_151\bin\api-ms-win-crt-private-l1-1-0.dll
0x000000001b2a0000 - 0x000000001b2a3000 	C:\Program Files\Java\jre1.8.0_151\bin\api-ms-win-crt-process-l1-1-0.dll
0x000000001b2b0000 - 0x000000001b2b4000 	C:\Program Files\Java\jre1.8.0_151\bin\api-ms-win-crt-runtime-l1-1-0.dll
0x000000001b2c0000 - 0x000000001b2c4000 	C:\Program Files\Java\jre1.8.0_151\bin\api-ms-win-crt-stdio-l1-1-0.dll
0x000000001b2d0000 - 0x000000001b2d4000 	C:\Program Files\Java\jre1.8.0_151\bin\api-ms-win-crt-string-l1-1-0.dll
0x000000001b2e0000 - 0x000000001b2e3000 	C:\Program Files\Java\jre1.8.0_151\bin\api-ms-win-crt-time-l1-1-0.dll
0x000000001b2f0000 - 0x000000001b2f3000 	C:\Program Files\Java\jre1.8.0_151\bin\api-ms-win-crt-utility-l1-1-0.dll
0x00007fff355e0000 - 0x00007fff356d6000 	C:\Program Files\Java\jre1.8.0_151\bin\ucrtbase.dll
0x00007fff592b0000 - 0x00007fff59301000 	C:\Program Files\Java\jre1.8.0_151\bin\concrt140.dll
0x00007fff37a30000 - 0x00007fff37acc000 	C:\Program Files\Java\jre1.8.0_151\bin\MSVCP140.dll
0x00007fff72930000 - 0x00007fff72946000 	C:\Program Files\Java\jre1.8.0_151\bin\VCRUNTIME140.dll
0x0000000071820000 - 0x0000000071843000 	C:\Program Files\Java\jre1.8.0_151\bin\prism_d3d.dll
0x00007fff3aa80000 - 0x00007fff3ac15000 	C:\WINDOWS\system32\d3d9.dll
0x00007fff72460000 - 0x00007fff7248a000 	C:\WINDOWS\SYSTEM32\dwmapi.dll
0x00007fff722c0000 - 0x00007fff72355000 	C:\WINDOWS\system32\uxtheme.dll
0x00007fff77df0000 - 0x00007fff77eb5000 	C:\WINDOWS\System32\OLEAUT32.dll
0x00007fff76310000 - 0x00007fff76459000 	C:\WINDOWS\System32\ole32.dll
0x00000000717d0000 - 0x0000000071819000 	C:\Program Files\Java\jre1.8.0_151\bin\glass.dll
0x00007fff757f0000 - 0x00007fff758fa000 	C:\WINDOWS\System32\COMDLG32.dll
0x00007fff759a0000 - 0x00007fff75b07000 	C:\WINDOWS\System32\MSCTF.dll
0x00000000717b0000 - 0x00000000717c4000 	C:\Program Files\Java\jre1.8.0_151\bin\javafx_font.dll
0x00007fff5e910000 - 0x00007fff5ec1f000 	C:\WINDOWS\SYSTEM32\dwrite.dll
0x0000000071970000 - 0x0000000071994000 	C:\Program Files\Java\jre1.8.0_151\bin\sunec.dll
0x00000000719c0000 - 0x00000000719da000 	C:\Program Files\Java\jre1.8.0_151\bin\net.dll
0x00007fff73720000 - 0x00007fff73786000 	C:\WINDOWS\system32\mswsock.dll
0x00007fff734b0000 - 0x00007fff734e9000 	C:\WINDOWS\SYSTEM32\IPHLPAPI.DLL
0x00007fff75b10000 - 0x00007fff75b18000 	C:\WINDOWS\System32\NSI.dll
0x00007fff6d1f0000 - 0x00007fff6d206000 	C:\WINDOWS\SYSTEM32\dhcpcsvc6.DLL
0x00007fff6d860000 - 0x00007fff6d87a000 	C:\WINDOWS\SYSTEM32\dhcpcsvc.DLL
0x00000000719a0000 - 0x00000000719b1000 	C:\Program Files\Java\jre1.8.0_151\bin\nio.dll
0x00007fff75900000 - 0x00007fff7599e000 	C:\WINDOWS\System32\clbcatq.dll
0x00007fff6f170000 - 0x00007fff6f31b000 	C:\WINDOWS\SYSTEM32\WindowsCodecs.dll
0x00007fff53930000 - 0x00007fff5397f000 	C:\WINDOWS\system32\dataexchange.dll
0x00007fff71da0000 - 0x00007fff71ee2000 	C:\WINDOWS\system32\dcomp.dll
0x00007fff70d10000 - 0x00007fff70ff1000 	C:\WINDOWS\system32\d3d11.dll
0x00007fff72ce0000 - 0x00007fff72d8f000 	C:\WINDOWS\system32\dxgi.dll
0x00007fff72090000 - 0x00007fff7220b000 	C:\WINDOWS\system32\twinapi.appcore.dll
0x00007fff72210000 - 0x00007fff72230000 	C:\WINDOWS\system32\RMCLIENT.dll
0x00007fff73ca0000 - 0x00007fff73cc5000 	C:\WINDOWS\system32\bcrypt.dll
0x00007fff4f620000 - 0x00007fff4f654000 	C:\Program Files\Common Files\Microsoft Shared\Ink\rtscom.dll
0x00007fff61f50000 - 0x00007fff61fe8000 	C:\WINDOWS\System32\TextInputFramework.dll
0x00007fff63ea0000 - 0x00007fff6418e000 	C:\WINDOWS\System32\CoreUIComponents.dll
0x00007fff71000000 - 0x00007fff710dc000 	C:\WINDOWS\System32\CoreMessaging.dll
0x00007fff6fe40000 - 0x00007fff6ff76000 	C:\WINDOWS\SYSTEM32\wintypes.dll
0x00007fff73000000 - 0x00007fff73031000 	C:\WINDOWS\SYSTEM32\ntmarta.dll
0x0000000071780000 - 0x00000000717a3000 	C:\Program Files\Java\jre1.8.0_151\bin\javafx_iio.dll
0x0000000071760000 - 0x0000000071772000 	C:\Program Files\Java\jre1.8.0_151\bin\prism_common.dll
0x00007fff73f10000 - 0x00007fff73f27000 	C:\WINDOWS\SYSTEM32\CRYPTSP.dll
0x00007fff73330000 - 0x00007fff73363000 	C:\WINDOWS\system32\rsaenh.dll
0x00007fff74170000 - 0x00007fff74199000 	C:\WINDOWS\SYSTEM32\USERENV.dll
0x00007fff738e0000 - 0x00007fff738eb000 	C:\WINDOWS\SYSTEM32\CRYPTBASE.dll
0x0000000071960000 - 0x000000007196b000 	C:\Program Files\Java\jre1.8.0_151\bin\sunmscapi.dll
0x00007fff74350000 - 0x00007fff7451e000 	C:\WINDOWS\System32\CRYPT32.dll
0x00007fff74240000 - 0x00007fff74252000 	C:\WINDOWS\System32\MSASN1.dll
0x00007fff734f0000 - 0x00007fff735a6000 	C:\WINDOWS\SYSTEM32\DNSAPI.dll
0x0000000071ef0000 - 0x0000000071f16000 	C:\Program Files\Bonjour\mdnsNSP.dll
0x00007fff6c3a0000 - 0x00007fff6c3aa000 	C:\Windows\System32\rasadhlp.dll
0x00007fff6cb80000 - 0x00007fff6cbf0000 	C:\WINDOWS\System32\fwpuclnt.dll

VM Arguments:
jvm_args: -Dfile.encoding=UTF-8 
java_command: com.jeeves.vpl.Main
java_class_path (initial): C:\Program Files\Java\jre1.8.0_151\lib\resources.jar;C:\Program Files\Java\jre1.8.0_151\lib\rt.jar;C:\Program Files\Java\jre1.8.0_151\lib\jsse.jar;C:\Program Files\Java\jre1.8.0_151\lib\jce.jar;C:\Program Files\Java\jre1.8.0_151\lib\charsets.jar;C:\Program Files\Java\jre1.8.0_151\lib\jfr.jar;C:\Program Files\Java\jre1.8.0_151\lib\ext\access-bridge-64.jar;C:\Program Files\Java\jre1.8.0_151\lib\ext\cldrdata.jar;C:\Program Files\Java\jre1.8.0_151\lib\ext\dnsns.jar;C:\Program Files\Java\jre1.8.0_151\lib\ext\dns_sd.jar;C:\Program Files\Java\jre1.8.0_151\lib\ext\jaccess.jar;C:\Program Files\Java\jre1.8.0_151\lib\ext\jfxrt.jar;C:\Program Files\Java\jre1.8.0_151\lib\ext\localedata.jar;C:\Program Files\Java\jre1.8.0_151\lib\ext\nashorn.jar;C:\Program Files\Java\jre1.8.0_151\lib\ext\sunec.jar;C:\Program Files\Java\jre1.8.0_151\lib\ext\sunjce_provider.jar;C:\Program Files\Java\jre1.8.0_151\lib\ext\sunmscapi.jar;C:\Program Files\Java\jre1.8.0_151\lib\ext\sunpkcs11.jar;C:\Program Files\Java\jre1.8.0_151\lib\ext\zipfs.jar;C:\Users\Cath\Documents\workspace\Jeeves\target\classes;C:\Users\Cath\Documents\workspace\Jeeves\poi-3.15.jar;C:\Users\Cath\Documents\workspace\Jeeves\commons-lang3-3.5.jar;C:\Users\Cath\Documents\workspace\Jeeves\controlsfx-8.40.12.jar;C:\Users\Cath\.m2\repository\commons-codec\commons-codec\1.9\commons-codec-1.9.jar;C:\Users\Cath\.m2\repository\commons-validator\commons-validator\1.4.1\commons-validator-1.4.1.jar;C:\Users\Cath\.m2\repository\commons-beanutils\commons-beanutils\1.8.3\commons-beanutils-1.8.3.jar;C:\Users\Cath\.m2\repository\commons-digester\commons-digester\1.8.1\commons-digester-1.8.1.jar;C:\Users\Cath\.m2\repository\commons-logging\commons-logging\1.2\commons-logging-1.2.jar;C:\Users\Cath\.m2\repository\commons-collections\commons-collections\3.2.1\commons-collections-3.2.1.jar;C:\Users\Cath\.m2\repository\org\apache\shiro\shiro-core\1.3.2\shiro-core-1.3.2.jar;C:\Users\Cath\.m2\repository\org\slf4j\slf4j-api\1.6.4\
Launcher Type: SUN_STANDARD

Environment Variables:
JAVA_HOME=C:\Program Files\Java\jdk1.8.0_151
PATH=C:/Program Files/Java/jre1.8.0_151/bin/server;C:/Program Files/Java/jre1.8.0_151/bin;C:/Program Files/Java/jre1.8.0_151/lib/amd64;C:\ProgramData\Oracle\Java\javapath;C:\WINDOWS\system32;C:\WINDOWS;C:\WINDOWS\System32\Wbem;C:\WINDOWS\System32\WindowsPowerShell\v1.0\;C:\Program Files\Git\cmd;C:\Program Files\Java\jdk1.8.0_151\bin;C:\Users\Cath\AppData\Local\Microsoft\WindowsApps;C:\MinGW\bin;C:\MinGW\msys\1.0\bin;;C:\Users\Cath\Desktop;
USERNAME=Cath
OS=Windows_NT
PROCESSOR_IDENTIFIER=Intel64 Family 6 Model 69 Stepping 1, GenuineIntel



---------------  S Y S T E M  ---------------

OS: Windows 10.0 , 64 bit Build 16299 (10.0.16299.15)

CPU:total 4 (initial active 4) (2 cores per cpu, 2 threads per core) family 6 model 69 stepping 1, cmov, cx8, fxsr, mmx, sse, sse2, sse3, ssse3, sse4.1, sse4.2, popcnt, avx, avx2, aes, clmul, erms, lzcnt, ht, tsc, tscinvbit, bmi1, bmi2

Memory: 4k page, physical 8317080k(2729416k free), swap 13822104k(5834580k free)

vm_info: Java HotSpot(TM) 64-Bit Server VM (25.151-b12) for windows-amd64 JRE (1.8.0_151-b12), built on Sep  5 2017 19:33:46 by "java_re" with MS VC++ 10.0 (VS2010)

time: Tue Jan 16 13:41:41 2018
elapsed time: 89 seconds (0d 0h 1m 29s)

