#
# A fatal error has been detected by the Java Runtime Environment:
#
#  EXCEPTION_ACCESS_VIOLATION (0xc0000005) at pc=0x000000005ab078b0, pid=13948, tid=0x0000000000001a74
#
# JRE version: Java(TM) SE Runtime Environment (8.0_161-b12) (build 1.8.0_161-b12)
# Java VM: Java HotSpot(TM) 64-Bit Server VM (25.161-b12 mixed mode windows-amd64 compressed oops)
# Problematic frame:
# C  [glass.dll+0x278b0]
#
# Failed to write core dump. Minidumps are not enabled by default on client versions of Windows
#
# If you would like to submit a bug report, please visit:
#   http://bugreport.java.com/bugreport/crash.jsp
#

---------------  T H R E A D  ---------------

Current thread (0x0000000017116800):  VMThread [stack: 0x00000000181c0000,0x00000000182c0000] [id=6772]

siginfo: ExceptionCode=0xc0000005, reading address 0x0000000000000000

Registers:
RAX=0x0000000000000000, RBX=0x00000000193ba088, RCX=0x0000000017116800, RDX=0x000000005b35dc78
RSP=0x00000000182bf3b0, RBP=0x0000000000774098, RSI=0x0000000000774070, RDI=0x000042fe2f7f8c1f
R8 =0x0000000000010002, R9 =0x000000000000001f, R10=0x000042fe2f7f8c1f, R11=0x00000000182bf2c0
R12=0x0000000000000000, R13=0x0000000000000040, R14=0x00000000182bf4c8, R15=0x0000000000774070
RIP=0x000000005ab078b0, EFLAGS=0x0000000000010202

Top of Stack: (sp=0x00000000182bf3b0)
0x00000000182bf3b0:   0000000000000000 00007ffd9d49e52b
0x00000000182bf3c0:   0000000000774080 0000000000774080
0x00000000182bf3d0:   fffffffffffffffe 0000000000774098
0x00000000182bf3e0:   0000000000774078 00007ffd9d497013
0x00000000182bf3f0:   000000005ab1c1b0 00007ffd00000000
0x00000000182bf400:   000002f0212aca23 0000000000000000
0x00000000182bf410:   fffffffffffffffe 00007ffd9d4972ad
0x00000000182bf420:   0000000000000001 000000005aae0000
0x00000000182bf430:   0000000002651638 000000005ab048dc
0x00000000182bf440:   00000000182bf4b8 00007ffd9d49da67
0x00000000182bf450:   0000000000000000 00000000182bf4c8
0x00000000182bf460:   0000000017025400 00007ffd9d57b090
0x00000000182bf470:   0000000000000000 00007ffd9d497204
0x00000000182bf480:   0000000000000000 0000000000000001
0x00000000182bf490:   0000000019af0810 00000000182bf4b8
0x00000000182bf4a0:   0000000000000000 000000005ab04752 

Instructions: (pc=0x000000005ab078b0)
0x000000005ab07890:   40 53 48 83 ec 30 48 c7 44 24 20 fe ff ff ff 48
0x000000005ab078a0:   8b 1d 7a 72 01 00 48 85 db 74 16 e8 00 81 ff ff
0x000000005ab078b0:   4c 8b 00 48 8b d3 48 8b c8 41 ff 90 b0 00 00 00
0x000000005ab078c0:   90 48 83 c4 30 5b c3 cc cc cc cc cc cc cc cc cc 


Register to memory mapping:

RAX=0x0000000000000000 is an unknown value
RBX=0x00000000193ba088 is a global jni handle
RCX=0x0000000017116800 is an unknown value
RDX=0x000000005b35dc78 is an unknown value
RSP=0x00000000182bf3b0 is an unknown value
RBP=0x0000000000774098 is an unknown value
RSI=0x0000000000774070 is an unknown value
RDI=0x000042fe2f7f8c1f is an unknown value
R8 =0x0000000000010002 is an unknown value
R9 =0x000000000000001f is an unknown value
R10=0x000042fe2f7f8c1f is an unknown value
R11=0x00000000182bf2c0 is an unknown value
R12=0x0000000000000000 is an unknown value
R13=0x0000000000000040 is an unknown value
R14=0x00000000182bf4c8 is an unknown value
R15=0x0000000000774070 is an unknown value


Stack: [0x00000000181c0000,0x00000000182c0000],  sp=0x00000000182bf3b0,  free space=1020k
Native frames: (J=compiled Java code, j=interpreted, Vv=VM code, C=native code)
C  [glass.dll+0x278b0]
C  [ucrtbase.dll+0x7013]
C  [ucrtbase.dll+0xda67]
C  [ucrtbase.dll+0x7204]
C  [glass.dll+0x24752]
C  [glass.dll+0x24850]
C  [ntdll.dll+0x34143]
C  [ntdll.dll+0x40af5]
C  [ntdll.dll+0x409b8]
C  [KERNEL32.DLL+0x1b19a]
C  [msvcr100.dll+0x20ccd]
V  [jvm.dll+0x212e95]
V  [jvm.dll+0x24c227]
V  [jvm.dll+0x24b4c6]
V  [jvm.dll+0x24b961]
V  [jvm.dll+0x24bb7e]
V  [jvm.dll+0x29cc4a]
C  [msvcr100.dll+0x21d9f]
C  [msvcr100.dll+0x21e3b]
C  [KERNEL32.DLL+0x13034]
C  [ntdll.dll+0x71551]

VM_Operation (0x0000000019ffa930): Exit, mode: safepoint, requested by thread 0x00000000193ce000


---------------  P R O C E S S  ---------------

Java Threads: ( => current thread )
  0x0000000021391800 JavaThread "Prism Font Disposer" daemon [_thread_blocked, id=11176, stack(0x00000000236a0000,0x00000000237a0000)]
  0x000000001943b800 JavaThread "JavaFX-Launcher" [_thread_blocked, id=5376, stack(0x0000000020d90000,0x0000000020e90000)]
  0x0000000019482800 JavaThread "Thread-2" daemon [_thread_in_native, id=17872, stack(0x0000000020c90000,0x0000000020d90000)]
  0x00000000193ce000 JavaThread "JavaFX Application Thread" [_thread_blocked, id=13916, stack(0x0000000019f00000,0x000000001a000000)]
  0x00000000193c4000 JavaThread "Thread-1" daemon [_thread_blocked, id=19296, stack(0x0000000019e00000,0x0000000019f00000)]
  0x00000000193a8800 JavaThread "QuantumRenderer-0" daemon [_thread_blocked, id=18384, stack(0x0000000019b90000,0x0000000019c90000)]
  0x0000000018b00000 JavaThread "Service Thread" daemon [_thread_blocked, id=7312, stack(0x0000000018eb0000,0x0000000018fb0000)]
  0x000000001715e800 JavaThread "C1 CompilerThread2" daemon [_thread_blocked, id=10360, stack(0x00000000189b0000,0x0000000018ab0000)]
  0x0000000017158800 JavaThread "C2 CompilerThread1" daemon [_thread_blocked, id=15768, stack(0x00000000188b0000,0x00000000189b0000)]
  0x0000000017154800 JavaThread "C2 CompilerThread0" daemon [_thread_blocked, id=2004, stack(0x00000000187b0000,0x00000000188b0000)]
  0x0000000017153800 JavaThread "Attach Listener" daemon [_thread_blocked, id=8348, stack(0x00000000186b0000,0x00000000187b0000)]
  0x0000000017152000 JavaThread "Signal Dispatcher" daemon [_thread_blocked, id=18772, stack(0x00000000185b0000,0x00000000186b0000)]
  0x0000000017140000 JavaThread "Finalizer" daemon [_thread_blocked, id=6148, stack(0x00000000183c0000,0x00000000184c0000)]
  0x00000000025c6000 JavaThread "Reference Handler" daemon [_thread_blocked, id=1124, stack(0x00000000182c0000,0x00000000183c0000)]
  0x00000000024d5800 JavaThread "main" [_thread_blocked, id=2536, stack(0x00000000023a0000,0x00000000024a0000)]

Other Threads:
=>0x0000000017116800 VMThread [stack: 0x00000000181c0000,0x00000000182c0000] [id=6772]

VM state:at safepoint (shutting down)

VM Mutex/Monitor currently owned by a thread:  ([mutex/lock_event])
[0x00000000024d2d50] Threads_lock - owner thread: 0x0000000017116800

Heap:
 PSYoungGen      total 70656K, used 60425K [0x00000000d6000000, 0x00000000dfa00000, 0x0000000100000000)
  eden space 65536K, 92% used [0x00000000d6000000,0x00000000d9b024d8,0x00000000da000000)
  from space 5120K, 0% used [0x00000000da000000,0x00000000da000000,0x00000000da500000)
  to   space 13312K, 0% used [0x00000000ded00000,0x00000000ded00000,0x00000000dfa00000)
 ParOldGen       total 73728K, used 16909K [0x0000000082000000, 0x0000000086800000, 0x00000000d6000000)
  object space 73728K, 22% used [0x0000000082000000,0x0000000083083708,0x0000000086800000)
 Metaspace       used 25791K, capacity 27542K, committed 27696K, reserved 1073152K
  class space    used 3761K, capacity 4083K, committed 4144K, reserved 1048576K

Card table byte_map: [0x0000000011a20000,0x0000000011e20000] byte_map_base: 0x0000000011610000

Marking Bits: (ParMarkBitMap*) 0x000000005b54f860
 Begin Bits: [0x00000000124c0000, 0x0000000014440000)
 End Bits:   [0x0000000014440000, 0x00000000163c0000)

Polling page: 0x0000000000740000

CodeCache: size=245760Kb used=12540Kb max_used=12540Kb free=233219Kb
 bounds [0x0000000002660000, 0x00000000032b0000, 0x0000000011660000]
 total_blobs=4787 nmethods=4060 adapters=638
 compilation: enabled

Compilation events (10 events):
Event: 4.584 Thread 0x000000001715e800 nmethod 4076 0x0000000003260f90 code [0x00000000032610e0, 0x00000000032611d0]
Event: 4.598 Thread 0x000000001715e800 4078       1       javafx.scene.Scene::access$100 (5 bytes)
Event: 4.599 Thread 0x000000001715e800 nmethod 4078 0x00000000032a3650 code [0x00000000032a37a0, 0x00000000032a3890]
Event: 4.614 Thread 0x000000001715e800 4079       3       javafx.animation.Animation::getCycleCount (19 bytes)
Event: 4.615 Thread 0x000000001715e800 nmethod 4079 0x00000000032a3910 code [0x00000000032a3a80, 0x00000000032a3e28]
Event: 4.619 Thread 0x000000001715e800 4080       3       javafx.scene.Node::updateLocalBounds (67 bytes)
Event: 4.619 Thread 0x000000001715e800 nmethod 4080 0x00000000032a3f50 code [0x00000000032a4160, 0x00000000032a4f08]
Event: 4.621 Thread 0x0000000017158800 4081 % !   4       java.util.concurrent.ConcurrentHashMap::transfer @ 99 (832 bytes)
Event: 4.623 Thread 0x000000001715e800 4082       1       java.util.logging.Logger::getName (5 bytes)
Event: 4.623 Thread 0x000000001715e800 nmethod 4082 0x00000000032a5350 code [0x00000000032a54a0, 0x00000000032a55b0]

GC Heap History (10 events):
Event: 1.305 GC heap before
{Heap before GC invocations=2 (full 0):
 PSYoungGen      total 37888K, used 36402K [0x00000000d6000000, 0x00000000d8a00000, 0x0000000100000000)
  eden space 32768K, 100% used [0x00000000d6000000,0x00000000d8000000,0x00000000d8000000)
  from space 5120K, 70% used [0x00000000d8000000,0x00000000d838cbd0,0x00000000d8500000)
  to   space 5120K, 0% used [0x00000000d8500000,0x00000000d8500000,0x00000000d8a00000)
 ParOldGen       total 86016K, used 80K [0x0000000082000000, 0x0000000087400000, 0x00000000d6000000)
  object space 86016K, 0% used [0x0000000082000000,0x0000000082014010,0x0000000087400000)
 Metaspace       used 14647K, capacity 15262K, committed 15488K, reserved 1062912K
  class space    used 2013K, capacity 2161K, committed 2176K, reserved 1048576K
Event: 1.312 GC heap after
Heap after GC invocations=2 (full 0):
 PSYoungGen      total 37888K, used 5097K [0x00000000d6000000, 0x00000000d8a00000, 0x0000000100000000)
  eden space 32768K, 0% used [0x00000000d6000000,0x00000000d6000000,0x00000000d8000000)
  from space 5120K, 99% used [0x00000000d8500000,0x00000000d89fa5c0,0x00000000d8a00000)
  to   space 5120K, 0% used [0x00000000d8000000,0x00000000d8000000,0x00000000d8500000)
 ParOldGen       total 86016K, used 8965K [0x0000000082000000, 0x0000000087400000, 0x00000000d6000000)
  object space 86016K, 10% used [0x0000000082000000,0x00000000828c1708,0x0000000087400000)
 Metaspace       used 14647K, capacity 15262K, committed 15488K, reserved 1062912K
  class space    used 2013K, capacity 2161K, committed 2176K, reserved 1048576K
}
Event: 1.784 GC heap before
{Heap before GC invocations=3 (full 0):
 PSYoungGen      total 37888K, used 37865K [0x00000000d6000000, 0x00000000d8a00000, 0x0000000100000000)
  eden space 32768K, 100% used [0x00000000d6000000,0x00000000d8000000,0x00000000d8000000)
  from space 5120K, 99% used [0x00000000d8500000,0x00000000d89fa5c0,0x00000000d8a00000)
  to   space 5120K, 0% used [0x00000000d8000000,0x00000000d8000000,0x00000000d8500000)
 ParOldGen       total 86016K, used 8965K [0x0000000082000000, 0x0000000087400000, 0x00000000d6000000)
  object space 86016K, 10% used [0x0000000082000000,0x00000000828c1708,0x0000000087400000)
 Metaspace       used 18237K, capacity 18890K, committed 19072K, reserved 1064960K
  class space    used 2486K, capacity 2641K, committed 2688K, reserved 1048576K
Event: 1.790 GC heap after
Heap after GC invocations=3 (full 0):
 PSYoungGen      total 37888K, used 5113K [0x00000000d6000000, 0x00000000daa00000, 0x0000000100000000)
  eden space 32768K, 0% used [0x00000000d6000000,0x00000000d6000000,0x00000000d8000000)
  from space 5120K, 99% used [0x00000000d8000000,0x00000000d84fe590,0x00000000d8500000)
  to   space 5120K, 0% used [0x00000000da500000,0x00000000da500000,0x00000000daa00000)
 ParOldGen       total 86016K, used 12672K [0x0000000082000000, 0x0000000087400000, 0x00000000d6000000)
  object space 86016K, 14% used [0x0000000082000000,0x0000000082c600e0,0x0000000087400000)
 Metaspace       used 18237K, capacity 18890K, committed 19072K, reserved 1064960K
  class space    used 2486K, capacity 2641K, committed 2688K, reserved 1048576K
}
Event: 2.057 GC heap before
{Heap before GC invocations=4 (full 0):
 PSYoungGen      total 37888K, used 37881K [0x00000000d6000000, 0x00000000daa00000, 0x0000000100000000)
  eden space 32768K, 100% used [0x00000000d6000000,0x00000000d8000000,0x00000000d8000000)
  from space 5120K, 99% used [0x00000000d8000000,0x00000000d84fe590,0x00000000d8500000)
  to   space 5120K, 0% used [0x00000000da500000,0x00000000da500000,0x00000000daa00000)
 ParOldGen       total 86016K, used 12672K [0x0000000082000000, 0x0000000087400000, 0x00000000d6000000)
  object space 86016K, 14% used [0x0000000082000000,0x0000000082c600e0,0x0000000087400000)
 Metaspace       used 20110K, capacity 20940K, committed 20992K, reserved 1067008K
  class space    used 2851K, capacity 3056K, committed 3072K, reserved 1048576K
Event: 2.064 GC heap after
Heap after GC invocations=4 (full 0):
 PSYoungGen      total 70656K, used 5113K [0x00000000d6000000, 0x00000000daa00000, 0x0000000100000000)
  eden space 65536K, 0% used [0x00000000d6000000,0x00000000d6000000,0x00000000da000000)
  from space 5120K, 99% used [0x00000000da500000,0x00000000da9fe590,0x00000000daa00000)
  to   space 5120K, 0% used [0x00000000da000000,0x00000000da000000,0x00000000da500000)
 ParOldGen       total 86016K, used 13705K [0x0000000082000000, 0x0000000087400000, 0x00000000d6000000)
  object space 86016K, 15% used [0x0000000082000000,0x0000000082d627d0,0x0000000087400000)
 Metaspace       used 20110K, capacity 20940K, committed 20992K, reserved 1067008K
  class space    used 2851K, capacity 3056K, committed 3072K, reserved 1048576K
}
Event: 2.183 GC heap before
{Heap before GC invocations=5 (full 0):
 PSYoungGen      total 70656K, used 26541K [0x00000000d6000000, 0x00000000daa00000, 0x0000000100000000)
  eden space 65536K, 32% used [0x00000000d6000000,0x00000000d74ecec8,0x00000000da000000)
  from space 5120K, 99% used [0x00000000da500000,0x00000000da9fe590,0x00000000daa00000)
  to   space 5120K, 0% used [0x00000000da000000,0x00000000da000000,0x00000000da500000)
 ParOldGen       total 86016K, used 13705K [0x0000000082000000, 0x0000000087400000, 0x00000000d6000000)
  object space 86016K, 15% used [0x0000000082000000,0x0000000082d627d0,0x0000000087400000)
 Metaspace       used 20382K, capacity 21272K, committed 21296K, reserved 1067008K
  class space    used 2908K, capacity 3106K, committed 3120K, reserved 1048576K
Event: 2.189 GC heap after
Heap after GC invocations=5 (full 0):
 PSYoungGen      total 70656K, used 5113K [0x00000000d6000000, 0x00000000dfa00000, 0x0000000100000000)
  eden space 65536K, 0% used [0x00000000d6000000,0x00000000d6000000,0x00000000da000000)
  from space 5120K, 99% used [0x00000000da000000,0x00000000da4fe590,0x00000000da500000)
  to   space 13312K, 0% used [0x00000000ded00000,0x00000000ded00000,0x00000000dfa00000)
 ParOldGen       total 86016K, used 14186K [0x0000000082000000, 0x0000000087400000, 0x00000000d6000000)
  object space 86016K, 16% used [0x0000000082000000,0x0000000082dda800,0x0000000087400000)
 Metaspace       used 20382K, capacity 21272K, committed 21296K, reserved 1067008K
  class space    used 2908K, capacity 3106K, committed 3120K, reserved 1048576K
}
Event: 2.189 GC heap before
{Heap before GC invocations=6 (full 1):
 PSYoungGen      total 70656K, used 5113K [0x00000000d6000000, 0x00000000dfa00000, 0x0000000100000000)
  eden space 65536K, 0% used [0x00000000d6000000,0x00000000d6000000,0x00000000da000000)
  from space 5120K, 99% used [0x00000000da000000,0x00000000da4fe590,0x00000000da500000)
  to   space 13312K, 0% used [0x00000000ded00000,0x00000000ded00000,0x00000000dfa00000)
 ParOldGen       total 86016K, used 14186K [0x0000000082000000, 0x0000000087400000, 0x00000000d6000000)
  object space 86016K, 16% used [0x0000000082000000,0x0000000082dda800,0x0000000087400000)
 Metaspace       used 20382K, capacity 21272K, committed 21296K, reserved 1067008K
  class space    used 2908K, capacity 3106K, committed 3120K, reserved 1048576K
Event: 2.227 GC heap after
Heap after GC invocations=6 (full 1):
 PSYoungGen      total 70656K, used 0K [0x00000000d6000000, 0x00000000dfa00000, 0x0000000100000000)
  eden space 65536K, 0% used [0x00000000d6000000,0x00000000d6000000,0x00000000da000000)
  from space 5120K, 0% used [0x00000000da000000,0x00000000da000000,0x00000000da500000)
  to   space 13312K, 0% used [0x00000000ded00000,0x00000000ded00000,0x00000000dfa00000)
 ParOldGen       total 73728K, used 16909K [0x0000000082000000, 0x0000000086800000, 0x00000000d6000000)
  object space 73728K, 22% used [0x0000000082000000,0x0000000083083708,0x0000000086800000)
 Metaspace       used 20382K, capacity 21272K, committed 21296K, reserved 1067008K
  class space    used 2908K, capacity 3106K, committed 3120K, reserved 1048576K
}

Deoptimization events (10 events):
Event: 3.199 Thread 0x00000000193a8800 Uncommon trap: reason=unstable_if action=reinterpret pc=0x0000000002cfbaf4 method=java.lang.Class.arrayContentsEq([Ljava/lang/Object;[Ljava/lang/Object;)Z @ 1
Event: 3.462 Thread 0x00000000193a8800 Uncommon trap: reason=bimorphic action=maybe_recompile pc=0x000000000316c85c method=java.util.WeakHashMap.eq(Ljava/lang/Object;Ljava/lang/Object;)Z @ 7
Event: 3.463 Thread 0x00000000193a8800 Uncommon trap: reason=bimorphic action=maybe_recompile pc=0x000000000316c85c method=java.util.WeakHashMap.eq(Ljava/lang/Object;Ljava/lang/Object;)Z @ 7
Event: 3.464 Thread 0x00000000193a8800 Uncommon trap: reason=bimorphic action=maybe_recompile pc=0x000000000316c85c method=java.util.WeakHashMap.eq(Ljava/lang/Object;Ljava/lang/Object;)Z @ 7
Event: 3.464 Thread 0x00000000193a8800 Uncommon trap: reason=bimorphic action=maybe_recompile pc=0x000000000316c85c method=java.util.WeakHashMap.eq(Ljava/lang/Object;Ljava/lang/Object;)Z @ 7
Event: 3.546 Thread 0x00000000193ce000 Uncommon trap: reason=unstable_if action=reinterpret pc=0x00000000031b5650 method=javafx.scene.CssStyleHelper.lookup(Ljavafx/css/Styleable;Ljavafx/css/CssMetaData;Lcom/sun/javafx/css/StyleMap;Ljava/util/Set;Ljavafx/css/Styleable;Lcom/sun/javafx/css/Calcul
Event: 3.568 Thread 0x00000000193ce000 Uncommon trap: reason=unstable_if action=reinterpret pc=0x000000000316d41c method=com.sun.javafx.css.BitSet.retainAll(Ljava/util/Collection;)Z @ 89
Event: 3.570 Thread 0x00000000193ce000 Uncommon trap: reason=unstable_if action=reinterpret pc=0x0000000003178884 method=java.lang.StrictMath.floorOrCeil(DDDD)D @ 24
Event: 3.581 Thread 0x00000000193ce000 Uncommon trap: reason=unstable_if action=reinterpret pc=0x000000000316e064 method=com.sun.javafx.css.BitSet.retainAll(Ljava/util/Collection;)Z @ 89
Event: 3.634 Thread 0x00000000193ce000 Uncommon trap: reason=unstable_if action=reinterpret pc=0x0000000002a9a428 method=jdk.internal.org.objectweb.asm.Type.getArgumentsAndReturnSizes(Ljava/lang/String;)I @ 47

Classes redefined (0 events):
No events

Internal exceptions (10 events):
Event: 1.163 Thread 0x00000000193ce000 Exception <a 'java/io/FileNotFoundException'> (0x00000000d7996ea8) thrown at [C:\re\workspace\8-2-build-windows-amd64-cygwin\jdk8u161\10277\hotspot\src\share\vm\prims\jni.cpp, line 709]
Event: 1.283 Thread 0x00000000193ce000 Exception <a 'java/lang/NoClassDefFoundError': org/slf4j/impl/StaticLoggerBinder> (0x00000000d7e5c928) thrown at [C:\re\workspace\8-2-build-windows-amd64-cygwin\jdk8u161\10277\hotspot\src\share\vm\classfile\systemDictionary.cpp, line 199]
Event: 2.084 Thread 0x00000000193ce000 Implicit null exception at 0x0000000002992035 to 0x000000000299224d
Event: 2.084 Thread 0x00000000193ce000 Implicit null exception at 0x0000000002b8279b to 0x0000000002b82c45
Event: 2.276 Thread 0x00000000193ce000 Exception <a 'java/lang/NullPointerException'> (0x00000000d6782f58) thrown at [C:\re\workspace\8-2-build-windows-amd64-cygwin\jdk8u161\10277\hotspot\src\share\vm\interpreter\linkResolver.cpp, line 1185]
Event: 2.276 Thread 0x00000000193ce000 Exception <a 'java/lang/reflect/InvocationTargetException'> (0x00000000d6783160) thrown at [C:\re\workspace\8-2-build-windows-amd64-cygwin\jdk8u161\10277\hotspot\src\share\vm\runtime\reflection.cpp, line 1092]
Event: 2.880 Thread 0x00000000193ce000 Implicit null exception at 0x000000000302b315 to 0x000000000302de6d
Event: 3.073 Thread 0x00000000193ce000 Implicit null exception at 0x00000000030e7280 to 0x00000000030e99d1
Event: 3.199 Thread 0x00000000193a8800 Implicit null exception at 0x0000000002cfb7a3 to 0x0000000002cfbac1
Event: 4.624 Thread 0x0000000027686800 Exception <a 'java/lang/IllegalStateException'> (0x00000000d99c0d60) thrown at [C:\re\workspace\8-2-build-windows-amd64-cygwin\jdk8u161\10277\hotspot\src\share\vm\prims\jvm.cpp, line 1394]

Events (10 events):
Event: 4.623 loading class java/util/IdentityHashMap$KeyIterator done
Event: 4.623 Thread 0x0000000027686800 Thread added: 0x0000000027686800
Event: 4.623 Thread 0x00000000270ea000 Thread added: 0x00000000270ea000
Event: 4.623 loading class com/sun/javafx/tk/quantum/QuantumRenderer
Event: 4.623 loading class com/sun/javafx/tk/quantum/QuantumRenderer done
Event: 4.623 Thread 0x00000000270ea000 Thread exited: 0x00000000270ea000
Event: 4.623 loading class com/sun/javafx/tk/quantum/QuantumToolkit
Event: 4.623 loading class com/sun/javafx/tk/quantum/QuantumToolkit done
Event: 4.624 Thread 0x0000000027686800 Thread exited: 0x0000000027686800
Event: 4.624 Executing VM operation: Exit


Dynamic libraries:
0x00007ff602410000 - 0x00007ff602447000 	C:\Program Files\Java\jdk1.8.0_161\bin\javaw.exe
0x00007ffda02a0000 - 0x00007ffda0481000 	C:\WINDOWS\SYSTEM32\ntdll.dll
0x00007ffd9f8f0000 - 0x00007ffd9f9a2000 	C:\WINDOWS\System32\KERNEL32.DLL
0x00007ffd9c8b0000 - 0x00007ffd9cb23000 	C:\WINDOWS\System32\KERNELBASE.dll
0x00007ffd9fd10000 - 0x00007ffd9fdb1000 	C:\WINDOWS\System32\ADVAPI32.dll
0x00007ffd9ffe0000 - 0x00007ffda007e000 	C:\WINDOWS\System32\msvcrt.dll
0x00007ffd9ec10000 - 0x00007ffd9ec6b000 	C:\WINDOWS\System32\sechost.dll
0x00007ffda0140000 - 0x00007ffda0264000 	C:\WINDOWS\System32\RPCRT4.dll
0x00007ffd9fb80000 - 0x00007ffd9fd10000 	C:\WINDOWS\System32\USER32.dll
0x00007ffd9d390000 - 0x00007ffd9d3b0000 	C:\WINDOWS\System32\win32u.dll
0x00007ffd9fdc0000 - 0x00007ffd9fde8000 	C:\WINDOWS\System32\GDI32.dll
0x00007ffd9d590000 - 0x00007ffd9d722000 	C:\WINDOWS\System32\gdi32full.dll
0x00007ffd9cb30000 - 0x00007ffd9cbcf000 	C:\WINDOWS\System32\msvcp_win.dll
0x00007ffd9d490000 - 0x00007ffd9d58a000 	C:\WINDOWS\System32\ucrtbase.dll
0x00007ffd92800000 - 0x00007ffd92a69000 	C:\WINDOWS\WinSxS\amd64_microsoft.windows.common-controls_6595b64144ccf1df_6.0.17134.48_none_b4b2216a3cb4dd3e\COMCTL32.dll
0x00007ffd9ec70000 - 0x00007ffd9ef93000 	C:\WINDOWS\System32\combase.dll
0x00007ffd9d3b0000 - 0x00007ffd9d42a000 	C:\WINDOWS\System32\bcryptPrimitives.dll
0x00007ffd9f9b0000 - 0x00007ffd9f9dd000 	C:\WINDOWS\System32\IMM32.DLL
0x000000005ab60000 - 0x000000005ac32000 	C:\Program Files\Java\jdk1.8.0_161\jre\bin\msvcr100.dll
0x000000005ad30000 - 0x000000005b5cf000 	C:\Program Files\Java\jdk1.8.0_161\jre\bin\server\jvm.dll
0x00007ffd9efa0000 - 0x00007ffd9efa8000 	C:\WINDOWS\System32\PSAPI.DLL
0x00007ffd99620000 - 0x00007ffd99643000 	C:\WINDOWS\SYSTEM32\WINMM.dll
0x00007ffd99cb0000 - 0x00007ffd99cba000 	C:\WINDOWS\SYSTEM32\VERSION.dll
0x00007ffd99590000 - 0x00007ffd995ba000 	C:\WINDOWS\SYSTEM32\WINMMBASE.dll
0x00007ffd9c860000 - 0x00007ffd9c8a9000 	C:\WINDOWS\System32\cfgmgr32.dll
0x00007ffd8a250000 - 0x00007ffd8a259000 	C:\WINDOWS\SYSTEM32\WSOCK32.dll
0x00007ffd9ff70000 - 0x00007ffd9ffdc000 	C:\WINDOWS\System32\ws2_32.DLL
0x000000005ad20000 - 0x000000005ad2f000 	C:\Program Files\Java\jdk1.8.0_161\jre\bin\verify.dll
0x000000005acf0000 - 0x000000005ad19000 	C:\Program Files\Java\jdk1.8.0_161\jre\bin\java.dll
0x000000005acd0000 - 0x000000005ace6000 	C:\Program Files\Java\jdk1.8.0_161\jre\bin\zip.dll
0x00007ffd9d7d0000 - 0x00007ffd9ec10000 	C:\WINDOWS\System32\SHELL32.dll
0x00007ffda0080000 - 0x00007ffda0129000 	C:\WINDOWS\System32\shcore.dll
0x00007ffd9cbd0000 - 0x00007ffd9d2dd000 	C:\WINDOWS\System32\windows.storage.dll
0x00007ffd9efb0000 - 0x00007ffd9f001000 	C:\WINDOWS\System32\shlwapi.dll
0x00007ffd9c610000 - 0x00007ffd9c621000 	C:\WINDOWS\System32\kernel.appcore.dll
0x00007ffd9c650000 - 0x00007ffd9c66f000 	C:\WINDOWS\System32\profapi.dll
0x00007ffd9c5c0000 - 0x00007ffd9c60c000 	C:\WINDOWS\System32\powrprof.dll
0x00007ffd9c5b0000 - 0x00007ffd9c5ba000 	C:\WINDOWS\System32\FLTLIB.DLL
0x00000000024a0000 - 0x00000000024a3000 	C:\Program Files\Java\jdk1.8.0_161\jre\bin\api-ms-win-core-console-l1-1-0.dll
0x00000000024b0000 - 0x00000000024b3000 	C:\Program Files\Java\jdk1.8.0_161\jre\bin\api-ms-win-core-datetime-l1-1-0.dll
0x00000000025d0000 - 0x00000000025d3000 	C:\Program Files\Java\jdk1.8.0_161\jre\bin\api-ms-win-core-debug-l1-1-0.dll
0x00000000025e0000 - 0x00000000025e3000 	C:\Program Files\Java\jdk1.8.0_161\jre\bin\api-ms-win-core-errorhandling-l1-1-0.dll
0x00000000025f0000 - 0x00000000025f4000 	C:\Program Files\Java\jdk1.8.0_161\jre\bin\api-ms-win-core-file-l1-1-0.dll
0x0000000002600000 - 0x0000000002603000 	C:\Program Files\Java\jdk1.8.0_161\jre\bin\api-ms-win-core-file-l1-2-0.dll
0x0000000002610000 - 0x0000000002613000 	C:\Program Files\Java\jdk1.8.0_161\jre\bin\api-ms-win-core-file-l2-1-0.dll
0x0000000002620000 - 0x0000000002623000 	C:\Program Files\Java\jdk1.8.0_161\jre\bin\api-ms-win-core-handle-l1-1-0.dll
0x0000000002630000 - 0x0000000002633000 	C:\Program Files\Java\jdk1.8.0_161\jre\bin\api-ms-win-core-heap-l1-1-0.dll
0x0000000002640000 - 0x0000000002643000 	C:\Program Files\Java\jdk1.8.0_161\jre\bin\api-ms-win-core-interlocked-l1-1-0.dll
0x00000000190b0000 - 0x00000000190b3000 	C:\Program Files\Java\jdk1.8.0_161\jre\bin\api-ms-win-core-libraryloader-l1-1-0.dll
0x00000000190c0000 - 0x00000000190c3000 	C:\Program Files\Java\jdk1.8.0_161\jre\bin\api-ms-win-core-localization-l1-2-0.dll
0x00000000190d0000 - 0x00000000190d3000 	C:\Program Files\Java\jdk1.8.0_161\jre\bin\api-ms-win-core-memory-l1-1-0.dll
0x00000000190e0000 - 0x00000000190e3000 	C:\Program Files\Java\jdk1.8.0_161\jre\bin\api-ms-win-core-namedpipe-l1-1-0.dll
0x00000000190f0000 - 0x00000000190f3000 	C:\Program Files\Java\jdk1.8.0_161\jre\bin\api-ms-win-core-processenvironment-l1-1-0.dll
0x0000000019100000 - 0x0000000019103000 	C:\Program Files\Java\jdk1.8.0_161\jre\bin\api-ms-win-core-processthreads-l1-1-0.dll
0x0000000019110000 - 0x0000000019113000 	C:\Program Files\Java\jdk1.8.0_161\jre\bin\api-ms-win-core-processthreads-l1-1-1.dll
0x0000000019120000 - 0x0000000019123000 	C:\Program Files\Java\jdk1.8.0_161\jre\bin\api-ms-win-core-profile-l1-1-0.dll
0x0000000019130000 - 0x0000000019133000 	C:\Program Files\Java\jdk1.8.0_161\jre\bin\api-ms-win-core-rtlsupport-l1-1-0.dll
0x0000000019140000 - 0x0000000019143000 	C:\Program Files\Java\jdk1.8.0_161\jre\bin\api-ms-win-core-string-l1-1-0.dll
0x0000000019150000 - 0x0000000019153000 	C:\Program Files\Java\jdk1.8.0_161\jre\bin\api-ms-win-core-synch-l1-1-0.dll
0x0000000019160000 - 0x0000000019163000 	C:\Program Files\Java\jdk1.8.0_161\jre\bin\api-ms-win-core-synch-l1-2-0.dll
0x0000000019170000 - 0x0000000019173000 	C:\Program Files\Java\jdk1.8.0_161\jre\bin\api-ms-win-core-sysinfo-l1-1-0.dll
0x0000000019180000 - 0x0000000019183000 	C:\Program Files\Java\jdk1.8.0_161\jre\bin\api-ms-win-core-timezone-l1-1-0.dll
0x0000000019190000 - 0x0000000019193000 	C:\Program Files\Java\jdk1.8.0_161\jre\bin\api-ms-win-core-util-l1-1-0.dll
0x00000000191a0000 - 0x00000000191a3000 	C:\Program Files\Java\jdk1.8.0_161\jre\bin\api-ms-win-crt-conio-l1-1-0.dll
0x00000000191b0000 - 0x00000000191b4000 	C:\Program Files\Java\jdk1.8.0_161\jre\bin\api-ms-win-crt-convert-l1-1-0.dll
0x00000000191c0000 - 0x00000000191c3000 	C:\Program Files\Java\jdk1.8.0_161\jre\bin\api-ms-win-crt-environment-l1-1-0.dll
0x00000000191d0000 - 0x00000000191d3000 	C:\Program Files\Java\jdk1.8.0_161\jre\bin\api-ms-win-crt-filesystem-l1-1-0.dll
0x00000000191e0000 - 0x00000000191e3000 	C:\Program Files\Java\jdk1.8.0_161\jre\bin\api-ms-win-crt-heap-l1-1-0.dll
0x00000000191f0000 - 0x00000000191f3000 	C:\Program Files\Java\jdk1.8.0_161\jre\bin\api-ms-win-crt-locale-l1-1-0.dll
0x0000000019200000 - 0x0000000019205000 	C:\Program Files\Java\jdk1.8.0_161\jre\bin\api-ms-win-crt-math-l1-1-0.dll
0x0000000019210000 - 0x0000000019215000 	C:\Program Files\Java\jdk1.8.0_161\jre\bin\api-ms-win-crt-multibyte-l1-1-0.dll
0x0000000019220000 - 0x0000000019230000 	C:\Program Files\Java\jdk1.8.0_161\jre\bin\api-ms-win-crt-private-l1-1-0.dll
0x0000000019230000 - 0x0000000019233000 	C:\Program Files\Java\jdk1.8.0_161\jre\bin\api-ms-win-crt-process-l1-1-0.dll
0x0000000019240000 - 0x0000000019244000 	C:\Program Files\Java\jdk1.8.0_161\jre\bin\api-ms-win-crt-runtime-l1-1-0.dll
0x0000000019250000 - 0x0000000019254000 	C:\Program Files\Java\jdk1.8.0_161\jre\bin\api-ms-win-crt-stdio-l1-1-0.dll
0x0000000019260000 - 0x0000000019264000 	C:\Program Files\Java\jdk1.8.0_161\jre\bin\api-ms-win-crt-string-l1-1-0.dll
0x0000000019270000 - 0x0000000019273000 	C:\Program Files\Java\jdk1.8.0_161\jre\bin\api-ms-win-crt-time-l1-1-0.dll
0x0000000019280000 - 0x0000000019283000 	C:\Program Files\Java\jdk1.8.0_161\jre\bin\api-ms-win-crt-utility-l1-1-0.dll
0x00007ffd6ed30000 - 0x00007ffd6ee26000 	C:\Program Files\Java\jdk1.8.0_161\jre\bin\ucrtbase.dll
0x00007ffd860b0000 - 0x00007ffd86101000 	C:\Program Files\Java\jdk1.8.0_161\jre\bin\concrt140.dll
0x00007ffd99a50000 - 0x00007ffd99afa000 	C:\WINDOWS\SYSTEM32\MSVCP140.dll
0x00007ffd99b00000 - 0x00007ffd99b16000 	C:\WINDOWS\SYSTEM32\VCRUNTIME140.dll
0x00007ffd97e50000 - 0x00007ffd97e66000 	C:\Program Files\Java\jdk1.8.0_161\jre\bin\vcruntime140.dll
0x00007ffd6fec0000 - 0x00007ffd6ff5c000 	C:\Program Files\Java\jdk1.8.0_161\jre\bin\msvcp140.dll
0x000000005ab30000 - 0x000000005ab53000 	C:\Program Files\Java\jdk1.8.0_161\jre\bin\prism_d3d.dll
0x00007ffd463b0000 - 0x00007ffd46547000 	C:\WINDOWS\system32\d3d9.dll
0x00007ffd9a9e0000 - 0x00007ffd9aa09000 	C:\WINDOWS\SYSTEM32\dwmapi.dll
0x00007ffd998d0000 - 0x00007ffd99968000 	C:\WINDOWS\system32\uxtheme.dll
0x00007ffd9f070000 - 0x00007ffd9f1c1000 	C:\WINDOWS\System32\ole32.dll
0x00007ffd9f1d0000 - 0x00007ffd9f292000 	C:\WINDOWS\System32\OLEAUT32.dll
0x000000005aae0000 - 0x000000005ab29000 	C:\Program Files\Java\jdk1.8.0_161\jre\bin\glass.dll
0x00007ffd9fe70000 - 0x00007ffd9ff5d000 	C:\WINDOWS\System32\COMDLG32.dll
0x00007ffd9f9e0000 - 0x00007ffd9fb55000 	C:\WINDOWS\System32\MSCTF.dll
0x000000005aac0000 - 0x000000005aad4000 	C:\Program Files\Java\jdk1.8.0_161\jre\bin\javafx_font.dll
0x00007ffd8b010000 - 0x00007ffd8b32c000 	C:\WINDOWS\SYSTEM32\dwrite.dll
0x000000005ac60000 - 0x000000005ac84000 	C:\Program Files\Java\jdk1.8.0_161\jre\bin\sunec.dll
0x000000005acb0000 - 0x000000005acca000 	C:\Program Files\Java\jdk1.8.0_161\jre\bin\net.dll
0x00007ffd9bad0000 - 0x00007ffd9bb36000 	C:\WINDOWS\system32\mswsock.dll
0x00007ffd9b850000 - 0x00007ffd9b888000 	C:\WINDOWS\SYSTEM32\IPHLPAPI.DLL
0x00007ffda0130000 - 0x00007ffda0138000 	C:\WINDOWS\System32\NSI.dll
0x00007ffd94fc0000 - 0x00007ffd94fd6000 	C:\WINDOWS\SYSTEM32\dhcpcsvc6.DLL
0x00007ffd959b0000 - 0x00007ffd959ca000 	C:\WINDOWS\SYSTEM32\dhcpcsvc.DLL
0x000000005ac90000 - 0x000000005aca1000 	C:\Program Files\Java\jdk1.8.0_161\jre\bin\nio.dll
0x00007ffd9d730000 - 0x00007ffd9d7d0000 	C:\WINDOWS\System32\clbcatq.dll
0x00007ffd964f0000 - 0x00007ffd9669e000 	C:\WINDOWS\SYSTEM32\WindowsCodecs.dll
0x00007ffd614f0000 - 0x00007ffd61548000 	C:\WINDOWS\system32\dataexchange.dll
0x00007ffd98d40000 - 0x00007ffd98edc000 	C:\WINDOWS\system32\dcomp.dll
0x00007ffd98460000 - 0x00007ffd9876b000 	C:\WINDOWS\system32\d3d11.dll
0x00007ffd9afe0000 - 0x00007ffd9b09b000 	C:\WINDOWS\system32\dxgi.dll
0x00007ffd9a820000 - 0x00007ffd9a9d8000 	C:\WINDOWS\system32\twinapi.appcore.dll
0x00007ffd9a770000 - 0x00007ffd9a791000 	C:\WINDOWS\system32\RMCLIENT.dll
0x00007ffd8cf80000 - 0x00007ffd8cfb4000 	C:\Program Files\Common Files\Microsoft Shared\Ink\rtscom.dll
0x00007ffd8ca60000 - 0x00007ffd8caf8000 	C:\WINDOWS\System32\TextInputFramework.dll
0x00007ffd95ef0000 - 0x00007ffd9620e000 	C:\WINDOWS\System32\CoreUIComponents.dll
0x00007ffd99220000 - 0x00007ffd992fa000 	C:\WINDOWS\System32\CoreMessaging.dll
0x00007ffd9b370000 - 0x00007ffd9b3a1000 	C:\WINDOWS\SYSTEM32\ntmarta.dll
0x00007ffd97720000 - 0x00007ffd9786d000 	C:\WINDOWS\SYSTEM32\wintypes.dll
0x000000005aa90000 - 0x000000005aab3000 	C:\Program Files\Java\jdk1.8.0_161\jre\bin\javafx_iio.dll
0x000000005aa70000 - 0x000000005aa82000 	C:\Program Files\Java\jdk1.8.0_161\jre\bin\prism_common.dll
0x00007ffd9c100000 - 0x00007ffd9c2c9000 	C:\WINDOWS\SYSTEM32\dbghelp.dll

VM Arguments:
jvm_args: -Dfile.encoding=UTF-8 
java_command: com.jeeves.vpl.Main
java_class_path (initial): C:\Program Files\Java\jdk1.8.0_161\jre\lib\resources.jar;C:\Program Files\Java\jdk1.8.0_161\jre\lib\rt.jar;C:\Program Files\Java\jdk1.8.0_161\jre\lib\jsse.jar;C:\Program Files\Java\jdk1.8.0_161\jre\lib\jce.jar;C:\Program Files\Java\jdk1.8.0_161\jre\lib\charsets.jar;C:\Program Files\Java\jdk1.8.0_161\jre\lib\jfr.jar;C:\Program Files\Java\jdk1.8.0_161\jre\lib\ext\access-bridge-64.jar;C:\Program Files\Java\jdk1.8.0_161\jre\lib\ext\cldrdata.jar;C:\Program Files\Java\jdk1.8.0_161\jre\lib\ext\dnsns.jar;C:\Program Files\Java\jdk1.8.0_161\jre\lib\ext\jaccess.jar;C:\Program Files\Java\jdk1.8.0_161\jre\lib\ext\jfxrt.jar;C:\Program Files\Java\jdk1.8.0_161\jre\lib\ext\localedata.jar;C:\Program Files\Java\jdk1.8.0_161\jre\lib\ext\nashorn.jar;C:\Program Files\Java\jdk1.8.0_161\jre\lib\ext\sunec.jar;C:\Program Files\Java\jdk1.8.0_161\jre\lib\ext\sunjce_provider.jar;C:\Program Files\Java\jdk1.8.0_161\jre\lib\ext\sunmscapi.jar;C:\Program Files\Java\jdk1.8.0_161\jre\lib\ext\sunpkcs11.jar;C:\Program Files\Java\jdk1.8.0_161\jre\lib\ext\zipfs.jar;C:\Users\danie\eclipse-workspace\Jeeves\target\classes;C:\Users\danie\eclipse-workspace\Jeeves\poi-3.15.jar;C:\Users\danie\eclipse-workspace\Jeeves\commons-lang3-3.5.jar;C:\Users\danie\eclipse-workspace\Jeeves\controlsfx-8.40.12.jar;C:\Users\danie\.m2\repository\commons-codec\commons-codec\1.9\commons-codec-1.9.jar;C:\Users\danie\.m2\repository\commons-validator\commons-validator\1.4.1\commons-validator-1.4.1.jar;C:\Users\danie\.m2\repository\commons-beanutils\commons-beanutils\1.8.3\commons-beanutils-1.8.3.jar;C:\Users\danie\.m2\repository\commons-digester\commons-digester\1.8.1\commons-digester-1.8.1.jar;C:\Users\danie\.m2\repository\commons-logging\commons-logging\1.2\commons-logging-1.2.jar;C:\Users\danie\.m2\repository\commons-collections\commons-collections\3.2.1\commons-collections-3.2.1.jar;C:\Users\danie\.m2\repository\org\apache\shiro\shiro-core\1.3.2\shiro-core-1.3.2.jar;C:\Users\danie\.m2\repository\org\
Launcher Type: SUN_STANDARD

Environment Variables:
JAVA_HOME=c:\program files\java\jdk1.8.0_161
PATH=C:/Program Files/Java/jdk1.8.0_161/bin/../jre/bin/server;C:/Program Files/Java/jdk1.8.0_161/bin/../jre/bin;C:/Program Files/Java/jdk1.8.0_161/bin/../jre/lib/amd64;C:\Program Files (x86)\Common Files\Oracle\Java\javapath;C:\ProgramData\Oracle\Java\javapath;C:\Program Files (x86)\Intel\Intel(R) Management Engine Components\iCLS\;C:\Program Files\Intel\Intel(R) Management Engine Components\iCLS\;C:\Windows\system32;C:\Windows;C:\Windows\System32\Wbem;C:\Windows\System32\WindowsPowerShell\v1.0\;C:\Program Files (x86)\Intel\Intel(R) Management Engine Components\DAL;C:\Program Files\Intel\Intel(R) Management Engine Components\DAL;C:\Program Files (x86)\Intel\Intel(R) Management Engine Components\IPT;C:\Program Files\Intel\Intel(R) Management Engine Components\IPT;C:\Program Files\Intel\WiFi\bin\;C:\Program Files\Common Files\Intel\WirelessCommon\;C:\Program Files (x86)\NVIDIA Corporation\PhysX\Common;C:\Python27;C:\Python27\Scripts;C:\Program Files\Git\cmd;C:\Program Files\Git\mingw64\bin;C:\Program Files\Git\usr\bin;C:\WINDOWS\system32;C:\WINDOWS;C:\WINDOWS\System32\Wbem;C:\WINDOWS\System32\WindowsPowerShell\v1.0\;C:\WINDOWS\System32\OpenSSH\;c:\jruby-9.1.8.0\bin;C:\Ruby24-x64\bin;C:\Users\danie\AppData\Local\Microsoft\WindowsApps;C:\Program Files\Heroku\bin;;C:\Users\danie\OneDrive\Desktop;
USERNAME=danie
OS=Windows_NT
PROCESSOR_IDENTIFIER=Intel64 Family 6 Model 158 Stepping 9, GenuineIntel



---------------  S Y S T E M  ---------------

OS: Windows 10.0 , 64 bit Build 17134 (10.0.17134.1)

CPU:total 4 (initial active 4) (4 cores per cpu, 1 threads per core) family 6 model 158 stepping 9, cmov, cx8, fxsr, mmx, sse, sse2, sse3, ssse3, sse4.1, sse4.2, popcnt, avx, avx2, aes, clmul, erms, 3dnowpref, lzcnt, tsc, tscinvbit, bmi1, bmi2, adx

Memory: 4k page, physical 8250724k(2169940k free), swap 15328612k(4564708k free)

vm_info: Java HotSpot(TM) 64-Bit Server VM (25.161-b12) for windows-amd64 JRE (1.8.0_161-b12), built on Dec 19 2017 17:52:25 by "java_re" with MS VC++ 10.0 (VS2010)

time: Fri Jun 15 00:25:37 2018
elapsed time: 5 seconds (0d 0h 0m 5s)

