#
# A fatal error has been detected by the Java Runtime Environment:
#
#  EXCEPTION_ACCESS_VIOLATION (0xc0000005) at pc=0x000000005ab078b0, pid=17012, tid=0x0000000000003df8
#
# JRE version: Java(TM) SE Runtime Environment (8.0_161-b12) (build 1.8.0_161-b12)
# Java VM: Java HotSpot(TM) 64-Bit Server VM (25.161-b12 mixed mode windows-amd64 compressed oops)
# Problematic frame:
# C  [glass.dll+0x278b0]
#
# Failed to write core dump. Minidumps are not enabled by default on client versions of Windows
#
# If you would like to submit a bug report, please visit:
#   http://bugreport.java.com/bugreport/crash.jsp
#

---------------  T H R E A D  ---------------

Current thread (0x0000000016f97000):  VMThread [stack: 0x0000000018020000,0x0000000018120000] [id=15864]

siginfo: ExceptionCode=0xc0000005, reading address 0x0000000000000000

Registers:
RAX=0x0000000000000000, RBX=0x0000000018b88bd8, RCX=0x0000000016f97000, RDX=0x000000005b35dc78
RSP=0x000000001811f6f0, RBP=0x0000000000564728, RSI=0x0000000000564700, RDI=0x0000895c6ebcdb5b
R8 =0x0000000000010002, R9 =0x000000000000001b, R10=0x0000895c6ebcdb5b, R11=0x000000001811f600
R12=0x0000000000000000, R13=0x0000000000000040, R14=0x000000001811f808, R15=0x0000000000564700
RIP=0x000000005ab078b0, EFLAGS=0x0000000000010206

Top of Stack: (sp=0x000000001811f6f0)
0x000000001811f6f0:   0000000000000000 00007ffd9d49e52b
0x000000001811f700:   0000000000564710 0000000000564710
0x000000001811f710:   fffffffffffffffe 0000000000564728
0x000000001811f720:   0000000000564708 00007ffd9d497013
0x000000001811f730:   000000005ab1c1b0 00007ffd00000000
0x000000001811f740:   00000e712c9101cb 0000000000000000
0x000000001811f750:   fffffffffffffffe 00007ffd9d4972ad
0x000000001811f760:   0000000000000001 000000005aae0000
0x000000001811f770:   0000000002231638 000000005ab048dc
0x000000001811f780:   000000001811f7f8 00007ffd9d49da67
0x000000001811f790:   0000000000000000 000000001811f808
0x000000001811f7a0:   0000000016ea5500 00007ffd9d57b090
0x000000001811f7b0:   0000000000000000 00007ffd9d497204
0x000000001811f7c0:   0000000000000000 0000000000000001
0x000000001811f7d0:   00000000208186f0 000000001811f7f8
0x000000001811f7e0:   0000000000000000 000000005ab04752 

Instructions: (pc=0x000000005ab078b0)
0x000000005ab07890:   40 53 48 83 ec 30 48 c7 44 24 20 fe ff ff ff 48
0x000000005ab078a0:   8b 1d 7a 72 01 00 48 85 db 74 16 e8 00 81 ff ff
0x000000005ab078b0:   4c 8b 00 48 8b d3 48 8b c8 41 ff 90 b0 00 00 00
0x000000005ab078c0:   90 48 83 c4 30 5b c3 cc cc cc cc cc cc cc cc cc 


Register to memory mapping:

RAX=0x0000000000000000 is an unknown value
RBX=0x0000000018b88bd8 is a global jni handle
RCX=0x0000000016f97000 is an unknown value
RDX=0x000000005b35dc78 is an unknown value
RSP=0x000000001811f6f0 is an unknown value
RBP=0x0000000000564728 is an unknown value
RSI=0x0000000000564700 is an unknown value
RDI=0x0000895c6ebcdb5b is an unknown value
R8 =0x0000000000010002 is an unknown value
R9 =0x000000000000001b is an unknown value
R10=0x0000895c6ebcdb5b is an unknown value
R11=0x000000001811f600 is an unknown value
R12=0x0000000000000000 is an unknown value
R13=0x0000000000000040 is an unknown value
R14=0x000000001811f808 is an unknown value
R15=0x0000000000564700 is an unknown value


Stack: [0x0000000018020000,0x0000000018120000],  sp=0x000000001811f6f0,  free space=1021k
Native frames: (J=compiled Java code, j=interpreted, Vv=VM code, C=native code)
C  [glass.dll+0x278b0]
C  [ucrtbase.dll+0x7013]
C  [ucrtbase.dll+0xda67]
C  [ucrtbase.dll+0x7204]
C  [glass.dll+0x24752]
C  [glass.dll+0x24850]
C  [ntdll.dll+0x34143]
C  [ntdll.dll+0x40af5]
C  [ntdll.dll+0x409b8]
C  [KERNEL32.DLL+0x1b19a]
C  [msvcr100.dll+0x20ccd]
V  [jvm.dll+0x212e95]
V  [jvm.dll+0x24c227]
V  [jvm.dll+0x24b4c6]
V  [jvm.dll+0x24b961]
V  [jvm.dll+0x24bb7e]
V  [jvm.dll+0x29cc4a]
C  [msvcr100.dll+0x21d9f]
C  [msvcr100.dll+0x21e3b]
C  [KERNEL32.DLL+0x13034]
C  [ntdll.dll+0x71551]

VM_Operation (0x000000001958a940): Exit, mode: safepoint, requested by thread 0x0000000018bac000


---------------  P R O C E S S  ---------------

Java Threads: ( => current thread )
  0x0000000020fb7800 JavaThread "Prism Font Disposer" daemon [_thread_blocked, id=1896, stack(0x0000000023420000,0x0000000023520000)]
  0x0000000020234000 JavaThread "JavaFX-Launcher" [_thread_blocked, id=9076, stack(0x0000000020b10000,0x0000000020c10000)]
  0x0000000020214800 JavaThread "Thread-2" daemon [_thread_in_native, id=17884, stack(0x0000000020a10000,0x0000000020b10000)]
  0x0000000018bac000 JavaThread "JavaFX Application Thread" [_thread_blocked, id=7648, stack(0x0000000019490000,0x0000000019590000)]
  0x0000000018ba9000 JavaThread "Thread-1" daemon [_thread_blocked, id=12916, stack(0x0000000019390000,0x0000000019490000)]
  0x0000000018b79800 JavaThread "QuantumRenderer-0" daemon [_thread_blocked, id=3144, stack(0x00000000190f0000,0x00000000191f0000)]
  0x000000001883c800 JavaThread "Service Thread" daemon [_thread_blocked, id=3744, stack(0x0000000018d10000,0x0000000018e10000)]
  0x0000000018810800 JavaThread "C1 CompilerThread2" daemon [_thread_blocked, id=11652, stack(0x0000000018c10000,0x0000000018d10000)]
  0x000000001702a000 JavaThread "C2 CompilerThread1" daemon [_thread_blocked, id=9048, stack(0x0000000018710000,0x0000000018810000)]
  0x0000000016fd3800 JavaThread "C2 CompilerThread0" daemon [_thread_blocked, id=18420, stack(0x0000000018610000,0x0000000018710000)]
  0x0000000016fd2800 JavaThread "Attach Listener" daemon [_thread_blocked, id=15948, stack(0x0000000018510000,0x0000000018610000)]
  0x0000000016fd1000 JavaThread "Signal Dispatcher" daemon [_thread_blocked, id=5948, stack(0x0000000018410000,0x0000000018510000)]
  0x0000000016fbf800 JavaThread "Finalizer" daemon [_thread_blocked, id=16156, stack(0x0000000018220000,0x0000000018320000)]
  0x00000000024d6000 JavaThread "Reference Handler" daemon [_thread_blocked, id=15096, stack(0x0000000018120000,0x0000000018220000)]
  0x00000000023e5800 JavaThread "main" [_thread_blocked, id=5004, stack(0x00000000022e0000,0x00000000023e0000)]

Other Threads:
=>0x0000000016f97000 VMThread [stack: 0x0000000018020000,0x0000000018120000] [id=15864]

VM state:at safepoint (shutting down)

VM Mutex/Monitor currently owned by a thread:  ([mutex/lock_event])
[0x00000000023e2b50] Threads_lock - owner thread: 0x0000000016f97000

Heap:
 PSYoungGen      total 37888K, used 11374K [0x00000000d6000000, 0x00000000dab00000, 0x0000000100000000)
  eden space 32768K, 19% used [0x00000000d6000000,0x00000000d66202d0,0x00000000d8000000)
  from space 5120K, 99% used [0x00000000d8000000,0x00000000d84fb8e0,0x00000000d8500000)
  to   space 14336K, 0% used [0x00000000d9d00000,0x00000000d9d00000,0x00000000dab00000)
 ParOldGen       total 76288K, used 21004K [0x0000000082000000, 0x0000000086a80000, 0x00000000d6000000)
  object space 76288K, 27% used [0x0000000082000000,0x00000000834833e0,0x0000000086a80000)
 Metaspace       used 25327K, capacity 26994K, committed 27136K, reserved 1073152K
  class space    used 3682K, capacity 3991K, committed 4096K, reserved 1048576K

Card table byte_map: [0x00000000118a0000,0x0000000011ca0000] byte_map_base: 0x0000000011490000

Marking Bits: (ParMarkBitMap*) 0x000000005b54f860
 Begin Bits: [0x0000000012340000, 0x00000000142c0000)
 End Bits:   [0x00000000142c0000, 0x0000000016240000)

Polling page: 0x00000000001f0000

CodeCache: size=245760Kb used=12233Kb max_used=12233Kb free=233526Kb
 bounds [0x00000000024e0000, 0x00000000030e0000, 0x00000000114e0000]
 total_blobs=4548 nmethods=3821 adapters=638
 compilation: enabled

Compilation events (10 events):
Event: 7.803 Thread 0x0000000018810800 nmethod 3837 0x00000000030d7c10 code [0x00000000030d7d60, 0x00000000030d7f30]
Event: 7.845 Thread 0x0000000018810800 3839       3       javafx.beans.property.SimpleBooleanProperty::<init> (10 bytes)
Event: 7.846 Thread 0x0000000018810800 nmethod 3839 0x00000000030d7fd0 code [0x00000000030d8160, 0x00000000030d8590]
Event: 7.846 Thread 0x0000000018810800 3838       3       javafx.beans.property.ReadOnlyBooleanWrapper::<init> (5 bytes)
Event: 7.847 Thread 0x0000000018810800 nmethod 3838 0x00000000030d87d0 code [0x00000000030d8960, 0x00000000030d8df0]
Event: 7.853 Thread 0x0000000018810800 3840       1       com.sun.javafx.stage.WindowEventDispatcher::getLastDispatcher (5 bytes)
Event: 7.853 Thread 0x0000000018810800 nmethod 3840 0x00000000030d9090 code [0x00000000030d91e0, 0x00000000030d92f0]
Event: 7.862 Thread 0x0000000018810800 3841       1       java.util.logging.Logger::getName (5 bytes)
Event: 7.863 Thread 0x0000000018810800 nmethod 3841 0x00000000030d9350 code [0x00000000030d94a0, 0x00000000030d95b0]
Event: 7.865 Thread 0x0000000018810800 3843       3       jdk.internal.org.objectweb.asm.FieldWriter::put (472 bytes)

GC Heap History (10 events):
Event: 2.033 GC heap before
{Heap before GC invocations=2 (full 0):
 PSYoungGen      total 37888K, used 36384K [0x00000000d6000000, 0x00000000d8a00000, 0x0000000100000000)
  eden space 32768K, 100% used [0x00000000d6000000,0x00000000d8000000,0x00000000d8000000)
  from space 5120K, 70% used [0x00000000d8000000,0x00000000d8388040,0x00000000d8500000)
  to   space 5120K, 0% used [0x00000000d8500000,0x00000000d8500000,0x00000000d8a00000)
 ParOldGen       total 86016K, used 80K [0x0000000082000000, 0x0000000087400000, 0x00000000d6000000)
  object space 86016K, 0% used [0x0000000082000000,0x0000000082014010,0x0000000087400000)
 Metaspace       used 14655K, capacity 15206K, committed 15232K, reserved 1062912K
  class space    used 2015K, capacity 2161K, committed 2176K, reserved 1048576K
Event: 2.040 GC heap after
Heap after GC invocations=2 (full 0):
 PSYoungGen      total 37888K, used 5097K [0x00000000d6000000, 0x00000000d8a00000, 0x0000000100000000)
  eden space 32768K, 0% used [0x00000000d6000000,0x00000000d6000000,0x00000000d8000000)
  from space 5120K, 99% used [0x00000000d8500000,0x00000000d89fa5a0,0x00000000d8a00000)
  to   space 5120K, 0% used [0x00000000d8000000,0x00000000d8000000,0x00000000d8500000)
 ParOldGen       total 86016K, used 8946K [0x0000000082000000, 0x0000000087400000, 0x00000000d6000000)
  object space 86016K, 10% used [0x0000000082000000,0x00000000828bcaa0,0x0000000087400000)
 Metaspace       used 14655K, capacity 15206K, committed 15232K, reserved 1062912K
  class space    used 2015K, capacity 2161K, committed 2176K, reserved 1048576K
}
Event: 2.606 GC heap before
{Heap before GC invocations=3 (full 0):
 PSYoungGen      total 37888K, used 37865K [0x00000000d6000000, 0x00000000d8a00000, 0x0000000100000000)
  eden space 32768K, 100% used [0x00000000d6000000,0x00000000d8000000,0x00000000d8000000)
  from space 5120K, 99% used [0x00000000d8500000,0x00000000d89fa5a0,0x00000000d8a00000)
  to   space 5120K, 0% used [0x00000000d8000000,0x00000000d8000000,0x00000000d8500000)
 ParOldGen       total 86016K, used 8946K [0x0000000082000000, 0x0000000087400000, 0x00000000d6000000)
  object space 86016K, 10% used [0x0000000082000000,0x00000000828bcaa0,0x0000000087400000)
 Metaspace       used 18275K, capacity 18930K, committed 19072K, reserved 1064960K
  class space    used 2488K, capacity 2673K, committed 2688K, reserved 1048576K
Event: 2.613 GC heap after
Heap after GC invocations=3 (full 0):
 PSYoungGen      total 37888K, used 5097K [0x00000000d6000000, 0x00000000d8a00000, 0x0000000100000000)
  eden space 32768K, 0% used [0x00000000d6000000,0x00000000d6000000,0x00000000d8000000)
  from space 5120K, 99% used [0x00000000d8000000,0x00000000d84fa5a0,0x00000000d8500000)
  to   space 5120K, 0% used [0x00000000d8500000,0x00000000d8500000,0x00000000d8a00000)
 ParOldGen       total 86016K, used 12632K [0x0000000082000000, 0x0000000087400000, 0x00000000d6000000)
  object space 86016K, 14% used [0x0000000082000000,0x0000000082c56148,0x0000000087400000)
 Metaspace       used 18275K, capacity 18930K, committed 19072K, reserved 1064960K
  class space    used 2488K, capacity 2673K, committed 2688K, reserved 1048576K
}
Event: 2.947 GC heap before
{Heap before GC invocations=4 (full 0):
 PSYoungGen      total 37888K, used 35147K [0x00000000d6000000, 0x00000000d8a00000, 0x0000000100000000)
  eden space 32768K, 91% used [0x00000000d6000000,0x00000000d7d58828,0x00000000d8000000)
  from space 5120K, 99% used [0x00000000d8000000,0x00000000d84fa5a0,0x00000000d8500000)
  to   space 5120K, 0% used [0x00000000d8500000,0x00000000d8500000,0x00000000d8a00000)
 ParOldGen       total 86016K, used 12632K [0x0000000082000000, 0x0000000087400000, 0x00000000d6000000)
  object space 86016K, 14% used [0x0000000082000000,0x0000000082c56148,0x0000000087400000)
 Metaspace       used 20345K, capacity 21192K, committed 21296K, reserved 1067008K
  class space    used 2893K, capacity 3120K, committed 3200K, reserved 1048576K
Event: 2.953 GC heap after
Heap after GC invocations=4 (full 0):
 PSYoungGen      total 37888K, used 4386K [0x00000000d6000000, 0x00000000daa00000, 0x0000000100000000)
  eden space 32768K, 0% used [0x00000000d6000000,0x00000000d6000000,0x00000000d8000000)
  from space 5120K, 85% used [0x00000000d8500000,0x00000000d8948b10,0x00000000d8a00000)
  to   space 5120K, 0% used [0x00000000d8000000,0x00000000d8000000,0x00000000d8500000)
 ParOldGen       total 86016K, used 14361K [0x0000000082000000, 0x0000000087400000, 0x00000000d6000000)
  object space 86016K, 16% used [0x0000000082000000,0x0000000082e06658,0x0000000087400000)
 Metaspace       used 20345K, capacity 21192K, committed 21296K, reserved 1067008K
  class space    used 2893K, capacity 3120K, committed 3200K, reserved 1048576K
}
Event: 2.953 GC heap before
{Heap before GC invocations=5 (full 1):
 PSYoungGen      total 37888K, used 4386K [0x00000000d6000000, 0x00000000daa00000, 0x0000000100000000)
  eden space 32768K, 0% used [0x00000000d6000000,0x00000000d6000000,0x00000000d8000000)
  from space 5120K, 85% used [0x00000000d8500000,0x00000000d8948b10,0x00000000d8a00000)
  to   space 5120K, 0% used [0x00000000d8000000,0x00000000d8000000,0x00000000d8500000)
 ParOldGen       total 86016K, used 14361K [0x0000000082000000, 0x0000000087400000, 0x00000000d6000000)
  object space 86016K, 16% used [0x0000000082000000,0x0000000082e06658,0x0000000087400000)
 Metaspace       used 20345K, capacity 21192K, committed 21296K, reserved 1067008K
  class space    used 2893K, capacity 3120K, committed 3200K, reserved 1048576K
Event: 2.992 GC heap after
Heap after GC invocations=5 (full 1):
 PSYoungGen      total 37888K, used 0K [0x00000000d6000000, 0x00000000daa00000, 0x0000000100000000)
  eden space 32768K, 0% used [0x00000000d6000000,0x00000000d6000000,0x00000000d8000000)
  from space 5120K, 0% used [0x00000000d8500000,0x00000000d8500000,0x00000000d8a00000)
  to   space 5120K, 0% used [0x00000000d8000000,0x00000000d8000000,0x00000000d8500000)
 ParOldGen       total 76288K, used 16408K [0x0000000082000000, 0x0000000086a80000, 0x00000000d6000000)
  object space 76288K, 21% used [0x0000000082000000,0x0000000083006390,0x0000000086a80000)
 Metaspace       used 20345K, capacity 21192K, committed 21296K, reserved 1067008K
  class space    used 2893K, capacity 3120K, committed 3200K, reserved 1048576K
}
Event: 3.930 GC heap before
{Heap before GC invocations=6 (full 1):
 PSYoungGen      total 37888K, used 32768K [0x00000000d6000000, 0x00000000daa00000, 0x0000000100000000)
  eden space 32768K, 100% used [0x00000000d6000000,0x00000000d8000000,0x00000000d8000000)
  from space 5120K, 0% used [0x00000000d8500000,0x00000000d8500000,0x00000000d8a00000)
  to   space 5120K, 0% used [0x00000000d8000000,0x00000000d8000000,0x00000000d8500000)
 ParOldGen       total 76288K, used 16408K [0x0000000082000000, 0x0000000086a80000, 0x00000000d6000000)
  object space 76288K, 21% used [0x0000000082000000,0x0000000083006390,0x0000000086a80000)
 Metaspace       used 24794K, capacity 26330K, committed 26496K, reserved 1071104K
  class space    used 3638K, capacity 3957K, committed 3968K, reserved 1048576K
Event: 3.941 GC heap after
Heap after GC invocations=6 (full 1):
 PSYoungGen      total 37888K, used 5102K [0x00000000d6000000, 0x00000000dab00000, 0x0000000100000000)
  eden space 32768K, 0% used [0x00000000d6000000,0x00000000d6000000,0x00000000d8000000)
  from space 5120K, 99% used [0x00000000d8000000,0x00000000d84fb8e0,0x00000000d8500000)
  to   space 14336K, 0% used [0x00000000d9d00000,0x00000000d9d00000,0x00000000dab00000)
 ParOldGen       total 76288K, used 21004K [0x0000000082000000, 0x0000000086a80000, 0x00000000d6000000)
  object space 76288K, 27% used [0x0000000082000000,0x00000000834833e0,0x0000000086a80000)
 Metaspace       used 24794K, capacity 26330K, committed 26496K, reserved 1071104K
  class space    used 3638K, capacity 3957K, committed 3968K, reserved 1048576K
}

Deoptimization events (10 events):
Event: 3.724 Thread 0x0000000018b79800 Uncommon trap: reason=bimorphic action=maybe_recompile pc=0x0000000002a5f2a8 method=java.io.BufferedInputStream.read1([BII)I @ 39
Event: 3.724 Thread 0x0000000018b79800 Uncommon trap: reason=unstable_if action=reinterpret pc=0x0000000002a5f0d8 method=java.io.BufferedInputStream.read1([BII)I @ 60
Event: 3.748 Thread 0x0000000018b79800 Uncommon trap: reason=unstable_if action=reinterpret pc=0x0000000002b2aef0 method=java.lang.Class.arrayContentsEq([Ljava/lang/Object;[Ljava/lang/Object;)Z @ 1
Event: 3.971 Thread 0x0000000018bac000 Uncommon trap: reason=unstable_if action=reinterpret pc=0x0000000002ef5d70 method=javafx.scene.CssStyleHelper.canReuseStyleHelper(Ljavafx/scene/Node;Lcom/sun/javafx/css/StyleMap;)Z @ 57
Event: 3.996 Thread 0x0000000018bac000 Uncommon trap: reason=unstable_if action=reinterpret pc=0x0000000002ff2f9c method=com.sun.javafx.css.BitSet.retainAll(Ljava/util/Collection;)Z @ 89
Event: 3.996 Thread 0x0000000018bac000 Uncommon trap: reason=bimorphic action=maybe_recompile pc=0x0000000002f38370 method=com.sun.javafx.css.CompoundSelector.stateMatches(Ljavafx/css/Styleable;Ljava/util/Set;I)Z @ 160
Event: 3.996 Thread 0x0000000018bac000 Uncommon trap: reason=bimorphic action=maybe_recompile pc=0x0000000002f38370 method=com.sun.javafx.css.CompoundSelector.stateMatches(Ljavafx/css/Styleable;Ljava/util/Set;I)Z @ 160
Event: 3.996 Thread 0x0000000018bac000 Uncommon trap: reason=bimorphic action=maybe_recompile pc=0x0000000002f38370 method=com.sun.javafx.css.CompoundSelector.stateMatches(Ljavafx/css/Styleable;Ljava/util/Set;I)Z @ 160
Event: 3.996 Thread 0x0000000018bac000 Uncommon trap: reason=unstable_if action=reinterpret pc=0x0000000002f38628 method=javafx.scene.CssStyleHelper.getStyle(Ljavafx/css/Styleable;Ljava/lang/String;Lcom/sun/javafx/css/StyleMap;Ljava/util/Set;)Lcom/sun/javafx/css/CascadingStyle; @ 1
Event: 4.051 Thread 0x0000000018bac000 Uncommon trap: reason=unstable_if action=reinterpret pc=0x0000000002b8dd68 method=jdk.internal.org.objectweb.asm.Type.getArgumentsAndReturnSizes(Ljava/lang/String;)I @ 47

Classes redefined (0 events):
No events

Internal exceptions (10 events):
Event: 1.880 Thread 0x0000000018bac000 Exception <a 'java/io/FileNotFoundException'> (0x00000000d7998b60) thrown at [C:\re\workspace\8-2-build-windows-amd64-cygwin\jdk8u161\10277\hotspot\src\share\vm\prims\jni.cpp, line 709]
Event: 2.013 Thread 0x0000000018bac000 Exception <a 'java/lang/NoClassDefFoundError': org/slf4j/impl/StaticLoggerBinder> (0x00000000d7e5e990) thrown at [C:\re\workspace\8-2-build-windows-amd64-cygwin\jdk8u161\10277\hotspot\src\share\vm\classfile\systemDictionary.cpp, line 199]
Event: 2.907 Thread 0x0000000018bac000 Exception <a 'java/lang/NullPointerException'> (0x00000000d7c216f8) thrown at [C:\re\workspace\8-2-build-windows-amd64-cygwin\jdk8u161\10277\hotspot\src\share\vm\interpreter\linkResolver.cpp, line 1185]
Event: 2.907 Thread 0x0000000018bac000 Exception <a 'java/lang/reflect/InvocationTargetException'> (0x00000000d7c21900) thrown at [C:\re\workspace\8-2-build-windows-amd64-cygwin\jdk8u161\10277\hotspot\src\share\vm\runtime\reflection.cpp, line 1092]
Event: 3.042 Thread 0x0000000018bac000 Implicit null exception at 0x0000000002834935 to 0x0000000002834b4d
Event: 3.042 Thread 0x0000000018bac000 Implicit null exception at 0x0000000002a1ab3b to 0x0000000002a1b011
Event: 3.483 Thread 0x0000000018bac000 Implicit null exception at 0x0000000002de2d71 to 0x0000000002de4921
Event: 3.748 Thread 0x0000000018b79800 Implicit null exception at 0x0000000002b2aba1 to 0x0000000002b2aebd
Event: 3.996 Thread 0x0000000018bac000 Implicit null exception at 0x0000000002f3553d to 0x0000000002f38611
Event: 7.866 Thread 0x000000002531c800 Exception <a 'java/lang/IllegalStateException'> (0x00000000d65b9298) thrown at [C:\re\workspace\8-2-build-windows-amd64-cygwin\jdk8u161\10277\hotspot\src\share\vm\prims\jvm.cpp, line 1394]

Events (10 events):
Event: 7.861 loading class java/util/IdentityHashMap$KeyIterator done
Event: 7.861 Thread 0x00000000212d8800 Thread added: 0x00000000212d8800
Event: 7.862 Thread 0x000000002531c800 Thread added: 0x000000002531c800
Event: 7.862 loading class com/sun/javafx/tk/quantum/QuantumRenderer
Event: 7.863 Thread 0x00000000212d8800 Thread exited: 0x00000000212d8800
Event: 7.864 loading class com/sun/javafx/tk/quantum/QuantumRenderer done
Event: 7.865 loading class com/sun/javafx/tk/quantum/QuantumToolkit
Event: 7.865 loading class com/sun/javafx/tk/quantum/QuantumToolkit done
Event: 7.866 Thread 0x000000002531c800 Thread exited: 0x000000002531c800
Event: 7.866 Executing VM operation: Exit


Dynamic libraries:
0x00007ff602410000 - 0x00007ff602447000 	C:\Program Files\Java\jdk1.8.0_161\bin\javaw.exe
0x00007ffda02a0000 - 0x00007ffda0481000 	C:\WINDOWS\SYSTEM32\ntdll.dll
0x00007ffd9f8f0000 - 0x00007ffd9f9a2000 	C:\WINDOWS\System32\KERNEL32.DLL
0x00007ffd9c8b0000 - 0x00007ffd9cb23000 	C:\WINDOWS\System32\KERNELBASE.dll
0x00007ffd9fd10000 - 0x00007ffd9fdb1000 	C:\WINDOWS\System32\ADVAPI32.dll
0x00007ffd9ffe0000 - 0x00007ffda007e000 	C:\WINDOWS\System32\msvcrt.dll
0x00007ffd9ec10000 - 0x00007ffd9ec6b000 	C:\WINDOWS\System32\sechost.dll
0x00007ffda0140000 - 0x00007ffda0264000 	C:\WINDOWS\System32\RPCRT4.dll
0x00007ffd9fb80000 - 0x00007ffd9fd10000 	C:\WINDOWS\System32\USER32.dll
0x00007ffd9d390000 - 0x00007ffd9d3b0000 	C:\WINDOWS\System32\win32u.dll
0x00007ffd9fdc0000 - 0x00007ffd9fde8000 	C:\WINDOWS\System32\GDI32.dll
0x00007ffd9d590000 - 0x00007ffd9d722000 	C:\WINDOWS\System32\gdi32full.dll
0x00007ffd9cb30000 - 0x00007ffd9cbcf000 	C:\WINDOWS\System32\msvcp_win.dll
0x00007ffd9d490000 - 0x00007ffd9d58a000 	C:\WINDOWS\System32\ucrtbase.dll
0x00007ffd92800000 - 0x00007ffd92a69000 	C:\WINDOWS\WinSxS\amd64_microsoft.windows.common-controls_6595b64144ccf1df_6.0.17134.48_none_b4b2216a3cb4dd3e\COMCTL32.dll
0x00007ffd9ec70000 - 0x00007ffd9ef93000 	C:\WINDOWS\System32\combase.dll
0x00007ffd9d3b0000 - 0x00007ffd9d42a000 	C:\WINDOWS\System32\bcryptPrimitives.dll
0x00007ffd9f9b0000 - 0x00007ffd9f9dd000 	C:\WINDOWS\System32\IMM32.DLL
0x000000005ab60000 - 0x000000005ac32000 	C:\Program Files\Java\jdk1.8.0_161\jre\bin\msvcr100.dll
0x000000005ad30000 - 0x000000005b5cf000 	C:\Program Files\Java\jdk1.8.0_161\jre\bin\server\jvm.dll
0x00007ffd9efa0000 - 0x00007ffd9efa8000 	C:\WINDOWS\System32\PSAPI.DLL
0x00007ffd8a250000 - 0x00007ffd8a259000 	C:\WINDOWS\SYSTEM32\WSOCK32.dll
0x00007ffd9ff70000 - 0x00007ffd9ffdc000 	C:\WINDOWS\System32\WS2_32.dll
0x00007ffd99cb0000 - 0x00007ffd99cba000 	C:\WINDOWS\SYSTEM32\VERSION.dll
0x00007ffd99620000 - 0x00007ffd99643000 	C:\WINDOWS\SYSTEM32\WINMM.dll
0x00007ffd99590000 - 0x00007ffd995ba000 	C:\WINDOWS\SYSTEM32\winmmbase.dll
0x00007ffd9c860000 - 0x00007ffd9c8a9000 	C:\WINDOWS\System32\cfgmgr32.dll
0x000000005ad20000 - 0x000000005ad2f000 	C:\Program Files\Java\jdk1.8.0_161\jre\bin\verify.dll
0x000000005acf0000 - 0x000000005ad19000 	C:\Program Files\Java\jdk1.8.0_161\jre\bin\java.dll
0x000000005acd0000 - 0x000000005ace6000 	C:\Program Files\Java\jdk1.8.0_161\jre\bin\zip.dll
0x00007ffd9d7d0000 - 0x00007ffd9ec10000 	C:\WINDOWS\System32\SHELL32.dll
0x00007ffda0080000 - 0x00007ffda0129000 	C:\WINDOWS\System32\shcore.dll
0x00007ffd9cbd0000 - 0x00007ffd9d2dd000 	C:\WINDOWS\System32\windows.storage.dll
0x00007ffd9efb0000 - 0x00007ffd9f001000 	C:\WINDOWS\System32\shlwapi.dll
0x00007ffd9c610000 - 0x00007ffd9c621000 	C:\WINDOWS\System32\kernel.appcore.dll
0x00007ffd9c650000 - 0x00007ffd9c66f000 	C:\WINDOWS\System32\profapi.dll
0x00007ffd9c5c0000 - 0x00007ffd9c60c000 	C:\WINDOWS\System32\powrprof.dll
0x00007ffd9c5b0000 - 0x00007ffd9c5ba000 	C:\WINDOWS\System32\FLTLIB.DLL
0x0000000002220000 - 0x0000000002223000 	C:\Program Files\Java\jdk1.8.0_161\jre\bin\api-ms-win-core-console-l1-1-0.dll
0x0000000002240000 - 0x0000000002243000 	C:\Program Files\Java\jdk1.8.0_161\jre\bin\api-ms-win-core-datetime-l1-1-0.dll
0x0000000002250000 - 0x0000000002253000 	C:\Program Files\Java\jdk1.8.0_161\jre\bin\api-ms-win-core-debug-l1-1-0.dll
0x0000000002260000 - 0x0000000002263000 	C:\Program Files\Java\jdk1.8.0_161\jre\bin\api-ms-win-core-errorhandling-l1-1-0.dll
0x0000000002270000 - 0x0000000002274000 	C:\Program Files\Java\jdk1.8.0_161\jre\bin\api-ms-win-core-file-l1-1-0.dll
0x0000000002280000 - 0x0000000002283000 	C:\Program Files\Java\jdk1.8.0_161\jre\bin\api-ms-win-core-file-l1-2-0.dll
0x0000000002290000 - 0x0000000002293000 	C:\Program Files\Java\jdk1.8.0_161\jre\bin\api-ms-win-core-file-l2-1-0.dll
0x00000000022a0000 - 0x00000000022a3000 	C:\Program Files\Java\jdk1.8.0_161\jre\bin\api-ms-win-core-handle-l1-1-0.dll
0x00000000022b0000 - 0x00000000022b3000 	C:\Program Files\Java\jdk1.8.0_161\jre\bin\api-ms-win-core-heap-l1-1-0.dll
0x00000000022c0000 - 0x00000000022c3000 	C:\Program Files\Java\jdk1.8.0_161\jre\bin\api-ms-win-core-interlocked-l1-1-0.dll
0x0000000018f10000 - 0x0000000018f13000 	C:\Program Files\Java\jdk1.8.0_161\jre\bin\api-ms-win-core-libraryloader-l1-1-0.dll
0x0000000018f20000 - 0x0000000018f23000 	C:\Program Files\Java\jdk1.8.0_161\jre\bin\api-ms-win-core-localization-l1-2-0.dll
0x0000000018f30000 - 0x0000000018f33000 	C:\Program Files\Java\jdk1.8.0_161\jre\bin\api-ms-win-core-memory-l1-1-0.dll
0x0000000018f40000 - 0x0000000018f43000 	C:\Program Files\Java\jdk1.8.0_161\jre\bin\api-ms-win-core-namedpipe-l1-1-0.dll
0x0000000018f50000 - 0x0000000018f53000 	C:\Program Files\Java\jdk1.8.0_161\jre\bin\api-ms-win-core-processenvironment-l1-1-0.dll
0x0000000018f60000 - 0x0000000018f63000 	C:\Program Files\Java\jdk1.8.0_161\jre\bin\api-ms-win-core-processthreads-l1-1-0.dll
0x0000000018f70000 - 0x0000000018f73000 	C:\Program Files\Java\jdk1.8.0_161\jre\bin\api-ms-win-core-processthreads-l1-1-1.dll
0x0000000018f80000 - 0x0000000018f83000 	C:\Program Files\Java\jdk1.8.0_161\jre\bin\api-ms-win-core-profile-l1-1-0.dll
0x0000000018f90000 - 0x0000000018f93000 	C:\Program Files\Java\jdk1.8.0_161\jre\bin\api-ms-win-core-rtlsupport-l1-1-0.dll
0x0000000018fa0000 - 0x0000000018fa3000 	C:\Program Files\Java\jdk1.8.0_161\jre\bin\api-ms-win-core-string-l1-1-0.dll
0x0000000018fb0000 - 0x0000000018fb3000 	C:\Program Files\Java\jdk1.8.0_161\jre\bin\api-ms-win-core-synch-l1-1-0.dll
0x0000000018fc0000 - 0x0000000018fc3000 	C:\Program Files\Java\jdk1.8.0_161\jre\bin\api-ms-win-core-synch-l1-2-0.dll
0x0000000018fd0000 - 0x0000000018fd3000 	C:\Program Files\Java\jdk1.8.0_161\jre\bin\api-ms-win-core-sysinfo-l1-1-0.dll
0x0000000018fe0000 - 0x0000000018fe3000 	C:\Program Files\Java\jdk1.8.0_161\jre\bin\api-ms-win-core-timezone-l1-1-0.dll
0x0000000018ff0000 - 0x0000000018ff3000 	C:\Program Files\Java\jdk1.8.0_161\jre\bin\api-ms-win-core-util-l1-1-0.dll
0x0000000019000000 - 0x0000000019003000 	C:\Program Files\Java\jdk1.8.0_161\jre\bin\api-ms-win-crt-conio-l1-1-0.dll
0x0000000019010000 - 0x0000000019014000 	C:\Program Files\Java\jdk1.8.0_161\jre\bin\api-ms-win-crt-convert-l1-1-0.dll
0x0000000019020000 - 0x0000000019023000 	C:\Program Files\Java\jdk1.8.0_161\jre\bin\api-ms-win-crt-environment-l1-1-0.dll
0x0000000019030000 - 0x0000000019033000 	C:\Program Files\Java\jdk1.8.0_161\jre\bin\api-ms-win-crt-filesystem-l1-1-0.dll
0x0000000019040000 - 0x0000000019043000 	C:\Program Files\Java\jdk1.8.0_161\jre\bin\api-ms-win-crt-heap-l1-1-0.dll
0x0000000019050000 - 0x0000000019053000 	C:\Program Files\Java\jdk1.8.0_161\jre\bin\api-ms-win-crt-locale-l1-1-0.dll
0x0000000019060000 - 0x0000000019065000 	C:\Program Files\Java\jdk1.8.0_161\jre\bin\api-ms-win-crt-math-l1-1-0.dll
0x0000000019070000 - 0x0000000019075000 	C:\Program Files\Java\jdk1.8.0_161\jre\bin\api-ms-win-crt-multibyte-l1-1-0.dll
0x0000000019080000 - 0x0000000019090000 	C:\Program Files\Java\jdk1.8.0_161\jre\bin\api-ms-win-crt-private-l1-1-0.dll
0x0000000019090000 - 0x0000000019093000 	C:\Program Files\Java\jdk1.8.0_161\jre\bin\api-ms-win-crt-process-l1-1-0.dll
0x00000000190a0000 - 0x00000000190a4000 	C:\Program Files\Java\jdk1.8.0_161\jre\bin\api-ms-win-crt-runtime-l1-1-0.dll
0x00000000190b0000 - 0x00000000190b4000 	C:\Program Files\Java\jdk1.8.0_161\jre\bin\api-ms-win-crt-stdio-l1-1-0.dll
0x00000000190c0000 - 0x00000000190c4000 	C:\Program Files\Java\jdk1.8.0_161\jre\bin\api-ms-win-crt-string-l1-1-0.dll
0x00000000190d0000 - 0x00000000190d3000 	C:\Program Files\Java\jdk1.8.0_161\jre\bin\api-ms-win-crt-time-l1-1-0.dll
0x00000000190e0000 - 0x00000000190e3000 	C:\Program Files\Java\jdk1.8.0_161\jre\bin\api-ms-win-crt-utility-l1-1-0.dll
0x00007ffd6ed30000 - 0x00007ffd6ee26000 	C:\Program Files\Java\jdk1.8.0_161\jre\bin\ucrtbase.dll
0x00007ffd860b0000 - 0x00007ffd86101000 	C:\Program Files\Java\jdk1.8.0_161\jre\bin\concrt140.dll
0x00007ffd99a50000 - 0x00007ffd99afa000 	C:\WINDOWS\SYSTEM32\MSVCP140.dll
0x00007ffd99b00000 - 0x00007ffd99b16000 	C:\WINDOWS\SYSTEM32\VCRUNTIME140.dll
0x00007ffd97aa0000 - 0x00007ffd97ab6000 	C:\Program Files\Java\jdk1.8.0_161\jre\bin\vcruntime140.dll
0x00007ffd6fec0000 - 0x00007ffd6ff5c000 	C:\Program Files\Java\jdk1.8.0_161\jre\bin\msvcp140.dll
0x000000005ab30000 - 0x000000005ab53000 	C:\Program Files\Java\jdk1.8.0_161\jre\bin\prism_d3d.dll
0x00007ffd463b0000 - 0x00007ffd46547000 	C:\WINDOWS\system32\d3d9.dll
0x00007ffd9a9e0000 - 0x00007ffd9aa09000 	C:\WINDOWS\SYSTEM32\dwmapi.dll
0x00007ffd998d0000 - 0x00007ffd99968000 	C:\WINDOWS\system32\uxtheme.dll
0x00007ffd9f070000 - 0x00007ffd9f1c1000 	C:\WINDOWS\System32\ole32.dll
0x00007ffd9f1d0000 - 0x00007ffd9f292000 	C:\WINDOWS\System32\OLEAUT32.dll
0x000000005aae0000 - 0x000000005ab29000 	C:\Program Files\Java\jdk1.8.0_161\jre\bin\glass.dll
0x00007ffd9fe70000 - 0x00007ffd9ff5d000 	C:\WINDOWS\System32\COMDLG32.dll
0x00007ffd9f9e0000 - 0x00007ffd9fb55000 	C:\WINDOWS\System32\MSCTF.dll
0x000000005aac0000 - 0x000000005aad4000 	C:\Program Files\Java\jdk1.8.0_161\jre\bin\javafx_font.dll
0x00007ffd8b010000 - 0x00007ffd8b32c000 	C:\WINDOWS\SYSTEM32\dwrite.dll
0x000000005ac60000 - 0x000000005ac84000 	C:\Program Files\Java\jdk1.8.0_161\jre\bin\sunec.dll
0x000000005acb0000 - 0x000000005acca000 	C:\Program Files\Java\jdk1.8.0_161\jre\bin\net.dll
0x00007ffd9bad0000 - 0x00007ffd9bb36000 	C:\WINDOWS\system32\mswsock.dll
0x00007ffd9b850000 - 0x00007ffd9b888000 	C:\WINDOWS\SYSTEM32\IPHLPAPI.DLL
0x00007ffda0130000 - 0x00007ffda0138000 	C:\WINDOWS\System32\NSI.dll
0x00007ffd94fc0000 - 0x00007ffd94fd6000 	C:\WINDOWS\SYSTEM32\dhcpcsvc6.DLL
0x00007ffd959b0000 - 0x00007ffd959ca000 	C:\WINDOWS\SYSTEM32\dhcpcsvc.DLL
0x000000005ac90000 - 0x000000005aca1000 	C:\Program Files\Java\jdk1.8.0_161\jre\bin\nio.dll
0x00007ffd9d730000 - 0x00007ffd9d7d0000 	C:\WINDOWS\System32\clbcatq.dll
0x00007ffd964f0000 - 0x00007ffd9669e000 	C:\WINDOWS\SYSTEM32\WindowsCodecs.dll
0x00007ffd614f0000 - 0x00007ffd61548000 	C:\WINDOWS\system32\dataexchange.dll
0x00007ffd98d40000 - 0x00007ffd98edc000 	C:\WINDOWS\system32\dcomp.dll
0x00007ffd98460000 - 0x00007ffd9876b000 	C:\WINDOWS\system32\d3d11.dll
0x00007ffd9afe0000 - 0x00007ffd9b09b000 	C:\WINDOWS\system32\dxgi.dll
0x00007ffd9a820000 - 0x00007ffd9a9d8000 	C:\WINDOWS\system32\twinapi.appcore.dll
0x00007ffd9a770000 - 0x00007ffd9a791000 	C:\WINDOWS\system32\RMCLIENT.dll
0x00007ffd8cf80000 - 0x00007ffd8cfb4000 	C:\Program Files\Common Files\Microsoft Shared\Ink\rtscom.dll
0x00007ffd8ca60000 - 0x00007ffd8caf8000 	C:\WINDOWS\System32\TextInputFramework.dll
0x00007ffd95ef0000 - 0x00007ffd9620e000 	C:\WINDOWS\System32\CoreUIComponents.dll
0x00007ffd99220000 - 0x00007ffd992fa000 	C:\WINDOWS\System32\CoreMessaging.dll
0x00007ffd9b370000 - 0x00007ffd9b3a1000 	C:\WINDOWS\SYSTEM32\ntmarta.dll
0x00007ffd97720000 - 0x00007ffd9786d000 	C:\WINDOWS\SYSTEM32\wintypes.dll
0x000000005aa90000 - 0x000000005aab3000 	C:\Program Files\Java\jdk1.8.0_161\jre\bin\javafx_iio.dll
0x000000005aa70000 - 0x000000005aa82000 	C:\Program Files\Java\jdk1.8.0_161\jre\bin\prism_common.dll
0x00007ffd9c100000 - 0x00007ffd9c2c9000 	C:\WINDOWS\SYSTEM32\dbghelp.dll

VM Arguments:
jvm_args: -Dfile.encoding=UTF-8 
java_command: com.jeeves.vpl.Main
java_class_path (initial): C:\Program Files\Java\jdk1.8.0_161\jre\lib\resources.jar;C:\Program Files\Java\jdk1.8.0_161\jre\lib\rt.jar;C:\Program Files\Java\jdk1.8.0_161\jre\lib\jsse.jar;C:\Program Files\Java\jdk1.8.0_161\jre\lib\jce.jar;C:\Program Files\Java\jdk1.8.0_161\jre\lib\charsets.jar;C:\Program Files\Java\jdk1.8.0_161\jre\lib\jfr.jar;C:\Program Files\Java\jdk1.8.0_161\jre\lib\ext\access-bridge-64.jar;C:\Program Files\Java\jdk1.8.0_161\jre\lib\ext\cldrdata.jar;C:\Program Files\Java\jdk1.8.0_161\jre\lib\ext\dnsns.jar;C:\Program Files\Java\jdk1.8.0_161\jre\lib\ext\jaccess.jar;C:\Program Files\Java\jdk1.8.0_161\jre\lib\ext\jfxrt.jar;C:\Program Files\Java\jdk1.8.0_161\jre\lib\ext\localedata.jar;C:\Program Files\Java\jdk1.8.0_161\jre\lib\ext\nashorn.jar;C:\Program Files\Java\jdk1.8.0_161\jre\lib\ext\sunec.jar;C:\Program Files\Java\jdk1.8.0_161\jre\lib\ext\sunjce_provider.jar;C:\Program Files\Java\jdk1.8.0_161\jre\lib\ext\sunmscapi.jar;C:\Program Files\Java\jdk1.8.0_161\jre\lib\ext\sunpkcs11.jar;C:\Program Files\Java\jdk1.8.0_161\jre\lib\ext\zipfs.jar;C:\Users\danie\eclipse-workspace\Jeeves\target\classes;C:\Users\danie\eclipse-workspace\Jeeves\poi-3.15.jar;C:\Users\danie\eclipse-workspace\Jeeves\commons-lang3-3.5.jar;C:\Users\danie\eclipse-workspace\Jeeves\controlsfx-8.40.12.jar;C:\Users\danie\.m2\repository\commons-codec\commons-codec\1.9\commons-codec-1.9.jar;C:\Users\danie\.m2\repository\commons-validator\commons-validator\1.4.1\commons-validator-1.4.1.jar;C:\Users\danie\.m2\repository\commons-beanutils\commons-beanutils\1.8.3\commons-beanutils-1.8.3.jar;C:\Users\danie\.m2\repository\commons-digester\commons-digester\1.8.1\commons-digester-1.8.1.jar;C:\Users\danie\.m2\repository\commons-logging\commons-logging\1.2\commons-logging-1.2.jar;C:\Users\danie\.m2\repository\commons-collections\commons-collections\3.2.1\commons-collections-3.2.1.jar;C:\Users\danie\.m2\repository\org\apache\shiro\shiro-core\1.3.2\shiro-core-1.3.2.jar;C:\Users\danie\.m2\repository\org\
Launcher Type: SUN_STANDARD

Environment Variables:
JAVA_HOME=c:\program files\java\jdk1.8.0_161
PATH=C:/Program Files/Java/jdk1.8.0_161/bin/../jre/bin/server;C:/Program Files/Java/jdk1.8.0_161/bin/../jre/bin;C:/Program Files/Java/jdk1.8.0_161/bin/../jre/lib/amd64;C:\Program Files (x86)\Common Files\Oracle\Java\javapath;C:\ProgramData\Oracle\Java\javapath;C:\Program Files (x86)\Intel\Intel(R) Management Engine Components\iCLS\;C:\Program Files\Intel\Intel(R) Management Engine Components\iCLS\;C:\Windows\system32;C:\Windows;C:\Windows\System32\Wbem;C:\Windows\System32\WindowsPowerShell\v1.0\;C:\Program Files (x86)\Intel\Intel(R) Management Engine Components\DAL;C:\Program Files\Intel\Intel(R) Management Engine Components\DAL;C:\Program Files (x86)\Intel\Intel(R) Management Engine Components\IPT;C:\Program Files\Intel\Intel(R) Management Engine Components\IPT;C:\Program Files\Intel\WiFi\bin\;C:\Program Files\Common Files\Intel\WirelessCommon\;C:\Program Files (x86)\NVIDIA Corporation\PhysX\Common;C:\Python27;C:\Python27\Scripts;C:\Program Files\Git\cmd;C:\Program Files\Git\mingw64\bin;C:\Program Files\Git\usr\bin;C:\WINDOWS\system32;C:\WINDOWS;C:\WINDOWS\System32\Wbem;C:\WINDOWS\System32\WindowsPowerShell\v1.0\;C:\WINDOWS\System32\OpenSSH\;c:\jruby-9.1.8.0\bin;C:\Ruby24-x64\bin;C:\Users\danie\AppData\Local\Microsoft\WindowsApps;C:\Program Files\Heroku\bin;;C:\Users\danie\OneDrive\Desktop;
USERNAME=danie
OS=Windows_NT
PROCESSOR_IDENTIFIER=Intel64 Family 6 Model 158 Stepping 9, GenuineIntel



---------------  S Y S T E M  ---------------

OS: Windows 10.0 , 64 bit Build 17134 (10.0.17134.1)

CPU:total 4 (initial active 4) (4 cores per cpu, 1 threads per core) family 6 model 158 stepping 9, cmov, cx8, fxsr, mmx, sse, sse2, sse3, ssse3, sse4.1, sse4.2, popcnt, avx, avx2, aes, clmul, erms, 3dnowpref, lzcnt, tsc, tscinvbit, bmi1, bmi2, adx

Memory: 4k page, physical 8250724k(2139048k free), swap 15328612k(4620652k free)

vm_info: Java HotSpot(TM) 64-Bit Server VM (25.161-b12) for windows-amd64 JRE (1.8.0_161-b12), built on Dec 19 2017 17:52:25 by "java_re" with MS VC++ 10.0 (VS2010)

time: Fri Jun 15 00:19:11 2018
elapsed time: 8 seconds (0d 0h 0m 8s)

