#
# A fatal error has been detected by the Java Runtime Environment:
#
#  EXCEPTION_ACCESS_VIOLATION (0xc0000005) at pc=0x0000000060f978b0, pid=8308, tid=0x0000000000003080
#
# JRE version: Java(TM) SE Runtime Environment (8.0_151-b12) (build 1.8.0_151-b12)
# Java VM: Java HotSpot(TM) 64-Bit Server VM (25.151-b12 mixed mode windows-amd64 compressed oops)
# Problematic frame:
# C  [glass.dll+0x278b0]
#
# Failed to write core dump. Minidumps are not enabled by default on client versions of Windows
#
# If you would like to submit a bug report, please visit:
#   http://bugreport.java.com/bugreport/crash.jsp
#

---------------  T H R E A D  ---------------

Current thread (0x00000000192a7800):  VMThread [stack: 0x000000001a340000,0x000000001a440000] [id=12416]

siginfo: ExceptionCode=0xc0000005, reading address 0x0000000000000000

Registers:
RAX=0x0000000000000000, RBX=0x000000001b46ba28, RCX=0x00000000192a7800, RDX=0x00000000617ec658
RSP=0x000000001a43f310, RBP=0x00000000027f4508, RSI=0x00000000027f44e0, RDI=0x000037c42703f3a1
R8 =0x0000000000010002, R9 =0x0000000000000021, R10=0x000037c42703f3a1, R11=0x000000001a43f210
R12=0x0000000000000000, R13=0x0000000000000040, R14=0x000000001a43f428, R15=0x00000000027f44e0
RIP=0x0000000060f978b0, EFLAGS=0x0000000000010202

Top of Stack: (sp=0x000000001a43f310)
0x000000001a43f310:   0000000000000000 00007ffe6ce0d00b
0x000000001a43f320:   00000000027f44f0 00000000027f44f0
0x000000001a43f330:   fffffffffffffffe 00000000027f4508
0x000000001a43f340:   00000000027f44e8 00007ffe6ce185f3
0x000000001a43f350:   0000000060fac1b0 00007ffe00000000
0x000000001a43f360:   0000000000000000 0000000000000000
0x000000001a43f370:   fffffffffffffffe 0000000000000000
0x000000001a43f380:   0000000000000001 0000000060f70000
0x000000001a43f390:   00000000045f1638 0000000060f948dc
0x000000001a43f3a0:   000000001a43f418 00007ffe6ce0d157
0x000000001a43f3b0:   0000000000000000 000000001a43f428
0x000000001a43f3c0:   00000000046f56f0 00007ffe6cee70e0
0x000000001a43f3d0:   0000000000000000 00007ffe6ce116ee
0x000000001a43f3e0:   0000000000000000 0000000000000001
0x000000001a43f3f0:   0000000000000001 000000001a43f418
0x000000001a43f400:   0000000000000000 0000000060f94752 

Instructions: (pc=0x0000000060f978b0)
0x0000000060f97890:   40 53 48 83 ec 30 48 c7 44 24 20 fe ff ff ff 48
0x0000000060f978a0:   8b 1d 7a 72 01 00 48 85 db 74 16 e8 00 81 ff ff
0x0000000060f978b0:   4c 8b 00 48 8b d3 48 8b c8 41 ff 90 b0 00 00 00
0x0000000060f978c0:   90 48 83 c4 30 5b c3 cc cc cc cc cc cc cc cc cc 


Register to memory mapping:

RAX=0x0000000000000000 is an unknown value
RBX=0x000000001b46ba28 is a global jni handle
RCX=0x00000000192a7800 is an unknown value
RDX=0x00000000617ec658 is an unknown value
RSP=0x000000001a43f310 is an unknown value
RBP=0x00000000027f4508 is an unknown value
RSI=0x00000000027f44e0 is an unknown value
RDI=0x000037c42703f3a1 is an unknown value
R8 =0x0000000000010002 is an unknown value
R9 =0x0000000000000021 is an unknown value
R10=0x000037c42703f3a1 is an unknown value
R11=0x000000001a43f210 is an unknown value
R12=0x0000000000000000 is an unknown value
R13=0x0000000000000040 is an unknown value
R14=0x000000001a43f428 is an unknown value
R15=0x00000000027f44e0 is an unknown value


Stack: [0x000000001a340000,0x000000001a440000],  sp=0x000000001a43f310,  free space=1020k
Native frames: (J=compiled Java code, j=interpreted, Vv=VM code, C=native code)
C  [glass.dll+0x278b0]
C  [ucrtbase.dll+0x185f3]
C  [ucrtbase.dll+0xd157]
C  [ucrtbase.dll+0x116ee]
C  [glass.dll+0x24752]
C  [glass.dll+0x24850]
C  [ntdll.dll+0x11493]
C  [ntdll.dll+0x406b5]
C  [ntdll.dll+0x40574]
C  [KERNEL32.DLL+0xf06a]
C  [msvcr100.dll+0x20ccd]
V  [jvm.dll+0x212a95]
V  [jvm.dll+0x24b9a7]
V  [jvm.dll+0x24ac46]
V  [jvm.dll+0x24b0e1]
V  [jvm.dll+0x24b2fe]
V  [jvm.dll+0x29c3ea]
C  [msvcr100.dll+0x21d9f]
C  [msvcr100.dll+0x21e3b]
C  [KERNEL32.DLL+0x11fe4]
C  [ntdll.dll+0x6efb1]

VM_Operation (0x000000001bfcabc0): Exit, mode: safepoint, requested by thread 0x000000001afba800


---------------  P R O C E S S  ---------------

Java Threads: ( => current thread )
  0x000000001afbd800 JavaThread "Prism Font Disposer" daemon [_thread_blocked, id=1416, stack(0x00000000233a0000,0x00000000234a0000)]
  0x000000001afbc000 JavaThread "JavaFX-Launcher" [_thread_blocked, id=14632, stack(0x0000000020690000,0x0000000020790000)]
  0x000000001afbb000 JavaThread "Thread-2" daemon [_thread_in_native, id=12632, stack(0x0000000020590000,0x0000000020690000)]
  0x000000001afba800 JavaThread "JavaFX Application Thread" [_thread_blocked, id=1240, stack(0x000000001bed0000,0x000000001bfd0000)]
  0x000000001afb9800 JavaThread "Thread-1" daemon [_thread_blocked, id=5260, stack(0x000000001bdd0000,0x000000001bed0000)]
  0x000000001afbf000 JavaThread "QuantumRenderer-0" daemon [_thread_blocked, id=9620, stack(0x000000001bbc0000,0x000000001bcc0000)]
  0x000000001ac6b800 JavaThread "Service Thread" daemon [_thread_blocked, id=12540, stack(0x000000001b030000,0x000000001b130000)]
  0x00000000192ed000 JavaThread "C1 CompilerThread2" daemon [_thread_blocked, id=3508, stack(0x000000001ab30000,0x000000001ac30000)]
  0x00000000192e5000 JavaThread "C2 CompilerThread1" daemon [_thread_blocked, id=15116, stack(0x000000001aa30000,0x000000001ab30000)]
  0x00000000192e2800 JavaThread "C2 CompilerThread0" daemon [_thread_blocked, id=15700, stack(0x000000001a930000,0x000000001aa30000)]
  0x00000000192e1800 JavaThread "Attach Listener" daemon [_thread_blocked, id=12752, stack(0x000000001a830000,0x000000001a930000)]
  0x00000000192e0000 JavaThread "Signal Dispatcher" daemon [_thread_blocked, id=3124, stack(0x000000001a730000,0x000000001a830000)]
  0x00000000192cf800 JavaThread "Finalizer" daemon [_thread_blocked, id=9984, stack(0x000000001a540000,0x000000001a640000)]
  0x00000000192a9000 JavaThread "Reference Handler" daemon [_thread_blocked, id=12252, stack(0x000000001a440000,0x000000001a540000)]
  0x0000000004654000 JavaThread "main" [_thread_blocked, id=12956, stack(0x0000000004480000,0x0000000004580000)]

Other Threads:
=>0x00000000192a7800 VMThread [stack: 0x000000001a340000,0x000000001a440000] [id=12416]

VM state:at safepoint (shutting down)

VM Mutex/Monitor currently owned by a thread:  ([mutex/lock_event])
[0x0000000004651750] Threads_lock - owner thread: 0x00000000192a7800

Heap:
 PSYoungGen      total 60928K, used 28402K [0x00000000d5b00000, 0x00000000dba80000, 0x0000000100000000)
  eden space 48128K, 32% used [0x00000000d5b00000,0x00000000d6a40d78,0x00000000d8a00000)
  from space 12800K, 99% used [0x00000000d8a00000,0x00000000d967bab0,0x00000000d9680000)
  to   space 16384K, 0% used [0x00000000daa80000,0x00000000daa80000,0x00000000dba80000)
 ParOldGen       total 78336K, used 21531K [0x0000000081000000, 0x0000000085c80000, 0x00000000d5b00000)
  object space 78336K, 27% used [0x0000000081000000,0x0000000082506fa8,0x0000000085c80000)
 Metaspace       used 27141K, capacity 29118K, committed 29440K, reserved 1075200K
  class space    used 3983K, capacity 4319K, committed 4352K, reserved 1048576K

Card table byte_map: [0x0000000013b10000,0x0000000013f10000] byte_map_base: 0x0000000013708000

Marking Bits: (ParMarkBitMap*) 0x00000000619dd850
 Begin Bits: [0x00000000145c0000, 0x0000000016580000)
 End Bits:   [0x0000000016580000, 0x0000000018540000)

Polling page: 0x0000000002750000

CodeCache: size=245760Kb used=12810Kb max_used=12816Kb free=232950Kb
 bounds [0x0000000004750000, 0x00000000053e0000, 0x0000000013750000]
 total_blobs=5017 nmethods=4283 adapters=644
 compilation: enabled

Compilation events (10 events):
Event: 10.637 Thread 0x00000000192ed000 4681       3       com.sun.glass.ui.View::getMultiClickMaxX (10 bytes)
Event: 10.637 Thread 0x00000000192ed000 nmethod 4681 0x00000000053de350 code [0x00000000053de4c0, 0x00000000053de758]
Event: 10.637 Thread 0x00000000192ed000 4682       3       com.sun.glass.ui.win.WinApplication::staticView_getMultiClickMaxX (4 bytes)
Event: 10.637 Thread 0x00000000192ed000 nmethod 4682 0x00000000053ddf90 code [0x00000000053de0e0, 0x00000000053de290]
Event: 10.637 Thread 0x00000000192ed000 4683       3       com.sun.glass.ui.win.WinView::getMultiClickMaxX_impl (4 bytes)
Event: 10.638 Thread 0x00000000192ed000 nmethod 4683 0x00000000053ddc90 code [0x00000000053ddde0, 0x00000000053ddf10]
Event: 10.638 Thread 0x00000000192ed000 4684       3       javafx.scene.Scene$ClickCounter::access$6900 (7 bytes)
Event: 10.638 Thread 0x00000000192ed000 nmethod 4684 0x00000000053dd8d0 code [0x00000000053dda40, 0x00000000053ddba8]
Event: 10.638 Thread 0x00000000192ed000 4685       1       javafx.scene.input.MouseEvent::getPickResult (5 bytes)
Event: 10.639 Thread 0x00000000192ed000 nmethod 4685 0x00000000053dd610 code [0x00000000053dd760, 0x00000000053dd870]

GC Heap History (10 events):
Event: 3.427 GC heap before
{Heap before GC invocations=6 (full 1):
 PSYoungGen      total 37888K, used 5088K [0x00000000d5b00000, 0x00000000d9500000, 0x0000000100000000)
  eden space 32768K, 0% used [0x00000000d5b00000,0x00000000d5b00000,0x00000000d7b00000)
  from space 5120K, 99% used [0x00000000d7b80000,0x00000000d80781d0,0x00000000d8080000)
  to   space 13312K, 0% used [0x00000000d8800000,0x00000000d8800000,0x00000000d9500000)
 ParOldGen       total 87552K, used 14190K [0x0000000081000000, 0x0000000086580000, 0x00000000d5b00000)
  object space 87552K, 16% used [0x0000000081000000,0x0000000081ddba40,0x0000000086580000)
 Metaspace       used 20360K, capacity 21242K, committed 21296K, reserved 1067008K
  class space    used 2974K, capacity 3173K, committed 3200K, reserved 1048576K
Event: 3.470 GC heap after
Heap after GC invocations=6 (full 1):
 PSYoungGen      total 37888K, used 0K [0x00000000d5b00000, 0x00000000d9500000, 0x0000000100000000)
  eden space 32768K, 0% used [0x00000000d5b00000,0x00000000d5b00000,0x00000000d7b00000)
  from space 5120K, 0% used [0x00000000d7b80000,0x00000000d7b80000,0x00000000d8080000)
  to   space 13312K, 0% used [0x00000000d8800000,0x00000000d8800000,0x00000000d9500000)
 ParOldGen       total 78336K, used 16875K [0x0000000081000000, 0x0000000085c80000, 0x00000000d5b00000)
  object space 78336K, 21% used [0x0000000081000000,0x000000008207afa8,0x0000000085c80000)
 Metaspace       used 20360K, capacity 21242K, committed 21296K, reserved 1067008K
  class space    used 2974K, capacity 3173K, committed 3200K, reserved 1048576K
}
Event: 4.200 GC heap before
{Heap before GC invocations=7 (full 1):
 PSYoungGen      total 37888K, used 32768K [0x00000000d5b00000, 0x00000000d9500000, 0x0000000100000000)
  eden space 32768K, 100% used [0x00000000d5b00000,0x00000000d7b00000,0x00000000d7b00000)
  from space 5120K, 0% used [0x00000000d7b80000,0x00000000d7b80000,0x00000000d8080000)
  to   space 13312K, 0% used [0x00000000d8800000,0x00000000d8800000,0x00000000d9500000)
 ParOldGen       total 78336K, used 16875K [0x0000000081000000, 0x0000000085c80000, 0x00000000d5b00000)
  object space 78336K, 21% used [0x0000000081000000,0x000000008207afa8,0x0000000085c80000)
 Metaspace       used 21755K, capacity 22850K, committed 22912K, reserved 1069056K
  class space    used 3201K, capacity 3437K, committed 3456K, reserved 1048576K
Event: 4.203 GC heap after
Heap after GC invocations=7 (full 1):
 PSYoungGen      total 46080K, used 4271K [0x00000000d5b00000, 0x00000000da180000, 0x0000000100000000)
  eden space 32768K, 0% used [0x00000000d5b00000,0x00000000d5b00000,0x00000000d7b00000)
  from space 13312K, 32% used [0x00000000d8800000,0x00000000d8c2bfe0,0x00000000d9500000)
  to   space 13312K, 0% used [0x00000000d7b00000,0x00000000d7b00000,0x00000000d8800000)
 ParOldGen       total 78336K, used 16883K [0x0000000081000000, 0x0000000085c80000, 0x00000000d5b00000)
  object space 78336K, 21% used [0x0000000081000000,0x000000008207cfa8,0x0000000085c80000)
 Metaspace       used 21755K, capacity 22850K, committed 22912K, reserved 1069056K
  class space    used 3201K, capacity 3437K, committed 3456K, reserved 1048576K
}
Event: 4.366 GC heap before
{Heap before GC invocations=8 (full 1):
 PSYoungGen      total 46080K, used 37039K [0x00000000d5b00000, 0x00000000da180000, 0x0000000100000000)
  eden space 32768K, 100% used [0x00000000d5b00000,0x00000000d7b00000,0x00000000d7b00000)
  from space 13312K, 32% used [0x00000000d8800000,0x00000000d8c2bfe0,0x00000000d9500000)
  to   space 13312K, 0% used [0x00000000d7b00000,0x00000000d7b00000,0x00000000d8800000)
 ParOldGen       total 78336K, used 16883K [0x0000000081000000, 0x0000000085c80000, 0x00000000d5b00000)
  object space 78336K, 21% used [0x0000000081000000,0x000000008207cfa8,0x0000000085c80000)
 Metaspace       used 21801K, capacity 22872K, committed 22912K, reserved 1069056K
  class space    used 3203K, capacity 3440K, committed 3456K, reserved 1048576K
Event: 4.369 GC heap after
Heap after GC invocations=8 (full 1):
 PSYoungGen      total 46080K, used 3875K [0x00000000d5b00000, 0x00000000da380000, 0x0000000100000000)
  eden space 32768K, 0% used [0x00000000d5b00000,0x00000000d5b00000,0x00000000d7b00000)
  from space 13312K, 29% used [0x00000000d7b00000,0x00000000d7ec8f10,0x00000000d8800000)
  to   space 13312K, 0% used [0x00000000d9680000,0x00000000d9680000,0x00000000da380000)
 ParOldGen       total 78336K, used 16883K [0x0000000081000000, 0x0000000085c80000, 0x00000000d5b00000)
  object space 78336K, 21% used [0x0000000081000000,0x000000008207cfa8,0x0000000085c80000)
 Metaspace       used 21801K, capacity 22872K, committed 22912K, reserved 1069056K
  class space    used 3203K, capacity 3440K, committed 3456K, reserved 1048576K
}
Event: 4.550 GC heap before
{Heap before GC invocations=9 (full 1):
 PSYoungGen      total 46080K, used 36643K [0x00000000d5b00000, 0x00000000da380000, 0x0000000100000000)
  eden space 32768K, 100% used [0x00000000d5b00000,0x00000000d7b00000,0x00000000d7b00000)
  from space 13312K, 29% used [0x00000000d7b00000,0x00000000d7ec8f10,0x00000000d8800000)
  to   space 13312K, 0% used [0x00000000d9680000,0x00000000d9680000,0x00000000da380000)
 ParOldGen       total 78336K, used 16883K [0x0000000081000000, 0x0000000085c80000, 0x00000000d5b00000)
  object space 78336K, 21% used [0x0000000081000000,0x000000008207cfa8,0x0000000085c80000)
 Metaspace       used 21917K, capacity 23030K, committed 23168K, reserved 1069056K
  class space    used 3211K, capacity 3455K, committed 3456K, reserved 1048576K
Event: 4.556 GC heap after
Heap after GC invocations=9 (full 1):
 PSYoungGen      total 61440K, used 5144K [0x00000000d5b00000, 0x00000000da580000, 0x0000000100000000)
  eden space 48128K, 0% used [0x00000000d5b00000,0x00000000d5b00000,0x00000000d8a00000)
  from space 13312K, 38% used [0x00000000d9680000,0x00000000d9b861c0,0x00000000da380000)
  to   space 12800K, 0% used [0x00000000d8a00000,0x00000000d8a00000,0x00000000d9680000)
 ParOldGen       total 78336K, used 16891K [0x0000000081000000, 0x0000000085c80000, 0x00000000d5b00000)
  object space 78336K, 21% used [0x0000000081000000,0x000000008207efa8,0x0000000085c80000)
 Metaspace       used 21917K, capacity 23030K, committed 23168K, reserved 1069056K
  class space    used 3211K, capacity 3455K, committed 3456K, reserved 1048576K
}
Event: 5.843 GC heap before
{Heap before GC invocations=10 (full 1):
 PSYoungGen      total 61440K, used 53272K [0x00000000d5b00000, 0x00000000da580000, 0x0000000100000000)
  eden space 48128K, 100% used [0x00000000d5b00000,0x00000000d8a00000,0x00000000d8a00000)
  from space 13312K, 38% used [0x00000000d9680000,0x00000000d9b861c0,0x00000000da380000)
  to   space 12800K, 0% used [0x00000000d8a00000,0x00000000d8a00000,0x00000000d9680000)
 ParOldGen       total 78336K, used 16891K [0x0000000081000000, 0x0000000085c80000, 0x00000000d5b00000)
  object space 78336K, 21% used [0x0000000081000000,0x000000008207efa8,0x0000000085c80000)
 Metaspace       used 25862K, capacity 27682K, committed 27776K, reserved 1073152K
  class space    used 3848K, capacity 4171K, committed 4224K, reserved 1048576K
Event: 5.876 GC heap after
Heap after GC invocations=10 (full 1):
 PSYoungGen      total 60928K, used 12782K [0x00000000d5b00000, 0x00000000dba80000, 0x0000000100000000)
  eden space 48128K, 0% used [0x00000000d5b00000,0x00000000d5b00000,0x00000000d8a00000)
  from space 12800K, 99% used [0x00000000d8a00000,0x00000000d967bab0,0x00000000d9680000)
  to   space 16384K, 0% used [0x00000000daa80000,0x00000000daa80000,0x00000000dba80000)
 ParOldGen       total 78336K, used 21531K [0x0000000081000000, 0x0000000085c80000, 0x00000000d5b00000)
  object space 78336K, 27% used [0x0000000081000000,0x0000000082506fa8,0x0000000085c80000)
 Metaspace       used 25862K, capacity 27682K, committed 27776K, reserved 1073152K
  class space    used 3848K, capacity 4171K, committed 4224K, reserved 1048576K
}

Deoptimization events (10 events):
Event: 5.961 Thread 0x000000001afbf000 Uncommon trap: reason=unstable_if action=reinterpret pc=0x0000000004f8a544 method=java.lang.Class.arrayContentsEq([Ljava/lang/Object;[Ljava/lang/Object;)Z @ 1
Event: 6.002 Thread 0x000000001afbf000 Uncommon trap: reason=unstable_if action=reinterpret pc=0x0000000004f9602c method=java.lang.Class.arrayContentsEq([Ljava/lang/Object;[Ljava/lang/Object;)Z @ 1
Event: 6.093 Thread 0x000000001afbf000 Uncommon trap: reason=bimorphic action=maybe_recompile pc=0x0000000004b95f60 method=java.util.WeakHashMap.eq(Ljava/lang/Object;Ljava/lang/Object;)Z @ 7
Event: 6.094 Thread 0x000000001afbf000 Uncommon trap: reason=bimorphic action=maybe_recompile pc=0x0000000004b95f60 method=java.util.WeakHashMap.eq(Ljava/lang/Object;Ljava/lang/Object;)Z @ 7
Event: 6.095 Thread 0x000000001afbf000 Uncommon trap: reason=bimorphic action=maybe_recompile pc=0x0000000004b95f60 method=java.util.WeakHashMap.eq(Ljava/lang/Object;Ljava/lang/Object;)Z @ 7
Event: 6.095 Thread 0x000000001afbf000 Uncommon trap: reason=bimorphic action=maybe_recompile pc=0x0000000004b95f60 method=java.util.WeakHashMap.eq(Ljava/lang/Object;Ljava/lang/Object;)Z @ 7
Event: 6.218 Thread 0x000000001afba800 Uncommon trap: reason=unstable_if action=reinterpret pc=0x00000000052eb33c method=javafx.scene.CssStyleHelper.canReuseStyleHelper(Ljavafx/scene/Node;Lcom/sun/javafx/css/StyleMap;)Z @ 57
Event: 6.249 Thread 0x000000001afba800 Uncommon trap: reason=unstable_if action=reinterpret pc=0x00000000049db12c method=java.lang.StrictMath.floorOrCeil(DDDD)D @ 24
Event: 6.267 Thread 0x000000001afba800 Uncommon trap: reason=unstable_if action=reinterpret pc=0x0000000004f1c004 method=java.util.EnumMap.isValidKey(Ljava/lang/Object;)Z @ 16
Event: 6.297 Thread 0x000000001afba800 Uncommon trap: reason=unstable_if action=reinterpret pc=0x0000000004dd2e28 method=jdk.internal.org.objectweb.asm.Type.getArgumentsAndReturnSizes(Ljava/lang/String;)I @ 47

Internal exceptions (10 events):
Event: 0.872 Thread 0x000000001afba800 Exception <a 'java/lang/ArrayIndexOutOfBoundsException'> (0x00000000d5efd948) thrown at [C:\re\workspace\8-2-build-windows-amd64-cygwin\jdk8u151\9699\hotspot\src\share\vm\runtime\sharedRuntime.cpp, line 605]
Event: 1.223 Thread 0x000000001afba800 Exception <a 'java/lang/ArrayIndexOutOfBoundsException': 58> (0x00000000d61680c0) thrown at [C:\re\workspace\8-2-build-windows-amd64-cygwin\jdk8u151\9699\hotspot\src\share\vm\interpreter\interpreterRuntime.cpp, line 366]
Event: 1.471 Thread 0x000000001afba800 Exception <a 'java/io/FileNotFoundException'> (0x00000000d749a6f8) thrown at [C:\re\workspace\8-2-build-windows-amd64-cygwin\jdk8u151\9699\hotspot\src\share\vm\prims\jni.cpp, line 709]
Event: 1.636 Thread 0x000000001afba800 Exception <a 'java/lang/NoClassDefFoundError': org/slf4j/impl/StaticLoggerBinder> (0x00000000d797c020) thrown at [C:\re\workspace\8-2-build-windows-amd64-cygwin\jdk8u151\9699\hotspot\src\share\vm\classfile\systemDictionary.cpp, line 199]
Event: 2.884 Thread 0x000000001afba800 Implicit null exception at 0x0000000004a7bcf5 to 0x0000000004a7bf0d
Event: 2.884 Thread 0x000000001afba800 Implicit null exception at 0x0000000004c9649b to 0x0000000004c96c19
Event: 5.409 Thread 0x000000001afba800 Implicit null exception at 0x000000000523fb08 to 0x00000000052428c5
Event: 5.961 Thread 0x000000001afbf000 Implicit null exception at 0x0000000004f87354 to 0x0000000004f8a4d5
Event: 6.002 Thread 0x000000001afbf000 Implicit null exception at 0x0000000004f92b64 to 0x0000000004f95fb9
Event: 10.645 Thread 0x000000002166b000 Exception <a 'java/lang/IllegalStateException'> (0x00000000d69566b0) thrown at [C:\re\workspace\8-2-build-windows-amd64-cygwin\jdk8u151\9699\hotspot\src\share\vm\prims\jvm.cpp, line 1394]

Events (10 events):
Event: 10.643 loading class java/util/IdentityHashMap$KeyIterator done
Event: 10.643 Thread 0x000000002166b000 Thread added: 0x000000002166b000
Event: 10.643 Thread 0x000000002166c000 Thread added: 0x000000002166c000
Event: 10.644 loading class com/sun/javafx/tk/quantum/QuantumRenderer
Event: 10.644 loading class com/sun/javafx/tk/quantum/QuantumRenderer done
Event: 10.644 Thread 0x000000002166c000 Thread exited: 0x000000002166c000
Event: 10.645 loading class com/sun/javafx/tk/quantum/QuantumToolkit
Event: 10.645 loading class com/sun/javafx/tk/quantum/QuantumToolkit done
Event: 10.645 Thread 0x000000002166b000 Thread exited: 0x000000002166b000
Event: 10.645 Executing VM operation: Exit


Dynamic libraries:
0x00007ff6c0d70000 - 0x00007ff6c0da7000 	C:\Program Files\Java\jre1.8.0_151\bin\javaw.exe
0x00007ffe6fee0000 - 0x00007ffe700c0000 	C:\WINDOWS\SYSTEM32\ntdll.dll
0x00007ffe6d940000 - 0x00007ffe6d9ee000 	C:\WINDOWS\System32\KERNEL32.DLL
0x00007ffe6d120000 - 0x00007ffe6d386000 	C:\WINDOWS\System32\KERNELBASE.dll
0x00007ffe6d760000 - 0x00007ffe6d801000 	C:\WINDOWS\System32\ADVAPI32.dll
0x00007ffe6d8a0000 - 0x00007ffe6d93d000 	C:\WINDOWS\System32\msvcrt.dll
0x00007ffe6d700000 - 0x00007ffe6d75b000 	C:\WINDOWS\System32\sechost.dll
0x00007ffe6fb90000 - 0x00007ffe6fcaf000 	C:\WINDOWS\System32\RPCRT4.dll
0x00007ffe6f820000 - 0x00007ffe6f9af000 	C:\WINDOWS\System32\USER32.dll
0x00007ffe6d390000 - 0x00007ffe6d3b0000 	C:\WINDOWS\System32\win32u.dll
0x00007ffe6d3c0000 - 0x00007ffe6d3e8000 	C:\WINDOWS\System32\GDI32.dll
0x00007ffe6cc60000 - 0x00007ffe6cdf3000 	C:\WINDOWS\System32\gdi32full.dll
0x00007ffe6cf50000 - 0x00007ffe6cfeb000 	C:\WINDOWS\System32\msvcp_win.dll
0x00007ffe6ce00000 - 0x00007ffe6cef6000 	C:\WINDOWS\System32\ucrtbase.dll
0x00007ffe64c70000 - 0x00007ffe64ed9000 	C:\WINDOWS\WinSxS\amd64_microsoft.windows.common-controls_6595b64144ccf1df_6.0.16299.192_none_15c8cdae9364c23b\COMCTL32.dll
0x00007ffe6d3f0000 - 0x00007ffe6d6f8000 	C:\WINDOWS\System32\combase.dll
0x00007ffe6cff0000 - 0x00007ffe6d062000 	C:\WINDOWS\System32\bcryptPrimitives.dll
0x00007ffe6d870000 - 0x00007ffe6d89d000 	C:\WINDOWS\System32\IMM32.DLL
0x0000000060ff0000 - 0x00000000610c2000 	C:\Program Files\Java\jre1.8.0_151\bin\msvcr100.dll
0x00000000611c0000 - 0x0000000061a5d000 	C:\Program Files\Java\jre1.8.0_151\bin\server\jvm.dll
0x00007ffe6e1e0000 - 0x00007ffe6e1e8000 	C:\WINDOWS\System32\PSAPI.DLL
0x00007ffe69ea0000 - 0x00007ffe69ec3000 	C:\WINDOWS\SYSTEM32\WINMM.dll
0x00007ffe65f10000 - 0x00007ffe65f1a000 	C:\WINDOWS\SYSTEM32\VERSION.dll
0x00007ffe5d510000 - 0x00007ffe5d519000 	C:\WINDOWS\SYSTEM32\WSOCK32.dll
0x00007ffe6e1f0000 - 0x00007ffe6e25c000 	C:\WINDOWS\System32\WS2_32.dll
0x00007ffe69e40000 - 0x00007ffe69e6a000 	C:\WINDOWS\SYSTEM32\WINMMBASE.dll
0x00007ffe6cf00000 - 0x00007ffe6cf4a000 	C:\WINDOWS\System32\cfgmgr32.dll
0x00000000611b0000 - 0x00000000611bf000 	C:\Program Files\Java\jre1.8.0_151\bin\verify.dll
0x0000000061180000 - 0x00000000611a9000 	C:\Program Files\Java\jre1.8.0_151\bin\java.dll
0x0000000061160000 - 0x0000000061176000 	C:\Program Files\Java\jre1.8.0_151\bin\zip.dll
0x00007ffe6e3e0000 - 0x00007ffe6f816000 	C:\WINDOWS\System32\SHELL32.dll
0x00007ffe6db90000 - 0x00007ffe6dc36000 	C:\WINDOWS\System32\shcore.dll
0x00007ffe6c510000 - 0x00007ffe6cc57000 	C:\WINDOWS\System32\windows.storage.dll
0x00007ffe6fdb0000 - 0x00007ffe6fe01000 	C:\WINDOWS\System32\shlwapi.dll
0x00007ffe6c2c0000 - 0x00007ffe6c2d1000 	C:\WINDOWS\System32\kernel.appcore.dll
0x00007ffe6c270000 - 0x00007ffe6c2bc000 	C:\WINDOWS\System32\powrprof.dll
0x00007ffe6c230000 - 0x00007ffe6c24b000 	C:\WINDOWS\System32\profapi.dll
0x0000000002e20000 - 0x0000000002e23000 	C:\Program Files\Java\jre1.8.0_151\bin\api-ms-win-core-console-l1-1-0.dll
0x0000000002e30000 - 0x0000000002e33000 	C:\Program Files\Java\jre1.8.0_151\bin\api-ms-win-core-datetime-l1-1-0.dll
0x0000000002e40000 - 0x0000000002e43000 	C:\Program Files\Java\jre1.8.0_151\bin\api-ms-win-core-debug-l1-1-0.dll
0x0000000002e50000 - 0x0000000002e53000 	C:\Program Files\Java\jre1.8.0_151\bin\api-ms-win-core-errorhandling-l1-1-0.dll
0x0000000004580000 - 0x0000000004584000 	C:\Program Files\Java\jre1.8.0_151\bin\api-ms-win-core-file-l1-1-0.dll
0x0000000004590000 - 0x0000000004593000 	C:\Program Files\Java\jre1.8.0_151\bin\api-ms-win-core-file-l1-2-0.dll
0x00000000045a0000 - 0x00000000045a3000 	C:\Program Files\Java\jre1.8.0_151\bin\api-ms-win-core-file-l2-1-0.dll
0x00000000045b0000 - 0x00000000045b3000 	C:\Program Files\Java\jre1.8.0_151\bin\api-ms-win-core-handle-l1-1-0.dll
0x00000000045c0000 - 0x00000000045c3000 	C:\Program Files\Java\jre1.8.0_151\bin\api-ms-win-core-heap-l1-1-0.dll
0x00000000045d0000 - 0x00000000045d3000 	C:\Program Files\Java\jre1.8.0_151\bin\api-ms-win-core-interlocked-l1-1-0.dll
0x00000000045e0000 - 0x00000000045e3000 	C:\Program Files\Java\jre1.8.0_151\bin\api-ms-win-core-libraryloader-l1-1-0.dll
0x0000000004600000 - 0x0000000004603000 	C:\Program Files\Java\jre1.8.0_151\bin\api-ms-win-core-localization-l1-2-0.dll
0x0000000004610000 - 0x0000000004613000 	C:\Program Files\Java\jre1.8.0_151\bin\api-ms-win-core-memory-l1-1-0.dll
0x0000000004620000 - 0x0000000004623000 	C:\Program Files\Java\jre1.8.0_151\bin\api-ms-win-core-namedpipe-l1-1-0.dll
0x0000000004630000 - 0x0000000004633000 	C:\Program Files\Java\jre1.8.0_151\bin\api-ms-win-core-processenvironment-l1-1-0.dll
0x000000001b230000 - 0x000000001b233000 	C:\Program Files\Java\jre1.8.0_151\bin\api-ms-win-core-processthreads-l1-1-0.dll
0x000000001b240000 - 0x000000001b243000 	C:\Program Files\Java\jre1.8.0_151\bin\api-ms-win-core-processthreads-l1-1-1.dll
0x000000001b250000 - 0x000000001b253000 	C:\Program Files\Java\jre1.8.0_151\bin\api-ms-win-core-profile-l1-1-0.dll
0x000000001b260000 - 0x000000001b263000 	C:\Program Files\Java\jre1.8.0_151\bin\api-ms-win-core-rtlsupport-l1-1-0.dll
0x000000001b270000 - 0x000000001b273000 	C:\Program Files\Java\jre1.8.0_151\bin\api-ms-win-core-string-l1-1-0.dll
0x000000001b280000 - 0x000000001b283000 	C:\Program Files\Java\jre1.8.0_151\bin\api-ms-win-core-synch-l1-1-0.dll
0x000000001b290000 - 0x000000001b293000 	C:\Program Files\Java\jre1.8.0_151\bin\api-ms-win-core-synch-l1-2-0.dll
0x000000001b2a0000 - 0x000000001b2a3000 	C:\Program Files\Java\jre1.8.0_151\bin\api-ms-win-core-sysinfo-l1-1-0.dll
0x000000001b2b0000 - 0x000000001b2b3000 	C:\Program Files\Java\jre1.8.0_151\bin\api-ms-win-core-timezone-l1-1-0.dll
0x000000001b2c0000 - 0x000000001b2c3000 	C:\Program Files\Java\jre1.8.0_151\bin\api-ms-win-core-util-l1-1-0.dll
0x000000001b2d0000 - 0x000000001b2d3000 	C:\Program Files\Java\jre1.8.0_151\bin\api-ms-win-crt-conio-l1-1-0.dll
0x000000001b2e0000 - 0x000000001b2e4000 	C:\Program Files\Java\jre1.8.0_151\bin\api-ms-win-crt-convert-l1-1-0.dll
0x000000001b2f0000 - 0x000000001b2f3000 	C:\Program Files\Java\jre1.8.0_151\bin\api-ms-win-crt-environment-l1-1-0.dll
0x000000001b300000 - 0x000000001b303000 	C:\Program Files\Java\jre1.8.0_151\bin\api-ms-win-crt-filesystem-l1-1-0.dll
0x000000001b310000 - 0x000000001b313000 	C:\Program Files\Java\jre1.8.0_151\bin\api-ms-win-crt-heap-l1-1-0.dll
0x000000001b320000 - 0x000000001b323000 	C:\Program Files\Java\jre1.8.0_151\bin\api-ms-win-crt-locale-l1-1-0.dll
0x000000001b330000 - 0x000000001b335000 	C:\Program Files\Java\jre1.8.0_151\bin\api-ms-win-crt-math-l1-1-0.dll
0x000000001b340000 - 0x000000001b345000 	C:\Program Files\Java\jre1.8.0_151\bin\api-ms-win-crt-multibyte-l1-1-0.dll
0x000000001b350000 - 0x000000001b360000 	C:\Program Files\Java\jre1.8.0_151\bin\api-ms-win-crt-private-l1-1-0.dll
0x000000001b360000 - 0x000000001b363000 	C:\Program Files\Java\jre1.8.0_151\bin\api-ms-win-crt-process-l1-1-0.dll
0x000000001b370000 - 0x000000001b374000 	C:\Program Files\Java\jre1.8.0_151\bin\api-ms-win-crt-runtime-l1-1-0.dll
0x000000001b380000 - 0x000000001b384000 	C:\Program Files\Java\jre1.8.0_151\bin\api-ms-win-crt-stdio-l1-1-0.dll
0x000000001b390000 - 0x000000001b394000 	C:\Program Files\Java\jre1.8.0_151\bin\api-ms-win-crt-string-l1-1-0.dll
0x000000001b3a0000 - 0x000000001b3a3000 	C:\Program Files\Java\jre1.8.0_151\bin\api-ms-win-crt-time-l1-1-0.dll
0x000000001b3b0000 - 0x000000001b3b3000 	C:\Program Files\Java\jre1.8.0_151\bin\api-ms-win-crt-utility-l1-1-0.dll
0x00007ffe336e0000 - 0x00007ffe337d6000 	C:\Program Files\Java\jre1.8.0_151\bin\ucrtbase.dll
0x00007ffe56290000 - 0x00007ffe562e1000 	C:\Program Files\Java\jre1.8.0_151\bin\concrt140.dll
0x00007ffe3c2c0000 - 0x00007ffe3c35c000 	C:\Program Files\Java\jre1.8.0_151\bin\MSVCP140.dll
0x00007ffe5e580000 - 0x00007ffe5e596000 	C:\Program Files\Java\jre1.8.0_151\bin\VCRUNTIME140.dll
0x0000000060fc0000 - 0x0000000060fe3000 	C:\Program Files\Java\jre1.8.0_151\bin\prism_d3d.dll
0x00007ffe28c80000 - 0x00007ffe28e15000 	C:\WINDOWS\system32\d3d9.dll
0x00007ffe6a200000 - 0x00007ffe6a22a000 	C:\WINDOWS\SYSTEM32\dwmapi.dll
0x00007ffe6a130000 - 0x00007ffe6a1c5000 	C:\WINDOWS\system32\uxtheme.dll
0x00007ffe6fac0000 - 0x00007ffe6fb85000 	C:\WINDOWS\System32\OLEAUT32.dll
0x00007ffe6e090000 - 0x00007ffe6e1d9000 	C:\WINDOWS\System32\ole32.dll
0x0000000060f70000 - 0x0000000060fb9000 	C:\Program Files\Java\jre1.8.0_151\bin\glass.dll
0x00007ffe6f9b0000 - 0x00007ffe6faba000 	C:\WINDOWS\System32\COMDLG32.dll
0x00007ffe6e260000 - 0x00007ffe6e3c7000 	C:\WINDOWS\System32\MSCTF.dll
0x0000000060f50000 - 0x0000000060f64000 	C:\Program Files\Java\jre1.8.0_151\bin\javafx_font.dll
0x00007ffe4fed0000 - 0x00007ffe501df000 	C:\WINDOWS\SYSTEM32\dwrite.dll
0x00000000610f0000 - 0x0000000061114000 	C:\Program Files\Java\jre1.8.0_151\bin\sunec.dll
0x0000000061140000 - 0x000000006115a000 	C:\Program Files\Java\jre1.8.0_151\bin\net.dll
0x00007ffe6b710000 - 0x00007ffe6b776000 	C:\WINDOWS\system32\mswsock.dll
0x00007ffe6b4a0000 - 0x00007ffe6b4d9000 	C:\WINDOWS\SYSTEM32\IPHLPAPI.DLL
0x00007ffe6e3d0000 - 0x00007ffe6e3d8000 	C:\WINDOWS\System32\NSI.dll
0x00007ffe655a0000 - 0x00007ffe655b6000 	C:\WINDOWS\SYSTEM32\dhcpcsvc6.DLL
0x00007ffe65ef0000 - 0x00007ffe65f0a000 	C:\WINDOWS\SYSTEM32\dhcpcsvc.DLL
0x0000000061120000 - 0x0000000061131000 	C:\Program Files\Java\jre1.8.0_151\bin\nio.dll
0x00007ffe6fcb0000 - 0x00007ffe6fd4e000 	C:\WINDOWS\System32\clbcatq.dll
0x00007ffe63820000 - 0x00007ffe639cb000 	C:\WINDOWS\SYSTEM32\WindowsCodecs.dll
0x00007ffe63e10000 - 0x00007ffe63e5f000 	C:\WINDOWS\system32\dataexchange.dll
0x00007ffe69740000 - 0x00007ffe69882000 	C:\WINDOWS\system32\dcomp.dll
0x00007ffe67c10000 - 0x00007ffe67ef1000 	C:\WINDOWS\system32\d3d11.dll
0x00007ffe6a660000 - 0x00007ffe6a70f000 	C:\WINDOWS\system32\dxgi.dll
0x00007ffe69fb0000 - 0x00007ffe6a12b000 	C:\WINDOWS\system32\twinapi.appcore.dll
0x00007ffe6a320000 - 0x00007ffe6a340000 	C:\WINDOWS\system32\RMCLIENT.dll
0x00007ffe6bcf0000 - 0x00007ffe6bd15000 	C:\WINDOWS\system32\bcrypt.dll
0x00007ffe59380000 - 0x00007ffe593b4000 	C:\Program Files\Common Files\Microsoft Shared\Ink\rtscom.dll
0x00007ffe62c30000 - 0x00007ffe62cc8000 	C:\WINDOWS\System32\TextInputFramework.dll
0x00007ffe62940000 - 0x00007ffe62c2e000 	C:\WINDOWS\System32\CoreUIComponents.dll
0x00007ffe68b20000 - 0x00007ffe68bfc000 	C:\WINDOWS\System32\CoreMessaging.dll
0x00007ffe6a930000 - 0x00007ffe6a961000 	C:\WINDOWS\SYSTEM32\ntmarta.dll
0x00007ffe68310000 - 0x00007ffe68446000 	C:\WINDOWS\SYSTEM32\wintypes.dll
0x0000000060f20000 - 0x0000000060f43000 	C:\Program Files\Java\jre1.8.0_151\bin\javafx_iio.dll
0x0000000060f00000 - 0x0000000060f12000 	C:\Program Files\Java\jre1.8.0_151\bin\prism_common.dll
0x00007ffe6bd90000 - 0x00007ffe6bf58000 	C:\WINDOWS\SYSTEM32\dbghelp.dll

VM Arguments:
jvm_args: -Dfile.encoding=UTF-8 
java_command: com.jeeves.vpl.Main
java_class_path (initial): C:\Program Files\Java\jre1.8.0_151\lib\resources.jar;C:\Program Files\Java\jre1.8.0_151\lib\rt.jar;C:\Program Files\Java\jre1.8.0_151\lib\jsse.jar;C:\Program Files\Java\jre1.8.0_151\lib\jce.jar;C:\Program Files\Java\jre1.8.0_151\lib\charsets.jar;C:\Program Files\Java\jre1.8.0_151\lib\jfr.jar;C:\Program Files\Java\jre1.8.0_151\lib\ext\access-bridge-64.jar;C:\Program Files\Java\jre1.8.0_151\lib\ext\cldrdata.jar;C:\Program Files\Java\jre1.8.0_151\lib\ext\dnsns.jar;C:\Program Files\Java\jre1.8.0_151\lib\ext\dns_sd.jar;C:\Program Files\Java\jre1.8.0_151\lib\ext\jaccess.jar;C:\Program Files\Java\jre1.8.0_151\lib\ext\jfxrt.jar;C:\Program Files\Java\jre1.8.0_151\lib\ext\localedata.jar;C:\Program Files\Java\jre1.8.0_151\lib\ext\nashorn.jar;C:\Program Files\Java\jre1.8.0_151\lib\ext\sunec.jar;C:\Program Files\Java\jre1.8.0_151\lib\ext\sunjce_provider.jar;C:\Program Files\Java\jre1.8.0_151\lib\ext\sunmscapi.jar;C:\Program Files\Java\jre1.8.0_151\lib\ext\sunpkcs11.jar;C:\Program Files\Java\jre1.8.0_151\lib\ext\zipfs.jar;C:\Users\Cath\Documents\workspace\Jeeves\target\classes;C:\Users\Cath\Documents\workspace\Jeeves\poi-3.15.jar;C:\Users\Cath\Documents\workspace\Jeeves\commons-lang3-3.5.jar;C:\Users\Cath\Documents\workspace\Jeeves\controlsfx-8.40.12.jar;C:\Users\Cath\.m2\repository\commons-codec\commons-codec\1.9\commons-codec-1.9.jar;C:\Users\Cath\.m2\repository\commons-validator\commons-validator\1.4.1\commons-validator-1.4.1.jar;C:\Users\Cath\.m2\repository\commons-beanutils\commons-beanutils\1.8.3\commons-beanutils-1.8.3.jar;C:\Users\Cath\.m2\repository\commons-digester\commons-digester\1.8.1\commons-digester-1.8.1.jar;C:\Users\Cath\.m2\repository\commons-logging\commons-logging\1.2\commons-logging-1.2.jar;C:\Users\Cath\.m2\repository\commons-collections\commons-collections\3.2.1\commons-collections-3.2.1.jar;C:\Users\Cath\.m2\repository\org\apache\shiro\shiro-core\1.3.2\shiro-core-1.3.2.jar;C:\Users\Cath\.m2\repository\org\slf4j\slf4j-api\1.6.4\
Launcher Type: SUN_STANDARD

Environment Variables:
JAVA_HOME=C:\Program Files\Java\jdk1.8.0_151
PATH=C:/Program Files/Java/jre1.8.0_151/bin/server;C:/Program Files/Java/jre1.8.0_151/bin;C:/Program Files/Java/jre1.8.0_151/lib/amd64;C:\ProgramData\Oracle\Java\javapath;C:\WINDOWS\system32;C:\WINDOWS;C:\WINDOWS\System32\Wbem;C:\WINDOWS\System32\WindowsPowerShell\v1.0\;C:\Program Files\Git\cmd;C:\Program Files\Java\jdk1.8.0_151\bin;C:\Program Files\IBM\SPSS\Statistics\24\JRE\bin;C:\Users\Cath\AppData\Local\Microsoft\WindowsApps;C:\MinGW\bin;C:\MinGW\msys\1.0\bin;;C:\Users\Cath\Desktop;
USERNAME=Cath
OS=Windows_NT
PROCESSOR_IDENTIFIER=Intel64 Family 6 Model 69 Stepping 1, GenuineIntel



---------------  S Y S T E M  ---------------

OS: Windows 10.0 , 64 bit Build 16299 (10.0.16299.15)

CPU:total 4 (initial active 4) (2 cores per cpu, 2 threads per core) family 6 model 69 stepping 1, cmov, cx8, fxsr, mmx, sse, sse2, sse3, ssse3, sse4.1, sse4.2, popcnt, avx, avx2, aes, clmul, erms, lzcnt, ht, tsc, tscinvbit, bmi1, bmi2

Memory: 4k page, physical 8317080k(3756340k free), swap 13559960k(6250972k free)

vm_info: Java HotSpot(TM) 64-Bit Server VM (25.151-b12) for windows-amd64 JRE (1.8.0_151-b12), built on Sep  5 2017 19:33:46 by "java_re" with MS VC++ 10.0 (VS2010)

time: Tue Jan 23 15:01:10 2018
elapsed time: 11 seconds (0d 0h 0m 11s)

