#
# A fatal error has been detected by the Java Runtime Environment:
#
#  EXCEPTION_ACCESS_VIOLATION (0xc0000005) at pc=0x000000005bb1584a, pid=15752, tid=0x0000000000003e28
#
# JRE version: Java(TM) SE Runtime Environment (8.0_121-b13) (build 1.8.0_121-b13)
# Java VM: Java HotSpot(TM) 64-Bit Server VM (25.121-b13 mixed mode windows-amd64 compressed oops)
# Problematic frame:
# C  [glass.dll+0x2584a]
#
# Failed to write core dump. Minidumps are not enabled by default on client versions of Windows
#
# If you would like to submit a bug report, please visit:
#   http://bugreport.java.com/bugreport/crash.jsp
#

---------------  T H R E A D  ---------------

Current thread (0x00000000173f8000):  VMThread [stack: 0x0000000018490000,0x0000000018590000] [id=15912]

siginfo: ExceptionCode=0xc0000005, reading address 0x0000000000000000

Registers:
RAX=0x0000000000000000, RBX=0x00000000199afc90, RCX=0x00000000173f8000, RDX=0x00000000199afc90
RSP=0x000000001858f220, RBP=0x0000000000920160, RSI=0x0000000000000001, RDI=0x0000000000000000
R8 =0x0000000000010002, R9 =0x0000000000920160, R10=0x0000000000000000, R11=0x0000000000000246
R12=0x0000000000920190, R13=0x0000000000920160, R14=0x0000000000920170, R15=0x0000000000000000
RIP=0x000000005bb1584a, EFLAGS=0x0000000000010206

Top of Stack: (sp=0x000000001858f220)
0x000000001858f220:   0000000000000000 000000005bb15900
0x000000001858f230:   0000000000000000 0000000017305400
0x000000001858f240:   000000005bb15830 000000005bb13224
0x000000001858f250:   000000005bb15a60 000000003e042f43
0x000000001858f260:   0000000017305400 00007ffee02007f2
0x000000001858f270:   0000000000000001 000000005baf0000
0x000000001858f280:   0000000002892648 000000005bb134a6
0x000000001858f290:   0000000000000001 0000000017305400
0x000000001858f2a0:   0000000000000000 000000005bb13384
0x000000001858f2b0:   c000000500000001 000000001858e380
0x000000001858f2c0:   000000005baf0000 00007ffee32d485f
0x000000001858f2d0:   000000007ffe0385 0000000000000000
0x000000001858f2e0:   000000007ffe0384 000000007ffe0385
0x000000001858f2f0:   000000000000000c 00007ffee32fda3a
0x000000001858f300:   0000309d53dafd00 000000000090a4a0
0x000000001858f310:   0000000000000000 0000000000000000 

Instructions: (pc=0x000000005bb1584a)
0x000000005bb1582a:   83 c4 20 5d c3 cc 40 53 48 83 ec 20 48 8b 1d cb
0x000000005bb1583a:   5b 01 00 48 85 db 74 1a e8 19 93 ff ff 48 8b d3
0x000000005bb1584a:   4c 8b 00 48 8b c8 48 83 c4 20 5b 49 ff a0 b0 00
0x000000005bb1585a:   00 00 48 83 c4 20 5b c3 cc cc cc cc cc cc cc cc 


Register to memory mapping:

RAX=0x0000000000000000 is an unknown value
RBX=0x00000000199afc90 is a global jni handle
RCX=0x00000000173f8000 is an unknown value
RDX=0x00000000199afc90 is a global jni handle
RSP=0x000000001858f220 is an unknown value
RBP=0x0000000000920160 is an unknown value
RSI=0x0000000000000001 is an unknown value
RDI=0x0000000000000000 is an unknown value
R8 =0x0000000000010002 is an unknown value
R9 =0x0000000000920160 is an unknown value
R10=0x0000000000000000 is an unknown value
R11=0x0000000000000246 is an unknown value
R12=0x0000000000920190 is an unknown value
R13=0x0000000000920160 is an unknown value
R14=0x0000000000920170 is an unknown value
R15=0x0000000000000000 is an unknown value


Stack: [0x0000000018490000,0x0000000018590000],  sp=0x000000001858f220,  free space=1020k
Native frames: (J=compiled Java code, j=interpreted, Vv=VM code, C=native code)
C  [glass.dll+0x2584a]
C  [glass.dll+0x23224]
C  [glass.dll+0x234a6]
C  [ntdll.dll+0x2485f]
C  [ntdll.dll+0x4d43c]
C  [ntdll.dll+0x4d2f4]
C  [KERNEL32.DLL+0x1c0da]
C  [msvcr100.dll+0x20ccd]
V  [jvm.dll+0x212cb5]
V  [jvm.dll+0x24bd17]
V  [jvm.dll+0x24afb6]
V  [jvm.dll+0x24b451]
V  [jvm.dll+0x24b66e]
V  [jvm.dll+0x29c69a]
C  [msvcr100.dll+0x21d9f]
C  [msvcr100.dll+0x21e3b]
C  [KERNEL32.DLL+0x12774]
C  [ntdll.dll+0x70d51]

VM_Operation (0x0000000019fdaf30): Exit, mode: safepoint, requested by thread 0x000000001915f800


---------------  P R O C E S S  ---------------

Java Threads: ( => current thread )
  0x0000000019cf7800 JavaThread "Prism Font Disposer" daemon [_thread_blocked, id=15432, stack(0x00000000212b0000,0x00000000213b0000)]
  0x000000001978c000 JavaThread "JavaFX-Launcher" [_thread_blocked, id=18796, stack(0x000000001e670000,0x000000001e770000)]
  0x0000000019748000 JavaThread "Thread-2" daemon [_thread_in_native, id=18388, stack(0x000000001e570000,0x000000001e670000)]
  0x000000001915f800 JavaThread "JavaFX Application Thread" [_thread_blocked, id=9284, stack(0x0000000019ee0000,0x0000000019fe0000)]
  0x0000000019148000 JavaThread "Thread-1" daemon [_thread_blocked, id=13688, stack(0x00000000195e0000,0x00000000196e0000)]
  0x0000000019139000 JavaThread "QuantumRenderer-0" daemon [_thread_blocked, id=5268, stack(0x0000000019380000,0x0000000019480000)]
  0x000000001748d800 JavaThread "Service Thread" daemon [_thread_blocked, id=18444, stack(0x0000000019180000,0x0000000019280000)]
  0x000000001743c000 JavaThread "C1 CompilerThread2" daemon [_thread_blocked, id=3176, stack(0x0000000018c80000,0x0000000018d80000)]
  0x0000000017433800 JavaThread "C2 CompilerThread1" daemon [_thread_blocked, id=16420, stack(0x0000000018b80000,0x0000000018c80000)]
  0x0000000017430800 JavaThread "C2 CompilerThread0" daemon [_thread_blocked, id=4248, stack(0x0000000018a80000,0x0000000018b80000)]
  0x000000001742f000 JavaThread "Attach Listener" daemon [_thread_blocked, id=16636, stack(0x0000000018980000,0x0000000018a80000)]
  0x000000001742e000 JavaThread "Signal Dispatcher" daemon [_thread_blocked, id=18880, stack(0x0000000018880000,0x0000000018980000)]
  0x000000001741a800 JavaThread "Finalizer" daemon [_thread_blocked, id=15728, stack(0x0000000018690000,0x0000000018790000)]
  0x00000000027a1800 JavaThread "Reference Handler" daemon [_thread_blocked, id=17876, stack(0x0000000018590000,0x0000000018690000)]
  0x000000000289e800 JavaThread "main" [_thread_blocked, id=1064, stack(0x0000000002580000,0x0000000002680000)]

Other Threads:
=>0x00000000173f8000 VMThread [stack: 0x0000000018490000,0x0000000018590000] [id=15912]

VM state:at safepoint (shutting down)

VM Mutex/Monitor currently owned by a thread:  ([mutex/lock_event])
[0x00000000026b0c50] Threads_lock - owner thread: 0x00000000173f8000

Heap:
 PSYoungGen      total 80896K, used 54861K [0x00000000d5b00000, 0x00000000db900000, 0x0000000100000000)
  eden space 66560K, 82% used [0x00000000d5b00000,0x00000000d90935b8,0x00000000d9c00000)
  from space 14336K, 0% used [0x00000000dab00000,0x00000000dab00000,0x00000000db900000)
  to   space 14848K, 0% used [0x00000000d9c00000,0x00000000d9c00000,0x00000000daa80000)
 ParOldGen       total 70144K, used 18585K [0x0000000081000000, 0x0000000085480000, 0x00000000d5b00000)
  object space 70144K, 26% used [0x0000000081000000,0x0000000082226520,0x0000000085480000)
 Metaspace       used 25540K, capacity 27528K, committed 27696K, reserved 1073152K
  class space    used 3708K, capacity 4060K, committed 4144K, reserved 1048576K

Card table byte_map: [0x0000000011c60000,0x0000000012060000] byte_map_base: 0x0000000011858000

Marking Bits: (ParMarkBitMap*) 0x000000005c54b6d0
 Begin Bits: [0x0000000012710000, 0x00000000146d0000)
 End Bits:   [0x00000000146d0000, 0x0000000016690000)

Polling page: 0x0000000002680000

CodeCache: size=245760Kb used=13070Kb max_used=13070Kb free=232689Kb
 bounds [0x00000000028a0000, 0x0000000003570000, 0x00000000118a0000]
 total_blobs=4929 nmethods=4222 adapters=618
 compilation: enabled

Compilation events (10 events):
Event: 11.711 Thread 0x000000001743c000 4447       3       com.sun.javafx.animation.TickCalculation::fromDuration (8 bytes)
Event: 11.712 Thread 0x000000001743c000 nmethod 4447 0x000000000356e190 code [0x000000000356e320, 0x000000000356e568]
Event: 11.712 Thread 0x000000001743c000 4448       3       javafx.util.Duration::toMillis (5 bytes)
Event: 11.712 Thread 0x000000001743c000 nmethod 4448 0x000000000356e690 code [0x000000000356e7e0, 0x000000000356e930]
Event: 11.716 Thread 0x000000001743c000 4449       3       com.sun.javafx.tk.quantum.WindowStage::setInAllowedEventHandler (6 bytes)
Event: 11.716 Thread 0x000000001743c000 nmethod 4449 0x000000000356e9d0 code [0x000000000356eb20, 0x000000000356ec70]
Event: 11.718 Thread 0x000000001743c000 4450       1       com.sun.javafx.stage.WindowEventDispatcher::getLastDispatcher (5 bytes)
Event: 11.718 Thread 0x000000001743c000 nmethod 4450 0x000000000356ed10 code [0x000000000356ee60, 0x000000000356ef70]
Event: 11.729 Thread 0x000000001743c000 4451       1       java.util.logging.Logger::getName (5 bytes)
Event: 11.729 Thread 0x000000001743c000 nmethod 4451 0x000000000356efd0 code [0x000000000356f120, 0x000000000356f230]

GC Heap History (10 events):
Event: 5.910 GC heap before
{Heap before GC invocations=3 (full 0):
 PSYoungGen      total 38400K, used 38377K [0x00000000d5b00000, 0x00000000d8580000, 0x0000000100000000)
  eden space 33280K, 100% used [0x00000000d5b00000,0x00000000d7b80000,0x00000000d7b80000)
  from space 5120K, 99% used [0x00000000d8080000,0x00000000d857a5a0,0x00000000d8580000)
  to   space 5120K, 0% used [0x00000000d7b80000,0x00000000d7b80000,0x00000000d8080000)
 ParOldGen       total 87552K, used 10649K [0x0000000081000000, 0x0000000086580000, 0x00000000d5b00000)
  object space 87552K, 12% used [0x0000000081000000,0x0000000081a66618,0x0000000086580000)
 Metaspace       used 19027K, capacity 19986K, committed 20096K, reserved 1067008K
  class space    used 2679K, capacity 2881K, committed 2944K, reserved 1048576K
Event: 5.917 GC heap after
Heap after GC invocations=3 (full 0):
 PSYoungGen      total 38400K, used 5097K [0x00000000d5b00000, 0x00000000d8580000, 0x0000000100000000)
  eden space 33280K, 0% used [0x00000000d5b00000,0x00000000d5b00000,0x00000000d7b80000)
  from space 5120K, 99% used [0x00000000d7b80000,0x00000000d807a540,0x00000000d8080000)
  to   space 5120K, 0% used [0x00000000d8080000,0x00000000d8080000,0x00000000d8580000)
 ParOldGen       total 87552K, used 12267K [0x0000000081000000, 0x0000000086580000, 0x00000000d5b00000)
  object space 87552K, 14% used [0x0000000081000000,0x0000000081bfad58,0x0000000086580000)
 Metaspace       used 19027K, capacity 19986K, committed 20096K, reserved 1067008K
  class space    used 2679K, capacity 2881K, committed 2944K, reserved 1048576K
}
Event: 6.884 GC heap before
{Heap before GC invocations=4 (full 0):
 PSYoungGen      total 38400K, used 38377K [0x00000000d5b00000, 0x00000000d8580000, 0x0000000100000000)
  eden space 33280K, 100% used [0x00000000d5b00000,0x00000000d7b80000,0x00000000d7b80000)
  from space 5120K, 99% used [0x00000000d7b80000,0x00000000d807a540,0x00000000d8080000)
  to   space 5120K, 0% used [0x00000000d8080000,0x00000000d8080000,0x00000000d8580000)
 ParOldGen       total 87552K, used 12267K [0x0000000081000000, 0x0000000086580000, 0x00000000d5b00000)
  object space 87552K, 14% used [0x0000000081000000,0x0000000081bfad58,0x0000000086580000)
 Metaspace       used 19715K, capacity 20754K, committed 20992K, reserved 1067008K
  class space    used 2821K, capacity 3041K, committed 3072K, reserved 1048576K
Event: 6.892 GC heap after
Heap after GC invocations=4 (full 0):
 PSYoungGen      total 38400K, used 5113K [0x00000000d5b00000, 0x00000000d8580000, 0x0000000100000000)
  eden space 33280K, 0% used [0x00000000d5b00000,0x00000000d5b00000,0x00000000d7b80000)
  from space 5120K, 99% used [0x00000000d8080000,0x00000000d857e550,0x00000000d8580000)
  to   space 5120K, 0% used [0x00000000d7b80000,0x00000000d7b80000,0x00000000d8080000)
 ParOldGen       total 87552K, used 13685K [0x0000000081000000, 0x0000000086580000, 0x00000000d5b00000)
  object space 87552K, 15% used [0x0000000081000000,0x0000000081d5d598,0x0000000086580000)
 Metaspace       used 19715K, capacity 20754K, committed 20992K, reserved 1067008K
  class space    used 2821K, capacity 3041K, committed 3072K, reserved 1048576K
}
Event: 7.101 GC heap before
{Heap before GC invocations=5 (full 0):
 PSYoungGen      total 38400K, used 38393K [0x00000000d5b00000, 0x00000000d8580000, 0x0000000100000000)
  eden space 33280K, 100% used [0x00000000d5b00000,0x00000000d7b80000,0x00000000d7b80000)
  from space 5120K, 99% used [0x00000000d8080000,0x00000000d857e550,0x00000000d8580000)
  to   space 5120K, 0% used [0x00000000d7b80000,0x00000000d7b80000,0x00000000d8080000)
 ParOldGen       total 87552K, used 13685K [0x0000000081000000, 0x0000000086580000, 0x00000000d5b00000)
  object space 87552K, 15% used [0x0000000081000000,0x0000000081d5d598,0x0000000086580000)
 Metaspace       used 19844K, capacity 20944K, committed 20992K, reserved 1067008K
  class space    used 2825K, capacity 3048K, committed 3072K, reserved 1048576K
Event: 7.108 GC heap after
Heap after GC invocations=5 (full 0):
 PSYoungGen      total 38400K, used 4599K [0x00000000d5b00000, 0x00000000dba00000, 0x0000000100000000)
  eden space 33280K, 0% used [0x00000000d5b00000,0x00000000d5b00000,0x00000000d7b80000)
  from space 5120K, 89% used [0x00000000d7b80000,0x00000000d7ffdca0,0x00000000d8080000)
  to   space 15360K, 0% used [0x00000000dab00000,0x00000000dab00000,0x00000000dba00000)
 ParOldGen       total 87552K, used 15406K [0x0000000081000000, 0x0000000086580000, 0x00000000d5b00000)
  object space 87552K, 17% used [0x0000000081000000,0x0000000081f0baa8,0x0000000086580000)
 Metaspace       used 19844K, capacity 20944K, committed 20992K, reserved 1067008K
  class space    used 2825K, capacity 3048K, committed 3072K, reserved 1048576K
}
Event: 7.337 GC heap before
{Heap before GC invocations=6 (full 0):
 PSYoungGen      total 38400K, used 27194K [0x00000000d5b00000, 0x00000000dba00000, 0x0000000100000000)
  eden space 33280K, 67% used [0x00000000d5b00000,0x00000000d7110cf8,0x00000000d7b80000)
  from space 5120K, 89% used [0x00000000d7b80000,0x00000000d7ffdca0,0x00000000d8080000)
  to   space 15360K, 0% used [0x00000000dab00000,0x00000000dab00000,0x00000000dba00000)
 ParOldGen       total 87552K, used 15406K [0x0000000081000000, 0x0000000086580000, 0x00000000d5b00000)
  object space 87552K, 17% used [0x0000000081000000,0x0000000081f0baa8,0x0000000086580000)
 Metaspace       used 20175K, capacity 21248K, committed 21296K, reserved 1067008K
  class space    used 2875K, capacity 3096K, committed 3120K, reserved 1048576K
Event: 7.345 GC heap after
Heap after GC invocations=6 (full 0):
 PSYoungGen      total 80896K, used 5190K [0x00000000d5b00000, 0x00000000db900000, 0x0000000100000000)
  eden space 66560K, 0% used [0x00000000d5b00000,0x00000000d5b00000,0x00000000d9c00000)
  from space 14336K, 36% used [0x00000000dab00000,0x00000000db0119c0,0x00000000db900000)
  to   space 14848K, 0% used [0x00000000d9c00000,0x00000000d9c00000,0x00000000daa80000)
 ParOldGen       total 87552K, used 15406K [0x0000000081000000, 0x0000000086580000, 0x00000000d5b00000)
  object space 87552K, 17% used [0x0000000081000000,0x0000000081f0baa8,0x0000000086580000)
 Metaspace       used 20175K, capacity 21248K, committed 21296K, reserved 1067008K
  class space    used 2875K, capacity 3096K, committed 3120K, reserved 1048576K
}
Event: 7.345 GC heap before
{Heap before GC invocations=7 (full 1):
 PSYoungGen      total 80896K, used 5190K [0x00000000d5b00000, 0x00000000db900000, 0x0000000100000000)
  eden space 66560K, 0% used [0x00000000d5b00000,0x00000000d5b00000,0x00000000d9c00000)
  from space 14336K, 36% used [0x00000000dab00000,0x00000000db0119c0,0x00000000db900000)
  to   space 14848K, 0% used [0x00000000d9c00000,0x00000000d9c00000,0x00000000daa80000)
 ParOldGen       total 87552K, used 15406K [0x0000000081000000, 0x0000000086580000, 0x00000000d5b00000)
  object space 87552K, 17% used [0x0000000081000000,0x0000000081f0baa8,0x0000000086580000)
 Metaspace       used 20175K, capacity 21248K, committed 21296K, reserved 1067008K
  class space    used 2875K, capacity 3096K, committed 3120K, reserved 1048576K
Event: 7.389 GC heap after
Heap after GC invocations=7 (full 1):
 PSYoungGen      total 80896K, used 0K [0x00000000d5b00000, 0x00000000db900000, 0x0000000100000000)
  eden space 66560K, 0% used [0x00000000d5b00000,0x00000000d5b00000,0x00000000d9c00000)
  from space 14336K, 0% used [0x00000000dab00000,0x00000000dab00000,0x00000000db900000)
  to   space 14848K, 0% used [0x00000000d9c00000,0x00000000d9c00000,0x00000000daa80000)
 ParOldGen       total 70144K, used 18585K [0x0000000081000000, 0x0000000085480000, 0x00000000d5b00000)
  object space 70144K, 26% used [0x0000000081000000,0x0000000082226520,0x0000000085480000)
 Metaspace       used 20175K, capacity 21248K, committed 21296K, reserved 1067008K
  class space    used 2875K, capacity 3096K, committed 3120K, reserved 1048576K
}

Deoptimization events (10 events):
Event: 8.793 Thread 0x0000000019139000 Uncommon trap: reason=class_check action=maybe_recompile pc=0x00000000033b0960 method=java.util.WeakHashMap.eq(Ljava/lang/Object;Ljava/lang/Object;)Z @ 7
Event: 8.794 Thread 0x0000000019139000 Uncommon trap: reason=class_check action=maybe_recompile pc=0x00000000033b0960 method=java.util.WeakHashMap.eq(Ljava/lang/Object;Ljava/lang/Object;)Z @ 7
Event: 8.896 Thread 0x000000001915f800 Uncommon trap: reason=unstable_if action=reinterpret pc=0x000000000343c530 method=javafx.scene.CssStyleHelper.canReuseStyleHelper(Ljavafx/scene/Node;Lcom/sun/javafx/css/StyleMap;)Z @ 57
Event: 8.929 Thread 0x000000001915f800 Uncommon trap: reason=unstable_if action=reinterpret pc=0x0000000002ad12fc method=javafx.scene.CssStyleHelper.lookup(Ljavafx/css/Styleable;Ljavafx/css/CssMetaData;Lcom/sun/javafx/css/StyleMap;Ljava/util/Set;Ljavafx/css/Styleable;Lcom/sun/javafx/css/Calcul
Event: 8.941 Thread 0x000000001915f800 Uncommon trap: reason=unstable_if action=reinterpret pc=0x0000000002a95500 method=java.lang.CharacterData.of(I)Ljava/lang/CharacterData; @ 4
Event: 8.973 Thread 0x000000001915f800 Uncommon trap: reason=unstable_if action=reinterpret pc=0x0000000002badf2c method=java.lang.StrictMath.floorOrCeil(DDDD)D @ 24
Event: 8.998 Thread 0x000000001915f800 Uncommon trap: reason=unstable_if action=reinterpret pc=0x00000000034b4d28 method=javafx.scene.Node.impl_markDirty(Lcom/sun/javafx/scene/DirtyBits;)V @ 4
Event: 9.014 Thread 0x000000001915f800 Uncommon trap: reason=unstable_if action=reinterpret pc=0x0000000002e23468 method=jdk.internal.org.objectweb.asm.Type.getArgumentsAndReturnSizes(Ljava/lang/String;)I @ 47
Event: 9.577 Thread 0x000000001915f800 Uncommon trap: reason=unstable_if action=reinterpret pc=0x0000000002fdb484 method=java.util.EnumMap.isValidKey(Ljava/lang/Object;)Z @ 16
Event: 11.124 Thread 0x000000001915f800 Uncommon trap: reason=unstable_if action=reinterpret pc=0x0000000002b22d5c method=javafx.scene.Node.impl_markDirty(Lcom/sun/javafx/scene/DirtyBits;)V @ 4

Internal exceptions (10 events):
Event: 4.153 Thread 0x000000001915f800 Exception <a 'java/io/FileNotFoundException'> (0x00000000d6a62300) thrown at [C:\re\workspace\8-2-build-windows-amd64-cygwin\jdk8u121\8372\hotspot\src\share\vm\prims\jni.cpp, line 709]
Event: 4.730 Thread 0x000000001915f800 Implicit null exception at 0x0000000002c28237 to 0x0000000002c28d19
Event: 4.871 Thread 0x000000001915f800 Implicit null exception at 0x0000000002c2b05b to 0x0000000002c2ba29
Event: 4.875 Thread 0x000000001915f800 Implicit null exception at 0x0000000002c308db to 0x0000000002c312a9
Event: 5.087 Thread 0x000000001915f800 Implicit null exception at 0x0000000002b145d7 to 0x0000000002b149bd
Event: 5.722 Thread 0x000000001915f800 Implicit null exception at 0x0000000002bcab75 to 0x0000000002bcad91
Event: 5.722 Thread 0x000000001915f800 Implicit null exception at 0x0000000002c1ecd8 to 0x0000000002c1ed66
Event: 8.689 Thread 0x0000000019139000 Implicit null exception at 0x000000000305a131 to 0x000000000305d339
Event: 8.740 Thread 0x0000000019139000 Implicit null exception at 0x000000000306b6c7 to 0x000000000306f3bd
Event: 11.730 Thread 0x0000000019b3f000 Exception <a 'java/lang/IllegalStateException'> (0x00000000d8ff3330) thrown at [C:\re\workspace\8-2-build-windows-amd64-cygwin\jdk8u121\8372\hotspot\src\share\vm\prims\jvm.cpp, line 1394]

Events (10 events):
Event: 11.728 loading class java/util/IdentityHashMap$KeyIterator done
Event: 11.728 Thread 0x0000000019c74000 Thread added: 0x0000000019c74000
Event: 11.728 Thread 0x0000000019b3f000 Thread added: 0x0000000019b3f000
Event: 11.729 Thread 0x0000000019c74000 Thread exited: 0x0000000019c74000
Event: 11.729 loading class com/sun/javafx/tk/quantum/QuantumRenderer
Event: 11.729 loading class com/sun/javafx/tk/quantum/QuantumRenderer done
Event: 11.730 loading class com/sun/javafx/tk/quantum/QuantumToolkit
Event: 11.730 loading class com/sun/javafx/tk/quantum/QuantumToolkit done
Event: 11.730 Thread 0x0000000019b3f000 Thread exited: 0x0000000019b3f000
Event: 11.730 Executing VM operation: Exit


Dynamic libraries:
0x00007ff67bb80000 - 0x00007ff67bbb7000 	C:\Program Files\Java\jdk1.8.0_121\bin\javaw.exe
0x00007ffee32b0000 - 0x00007ffee348b000 	C:\WINDOWS\SYSTEM32\ntdll.dll
0x00007ffee1420000 - 0x00007ffee14ce000 	C:\WINDOWS\System32\KERNEL32.DLL
0x00007ffee01c0000 - 0x00007ffee0409000 	C:\WINDOWS\System32\KERNELBASE.dll
0x00007ffee3000000 - 0x00007ffee30a1000 	C:\WINDOWS\System32\ADVAPI32.dll
0x00007ffee2db0000 - 0x00007ffee2e4d000 	C:\WINDOWS\System32\msvcrt.dll
0x00007ffee3130000 - 0x00007ffee3189000 	C:\WINDOWS\System32\sechost.dll
0x00007ffee0870000 - 0x00007ffee0995000 	C:\WINDOWS\System32\RPCRT4.dll
0x00007ffee12d0000 - 0x00007ffee141a000 	C:\WINDOWS\System32\USER32.dll
0x00007ffee0650000 - 0x00007ffee066e000 	C:\WINDOWS\System32\win32u.dll
0x00007ffee2a70000 - 0x00007ffee2a97000 	C:\WINDOWS\System32\GDI32.dll
0x00007ffedff20000 - 0x00007ffee00a8000 	C:\WINDOWS\System32\gdi32full.dll
0x00007ffee0670000 - 0x00007ffee070a000 	C:\WINDOWS\System32\msvcp_win.dll
0x00007ffee0710000 - 0x00007ffee0806000 	C:\WINDOWS\System32\ucrtbase.dll
0x00007ffed4110000 - 0x00007ffed4377000 	C:\WINDOWS\WinSxS\amd64_microsoft.windows.common-controls_6595b64144ccf1df_6.0.15063.483_none_26002d27e7c744a2\COMCTL32.dll
0x00007ffee0b90000 - 0x00007ffee0e89000 	C:\WINDOWS\System32\combase.dll
0x00007ffee05e0000 - 0x00007ffee064a000 	C:\WINDOWS\System32\bcryptPrimitives.dll
0x00007ffee0b60000 - 0x00007ffee0b8d000 	C:\WINDOWS\System32\IMM32.DLL
0x000000005bb70000 - 0x000000005bc42000 	C:\Program Files\Java\jdk1.8.0_121\jre\bin\msvcr100.dll
0x000000005bd30000 - 0x000000005c5cb000 	C:\Program Files\Java\jdk1.8.0_121\jre\bin\server\jvm.dll
0x00007ffee3190000 - 0x00007ffee3198000 	C:\WINDOWS\System32\PSAPI.DLL
0x00007ffedd0e0000 - 0x00007ffedd103000 	C:\WINDOWS\SYSTEM32\WINMM.dll
0x00007ffecfe10000 - 0x00007ffecfe19000 	C:\WINDOWS\SYSTEM32\WSOCK32.dll
0x00007ffee30c0000 - 0x00007ffee312c000 	C:\WINDOWS\System32\WS2_32.dll
0x00007ffeddb20000 - 0x00007ffeddb2a000 	C:\WINDOWS\SYSTEM32\VERSION.dll
0x00007ffedd080000 - 0x00007ffedd0ab000 	C:\WINDOWS\SYSTEM32\WINMMBASE.dll
0x00007ffedfed0000 - 0x00007ffedff19000 	C:\WINDOWS\System32\cfgmgr32.dll
0x000000005bd20000 - 0x000000005bd2f000 	C:\Program Files\Java\jdk1.8.0_121\jre\bin\verify.dll
0x000000005bcf0000 - 0x000000005bd19000 	C:\Program Files\Java\jdk1.8.0_121\jre\bin\java.dll
0x000000005bcd0000 - 0x000000005bce6000 	C:\Program Files\Java\jdk1.8.0_121\jre\bin\zip.dll
0x00007ffee1630000 - 0x00007ffee2a67000 	C:\WINDOWS\System32\SHELL32.dll
0x00007ffee3200000 - 0x00007ffee32aa000 	C:\WINDOWS\System32\shcore.dll
0x00007ffedf7d0000 - 0x00007ffedfec2000 	C:\WINDOWS\System32\windows.storage.dll
0x00007ffee09a0000 - 0x00007ffee09f1000 	C:\WINDOWS\System32\shlwapi.dll
0x00007ffedf740000 - 0x00007ffedf751000 	C:\WINDOWS\System32\kernel.appcore.dll
0x00007ffedf780000 - 0x00007ffedf7cc000 	C:\WINDOWS\System32\powrprof.dll
0x00007ffedf720000 - 0x00007ffedf735000 	C:\WINDOWS\System32\profapi.dll
0x00007ffeb1cc0000 - 0x00007ffeb1daf000 	C:\Program Files\Java\jdk1.8.0_121\jre\bin\msvcr120.dll
0x00007ffeb3040000 - 0x00007ffeb30e6000 	C:\Program Files\Java\jdk1.8.0_121\jre\bin\msvcp120.dll
0x000000005bb40000 - 0x000000005bb62000 	C:\Program Files\Java\jdk1.8.0_121\jre\bin\prism_d3d.dll
0x00007ffea01a0000 - 0x00007ffea0329000 	C:\WINDOWS\system32\d3d9.dll
0x00007ffedbcd0000 - 0x00007ffedbcfa000 	C:\WINDOWS\SYSTEM32\dwmapi.dll
0x00007ffedd550000 - 0x00007ffedd5e5000 	C:\WINDOWS\system32\uxtheme.dll
0x00007ffee14d0000 - 0x00007ffee1590000 	C:\WINDOWS\System32\OLEAUT32.dll
0x00007ffee0a00000 - 0x00007ffee0b45000 	C:\WINDOWS\System32\ole32.dll
0x000000005baf0000 - 0x000000005bb33000 	C:\Program Files\Java\jdk1.8.0_121\jre\bin\glass.dll
0x00007ffee2e50000 - 0x00007ffee2f58000 	C:\WINDOWS\System32\COMDLG32.dll
0x00007ffee2c40000 - 0x00007ffee2da6000 	C:\WINDOWS\System32\MSCTF.dll
0x000000005bad0000 - 0x000000005bae4000 	C:\Program Files\Java\jdk1.8.0_121\jre\bin\javafx_font.dll
0x00007ffed13a0000 - 0x00007ffed165f000 	C:\WINDOWS\SYSTEM32\dwrite.dll
0x000000005bc60000 - 0x000000005bc84000 	C:\Program Files\Java\jdk1.8.0_121\jre\bin\sunec.dll
0x000000005bcb0000 - 0x000000005bcca000 	C:\Program Files\Java\jdk1.8.0_121\jre\bin\net.dll
0x00007ffedeca0000 - 0x00007ffedecfc000 	C:\WINDOWS\system32\mswsock.dll
0x00007ffedea40000 - 0x00007ffedea77000 	C:\WINDOWS\SYSTEM32\IPHLPAPI.DLL
0x00007ffee30b0000 - 0x00007ffee30b8000 	C:\WINDOWS\System32\NSI.dll
0x00007ffed5ae0000 - 0x00007ffed5af6000 	C:\WINDOWS\SYSTEM32\dhcpcsvc6.DLL
0x00007ffed5be0000 - 0x00007ffed5bfa000 	C:\WINDOWS\SYSTEM32\dhcpcsvc.DLL
0x000000005bc90000 - 0x000000005bca1000 	C:\Program Files\Java\jdk1.8.0_121\jre\bin\nio.dll
0x00007ffee1590000 - 0x00007ffee162e000 	C:\WINDOWS\System32\clbcatq.dll
0x00007ffed9bb0000 - 0x00007ffed9d5c000 	C:\WINDOWS\SYSTEM32\WindowsCodecs.dll
0x00007ffebaa40000 - 0x00007ffebaa87000 	C:\WINDOWS\system32\dataexchange.dll
0x00007ffedc440000 - 0x00007ffedc71f000 	C:\WINDOWS\system32\d3d11.dll
0x00007ffeddb70000 - 0x00007ffeddc14000 	C:\WINDOWS\system32\dxgi.dll
0x00007ffedbd00000 - 0x00007ffedbe22000 	C:\WINDOWS\system32\dcomp.dll
0x00007ffedd660000 - 0x00007ffedd7d0000 	C:\WINDOWS\system32\twinapi.appcore.dll
0x00007ffedf5f0000 - 0x00007ffedf615000 	C:\WINDOWS\system32\bcrypt.dll
0x00007ffecada0000 - 0x00007ffecadd1000 	C:\Program Files\Common Files\Microsoft Shared\Ink\rtscom.dll
0x000000005baa0000 - 0x000000005bac3000 	C:\Program Files\Java\jdk1.8.0_121\jre\bin\javafx_iio.dll
0x000000005ba80000 - 0x000000005ba91000 	C:\Program Files\Java\jdk1.8.0_121\jre\bin\prism_common.dll
0x00007ffed5c60000 - 0x00007ffed5ce2000 	C:\WINDOWS\System32\TextInputFramework.dll
0x00007ffed97e0000 - 0x00007ffed9ab2000 	C:\WINDOWS\System32\CoreUIComponents.dll
0x00007ffedcd00000 - 0x00007ffedcde3000 	C:\WINDOWS\System32\CoreMessaging.dll
0x00007ffede6f0000 - 0x00007ffede721000 	C:\WINDOWS\SYSTEM32\ntmarta.dll
0x00007ffedb4b0000 - 0x00007ffedb5e9000 	C:\WINDOWS\SYSTEM32\wintypes.dll
0x00007ffedb360000 - 0x00007ffedb375000 	C:\WINDOWS\SYSTEM32\usermgrcli.dll
0x00007ffedf260000 - 0x00007ffedf409000 	C:\WINDOWS\SYSTEM32\dbghelp.dll

VM Arguments:
jvm_args: -Dfile.encoding=UTF-8 
java_command: com.jeeves.vpl.Main
java_class_path (initial): C:\Users\Daniel\workspace\JeevesMaven\target\classes;C:\Users\Daniel\workspace\JeevesMaven\poi-3.15.jar;C:\Users\Daniel\workspace\JeevesMaven\commons-lang3-3.5.jar;C:\Users\Daniel\workspace\JeevesMaven\controlsfx-8.40.12.jar;C:\Users\Daniel\.m2\repository\commons-codec\commons-codec\1.9\commons-codec-1.9.jar;C:\Users\Daniel\.m2\repository\commons-validator\commons-validator\1.4.1\commons-validator-1.4.1.jar;C:\Users\Daniel\.m2\repository\commons-beanutils\commons-beanutils\1.8.3\commons-beanutils-1.8.3.jar;C:\Users\Daniel\.m2\repository\commons-digester\commons-digester\1.8.1\commons-digester-1.8.1.jar;C:\Users\Daniel\.m2\repository\commons-logging\commons-logging\1.2\commons-logging-1.2.jar;C:\Users\Daniel\.m2\repository\commons-collections\commons-collections\3.2.1\commons-collections-3.2.1.jar;C:\Users\Daniel\.m2\repository\org\apache\shiro\shiro-core\1.3.2\shiro-core-1.3.2.jar;C:\Users\Daniel\.m2\repository\org\slf4j\slf4j-api\1.6.4\slf4j-api-1.6.4.jar;C:\Users\Daniel\.m2\repository\com\google\firebase\firebase-admin\5.1.0\firebase-admin-5.1.0.jar;C:\Users\Daniel\.m2\repository\com\google\api-client\google-api-client\1.22.0\google-api-client-1.22.0.jar;C:\Users\Daniel\.m2\repository\com\google\oauth-client\google-oauth-client\1.22.0\google-oauth-client-1.22.0.jar;C:\Users\Daniel\.m2\repository\com\google\http-client\google-http-client-jackson2\1.22.0\google-http-client-jackson2-1.22.0.jar;C:\Users\Daniel\.m2\repository\com\fasterxml\jackson\core\jackson-core\2.1.3\jackson-core-2.1.3.jar;C:\Users\Daniel\.m2\repository\com\google\api-client\google-api-client-gson\1.22.0\google-api-client-gson-1.22.0.jar;C:\Users\Daniel\.m2\repository\com\google\http-client\google-http-client-gson\1.22.0\google-http-client-gson-1.22.0.jar;C:\Users\Daniel\.m2\repository\com\google\code\gson\gson\2.1\gson-2.1.jar;C:\Users\Daniel\.m2\repository\com\google\http-client\google-http-client\1.22.0\google-http-client-1.22.0.jar;C:\Users\Daniel\.m2\repository\com
Launcher Type: SUN_STANDARD

Environment Variables:
JAVA_HOME=C:\Program Files\Java\jdk1.8.0_121
CLASSPATH=.
USERNAME=Daniel
OS=Windows_NT
PROCESSOR_IDENTIFIER=Intel64 Family 6 Model 69 Stepping 1, GenuineIntel



---------------  S Y S T E M  ---------------

OS: Windows 10.0 , 64 bit Build 15063 (10.0.15063.296)

CPU:total 4 (2 cores per cpu, 2 threads per core) family 6 model 69 stepping 1, cmov, cx8, fxsr, mmx, sse, sse2, sse3, ssse3, sse4.1, sse4.2, popcnt, avx, avx2, aes, clmul, erms, lzcnt, ht, tsc, tscinvbit, bmi1, bmi2

Memory: 4k page, physical 8317080k(3228432k free), swap 16446932k(7566688k free)

vm_info: Java HotSpot(TM) 64-Bit Server VM (25.121-b13) for windows-amd64 JRE (1.8.0_121-b13), built on Dec 12 2016 18:21:36 by "java_re" with MS VC++ 10.0 (VS2010)

time: Mon Aug 21 13:52:13 2017
elapsed time: 13 seconds (0d 0h 0m 13s)

