#
# A fatal error has been detected by the Java Runtime Environment:
#
#  EXCEPTION_ACCESS_VIOLATION (0xc0000005) at pc=0x0000000065f178b0, pid=7564, tid=0x000000000000073c
#
# JRE version: Java(TM) SE Runtime Environment (8.0_161-b12) (build 1.8.0_161-b12)
# Java VM: Java HotSpot(TM) 64-Bit Server VM (25.161-b12 mixed mode windows-amd64 compressed oops)
# Problematic frame:
# C  [glass.dll+0x278b0]
#
# Failed to write core dump. Minidumps are not enabled by default on client versions of Windows
#
# If you would like to submit a bug report, please visit:
#   http://bugreport.java.com/bugreport/crash.jsp
#

---------------  T H R E A D  ---------------

Current thread (0x0000000017d27800):  VMThread [stack: 0x0000000018dc0000,0x0000000018ec0000] [id=1852]

siginfo: ExceptionCode=0xc0000005, reading address 0x0000000000000000

Registers:
RAX=0x0000000000000000, RBX=0x0000000019a18250, RCX=0x0000000017d27800, RDX=0x000000006676dc78
RSP=0x0000000018ebf130, RBP=0x00000000015170a8, RSI=0x0000000001517080, RDI=0x0000bec3c99d66d8
R8 =0x0000000000010002, R9 =0x0000000000000018, R10=0x0000bec3c99d66d8, R11=0x0000000018ebf040
R12=0x0000000000000000, R13=0x0000000000000040, R14=0x0000000018ebf248, R15=0x0000000001517080
RIP=0x0000000065f178b0, EFLAGS=0x0000000000010206

Top of Stack: (sp=0x0000000018ebf130)
0x0000000018ebf130:   0000000000000000 00007ffe74f088db
0x0000000018ebf140:   0000000001517090 0000000001517090
0x0000000018ebf150:   fffffffffffffffe 00000000015170a8
0x0000000018ebf160:   0000000001517088 00007ffe74f0fcb3
0x0000000018ebf170:   0000000065f2c1b0 00007ffe00000000
0x0000000018ebf180:   0000e59123f1bf04 00007ffe6ae05270
0x0000000018ebf190:   fffffffffffffffe 00007ffe74f0fb5d
0x0000000018ebf1a0:   0000000000000001 0000000065ef0000
0x0000000018ebf1b0:   0000000003131638 0000000065f148dc
0x0000000018ebf1c0:   0000000018ebf238 00007ffe74f0f967
0x0000000018ebf1d0:   0000000000000000 0000000018ebf248
0x0000000018ebf1e0:   0000000017c35500 00007ffe74fea080
0x0000000018ebf1f0:   0000000000000000 00007ffe74f0f924
0x0000000018ebf200:   0000000000000000 0000000000000001
0x0000000018ebf210:   0000000000000000 0000000018ebf238
0x0000000018ebf220:   0000000000000000 0000000065f14752 

Instructions: (pc=0x0000000065f178b0)
0x0000000065f17890:   40 53 48 83 ec 30 48 c7 44 24 20 fe ff ff ff 48
0x0000000065f178a0:   8b 1d 7a 72 01 00 48 85 db 74 16 e8 00 81 ff ff
0x0000000065f178b0:   4c 8b 00 48 8b d3 48 8b c8 41 ff 90 b0 00 00 00
0x0000000065f178c0:   90 48 83 c4 30 5b c3 cc cc cc cc cc cc cc cc cc 


Register to memory mapping:

RAX=0x0000000000000000 is an unknown value
RBX=0x0000000019a18250 is a global jni handle
RCX=0x0000000017d27800 is an unknown value
RDX=0x000000006676dc78 is an unknown value
RSP=0x0000000018ebf130 is an unknown value
RBP=0x00000000015170a8 is an unknown value
RSI=0x0000000001517080 is an unknown value
RDI=0x0000bec3c99d66d8 is an unknown value
R8 =0x0000000000010002 is an unknown value
R9 =0x0000000000000018 is an unknown value
R10=0x0000bec3c99d66d8 is an unknown value
R11=0x0000000018ebf040 is an unknown value
R12=0x0000000000000000 is an unknown value
R13=0x0000000000000040 is an unknown value
R14=0x0000000018ebf248 is an unknown value
R15=0x0000000001517080 is an unknown value


Stack: [0x0000000018dc0000,0x0000000018ec0000],  sp=0x0000000018ebf130,  free space=1020k
Native frames: (J=compiled Java code, j=interpreted, Vv=VM code, C=native code)
C  [glass.dll+0x278b0]
C  [ucrtbase.dll+0xfcb3]
C  [ucrtbase.dll+0xf967]
C  [ucrtbase.dll+0xf924]
C  [glass.dll+0x24752]
C  [glass.dll+0x24850]
C  [ntdll.dll+0x3b583]
C  [ntdll.dll+0x47f85]
C  [ntdll.dll+0x47e48]
C  [KERNEL32.DLL+0x1c80a]
C  [msvcr100.dll+0x20ccd]
V  [jvm.dll+0x212e95]
V  [jvm.dll+0x24c227]
V  [jvm.dll+0x24b4c6]
V  [jvm.dll+0x24b961]
V  [jvm.dll+0x24bb7e]
V  [jvm.dll+0x29cc4a]
C  [msvcr100.dll+0x21d9f]
C  [msvcr100.dll+0x21e3b]
C  [KERNEL32.DLL+0x13dc4]
C  [ntdll.dll+0x73691]

VM_Operation (0x000000001a45a5b0): Exit, mode: safepoint, requested by thread 0x0000000019a1a000


---------------  P R O C E S S  ---------------

Java Threads: ( => current thread )
  0x00000000221c2800 JavaThread "Prism Font Disposer" daemon [_thread_blocked, id=11008, stack(0x0000000024620000,0x0000000024720000)]
  0x0000000021084000 JavaThread "JavaFX-Launcher" [_thread_blocked, id=14164, stack(0x0000000021910000,0x0000000021a10000)]
  0x0000000019aa1000 JavaThread "Thread-2" daemon [_thread_in_native, id=5432, stack(0x0000000021810000,0x0000000021910000)]
  0x0000000019a1a000 JavaThread "JavaFX Application Thread" [_thread_blocked, id=2056, stack(0x000000001a360000,0x000000001a460000)]
  0x0000000019a12800 JavaThread "Thread-1" daemon [_thread_blocked, id=19636, stack(0x000000001a260000,0x000000001a360000)]
  0x00000000199f4800 JavaThread "QuantumRenderer-0" daemon [_thread_blocked, id=6228, stack(0x0000000019eb0000,0x0000000019fb0000)]
  0x00000000196e2800 JavaThread "Service Thread" daemon [_thread_blocked, id=11580, stack(0x0000000019ab0000,0x0000000019bb0000)]
  0x0000000017d71800 JavaThread "C1 CompilerThread2" daemon [_thread_blocked, id=19536, stack(0x00000000195b0000,0x00000000196b0000)]
  0x0000000017d6f000 JavaThread "C2 CompilerThread1" daemon [_thread_blocked, id=12572, stack(0x00000000194b0000,0x00000000195b0000)]
  0x0000000017d64800 JavaThread "C2 CompilerThread0" daemon [_thread_blocked, id=18044, stack(0x00000000193b0000,0x00000000194b0000)]
  0x0000000017d63000 JavaThread "Attach Listener" daemon [_thread_blocked, id=5972, stack(0x00000000192b0000,0x00000000193b0000)]
  0x0000000017d61800 JavaThread "Signal Dispatcher" daemon [_thread_blocked, id=14356, stack(0x00000000191b0000,0x00000000192b0000)]
  0x0000000017d4e800 JavaThread "Finalizer" daemon [_thread_blocked, id=2792, stack(0x0000000018fc0000,0x00000000190c0000)]
  0x0000000003266000 JavaThread "Reference Handler" daemon [_thread_blocked, id=5676, stack(0x0000000018ec0000,0x0000000018fc0000)]
  0x0000000003176000 JavaThread "main" [_thread_blocked, id=10316, stack(0x0000000002ff0000,0x00000000030f0000)]

Other Threads:
=>0x0000000017d27800 VMThread [stack: 0x0000000018dc0000,0x0000000018ec0000] [id=1852]

VM state:at safepoint (shutting down)

VM Mutex/Monitor currently owned by a thread:  ([mutex/lock_event])
[0x0000000003172a50] Threads_lock - owner thread: 0x0000000017d27800

Heap:
 PSYoungGen      total 108032K, used 44679K [0x00000000d6000000, 0x00000000e1280000, 0x0000000100000000)
  eden space 93696K, 32% used [0x00000000d6000000,0x00000000d7da1ff0,0x00000000dbb80000)
  from space 14336K, 99% used [0x00000000dbb80000,0x00000000dc97fe90,0x00000000dc980000)
  to   space 23552K, 0% used [0x00000000dfb80000,0x00000000dfb80000,0x00000000e1280000)
 ParOldGen       total 74752K, used 29777K [0x0000000082000000, 0x0000000086900000, 0x00000000d6000000)
  object space 74752K, 39% used [0x0000000082000000,0x0000000083d144f8,0x0000000086900000)
 Metaspace       used 31041K, capacity 33181K, committed 33456K, reserved 1077248K
  class space    used 4373K, capacity 4724K, committed 4784K, reserved 1048576K

Card table byte_map: [0x0000000012630000,0x0000000012a30000] byte_map_base: 0x0000000012220000

Marking Bits: (ParMarkBitMap*) 0x000000006695f860
 Begin Bits: [0x00000000130d0000, 0x0000000015050000)
 End Bits:   [0x0000000015050000, 0x0000000016fd0000)

Polling page: 0x0000000000fe0000

CodeCache: size=245760Kb used=14592Kb max_used=15496Kb free=231167Kb
 bounds [0x0000000003270000, 0x00000000041b0000, 0x0000000012270000]
 total_blobs=5703 nmethods=4936 adapters=678
 compilation: enabled

Compilation events (10 events):
Event: 605.813 Thread 0x0000000017d64800 nmethod 5551 0x0000000003e5c990 code [0x0000000003e5cae0, 0x0000000003e5cb98]
Event: 605.822 Thread 0x0000000017d71800 5553  s!   3       com.sun.scenario.effect.impl.ImagePool::checkOut (447 bytes)
Event: 605.824 Thread 0x0000000017d6f000 5554       4       java.lang.Thread::interrupted (8 bytes)
Event: 605.825 Thread 0x0000000017d71800 nmethod 5553 0x000000000364bd50 code [0x000000000364c160, 0x000000000364ecb8]
Event: 605.825 Thread 0x0000000017d6f000 nmethod 5554 0x00000000036f5c10 code [0x00000000036f5d60, 0x00000000036f5de8]
Event: 606.114 Thread 0x0000000017d71800 5555       1       java.util.logging.LogManager::access$500 (5 bytes)
Event: 606.114 Thread 0x0000000017d6f000 5556       4       java.lang.invoke.MethodType::hashCode (53 bytes)
Event: 606.115 Thread 0x0000000017d71800 nmethod 5555 0x0000000003f3e150 code [0x0000000003f3e2a0, 0x0000000003f3e390]
Event: 606.115 Thread 0x0000000017d71800 5557   !   3       java.util.logging.LogManager::ensureLogManagerInitialized (128 bytes)
Event: 606.115 Thread 0x0000000017d71800 nmethod 5557 0x0000000003bfda90 code [0x0000000003bfdc40, 0x0000000003bfe2c8]

GC Heap History (10 events):
Event: 2.321 GC heap before
{Heap before GC invocations=4 (full 0):
 PSYoungGen      total 37888K, used 22292K [0x00000000d6000000, 0x00000000daa00000, 0x0000000100000000)
  eden space 32768K, 52% used [0x00000000d6000000,0x00000000d70c8d38,0x00000000d8000000)
  from space 5120K, 99% used [0x00000000d8000000,0x00000000d84fc540,0x00000000d8500000)
  to   space 5120K, 0% used [0x00000000da500000,0x00000000da500000,0x00000000daa00000)
 ParOldGen       total 86016K, used 12905K [0x0000000082000000, 0x0000000087400000, 0x00000000d6000000)
  object space 86016K, 15% used [0x0000000082000000,0x0000000082c9a630,0x0000000087400000)
 Metaspace       used 20411K, capacity 21275K, committed 21296K, reserved 1067008K
  class space    used 2881K, capacity 3099K, committed 3120K, reserved 1048576K
Event: 2.328 GC heap after
Heap after GC invocations=4 (full 0):
 PSYoungGen      total 70656K, used 5104K [0x00000000d6000000, 0x00000000daa00000, 0x0000000100000000)
  eden space 65536K, 0% used [0x00000000d6000000,0x00000000d6000000,0x00000000da000000)
  from space 5120K, 99% used [0x00000000da500000,0x00000000da9fc090,0x00000000daa00000)
  to   space 5120K, 0% used [0x00000000da000000,0x00000000da000000,0x00000000da500000)
 ParOldGen       total 86016K, used 13678K [0x0000000082000000, 0x0000000087400000, 0x00000000d6000000)
  object space 86016K, 15% used [0x0000000082000000,0x0000000082d5ba90,0x0000000087400000)
 Metaspace       used 20411K, capacity 21275K, committed 21296K, reserved 1067008K
  class space    used 2881K, capacity 3099K, committed 3120K, reserved 1048576K
}
Event: 2.328 GC heap before
{Heap before GC invocations=5 (full 1):
 PSYoungGen      total 70656K, used 5104K [0x00000000d6000000, 0x00000000daa00000, 0x0000000100000000)
  eden space 65536K, 0% used [0x00000000d6000000,0x00000000d6000000,0x00000000da000000)
  from space 5120K, 99% used [0x00000000da500000,0x00000000da9fc090,0x00000000daa00000)
  to   space 5120K, 0% used [0x00000000da000000,0x00000000da000000,0x00000000da500000)
 ParOldGen       total 86016K, used 13678K [0x0000000082000000, 0x0000000087400000, 0x00000000d6000000)
  object space 86016K, 15% used [0x0000000082000000,0x0000000082d5ba90,0x0000000087400000)
 Metaspace       used 20411K, capacity 21275K, committed 21296K, reserved 1067008K
  class space    used 2881K, capacity 3099K, committed 3120K, reserved 1048576K
Event: 2.368 GC heap after
Heap after GC invocations=5 (full 1):
 PSYoungGen      total 70656K, used 0K [0x00000000d6000000, 0x00000000daa00000, 0x0000000100000000)
  eden space 65536K, 0% used [0x00000000d6000000,0x00000000d6000000,0x00000000da000000)
  from space 5120K, 0% used [0x00000000da500000,0x00000000da500000,0x00000000daa00000)
  to   space 5120K, 0% used [0x00000000da000000,0x00000000da000000,0x00000000da500000)
 ParOldGen       total 74752K, used 16285K [0x0000000082000000, 0x0000000086900000, 0x00000000d6000000)
  object space 74752K, 21% used [0x0000000082000000,0x0000000082fe77e8,0x0000000086900000)
 Metaspace       used 20411K, capacity 21275K, committed 21296K, reserved 1067008K
  class space    used 2881K, capacity 3099K, committed 3120K, reserved 1048576K
}
Event: 2.886 GC heap before
{Heap before GC invocations=6 (full 1):
 PSYoungGen      total 70656K, used 65536K [0x00000000d6000000, 0x00000000daa00000, 0x0000000100000000)
  eden space 65536K, 100% used [0x00000000d6000000,0x00000000da000000,0x00000000da000000)
  from space 5120K, 0% used [0x00000000da500000,0x00000000da500000,0x00000000daa00000)
  to   space 5120K, 0% used [0x00000000da000000,0x00000000da000000,0x00000000da500000)
 ParOldGen       total 74752K, used 16285K [0x0000000082000000, 0x0000000086900000, 0x00000000d6000000)
  object space 74752K, 21% used [0x0000000082000000,0x0000000082fe77e8,0x0000000086900000)
 Metaspace       used 21338K, capacity 22689K, committed 22832K, reserved 1069056K
  class space    used 3093K, capacity 3344K, committed 3376K, reserved 1048576K
Event: 2.889 GC heap after
Heap after GC invocations=6 (full 1):
 PSYoungGen      total 70656K, used 2075K [0x00000000d6000000, 0x00000000dd980000, 0x0000000100000000)
  eden space 65536K, 0% used [0x00000000d6000000,0x00000000d6000000,0x00000000da000000)
  from space 5120K, 40% used [0x00000000da000000,0x00000000da206ef0,0x00000000da500000)
  to   space 14848K, 0% used [0x00000000dcb00000,0x00000000dcb00000,0x00000000dd980000)
 ParOldGen       total 74752K, used 16293K [0x0000000082000000, 0x0000000086900000, 0x00000000d6000000)
  object space 74752K, 21% used [0x0000000082000000,0x0000000082fe97e8,0x0000000086900000)
 Metaspace       used 21338K, capacity 22689K, committed 22832K, reserved 1069056K
  class space    used 3093K, capacity 3344K, committed 3376K, reserved 1048576K
}
Event: 3.312 GC heap before
{Heap before GC invocations=7 (full 1):
 PSYoungGen      total 70656K, used 67611K [0x00000000d6000000, 0x00000000dd980000, 0x0000000100000000)
  eden space 65536K, 100% used [0x00000000d6000000,0x00000000da000000,0x00000000da000000)
  from space 5120K, 40% used [0x00000000da000000,0x00000000da206ef0,0x00000000da500000)
  to   space 14848K, 0% used [0x00000000dcb00000,0x00000000dcb00000,0x00000000dd980000)
 ParOldGen       total 74752K, used 16293K [0x0000000082000000, 0x0000000086900000, 0x00000000d6000000)
  object space 74752K, 21% used [0x0000000082000000,0x0000000082fe97e8,0x0000000086900000)
 Metaspace       used 22643K, capacity 23953K, committed 24112K, reserved 1069056K
  class space    used 3254K, capacity 3516K, committed 3632K, reserved 1048576K
Event: 3.317 GC heap after
Heap after GC invocations=7 (full 1):
 PSYoungGen      total 106496K, used 8246K [0x00000000d6000000, 0x00000000dd780000, 0x0000000100000000)
  eden space 93696K, 0% used [0x00000000d6000000,0x00000000d6000000,0x00000000dbb80000)
  from space 12800K, 64% used [0x00000000dcb00000,0x00000000dd30d9b8,0x00000000dd780000)
  to   space 14336K, 0% used [0x00000000dbb80000,0x00000000dbb80000,0x00000000dc980000)
 ParOldGen       total 74752K, used 16301K [0x0000000082000000, 0x0000000086900000, 0x00000000d6000000)
  object space 74752K, 21% used [0x0000000082000000,0x0000000082feb7e8,0x0000000086900000)
 Metaspace       used 22643K, capacity 23953K, committed 24112K, reserved 1069056K
  class space    used 3254K, capacity 3516K, committed 3632K, reserved 1048576K
}
Event: 5.134 GC heap before
{Heap before GC invocations=8 (full 1):
 PSYoungGen      total 106496K, used 101942K [0x00000000d6000000, 0x00000000dd780000, 0x0000000100000000)
  eden space 93696K, 100% used [0x00000000d6000000,0x00000000dbb80000,0x00000000dbb80000)
  from space 12800K, 64% used [0x00000000dcb00000,0x00000000dd30d9b8,0x00000000dd780000)
  to   space 14336K, 0% used [0x00000000dbb80000,0x00000000dbb80000,0x00000000dc980000)
 ParOldGen       total 74752K, used 16301K [0x0000000082000000, 0x0000000086900000, 0x00000000d6000000)
  object space 74752K, 21% used [0x0000000082000000,0x0000000082feb7e8,0x0000000086900000)
 Metaspace       used 27625K, capacity 29693K, committed 29744K, reserved 1075200K
  class space    used 4021K, capacity 4370K, committed 4400K, reserved 1048576K
Event: 5.168 GC heap after
Heap after GC invocations=8 (full 1):
 PSYoungGen      total 108032K, used 14335K [0x00000000d6000000, 0x00000000e1280000, 0x0000000100000000)
  eden space 93696K, 0% used [0x00000000d6000000,0x00000000d6000000,0x00000000dbb80000)
  from space 14336K, 99% used [0x00000000dbb80000,0x00000000dc97fe90,0x00000000dc980000)
  to   space 23552K, 0% used [0x00000000dfb80000,0x00000000dfb80000,0x00000000e1280000)
 ParOldGen       total 74752K, used 29777K [0x0000000082000000, 0x0000000086900000, 0x00000000d6000000)
  object space 74752K, 39% used [0x0000000082000000,0x0000000083d144f8,0x0000000086900000)
 Metaspace       used 27625K, capacity 29693K, committed 29744K, reserved 1075200K
  class space    used 4021K, capacity 4370K, committed 4400K, reserved 1048576K
}

Deoptimization events (10 events):
Event: 25.055 Thread 0x0000000021660800 Uncommon trap: reason=class_check action=maybe_recompile pc=0x0000000003953aa8 method=java.io.DataInputStream.readChar()C @ 4
Event: 25.055 Thread 0x0000000021660800 Uncommon trap: reason=class_check action=maybe_recompile pc=0x0000000003953aa8 method=java.io.DataInputStream.readChar()C @ 4
Event: 25.055 Thread 0x0000000021660800 Uncommon trap: reason=class_check action=maybe_recompile pc=0x0000000003953aa8 method=java.io.DataInputStream.readChar()C @ 4
Event: 25.158 Thread 0x0000000021660800 Uncommon trap: reason=unstable_if action=reinterpret pc=0x00000000036ae304 method=java.util.Arrays.equals([B[B)Z @ 41
Event: 25.401 Thread 0x0000000021660800 Uncommon trap: reason=bimorphic action=maybe_recompile pc=0x0000000003bbc87c method=java.util.zip.InflaterInputStream.read([BII)I @ 100
Event: 25.498 Thread 0x0000000021660800 Uncommon trap: reason=unstable_if action=reinterpret pc=0x0000000003786ef0 method=java.lang.String.indexOf([CII[CIII)I @ 27
Event: 25.500 Thread 0x0000000021660800 Uncommon trap: reason=predicate action=maybe_recompile pc=0x0000000003908ae4 method=java.util.regex.Pattern$SliceI.match(Ljava/util/regex/Matcher;ILjava/lang/CharSequence;)Z @ 21
Event: 26.292 Thread 0x0000000021660800 Uncommon trap: reason=bimorphic action=maybe_recompile pc=0x0000000003bbc87c method=java.util.zip.InflaterInputStream.read([BII)I @ 100
Event: 26.292 Thread 0x0000000021660800 Uncommon trap: reason=bimorphic action=maybe_recompile pc=0x0000000003bbc87c method=java.util.zip.InflaterInputStream.read([BII)I @ 100
Event: 26.654 Thread 0x0000000021660800 Uncommon trap: reason=bimorphic action=maybe_recompile pc=0x0000000003bbc87c method=java.util.zip.InflaterInputStream.read([BII)I @ 100

Classes redefined (0 events):
No events

Internal exceptions (10 events):
Event: 1.096 Thread 0x0000000019a1a000 Exception <a 'java/lang/ArrayIndexOutOfBoundsException'> (0x00000000d6504060) thrown at [C:\re\workspace\8-2-build-windows-amd64-cygwin\jdk8u161\10277\hotspot\src\share\vm\runtime\sharedRuntime.cpp, line 605]
Event: 1.129 Thread 0x0000000019a1a000 Exception <a 'java/io/FileNotFoundException'> (0x00000000d6736040) thrown at [C:\re\workspace\8-2-build-windows-amd64-cygwin\jdk8u161\10277\hotspot\src\share\vm\prims\jni.cpp, line 709]
Event: 1.142 Thread 0x0000000019a1a000 Exception <a 'java/lang/ArrayIndexOutOfBoundsException': 58> (0x00000000d677e118) thrown at [C:\re\workspace\8-2-build-windows-amd64-cygwin\jdk8u161\10277\hotspot\src\share\vm\interpreter\interpreterRuntime.cpp, line 366]
Event: 1.393 Thread 0x0000000019a1a000 Exception <a 'java/io/FileNotFoundException'> (0x00000000d7bfb420) thrown at [C:\re\workspace\8-2-build-windows-amd64-cygwin\jdk8u161\10277\hotspot\src\share\vm\prims\jni.cpp, line 709]
Event: 2.554 Thread 0x0000000019a1a000 Implicit null exception at 0x00000000035aa7b5 to 0x00000000035aa9cd
Event: 2.554 Thread 0x0000000019a1a000 Implicit null exception at 0x000000000387f87b to 0x000000000387fd2d
Event: 4.279 Thread 0x0000000019a1a000 Implicit null exception at 0x0000000003d4630e to 0x0000000003d47d29
Event: 4.719 Thread 0x00000000199f4800 Implicit null exception at 0x0000000003af3ea9 to 0x0000000003af7035
Event: 4.784 Thread 0x00000000199f4800 Implicit null exception at 0x0000000003ae2c2c to 0x0000000003ae6061
Event: 606.115 Thread 0x00000000229e2800 Exception <a 'java/lang/IllegalStateException'> (0x00000000d7c6ffc0) thrown at [C:\re\workspace\8-2-build-windows-amd64-cygwin\jdk8u161\10277\hotspot\src\share\vm\prims\jvm.cpp, line 1394]

Events (10 events):
Event: 606.113 loading class java/util/IdentityHashMap$KeyIterator done
Event: 606.114 Thread 0x00000000229e2800 Thread added: 0x00000000229e2800
Event: 606.114 Thread 0x00000000229e0000 Thread added: 0x00000000229e0000
Event: 606.114 loading class com/sun/javafx/tk/quantum/QuantumRenderer
Event: 606.114 loading class com/sun/javafx/tk/quantum/QuantumRenderer done
Event: 606.114 Thread 0x00000000229e0000 Thread exited: 0x00000000229e0000
Event: 606.115 loading class com/sun/javafx/tk/quantum/QuantumToolkit
Event: 606.115 loading class com/sun/javafx/tk/quantum/QuantumToolkit done
Event: 606.115 Thread 0x00000000229e2800 Thread exited: 0x00000000229e2800
Event: 606.115 Executing VM operation: Exit


Dynamic libraries:
0x00007ff6e7300000 - 0x00007ff6e7337000 	C:\Program Files\Java\jdk1.8.0_161\bin\javaw.exe
0x00007ffe78b30000 - 0x00007ffe78d11000 	C:\WINDOWS\SYSTEM32\ntdll.dll
0x00007ffe76410000 - 0x00007ffe764c2000 	C:\WINDOWS\System32\KERNEL32.DLL
0x00007ffe75a70000 - 0x00007ffe75ce3000 	C:\WINDOWS\System32\KERNELBASE.dll
0x00007ffe76fb0000 - 0x00007ffe77051000 	C:\WINDOWS\System32\ADVAPI32.dll
0x00007ffe76100000 - 0x00007ffe7619e000 	C:\WINDOWS\System32\msvcrt.dll
0x00007ffe76f50000 - 0x00007ffe76fab000 	C:\WINDOWS\System32\sechost.dll
0x00007ffe76be0000 - 0x00007ffe76d04000 	C:\WINDOWS\System32\RPCRT4.dll
0x00007ffe77060000 - 0x00007ffe771f0000 	C:\WINDOWS\System32\USER32.dll
0x00007ffe750f0000 - 0x00007ffe75110000 	C:\WINDOWS\System32\win32u.dll
0x00007ffe76070000 - 0x00007ffe76098000 	C:\WINDOWS\System32\GDI32.dll
0x00007ffe75da0000 - 0x00007ffe75f32000 	C:\WINDOWS\System32\gdi32full.dll
0x00007ffe75050000 - 0x00007ffe750ef000 	C:\WINDOWS\System32\msvcp_win.dll
0x00007ffe74f00000 - 0x00007ffe74ff8000 	C:\WINDOWS\System32\ucrtbase.dll
0x00007ffe68820000 - 0x00007ffe68a89000 	C:\WINDOWS\WinSxS\amd64_microsoft.windows.common-controls_6595b64144ccf1df_6.0.17134.648_none_fb45a0e93062a6d2\COMCTL32.dll
0x00007ffe771f0000 - 0x00007ffe77512000 	C:\WINDOWS\System32\combase.dll
0x00007ffe75f40000 - 0x00007ffe75fba000 	C:\WINDOWS\System32\bcryptPrimitives.dll
0x00007ffe765b0000 - 0x00007ffe765dd000 	C:\WINDOWS\System32\IMM32.DLL
0x0000000065f70000 - 0x0000000066042000 	C:\Program Files\Java\jdk1.8.0_161\jre\bin\msvcr100.dll
0x0000000066140000 - 0x00000000669df000 	C:\Program Files\Java\jdk1.8.0_161\jre\bin\server\jvm.dll
0x00007ffe76780000 - 0x00007ffe76788000 	C:\WINDOWS\System32\PSAPI.DLL
0x00007ffe62fd0000 - 0x00007ffe62fd9000 	C:\WINDOWS\SYSTEM32\WSOCK32.dll
0x00007ffe775c0000 - 0x00007ffe7762c000 	C:\WINDOWS\System32\WS2_32.dll
0x00007ffe709d0000 - 0x00007ffe709f3000 	C:\WINDOWS\SYSTEM32\WINMM.dll
0x00007ffe6ecf0000 - 0x00007ffe6ecfa000 	C:\WINDOWS\SYSTEM32\VERSION.dll
0x00007ffe709a0000 - 0x00007ffe709ca000 	C:\WINDOWS\SYSTEM32\WINMMBASE.dll
0x00007ffe75000000 - 0x00007ffe75049000 	C:\WINDOWS\System32\cfgmgr32.dll
0x0000000066130000 - 0x000000006613f000 	C:\Program Files\Java\jdk1.8.0_161\jre\bin\verify.dll
0x0000000066100000 - 0x0000000066129000 	C:\Program Files\Java\jdk1.8.0_161\jre\bin\java.dll
0x00000000660e0000 - 0x00000000660f6000 	C:\Program Files\Java\jdk1.8.0_161\jre\bin\zip.dll
0x00007ffe776c0000 - 0x00007ffe78b00000 	C:\WINDOWS\System32\SHELL32.dll
0x00007ffe75fc0000 - 0x00007ffe76069000 	C:\WINDOWS\System32\shcore.dll
0x00007ffe75110000 - 0x00007ffe7581d000 	C:\WINDOWS\System32\windows.storage.dll
0x00007ffe76d90000 - 0x00007ffe76de1000 	C:\WINDOWS\System32\shlwapi.dll
0x00007ffe74e90000 - 0x00007ffe74ea1000 	C:\WINDOWS\System32\kernel.appcore.dll
0x00007ffe74e50000 - 0x00007ffe74e6f000 	C:\WINDOWS\System32\profapi.dll
0x00007ffe74eb0000 - 0x00007ffe74efc000 	C:\WINDOWS\System32\powrprof.dll
0x00007ffe74e40000 - 0x00007ffe74e4a000 	C:\WINDOWS\System32\FLTLIB.DLL
0x0000000001820000 - 0x0000000001823000 	C:\Program Files\Java\jdk1.8.0_161\jre\bin\api-ms-win-core-console-l1-1-0.dll
0x0000000001830000 - 0x0000000001833000 	C:\Program Files\Java\jdk1.8.0_161\jre\bin\api-ms-win-core-datetime-l1-1-0.dll
0x00000000030f0000 - 0x00000000030f3000 	C:\Program Files\Java\jdk1.8.0_161\jre\bin\api-ms-win-core-debug-l1-1-0.dll
0x0000000003100000 - 0x0000000003103000 	C:\Program Files\Java\jdk1.8.0_161\jre\bin\api-ms-win-core-errorhandling-l1-1-0.dll
0x0000000003110000 - 0x0000000003114000 	C:\Program Files\Java\jdk1.8.0_161\jre\bin\api-ms-win-core-file-l1-1-0.dll
0x0000000003120000 - 0x0000000003123000 	C:\Program Files\Java\jdk1.8.0_161\jre\bin\api-ms-win-core-file-l1-2-0.dll
0x0000000003140000 - 0x0000000003143000 	C:\Program Files\Java\jdk1.8.0_161\jre\bin\api-ms-win-core-file-l2-1-0.dll
0x0000000003150000 - 0x0000000003153000 	C:\Program Files\Java\jdk1.8.0_161\jre\bin\api-ms-win-core-handle-l1-1-0.dll
0x0000000019cb0000 - 0x0000000019cb3000 	C:\Program Files\Java\jdk1.8.0_161\jre\bin\api-ms-win-core-heap-l1-1-0.dll
0x0000000019cc0000 - 0x0000000019cc3000 	C:\Program Files\Java\jdk1.8.0_161\jre\bin\api-ms-win-core-interlocked-l1-1-0.dll
0x0000000019cd0000 - 0x0000000019cd3000 	C:\Program Files\Java\jdk1.8.0_161\jre\bin\api-ms-win-core-libraryloader-l1-1-0.dll
0x0000000019ce0000 - 0x0000000019ce3000 	C:\Program Files\Java\jdk1.8.0_161\jre\bin\api-ms-win-core-localization-l1-2-0.dll
0x0000000019cf0000 - 0x0000000019cf3000 	C:\Program Files\Java\jdk1.8.0_161\jre\bin\api-ms-win-core-memory-l1-1-0.dll
0x0000000019d00000 - 0x0000000019d03000 	C:\Program Files\Java\jdk1.8.0_161\jre\bin\api-ms-win-core-namedpipe-l1-1-0.dll
0x0000000019d10000 - 0x0000000019d13000 	C:\Program Files\Java\jdk1.8.0_161\jre\bin\api-ms-win-core-processenvironment-l1-1-0.dll
0x0000000019d20000 - 0x0000000019d23000 	C:\Program Files\Java\jdk1.8.0_161\jre\bin\api-ms-win-core-processthreads-l1-1-0.dll
0x0000000019d30000 - 0x0000000019d33000 	C:\Program Files\Java\jdk1.8.0_161\jre\bin\api-ms-win-core-processthreads-l1-1-1.dll
0x0000000019d40000 - 0x0000000019d43000 	C:\Program Files\Java\jdk1.8.0_161\jre\bin\api-ms-win-core-profile-l1-1-0.dll
0x0000000019d50000 - 0x0000000019d53000 	C:\Program Files\Java\jdk1.8.0_161\jre\bin\api-ms-win-core-rtlsupport-l1-1-0.dll
0x0000000019d60000 - 0x0000000019d63000 	C:\Program Files\Java\jdk1.8.0_161\jre\bin\api-ms-win-core-string-l1-1-0.dll
0x0000000019d70000 - 0x0000000019d73000 	C:\Program Files\Java\jdk1.8.0_161\jre\bin\api-ms-win-core-synch-l1-1-0.dll
0x0000000019d80000 - 0x0000000019d83000 	C:\Program Files\Java\jdk1.8.0_161\jre\bin\api-ms-win-core-synch-l1-2-0.dll
0x0000000019d90000 - 0x0000000019d93000 	C:\Program Files\Java\jdk1.8.0_161\jre\bin\api-ms-win-core-sysinfo-l1-1-0.dll
0x0000000019da0000 - 0x0000000019da3000 	C:\Program Files\Java\jdk1.8.0_161\jre\bin\api-ms-win-core-timezone-l1-1-0.dll
0x0000000019db0000 - 0x0000000019db3000 	C:\Program Files\Java\jdk1.8.0_161\jre\bin\api-ms-win-core-util-l1-1-0.dll
0x0000000019dc0000 - 0x0000000019dc3000 	C:\Program Files\Java\jdk1.8.0_161\jre\bin\api-ms-win-crt-conio-l1-1-0.dll
0x0000000019dd0000 - 0x0000000019dd4000 	C:\Program Files\Java\jdk1.8.0_161\jre\bin\api-ms-win-crt-convert-l1-1-0.dll
0x0000000019de0000 - 0x0000000019de3000 	C:\Program Files\Java\jdk1.8.0_161\jre\bin\api-ms-win-crt-environment-l1-1-0.dll
0x0000000019df0000 - 0x0000000019df3000 	C:\Program Files\Java\jdk1.8.0_161\jre\bin\api-ms-win-crt-filesystem-l1-1-0.dll
0x0000000019e00000 - 0x0000000019e03000 	C:\Program Files\Java\jdk1.8.0_161\jre\bin\api-ms-win-crt-heap-l1-1-0.dll
0x0000000019e10000 - 0x0000000019e13000 	C:\Program Files\Java\jdk1.8.0_161\jre\bin\api-ms-win-crt-locale-l1-1-0.dll
0x0000000019e20000 - 0x0000000019e25000 	C:\Program Files\Java\jdk1.8.0_161\jre\bin\api-ms-win-crt-math-l1-1-0.dll
0x0000000019e30000 - 0x0000000019e35000 	C:\Program Files\Java\jdk1.8.0_161\jre\bin\api-ms-win-crt-multibyte-l1-1-0.dll
0x0000000019e40000 - 0x0000000019e50000 	C:\Program Files\Java\jdk1.8.0_161\jre\bin\api-ms-win-crt-private-l1-1-0.dll
0x0000000019e50000 - 0x0000000019e53000 	C:\Program Files\Java\jdk1.8.0_161\jre\bin\api-ms-win-crt-process-l1-1-0.dll
0x0000000019e60000 - 0x0000000019e64000 	C:\Program Files\Java\jdk1.8.0_161\jre\bin\api-ms-win-crt-runtime-l1-1-0.dll
0x0000000019e70000 - 0x0000000019e74000 	C:\Program Files\Java\jdk1.8.0_161\jre\bin\api-ms-win-crt-stdio-l1-1-0.dll
0x0000000019e80000 - 0x0000000019e84000 	C:\Program Files\Java\jdk1.8.0_161\jre\bin\api-ms-win-crt-string-l1-1-0.dll
0x0000000019e90000 - 0x0000000019e93000 	C:\Program Files\Java\jdk1.8.0_161\jre\bin\api-ms-win-crt-time-l1-1-0.dll
0x0000000019ea0000 - 0x0000000019ea3000 	C:\Program Files\Java\jdk1.8.0_161\jre\bin\api-ms-win-crt-utility-l1-1-0.dll
0x00007ffe37290000 - 0x00007ffe37386000 	C:\Program Files\Java\jdk1.8.0_161\jre\bin\ucrtbase.dll
0x00007ffe61e50000 - 0x00007ffe61ea1000 	C:\Program Files\Java\jdk1.8.0_161\jre\bin\concrt140.dll
0x00007ffe72ab0000 - 0x00007ffe72b4b000 	C:\WINDOWS\SYSTEM32\MSVCP140.dll
0x00007ffe72b50000 - 0x00007ffe72b65000 	C:\WINDOWS\SYSTEM32\VCRUNTIME140.dll
0x00007ffe70060000 - 0x00007ffe70076000 	C:\Program Files\Java\jdk1.8.0_161\jre\bin\vcruntime140.dll
0x00007ffe371f0000 - 0x00007ffe3728c000 	C:\Program Files\Java\jdk1.8.0_161\jre\bin\msvcp140.dll
0x0000000065f40000 - 0x0000000065f63000 	C:\Program Files\Java\jdk1.8.0_161\jre\bin\prism_d3d.dll
0x00007ffe6cbb0000 - 0x00007ffe6cd47000 	C:\WINDOWS\system32\d3d9.dll
0x00007ffe73240000 - 0x00007ffe73269000 	C:\WINDOWS\SYSTEM32\dwmapi.dll
0x00007ffe72780000 - 0x00007ffe72818000 	C:\WINDOWS\system32\uxtheme.dll
0x00007ffe24510000 - 0x00007ffe2821b000 	C:\WINDOWS\System32\DriverStore\FileRepository\ki125173.inf_amd64_6f141e257f4fffee\igdumdim64.dll
0x00007ffe76790000 - 0x00007ffe76bdb000 	C:\WINDOWS\System32\SETUPAPI.dll
0x00007ffe76df0000 - 0x00007ffe76f41000 	C:\WINDOWS\System32\ole32.dll
0x00007ffe764e0000 - 0x00007ffe765a3000 	C:\WINDOWS\System32\OLEAUT32.dll
0x0000000065ef0000 - 0x0000000065f39000 	C:\Program Files\Java\jdk1.8.0_161\jre\bin\glass.dll
0x00007ffe76320000 - 0x00007ffe7640d000 	C:\WINDOWS\System32\COMDLG32.dll
0x00007ffe761a0000 - 0x00007ffe76313000 	C:\WINDOWS\System32\MSCTF.dll
0x00007ffe6a220000 - 0x00007ffe6b82c000 	C:\WINDOWS\System32\DriverStore\FileRepository\ki125173.inf_amd64_6f141e257f4fffee\igc64.dll
0x0000000065ed0000 - 0x0000000065ee4000 	C:\Program Files\Java\jdk1.8.0_161\jre\bin\javafx_font.dll
0x00007ffe64e30000 - 0x00007ffe6514c000 	C:\WINDOWS\SYSTEM32\dwrite.dll
0x0000000066070000 - 0x0000000066094000 	C:\Program Files\Java\jdk1.8.0_161\jre\bin\sunec.dll
0x00000000660c0000 - 0x00000000660da000 	C:\Program Files\Java\jdk1.8.0_161\jre\bin\net.dll
0x00007ffe746c0000 - 0x00007ffe74726000 	C:\WINDOWS\system32\mswsock.dll
0x00007ffe74440000 - 0x00007ffe74478000 	C:\WINDOWS\SYSTEM32\IPHLPAPI.DLL
0x00007ffe77630000 - 0x00007ffe77638000 	C:\WINDOWS\System32\NSI.dll
0x00007ffe6ebf0000 - 0x00007ffe6ec06000 	C:\WINDOWS\SYSTEM32\dhcpcsvc6.DLL
0x00007ffe6ebd0000 - 0x00007ffe6ebea000 	C:\WINDOWS\SYSTEM32\dhcpcsvc.DLL
0x00000000660a0000 - 0x00000000660b1000 	C:\Program Files\Java\jdk1.8.0_161\jre\bin\nio.dll
0x00007ffe77520000 - 0x00007ffe775c0000 	C:\WINDOWS\System32\clbcatq.dll
0x00007ffe6fb20000 - 0x00007ffe6fcce000 	C:\WINDOWS\SYSTEM32\WindowsCodecs.dll
0x00007ffe4b190000 - 0x00007ffe4b1e8000 	C:\WINDOWS\system32\dataexchange.dll
0x00007ffe71cb0000 - 0x00007ffe71fbb000 	C:\WINDOWS\system32\d3d11.dll
0x00007ffe71fc0000 - 0x00007ffe7215c000 	C:\WINDOWS\system32\dcomp.dll
0x00007ffe73c00000 - 0x00007ffe73cbb000 	C:\WINDOWS\system32\dxgi.dll
0x00007ffe733d0000 - 0x00007ffe73588000 	C:\WINDOWS\system32\twinapi.appcore.dll
0x00007ffe73320000 - 0x00007ffe73349000 	C:\WINDOWS\system32\RMCLIENT.dll
0x00007ffe625f0000 - 0x00007ffe62624000 	C:\Program Files\Common Files\Microsoft Shared\Ink\rtscom.dll
0x00007ffe67910000 - 0x00007ffe679a6000 	C:\WINDOWS\System32\TextInputFramework.dll
0x00007ffe6ee90000 - 0x00007ffe6f1ae000 	C:\WINDOWS\System32\CoreUIComponents.dll
0x00007ffe724a0000 - 0x00007ffe7257a000 	C:\WINDOWS\System32\CoreMessaging.dll
0x00007ffe73f30000 - 0x00007ffe73f61000 	C:\WINDOWS\SYSTEM32\ntmarta.dll
0x00007ffe70a00000 - 0x00007ffe70b4d000 	C:\WINDOWS\SYSTEM32\wintypes.dll
0x0000000065ea0000 - 0x0000000065ec3000 	C:\Program Files\Java\jdk1.8.0_161\jre\bin\javafx_iio.dll
0x0000000065e80000 - 0x0000000065e92000 	C:\Program Files\Java\jdk1.8.0_161\jre\bin\prism_common.dll
0x00007ffe74870000 - 0x00007ffe74887000 	C:\WINDOWS\SYSTEM32\CRYPTSP.dll
0x00007ffe742a0000 - 0x00007ffe742d3000 	C:\WINDOWS\system32\rsaenh.dll
0x00007ffe749a0000 - 0x00007ffe749c5000 	C:\WINDOWS\SYSTEM32\bcrypt.dll
0x00007ffe74d40000 - 0x00007ffe74d68000 	C:\WINDOWS\SYSTEM32\USERENV.dll
0x00007ffe74890000 - 0x00007ffe7489b000 	C:\WINDOWS\SYSTEM32\CRYPTBASE.dll
0x0000000066060000 - 0x000000006606b000 	C:\Program Files\Java\jdk1.8.0_161\jre\bin\sunmscapi.dll

VM Arguments:
jvm_args: -Dfile.encoding=UTF-8 
java_command: com.jeeves.vpl.Main
java_class_path (initial): C:\Program Files\Java\jdk1.8.0_161\jre\lib\resources.jar;C:\Program Files\Java\jdk1.8.0_161\jre\lib\rt.jar;C:\Program Files\Java\jdk1.8.0_161\jre\lib\jsse.jar;C:\Program Files\Java\jdk1.8.0_161\jre\lib\jce.jar;C:\Program Files\Java\jdk1.8.0_161\jre\lib\charsets.jar;C:\Program Files\Java\jdk1.8.0_161\jre\lib\jfr.jar;C:\Program Files\Java\jdk1.8.0_161\jre\lib\ext\access-bridge-64.jar;C:\Program Files\Java\jdk1.8.0_161\jre\lib\ext\cldrdata.jar;C:\Program Files\Java\jdk1.8.0_161\jre\lib\ext\dnsns.jar;C:\Program Files\Java\jdk1.8.0_161\jre\lib\ext\jaccess.jar;C:\Program Files\Java\jdk1.8.0_161\jre\lib\ext\jfxrt.jar;C:\Program Files\Java\jdk1.8.0_161\jre\lib\ext\localedata.jar;C:\Program Files\Java\jdk1.8.0_161\jre\lib\ext\nashorn.jar;C:\Program Files\Java\jdk1.8.0_161\jre\lib\ext\sunec.jar;C:\Program Files\Java\jdk1.8.0_161\jre\lib\ext\sunjce_provider.jar;C:\Program Files\Java\jdk1.8.0_161\jre\lib\ext\sunmscapi.jar;C:\Program Files\Java\jdk1.8.0_161\jre\lib\ext\sunpkcs11.jar;C:\Program Files\Java\jdk1.8.0_161\jre\lib\ext\zipfs.jar;C:\Users\danie\eclipse-workspace\Jeeves\target\classes;C:\Users\danie\.m2\repository\commons-codec\commons-codec\1.11\commons-codec-1.11.jar;C:\Users\danie\.m2\repository\commons-validator\commons-validator\1.4.1\commons-validator-1.4.1.jar;C:\Users\danie\.m2\repository\commons-beanutils\commons-beanutils\1.8.3\commons-beanutils-1.8.3.jar;C:\Users\danie\.m2\repository\commons-digester\commons-digester\1.8.1\commons-digester-1.8.1.jar;C:\Users\danie\.m2\repository\commons-logging\commons-logging\1.2\commons-logging-1.2.jar;C:\Users\danie\.m2\repository\commons-collections\commons-collections\3.2.1\commons-collections-3.2.1.jar;C:\Users\danie\.m2\repository\org\apache\shiro\shiro-core\1.3.2\shiro-core-1.3.2.jar;C:\Users\danie\.m2\repository\com\google\firebase\firebase-admin\6.6.0\firebase-admin-6.6.0.jar;C:\Users\danie\.m2\repository\com\google\api-client\google-api-client\1.25.0\google-api-client-1.25.0.jar;C:\Users
Launcher Type: SUN_STANDARD

Environment Variables:
JAVA_HOME=c:\program files\java\jdk1.8.0_161
PATH=C:/Program Files/Java/jdk1.8.0_161/bin/../jre/bin/server;C:/Program Files/Java/jdk1.8.0_161/bin/../jre/bin;C:/Program Files/Java/jdk1.8.0_161/bin/../jre/lib/amd64;C:\Program Files (x86)\Common Files\Oracle\Java\javapath;C:\ProgramData\Oracle\Java\javapath;C:\Program Files (x86)\Intel\Intel(R) Management Engine Components\iCLS\;C:\Program Files\Intel\Intel(R) Management Engine Components\iCLS\;C:\Windows\system32;C:\Windows;C:\Windows\System32\Wbem;C:\Windows\System32\WindowsPowerShell\v1.0\;C:\Program Files (x86)\Intel\Intel(R) Management Engine Components\DAL;C:\Program Files\Intel\Intel(R) Management Engine Components\DAL;C:\Program Files (x86)\Intel\Intel(R) Management Engine Components\IPT;C:\Program Files\Intel\Intel(R) Management Engine Components\IPT;C:\Program Files (x86)\NVIDIA Corporation\PhysX\Common;C:\Python27;C:\Python27\Scripts;C:\Program Files\Git\cmd;C:\Program Files\Git\mingw64\bin;C:\Program Files\Git\usr\bin;C:\WINDOWS\system32;C:\WINDOWS;C:\WINDOWS\System32\Wbem;C:\WINDOWS\System32\WindowsPowerShell\v1.0\;C:\WINDOWS\System32\OpenSSH\;C:\Program Files\PuTTY\;C:\Program Files\Microsoft SQL Server\120\Tools\Binn\;C:\Program Files\Intel\WiFi\bin\;C:\Program Files\Common Files\Intel\WirelessCommon\;C:\Program Files\IBM\SPSS\Statistics\25\JRE\bin;C:\Program Files\nodejs\;C:\Program Files\MATLAB\R2019a\bin;C:\Users\danie\scoop\shims;c:\jruby-9.1.8.0\bin;C:\Ruby24-x64\bin;C:\Users\danie\AppData\Local\Microsoft\WindowsApps;C:\Program Files\Heroku\bin;C:\Users\danie\AppData\Roaming\npm;;C:\WINDOWS\system32;
USERNAME=danie
OS=Windows_NT
PROCESSOR_IDENTIFIER=Intel64 Family 6 Model 158 Stepping 9, GenuineIntel



---------------  S Y S T E M  ---------------

OS: Windows 10.0 , 64 bit Build 17134 (10.0.17134.648)

CPU:total 4 (initial active 4) (4 cores per cpu, 1 threads per core) family 6 model 158 stepping 9, cmov, cx8, fxsr, mmx, sse, sse2, sse3, ssse3, sse4.1, sse4.2, popcnt, avx, avx2, aes, clmul, erms, 3dnowpref, lzcnt, tsc, tscinvbit, bmi1, bmi2, adx

Memory: 4k page, physical 8250724k(1790108k free), swap 14542180k(2889908k free)

vm_info: Java HotSpot(TM) 64-Bit Server VM (25.161-b12) for windows-amd64 JRE (1.8.0_161-b12), built on Dec 19 2017 17:52:25 by "java_re" with MS VC++ 10.0 (VS2010)

time: Fri Mar 22 02:12:54 2019
elapsed time: 606 seconds (0d 0h 10m 6s)

