#
# A fatal error has been detected by the Java Runtime Environment:
#
#  EXCEPTION_ACCESS_VIOLATION (0xc0000005) at pc=0x00000000667c78b0, pid=9144, tid=0x0000000000003380
#
# JRE version: Java(TM) SE Runtime Environment (8.0_151-b12) (build 1.8.0_151-b12)
# Java VM: Java HotSpot(TM) 64-Bit Server VM (25.151-b12 mixed mode windows-amd64 compressed oops)
# Problematic frame:
# C  [glass.dll+0x278b0]
#
# Failed to write core dump. Minidumps are not enabled by default on client versions of Windows
#
# If you would like to submit a bug report, please visit:
#   http://bugreport.java.com/bugreport/crash.jsp
#

---------------  T H R E A D  ---------------

Current thread (0x0000000019cf7800):  VMThread [stack: 0x000000001ad90000,0x000000001ae90000] [id=13184]

siginfo: ExceptionCode=0xc0000005, reading address 0x0000000000000000

Registers:
RAX=0x0000000000000000, RBX=0x000000001c5facd8, RCX=0x0000000019cf7800, RDX=0x0000000067edc658
RSP=0x000000001ae8f450, RBP=0x00000000031a2ad8, RSI=0x00000000031a2ab0, RDI=0x00005776b81fb79f
R8 =0x0000000000010002, R9 =0x000000000000001f, R10=0x00005776b81fb79f, R11=0x000000001ae8f350
R12=0x0000000000000000, R13=0x0000000000000040, R14=0x000000001ae8f568, R15=0x00000000031a2ab0
RIP=0x00000000667c78b0, EFLAGS=0x0000000000010206

Top of Stack: (sp=0x000000001ae8f450)
0x000000001ae8f450:   0000000000000000 00007ff86f3ed00b
0x000000001ae8f460:   00000000031a2ac0 00000000031a2ac0
0x000000001ae8f470:   fffffffffffffffe 00000000031a2ad8
0x000000001ae8f480:   00000000031a2ab8 00007ff86f3f85f3
0x000000001ae8f490:   00000000667dc1b0 00007ff800000000
0x000000001ae8f4a0:   0000000000000000 0000000000000000
0x000000001ae8f4b0:   fffffffffffffffe 0000000000000000
0x000000001ae8f4c0:   0000000000000001 00000000667a0000
0x000000001ae8f4d0:   0000000004f41638 00000000667c48dc
0x000000001ae8f4e0:   000000001ae8f558 00007ff86f3ed157
0x000000001ae8f4f0:   0000000000000000 000000001ae8f568
0x000000001ae8f500:   0000000019c05400 00007ff86f4c70e0
0x000000001ae8f510:   0000000000000000 00007ff86f3f16ee
0x000000001ae8f520:   0000000000000000 0000000000000001
0x000000001ae8f530:   0000000000000001 000000001ae8f558
0x000000001ae8f540:   0000000000000000 00000000667c4752 

Instructions: (pc=0x00000000667c78b0)
0x00000000667c7890:   40 53 48 83 ec 30 48 c7 44 24 20 fe ff ff ff 48
0x00000000667c78a0:   8b 1d 7a 72 01 00 48 85 db 74 16 e8 00 81 ff ff
0x00000000667c78b0:   4c 8b 00 48 8b d3 48 8b c8 41 ff 90 b0 00 00 00
0x00000000667c78c0:   90 48 83 c4 30 5b c3 cc cc cc cc cc cc cc cc cc 


Register to memory mapping:

RAX=0x0000000000000000 is an unknown value
RBX=0x000000001c5facd8 is a global jni handle
RCX=0x0000000019cf7800 is an unknown value
RDX=0x0000000067edc658 is an unknown value
RSP=0x000000001ae8f450 is an unknown value
RBP=0x00000000031a2ad8 is an unknown value
RSI=0x00000000031a2ab0 is an unknown value
RDI=0x00005776b81fb79f is an unknown value
R8 =0x0000000000010002 is an unknown value
R9 =0x000000000000001f is an unknown value
R10=0x00005776b81fb79f is an unknown value
R11=0x000000001ae8f350 is an unknown value
R12=0x0000000000000000 is an unknown value
R13=0x0000000000000040 is an unknown value
R14=0x000000001ae8f568 is an unknown value
R15=0x00000000031a2ab0 is an unknown value


Stack: [0x000000001ad90000,0x000000001ae90000],  sp=0x000000001ae8f450,  free space=1021k
Native frames: (J=compiled Java code, j=interpreted, Vv=VM code, C=native code)
C  [glass.dll+0x278b0]
C  [ucrtbase.dll+0x185f3]
C  [ucrtbase.dll+0xd157]
C  [ucrtbase.dll+0x116ee]
C  [glass.dll+0x24752]
C  [glass.dll+0x24850]
C  [ntdll.dll+0x11493]
C  [ntdll.dll+0x406b5]
C  [ntdll.dll+0x40574]
C  [KERNEL32.DLL+0xf06a]
C  [msvcr100.dll+0x20ccd]
V  [jvm.dll+0x212a95]
V  [jvm.dll+0x24b9a7]
V  [jvm.dll+0x24ac46]
V  [jvm.dll+0x24b0e1]
V  [jvm.dll+0x24b2fe]
V  [jvm.dll+0x29c3ea]
C  [msvcr100.dll+0x21d9f]
C  [msvcr100.dll+0x21e3b]
C  [KERNEL32.DLL+0x11fe4]
C  [ntdll.dll+0x6efb1]

VM_Operation (0x000000001cb2aba0): Exit, mode: safepoint, requested by thread 0x000000001beca800


---------------  P R O C E S S  ---------------

Java Threads: ( => current thread )
  0x000000001c0dd800 JavaThread "Prism Font Disposer" daemon [_thread_blocked, id=7628, stack(0x0000000024090000,0x0000000024190000)]
  0x000000001bf66000 JavaThread "JavaFX-Launcher" [_thread_blocked, id=292, stack(0x00000000211c0000,0x00000000212c0000)]
  0x000000001bf64800 JavaThread "Thread-2" daemon [_thread_in_native, id=14820, stack(0x00000000210c0000,0x00000000211c0000)]
  0x000000001beca800 JavaThread "JavaFX Application Thread" [_thread_blocked, id=13460, stack(0x000000001ca30000,0x000000001cb30000)]
  0x000000001bec7800 JavaThread "Thread-1" daemon [_thread_blocked, id=13536, stack(0x000000001c930000,0x000000001ca30000)]
  0x000000001ba51800 JavaThread "QuantumRenderer-0" daemon [_thread_blocked, id=880, stack(0x000000001c6a0000,0x000000001c7a0000)]
  0x0000000019d8c800 JavaThread "Service Thread" daemon [_thread_blocked, id=8364, stack(0x000000001ba80000,0x000000001bb80000)]
  0x0000000019d39800 JavaThread "C1 CompilerThread2" daemon [_thread_blocked, id=8220, stack(0x000000001b580000,0x000000001b680000)]
  0x0000000019d34000 JavaThread "C2 CompilerThread1" daemon [_thread_blocked, id=12660, stack(0x000000001b480000,0x000000001b580000)]
  0x0000000019d31800 JavaThread "C2 CompilerThread0" daemon [_thread_blocked, id=976, stack(0x000000001b380000,0x000000001b480000)]
  0x0000000019d30000 JavaThread "Attach Listener" daemon [_thread_blocked, id=5632, stack(0x000000001b280000,0x000000001b380000)]
  0x0000000019d2f000 JavaThread "Signal Dispatcher" daemon [_thread_blocked, id=11564, stack(0x000000001b180000,0x000000001b280000)]
  0x0000000019d1a800 JavaThread "Finalizer" daemon [_thread_blocked, id=9872, stack(0x000000001af90000,0x000000001b090000)]
  0x0000000005193000 JavaThread "Reference Handler" daemon [_thread_blocked, id=13924, stack(0x000000001ae90000,0x000000001af90000)]
  0x00000000050a3800 JavaThread "main" [_thread_blocked, id=9692, stack(0x0000000004fa0000,0x00000000050a0000)]

Other Threads:
=>0x0000000019cf7800 VMThread [stack: 0x000000001ad90000,0x000000001ae90000] [id=13184]

VM state:at safepoint (shutting down)

VM Mutex/Monitor currently owned by a thread:  ([mutex/lock_event])
[0x00000000050a0750] Threads_lock - owner thread: 0x0000000019cf7800

Heap:
 PSYoungGen      total 105984K, used 101965K [0x00000000d5b00000, 0x00000000def80000, 0x0000000100000000)
  eden space 100864K, 96% used [0x00000000d5b00000,0x00000000db9ec9c0,0x00000000dbd80000)
  from space 5120K, 93% used [0x00000000dea80000,0x00000000def26cb8,0x00000000def80000)
  to   space 13312K, 0% used [0x00000000dd580000,0x00000000dd580000,0x00000000de280000)
 ParOldGen       total 75264K, used 18013K [0x0000000081000000, 0x0000000085980000, 0x00000000d5b00000)
  object space 75264K, 23% used [0x0000000081000000,0x0000000082197408,0x0000000085980000)
 Metaspace       used 27042K, capacity 28956K, committed 29184K, reserved 1075200K
  class space    used 3978K, capacity 4317K, committed 4352K, reserved 1048576K

Card table byte_map: [0x0000000014560000,0x0000000014960000] byte_map_base: 0x0000000014158000

Marking Bits: (ParMarkBitMap*) 0x00000000680cd850
 Begin Bits: [0x0000000015010000, 0x0000000016fd0000)
 End Bits:   [0x0000000016fd0000, 0x0000000018f90000)

Polling page: 0x0000000003130000

CodeCache: size=245760Kb used=13758Kb max_used=13769Kb free=232001Kb
 bounds [0x00000000051a0000, 0x0000000005f20000, 0x00000000141a0000]
 total_blobs=5309 nmethods=4575 adapters=644
 compilation: enabled

Compilation events (10 events):
Event: 7.097 Thread 0x0000000019d39800 4608       3       javafx.scene.input.MouseEvent::copyFor (18 bytes)
Event: 7.098 Thread 0x0000000019d39800 nmethod 4608 0x0000000005f150d0 code [0x0000000005f15280, 0x0000000005f158f8]
Event: 7.098 Thread 0x0000000019d39800 4609       3       javafx.event.Event::copyFor (45 bytes)
Event: 7.098 Thread 0x0000000019d39800 nmethod 4609 0x0000000005f15b90 code [0x0000000005f15d20, 0x0000000005f16238]
Event: 7.138 Thread 0x0000000019d31800 4610   !   4       java.util.zip.ZipFile$ZipFileInputStream::read (131 bytes)
Event: 7.142 Thread 0x0000000019d39800 4611       3       jdk.internal.org.objectweb.asm.FieldWriter::visitEnd (1 bytes)
Event: 7.142 Thread 0x0000000019d39800 nmethod 4611 0x0000000005f16410 code [0x0000000005f16560, 0x0000000005f166b0]
Event: 7.143 Thread 0x0000000019d31800 nmethod 4610 0x0000000005f19910 code [0x0000000005f19a80, 0x0000000005f1a078]
Event: 7.147 Thread 0x0000000019d39800 4612       3       jdk.internal.org.objectweb.asm.FieldVisitor::<init> (35 bytes)
Event: 7.148 Thread 0x0000000019d39800 nmethod 4612 0x0000000005f19390 code [0x0000000005f19500, 0x0000000005f19808]

GC Heap History (10 events):
Event: 1.841 GC heap before
{Heap before GC invocations=3 (full 0):
 PSYoungGen      total 38400K, used 38393K [0x00000000d5b00000, 0x00000000da600000, 0x0000000100000000)
  eden space 33280K, 100% used [0x00000000d5b00000,0x00000000d7b80000,0x00000000d7b80000)
  from space 5120K, 99% used [0x00000000d8080000,0x00000000d857e5d0,0x00000000d8580000)
  to   space 5120K, 0% used [0x00000000d7b80000,0x00000000d7b80000,0x00000000d8080000)
 ParOldGen       total 87552K, used 8905K [0x0000000081000000, 0x0000000086580000, 0x00000000d5b00000)
  object space 87552K, 10% used [0x0000000081000000,0x00000000818b2410,0x0000000086580000)
 Metaspace       used 18082K, capacity 18688K, committed 18816K, reserved 1064960K
  class space    used 2508K, capacity 2675K, committed 2688K, reserved 1048576K
Event: 1.848 GC heap after
Heap after GC invocations=3 (full 0):
 PSYoungGen      total 38400K, used 5113K [0x00000000d5b00000, 0x00000000da600000, 0x0000000100000000)
  eden space 33280K, 0% used [0x00000000d5b00000,0x00000000d5b00000,0x00000000d7b80000)
  from space 5120K, 99% used [0x00000000d7b80000,0x00000000d807e590,0x00000000d8080000)
  to   space 5120K, 0% used [0x00000000da100000,0x00000000da100000,0x00000000da600000)
 ParOldGen       total 87552K, used 12499K [0x0000000081000000, 0x0000000086580000, 0x00000000d5b00000)
  object space 87552K, 14% used [0x0000000081000000,0x0000000081c34cd8,0x0000000086580000)
 Metaspace       used 18082K, capacity 18688K, committed 18816K, reserved 1064960K
  class space    used 2508K, capacity 2675K, committed 2688K, reserved 1048576K
}
Event: 2.159 GC heap before
{Heap before GC invocations=4 (full 0):
 PSYoungGen      total 38400K, used 38393K [0x00000000d5b00000, 0x00000000da600000, 0x0000000100000000)
  eden space 33280K, 100% used [0x00000000d5b00000,0x00000000d7b80000,0x00000000d7b80000)
  from space 5120K, 99% used [0x00000000d7b80000,0x00000000d807e590,0x00000000d8080000)
  to   space 5120K, 0% used [0x00000000da100000,0x00000000da100000,0x00000000da600000)
 ParOldGen       total 87552K, used 12499K [0x0000000081000000, 0x0000000086580000, 0x00000000d5b00000)
  object space 87552K, 14% used [0x0000000081000000,0x0000000081c34cd8,0x0000000086580000)
 Metaspace       used 19886K, capacity 20800K, committed 20992K, reserved 1067008K
  class space    used 2871K, capacity 3063K, committed 3072K, reserved 1048576K
Event: 2.169 GC heap after
Heap after GC invocations=4 (full 0):
 PSYoungGen      total 71680K, used 4535K [0x00000000d5b00000, 0x00000000da600000, 0x0000000100000000)
  eden space 66560K, 0% used [0x00000000d5b00000,0x00000000d5b00000,0x00000000d9c00000)
  from space 5120K, 88% used [0x00000000da100000,0x00000000da56dce0,0x00000000da600000)
  to   space 5120K, 0% used [0x00000000d9c00000,0x00000000d9c00000,0x00000000da100000)
 ParOldGen       total 87552K, used 14228K [0x0000000081000000, 0x0000000086580000, 0x00000000d5b00000)
  object space 87552K, 16% used [0x0000000081000000,0x0000000081de51e8,0x0000000086580000)
 Metaspace       used 19886K, capacity 20800K, committed 20992K, reserved 1067008K
  class space    used 2871K, capacity 3063K, committed 3072K, reserved 1048576K
}
Event: 2.282 GC heap before
{Heap before GC invocations=5 (full 0):
 PSYoungGen      total 71680K, used 26291K [0x00000000d5b00000, 0x00000000da600000, 0x0000000100000000)
  eden space 66560K, 32% used [0x00000000d5b00000,0x00000000d703f0b0,0x00000000d9c00000)
  from space 5120K, 88% used [0x00000000da100000,0x00000000da56dce0,0x00000000da600000)
  to   space 5120K, 0% used [0x00000000d9c00000,0x00000000d9c00000,0x00000000da100000)
 ParOldGen       total 87552K, used 14228K [0x0000000081000000, 0x0000000086580000, 0x00000000d5b00000)
  object space 87552K, 16% used [0x0000000081000000,0x0000000081de51e8,0x0000000086580000)
 Metaspace       used 20285K, capacity 21262K, committed 21296K, reserved 1067008K
  class space    used 2961K, capacity 3168K, committed 3200K, reserved 1048576K
Event: 2.288 GC heap after
Heap after GC invocations=5 (full 0):
 PSYoungGen      total 71680K, used 4791K [0x00000000d5b00000, 0x00000000df800000, 0x0000000100000000)
  eden space 66560K, 0% used [0x00000000d5b00000,0x00000000d5b00000,0x00000000d9c00000)
  from space 5120K, 93% used [0x00000000d9c00000,0x00000000da0adce0,0x00000000da100000)
  to   space 13824K, 0% used [0x00000000dea80000,0x00000000dea80000,0x00000000df800000)
 ParOldGen       total 87552K, used 14236K [0x0000000081000000, 0x0000000086580000, 0x00000000d5b00000)
  object space 87552K, 16% used [0x0000000081000000,0x0000000081de71e8,0x0000000086580000)
 Metaspace       used 20285K, capacity 21262K, committed 21296K, reserved 1067008K
  class space    used 2961K, capacity 3168K, committed 3200K, reserved 1048576K
}
Event: 2.288 GC heap before
{Heap before GC invocations=6 (full 1):
 PSYoungGen      total 71680K, used 4791K [0x00000000d5b00000, 0x00000000df800000, 0x0000000100000000)
  eden space 66560K, 0% used [0x00000000d5b00000,0x00000000d5b00000,0x00000000d9c00000)
  from space 5120K, 93% used [0x00000000d9c00000,0x00000000da0adce0,0x00000000da100000)
  to   space 13824K, 0% used [0x00000000dea80000,0x00000000dea80000,0x00000000df800000)
 ParOldGen       total 87552K, used 14236K [0x0000000081000000, 0x0000000086580000, 0x00000000d5b00000)
  object space 87552K, 16% used [0x0000000081000000,0x0000000081de71e8,0x0000000086580000)
 Metaspace       used 20285K, capacity 21262K, committed 21296K, reserved 1067008K
  class space    used 2961K, capacity 3168K, committed 3200K, reserved 1048576K
Event: 2.333 GC heap after
Heap after GC invocations=6 (full 1):
 PSYoungGen      total 71680K, used 0K [0x00000000d5b00000, 0x00000000df800000, 0x0000000100000000)
  eden space 66560K, 0% used [0x00000000d5b00000,0x00000000d5b00000,0x00000000d9c00000)
  from space 5120K, 0% used [0x00000000d9c00000,0x00000000d9c00000,0x00000000da100000)
  to   space 13824K, 0% used [0x00000000dea80000,0x00000000dea80000,0x00000000df800000)
 ParOldGen       total 75264K, used 18005K [0x0000000081000000, 0x0000000085980000, 0x00000000d5b00000)
  object space 75264K, 23% used [0x0000000081000000,0x0000000082195408,0x0000000085980000)
 Metaspace       used 20285K, capacity 21262K, committed 21296K, reserved 1067008K
  class space    used 2961K, capacity 3168K, committed 3200K, reserved 1048576K
}
Event: 2.835 GC heap before
{Heap before GC invocations=7 (full 1):
 PSYoungGen      total 71680K, used 66560K [0x00000000d5b00000, 0x00000000df800000, 0x0000000100000000)
  eden space 66560K, 100% used [0x00000000d5b00000,0x00000000d9c00000,0x00000000d9c00000)
  from space 5120K, 0% used [0x00000000d9c00000,0x00000000d9c00000,0x00000000da100000)
  to   space 13824K, 0% used [0x00000000dea80000,0x00000000dea80000,0x00000000df800000)
 ParOldGen       total 75264K, used 18005K [0x0000000081000000, 0x0000000085980000, 0x00000000d5b00000)
  object space 75264K, 23% used [0x0000000081000000,0x0000000082195408,0x0000000085980000)
 Metaspace       used 21790K, capacity 22856K, committed 22912K, reserved 1069056K
  class space    used 3199K, capacity 3439K, committed 3456K, reserved 1048576K
Event: 2.839 GC heap after
Heap after GC invocations=7 (full 1):
 PSYoungGen      total 105984K, used 4763K [0x00000000d5b00000, 0x00000000def80000, 0x0000000100000000)
  eden space 100864K, 0% used [0x00000000d5b00000,0x00000000d5b00000,0x00000000dbd80000)
  from space 5120K, 93% used [0x00000000dea80000,0x00000000def26cb8,0x00000000def80000)
  to   space 13312K, 0% used [0x00000000dd580000,0x00000000dd580000,0x00000000de280000)
 ParOldGen       total 75264K, used 18013K [0x0000000081000000, 0x0000000085980000, 0x00000000d5b00000)
  object space 75264K, 23% used [0x0000000081000000,0x0000000082197408,0x0000000085980000)
 Metaspace       used 21790K, capacity 22856K, committed 22912K, reserved 1069056K
  class space    used 3199K, capacity 3439K, committed 3456K, reserved 1048576K
}

Deoptimization events (10 events):
Event: 3.868 Thread 0x000000001beca800 Uncommon trap: reason=unstable_if action=reinterpret pc=0x0000000005cc025c method=javafx.scene.CssStyleHelper.getStyleMap(Ljavafx/css/Styleable;)Lcom/sun/javafx/css/StyleMap; @ 4
Event: 4.350 Thread 0x000000001ba51800 Uncommon trap: reason=unstable_if action=reinterpret pc=0x00000000059f3674 method=java.lang.Class.arrayContentsEq([Ljava/lang/Object;[Ljava/lang/Object;)Z @ 1
Event: 4.400 Thread 0x000000001ba51800 Uncommon trap: reason=unstable_if action=reinterpret pc=0x00000000059e2608 method=java.lang.Class.arrayContentsEq([Ljava/lang/Object;[Ljava/lang/Object;)Z @ 1
Event: 4.524 Thread 0x000000001ba51800 Uncommon trap: reason=bimorphic action=maybe_recompile pc=0x0000000005deefa8 method=java.util.WeakHashMap.eq(Ljava/lang/Object;Ljava/lang/Object;)Z @ 7
Event: 4.526 Thread 0x000000001ba51800 Uncommon trap: reason=bimorphic action=maybe_recompile pc=0x0000000005deefa8 method=java.util.WeakHashMap.eq(Ljava/lang/Object;Ljava/lang/Object;)Z @ 7
Event: 4.527 Thread 0x000000001ba51800 Uncommon trap: reason=bimorphic action=maybe_recompile pc=0x0000000005deefa8 method=java.util.WeakHashMap.eq(Ljava/lang/Object;Ljava/lang/Object;)Z @ 7
Event: 4.527 Thread 0x000000001ba51800 Uncommon trap: reason=bimorphic action=maybe_recompile pc=0x0000000005deefa8 method=java.util.WeakHashMap.eq(Ljava/lang/Object;Ljava/lang/Object;)Z @ 7
Event: 4.699 Thread 0x000000001beca800 Uncommon trap: reason=unstable_if action=reinterpret pc=0x0000000005e0ce94 method=javafx.scene.CssStyleHelper.getStyle(Ljavafx/css/Styleable;Ljava/lang/String;Lcom/sun/javafx/css/StyleMap;Ljava/util/Set;)Lcom/sun/javafx/css/CascadingStyle; @ 1
Event: 4.711 Thread 0x000000001beca800 Uncommon trap: reason=unstable_if action=reinterpret pc=0x0000000005988144 method=java.util.EnumMap.isValidKey(Ljava/lang/Object;)Z @ 16
Event: 4.749 Thread 0x000000001beca800 Uncommon trap: reason=unstable_if action=reinterpret pc=0x000000000582d568 method=jdk.internal.org.objectweb.asm.Type.getArgumentsAndReturnSizes(Ljava/lang/String;)I @ 47

Internal exceptions (10 events):
Event: 0.830 Thread 0x000000001beca800 Exception <a 'java/lang/ArrayIndexOutOfBoundsException': 58> (0x00000000d6131008) thrown at [C:\re\workspace\8-2-build-windows-amd64-cygwin\jdk8u151\9699\hotspot\src\share\vm\interpreter\interpreterRuntime.cpp, line 366]
Event: 1.146 Thread 0x000000001beca800 Exception <a 'java/io/FileNotFoundException'> (0x00000000d7464ff0) thrown at [C:\re\workspace\8-2-build-windows-amd64-cygwin\jdk8u151\9699\hotspot\src\share\vm\prims\jni.cpp, line 709]
Event: 1.290 Thread 0x000000001beca800 Exception <a 'java/lang/NoClassDefFoundError': org/slf4j/impl/StaticLoggerBinder> (0x00000000d7946688) thrown at [C:\re\workspace\8-2-build-windows-amd64-cygwin\jdk8u151\9699\hotspot\src\share\vm\classfile\systemDictionary.cpp, line 199]
Event: 2.153 Thread 0x000000001beca800 Implicit null exception at 0x00000000054de735 to 0x00000000054de94d
Event: 2.153 Thread 0x000000001beca800 Implicit null exception at 0x0000000005548e98 to 0x0000000005548f26
Event: 3.868 Thread 0x000000001beca800 Implicit null exception at 0x0000000005cbd468 to 0x0000000005cc0245
Event: 4.350 Thread 0x000000001ba51800 Implicit null exception at 0x00000000059f0391 to 0x00000000059f3605
Event: 4.400 Thread 0x000000001ba51800 Implicit null exception at 0x00000000059df044 to 0x00000000059e2595
Event: 4.699 Thread 0x000000001beca800 Implicit null exception at 0x0000000005e0593e to 0x0000000005e0ce7d
Event: 7.152 Thread 0x0000000025996800 Exception <a 'java/lang/IllegalStateException'> (0x00000000db7fa818) thrown at [C:\re\workspace\8-2-build-windows-amd64-cygwin\jdk8u151\9699\hotspot\src\share\vm\prims\jvm.cpp, line 1394]

Events (10 events):
Event: 7.151 loading class java/util/IdentityHashMap$KeyIterator done
Event: 7.151 Thread 0x0000000025996800 Thread added: 0x0000000025996800
Event: 7.151 Thread 0x0000000025997800 Thread added: 0x0000000025997800
Event: 7.151 Thread 0x0000000025997800 Thread exited: 0x0000000025997800
Event: 7.151 loading class com/sun/javafx/tk/quantum/QuantumRenderer
Event: 7.151 loading class com/sun/javafx/tk/quantum/QuantumRenderer done
Event: 7.152 loading class com/sun/javafx/tk/quantum/QuantumToolkit
Event: 7.152 loading class com/sun/javafx/tk/quantum/QuantumToolkit done
Event: 7.152 Thread 0x0000000025996800 Thread exited: 0x0000000025996800
Event: 7.152 Executing VM operation: Exit


Dynamic libraries:
0x00007ff71cf40000 - 0x00007ff71cf77000 	C:\Program Files\Java\jre1.8.0_151\bin\javaw.exe
0x00007ff872f70000 - 0x00007ff873150000 	C:\WINDOWS\SYSTEM32\ntdll.dll
0x00007ff8706d0000 - 0x00007ff87077e000 	C:\WINDOWS\System32\KERNEL32.DLL
0x00007ff86f4e0000 - 0x00007ff86f746000 	C:\WINDOWS\System32\KERNELBASE.dll
0x00007ff872ad0000 - 0x00007ff872b71000 	C:\WINDOWS\System32\ADVAPI32.dll
0x00007ff872e50000 - 0x00007ff872eed000 	C:\WINDOWS\System32\msvcrt.dll
0x00007ff870810000 - 0x00007ff87086b000 	C:\WINDOWS\System32\sechost.dll
0x00007ff870e60000 - 0x00007ff870f7f000 	C:\WINDOWS\System32\RPCRT4.dll
0x00007ff8710d0000 - 0x00007ff87125f000 	C:\WINDOWS\System32\USER32.dll
0x00007ff86f3c0000 - 0x00007ff86f3e0000 	C:\WINDOWS\System32\win32u.dll
0x00007ff8712d0000 - 0x00007ff8712f8000 	C:\WINDOWS\System32\GDI32.dll
0x00007ff86f8e0000 - 0x00007ff86fa73000 	C:\WINDOWS\System32\gdi32full.dll
0x00007ff8703a0000 - 0x00007ff87043b000 	C:\WINDOWS\System32\msvcp_win.dll
0x00007ff86f3e0000 - 0x00007ff86f4d6000 	C:\WINDOWS\System32\ucrtbase.dll
0x00007ff8685a0000 - 0x00007ff868809000 	C:\WINDOWS\WinSxS\amd64_microsoft.windows.common-controls_6595b64144ccf1df_6.0.16299.192_none_15c8cdae9364c23b\COMCTL32.dll
0x00007ff871300000 - 0x00007ff871608000 	C:\WINDOWS\System32\combase.dll
0x00007ff86f800000 - 0x00007ff86f872000 	C:\WINDOWS\System32\bcryptPrimitives.dll
0x00007ff872f00000 - 0x00007ff872f2d000 	C:\WINDOWS\System32\IMM32.DLL
0x0000000067140000 - 0x0000000067212000 	C:\Program Files\Java\jre1.8.0_151\bin\msvcr100.dll
0x00000000678b0000 - 0x000000006814d000 	C:\Program Files\Java\jre1.8.0_151\bin\server\jvm.dll
0x00007ff872f30000 - 0x00007ff872f38000 	C:\WINDOWS\System32\PSAPI.DLL
0x00007ff868fb0000 - 0x00007ff868fd3000 	C:\WINDOWS\SYSTEM32\WINMM.dll
0x00007ff864f90000 - 0x00007ff864f99000 	C:\WINDOWS\SYSTEM32\WSOCK32.dll
0x00007ff871260000 - 0x00007ff8712cc000 	C:\WINDOWS\System32\WS2_32.dll
0x00007ff867670000 - 0x00007ff86767a000 	C:\WINDOWS\SYSTEM32\VERSION.dll
0x00007ff868f80000 - 0x00007ff868faa000 	C:\WINDOWS\SYSTEM32\winmmbase.dll
0x00007ff86f370000 - 0x00007ff86f3ba000 	C:\WINDOWS\System32\cfgmgr32.dll
0x00000000678a0000 - 0x00000000678af000 	C:\Program Files\Java\jre1.8.0_151\bin\verify.dll
0x0000000067870000 - 0x0000000067899000 	C:\Program Files\Java\jre1.8.0_151\bin\java.dll
0x0000000067850000 - 0x0000000067866000 	C:\Program Files\Java\jre1.8.0_151\bin\zip.dll
0x00007ff871630000 - 0x00007ff872a66000 	C:\WINDOWS\System32\SHELL32.dll
0x00007ff870440000 - 0x00007ff8704e6000 	C:\WINDOWS\System32\shcore.dll
0x00007ff86fc50000 - 0x00007ff870397000 	C:\WINDOWS\System32\windows.storage.dll
0x00007ff872a70000 - 0x00007ff872ac1000 	C:\WINDOWS\System32\shlwapi.dll
0x00007ff86f300000 - 0x00007ff86f311000 	C:\WINDOWS\System32\kernel.appcore.dll
0x00007ff86f320000 - 0x00007ff86f36c000 	C:\WINDOWS\System32\powrprof.dll
0x00007ff86f2e0000 - 0x00007ff86f2fb000 	C:\WINDOWS\System32\profapi.dll
0x0000000003570000 - 0x0000000003573000 	C:\Program Files\Java\jre1.8.0_151\bin\api-ms-win-core-console-l1-1-0.dll
0x0000000003580000 - 0x0000000003583000 	C:\Program Files\Java\jre1.8.0_151\bin\api-ms-win-core-datetime-l1-1-0.dll
0x0000000003590000 - 0x0000000003593000 	C:\Program Files\Java\jre1.8.0_151\bin\api-ms-win-core-debug-l1-1-0.dll
0x00000000035a0000 - 0x00000000035a3000 	C:\Program Files\Java\jre1.8.0_151\bin\api-ms-win-core-errorhandling-l1-1-0.dll
0x00000000035b0000 - 0x00000000035b4000 	C:\Program Files\Java\jre1.8.0_151\bin\api-ms-win-core-file-l1-1-0.dll
0x00000000035c0000 - 0x00000000035c3000 	C:\Program Files\Java\jre1.8.0_151\bin\api-ms-win-core-file-l1-2-0.dll
0x00000000035d0000 - 0x00000000035d3000 	C:\Program Files\Java\jre1.8.0_151\bin\api-ms-win-core-file-l2-1-0.dll
0x00000000035e0000 - 0x00000000035e3000 	C:\Program Files\Java\jre1.8.0_151\bin\api-ms-win-core-handle-l1-1-0.dll
0x00000000035f0000 - 0x00000000035f3000 	C:\Program Files\Java\jre1.8.0_151\bin\api-ms-win-core-heap-l1-1-0.dll
0x0000000003600000 - 0x0000000003603000 	C:\Program Files\Java\jre1.8.0_151\bin\api-ms-win-core-interlocked-l1-1-0.dll
0x0000000003610000 - 0x0000000003613000 	C:\Program Files\Java\jre1.8.0_151\bin\api-ms-win-core-libraryloader-l1-1-0.dll
0x0000000004ed0000 - 0x0000000004ed3000 	C:\Program Files\Java\jre1.8.0_151\bin\api-ms-win-core-localization-l1-2-0.dll
0x0000000004ee0000 - 0x0000000004ee3000 	C:\Program Files\Java\jre1.8.0_151\bin\api-ms-win-core-memory-l1-1-0.dll
0x0000000004ef0000 - 0x0000000004ef3000 	C:\Program Files\Java\jre1.8.0_151\bin\api-ms-win-core-namedpipe-l1-1-0.dll
0x0000000004f00000 - 0x0000000004f03000 	C:\Program Files\Java\jre1.8.0_151\bin\api-ms-win-core-processenvironment-l1-1-0.dll
0x0000000004f10000 - 0x0000000004f13000 	C:\Program Files\Java\jre1.8.0_151\bin\api-ms-win-core-processthreads-l1-1-0.dll
0x0000000004f20000 - 0x0000000004f23000 	C:\Program Files\Java\jre1.8.0_151\bin\api-ms-win-core-processthreads-l1-1-1.dll
0x0000000004f30000 - 0x0000000004f33000 	C:\Program Files\Java\jre1.8.0_151\bin\api-ms-win-core-profile-l1-1-0.dll
0x0000000004f50000 - 0x0000000004f53000 	C:\Program Files\Java\jre1.8.0_151\bin\api-ms-win-core-rtlsupport-l1-1-0.dll
0x0000000004f60000 - 0x0000000004f63000 	C:\Program Files\Java\jre1.8.0_151\bin\api-ms-win-core-string-l1-1-0.dll
0x0000000004f70000 - 0x0000000004f73000 	C:\Program Files\Java\jre1.8.0_151\bin\api-ms-win-core-synch-l1-1-0.dll
0x0000000004f80000 - 0x0000000004f83000 	C:\Program Files\Java\jre1.8.0_151\bin\api-ms-win-core-synch-l1-2-0.dll
0x000000001bc80000 - 0x000000001bc83000 	C:\Program Files\Java\jre1.8.0_151\bin\api-ms-win-core-sysinfo-l1-1-0.dll
0x000000001bc90000 - 0x000000001bc93000 	C:\Program Files\Java\jre1.8.0_151\bin\api-ms-win-core-timezone-l1-1-0.dll
0x000000001bca0000 - 0x000000001bca3000 	C:\Program Files\Java\jre1.8.0_151\bin\api-ms-win-core-util-l1-1-0.dll
0x000000001bcb0000 - 0x000000001bcb3000 	C:\Program Files\Java\jre1.8.0_151\bin\api-ms-win-crt-conio-l1-1-0.dll
0x000000001bcc0000 - 0x000000001bcc4000 	C:\Program Files\Java\jre1.8.0_151\bin\api-ms-win-crt-convert-l1-1-0.dll
0x000000001bcd0000 - 0x000000001bcd3000 	C:\Program Files\Java\jre1.8.0_151\bin\api-ms-win-crt-environment-l1-1-0.dll
0x000000001bce0000 - 0x000000001bce3000 	C:\Program Files\Java\jre1.8.0_151\bin\api-ms-win-crt-filesystem-l1-1-0.dll
0x000000001bcf0000 - 0x000000001bcf3000 	C:\Program Files\Java\jre1.8.0_151\bin\api-ms-win-crt-heap-l1-1-0.dll
0x000000001bd00000 - 0x000000001bd03000 	C:\Program Files\Java\jre1.8.0_151\bin\api-ms-win-crt-locale-l1-1-0.dll
0x000000001bd10000 - 0x000000001bd15000 	C:\Program Files\Java\jre1.8.0_151\bin\api-ms-win-crt-math-l1-1-0.dll
0x000000001bd20000 - 0x000000001bd25000 	C:\Program Files\Java\jre1.8.0_151\bin\api-ms-win-crt-multibyte-l1-1-0.dll
0x000000001bd30000 - 0x000000001bd40000 	C:\Program Files\Java\jre1.8.0_151\bin\api-ms-win-crt-private-l1-1-0.dll
0x000000001bd40000 - 0x000000001bd43000 	C:\Program Files\Java\jre1.8.0_151\bin\api-ms-win-crt-process-l1-1-0.dll
0x000000001bd50000 - 0x000000001bd54000 	C:\Program Files\Java\jre1.8.0_151\bin\api-ms-win-crt-runtime-l1-1-0.dll
0x000000001bd60000 - 0x000000001bd64000 	C:\Program Files\Java\jre1.8.0_151\bin\api-ms-win-crt-stdio-l1-1-0.dll
0x000000001bd70000 - 0x000000001bd74000 	C:\Program Files\Java\jre1.8.0_151\bin\api-ms-win-crt-string-l1-1-0.dll
0x000000001bd80000 - 0x000000001bd83000 	C:\Program Files\Java\jre1.8.0_151\bin\api-ms-win-crt-time-l1-1-0.dll
0x000000001bd90000 - 0x000000001bd93000 	C:\Program Files\Java\jre1.8.0_151\bin\api-ms-win-crt-utility-l1-1-0.dll
0x00007ff862de0000 - 0x00007ff862ed6000 	C:\Program Files\Java\jre1.8.0_151\bin\ucrtbase.dll
0x00007ff85c030000 - 0x00007ff85c081000 	C:\Program Files\Java\jre1.8.0_151\bin\concrt140.dll
0x00007ff859680000 - 0x00007ff85971c000 	C:\Program Files\Java\jre1.8.0_151\bin\MSVCP140.dll
0x00007ff865510000 - 0x00007ff865526000 	C:\Program Files\Java\jre1.8.0_151\bin\VCRUNTIME140.dll
0x00000000667f0000 - 0x0000000066813000 	C:\Program Files\Java\jre1.8.0_151\bin\prism_d3d.dll
0x00007ff848dc0000 - 0x00007ff848f55000 	C:\WINDOWS\system32\d3d9.dll
0x00007ff86de30000 - 0x00007ff86de5a000 	C:\WINDOWS\SYSTEM32\dwmapi.dll
0x00007ff86dd60000 - 0x00007ff86ddf5000 	C:\WINDOWS\system32\uxtheme.dll
0x00007ff8704f0000 - 0x00007ff8705b5000 	C:\WINDOWS\System32\OLEAUT32.dll
0x00007ff870f80000 - 0x00007ff8710c9000 	C:\WINDOWS\System32\ole32.dll
0x00000000667a0000 - 0x00000000667e9000 	C:\Program Files\Java\jre1.8.0_151\bin\glass.dll
0x00007ff8705c0000 - 0x00007ff8706ca000 	C:\WINDOWS\System32\COMDLG32.dll
0x00007ff872b80000 - 0x00007ff872ce7000 	C:\WINDOWS\System32\MSCTF.dll
0x0000000066780000 - 0x0000000066794000 	C:\Program Files\Java\jre1.8.0_151\bin\javafx_font.dll
0x00007ff84e800000 - 0x00007ff84eb0f000 	C:\WINDOWS\SYSTEM32\dwrite.dll
0x00000000677e0000 - 0x0000000067804000 	C:\Program Files\Java\jre1.8.0_151\bin\sunec.dll
0x0000000067830000 - 0x000000006784a000 	C:\Program Files\Java\jre1.8.0_151\bin\net.dll
0x00007ff86eaf0000 - 0x00007ff86eb56000 	C:\WINDOWS\system32\mswsock.dll
0x00007ff86e880000 - 0x00007ff86e8b9000 	C:\WINDOWS\SYSTEM32\IPHLPAPI.DLL
0x00007ff872ef0000 - 0x00007ff872ef8000 	C:\WINDOWS\System32\NSI.dll
0x00007ff869370000 - 0x00007ff869386000 	C:\WINDOWS\SYSTEM32\dhcpcsvc6.DLL
0x00007ff869550000 - 0x00007ff86956a000 	C:\WINDOWS\SYSTEM32\dhcpcsvc.DLL
0x0000000067810000 - 0x0000000067821000 	C:\Program Files\Java\jre1.8.0_151\bin\nio.dll
0x00007ff872db0000 - 0x00007ff872e4e000 	C:\WINDOWS\System32\clbcatq.dll
0x00007ff861340000 - 0x00007ff8614eb000 	C:\WINDOWS\SYSTEM32\WindowsCodecs.dll
0x00007ff85df20000 - 0x00007ff85df6f000 	C:\WINDOWS\system32\dataexchange.dll
0x00007ff86c7c0000 - 0x00007ff86caa1000 	C:\WINDOWS\system32\d3d11.dll
0x00007ff86d770000 - 0x00007ff86d8b2000 	C:\WINDOWS\system32\dcomp.dll
0x00007ff86e0e0000 - 0x00007ff86e18f000 	C:\WINDOWS\system32\dxgi.dll
0x00007ff86da60000 - 0x00007ff86dbdb000 	C:\WINDOWS\system32\twinapi.appcore.dll
0x00007ff86edc0000 - 0x00007ff86ede5000 	C:\WINDOWS\system32\bcrypt.dll
0x00007ff86dbe0000 - 0x00007ff86dc00000 	C:\WINDOWS\system32\RMCLIENT.dll
0x00007ff85c100000 - 0x00007ff85c134000 	C:\Program Files\Common Files\Microsoft Shared\Ink\rtscom.dll
0x00007ff860310000 - 0x00007ff8603a8000 	C:\WINDOWS\System32\TextInputFramework.dll
0x00007ff860020000 - 0x00007ff86030e000 	C:\WINDOWS\System32\CoreUIComponents.dll
0x00007ff86c6e0000 - 0x00007ff86c7bc000 	C:\WINDOWS\System32\CoreMessaging.dll
0x00007ff86e3d0000 - 0x00007ff86e401000 	C:\WINDOWS\SYSTEM32\ntmarta.dll
0x00007ff86bc80000 - 0x00007ff86bdb6000 	C:\WINDOWS\SYSTEM32\wintypes.dll
0x0000000066750000 - 0x0000000066773000 	C:\Program Files\Java\jre1.8.0_151\bin\javafx_iio.dll
0x0000000066730000 - 0x0000000066742000 	C:\Program Files\Java\jre1.8.0_151\bin\prism_common.dll
0x00007ff868cf0000 - 0x00007ff868eb8000 	C:\WINDOWS\SYSTEM32\dbghelp.dll

VM Arguments:
jvm_args: -Dfile.encoding=UTF-8 
java_command: com.jeeves.vpl.Main
java_class_path (initial): C:\Program Files\Java\jre1.8.0_151\lib\resources.jar;C:\Program Files\Java\jre1.8.0_151\lib\rt.jar;C:\Program Files\Java\jre1.8.0_151\lib\jsse.jar;C:\Program Files\Java\jre1.8.0_151\lib\jce.jar;C:\Program Files\Java\jre1.8.0_151\lib\charsets.jar;C:\Program Files\Java\jre1.8.0_151\lib\jfr.jar;C:\Program Files\Java\jre1.8.0_151\lib\ext\access-bridge-64.jar;C:\Program Files\Java\jre1.8.0_151\lib\ext\cldrdata.jar;C:\Program Files\Java\jre1.8.0_151\lib\ext\dnsns.jar;C:\Program Files\Java\jre1.8.0_151\lib\ext\dns_sd.jar;C:\Program Files\Java\jre1.8.0_151\lib\ext\jaccess.jar;C:\Program Files\Java\jre1.8.0_151\lib\ext\jfxrt.jar;C:\Program Files\Java\jre1.8.0_151\lib\ext\localedata.jar;C:\Program Files\Java\jre1.8.0_151\lib\ext\nashorn.jar;C:\Program Files\Java\jre1.8.0_151\lib\ext\sunec.jar;C:\Program Files\Java\jre1.8.0_151\lib\ext\sunjce_provider.jar;C:\Program Files\Java\jre1.8.0_151\lib\ext\sunmscapi.jar;C:\Program Files\Java\jre1.8.0_151\lib\ext\sunpkcs11.jar;C:\Program Files\Java\jre1.8.0_151\lib\ext\zipfs.jar;C:\Users\Cath\Documents\workspace\Jeeves\target\classes;C:\Users\Cath\Documents\workspace\Jeeves\poi-3.15.jar;C:\Users\Cath\Documents\workspace\Jeeves\commons-lang3-3.5.jar;C:\Users\Cath\Documents\workspace\Jeeves\controlsfx-8.40.12.jar;C:\Users\Cath\.m2\repository\commons-codec\commons-codec\1.9\commons-codec-1.9.jar;C:\Users\Cath\.m2\repository\commons-validator\commons-validator\1.4.1\commons-validator-1.4.1.jar;C:\Users\Cath\.m2\repository\commons-beanutils\commons-beanutils\1.8.3\commons-beanutils-1.8.3.jar;C:\Users\Cath\.m2\repository\commons-digester\commons-digester\1.8.1\commons-digester-1.8.1.jar;C:\Users\Cath\.m2\repository\commons-logging\commons-logging\1.2\commons-logging-1.2.jar;C:\Users\Cath\.m2\repository\commons-collections\commons-collections\3.2.1\commons-collections-3.2.1.jar;C:\Users\Cath\.m2\repository\org\apache\shiro\shiro-core\1.3.2\shiro-core-1.3.2.jar;C:\Users\Cath\.m2\repository\org\slf4j\slf4j-api\1.6.4\
Launcher Type: SUN_STANDARD

Environment Variables:
JAVA_HOME=C:\Program Files\Java\jdk1.8.0_151
PATH=C:/Program Files/Java/jre1.8.0_151/bin/server;C:/Program Files/Java/jre1.8.0_151/bin;C:/Program Files/Java/jre1.8.0_151/lib/amd64;C:\ProgramData\Oracle\Java\javapath;C:\WINDOWS\system32;C:\WINDOWS;C:\WINDOWS\System32\Wbem;C:\WINDOWS\System32\WindowsPowerShell\v1.0\;C:\Program Files\Git\cmd;C:\Program Files\Java\jdk1.8.0_151\bin;C:\Users\Cath\AppData\Local\Microsoft\WindowsApps;C:\MinGW\bin;C:\MinGW\msys\1.0\bin;;C:\Users\Cath\Desktop;
USERNAME=Cath
OS=Windows_NT
PROCESSOR_IDENTIFIER=Intel64 Family 6 Model 69 Stepping 1, GenuineIntel



---------------  S Y S T E M  ---------------

OS: Windows 10.0 , 64 bit Build 16299 (10.0.16299.15)

CPU:total 4 (initial active 4) (2 cores per cpu, 2 threads per core) family 6 model 69 stepping 1, cmov, cx8, fxsr, mmx, sse, sse2, sse3, ssse3, sse4.1, sse4.2, popcnt, avx, avx2, aes, clmul, erms, lzcnt, ht, tsc, tscinvbit, bmi1, bmi2

Memory: 4k page, physical 8317080k(1684448k free), swap 15691132k(2433104k free)

vm_info: Java HotSpot(TM) 64-Bit Server VM (25.151-b12) for windows-amd64 JRE (1.8.0_151-b12), built on Sep  5 2017 19:33:46 by "java_re" with MS VC++ 10.0 (VS2010)

time: Thu Jan 11 18:32:39 2018
elapsed time: 7 seconds (0d 0h 0m 7s)

