#
# A fatal error has been detected by the Java Runtime Environment:
#
#  EXCEPTION_ACCESS_VIOLATION (0xc0000005) at pc=0x000000005ab078b0, pid=4136, tid=0x0000000000002908
#
# JRE version: Java(TM) SE Runtime Environment (8.0_161-b12) (build 1.8.0_161-b12)
# Java VM: Java HotSpot(TM) 64-Bit Server VM (25.161-b12 mixed mode windows-amd64 compressed oops)
# Problematic frame:
# C  [glass.dll+0x278b0]
#
# Failed to write core dump. Minidumps are not enabled by default on client versions of Windows
#
# If you would like to submit a bug report, please visit:
#   http://bugreport.java.com/bugreport/crash.jsp
#

---------------  T H R E A D  ---------------

Current thread (0x0000000017ca7800):  VMThread [stack: 0x0000000018d30000,0x0000000018e30000] [id=10504]

siginfo: ExceptionCode=0xc0000005, reading address 0x0000000000000000

Registers:
RAX=0x0000000000000000, RBX=0x00000000031c2860, RCX=0x0000000017ca7800, RDX=0x000000005b35dc78
RSP=0x0000000018e2f100, RBP=0x00000000011a4458, RSI=0x00000000011a4430, RDI=0x000090d80e85b88f
R8 =0x0000000000010002, R9 =0x000000000000000f, R10=0x000090d80e85b88f, R11=0x0000000018e2f010
R12=0x0000000000000000, R13=0x0000000000000040, R14=0x0000000018e2f218, R15=0x00000000011a4430
RIP=0x000000005ab078b0, EFLAGS=0x0000000000010202

Top of Stack: (sp=0x0000000018e2f100)
0x0000000018e2f100:   0000000000000000 00007ffd9d49e52b
0x0000000018e2f110:   00000000011a4440 00000000011a4440
0x0000000018e2f120:   fffffffffffffffe 00000000011a4458
0x0000000018e2f130:   00000000011a4438 00007ffd9d497013
0x0000000018e2f140:   000000005ab1c1b0 00007ffd00000000
0x0000000018e2f150:   000091db051e9e51 0000000000000000
0x0000000018e2f160:   fffffffffffffffe 00007ffd9d4972ad
0x0000000018e2f170:   0000000000000001 000000005aae0000
0x0000000018e2f180:   0000000002f71638 000000005ab048dc
0x0000000018e2f190:   0000000018e2f208 00007ffd9d49da67
0x0000000018e2f1a0:   0000000000000000 0000000018e2f218
0x0000000018e2f1b0:   0000000017bb5400 00007ffd9d57b090
0x0000000018e2f1c0:   0000000000000000 00007ffd9d497204
0x0000000018e2f1d0:   0000000000000000 0000000000000001
0x0000000018e2f1e0:   0000000021b454d0 0000000018e2f208
0x0000000018e2f1f0:   0000000000000000 000000005ab04752 

Instructions: (pc=0x000000005ab078b0)
0x000000005ab07890:   40 53 48 83 ec 30 48 c7 44 24 20 fe ff ff ff 48
0x000000005ab078a0:   8b 1d 7a 72 01 00 48 85 db 74 16 e8 00 81 ff ff
0x000000005ab078b0:   4c 8b 00 48 8b d3 48 8b c8 41 ff 90 b0 00 00 00
0x000000005ab078c0:   90 48 83 c4 30 5b c3 cc cc cc cc cc cc cc cc cc 


Register to memory mapping:

RAX=0x0000000000000000 is an unknown value
RBX=0x00000000031c2860 is a global jni handle
RCX=0x0000000017ca7800 is an unknown value
RDX=0x000000005b35dc78 is an unknown value
RSP=0x0000000018e2f100 is an unknown value
RBP=0x00000000011a4458 is an unknown value
RSI=0x00000000011a4430 is an unknown value
RDI=0x000090d80e85b88f is an unknown value
R8 =0x0000000000010002 is an unknown value
R9 =0x000000000000000f is an unknown value
R10=0x000090d80e85b88f is an unknown value
R11=0x0000000018e2f010 is an unknown value
R12=0x0000000000000000 is an unknown value
R13=0x0000000000000040 is an unknown value
R14=0x0000000018e2f218 is an unknown value
R15=0x00000000011a4430 is an unknown value


Stack: [0x0000000018d30000,0x0000000018e30000],  sp=0x0000000018e2f100,  free space=1020k
Native frames: (J=compiled Java code, j=interpreted, Vv=VM code, C=native code)
C  [glass.dll+0x278b0]
C  [ucrtbase.dll+0x7013]
C  [ucrtbase.dll+0xda67]
C  [ucrtbase.dll+0x7204]
C  [glass.dll+0x24752]
C  [glass.dll+0x24850]
C  [ntdll.dll+0x34143]
C  [ntdll.dll+0x40af5]
C  [ntdll.dll+0x409b8]
C  [KERNEL32.DLL+0x1b19a]
C  [msvcr100.dll+0x20ccd]
V  [jvm.dll+0x212e95]
V  [jvm.dll+0x24c227]
V  [jvm.dll+0x24b4c6]
V  [jvm.dll+0x24b961]
V  [jvm.dll+0x24bb7e]
V  [jvm.dll+0x29cc4a]
C  [msvcr100.dll+0x21d9f]
C  [msvcr100.dll+0x21e3b]
C  [KERNEL32.DLL+0x13034]
C  [ntdll.dll+0x71551]

VM_Operation (0x000000001aabac40): Exit, mode: safepoint, requested by thread 0x0000000019e65000


---------------  P R O C E S S  ---------------

Java Threads: ( => current thread )
  0x0000000021b4f800 JavaThread "Prism Font Disposer" daemon [_thread_blocked, id=17688, stack(0x00000000241a0000,0x00000000242a0000)]
  0x0000000019f01800 JavaThread "JavaFX-Launcher" [_thread_blocked, id=13136, stack(0x0000000021810000,0x0000000021910000)]
  0x0000000019f01000 JavaThread "Thread-2" daemon [_thread_in_native, id=18232, stack(0x0000000021710000,0x0000000021810000)]
  0x0000000019e65000 JavaThread "JavaFX Application Thread" [_thread_blocked, id=9812, stack(0x000000001a9c0000,0x000000001aac0000)]
  0x0000000019e52800 JavaThread "Thread-1" daemon [_thread_blocked, id=12580, stack(0x000000001a8c0000,0x000000001a9c0000)]
  0x0000000019a03000 JavaThread "QuantumRenderer-0" daemon [_thread_blocked, id=15788, stack(0x000000001a640000,0x000000001a740000)]
  0x000000001964d800 JavaThread "Service Thread" daemon [_thread_blocked, id=18520, stack(0x0000000019a20000,0x0000000019b20000)]
  0x0000000017cf2800 JavaThread "C1 CompilerThread2" daemon [_thread_blocked, id=18356, stack(0x0000000019520000,0x0000000019620000)]
  0x0000000017ce8800 JavaThread "C2 CompilerThread1" daemon [_thread_blocked, id=17092, stack(0x0000000019420000,0x0000000019520000)]
  0x0000000017ce5800 JavaThread "C2 CompilerThread0" daemon [_thread_blocked, id=9640, stack(0x0000000019320000,0x0000000019420000)]
  0x0000000017ce4800 JavaThread "Attach Listener" daemon [_thread_blocked, id=8436, stack(0x0000000019220000,0x0000000019320000)]
  0x0000000017ce3000 JavaThread "Signal Dispatcher" daemon [_thread_blocked, id=19276, stack(0x0000000019120000,0x0000000019220000)]
  0x0000000017ccf000 JavaThread "Finalizer" daemon [_thread_blocked, id=18140, stack(0x0000000018f30000,0x0000000019030000)]
  0x00000000031e7000 JavaThread "Reference Handler" daemon [_thread_blocked, id=18676, stack(0x0000000018e30000,0x0000000018f30000)]
  0x00000000030f5800 JavaThread "main" [_thread_blocked, id=10268, stack(0x0000000002ff0000,0x00000000030f0000)]

Other Threads:
=>0x0000000017ca7800 VMThread [stack: 0x0000000018d30000,0x0000000018e30000] [id=10504]

VM state:at safepoint (shutting down)

VM Mutex/Monitor currently owned by a thread:  ([mutex/lock_event])
[0x00000000030f2dd0] Threads_lock - owner thread: 0x0000000017ca7800

Heap:
 PSYoungGen      total 53248K, used 34661K [0x00000000d6000000, 0x00000000db180000, 0x0000000100000000)
  eden space 49152K, 62% used [0x00000000d6000000,0x00000000d7e09480,0x00000000d9000000)
  from space 4096K, 95% used [0x00000000dad80000,0x00000000db150000,0x00000000db180000)
  to   space 13824K, 0% used [0x00000000d9680000,0x00000000d9680000,0x00000000da400000)
 ParOldGen       total 74240K, used 16851K [0x0000000082000000, 0x0000000086880000, 0x00000000d6000000)
  object space 74240K, 22% used [0x0000000082000000,0x0000000083074fa8,0x0000000086880000)
 Metaspace       used 25768K, capacity 27481K, committed 27648K, reserved 1073152K
  class space    used 3761K, capacity 4083K, committed 4096K, reserved 1048576K

Card table byte_map: [0x00000000125b0000,0x00000000129b0000] byte_map_base: 0x00000000121a0000

Marking Bits: (ParMarkBitMap*) 0x000000005b54f860
 Begin Bits: [0x0000000013050000, 0x0000000014fd0000)
 End Bits:   [0x0000000014fd0000, 0x0000000016f50000)

Polling page: 0x0000000002f00000

CodeCache: size=245760Kb used=12695Kb max_used=12695Kb free=233064Kb
 bounds [0x00000000031f0000, 0x0000000003e60000, 0x00000000121f0000]
 total_blobs=4778 nmethods=4049 adapters=638
 compilation: enabled

Compilation events (10 events):
Event: 4.695 Thread 0x0000000017cf2800 4079       2       java.util.WeakHashMap::entrySet (28 bytes)
Event: 4.695 Thread 0x0000000017cf2800 nmethod 4079 0x0000000003e4f250 code [0x0000000003e4f3a0, 0x0000000003e4f590]
Event: 4.695 Thread 0x0000000017cf2800 4080       2       java.util.WeakHashMap$EntrySet::iterator (13 bytes)
Event: 4.695 Thread 0x0000000017cf2800 nmethod 4080 0x0000000003e4f610 code [0x0000000003e4f780, 0x0000000003e4f988]
Event: 4.695 Thread 0x0000000017cf2800 4081       2       java.util.WeakHashMap$EntryIterator::<init> (6 bytes)
Event: 4.695 Thread 0x0000000017cf2800 nmethod 4081 0x0000000003e4fa50 code [0x0000000003e4fbc0, 0x0000000003e4fd48]
Event: 4.696 Thread 0x0000000017cf2800 4082       2       javafx.scene.Scene::getUserAgentStylesheet (22 bytes)
Event: 4.696 Thread 0x0000000017cf2800 nmethod 4082 0x0000000003e4fe10 code [0x0000000003e4ff80, 0x0000000003e50148]
Event: 4.703 Thread 0x0000000017cf2800 4083       1       java.util.logging.Logger::getName (5 bytes)
Event: 4.703 Thread 0x0000000017cf2800 nmethod 4083 0x0000000003e50210 code [0x0000000003e50360, 0x0000000003e50470]

GC Heap History (10 events):
Event: 2.030 GC heap before
{Heap before GC invocations=3 (full 0):
 PSYoungGen      total 37888K, used 37865K [0x00000000d6000000, 0x00000000d8a00000, 0x0000000100000000)
  eden space 32768K, 100% used [0x00000000d6000000,0x00000000d8000000,0x00000000d8000000)
  from space 5120K, 99% used [0x00000000d8500000,0x00000000d89fa5a0,0x00000000d8a00000)
  to   space 5120K, 0% used [0x00000000d8000000,0x00000000d8000000,0x00000000d8500000)
 ParOldGen       total 86016K, used 9118K [0x0000000082000000, 0x0000000087400000, 0x00000000d6000000)
  object space 86016K, 10% used [0x0000000082000000,0x00000000828e7a30,0x0000000087400000)
 Metaspace       used 18248K, capacity 18926K, committed 19072K, reserved 1064960K
  class space    used 2488K, capacity 2673K, committed 2688K, reserved 1048576K
Event: 2.036 GC heap after
Heap after GC invocations=3 (full 0):
 PSYoungGen      total 37888K, used 5097K [0x00000000d6000000, 0x00000000d8a00000, 0x0000000100000000)
  eden space 32768K, 0% used [0x00000000d6000000,0x00000000d6000000,0x00000000d8000000)
  from space 5120K, 99% used [0x00000000d8000000,0x00000000d84fa5a0,0x00000000d8500000)
  to   space 5120K, 0% used [0x00000000d8500000,0x00000000d8500000,0x00000000d8a00000)
 ParOldGen       total 86016K, used 12655K [0x0000000082000000, 0x0000000087400000, 0x00000000d6000000)
  object space 86016K, 14% used [0x0000000082000000,0x0000000082c5bfe8,0x0000000087400000)
 Metaspace       used 18248K, capacity 18926K, committed 19072K, reserved 1064960K
  class space    used 2488K, capacity 2673K, committed 2688K, reserved 1048576K
}
Event: 2.313 GC heap before
{Heap before GC invocations=4 (full 0):
 PSYoungGen      total 37888K, used 37865K [0x00000000d6000000, 0x00000000d8a00000, 0x0000000100000000)
  eden space 32768K, 100% used [0x00000000d6000000,0x00000000d8000000,0x00000000d8000000)
  from space 5120K, 99% used [0x00000000d8000000,0x00000000d84fa5a0,0x00000000d8500000)
  to   space 5120K, 0% used [0x00000000d8500000,0x00000000d8500000,0x00000000d8a00000)
 ParOldGen       total 86016K, used 12655K [0x0000000082000000, 0x0000000087400000, 0x00000000d6000000)
  object space 86016K, 14% used [0x0000000082000000,0x0000000082c5bfe8,0x0000000087400000)
 Metaspace       used 20121K, capacity 20982K, committed 21120K, reserved 1067008K
  class space    used 2855K, capacity 3089K, committed 3200K, reserved 1048576K
Event: 2.319 GC heap after
Heap after GC invocations=4 (full 0):
 PSYoungGen      total 37888K, used 4441K [0x00000000d6000000, 0x00000000daa00000, 0x0000000100000000)
  eden space 32768K, 0% used [0x00000000d6000000,0x00000000d6000000,0x00000000d8000000)
  from space 5120K, 86% used [0x00000000d8500000,0x00000000d8956750,0x00000000d8a00000)
  to   space 5120K, 0% used [0x00000000d8000000,0x00000000d8000000,0x00000000d8500000)
 ParOldGen       total 86016K, used 14377K [0x0000000082000000, 0x0000000087400000, 0x00000000d6000000)
  object space 86016K, 16% used [0x0000000082000000,0x0000000082e0a4f8,0x0000000087400000)
 Metaspace       used 20121K, capacity 20982K, committed 21120K, reserved 1067008K
  class space    used 2855K, capacity 3089K, committed 3200K, reserved 1048576K
}
Event: 2.424 GC heap before
{Heap before GC invocations=5 (full 0):
 PSYoungGen      total 37888K, used 19556K [0x00000000d6000000, 0x00000000daa00000, 0x0000000100000000)
  eden space 32768K, 46% used [0x00000000d6000000,0x00000000d6ec2a20,0x00000000d8000000)
  from space 5120K, 86% used [0x00000000d8500000,0x00000000d8956750,0x00000000d8a00000)
  to   space 5120K, 0% used [0x00000000d8000000,0x00000000d8000000,0x00000000d8500000)
 ParOldGen       total 86016K, used 14377K [0x0000000082000000, 0x0000000087400000, 0x00000000d6000000)
  object space 86016K, 16% used [0x0000000082000000,0x0000000082e0a4f8,0x0000000087400000)
 Metaspace       used 20339K, capacity 21233K, committed 21296K, reserved 1067008K
  class space    used 2902K, capacity 3137K, committed 3200K, reserved 1048576K
Event: 2.429 GC heap after
Heap after GC invocations=5 (full 0):
 PSYoungGen      total 37888K, used 4791K [0x00000000d6000000, 0x00000000dbb00000, 0x0000000100000000)
  eden space 32768K, 0% used [0x00000000d6000000,0x00000000d6000000,0x00000000d8000000)
  from space 5120K, 93% used [0x00000000d8000000,0x00000000d84adce0,0x00000000d8500000)
  to   space 13824K, 0% used [0x00000000dad80000,0x00000000dad80000,0x00000000dbb00000)
 ParOldGen       total 86016K, used 14385K [0x0000000082000000, 0x0000000087400000, 0x00000000d6000000)
  object space 86016K, 16% used [0x0000000082000000,0x0000000082e0c4f8,0x0000000087400000)
 Metaspace       used 20339K, capacity 21233K, committed 21296K, reserved 1067008K
  class space    used 2902K, capacity 3137K, committed 3200K, reserved 1048576K
}
Event: 2.429 GC heap before
{Heap before GC invocations=6 (full 1):
 PSYoungGen      total 37888K, used 4791K [0x00000000d6000000, 0x00000000dbb00000, 0x0000000100000000)
  eden space 32768K, 0% used [0x00000000d6000000,0x00000000d6000000,0x00000000d8000000)
  from space 5120K, 93% used [0x00000000d8000000,0x00000000d84adce0,0x00000000d8500000)
  to   space 13824K, 0% used [0x00000000dad80000,0x00000000dad80000,0x00000000dbb00000)
 ParOldGen       total 86016K, used 14385K [0x0000000082000000, 0x0000000087400000, 0x00000000d6000000)
  object space 86016K, 16% used [0x0000000082000000,0x0000000082e0c4f8,0x0000000087400000)
 Metaspace       used 20339K, capacity 21233K, committed 21296K, reserved 1067008K
  class space    used 2902K, capacity 3137K, committed 3200K, reserved 1048576K
Event: 2.469 GC heap after
Heap after GC invocations=6 (full 1):
 PSYoungGen      total 37888K, used 0K [0x00000000d6000000, 0x00000000dbb00000, 0x0000000100000000)
  eden space 32768K, 0% used [0x00000000d6000000,0x00000000d6000000,0x00000000d8000000)
  from space 5120K, 0% used [0x00000000d8000000,0x00000000d8000000,0x00000000d8500000)
  to   space 13824K, 0% used [0x00000000dad80000,0x00000000dad80000,0x00000000dbb00000)
 ParOldGen       total 74240K, used 16843K [0x0000000082000000, 0x0000000086880000, 0x00000000d6000000)
  object space 74240K, 22% used [0x0000000082000000,0x0000000083072fa8,0x0000000086880000)
 Metaspace       used 20339K, capacity 21233K, committed 21296K, reserved 1067008K
  class space    used 2902K, capacity 3137K, committed 3200K, reserved 1048576K
}
Event: 3.025 GC heap before
{Heap before GC invocations=7 (full 1):
 PSYoungGen      total 37888K, used 32768K [0x00000000d6000000, 0x00000000dbb00000, 0x0000000100000000)
  eden space 32768K, 100% used [0x00000000d6000000,0x00000000d8000000,0x00000000d8000000)
  from space 5120K, 0% used [0x00000000d8000000,0x00000000d8000000,0x00000000d8500000)
  to   space 13824K, 0% used [0x00000000dad80000,0x00000000dad80000,0x00000000dbb00000)
 ParOldGen       total 74240K, used 16843K [0x0000000082000000, 0x0000000086880000, 0x00000000d6000000)
  object space 74240K, 22% used [0x0000000082000000,0x0000000083072fa8,0x0000000086880000)
 Metaspace       used 23783K, capacity 25309K, committed 25472K, reserved 1071104K
  class space    used 3552K, capacity 3841K, committed 3968K, reserved 1048576K
Event: 3.030 GC heap after
Heap after GC invocations=7 (full 1):
 PSYoungGen      total 53248K, used 3904K [0x00000000d6000000, 0x00000000db180000, 0x0000000100000000)
  eden space 49152K, 0% used [0x00000000d6000000,0x00000000d6000000,0x00000000d9000000)
  from space 4096K, 95% used [0x00000000dad80000,0x00000000db150000,0x00000000db180000)
  to   space 13824K, 0% used [0x00000000d9680000,0x00000000d9680000,0x00000000da400000)
 ParOldGen       total 74240K, used 16851K [0x0000000082000000, 0x0000000086880000, 0x00000000d6000000)
  object space 74240K, 22% used [0x0000000082000000,0x0000000083074fa8,0x0000000086880000)
 Metaspace       used 23783K, capacity 25309K, committed 25472K, reserved 1071104K
  class space    used 3552K, capacity 3841K, committed 3968K, reserved 1048576K
}

Deoptimization events (10 events):
Event: 3.313 Thread 0x0000000019e65000 Uncommon trap: reason=bimorphic action=maybe_recompile pc=0x0000000003c9e720 method=com.sun.javafx.css.CompoundSelector.stateMatches(Ljavafx/css/Styleable;Ljava/util/Set;I)Z @ 160
Event: 3.319 Thread 0x0000000019e65000 Uncommon trap: reason=bimorphic action=maybe_recompile pc=0x0000000003c9e720 method=com.sun.javafx.css.CompoundSelector.stateMatches(Ljavafx/css/Styleable;Ljava/util/Set;I)Z @ 160
Event: 3.436 Thread 0x0000000019a03000 Uncommon trap: reason=bimorphic action=maybe_recompile pc=0x0000000003761d68 method=java.io.BufferedInputStream.read1([BII)I @ 39
Event: 3.437 Thread 0x0000000019a03000 Uncommon trap: reason=unstable_if action=reinterpret pc=0x0000000003761b98 method=java.io.BufferedInputStream.read1([BII)I @ 60
Event: 3.464 Thread 0x0000000019a03000 Uncommon trap: reason=unstable_if action=reinterpret pc=0x00000000038b0934 method=java.lang.Class.arrayContentsEq([Ljava/lang/Object;[Ljava/lang/Object;)Z @ 1
Event: 3.809 Thread 0x0000000019e65000 Uncommon trap: reason=unstable_if action=reinterpret pc=0x0000000003c07e1c method=com.sun.javafx.css.BitSet.retainAll(Ljava/util/Collection;)Z @ 89
Event: 3.811 Thread 0x0000000019e65000 Uncommon trap: reason=unstable_if action=reinterpret pc=0x0000000003d82468 method=java.lang.StrictMath.floorOrCeil(DDDD)D @ 24
Event: 3.827 Thread 0x0000000019e65000 Uncommon trap: reason=unstable_if action=reinterpret pc=0x0000000003c264e4 method=com.sun.javafx.css.BitSet.retainAll(Ljava/util/Collection;)Z @ 89
Event: 3.834 Thread 0x0000000019e65000 Uncommon trap: reason=unstable_if action=reinterpret pc=0x0000000003c715f0 method=javafx.scene.Node.impl_isDirtyEmpty()Z @ 4
Event: 3.894 Thread 0x0000000019e65000 Uncommon trap: reason=unstable_if action=reinterpret pc=0x00000000038828a8 method=jdk.internal.org.objectweb.asm.Type.getArgumentsAndReturnSizes(Ljava/lang/String;)I @ 47

Classes redefined (0 events):
No events

Internal exceptions (10 events):
Event: 2.120 Thread 0x0000000019e65000 Exception <a 'java/lang/ArrayIndexOutOfBoundsException': 57> (0x00000000d641c8c8) thrown at [C:\re\workspace\8-2-build-windows-amd64-cygwin\jdk8u161\10277\hotspot\src\share\vm\interpreter\interpreterRuntime.cpp, line 366]
Event: 2.295 Thread 0x0000000019e65000 Exception <a 'java/lang/NullPointerException'> (0x00000000d7c468a0) thrown at [C:\re\workspace\8-2-build-windows-amd64-cygwin\jdk8u161\10277\hotspot\src\share\vm\interpreter\linkResolver.cpp, line 1185]
Event: 2.332 Thread 0x0000000019e65000 Implicit null exception at 0x0000000003528c35 to 0x0000000003528e49
Event: 2.332 Thread 0x0000000019e65000 Implicit null exception at 0x000000000372923b to 0x0000000003729715
Event: 2.493 Thread 0x0000000019e65000 Exception <a 'java/lang/NullPointerException'> (0x00000000d63c4a80) thrown at [C:\re\workspace\8-2-build-windows-amd64-cygwin\jdk8u161\10277\hotspot\src\share\vm\interpreter\linkResolver.cpp, line 1185]
Event: 2.544 Thread 0x0000000019e65000 Exception <a 'java/lang/NullPointerException'> (0x00000000d6c2d528) thrown at [C:\re\workspace\8-2-build-windows-amd64-cygwin\jdk8u161\10277\hotspot\src\share\vm\interpreter\linkResolver.cpp, line 1185]
Event: 2.544 Thread 0x0000000019e65000 Exception <a 'java/lang/reflect/InvocationTargetException'> (0x00000000d6c2d730) thrown at [C:\re\workspace\8-2-build-windows-amd64-cygwin\jdk8u161\10277\hotspot\src\share\vm\runtime\reflection.cpp, line 1092]
Event: 3.127 Thread 0x0000000019e65000 Implicit null exception at 0x0000000003b4dc1b to 0x0000000003b4f589
Event: 3.464 Thread 0x0000000019a03000 Implicit null exception at 0x00000000038b05e3 to 0x00000000038b0901
Event: 4.702 Thread 0x000000002b277800 Exception <a 'java/lang/IllegalStateException'> (0x00000000d7d6ba78) thrown at [C:\re\workspace\8-2-build-windows-amd64-cygwin\jdk8u161\10277\hotspot\src\share\vm\prims\jvm.cpp, line 1394]

Events (10 events):
Event: 4.699 loading class java/util/IdentityHashMap$KeyIterator done
Event: 4.699 Thread 0x000000002b277800 Thread added: 0x000000002b277800
Event: 4.699 Thread 0x00000000264a9000 Thread added: 0x00000000264a9000
Event: 4.702 loading class com/sun/javafx/tk/quantum/QuantumRenderer
Event: 4.702 loading class com/sun/javafx/tk/quantum/QuantumRenderer done
Event: 4.702 loading class com/sun/javafx/tk/quantum/QuantumToolkit
Event: 4.702 loading class com/sun/javafx/tk/quantum/QuantumToolkit done
Event: 4.702 Thread 0x000000002b277800 Thread exited: 0x000000002b277800
Event: 4.717 Thread 0x00000000264a9000 Thread exited: 0x00000000264a9000
Event: 4.717 Executing VM operation: Exit


Dynamic libraries:
0x00007ff602410000 - 0x00007ff602447000 	C:\Program Files\Java\jdk1.8.0_161\bin\javaw.exe
0x00007ffda02a0000 - 0x00007ffda0481000 	C:\WINDOWS\SYSTEM32\ntdll.dll
0x00007ffd9f8f0000 - 0x00007ffd9f9a2000 	C:\WINDOWS\System32\KERNEL32.DLL
0x00007ffd9c8b0000 - 0x00007ffd9cb23000 	C:\WINDOWS\System32\KERNELBASE.dll
0x00007ffd9fd10000 - 0x00007ffd9fdb1000 	C:\WINDOWS\System32\ADVAPI32.dll
0x00007ffd9ffe0000 - 0x00007ffda007e000 	C:\WINDOWS\System32\msvcrt.dll
0x00007ffd9ec10000 - 0x00007ffd9ec6b000 	C:\WINDOWS\System32\sechost.dll
0x00007ffda0140000 - 0x00007ffda0264000 	C:\WINDOWS\System32\RPCRT4.dll
0x00007ffd9fb80000 - 0x00007ffd9fd10000 	C:\WINDOWS\System32\USER32.dll
0x00007ffd9d390000 - 0x00007ffd9d3b0000 	C:\WINDOWS\System32\win32u.dll
0x00007ffd9fdc0000 - 0x00007ffd9fde8000 	C:\WINDOWS\System32\GDI32.dll
0x00007ffd9d590000 - 0x00007ffd9d722000 	C:\WINDOWS\System32\gdi32full.dll
0x00007ffd9cb30000 - 0x00007ffd9cbcf000 	C:\WINDOWS\System32\msvcp_win.dll
0x00007ffd9d490000 - 0x00007ffd9d58a000 	C:\WINDOWS\System32\ucrtbase.dll
0x00007ffd92800000 - 0x00007ffd92a69000 	C:\WINDOWS\WinSxS\amd64_microsoft.windows.common-controls_6595b64144ccf1df_6.0.17134.48_none_b4b2216a3cb4dd3e\COMCTL32.dll
0x00007ffd9ec70000 - 0x00007ffd9ef93000 	C:\WINDOWS\System32\combase.dll
0x00007ffd9d3b0000 - 0x00007ffd9d42a000 	C:\WINDOWS\System32\bcryptPrimitives.dll
0x00007ffd9f9b0000 - 0x00007ffd9f9dd000 	C:\WINDOWS\System32\IMM32.DLL
0x000000005ab60000 - 0x000000005ac32000 	C:\Program Files\Java\jdk1.8.0_161\jre\bin\msvcr100.dll
0x000000005ad30000 - 0x000000005b5cf000 	C:\Program Files\Java\jdk1.8.0_161\jre\bin\server\jvm.dll
0x00007ffd9efa0000 - 0x00007ffd9efa8000 	C:\WINDOWS\System32\PSAPI.DLL
0x00007ffd8a250000 - 0x00007ffd8a259000 	C:\WINDOWS\SYSTEM32\WSOCK32.dll
0x00007ffd99620000 - 0x00007ffd99643000 	C:\WINDOWS\SYSTEM32\WINMM.dll
0x00007ffd9ff70000 - 0x00007ffd9ffdc000 	C:\WINDOWS\System32\WS2_32.dll
0x00007ffd99cb0000 - 0x00007ffd99cba000 	C:\WINDOWS\SYSTEM32\VERSION.dll
0x00007ffd99590000 - 0x00007ffd995ba000 	C:\WINDOWS\SYSTEM32\winmmbase.dll
0x00007ffd9c860000 - 0x00007ffd9c8a9000 	C:\WINDOWS\System32\cfgmgr32.dll
0x000000005ad20000 - 0x000000005ad2f000 	C:\Program Files\Java\jdk1.8.0_161\jre\bin\verify.dll
0x000000005acf0000 - 0x000000005ad19000 	C:\Program Files\Java\jdk1.8.0_161\jre\bin\java.dll
0x000000005acd0000 - 0x000000005ace6000 	C:\Program Files\Java\jdk1.8.0_161\jre\bin\zip.dll
0x00007ffd9d7d0000 - 0x00007ffd9ec10000 	C:\WINDOWS\System32\SHELL32.dll
0x00007ffda0080000 - 0x00007ffda0129000 	C:\WINDOWS\System32\shcore.dll
0x00007ffd9cbd0000 - 0x00007ffd9d2dd000 	C:\WINDOWS\System32\windows.storage.dll
0x00007ffd9efb0000 - 0x00007ffd9f001000 	C:\WINDOWS\System32\shlwapi.dll
0x00007ffd9c610000 - 0x00007ffd9c621000 	C:\WINDOWS\System32\kernel.appcore.dll
0x00007ffd9c650000 - 0x00007ffd9c66f000 	C:\WINDOWS\System32\profapi.dll
0x00007ffd9c5c0000 - 0x00007ffd9c60c000 	C:\WINDOWS\System32\powrprof.dll
0x00007ffd9c5b0000 - 0x00007ffd9c5ba000 	C:\WINDOWS\System32\FLTLIB.DLL
0x0000000002f80000 - 0x0000000002f83000 	C:\Program Files\Java\jdk1.8.0_161\jre\bin\api-ms-win-core-console-l1-1-0.dll
0x0000000002f90000 - 0x0000000002f93000 	C:\Program Files\Java\jdk1.8.0_161\jre\bin\api-ms-win-core-datetime-l1-1-0.dll
0x0000000002fa0000 - 0x0000000002fa3000 	C:\Program Files\Java\jdk1.8.0_161\jre\bin\api-ms-win-core-debug-l1-1-0.dll
0x0000000002fb0000 - 0x0000000002fb3000 	C:\Program Files\Java\jdk1.8.0_161\jre\bin\api-ms-win-core-errorhandling-l1-1-0.dll
0x0000000002fc0000 - 0x0000000002fc4000 	C:\Program Files\Java\jdk1.8.0_161\jre\bin\api-ms-win-core-file-l1-1-0.dll
0x0000000002fd0000 - 0x0000000002fd3000 	C:\Program Files\Java\jdk1.8.0_161\jre\bin\api-ms-win-core-file-l1-2-0.dll
0x0000000019c20000 - 0x0000000019c23000 	C:\Program Files\Java\jdk1.8.0_161\jre\bin\api-ms-win-core-file-l2-1-0.dll
0x0000000019c30000 - 0x0000000019c33000 	C:\Program Files\Java\jdk1.8.0_161\jre\bin\api-ms-win-core-handle-l1-1-0.dll
0x0000000019c40000 - 0x0000000019c43000 	C:\Program Files\Java\jdk1.8.0_161\jre\bin\api-ms-win-core-heap-l1-1-0.dll
0x0000000019c50000 - 0x0000000019c53000 	C:\Program Files\Java\jdk1.8.0_161\jre\bin\api-ms-win-core-interlocked-l1-1-0.dll
0x0000000019c60000 - 0x0000000019c63000 	C:\Program Files\Java\jdk1.8.0_161\jre\bin\api-ms-win-core-libraryloader-l1-1-0.dll
0x0000000019c70000 - 0x0000000019c73000 	C:\Program Files\Java\jdk1.8.0_161\jre\bin\api-ms-win-core-localization-l1-2-0.dll
0x0000000019c80000 - 0x0000000019c83000 	C:\Program Files\Java\jdk1.8.0_161\jre\bin\api-ms-win-core-memory-l1-1-0.dll
0x0000000019c90000 - 0x0000000019c93000 	C:\Program Files\Java\jdk1.8.0_161\jre\bin\api-ms-win-core-namedpipe-l1-1-0.dll
0x0000000019ca0000 - 0x0000000019ca3000 	C:\Program Files\Java\jdk1.8.0_161\jre\bin\api-ms-win-core-processenvironment-l1-1-0.dll
0x0000000019cb0000 - 0x0000000019cb3000 	C:\Program Files\Java\jdk1.8.0_161\jre\bin\api-ms-win-core-processthreads-l1-1-0.dll
0x0000000019cc0000 - 0x0000000019cc3000 	C:\Program Files\Java\jdk1.8.0_161\jre\bin\api-ms-win-core-processthreads-l1-1-1.dll
0x0000000019cd0000 - 0x0000000019cd3000 	C:\Program Files\Java\jdk1.8.0_161\jre\bin\api-ms-win-core-profile-l1-1-0.dll
0x0000000019ce0000 - 0x0000000019ce3000 	C:\Program Files\Java\jdk1.8.0_161\jre\bin\api-ms-win-core-rtlsupport-l1-1-0.dll
0x0000000019cf0000 - 0x0000000019cf3000 	C:\Program Files\Java\jdk1.8.0_161\jre\bin\api-ms-win-core-string-l1-1-0.dll
0x0000000019d00000 - 0x0000000019d03000 	C:\Program Files\Java\jdk1.8.0_161\jre\bin\api-ms-win-core-synch-l1-1-0.dll
0x0000000019d10000 - 0x0000000019d13000 	C:\Program Files\Java\jdk1.8.0_161\jre\bin\api-ms-win-core-synch-l1-2-0.dll
0x0000000019d20000 - 0x0000000019d23000 	C:\Program Files\Java\jdk1.8.0_161\jre\bin\api-ms-win-core-sysinfo-l1-1-0.dll
0x0000000019d30000 - 0x0000000019d33000 	C:\Program Files\Java\jdk1.8.0_161\jre\bin\api-ms-win-core-timezone-l1-1-0.dll
0x0000000019d40000 - 0x0000000019d43000 	C:\Program Files\Java\jdk1.8.0_161\jre\bin\api-ms-win-core-util-l1-1-0.dll
0x0000000019d50000 - 0x0000000019d53000 	C:\Program Files\Java\jdk1.8.0_161\jre\bin\api-ms-win-crt-conio-l1-1-0.dll
0x0000000019d60000 - 0x0000000019d64000 	C:\Program Files\Java\jdk1.8.0_161\jre\bin\api-ms-win-crt-convert-l1-1-0.dll
0x0000000019d70000 - 0x0000000019d73000 	C:\Program Files\Java\jdk1.8.0_161\jre\bin\api-ms-win-crt-environment-l1-1-0.dll
0x0000000019d80000 - 0x0000000019d83000 	C:\Program Files\Java\jdk1.8.0_161\jre\bin\api-ms-win-crt-filesystem-l1-1-0.dll
0x0000000019d90000 - 0x0000000019d93000 	C:\Program Files\Java\jdk1.8.0_161\jre\bin\api-ms-win-crt-heap-l1-1-0.dll
0x0000000019da0000 - 0x0000000019da3000 	C:\Program Files\Java\jdk1.8.0_161\jre\bin\api-ms-win-crt-locale-l1-1-0.dll
0x0000000019db0000 - 0x0000000019db5000 	C:\Program Files\Java\jdk1.8.0_161\jre\bin\api-ms-win-crt-math-l1-1-0.dll
0x0000000019dc0000 - 0x0000000019dc5000 	C:\Program Files\Java\jdk1.8.0_161\jre\bin\api-ms-win-crt-multibyte-l1-1-0.dll
0x0000000019dd0000 - 0x0000000019de0000 	C:\Program Files\Java\jdk1.8.0_161\jre\bin\api-ms-win-crt-private-l1-1-0.dll
0x0000000019de0000 - 0x0000000019de3000 	C:\Program Files\Java\jdk1.8.0_161\jre\bin\api-ms-win-crt-process-l1-1-0.dll
0x0000000019df0000 - 0x0000000019df4000 	C:\Program Files\Java\jdk1.8.0_161\jre\bin\api-ms-win-crt-runtime-l1-1-0.dll
0x0000000019e00000 - 0x0000000019e04000 	C:\Program Files\Java\jdk1.8.0_161\jre\bin\api-ms-win-crt-stdio-l1-1-0.dll
0x0000000019e10000 - 0x0000000019e14000 	C:\Program Files\Java\jdk1.8.0_161\jre\bin\api-ms-win-crt-string-l1-1-0.dll
0x0000000019e20000 - 0x0000000019e23000 	C:\Program Files\Java\jdk1.8.0_161\jre\bin\api-ms-win-crt-time-l1-1-0.dll
0x0000000019e30000 - 0x0000000019e33000 	C:\Program Files\Java\jdk1.8.0_161\jre\bin\api-ms-win-crt-utility-l1-1-0.dll
0x00007ffd6ed30000 - 0x00007ffd6ee26000 	C:\Program Files\Java\jdk1.8.0_161\jre\bin\ucrtbase.dll
0x00007ffd860b0000 - 0x00007ffd86101000 	C:\Program Files\Java\jdk1.8.0_161\jre\bin\concrt140.dll
0x00007ffd99a50000 - 0x00007ffd99afa000 	C:\WINDOWS\SYSTEM32\MSVCP140.dll
0x00007ffd99b00000 - 0x00007ffd99b16000 	C:\WINDOWS\SYSTEM32\VCRUNTIME140.dll
0x00007ffd97aa0000 - 0x00007ffd97ab6000 	C:\Program Files\Java\jdk1.8.0_161\jre\bin\vcruntime140.dll
0x00007ffd6fec0000 - 0x00007ffd6ff5c000 	C:\Program Files\Java\jdk1.8.0_161\jre\bin\msvcp140.dll
0x000000005ab30000 - 0x000000005ab53000 	C:\Program Files\Java\jdk1.8.0_161\jre\bin\prism_d3d.dll
0x00007ffd463b0000 - 0x00007ffd46547000 	C:\WINDOWS\system32\d3d9.dll
0x00007ffd9a9e0000 - 0x00007ffd9aa09000 	C:\WINDOWS\SYSTEM32\dwmapi.dll
0x00007ffd998d0000 - 0x00007ffd99968000 	C:\WINDOWS\system32\uxtheme.dll
0x00007ffd9f070000 - 0x00007ffd9f1c1000 	C:\WINDOWS\System32\ole32.dll
0x00007ffd9f1d0000 - 0x00007ffd9f292000 	C:\WINDOWS\System32\OLEAUT32.dll
0x000000005aae0000 - 0x000000005ab29000 	C:\Program Files\Java\jdk1.8.0_161\jre\bin\glass.dll
0x00007ffd9fe70000 - 0x00007ffd9ff5d000 	C:\WINDOWS\System32\COMDLG32.dll
0x00007ffd9f9e0000 - 0x00007ffd9fb55000 	C:\WINDOWS\System32\MSCTF.dll
0x000000005aac0000 - 0x000000005aad4000 	C:\Program Files\Java\jdk1.8.0_161\jre\bin\javafx_font.dll
0x00007ffd8b010000 - 0x00007ffd8b32c000 	C:\WINDOWS\SYSTEM32\dwrite.dll
0x000000005ac60000 - 0x000000005ac84000 	C:\Program Files\Java\jdk1.8.0_161\jre\bin\sunec.dll
0x000000005acb0000 - 0x000000005acca000 	C:\Program Files\Java\jdk1.8.0_161\jre\bin\net.dll
0x00007ffd9bad0000 - 0x00007ffd9bb36000 	C:\WINDOWS\system32\mswsock.dll
0x00007ffd9b850000 - 0x00007ffd9b888000 	C:\WINDOWS\SYSTEM32\IPHLPAPI.DLL
0x00007ffda0130000 - 0x00007ffda0138000 	C:\WINDOWS\System32\NSI.dll
0x00007ffd94fc0000 - 0x00007ffd94fd6000 	C:\WINDOWS\SYSTEM32\dhcpcsvc6.DLL
0x00007ffd959b0000 - 0x00007ffd959ca000 	C:\WINDOWS\SYSTEM32\dhcpcsvc.DLL
0x000000005ac90000 - 0x000000005aca1000 	C:\Program Files\Java\jdk1.8.0_161\jre\bin\nio.dll
0x00007ffd9d730000 - 0x00007ffd9d7d0000 	C:\WINDOWS\System32\clbcatq.dll
0x00007ffd964f0000 - 0x00007ffd9669e000 	C:\WINDOWS\SYSTEM32\WindowsCodecs.dll
0x00007ffd614f0000 - 0x00007ffd61548000 	C:\WINDOWS\system32\dataexchange.dll
0x00007ffd98460000 - 0x00007ffd9876b000 	C:\WINDOWS\system32\d3d11.dll
0x00007ffd98d40000 - 0x00007ffd98edc000 	C:\WINDOWS\system32\dcomp.dll
0x00007ffd9afe0000 - 0x00007ffd9b09b000 	C:\WINDOWS\system32\dxgi.dll
0x00007ffd9a820000 - 0x00007ffd9a9d8000 	C:\WINDOWS\system32\twinapi.appcore.dll
0x00007ffd9a770000 - 0x00007ffd9a791000 	C:\WINDOWS\system32\RMCLIENT.dll
0x00007ffd8cf80000 - 0x00007ffd8cfb4000 	C:\Program Files\Common Files\Microsoft Shared\Ink\rtscom.dll
0x00007ffd8ca60000 - 0x00007ffd8caf8000 	C:\WINDOWS\System32\TextInputFramework.dll
0x00007ffd95ef0000 - 0x00007ffd9620e000 	C:\WINDOWS\System32\CoreUIComponents.dll
0x00007ffd99220000 - 0x00007ffd992fa000 	C:\WINDOWS\System32\CoreMessaging.dll
0x00007ffd9b370000 - 0x00007ffd9b3a1000 	C:\WINDOWS\SYSTEM32\ntmarta.dll
0x00007ffd97720000 - 0x00007ffd9786d000 	C:\WINDOWS\SYSTEM32\wintypes.dll
0x000000005aa90000 - 0x000000005aab3000 	C:\Program Files\Java\jdk1.8.0_161\jre\bin\javafx_iio.dll
0x000000005aa70000 - 0x000000005aa82000 	C:\Program Files\Java\jdk1.8.0_161\jre\bin\prism_common.dll
0x00007ffd9c100000 - 0x00007ffd9c2c9000 	C:\WINDOWS\SYSTEM32\dbghelp.dll

VM Arguments:
jvm_args: -Dfile.encoding=UTF-8 
java_command: com.jeeves.vpl.Main
java_class_path (initial): C:\Program Files\Java\jdk1.8.0_161\jre\lib\resources.jar;C:\Program Files\Java\jdk1.8.0_161\jre\lib\rt.jar;C:\Program Files\Java\jdk1.8.0_161\jre\lib\jsse.jar;C:\Program Files\Java\jdk1.8.0_161\jre\lib\jce.jar;C:\Program Files\Java\jdk1.8.0_161\jre\lib\charsets.jar;C:\Program Files\Java\jdk1.8.0_161\jre\lib\jfr.jar;C:\Program Files\Java\jdk1.8.0_161\jre\lib\ext\access-bridge-64.jar;C:\Program Files\Java\jdk1.8.0_161\jre\lib\ext\cldrdata.jar;C:\Program Files\Java\jdk1.8.0_161\jre\lib\ext\dnsns.jar;C:\Program Files\Java\jdk1.8.0_161\jre\lib\ext\jaccess.jar;C:\Program Files\Java\jdk1.8.0_161\jre\lib\ext\jfxrt.jar;C:\Program Files\Java\jdk1.8.0_161\jre\lib\ext\localedata.jar;C:\Program Files\Java\jdk1.8.0_161\jre\lib\ext\nashorn.jar;C:\Program Files\Java\jdk1.8.0_161\jre\lib\ext\sunec.jar;C:\Program Files\Java\jdk1.8.0_161\jre\lib\ext\sunjce_provider.jar;C:\Program Files\Java\jdk1.8.0_161\jre\lib\ext\sunmscapi.jar;C:\Program Files\Java\jdk1.8.0_161\jre\lib\ext\sunpkcs11.jar;C:\Program Files\Java\jdk1.8.0_161\jre\lib\ext\zipfs.jar;C:\Users\danie\eclipse-workspace\Jeeves\target\classes;C:\Users\danie\eclipse-workspace\Jeeves\poi-3.15.jar;C:\Users\danie\eclipse-workspace\Jeeves\commons-lang3-3.5.jar;C:\Users\danie\eclipse-workspace\Jeeves\controlsfx-8.40.12.jar;C:\Users\danie\.m2\repository\commons-codec\commons-codec\1.9\commons-codec-1.9.jar;C:\Users\danie\.m2\repository\commons-validator\commons-validator\1.4.1\commons-validator-1.4.1.jar;C:\Users\danie\.m2\repository\commons-beanutils\commons-beanutils\1.8.3\commons-beanutils-1.8.3.jar;C:\Users\danie\.m2\repository\commons-digester\commons-digester\1.8.1\commons-digester-1.8.1.jar;C:\Users\danie\.m2\repository\commons-logging\commons-logging\1.2\commons-logging-1.2.jar;C:\Users\danie\.m2\repository\commons-collections\commons-collections\3.2.1\commons-collections-3.2.1.jar;C:\Users\danie\.m2\repository\org\apache\shiro\shiro-core\1.3.2\shiro-core-1.3.2.jar;C:\Users\danie\.m2\repository\org\
Launcher Type: SUN_STANDARD

Environment Variables:
JAVA_HOME=c:\program files\java\jdk1.8.0_161
PATH=C:/Program Files/Java/jdk1.8.0_161/bin/../jre/bin/server;C:/Program Files/Java/jdk1.8.0_161/bin/../jre/bin;C:/Program Files/Java/jdk1.8.0_161/bin/../jre/lib/amd64;C:\Program Files (x86)\Common Files\Oracle\Java\javapath;C:\ProgramData\Oracle\Java\javapath;C:\Program Files (x86)\Intel\Intel(R) Management Engine Components\iCLS\;C:\Program Files\Intel\Intel(R) Management Engine Components\iCLS\;C:\Windows\system32;C:\Windows;C:\Windows\System32\Wbem;C:\Windows\System32\WindowsPowerShell\v1.0\;C:\Program Files (x86)\Intel\Intel(R) Management Engine Components\DAL;C:\Program Files\Intel\Intel(R) Management Engine Components\DAL;C:\Program Files (x86)\Intel\Intel(R) Management Engine Components\IPT;C:\Program Files\Intel\Intel(R) Management Engine Components\IPT;C:\Program Files\Intel\WiFi\bin\;C:\Program Files\Common Files\Intel\WirelessCommon\;C:\Program Files (x86)\NVIDIA Corporation\PhysX\Common;C:\Python27;C:\Python27\Scripts;C:\Program Files\Git\cmd;C:\Program Files\Git\mingw64\bin;C:\Program Files\Git\usr\bin;C:\WINDOWS\system32;C:\WINDOWS;C:\WINDOWS\System32\Wbem;C:\WINDOWS\System32\WindowsPowerShell\v1.0\;C:\WINDOWS\System32\OpenSSH\;c:\jruby-9.1.8.0\bin;C:\Ruby24-x64\bin;C:\Users\danie\AppData\Local\Microsoft\WindowsApps;C:\Program Files\Heroku\bin;;C:\Users\danie\OneDrive\Desktop;
USERNAME=danie
OS=Windows_NT
PROCESSOR_IDENTIFIER=Intel64 Family 6 Model 158 Stepping 9, GenuineIntel



---------------  S Y S T E M  ---------------

OS: Windows 10.0 , 64 bit Build 17134 (10.0.17134.1)

CPU:total 4 (initial active 4) (4 cores per cpu, 1 threads per core) family 6 model 158 stepping 9, cmov, cx8, fxsr, mmx, sse, sse2, sse3, ssse3, sse4.1, sse4.2, popcnt, avx, avx2, aes, clmul, erms, 3dnowpref, lzcnt, tsc, tscinvbit, bmi1, bmi2, adx

Memory: 4k page, physical 8250724k(2120500k free), swap 15328612k(4604892k free)

vm_info: Java HotSpot(TM) 64-Bit Server VM (25.161-b12) for windows-amd64 JRE (1.8.0_161-b12), built on Dec 19 2017 17:52:25 by "java_re" with MS VC++ 10.0 (VS2010)

time: Fri Jun 15 00:22:38 2018
elapsed time: 5 seconds (0d 0h 0m 5s)

